2025-02-25 17:06:12,129 [INFO] Activator:176 - 


2025-02-25 17:06:12,135 [INFO] Activator:177 - !SESSION log4j initialized
2025-02-25 17:06:14,840 [ERROR] LogOutputStream:75 - [STDERR_REDIRECT] 
2025-02-25 17:06:15,328 [INFO] LogOutputStream:77 - [STDOUT_REDIRECT] 
2025-02-25 17:06:16,529 [INFO] LogOutputStream:77 - [STDOUT_REDIRECT] 
2025-02-25 17:06:18,382 [ERROR] LogOutputStream:75 - [STDERR_REDIRECT] [Fatal Error] :2:10: DOCTYPE is disallowed when the feature "http://apache.org/xml/features/disallow-doctype-decl" set to true.
2025-02-25 17:06:18,384 [ERROR] LogOutputStream:75 - [STDERR_REDIRECT] 
2025-02-25 17:06:18,396 [INFO] ApplicationProperties:184 - Using Application install path: /Applications/STM32CubeIDE.app/Contents/Eclipse/plugins/com.st.stm32cube.common.mx_6.13.0.202411220809
2025-02-25 17:06:18,403 [INFO] DbMcusXml:78 - Set database path to: /Applications/STM32CubeIDE.app/Contents/Eclipse/plugins/com.st.stm32cube.common.mx_6.13.0.202411220809//db//mcu/
2025-02-25 17:06:18,404 [INFO] ApiDb:274 - Set plugin database path to: /Applications/STM32CubeIDE.app/Contents/Eclipse/plugins/com.st.stm32cube.common.mx_6.13.0.202411220809//db//plugins/boardmanager/
2025-02-25 17:06:18,404 [WARN] ApiDb:259 - Overriding images path with different value:  => /Applications/STM32CubeIDE.app/Contents/Eclipse/plugins/com.st.stm32cube.common.mx_6.13.0.202411220809//db//plugins/mcufinder/images/
2025-02-25 17:06:18,408 [INFO] ApiDb:250 - Set database path to: /Users/mauricewashington/.stmcufinder/plugins/mcufinder//mcu/
2025-02-25 17:06:18,409 [INFO] DbMcusAds:125 - Set database path to: /Users/mauricewashington/.stmcufinder/plugins/mcufinder//mcu/
2025-02-25 17:06:18,410 [INFO] CrossReferenceDbSqlite:203 - Set database path to: /Users/mauricewashington/.stmcufinder/plugins/mcufinder//mcu/cs/
2025-02-25 17:06:18,503 [INFO] RulesReader:64 - Compatibility file has been processed (297 Rules)
2025-02-25 17:06:18,556 [INFO] DbMcusXml:78 - Set database path to: /Applications/STM32CubeIDE.app/Contents/Eclipse/plugins/com.st.stm32cube.common.mx_6.13.0.202411220809//db//mcu/
2025-02-25 17:06:18,556 [INFO] ApiDb:274 - Set plugin database path to: /Applications/STM32CubeIDE.app/Contents/Eclipse/plugins/com.st.stm32cube.common.mx_6.13.0.202411220809//db//plugins/boardmanager/
2025-02-25 17:06:18,556 [INFO] ApiDb:261 - Set plugin images path to: /Applications/STM32CubeIDE.app/Contents/Eclipse/plugins/com.st.stm32cube.common.mx_6.13.0.202411220809//db//plugins/mcufinder/images/
2025-02-25 17:06:18,557 [WARN] DbFile:41 - Overriding database path with different value: /Users/mauricewashington/.stmcufinder/plugins/mcufinder/ => /Users/mauricewashington/.stmcufinder/plugins/mcufinder
2025-02-25 17:06:18,557 [INFO] ApiDb:250 - Set database path to: /Users/mauricewashington/.stmcufinder/plugins/mcufinder//mcu/
2025-02-25 17:06:18,557 [WARN] DbFile:41 - Overriding database path with different value: /Users/mauricewashington/.stmcufinder/plugins/mcufinder/ => /Users/mauricewashington/.stmcufinder/plugins/mcufinder
2025-02-25 17:06:18,557 [INFO] DbMcusAds:125 - Set database path to: /Users/mauricewashington/.stmcufinder/plugins/mcufinder//mcu/
2025-02-25 17:06:18,557 [WARN] DbFile:41 - Overriding database path with different value: /Users/mauricewashington/.stmcufinder/plugins/mcufinder/ => /Users/mauricewashington/.stmcufinder/plugins/mcufinder
2025-02-25 17:06:18,557 [WARN] DbFile:41 - Overriding database path with different value: /Users/mauricewashington/.stmcufinder/plugins/mcufinder/ => /Users/mauricewashington/.stmcufinder/plugins/mcufinder
2025-02-25 17:06:18,557 [INFO] CrossReferenceDbSqlite:203 - Set database path to: /Users/mauricewashington/.stmcufinder/plugins/mcufinder//mcu/cs/
2025-02-25 17:06:18,600 [INFO] MainPanel:272 - HeapMemory: 310378496
2025-02-25 17:06:18,795 [INFO] DbMcusXml:78 - Set database path to: /Applications/STM32CubeIDE.app/Contents/Eclipse/plugins/com.st.stm32cube.common.mx_6.13.0.202411220809//db//mcu/
2025-02-25 17:06:18,795 [INFO] ApiDb:274 - Set plugin database path to: /Applications/STM32CubeIDE.app/Contents/Eclipse/plugins/com.st.stm32cube.common.mx_6.13.0.202411220809//db//plugins/boardmanager/
2025-02-25 17:06:18,795 [INFO] ApiDb:261 - Set plugin images path to: /Applications/STM32CubeIDE.app/Contents/Eclipse/plugins/com.st.stm32cube.common.mx_6.13.0.202411220809//db//plugins/mcufinder/images/
2025-02-25 17:06:18,795 [WARN] DbFile:41 - Overriding database path with different value: /Users/mauricewashington/.stmcufinder/plugins/mcufinder/ => /Users/mauricewashington/.stmcufinder/plugins/mcufinder
2025-02-25 17:06:18,795 [INFO] ApiDb:250 - Set database path to: /Users/mauricewashington/.stmcufinder/plugins/mcufinder//mcu/
2025-02-25 17:06:18,795 [WARN] DbFile:41 - Overriding database path with different value: /Users/mauricewashington/.stmcufinder/plugins/mcufinder/ => /Users/mauricewashington/.stmcufinder/plugins/mcufinder
2025-02-25 17:06:18,795 [INFO] DbMcusAds:125 - Set database path to: /Users/mauricewashington/.stmcufinder/plugins/mcufinder//mcu/
2025-02-25 17:06:18,795 [WARN] DbFile:41 - Overriding database path with different value: /Users/mauricewashington/.stmcufinder/plugins/mcufinder/ => /Users/mauricewashington/.stmcufinder/plugins/mcufinder
2025-02-25 17:06:18,795 [WARN] DbFile:41 - Overriding database path with different value: /Users/mauricewashington/.stmcufinder/plugins/mcufinder/ => /Users/mauricewashington/.stmcufinder/plugins/mcufinder
2025-02-25 17:06:18,795 [INFO] CrossReferenceDbSqlite:203 - Set database path to: /Users/mauricewashington/.stmcufinder/plugins/mcufinder//mcu/cs/
2025-02-25 17:06:18,809 [INFO] ApplicationProperties:184 - Using Application install path: /Applications/STM32CubeIDE.app/Contents/Eclipse/plugins/com.st.stm32cube.common.mx_6.13.0.202411220809
2025-02-25 17:06:18,809 [INFO] PluginManage:196 - Search for loadable plugins [exclusion list=, ]
2025-02-25 17:06:18,811 [INFO] PluginManage:310 - Check plugin analytics
2025-02-25 17:06:18,948 [INFO] AnalyticsPlugin:253 - Accepted Software Licenses: 
2025-02-25 17:06:18,949 [INFO] AnalyticsPlugin:255 - Accepted CMSIS Pack Licenses: 
2025-02-25 17:06:18,949 [INFO] AnalyticsPlugin:257 - Accepted Firmware Licenses: 
2025-02-25 17:06:18,958 [INFO] PluginManage:359 - Loaded plugin analytics (category:tool,tabindex:-1)
2025-02-25 17:06:18,961 [INFO] PluginManage:310 - Check plugin cadmodel
2025-02-25 17:06:18,972 [INFO] CADModel:105 - Init CAD model plugin
2025-02-25 17:06:18,972 [INFO] PluginManage:359 - Loaded plugin cadmodel (category:power,tabindex:5)
2025-02-25 17:06:18,972 [INFO] PluginManage:310 - Check plugin clock
2025-02-25 17:06:18,980 [INFO] PluginManage:359 - Loaded plugin clock (category:base,tabindex:2)
2025-02-25 17:06:18,980 [INFO] PluginManage:310 - Check plugin ddr
2025-02-25 17:06:18,980 [INFO] PluginManage:359 - Loaded plugin ddr (category:tool,tabindex:6)
2025-02-25 17:06:18,980 [INFO] PluginManage:310 - Check plugin filemanager
2025-02-25 17:06:19,098 [INFO] PluginManage:359 - Loaded plugin filemanager (category:base,tabindex:10)
2025-02-25 17:06:19,099 [INFO] PluginManage:310 - Check plugin ipmanager
2025-02-25 17:06:19,107 [INFO] PluginManage:359 - Loaded plugin ipmanager (category:base,tabindex:5)
2025-02-25 17:06:19,107 [INFO] PluginManage:310 - Check plugin lpbam
2025-02-25 17:06:19,117 [INFO] PluginManage:359 - Loaded plugin lpbam (category:base,tabindex:0)
2025-02-25 17:06:19,117 [INFO] PluginManage:310 - Check plugin memorymap
2025-02-25 17:06:19,123 [INFO] PluginManage:359 - Loaded plugin memorymap (category:base,tabindex:4)
2025-02-25 17:06:19,124 [INFO] PluginManage:310 - Check plugin pinoutandconfiguration
2025-02-25 17:06:19,128 [INFO] PluginManage:359 - Loaded plugin pinoutandconfiguration (category:base,tabindex:1)
2025-02-25 17:06:19,128 [INFO] PluginManage:310 - Check plugin pinoutconfig
2025-02-25 17:06:19,187 [WARN] SupportedApi:132 - Cannot load RTOS API schema: s4s-elt-must-match.1: The content of 'definitions' must match (annotation?, (simpleType | complexType)?, (unique | key | keyref)*)). A problem was found starting at: attribute.
2025-02-25 17:06:19,288 [INFO] PluginManage:359 - Loaded plugin pinoutconfig (category:base,tabindex:0)
2025-02-25 17:06:19,289 [INFO] PluginManage:310 - Check plugin power
2025-02-25 17:06:19,419 [INFO] PluginManage:359 - Loaded plugin power (category:power,tabindex:4)
2025-02-25 17:06:19,424 [INFO] PluginManage:310 - Check plugin projectmanager
2025-02-25 17:06:19,567 [INFO] PluginManage:359 - Loaded plugin projectmanager (category:projectmanager,tabindex:4)
2025-02-25 17:06:19,569 [INFO] PluginManage:310 - Check plugin rif
2025-02-25 17:06:19,576 [INFO] PluginManage:359 - Loaded plugin rif (category:base,tabindex:3)
2025-02-25 17:06:19,577 [INFO] PluginManage:310 - Check plugin thirdparty
2025-02-25 17:06:19,706 [INFO] PluginManage:359 - Loaded plugin thirdparty (category:base,tabindex:-1)
2025-02-25 17:06:19,706 [INFO] PluginManage:310 - Check plugin tools
2025-02-25 17:06:19,710 [INFO] PluginManage:359 - Loaded plugin tools (category:base,tabindex:7)
2025-02-25 17:06:19,710 [INFO] PluginManage:310 - Check plugin tutovideos
2025-02-25 17:06:19,706 [WARN] IntegrityCheckThread:84 - waiting for thirdparty lock release [integrity check]
2025-02-25 17:06:19,712 [INFO] IntegrityCheckThread:86 - entering critical section [integrity check]
2025-02-25 17:06:19,713 [INFO] ThirdPartyUpdaterWithRetryManager:70 - Updater plugin not ready yet. [1/15]
2025-02-25 17:06:19,882 [INFO] PluginManage:359 - Loaded plugin tutovideos (category:base,tabindex:-1)
2025-02-25 17:06:19,882 [INFO] PluginManage:310 - Check plugin updater
2025-02-25 17:06:19,901 [INFO] PluginManage:359 - Loaded plugin updater (category:base,tabindex:12)
2025-02-25 17:06:19,901 [INFO] PluginManage:310 - Check plugin userauth
2025-02-25 17:06:19,904 [INFO] UserAuth:118 - Init User Auth plugin
2025-02-25 17:06:19,905 [INFO] PluginManage:359 - Loaded plugin userauth (category:base,tabindex:14)
2025-02-25 17:06:19,906 [INFO] PluginManage:283 - PluginManage : Loaded plugins [18]
2025-02-25 17:06:20,080 [INFO] PinOutPanel:1589 - setPackage(No Configuration,No Configuration)
2025-02-25 17:06:20,126 [INFO] CADModel:165 - CPN selected for project level
2025-02-25 17:06:20,127 [INFO] CADModel:114 - Register for checkConnection events
2025-02-25 17:06:20,134 [INFO] IPUIPlugin:80 - create IPUIPlugin
2025-02-25 17:06:20,134 [INFO] PluginManager:220 - loadIPPluginJar : add mdma
2025-02-25 17:06:20,137 [INFO] IPUIPlugin:80 - create IPUIPlugin
2025-02-25 17:06:20,137 [INFO] PluginManager:220 - loadIPPluginJar : add freertos
2025-02-25 17:06:20,139 [INFO] IPUIPlugin:80 - create IPUIPlugin
2025-02-25 17:06:20,139 [INFO] PluginManager:220 - loadIPPluginJar : add gic
2025-02-25 17:06:20,143 [INFO] IPUIPlugin:80 - create IPUIPlugin
2025-02-25 17:06:20,143 [INFO] PluginManager:220 - loadIPPluginJar : add adc
2025-02-25 17:06:20,144 [INFO] IPUIPlugin:80 - create IPUIPlugin
2025-02-25 17:06:20,144 [INFO] PluginManager:220 - loadIPPluginJar : add gtzc
2025-02-25 17:06:20,145 [INFO] IPUIPlugin:80 - create IPUIPlugin
2025-02-25 17:06:20,145 [INFO] PluginManager:220 - loadIPPluginJar : add quadspi
2025-02-25 17:06:20,145 [INFO] IPUIPlugin:80 - create IPUIPlugin
2025-02-25 17:06:20,145 [INFO] PluginManager:220 - loadIPPluginJar : add aes
2025-02-25 17:06:20,146 [INFO] IPUIPlugin:80 - create IPUIPlugin
2025-02-25 17:06:20,146 [INFO] PluginManager:220 - loadIPPluginJar : add pdm2pcm
2025-02-25 17:06:20,146 [INFO] IPUIPlugin:80 - create IPUIPlugin
2025-02-25 17:06:20,147 [INFO] PluginManager:220 - loadIPPluginJar : add hash
2025-02-25 17:06:20,147 [INFO] IPUIPlugin:80 - create IPUIPlugin
2025-02-25 17:06:20,147 [INFO] PluginManager:220 - loadIPPluginJar : add tim
2025-02-25 17:06:20,147 [INFO] IPUIPlugin:80 - create IPUIPlugin
2025-02-25 17:06:20,147 [INFO] PluginManager:220 - loadIPPluginJar : add tsc
2025-02-25 17:06:20,149 [INFO] IPUIPlugin:80 - create IPUIPlugin
2025-02-25 17:06:20,149 [INFO] PluginManager:220 - loadIPPluginJar : add extmemmanager
2025-02-25 17:06:20,149 [INFO] IPUIPlugin:80 - create IPUIPlugin
2025-02-25 17:06:20,149 [INFO] PluginManager:220 - loadIPPluginJar : add ts
2025-02-25 17:06:20,150 [INFO] IPUIPlugin:80 - create IPUIPlugin
2025-02-25 17:06:20,150 [INFO] PluginManager:220 - loadIPPluginJar : add radio
2025-02-25 17:06:20,151 [INFO] IPUIPlugin:80 - create IPUIPlugin
2025-02-25 17:06:20,151 [INFO] PluginManager:220 - loadIPPluginJar : add can
2025-02-25 17:06:20,151 [INFO] IPUIPlugin:80 - create IPUIPlugin
2025-02-25 17:06:20,151 [INFO] PluginManager:220 - loadIPPluginJar : add dma3
2025-02-25 17:06:20,152 [INFO] IPUIPlugin:80 - create IPUIPlugin
2025-02-25 17:06:20,152 [INFO] PluginManager:220 - loadIPPluginJar : add dfsdm
2025-02-25 17:06:20,153 [INFO] IPUIPlugin:80 - create IPUIPlugin
2025-02-25 17:06:20,153 [INFO] PluginManager:220 - loadIPPluginJar : add spi
2025-02-25 17:06:20,154 [INFO] IPUIPlugin:80 - create IPUIPlugin
2025-02-25 17:06:20,154 [INFO] PluginManager:220 - loadIPPluginJar : add gfxmmu
2025-02-25 17:06:20,154 [INFO] IPUIPlugin:80 - create IPUIPlugin
2025-02-25 17:06:20,154 [INFO] PluginManager:220 - loadIPPluginJar : add genericplugin
2025-02-25 17:06:20,155 [INFO] IPUIPlugin:80 - create IPUIPlugin
2025-02-25 17:06:20,156 [INFO] PluginManager:220 - loadIPPluginJar : add cryp
2025-02-25 17:06:20,157 [INFO] IPUIPlugin:80 - create IPUIPlugin
2025-02-25 17:06:20,157 [INFO] PluginManager:220 - loadIPPluginJar : add gpio
2025-02-25 17:06:20,158 [INFO] IPUIPlugin:80 - create IPUIPlugin
2025-02-25 17:06:20,158 [INFO] PluginManager:220 - loadIPPluginJar : add ddr_ctrl_phy
2025-02-25 17:06:20,159 [INFO] IPUIPlugin:80 - create IPUIPlugin
2025-02-25 17:06:20,159 [INFO] PluginManager:220 - loadIPPluginJar : add comp
2025-02-25 17:06:20,160 [INFO] IPUIPlugin:80 - create IPUIPlugin
2025-02-25 17:06:20,161 [INFO] PluginManager:220 - loadIPPluginJar : add tracer_emb
2025-02-25 17:06:20,162 [INFO] IPUIPlugin:80 - create IPUIPlugin
2025-02-25 17:06:20,162 [INFO] PluginManager:220 - loadIPPluginJar : add openamp
2025-02-25 17:06:20,163 [INFO] IPUIPlugin:80 - create IPUIPlugin
2025-02-25 17:06:20,163 [INFO] PluginManager:220 - loadIPPluginJar : add stm32_wpan
2025-02-25 17:06:20,165 [INFO] IPUIPlugin:80 - create IPUIPlugin
2025-02-25 17:06:20,168 [INFO] PluginManager:220 - loadIPPluginJar : add plateformsettings
2025-02-25 17:06:20,170 [INFO] IPUIPlugin:80 - create IPUIPlugin
2025-02-25 17:06:20,170 [INFO] PluginManager:220 - loadIPPluginJar : add ipddr
2025-02-25 17:06:20,171 [INFO] IPUIPlugin:80 - create IPUIPlugin
2025-02-25 17:06:20,171 [INFO] PluginManager:220 - loadIPPluginJar : add usart
2025-02-25 17:06:20,172 [INFO] IPUIPlugin:80 - create IPUIPlugin
2025-02-25 17:06:20,172 [INFO] PluginManager:220 - loadIPPluginJar : add ltdc
2025-02-25 17:06:20,173 [INFO] IPUIPlugin:80 - create IPUIPlugin
2025-02-25 17:06:20,173 [INFO] PluginManager:220 - loadIPPluginJar : add nvic
2025-02-25 17:06:20,174 [INFO] IPUIPlugin:80 - create IPUIPlugin
2025-02-25 17:06:20,174 [INFO] PluginManager:220 - loadIPPluginJar : add fatfs
2025-02-25 17:06:20,177 [INFO] IPUIPlugin:80 - create IPUIPlugin
2025-02-25 17:06:20,177 [INFO] PluginManager:220 - loadIPPluginJar : add linkedlist
2025-02-25 17:06:20,179 [INFO] IPUIPlugin:80 - create IPUIPlugin
2025-02-25 17:06:20,179 [INFO] PluginManager:220 - loadIPPluginJar : add dma
2025-02-25 17:06:20,180 [INFO] IPUIPlugin:80 - create IPUIPlugin
2025-02-25 17:06:20,180 [INFO] PluginManager:220 - loadIPPluginJar : add fmc
2025-02-25 17:06:20,181 [INFO] IPUIPlugin:80 - create IPUIPlugin
2025-02-25 17:06:20,181 [INFO] PluginManager:220 - loadIPPluginJar : add i2s
2025-02-25 17:06:20,181 [INFO] IPUIPlugin:80 - create IPUIPlugin
2025-02-25 17:06:20,181 [INFO] PluginManager:220 - loadIPPluginJar : add ucpd
2025-02-25 17:06:20,182 [INFO] IPUIPlugin:80 - create IPUIPlugin
2025-02-25 17:06:20,182 [INFO] PluginManager:220 - loadIPPluginJar : add lorawan
2025-02-25 17:06:20,182 [INFO] IPUIPlugin:80 - create IPUIPlugin
2025-02-25 17:06:20,182 [INFO] PluginManager:220 - loadIPPluginJar : add opamp
2025-02-25 17:06:20,183 [INFO] IPUIPlugin:80 - create IPUIPlugin
2025-02-25 17:06:20,184 [INFO] PluginManager:220 - loadIPPluginJar : add i3c
2025-02-25 17:06:20,184 [INFO] IPUIPlugin:80 - create IPUIPlugin
2025-02-25 17:06:20,185 [INFO] PluginManager:220 - loadIPPluginJar : add touchsensing
2025-02-25 17:06:20,186 [INFO] IPUIPlugin:80 - create IPUIPlugin
2025-02-25 17:06:20,186 [INFO] PluginManager:220 - loadIPPluginJar : add i2c
2025-02-25 17:06:20,187 [INFO] IPUIPlugin:80 - create IPUIPlugin
2025-02-25 17:06:20,187 [INFO] PluginManager:220 - loadIPPluginJar : add resmgrutility
2025-02-25 17:06:20,188 [INFO] IPUIPlugin:80 - create IPUIPlugin
2025-02-25 17:06:20,188 [INFO] PluginManager:220 - loadIPPluginJar : add sai
2025-02-25 17:06:20,189 [INFO] IPUIPlugin:80 - create IPUIPlugin
2025-02-25 17:06:20,189 [INFO] PluginManager:220 - loadIPPluginJar : add usbx
2025-02-25 17:06:20,295 [FATAL] Updater:351 - Updater called before beeing initialized
2025-02-25 17:06:20,365 [INFO] RulesReader:64 - Compatibility file has been processed (297 Rules)
2025-02-25 17:06:20,388 [INFO] RulesReader:64 - Compatibility file has been processed (297 Rules)
2025-02-25 17:06:20,402 [INFO] CADModel:165 - CPN selected for project level
2025-02-25 17:06:20,402 [INFO] CADModel:114 - Register for checkConnection events
2025-02-25 17:06:20,402 [FATAL] Updater:351 - Updater called before beeing initialized
2025-02-25 17:06:20,402 [ERROR] CADModel:125 - Updater not yet initialized, retry later 
2025-02-25 17:06:20,921 [FATAL] Updater:351 - Updater called before beeing initialized
2025-02-25 17:06:20,922 [INFO] CADModel:165 - CPN selected for project level
2025-02-25 17:06:20,923 [INFO] CADModel:114 - Register for checkConnection events
2025-02-25 17:06:20,923 [FATAL] Updater:351 - Updater called before beeing initialized
2025-02-25 17:06:20,923 [ERROR] CADModel:125 - Updater not yet initialized, retry later 
2025-02-25 17:06:20,925 [FATAL] Updater:351 - Updater called before beeing initialized
2025-02-25 17:06:21,031 [FATAL] Updater:351 - Updater called before beeing initialized
2025-02-25 17:06:21,034 [INFO] DbMcusAds:53 - JSON generation date=Tue Dec 17 08:01:15 PST 2024 (1734451275111)
2025-02-25 17:06:21,034 [FATAL] Updater:351 - Updater called before beeing initialized
2025-02-25 17:06:21,070 [WARN] DetailPanel:346 - Failed to get advertising image, set to default
2025-02-25 17:06:21,211 [FATAL] Updater:351 - Updater called before beeing initialized
2025-02-25 17:06:21,213 [FATAL] Updater:351 - Updater called before beeing initialized
2025-02-25 17:06:21,213 [FATAL] Updater:351 - Updater called before beeing initialized
2025-02-25 17:06:21,213 [WARN] DetailPanel:346 - Failed to get advertising image, set to default
2025-02-25 17:06:21,214 [FATAL] Updater:351 - Updater called before beeing initialized
2025-02-25 17:06:21,258 [ERROR] Updater:1198 - MainUpdater not yet initialized. External WinMGr cannot be set.
2025-02-25 17:06:21,284 [INFO] Updater:1134 - Updater Version found : 6.13.0
2025-02-25 17:06:21,293 [INFO] ApplicationProperties:184 - Using Application install path: /Applications/STM32CubeIDE.app/Contents/Eclipse/plugins/com.st.stm32cube.common.mx_6.13.0.202411220809
2025-02-25 17:06:21,531 [INFO] MainUpdater:2872 - connection check result : 10
2025-02-25 17:06:21,532 [INFO] MainUpdater:289 - Updater Check For Update Now.
2025-02-25 17:06:21,532 [INFO] MicroXplorer:498 - Change Database Version : DB.6.0.130
2025-02-25 17:06:21,534 [INFO] McuFinderGlobals:63 - Set McuFinder mode to 2 (CubeIDE integrated)
2025-02-25 17:06:21,535 [INFO] UserAuth:171 - activating auth plugin
2025-02-25 17:06:21,545 [INFO] UserAuth:486 - Internet connection configuration mode: 1
2025-02-25 17:06:21,553 [INFO] JxBrowserEngine:152 - Initiate JxBrowser Engine with user profile folder
2025-02-25 17:06:21,770 [INFO] CheckServerUpdateThread:120 - End of CheckServer Thread
2025-02-25 17:06:22,843 [WARN] PackLoader:240 - Cannot read IP mode file for STMicroelectronics.FP-SNS-MOTENVWB1.1.4.0
2025-02-25 17:06:22,859 [WARN] PackLoader:240 - Cannot read IP mode file for STMicroelectronics.FP-ATR-ASTRA1.2.0.1
2025-02-25 17:06:22,870 [WARN] PackLoader:240 - Cannot read IP mode file for STMicroelectronics.X-CUBE-SMBUS.2.1.0
2025-02-25 17:06:22,877 [WARN] PackLoader:240 - Cannot read IP mode file for STMicroelectronics.X-CUBE-WB05N.1.1.0
2025-02-25 17:06:22,924 [WARN] PackLoader:240 - Cannot read IP mode file for STMicroelectronics.X-CUBE-AZRTOS-F7.1.1.0
2025-02-25 17:06:22,944 [WARN] PackLoader:240 - Cannot read IP mode file for STMicroelectronics.FP-SNS-FLIGHT1.5.0.2
2025-02-25 17:06:22,992 [WARN] PackLoader:240 - Cannot read IP mode file for Infineon.AIROC-Wi-Fi-Bluetooth-STM32.1.7.0
2025-02-25 17:06:23,026 [WARN] PackLoader:240 - Cannot read IP mode file for STMicroelectronics.X-CUBE-DISPLAY.3.0.0
2025-02-25 17:06:23,046 [WARN] PackLoader:240 - Cannot read IP mode file for STMicroelectronics.X-CUBE-BLE1.7.0.0
2025-02-25 17:06:23,072 [WARN] PackLoader:240 - Cannot read IP mode file for STMicroelectronics.X-CUBE-NFC10.1.0.0
2025-02-25 17:06:23,105 [WARN] PackLoader:240 - Cannot read IP mode file for STMicroelectronics.X-CUBE-BLEMGR.4.0.0
2025-02-25 17:06:23,128 [WARN] PackLoader:240 - Cannot read IP mode file for emotas.I-CUBE-CANOPEN.1.3.0
2025-02-25 17:06:23,137 [WARN] PackLoader:240 - Cannot read IP mode file for STMicroelectronics.X-CUBE-AI.10.0.0
2025-02-25 17:06:23,143 [WARN] PackLoader:240 - Cannot read IP mode file for STMicroelectronics.FP-SNS-SMARTAG2.1.2.0
2025-02-25 17:06:23,217 [WARN] PackLoader:240 - Cannot read IP mode file for STMicroelectronics.X-CUBE-MEMS1.11.1.0
2025-02-25 17:06:23,318 [INFO] LogOutputStream:77 - [STDOUT_REDIRECT] 1 : Invalid condition id : UX_CORESTACK_Condition cause : null
2025-02-25 17:06:23,319 [INFO] LogOutputStream:77 - [STDOUT_REDIRECT] 1 : Invalid condition id : UX_CORESTACK_Condition cause : null
2025-02-25 17:06:23,320 [INFO] LogOutputStream:77 - [STDOUT_REDIRECT] 1 : Invalid condition id : UX_CORESTACK_Condition cause : null
2025-02-25 17:06:23,321 [INFO] LogOutputStream:77 - [STDOUT_REDIRECT] 1 : Invalid condition id : UX_CORESTACK_Condition cause : null
2025-02-25 17:06:23,322 [INFO] LogOutputStream:77 - [STDOUT_REDIRECT] 1 : Invalid condition id : UX_CORESTACK_Condition cause : null
2025-02-25 17:06:23,326 [WARN] PackLoader:240 - Cannot read IP mode file for STMicroelectronics.X-CUBE-AZRTOS-WL.2.0.0
2025-02-25 17:06:23,340 [WARN] PackLoader:240 - Cannot read IP mode file for STMicroelectronics.FP-SNS-MOTENV1.5.0.0
2025-02-25 17:06:23,350 [WARN] PackLoader:240 - Cannot read IP mode file for wolfSSL.I-CUBE-wolfMQTT.1.19.0
2025-02-25 17:06:23,359 [WARN] PackLoader:240 - Cannot read IP mode file for WES.I-CUBE-Cesium.1.3.0
2025-02-25 17:06:23,364 [WARN] PackLoader:240 - Cannot read IP mode file for STMicroelectronics.X-CUBE-BLE2.3.3.0
2025-02-25 17:06:23,370 [WARN] PackLoader:240 - Cannot read IP mode file for STMicroelectronics.X-CUBE-NFC9.1.0.0
2025-02-25 17:06:23,384 [WARN] PackLoader:240 - Cannot read IP mode file for STMicroelectronics.X-CUBE-AZRTOS-G0.1.1.0
2025-02-25 17:06:23,391 [WARN] PackLoader:240 - Cannot read IP mode file for STMicroelectronics.X-CUBE-SAFEA1.1.2.2
2025-02-25 17:06:23,398 [WARN] PackLoader:240 - Cannot read IP mode file for STMicroelectronics.X-CUBE-NFC4.3.0.0
2025-02-25 17:06:23,523 [WARN] PackLoader:240 - Cannot read IP mode file for EmbeddedOffice.I-CUBE-FS-RTOS.1.0.1
2025-02-25 17:06:23,629 [WARN] PackLoader:240 - Cannot read IP mode file for STMicroelectronics.X-CUBE-TCPP.4.2.0
2025-02-25 17:06:23,643 [WARN] PackLoader:240 - Cannot read IP mode file for RealThread.X-CUBE-RT-Thread_Nano.4.1.1
2025-02-25 17:06:23,648 [WARN] PackLoader:240 - Cannot read IP mode file for STMicroelectronics.FP-ATR-SIGFOX1.3.2.0
2025-02-25 17:06:23,651 [WARN] ConditionMgr:438 - getConditionDescription Invalid condition id : Cortex-A Device cause : null
2025-02-25 17:06:23,703 [WARN] ConditionMgr:1044 - genDependencies : Invalid condition id : Cortex-A Device cause : null
2025-02-25 17:06:23,704 [WARN] ConditionMgr:1044 - genDependencies : Invalid condition id : Cortex-A Device cause : null
2025-02-25 17:06:23,704 [WARN] ConditionMgr:1044 - genDependencies : Invalid condition id : Cortex-A Device cause : null
2025-02-25 17:06:23,709 [WARN] PackLoader:240 - Cannot read IP mode file for STMicroelectronics.X-CUBE-EEPRMA1.5.1.0
2025-02-25 17:06:23,712 [WARN] PackLoader:240 - Cannot read IP mode file for wolfSSL.I-CUBE-wolfSSL.5.7.6
2025-02-25 17:06:23,715 [WARN] PackLoader:240 - Cannot read IP mode file for ITTIA_DB.I-CUBE-ITTIADB.8.9.0
2025-02-25 17:06:23,747 [WARN] PackLoader:240 - Cannot read IP mode file for SEGGER.I-CUBE-embOS.1.3.1
2025-02-25 17:06:23,774 [WARN] PackLoader:240 - Cannot read IP mode file for STMicroelectronics.X-CUBE-ALGOBUILD.1.4.0
2025-02-25 17:06:23,789 [WARN] PackLoader:240 - Cannot read IP mode file for STMicroelectronics.X-CUBE-AZRTOS-F4.1.1.0
2025-02-25 17:06:23,801 [WARN] PackLoader:240 - Cannot read IP mode file for STMicroelectronics.X-CUBE-ISPU.2.1.0
2025-02-25 17:06:23,818 [WARN] PackLoader:240 - Cannot read IP mode file for STMicroelectronics.X-CUBE-AZRTOS-L5.2.0.0
2025-02-25 17:06:23,832 [WARN] PackLoader:240 - Cannot read IP mode file for STMicroelectronics.X-CUBE-NFC6.3.1.0
2025-02-25 17:06:23,839 [WARN] PackLoader:240 - Cannot read IP mode file for STMicroelectronics.X-CUBE-DPower.1.2.0
2025-02-25 17:06:23,859 [WARN] PackLoader:240 - Cannot read IP mode file for STMicroelectronics.X-CUBE-FREERTOS.1.3.0
2025-02-25 17:06:23,869 [WARN] PackLoader:240 - Cannot read IP mode file for STMicroelectronics.X-CUBE-NFC7.1.0.1
2025-02-25 17:06:23,888 [WARN] ConditionMgr:438 - getConditionDescription Invalid condition id : LAN8742 Phy interface Condition cause : null
2025-02-25 17:06:23,889 [WARN] PackLoader:240 - Cannot read IP mode file for STMicroelectronics.X-CUBE-AZRTOS-L4.2.0.0
2025-02-25 17:06:23,891 [WARN] ConditionMgr:1044 - genDependencies : Invalid condition id : LAN8742 Phy interface Condition cause : null
2025-02-25 17:06:23,891 [WARN] ConditionMgr:1044 - genDependencies : Invalid condition id : LAN8742 Phy interface Condition cause : null
2025-02-25 17:06:23,892 [WARN] ConditionMgr:1044 - genDependencies : Invalid condition id : LAN8742 Phy interface Condition cause : null
2025-02-25 17:06:23,899 [WARN] PackLoader:240 - Cannot read IP mode file for STMicroelectronics.X-CUBE-SFXS2LP1.4.0.0
2025-02-25 17:06:23,925 [WARN] PackLoader:240 - Cannot read IP mode file for STMicroelectronics.X-CUBE-AZRTOS-H7.3.3.0
2025-02-25 17:06:23,958 [WARN] ConditionMgr:438 - getConditionDescription Invalid condition id : UX DEVICE CLASS RTOS Condition cause : null
2025-02-25 17:06:23,961 [WARN] ConditionMgr:438 - getConditionDescription Invalid condition id : UX DEVICE CLASS RTOS Condition cause : null
2025-02-25 17:06:23,965 [WARN] PackLoader:240 - Cannot read IP mode file for STMicroelectronics.X-CUBE-AZRTOS-WB.2.0.0
2025-02-25 17:06:23,965 [WARN] ConditionMgr:1044 - genDependencies : Invalid condition id : UX DEVICE CLASS RTOS Condition cause : null
2025-02-25 17:06:23,966 [WARN] ConditionMgr:1044 - genDependencies : Invalid condition id : UX DEVICE CLASS RTOS Condition cause : null
2025-02-25 17:06:23,966 [WARN] ConditionMgr:1044 - genDependencies : Invalid condition id : UX DEVICE CLASS RTOS Condition cause : null
2025-02-25 17:06:23,966 [WARN] ConditionMgr:1044 - genDependencies : Invalid condition id : UX DEVICE CLASS RTOS Condition cause : null
2025-02-25 17:06:23,966 [WARN] ConditionMgr:1044 - genDependencies : Invalid condition id : UX DEVICE CLASS RTOS Condition cause : null
2025-02-25 17:06:23,982 [WARN] PackLoader:240 - Cannot read IP mode file for STMicroelectronics.X-CUBE-GNSS1.7.0.1
2025-02-25 17:06:23,995 [WARN] PackLoader:240 - Cannot read IP mode file for STMicroelectronics.FP-SNS-STBOX1.2.0.0
2025-02-25 17:06:24,013 [WARN] PackLoader:240 - Cannot read IP mode file for STMicroelectronics.X-CUBE-SUBG2.5.0.0
2025-02-25 17:06:24,025 [WARN] PackLoader:240 - Cannot read IP mode file for Cesanta.I-CUBE-Mongoose.7.13.0
2025-02-25 17:06:24,053 [WARN] PackLoader:240 - Cannot read IP mode file for STMicroelectronics.X-CUBE-AZRTOS-G4.2.0.0
2025-02-25 17:06:24,069 [WARN] PackLoader:240 - Cannot read IP mode file for STMicroelectronics.X-CUBE-IPS.3.1.0
2025-02-25 17:06:24,075 [WARN] PackLoader:240 - Cannot read IP mode file for STMicroelectronics.X-CUBE-ALS.1.0.2
2025-02-25 17:06:24,080 [WARN] PackLoader:240 - Cannot read IP mode file for STMicroelectronics.X-CUBE-TOUCHGFX.4.24.2
2025-02-25 17:06:24,084 [WARN] PackLoader:240 - Cannot read IP mode file for wolfSSL.I-CUBE-wolfTPM.3.4.0
2025-02-25 17:06:24,087 [WARN] PackLoader:240 - Cannot read IP mode file for portGmbH.I-Cube-SoM-uGOAL.1.1.0
2025-02-25 17:06:24,104 [WARN] PackLoader:240 - Cannot read IP mode file for STMicroelectronics.X-CUBE-AZRTOS-H7RS.1.0.0
2025-02-25 17:06:24,115 [WARN] PackLoader:240 - Cannot read IP mode file for STMicroelectronics.X-CUBE-TOF1.3.4.2
2025-02-25 17:06:24,122 [WARN] PackLoader:240 - Cannot read IP mode file for wolfSSL.I-CUBE-wolfSSH.1.4.17
2025-02-25 17:06:24,123 [INFO] ThirdParty:978 - Integrity check success = true
2025-02-25 17:06:24,123 [INFO] IntegrityCheckThread:100 - exiting critical section [integrity check]
2025-02-25 17:06:24,123 [INFO] IntegrityCheckThread:103 - End integrity checks thread
2025-02-25 17:06:25,357 [INFO] WebApp:168 - Instantiating new browser for Auth
2025-02-25 17:06:26,291 [INFO] WebApp:449 - Apply proxy settings
2025-02-25 17:06:26,299 [INFO] WebApp:494 - Chromium authenticates against Manually configured proxy
2025-02-25 17:06:26,314 [INFO] WebApp:502 - Username used for proxy authentication: 
2025-02-25 17:06:26,360 [INFO] WebApp:880 - Register for checkConnection events
2025-02-25 17:06:26,360 [INFO] WebApp:449 - Apply proxy settings
2025-02-25 17:06:26,363 [INFO] WebApp:494 - Chromium authenticates against Manually configured proxy
2025-02-25 17:06:26,363 [INFO] WebApp:502 - Username used for proxy authentication: 
2025-02-25 17:06:26,476 [INFO] WebApp:221 - Starting web application
2025-02-25 17:06:26,477 [INFO] WebApp:579 - Web application path used /Applications/STM32CubeIDE.app/Contents/Eclipse/plugins/com.st.stm32cube.common.mx_6.13.0.202411220809/db/plugins/mcufinder/reactClient1/index.html
2025-02-25 17:06:26,946 [INFO] WebApp:187 - Connection restablished
2025-02-25 21:16:37,466 [ERROR] LogOutputStream:75 - [STDERR_REDIRECT] 
