2025-02-27 14:42:16,645 [INFO] Activator:176 - 


2025-02-27 14:42:16,650 [INFO] Activator:177 - !SESSION log4j initialized
2025-02-27 14:42:19,223 [ERROR] LogOutputStream:75 - [STDERR_REDIRECT] 
2025-02-27 14:42:19,639 [INFO] LogOutputStream:77 - [STDOUT_REDIRECT] 
2025-02-27 14:42:21,102 [INFO] LogOutputStream:77 - [STDOUT_REDIRECT] 
2025-02-27 14:42:22,602 [ERROR] LogOutputStream:75 - [STDERR_REDIRECT] [Fatal Error] :2:10: DOCTYPE is disallowed when the feature "http://apache.org/xml/features/disallow-doctype-decl" set to true.
2025-02-27 14:42:22,604 [ERROR] LogOutputStream:75 - [STDERR_REDIRECT] 
2025-02-27 14:42:22,915 [INFO] ApplicationProperties:184 - Using Application install path: /Applications/STM32CubeIDE.app/Contents/Eclipse/plugins/com.st.stm32cube.common.mx_6.13.0.202411220809
2025-02-27 14:42:22,924 [INFO] DbMcusXml:78 - Set database path to: /Applications/STM32CubeIDE.app/Contents/Eclipse/plugins/com.st.stm32cube.common.mx_6.13.0.202411220809//db//mcu/
2025-02-27 14:42:22,924 [INFO] ApiDb:274 - Set plugin database path to: /Applications/STM32CubeIDE.app/Contents/Eclipse/plugins/com.st.stm32cube.common.mx_6.13.0.202411220809//db//plugins/boardmanager/
2025-02-27 14:42:22,924 [WARN] ApiDb:259 - Overriding images path with different value:  => /Applications/STM32CubeIDE.app/Contents/Eclipse/plugins/com.st.stm32cube.common.mx_6.13.0.202411220809//db//plugins/mcufinder/images/
2025-02-27 14:42:22,930 [INFO] ApiDb:250 - Set database path to: /Users/mauricewashington/.stmcufinder/plugins/mcufinder//mcu/
2025-02-27 14:42:22,930 [INFO] DbMcusAds:125 - Set database path to: /Users/mauricewashington/.stmcufinder/plugins/mcufinder//mcu/
2025-02-27 14:42:22,931 [INFO] CrossReferenceDbSqlite:203 - Set database path to: /Users/mauricewashington/.stmcufinder/plugins/mcufinder//mcu/cs/
2025-02-27 14:42:23,041 [INFO] RulesReader:64 - Compatibility file has been processed (297 Rules)
2025-02-27 14:42:23,099 [INFO] DbMcusXml:78 - Set database path to: /Applications/STM32CubeIDE.app/Contents/Eclipse/plugins/com.st.stm32cube.common.mx_6.13.0.202411220809//db//mcu/
2025-02-27 14:42:23,099 [INFO] ApiDb:274 - Set plugin database path to: /Applications/STM32CubeIDE.app/Contents/Eclipse/plugins/com.st.stm32cube.common.mx_6.13.0.202411220809//db//plugins/boardmanager/
2025-02-27 14:42:23,099 [INFO] ApiDb:261 - Set plugin images path to: /Applications/STM32CubeIDE.app/Contents/Eclipse/plugins/com.st.stm32cube.common.mx_6.13.0.202411220809//db//plugins/mcufinder/images/
2025-02-27 14:42:23,100 [WARN] DbFile:41 - Overriding database path with different value: /Users/mauricewashington/.stmcufinder/plugins/mcufinder/ => /Users/mauricewashington/.stmcufinder/plugins/mcufinder
2025-02-27 14:42:23,100 [INFO] ApiDb:250 - Set database path to: /Users/mauricewashington/.stmcufinder/plugins/mcufinder//mcu/
2025-02-27 14:42:23,100 [WARN] DbFile:41 - Overriding database path with different value: /Users/mauricewashington/.stmcufinder/plugins/mcufinder/ => /Users/mauricewashington/.stmcufinder/plugins/mcufinder
2025-02-27 14:42:23,100 [INFO] DbMcusAds:125 - Set database path to: /Users/mauricewashington/.stmcufinder/plugins/mcufinder//mcu/
2025-02-27 14:42:23,100 [WARN] DbFile:41 - Overriding database path with different value: /Users/mauricewashington/.stmcufinder/plugins/mcufinder/ => /Users/mauricewashington/.stmcufinder/plugins/mcufinder
2025-02-27 14:42:23,100 [WARN] DbFile:41 - Overriding database path with different value: /Users/mauricewashington/.stmcufinder/plugins/mcufinder/ => /Users/mauricewashington/.stmcufinder/plugins/mcufinder
2025-02-27 14:42:23,100 [INFO] CrossReferenceDbSqlite:203 - Set database path to: /Users/mauricewashington/.stmcufinder/plugins/mcufinder//mcu/cs/
2025-02-27 14:42:23,158 [INFO] MainPanel:272 - HeapMemory: 328204288
2025-02-27 14:42:23,364 [INFO] DbMcusXml:78 - Set database path to: /Applications/STM32CubeIDE.app/Contents/Eclipse/plugins/com.st.stm32cube.common.mx_6.13.0.202411220809//db//mcu/
2025-02-27 14:42:23,364 [INFO] ApiDb:274 - Set plugin database path to: /Applications/STM32CubeIDE.app/Contents/Eclipse/plugins/com.st.stm32cube.common.mx_6.13.0.202411220809//db//plugins/boardmanager/
2025-02-27 14:42:23,364 [INFO] ApiDb:261 - Set plugin images path to: /Applications/STM32CubeIDE.app/Contents/Eclipse/plugins/com.st.stm32cube.common.mx_6.13.0.202411220809//db//plugins/mcufinder/images/
2025-02-27 14:42:23,364 [WARN] DbFile:41 - Overriding database path with different value: /Users/mauricewashington/.stmcufinder/plugins/mcufinder/ => /Users/mauricewashington/.stmcufinder/plugins/mcufinder
2025-02-27 14:42:23,364 [INFO] ApiDb:250 - Set database path to: /Users/mauricewashington/.stmcufinder/plugins/mcufinder//mcu/
2025-02-27 14:42:23,364 [WARN] DbFile:41 - Overriding database path with different value: /Users/mauricewashington/.stmcufinder/plugins/mcufinder/ => /Users/mauricewashington/.stmcufinder/plugins/mcufinder
2025-02-27 14:42:23,364 [INFO] DbMcusAds:125 - Set database path to: /Users/mauricewashington/.stmcufinder/plugins/mcufinder//mcu/
2025-02-27 14:42:23,364 [WARN] DbFile:41 - Overriding database path with different value: /Users/mauricewashington/.stmcufinder/plugins/mcufinder/ => /Users/mauricewashington/.stmcufinder/plugins/mcufinder
2025-02-27 14:42:23,364 [WARN] DbFile:41 - Overriding database path with different value: /Users/mauricewashington/.stmcufinder/plugins/mcufinder/ => /Users/mauricewashington/.stmcufinder/plugins/mcufinder
2025-02-27 14:42:23,364 [INFO] CrossReferenceDbSqlite:203 - Set database path to: /Users/mauricewashington/.stmcufinder/plugins/mcufinder//mcu/cs/
2025-02-27 14:42:23,380 [INFO] ApplicationProperties:184 - Using Application install path: /Applications/STM32CubeIDE.app/Contents/Eclipse/plugins/com.st.stm32cube.common.mx_6.13.0.202411220809
2025-02-27 14:42:23,381 [INFO] PluginManage:196 - Search for loadable plugins [exclusion list=, ]
2025-02-27 14:42:23,382 [INFO] PluginManage:310 - Check plugin analytics
2025-02-27 14:42:23,516 [INFO] AnalyticsPlugin:253 - Accepted Software Licenses: 
2025-02-27 14:42:23,516 [INFO] AnalyticsPlugin:255 - Accepted CMSIS Pack Licenses: 
2025-02-27 14:42:23,517 [INFO] AnalyticsPlugin:257 - Accepted Firmware Licenses: 
2025-02-27 14:42:23,528 [INFO] PluginManage:359 - Loaded plugin analytics (category:tool,tabindex:-1)
2025-02-27 14:42:23,530 [INFO] PluginManage:310 - Check plugin cadmodel
2025-02-27 14:42:23,542 [INFO] CADModel:105 - Init CAD model plugin
2025-02-27 14:42:23,542 [INFO] PluginManage:359 - Loaded plugin cadmodel (category:power,tabindex:5)
2025-02-27 14:42:23,543 [INFO] PluginManage:310 - Check plugin clock
2025-02-27 14:42:23,550 [INFO] PluginManage:359 - Loaded plugin clock (category:base,tabindex:2)
2025-02-27 14:42:23,551 [INFO] PluginManage:310 - Check plugin ddr
2025-02-27 14:42:23,552 [INFO] PluginManage:359 - Loaded plugin ddr (category:tool,tabindex:6)
2025-02-27 14:42:23,552 [INFO] PluginManage:310 - Check plugin filemanager
2025-02-27 14:42:23,651 [INFO] PluginManage:359 - Loaded plugin filemanager (category:base,tabindex:10)
2025-02-27 14:42:23,652 [INFO] PluginManage:310 - Check plugin ipmanager
2025-02-27 14:42:23,657 [INFO] PluginManage:359 - Loaded plugin ipmanager (category:base,tabindex:5)
2025-02-27 14:42:23,657 [INFO] PluginManage:310 - Check plugin lpbam
2025-02-27 14:42:23,663 [INFO] PluginManage:359 - Loaded plugin lpbam (category:base,tabindex:0)
2025-02-27 14:42:23,663 [INFO] PluginManage:310 - Check plugin memorymap
2025-02-27 14:42:23,669 [INFO] PluginManage:359 - Loaded plugin memorymap (category:base,tabindex:4)
2025-02-27 14:42:23,670 [INFO] PluginManage:310 - Check plugin pinoutandconfiguration
2025-02-27 14:42:23,674 [INFO] PluginManage:359 - Loaded plugin pinoutandconfiguration (category:base,tabindex:1)
2025-02-27 14:42:23,674 [INFO] PluginManage:310 - Check plugin pinoutconfig
2025-02-27 14:42:23,726 [WARN] SupportedApi:132 - Cannot load RTOS API schema: s4s-elt-must-match.1: The content of 'definitions' must match (annotation?, (simpleType | complexType)?, (unique | key | keyref)*)). A problem was found starting at: attribute.
2025-02-27 14:42:23,857 [INFO] PluginManage:359 - Loaded plugin pinoutconfig (category:base,tabindex:0)
2025-02-27 14:42:23,857 [INFO] PluginManage:310 - Check plugin power
2025-02-27 14:42:23,865 [INFO] PluginManage:359 - Loaded plugin power (category:power,tabindex:4)
2025-02-27 14:42:23,866 [INFO] PluginManage:310 - Check plugin projectmanager
2025-02-27 14:42:23,886 [INFO] PluginManage:359 - Loaded plugin projectmanager (category:projectmanager,tabindex:4)
2025-02-27 14:42:23,886 [INFO] PluginManage:310 - Check plugin rif
2025-02-27 14:42:23,890 [INFO] PluginManage:359 - Loaded plugin rif (category:base,tabindex:3)
2025-02-27 14:42:23,890 [INFO] PluginManage:310 - Check plugin thirdparty
2025-02-27 14:42:23,995 [INFO] PluginManage:359 - Loaded plugin thirdparty (category:base,tabindex:-1)
2025-02-27 14:42:23,995 [WARN] IntegrityCheckThread:84 - waiting for thirdparty lock release [integrity check]
2025-02-27 14:42:23,996 [INFO] PluginManage:310 - Check plugin tools
2025-02-27 14:42:23,997 [INFO] IntegrityCheckThread:86 - entering critical section [integrity check]
2025-02-27 14:42:23,998 [INFO] ThirdPartyUpdaterWithRetryManager:70 - Updater plugin not ready yet. [1/15]
2025-02-27 14:42:23,999 [INFO] PluginManage:359 - Loaded plugin tools (category:base,tabindex:7)
2025-02-27 14:42:23,999 [INFO] PluginManage:310 - Check plugin tutovideos
2025-02-27 14:42:24,099 [INFO] PluginManage:359 - Loaded plugin tutovideos (category:base,tabindex:-1)
2025-02-27 14:42:24,099 [INFO] PluginManage:310 - Check plugin updater
2025-02-27 14:42:24,119 [INFO] PluginManage:359 - Loaded plugin updater (category:base,tabindex:12)
2025-02-27 14:42:24,119 [INFO] PluginManage:310 - Check plugin userauth
2025-02-27 14:42:24,123 [INFO] UserAuth:118 - Init User Auth plugin
2025-02-27 14:42:24,124 [INFO] PluginManage:359 - Loaded plugin userauth (category:base,tabindex:14)
2025-02-27 14:42:24,125 [INFO] PluginManage:283 - PluginManage : Loaded plugins [18]
2025-02-27 14:42:24,278 [INFO] PinOutPanel:1589 - setPackage(No Configuration,No Configuration)
2025-02-27 14:42:24,324 [INFO] CADModel:165 - CPN selected for project level
2025-02-27 14:42:24,324 [INFO] CADModel:114 - Register for checkConnection events
2025-02-27 14:42:24,332 [INFO] IPUIPlugin:80 - create IPUIPlugin
2025-02-27 14:42:24,332 [INFO] PluginManager:220 - loadIPPluginJar : add mdma
2025-02-27 14:42:24,335 [INFO] IPUIPlugin:80 - create IPUIPlugin
2025-02-27 14:42:24,336 [INFO] PluginManager:220 - loadIPPluginJar : add freertos
2025-02-27 14:42:24,338 [INFO] IPUIPlugin:80 - create IPUIPlugin
2025-02-27 14:42:24,338 [INFO] PluginManager:220 - loadIPPluginJar : add gic
2025-02-27 14:42:24,342 [INFO] IPUIPlugin:80 - create IPUIPlugin
2025-02-27 14:42:24,342 [INFO] PluginManager:220 - loadIPPluginJar : add adc
2025-02-27 14:42:24,343 [INFO] IPUIPlugin:80 - create IPUIPlugin
2025-02-27 14:42:24,343 [INFO] PluginManager:220 - loadIPPluginJar : add gtzc
2025-02-27 14:42:24,344 [INFO] IPUIPlugin:80 - create IPUIPlugin
2025-02-27 14:42:24,344 [INFO] PluginManager:220 - loadIPPluginJar : add quadspi
2025-02-27 14:42:24,344 [INFO] IPUIPlugin:80 - create IPUIPlugin
2025-02-27 14:42:24,344 [INFO] PluginManager:220 - loadIPPluginJar : add aes
2025-02-27 14:42:24,346 [INFO] IPUIPlugin:80 - create IPUIPlugin
2025-02-27 14:42:24,346 [INFO] PluginManager:220 - loadIPPluginJar : add pdm2pcm
2025-02-27 14:42:24,348 [INFO] IPUIPlugin:80 - create IPUIPlugin
2025-02-27 14:42:24,348 [INFO] PluginManager:220 - loadIPPluginJar : add hash
2025-02-27 14:42:24,348 [INFO] IPUIPlugin:80 - create IPUIPlugin
2025-02-27 14:42:24,348 [INFO] PluginManager:220 - loadIPPluginJar : add tim
2025-02-27 14:42:24,349 [INFO] IPUIPlugin:80 - create IPUIPlugin
2025-02-27 14:42:24,349 [INFO] PluginManager:220 - loadIPPluginJar : add tsc
2025-02-27 14:42:24,351 [INFO] IPUIPlugin:80 - create IPUIPlugin
2025-02-27 14:42:24,351 [INFO] PluginManager:220 - loadIPPluginJar : add extmemmanager
2025-02-27 14:42:24,351 [INFO] IPUIPlugin:80 - create IPUIPlugin
2025-02-27 14:42:24,351 [INFO] PluginManager:220 - loadIPPluginJar : add ts
2025-02-27 14:42:24,352 [INFO] IPUIPlugin:80 - create IPUIPlugin
2025-02-27 14:42:24,352 [INFO] PluginManager:220 - loadIPPluginJar : add radio
2025-02-27 14:42:24,353 [INFO] IPUIPlugin:80 - create IPUIPlugin
2025-02-27 14:42:24,353 [INFO] PluginManager:220 - loadIPPluginJar : add can
2025-02-27 14:42:24,354 [INFO] IPUIPlugin:80 - create IPUIPlugin
2025-02-27 14:42:24,354 [INFO] PluginManager:220 - loadIPPluginJar : add dma3
2025-02-27 14:42:24,354 [INFO] IPUIPlugin:80 - create IPUIPlugin
2025-02-27 14:42:24,354 [INFO] PluginManager:220 - loadIPPluginJar : add dfsdm
2025-02-27 14:42:24,355 [INFO] IPUIPlugin:80 - create IPUIPlugin
2025-02-27 14:42:24,355 [INFO] PluginManager:220 - loadIPPluginJar : add spi
2025-02-27 14:42:24,356 [INFO] IPUIPlugin:80 - create IPUIPlugin
2025-02-27 14:42:24,357 [INFO] PluginManager:220 - loadIPPluginJar : add gfxmmu
2025-02-27 14:42:24,358 [INFO] IPUIPlugin:80 - create IPUIPlugin
2025-02-27 14:42:24,358 [INFO] PluginManager:220 - loadIPPluginJar : add genericplugin
2025-02-27 14:42:24,358 [INFO] IPUIPlugin:80 - create IPUIPlugin
2025-02-27 14:42:24,359 [INFO] PluginManager:220 - loadIPPluginJar : add cryp
2025-02-27 14:42:24,360 [INFO] IPUIPlugin:80 - create IPUIPlugin
2025-02-27 14:42:24,361 [INFO] PluginManager:220 - loadIPPluginJar : add gpio
2025-02-27 14:42:24,362 [INFO] IPUIPlugin:80 - create IPUIPlugin
2025-02-27 14:42:24,362 [INFO] PluginManager:220 - loadIPPluginJar : add ddr_ctrl_phy
2025-02-27 14:42:24,363 [INFO] IPUIPlugin:80 - create IPUIPlugin
2025-02-27 14:42:24,363 [INFO] PluginManager:220 - loadIPPluginJar : add comp
2025-02-27 14:42:24,366 [INFO] IPUIPlugin:80 - create IPUIPlugin
2025-02-27 14:42:24,367 [INFO] PluginManager:220 - loadIPPluginJar : add tracer_emb
2025-02-27 14:42:24,368 [INFO] IPUIPlugin:80 - create IPUIPlugin
2025-02-27 14:42:24,368 [INFO] PluginManager:220 - loadIPPluginJar : add openamp
2025-02-27 14:42:24,371 [INFO] IPUIPlugin:80 - create IPUIPlugin
2025-02-27 14:42:24,371 [INFO] PluginManager:220 - loadIPPluginJar : add stm32_wpan
2025-02-27 14:42:24,374 [INFO] IPUIPlugin:80 - create IPUIPlugin
2025-02-27 14:42:24,375 [INFO] PluginManager:220 - loadIPPluginJar : add plateformsettings
2025-02-27 14:42:24,376 [INFO] IPUIPlugin:80 - create IPUIPlugin
2025-02-27 14:42:24,376 [INFO] PluginManager:220 - loadIPPluginJar : add ipddr
2025-02-27 14:42:24,377 [INFO] IPUIPlugin:80 - create IPUIPlugin
2025-02-27 14:42:24,378 [INFO] PluginManager:220 - loadIPPluginJar : add usart
2025-02-27 14:42:24,378 [INFO] IPUIPlugin:80 - create IPUIPlugin
2025-02-27 14:42:24,378 [INFO] PluginManager:220 - loadIPPluginJar : add ltdc
2025-02-27 14:42:24,380 [INFO] IPUIPlugin:80 - create IPUIPlugin
2025-02-27 14:42:24,380 [INFO] PluginManager:220 - loadIPPluginJar : add nvic
2025-02-27 14:42:24,381 [INFO] IPUIPlugin:80 - create IPUIPlugin
2025-02-27 14:42:24,381 [INFO] PluginManager:220 - loadIPPluginJar : add fatfs
2025-02-27 14:42:24,384 [INFO] IPUIPlugin:80 - create IPUIPlugin
2025-02-27 14:42:24,384 [INFO] PluginManager:220 - loadIPPluginJar : add linkedlist
2025-02-27 14:42:24,387 [INFO] IPUIPlugin:80 - create IPUIPlugin
2025-02-27 14:42:24,387 [INFO] PluginManager:220 - loadIPPluginJar : add dma
2025-02-27 14:42:24,388 [INFO] IPUIPlugin:80 - create IPUIPlugin
2025-02-27 14:42:24,388 [INFO] PluginManager:220 - loadIPPluginJar : add fmc
2025-02-27 14:42:24,388 [INFO] IPUIPlugin:80 - create IPUIPlugin
2025-02-27 14:42:24,389 [INFO] PluginManager:220 - loadIPPluginJar : add i2s
2025-02-27 14:42:24,389 [INFO] IPUIPlugin:80 - create IPUIPlugin
2025-02-27 14:42:24,389 [INFO] PluginManager:220 - loadIPPluginJar : add ucpd
2025-02-27 14:42:24,390 [INFO] IPUIPlugin:80 - create IPUIPlugin
2025-02-27 14:42:24,390 [INFO] PluginManager:220 - loadIPPluginJar : add lorawan
2025-02-27 14:42:24,394 [INFO] IPUIPlugin:80 - create IPUIPlugin
2025-02-27 14:42:24,394 [INFO] PluginManager:220 - loadIPPluginJar : add opamp
2025-02-27 14:42:24,395 [INFO] IPUIPlugin:80 - create IPUIPlugin
2025-02-27 14:42:24,395 [INFO] PluginManager:220 - loadIPPluginJar : add i3c
2025-02-27 14:42:24,397 [INFO] IPUIPlugin:80 - create IPUIPlugin
2025-02-27 14:42:24,398 [INFO] PluginManager:220 - loadIPPluginJar : add touchsensing
2025-02-27 14:42:24,399 [INFO] IPUIPlugin:80 - create IPUIPlugin
2025-02-27 14:42:24,399 [INFO] PluginManager:220 - loadIPPluginJar : add i2c
2025-02-27 14:42:24,401 [INFO] IPUIPlugin:80 - create IPUIPlugin
2025-02-27 14:42:24,401 [INFO] PluginManager:220 - loadIPPluginJar : add resmgrutility
2025-02-27 14:42:24,402 [INFO] IPUIPlugin:80 - create IPUIPlugin
2025-02-27 14:42:24,402 [INFO] PluginManager:220 - loadIPPluginJar : add sai
2025-02-27 14:42:24,403 [INFO] IPUIPlugin:80 - create IPUIPlugin
2025-02-27 14:42:24,403 [INFO] PluginManager:220 - loadIPPluginJar : add usbx
2025-02-27 14:42:24,508 [FATAL] Updater:351 - Updater called before beeing initialized
2025-02-27 14:42:24,553 [INFO] RulesReader:64 - Compatibility file has been processed (297 Rules)
2025-02-27 14:42:24,573 [INFO] RulesReader:64 - Compatibility file has been processed (297 Rules)
2025-02-27 14:42:24,581 [INFO] CADModel:165 - CPN selected for project level
2025-02-27 14:42:24,581 [INFO] CADModel:114 - Register for checkConnection events
2025-02-27 14:42:24,581 [FATAL] Updater:351 - Updater called before beeing initialized
2025-02-27 14:42:24,581 [ERROR] CADModel:125 - Updater not yet initialized, retry later 
2025-02-27 14:42:24,892 [FATAL] Updater:351 - Updater called before beeing initialized
2025-02-27 14:42:24,900 [INFO] CADModel:165 - CPN selected for project level
2025-02-27 14:42:24,901 [INFO] CADModel:114 - Register for checkConnection events
2025-02-27 14:42:24,902 [FATAL] Updater:351 - Updater called before beeing initialized
2025-02-27 14:42:24,902 [ERROR] CADModel:125 - Updater not yet initialized, retry later 
2025-02-27 14:42:24,906 [FATAL] Updater:351 - Updater called before beeing initialized
2025-02-27 14:42:25,105 [FATAL] Updater:351 - Updater called before beeing initialized
2025-02-27 14:42:25,113 [INFO] DbMcusAds:53 - JSON generation date=Tue Dec 17 08:01:15 PST 2024 (1734451275189)
2025-02-27 14:42:25,114 [FATAL] Updater:351 - Updater called before beeing initialized
2025-02-27 14:42:25,160 [WARN] DetailPanel:346 - Failed to get advertising image, set to default
2025-02-27 14:42:25,299 [FATAL] Updater:351 - Updater called before beeing initialized
2025-02-27 14:42:25,301 [FATAL] Updater:351 - Updater called before beeing initialized
2025-02-27 14:42:25,301 [FATAL] Updater:351 - Updater called before beeing initialized
2025-02-27 14:42:25,301 [WARN] DetailPanel:346 - Failed to get advertising image, set to default
2025-02-27 14:42:25,302 [FATAL] Updater:351 - Updater called before beeing initialized
2025-02-27 14:42:25,364 [ERROR] Updater:1198 - MainUpdater not yet initialized. External WinMGr cannot be set.
2025-02-27 14:42:25,443 [INFO] Updater:1134 - Updater Version found : 6.13.0
2025-02-27 14:42:25,455 [INFO] ApplicationProperties:184 - Using Application install path: /Applications/STM32CubeIDE.app/Contents/Eclipse/plugins/com.st.stm32cube.common.mx_6.13.0.202411220809
2025-02-27 14:42:25,796 [INFO] MainUpdater:2872 - connection check result : 10
2025-02-27 14:42:25,797 [INFO] MainUpdater:289 - Updater Check For Update Now.
2025-02-27 14:42:25,797 [INFO] MicroXplorer:498 - Change Database Version : DB.6.0.130
2025-02-27 14:42:25,803 [INFO] McuFinderGlobals:63 - Set McuFinder mode to 2 (CubeIDE integrated)
2025-02-27 14:42:25,803 [INFO] UserAuth:171 - activating auth plugin
2025-02-27 14:42:25,820 [INFO] UserAuth:486 - Internet connection configuration mode: 1
2025-02-27 14:42:25,828 [INFO] JxBrowserEngine:152 - Initiate JxBrowser Engine with user profile folder
2025-02-27 14:42:26,017 [INFO] CheckServerUpdateThread:120 - End of CheckServer Thread
2025-02-27 14:42:27,138 [WARN] PackLoader:240 - Cannot read IP mode file for STMicroelectronics.FP-SNS-MOTENVWB1.1.4.0
2025-02-27 14:42:27,154 [WARN] PackLoader:240 - Cannot read IP mode file for STMicroelectronics.FP-ATR-ASTRA1.2.0.1
2025-02-27 14:42:27,166 [WARN] PackLoader:240 - Cannot read IP mode file for STMicroelectronics.X-CUBE-SMBUS.2.1.0
2025-02-27 14:42:27,174 [WARN] PackLoader:240 - Cannot read IP mode file for STMicroelectronics.X-CUBE-WB05N.1.1.0
2025-02-27 14:42:27,217 [WARN] PackLoader:240 - Cannot read IP mode file for STMicroelectronics.X-CUBE-AZRTOS-F7.1.1.0
2025-02-27 14:42:27,248 [WARN] PackLoader:240 - Cannot read IP mode file for STMicroelectronics.FP-SNS-FLIGHT1.5.0.2
2025-02-27 14:42:27,291 [WARN] PackLoader:240 - Cannot read IP mode file for Infineon.AIROC-Wi-Fi-Bluetooth-STM32.1.7.0
2025-02-27 14:42:27,332 [WARN] PackLoader:240 - Cannot read IP mode file for STMicroelectronics.X-CUBE-DISPLAY.3.0.0
2025-02-27 14:42:27,345 [WARN] PackLoader:240 - Cannot read IP mode file for STMicroelectronics.X-CUBE-BLE1.7.0.0
2025-02-27 14:42:27,359 [WARN] PackLoader:240 - Cannot read IP mode file for STMicroelectronics.X-CUBE-NFC10.1.0.0
2025-02-27 14:42:27,378 [WARN] PackLoader:240 - Cannot read IP mode file for STMicroelectronics.X-CUBE-BLEMGR.4.0.0
2025-02-27 14:42:27,400 [WARN] PackLoader:240 - Cannot read IP mode file for emotas.I-CUBE-CANOPEN.1.3.0
2025-02-27 14:42:27,410 [WARN] PackLoader:240 - Cannot read IP mode file for STMicroelectronics.X-CUBE-AI.10.0.0
2025-02-27 14:42:27,416 [WARN] PackLoader:240 - Cannot read IP mode file for STMicroelectronics.FP-SNS-SMARTAG2.1.2.0
2025-02-27 14:42:27,485 [WARN] PackLoader:240 - Cannot read IP mode file for STMicroelectronics.X-CUBE-MEMS1.11.1.0
2025-02-27 14:42:27,604 [INFO] LogOutputStream:77 - [STDOUT_REDIRECT] 1 : Invalid condition id : UX_CORESTACK_Condition cause : null
2025-02-27 14:42:27,605 [INFO] LogOutputStream:77 - [STDOUT_REDIRECT] 1 : Invalid condition id : UX_CORESTACK_Condition cause : null
2025-02-27 14:42:27,605 [INFO] LogOutputStream:77 - [STDOUT_REDIRECT] 1 : Invalid condition id : UX_CORESTACK_Condition cause : null
2025-02-27 14:42:27,607 [INFO] LogOutputStream:77 - [STDOUT_REDIRECT] 1 : Invalid condition id : UX_CORESTACK_Condition cause : null
2025-02-27 14:42:27,607 [INFO] LogOutputStream:77 - [STDOUT_REDIRECT] 1 : Invalid condition id : UX_CORESTACK_Condition cause : null
2025-02-27 14:42:27,612 [WARN] PackLoader:240 - Cannot read IP mode file for STMicroelectronics.X-CUBE-AZRTOS-WL.2.0.0
2025-02-27 14:42:27,632 [WARN] PackLoader:240 - Cannot read IP mode file for STMicroelectronics.FP-SNS-MOTENV1.5.0.0
2025-02-27 14:42:27,638 [WARN] PackLoader:240 - Cannot read IP mode file for wolfSSL.I-CUBE-wolfMQTT.1.19.0
2025-02-27 14:42:27,648 [WARN] PackLoader:240 - Cannot read IP mode file for WES.I-CUBE-Cesium.1.3.0
2025-02-27 14:42:27,654 [WARN] PackLoader:240 - Cannot read IP mode file for STMicroelectronics.X-CUBE-BLE2.3.3.0
2025-02-27 14:42:27,661 [WARN] PackLoader:240 - Cannot read IP mode file for STMicroelectronics.X-CUBE-NFC9.1.0.0
2025-02-27 14:42:27,674 [WARN] PackLoader:240 - Cannot read IP mode file for STMicroelectronics.X-CUBE-AZRTOS-G0.1.1.0
2025-02-27 14:42:27,681 [WARN] PackLoader:240 - Cannot read IP mode file for STMicroelectronics.X-CUBE-SAFEA1.1.2.2
2025-02-27 14:42:27,686 [WARN] PackLoader:240 - Cannot read IP mode file for STMicroelectronics.X-CUBE-NFC4.3.0.0
2025-02-27 14:42:27,696 [WARN] PackLoader:240 - Cannot read IP mode file for EmbeddedOffice.I-CUBE-FS-RTOS.1.0.1
2025-02-27 14:42:27,702 [WARN] PackLoader:240 - Cannot read IP mode file for STMicroelectronics.X-CUBE-TCPP.4.2.0
2025-02-27 14:42:27,707 [WARN] PackLoader:240 - Cannot read IP mode file for RealThread.X-CUBE-RT-Thread_Nano.4.1.1
2025-02-27 14:42:27,709 [WARN] PackLoader:240 - Cannot read IP mode file for STMicroelectronics.FP-ATR-SIGFOX1.3.2.0
2025-02-27 14:42:27,711 [WARN] ConditionMgr:438 - getConditionDescription Invalid condition id : Cortex-A Device cause : null
2025-02-27 14:42:27,725 [WARN] ConditionMgr:1044 - genDependencies : Invalid condition id : Cortex-A Device cause : null
2025-02-27 14:42:27,725 [WARN] ConditionMgr:1044 - genDependencies : Invalid condition id : Cortex-A Device cause : null
2025-02-27 14:42:27,725 [WARN] ConditionMgr:1044 - genDependencies : Invalid condition id : Cortex-A Device cause : null
2025-02-27 14:42:27,731 [WARN] PackLoader:240 - Cannot read IP mode file for STMicroelectronics.X-CUBE-EEPRMA1.5.1.0
2025-02-27 14:42:27,735 [WARN] PackLoader:240 - Cannot read IP mode file for wolfSSL.I-CUBE-wolfSSL.5.7.6
2025-02-27 14:42:27,740 [WARN] PackLoader:240 - Cannot read IP mode file for ITTIA_DB.I-CUBE-ITTIADB.8.9.0
2025-02-27 14:42:27,769 [WARN] PackLoader:240 - Cannot read IP mode file for SEGGER.I-CUBE-embOS.1.3.1
2025-02-27 14:42:27,793 [WARN] PackLoader:240 - Cannot read IP mode file for STMicroelectronics.X-CUBE-ALGOBUILD.1.4.0
2025-02-27 14:42:27,809 [WARN] PackLoader:240 - Cannot read IP mode file for STMicroelectronics.X-CUBE-AZRTOS-F4.1.1.0
2025-02-27 14:42:27,815 [WARN] PackLoader:240 - Cannot read IP mode file for STMicroelectronics.X-CUBE-ISPU.2.1.0
2025-02-27 14:42:27,828 [WARN] PackLoader:240 - Cannot read IP mode file for STMicroelectronics.X-CUBE-AZRTOS-L5.2.0.0
2025-02-27 14:42:27,840 [WARN] PackLoader:240 - Cannot read IP mode file for STMicroelectronics.X-CUBE-NFC6.3.1.0
2025-02-27 14:42:27,850 [WARN] PackLoader:240 - Cannot read IP mode file for STMicroelectronics.X-CUBE-DPower.1.2.0
2025-02-27 14:42:27,855 [WARN] PackLoader:240 - Cannot read IP mode file for STMicroelectronics.X-CUBE-FREERTOS.1.3.0
2025-02-27 14:42:27,860 [WARN] PackLoader:240 - Cannot read IP mode file for STMicroelectronics.X-CUBE-NFC7.1.0.1
2025-02-27 14:42:27,876 [WARN] ConditionMgr:438 - getConditionDescription Invalid condition id : LAN8742 Phy interface Condition cause : null
2025-02-27 14:42:27,877 [WARN] PackLoader:240 - Cannot read IP mode file for STMicroelectronics.X-CUBE-AZRTOS-L4.2.0.0
2025-02-27 14:42:27,879 [WARN] ConditionMgr:1044 - genDependencies : Invalid condition id : LAN8742 Phy interface Condition cause : null
2025-02-27 14:42:27,880 [WARN] ConditionMgr:1044 - genDependencies : Invalid condition id : LAN8742 Phy interface Condition cause : null
2025-02-27 14:42:27,881 [WARN] ConditionMgr:1044 - genDependencies : Invalid condition id : LAN8742 Phy interface Condition cause : null
2025-02-27 14:42:27,897 [WARN] PackLoader:240 - Cannot read IP mode file for STMicroelectronics.X-CUBE-SFXS2LP1.4.0.0
2025-02-27 14:42:28,031 [WARN] PackLoader:240 - Cannot read IP mode file for STMicroelectronics.X-CUBE-AZRTOS-H7.3.3.0
2025-02-27 14:42:28,141 [WARN] ConditionMgr:438 - getConditionDescription Invalid condition id : UX DEVICE CLASS RTOS Condition cause : null
2025-02-27 14:42:28,149 [WARN] ConditionMgr:438 - getConditionDescription Invalid condition id : UX DEVICE CLASS RTOS Condition cause : null
2025-02-27 14:42:28,154 [WARN] PackLoader:240 - Cannot read IP mode file for STMicroelectronics.X-CUBE-AZRTOS-WB.2.0.0
2025-02-27 14:42:28,157 [WARN] ConditionMgr:1044 - genDependencies : Invalid condition id : UX DEVICE CLASS RTOS Condition cause : null
2025-02-27 14:42:28,157 [WARN] ConditionMgr:1044 - genDependencies : Invalid condition id : UX DEVICE CLASS RTOS Condition cause : null
2025-02-27 14:42:28,157 [WARN] ConditionMgr:1044 - genDependencies : Invalid condition id : UX DEVICE CLASS RTOS Condition cause : null
2025-02-27 14:42:28,158 [WARN] ConditionMgr:1044 - genDependencies : Invalid condition id : UX DEVICE CLASS RTOS Condition cause : null
2025-02-27 14:42:28,158 [WARN] ConditionMgr:1044 - genDependencies : Invalid condition id : UX DEVICE CLASS RTOS Condition cause : null
2025-02-27 14:42:28,175 [WARN] PackLoader:240 - Cannot read IP mode file for STMicroelectronics.X-CUBE-GNSS1.7.0.1
2025-02-27 14:42:28,185 [WARN] PackLoader:240 - Cannot read IP mode file for STMicroelectronics.FP-SNS-STBOX1.2.0.0
2025-02-27 14:42:28,197 [WARN] PackLoader:240 - Cannot read IP mode file for STMicroelectronics.X-CUBE-SUBG2.5.0.0
2025-02-27 14:42:28,204 [WARN] PackLoader:240 - Cannot read IP mode file for Cesanta.I-CUBE-Mongoose.7.13.0
2025-02-27 14:42:28,215 [WARN] PackLoader:240 - Cannot read IP mode file for STMicroelectronics.X-CUBE-AZRTOS-G4.2.0.0
2025-02-27 14:42:28,225 [WARN] PackLoader:240 - Cannot read IP mode file for STMicroelectronics.X-CUBE-IPS.3.1.0
2025-02-27 14:42:28,232 [WARN] PackLoader:240 - Cannot read IP mode file for STMicroelectronics.X-CUBE-ALS.1.0.2
2025-02-27 14:42:28,250 [WARN] PackLoader:240 - Cannot read IP mode file for STMicroelectronics.X-CUBE-TOUCHGFX.4.24.2
2025-02-27 14:42:28,252 [WARN] PackLoader:240 - Cannot read IP mode file for wolfSSL.I-CUBE-wolfTPM.3.4.0
2025-02-27 14:42:28,257 [WARN] PackLoader:240 - Cannot read IP mode file for portGmbH.I-Cube-SoM-uGOAL.1.1.0
2025-02-27 14:42:28,288 [WARN] PackLoader:240 - Cannot read IP mode file for STMicroelectronics.X-CUBE-AZRTOS-H7RS.1.0.0
2025-02-27 14:42:28,311 [WARN] PackLoader:240 - Cannot read IP mode file for STMicroelectronics.X-CUBE-TOF1.3.4.2
2025-02-27 14:42:28,324 [WARN] PackLoader:240 - Cannot read IP mode file for wolfSSL.I-CUBE-wolfSSH.1.4.17
2025-02-27 14:42:28,349 [INFO] ThirdParty:978 - Integrity check success = true
2025-02-27 14:42:28,349 [INFO] IntegrityCheckThread:100 - exiting critical section [integrity check]
2025-02-27 14:42:28,349 [INFO] IntegrityCheckThread:103 - End integrity checks thread
2025-02-27 14:42:29,689 [INFO] WebApp:168 - Instantiating new browser for Auth
2025-02-27 14:42:30,635 [INFO] WebApp:449 - Apply proxy settings
2025-02-27 14:42:30,647 [INFO] WebApp:494 - Chromium authenticates against Manually configured proxy
2025-02-27 14:42:30,663 [INFO] WebApp:502 - Username used for proxy authentication: 
2025-02-27 14:42:30,707 [INFO] WebApp:880 - Register for checkConnection events
2025-02-27 14:42:30,708 [INFO] WebApp:449 - Apply proxy settings
2025-02-27 14:42:30,711 [INFO] WebApp:494 - Chromium authenticates against Manually configured proxy
2025-02-27 14:42:30,711 [INFO] WebApp:502 - Username used for proxy authentication: 
2025-02-27 14:42:30,832 [INFO] WebApp:221 - Starting web application
2025-02-27 14:42:30,832 [INFO] WebApp:579 - Web application path used /Applications/STM32CubeIDE.app/Contents/Eclipse/plugins/com.st.stm32cube.common.mx_6.13.0.202411220809/db/plugins/mcufinder/reactClient1/index.html
2025-02-27 14:42:31,288 [INFO] WebApp:187 - Connection restablished
