2025-02-15 16:28:09,767 [INFO] Activator:176 - 


2025-02-15 16:28:09,769 [INFO] Activator:177 - !SESSION log4j initialized
2025-02-15 16:28:10,426 [ERROR] LogOutputStream:75 - [STDERR_REDIRECT] 
2025-02-15 16:28:12,068 [INFO] LogOutputStream:77 - [STDOUT_REDIRECT] 
2025-02-15 16:28:13,353 [INFO] ApplicationProperties:184 - Using Application install path: /Applications/STM32CubeIDE.app/Contents/Eclipse/plugins/com.st.stm32cube.common.mx_6.13.0.202411220809
2025-02-15 16:28:13,362 [INFO] DbMcusXml:78 - Set database path to: /Applications/STM32CubeIDE.app/Contents/Eclipse/plugins/com.st.stm32cube.common.mx_6.13.0.202411220809//db//mcu/
2025-02-15 16:28:13,363 [INFO] ApiDb:274 - Set plugin database path to: /Applications/STM32CubeIDE.app/Contents/Eclipse/plugins/com.st.stm32cube.common.mx_6.13.0.202411220809//db//plugins/boardmanager/
2025-02-15 16:28:13,363 [WARN] ApiDb:259 - Overriding images path with different value:  => /Applications/STM32CubeIDE.app/Contents/Eclipse/plugins/com.st.stm32cube.common.mx_6.13.0.202411220809//db//plugins/mcufinder/images/
2025-02-15 16:28:13,366 [INFO] ApiDb:250 - Set database path to: /Users/mauricewashington/.stmcufinder/plugins/mcufinder//mcu/
2025-02-15 16:28:13,367 [INFO] DbMcusAds:125 - Set database path to: /Users/mauricewashington/.stmcufinder/plugins/mcufinder//mcu/
2025-02-15 16:28:13,368 [INFO] CrossReferenceDbSqlite:203 - Set database path to: /Users/mauricewashington/.stmcufinder/plugins/mcufinder//mcu/cs/
2025-02-15 16:28:13,477 [INFO] RulesReader:64 - Compatibility file has been processed (297 Rules)
2025-02-15 16:28:13,540 [INFO] DbMcusXml:78 - Set database path to: /Applications/STM32CubeIDE.app/Contents/Eclipse/plugins/com.st.stm32cube.common.mx_6.13.0.202411220809//db//mcu/
2025-02-15 16:28:13,540 [INFO] ApiDb:274 - Set plugin database path to: /Applications/STM32CubeIDE.app/Contents/Eclipse/plugins/com.st.stm32cube.common.mx_6.13.0.202411220809//db//plugins/boardmanager/
2025-02-15 16:28:13,541 [INFO] ApiDb:261 - Set plugin images path to: /Applications/STM32CubeIDE.app/Contents/Eclipse/plugins/com.st.stm32cube.common.mx_6.13.0.202411220809//db//plugins/mcufinder/images/
2025-02-15 16:28:13,541 [WARN] DbFile:41 - Overriding database path with different value: /Users/mauricewashington/.stmcufinder/plugins/mcufinder/ => /Users/mauricewashington/.stmcufinder/plugins/mcufinder
2025-02-15 16:28:13,542 [INFO] ApiDb:250 - Set database path to: /Users/mauricewashington/.stmcufinder/plugins/mcufinder//mcu/
2025-02-15 16:28:13,542 [WARN] DbFile:41 - Overriding database path with different value: /Users/mauricewashington/.stmcufinder/plugins/mcufinder/ => /Users/mauricewashington/.stmcufinder/plugins/mcufinder
2025-02-15 16:28:13,542 [INFO] DbMcusAds:125 - Set database path to: /Users/mauricewashington/.stmcufinder/plugins/mcufinder//mcu/
2025-02-15 16:28:13,542 [WARN] DbFile:41 - Overriding database path with different value: /Users/mauricewashington/.stmcufinder/plugins/mcufinder/ => /Users/mauricewashington/.stmcufinder/plugins/mcufinder
2025-02-15 16:28:13,543 [WARN] DbFile:41 - Overriding database path with different value: /Users/mauricewashington/.stmcufinder/plugins/mcufinder/ => /Users/mauricewashington/.stmcufinder/plugins/mcufinder
2025-02-15 16:28:13,543 [INFO] CrossReferenceDbSqlite:203 - Set database path to: /Users/mauricewashington/.stmcufinder/plugins/mcufinder//mcu/cs/
2025-02-15 16:28:13,677 [INFO] MainPanel:272 - HeapMemory: 320864256
2025-02-15 16:28:13,747 [ERROR] LogOutputStream:75 - [STDERR_REDIRECT] [Fatal Error] :2:10: DOCTYPE is disallowed when the feature "http://apache.org/xml/features/disallow-doctype-decl" set to true.
2025-02-15 16:28:13,748 [ERROR] LogOutputStream:75 - [STDERR_REDIRECT] 
2025-02-15 16:28:13,925 [INFO] DbMcusXml:78 - Set database path to: /Applications/STM32CubeIDE.app/Contents/Eclipse/plugins/com.st.stm32cube.common.mx_6.13.0.202411220809//db//mcu/
2025-02-15 16:28:13,925 [INFO] ApiDb:274 - Set plugin database path to: /Applications/STM32CubeIDE.app/Contents/Eclipse/plugins/com.st.stm32cube.common.mx_6.13.0.202411220809//db//plugins/boardmanager/
2025-02-15 16:28:13,925 [INFO] ApiDb:261 - Set plugin images path to: /Applications/STM32CubeIDE.app/Contents/Eclipse/plugins/com.st.stm32cube.common.mx_6.13.0.202411220809//db//plugins/mcufinder/images/
2025-02-15 16:28:13,925 [WARN] DbFile:41 - Overriding database path with different value: /Users/mauricewashington/.stmcufinder/plugins/mcufinder/ => /Users/mauricewashington/.stmcufinder/plugins/mcufinder
2025-02-15 16:28:13,925 [INFO] ApiDb:250 - Set database path to: /Users/mauricewashington/.stmcufinder/plugins/mcufinder//mcu/
2025-02-15 16:28:13,925 [WARN] DbFile:41 - Overriding database path with different value: /Users/mauricewashington/.stmcufinder/plugins/mcufinder/ => /Users/mauricewashington/.stmcufinder/plugins/mcufinder
2025-02-15 16:28:13,925 [INFO] DbMcusAds:125 - Set database path to: /Users/mauricewashington/.stmcufinder/plugins/mcufinder//mcu/
2025-02-15 16:28:13,925 [WARN] DbFile:41 - Overriding database path with different value: /Users/mauricewashington/.stmcufinder/plugins/mcufinder/ => /Users/mauricewashington/.stmcufinder/plugins/mcufinder
2025-02-15 16:28:13,925 [WARN] DbFile:41 - Overriding database path with different value: /Users/mauricewashington/.stmcufinder/plugins/mcufinder/ => /Users/mauricewashington/.stmcufinder/plugins/mcufinder
2025-02-15 16:28:13,925 [INFO] CrossReferenceDbSqlite:203 - Set database path to: /Users/mauricewashington/.stmcufinder/plugins/mcufinder//mcu/cs/
2025-02-15 16:28:13,939 [INFO] ApplicationProperties:184 - Using Application install path: /Applications/STM32CubeIDE.app/Contents/Eclipse/plugins/com.st.stm32cube.common.mx_6.13.0.202411220809
2025-02-15 16:28:13,940 [INFO] PluginManage:196 - Search for loadable plugins [exclusion list=, ]
2025-02-15 16:28:13,941 [INFO] PluginManage:310 - Check plugin analytics
2025-02-15 16:28:14,089 [INFO] AnalyticsPlugin:253 - Accepted Software Licenses: 
2025-02-15 16:28:14,089 [INFO] AnalyticsPlugin:255 - Accepted CMSIS Pack Licenses: 
2025-02-15 16:28:14,089 [INFO] AnalyticsPlugin:257 - Accepted Firmware Licenses: 
2025-02-15 16:28:14,096 [INFO] PluginManage:359 - Loaded plugin analytics (category:tool,tabindex:-1)
2025-02-15 16:28:14,098 [INFO] PluginManage:310 - Check plugin cadmodel
2025-02-15 16:28:14,105 [INFO] CADModel:105 - Init CAD model plugin
2025-02-15 16:28:14,105 [INFO] PluginManage:359 - Loaded plugin cadmodel (category:power,tabindex:5)
2025-02-15 16:28:14,106 [INFO] PluginManage:310 - Check plugin clock
2025-02-15 16:28:14,112 [INFO] PluginManage:359 - Loaded plugin clock (category:base,tabindex:2)
2025-02-15 16:28:14,112 [INFO] PluginManage:310 - Check plugin ddr
2025-02-15 16:28:14,113 [INFO] PluginManage:359 - Loaded plugin ddr (category:tool,tabindex:6)
2025-02-15 16:28:14,113 [INFO] PluginManage:310 - Check plugin filemanager
2025-02-15 16:28:14,234 [INFO] PluginManage:359 - Loaded plugin filemanager (category:base,tabindex:10)
2025-02-15 16:28:14,234 [INFO] PluginManage:310 - Check plugin ipmanager
2025-02-15 16:28:14,240 [INFO] PluginManage:359 - Loaded plugin ipmanager (category:base,tabindex:5)
2025-02-15 16:28:14,240 [INFO] PluginManage:310 - Check plugin lpbam
2025-02-15 16:28:14,246 [INFO] PluginManage:359 - Loaded plugin lpbam (category:base,tabindex:0)
2025-02-15 16:28:14,247 [INFO] PluginManage:310 - Check plugin memorymap
2025-02-15 16:28:14,253 [INFO] PluginManage:359 - Loaded plugin memorymap (category:base,tabindex:4)
2025-02-15 16:28:14,253 [INFO] PluginManage:310 - Check plugin pinoutandconfiguration
2025-02-15 16:28:14,256 [INFO] PluginManage:359 - Loaded plugin pinoutandconfiguration (category:base,tabindex:1)
2025-02-15 16:28:14,257 [INFO] PluginManage:310 - Check plugin pinoutconfig
2025-02-15 16:28:14,441 [WARN] SupportedApi:132 - Cannot load RTOS API schema: s4s-elt-must-match.1: The content of 'definitions' must match (annotation?, (simpleType | complexType)?, (unique | key | keyref)*)). A problem was found starting at: attribute.
2025-02-15 16:28:14,644 [INFO] PluginManage:359 - Loaded plugin pinoutconfig (category:base,tabindex:0)
2025-02-15 16:28:14,645 [INFO] PluginManage:310 - Check plugin power
2025-02-15 16:28:14,679 [INFO] PluginManage:359 - Loaded plugin power (category:power,tabindex:4)
2025-02-15 16:28:14,680 [INFO] PluginManage:310 - Check plugin projectmanager
2025-02-15 16:28:14,736 [INFO] PluginManage:359 - Loaded plugin projectmanager (category:projectmanager,tabindex:4)
2025-02-15 16:28:14,737 [INFO] PluginManage:310 - Check plugin rif
2025-02-15 16:28:14,740 [INFO] PluginManage:359 - Loaded plugin rif (category:base,tabindex:3)
2025-02-15 16:28:14,741 [INFO] PluginManage:310 - Check plugin thirdparty
2025-02-15 16:28:14,842 [INFO] PluginManage:359 - Loaded plugin thirdparty (category:base,tabindex:-1)
2025-02-15 16:28:14,842 [INFO] PluginManage:310 - Check plugin tools
2025-02-15 16:28:14,845 [INFO] PluginManage:359 - Loaded plugin tools (category:base,tabindex:7)
2025-02-15 16:28:14,846 [INFO] PluginManage:310 - Check plugin tutovideos
2025-02-15 16:28:14,842 [WARN] IntegrityCheckThread:84 - waiting for thirdparty lock release [integrity check]
2025-02-15 16:28:14,846 [INFO] IntegrityCheckThread:86 - entering critical section [integrity check]
2025-02-15 16:28:14,847 [INFO] ThirdPartyUpdaterWithRetryManager:70 - Updater plugin not ready yet. [1/15]
2025-02-15 16:28:14,961 [INFO] PluginManage:359 - Loaded plugin tutovideos (category:base,tabindex:-1)
2025-02-15 16:28:14,961 [INFO] PluginManage:310 - Check plugin updater
2025-02-15 16:28:14,980 [INFO] PluginManage:359 - Loaded plugin updater (category:base,tabindex:12)
2025-02-15 16:28:14,980 [INFO] PluginManage:310 - Check plugin userauth
2025-02-15 16:28:14,982 [INFO] UserAuth:118 - Init User Auth plugin
2025-02-15 16:28:14,983 [INFO] PluginManage:359 - Loaded plugin userauth (category:base,tabindex:14)
2025-02-15 16:28:14,985 [INFO] PluginManage:283 - PluginManage : Loaded plugins [18]
2025-02-15 16:28:15,149 [INFO] PinOutPanel:1589 - setPackage(No Configuration,No Configuration)
2025-02-15 16:28:15,193 [INFO] CADModel:165 - CPN selected for project level
2025-02-15 16:28:15,194 [INFO] CADModel:114 - Register for checkConnection events
2025-02-15 16:28:15,200 [INFO] IPUIPlugin:80 - create IPUIPlugin
2025-02-15 16:28:15,200 [INFO] PluginManager:220 - loadIPPluginJar : add mdma
2025-02-15 16:28:15,203 [INFO] IPUIPlugin:80 - create IPUIPlugin
2025-02-15 16:28:15,203 [INFO] PluginManager:220 - loadIPPluginJar : add freertos
2025-02-15 16:28:15,205 [INFO] IPUIPlugin:80 - create IPUIPlugin
2025-02-15 16:28:15,205 [INFO] PluginManager:220 - loadIPPluginJar : add gic
2025-02-15 16:28:15,208 [INFO] IPUIPlugin:80 - create IPUIPlugin
2025-02-15 16:28:15,208 [INFO] PluginManager:220 - loadIPPluginJar : add adc
2025-02-15 16:28:15,209 [INFO] IPUIPlugin:80 - create IPUIPlugin
2025-02-15 16:28:15,209 [INFO] PluginManager:220 - loadIPPluginJar : add gtzc
2025-02-15 16:28:15,210 [INFO] IPUIPlugin:80 - create IPUIPlugin
2025-02-15 16:28:15,210 [INFO] PluginManager:220 - loadIPPluginJar : add quadspi
2025-02-15 16:28:15,210 [INFO] IPUIPlugin:80 - create IPUIPlugin
2025-02-15 16:28:15,210 [INFO] PluginManager:220 - loadIPPluginJar : add aes
2025-02-15 16:28:15,211 [INFO] IPUIPlugin:80 - create IPUIPlugin
2025-02-15 16:28:15,211 [INFO] PluginManager:220 - loadIPPluginJar : add pdm2pcm
2025-02-15 16:28:15,212 [INFO] IPUIPlugin:80 - create IPUIPlugin
2025-02-15 16:28:15,212 [INFO] PluginManager:220 - loadIPPluginJar : add hash
2025-02-15 16:28:15,212 [INFO] IPUIPlugin:80 - create IPUIPlugin
2025-02-15 16:28:15,212 [INFO] PluginManager:220 - loadIPPluginJar : add tim
2025-02-15 16:28:15,213 [INFO] IPUIPlugin:80 - create IPUIPlugin
2025-02-15 16:28:15,213 [INFO] PluginManager:220 - loadIPPluginJar : add tsc
2025-02-15 16:28:15,214 [INFO] IPUIPlugin:80 - create IPUIPlugin
2025-02-15 16:28:15,214 [INFO] PluginManager:220 - loadIPPluginJar : add extmemmanager
2025-02-15 16:28:15,215 [INFO] IPUIPlugin:80 - create IPUIPlugin
2025-02-15 16:28:15,215 [INFO] PluginManager:220 - loadIPPluginJar : add ts
2025-02-15 16:28:15,216 [INFO] IPUIPlugin:80 - create IPUIPlugin
2025-02-15 16:28:15,216 [INFO] PluginManager:220 - loadIPPluginJar : add radio
2025-02-15 16:28:15,217 [INFO] IPUIPlugin:80 - create IPUIPlugin
2025-02-15 16:28:15,217 [INFO] PluginManager:220 - loadIPPluginJar : add can
2025-02-15 16:28:15,217 [INFO] IPUIPlugin:80 - create IPUIPlugin
2025-02-15 16:28:15,217 [INFO] PluginManager:220 - loadIPPluginJar : add dma3
2025-02-15 16:28:15,218 [INFO] IPUIPlugin:80 - create IPUIPlugin
2025-02-15 16:28:15,218 [INFO] PluginManager:220 - loadIPPluginJar : add dfsdm
2025-02-15 16:28:15,219 [INFO] IPUIPlugin:80 - create IPUIPlugin
2025-02-15 16:28:15,219 [INFO] PluginManager:220 - loadIPPluginJar : add spi
2025-02-15 16:28:15,220 [INFO] IPUIPlugin:80 - create IPUIPlugin
2025-02-15 16:28:15,220 [INFO] PluginManager:220 - loadIPPluginJar : add gfxmmu
2025-02-15 16:28:15,221 [INFO] IPUIPlugin:80 - create IPUIPlugin
2025-02-15 16:28:15,221 [INFO] PluginManager:220 - loadIPPluginJar : add genericplugin
2025-02-15 16:28:15,222 [INFO] IPUIPlugin:80 - create IPUIPlugin
2025-02-15 16:28:15,222 [INFO] PluginManager:220 - loadIPPluginJar : add cryp
2025-02-15 16:28:15,223 [INFO] IPUIPlugin:80 - create IPUIPlugin
2025-02-15 16:28:15,224 [INFO] PluginManager:220 - loadIPPluginJar : add gpio
2025-02-15 16:28:15,224 [INFO] IPUIPlugin:80 - create IPUIPlugin
2025-02-15 16:28:15,225 [INFO] PluginManager:220 - loadIPPluginJar : add ddr_ctrl_phy
2025-02-15 16:28:15,226 [INFO] IPUIPlugin:80 - create IPUIPlugin
2025-02-15 16:28:15,226 [INFO] PluginManager:220 - loadIPPluginJar : add comp
2025-02-15 16:28:15,227 [INFO] IPUIPlugin:80 - create IPUIPlugin
2025-02-15 16:28:15,228 [INFO] PluginManager:220 - loadIPPluginJar : add tracer_emb
2025-02-15 16:28:15,228 [INFO] IPUIPlugin:80 - create IPUIPlugin
2025-02-15 16:28:15,229 [INFO] PluginManager:220 - loadIPPluginJar : add openamp
2025-02-15 16:28:15,231 [INFO] IPUIPlugin:80 - create IPUIPlugin
2025-02-15 16:28:15,231 [INFO] PluginManager:220 - loadIPPluginJar : add stm32_wpan
2025-02-15 16:28:15,233 [INFO] IPUIPlugin:80 - create IPUIPlugin
2025-02-15 16:28:15,235 [INFO] PluginManager:220 - loadIPPluginJar : add plateformsettings
2025-02-15 16:28:15,236 [INFO] IPUIPlugin:80 - create IPUIPlugin
2025-02-15 16:28:15,236 [INFO] PluginManager:220 - loadIPPluginJar : add ipddr
2025-02-15 16:28:15,237 [INFO] IPUIPlugin:80 - create IPUIPlugin
2025-02-15 16:28:15,237 [INFO] PluginManager:220 - loadIPPluginJar : add usart
2025-02-15 16:28:15,238 [INFO] IPUIPlugin:80 - create IPUIPlugin
2025-02-15 16:28:15,238 [INFO] PluginManager:220 - loadIPPluginJar : add ltdc
2025-02-15 16:28:15,239 [INFO] IPUIPlugin:80 - create IPUIPlugin
2025-02-15 16:28:15,239 [INFO] PluginManager:220 - loadIPPluginJar : add nvic
2025-02-15 16:28:15,239 [INFO] IPUIPlugin:80 - create IPUIPlugin
2025-02-15 16:28:15,239 [INFO] PluginManager:220 - loadIPPluginJar : add fatfs
2025-02-15 16:28:15,242 [INFO] IPUIPlugin:80 - create IPUIPlugin
2025-02-15 16:28:15,242 [INFO] PluginManager:220 - loadIPPluginJar : add linkedlist
2025-02-15 16:28:15,245 [INFO] IPUIPlugin:80 - create IPUIPlugin
2025-02-15 16:28:15,245 [INFO] PluginManager:220 - loadIPPluginJar : add dma
2025-02-15 16:28:15,246 [INFO] IPUIPlugin:80 - create IPUIPlugin
2025-02-15 16:28:15,247 [INFO] PluginManager:220 - loadIPPluginJar : add fmc
2025-02-15 16:28:15,248 [INFO] IPUIPlugin:80 - create IPUIPlugin
2025-02-15 16:28:15,248 [INFO] PluginManager:220 - loadIPPluginJar : add i2s
2025-02-15 16:28:15,249 [INFO] IPUIPlugin:80 - create IPUIPlugin
2025-02-15 16:28:15,249 [INFO] PluginManager:220 - loadIPPluginJar : add ucpd
2025-02-15 16:28:15,250 [INFO] IPUIPlugin:80 - create IPUIPlugin
2025-02-15 16:28:15,250 [INFO] PluginManager:220 - loadIPPluginJar : add lorawan
2025-02-15 16:28:15,250 [INFO] IPUIPlugin:80 - create IPUIPlugin
2025-02-15 16:28:15,250 [INFO] PluginManager:220 - loadIPPluginJar : add opamp
2025-02-15 16:28:15,251 [INFO] IPUIPlugin:80 - create IPUIPlugin
2025-02-15 16:28:15,251 [INFO] PluginManager:220 - loadIPPluginJar : add i3c
2025-02-15 16:28:15,252 [INFO] IPUIPlugin:80 - create IPUIPlugin
2025-02-15 16:28:15,252 [INFO] PluginManager:220 - loadIPPluginJar : add touchsensing
2025-02-15 16:28:15,253 [INFO] IPUIPlugin:80 - create IPUIPlugin
2025-02-15 16:28:15,253 [INFO] PluginManager:220 - loadIPPluginJar : add i2c
2025-02-15 16:28:15,256 [INFO] IPUIPlugin:80 - create IPUIPlugin
2025-02-15 16:28:15,256 [INFO] PluginManager:220 - loadIPPluginJar : add resmgrutility
2025-02-15 16:28:15,257 [INFO] IPUIPlugin:80 - create IPUIPlugin
2025-02-15 16:28:15,257 [INFO] PluginManager:220 - loadIPPluginJar : add sai
2025-02-15 16:28:15,258 [INFO] IPUIPlugin:80 - create IPUIPlugin
2025-02-15 16:28:15,258 [INFO] PluginManager:220 - loadIPPluginJar : add usbx
2025-02-15 16:28:15,360 [FATAL] Updater:351 - Updater called before beeing initialized
2025-02-15 16:28:15,401 [INFO] RulesReader:64 - Compatibility file has been processed (297 Rules)
2025-02-15 16:28:15,412 [INFO] RulesReader:64 - Compatibility file has been processed (297 Rules)
2025-02-15 16:28:15,421 [INFO] CADModel:165 - CPN selected for project level
2025-02-15 16:28:15,422 [INFO] CADModel:114 - Register for checkConnection events
2025-02-15 16:28:15,422 [FATAL] Updater:351 - Updater called before beeing initialized
2025-02-15 16:28:15,422 [ERROR] CADModel:125 - Updater not yet initialized, retry later 
2025-02-15 16:28:15,618 [FATAL] Updater:351 - Updater called before beeing initialized
2025-02-15 16:28:15,619 [INFO] CADModel:165 - CPN selected for project level
2025-02-15 16:28:15,619 [INFO] CADModel:114 - Register for checkConnection events
2025-02-15 16:28:15,620 [FATAL] Updater:351 - Updater called before beeing initialized
2025-02-15 16:28:15,620 [ERROR] CADModel:125 - Updater not yet initialized, retry later 
2025-02-15 16:28:15,622 [FATAL] Updater:351 - Updater called before beeing initialized
2025-02-15 16:28:15,725 [FATAL] Updater:351 - Updater called before beeing initialized
2025-02-15 16:28:15,730 [INFO] DbMcusAds:53 - JSON generation date=Wed Sep 29 23:55:09 PDT 2021 (1632984909247)
2025-02-15 16:28:15,730 [FATAL] Updater:351 - Updater called before beeing initialized
2025-02-15 16:28:15,768 [WARN] DetailPanel:346 - Failed to get advertising image, set to default
2025-02-15 16:28:15,917 [FATAL] Updater:351 - Updater called before beeing initialized
2025-02-15 16:28:15,919 [FATAL] Updater:351 - Updater called before beeing initialized
2025-02-15 16:28:15,919 [FATAL] Updater:351 - Updater called before beeing initialized
2025-02-15 16:28:15,920 [WARN] DetailPanel:346 - Failed to get advertising image, set to default
2025-02-15 16:28:15,921 [FATAL] Updater:351 - Updater called before beeing initialized
2025-02-15 16:28:15,987 [ERROR] Updater:1198 - MainUpdater not yet initialized. External WinMGr cannot be set.
2025-02-15 16:28:15,996 [INFO] Updater:1134 - Updater Version found : 6.13.0
2025-02-15 16:28:16,004 [INFO] ApplicationProperties:184 - Using Application install path: /Applications/STM32CubeIDE.app/Contents/Eclipse/plugins/com.st.stm32cube.common.mx_6.13.0.202411220809
2025-02-15 16:28:16,273 [INFO] MainUpdater:2872 - connection check result : 10
2025-02-15 16:28:16,273 [INFO] MainUpdater:289 - Updater Check For Update Now.
2025-02-15 16:28:16,274 [INFO] MicroXplorer:498 - Change Database Version : DB.6.0.130
2025-02-15 16:28:16,276 [INFO] McuFinderGlobals:63 - Set McuFinder mode to 2 (CubeIDE integrated)
2025-02-15 16:28:16,276 [INFO] UserAuth:171 - activating auth plugin
2025-02-15 16:28:16,287 [INFO] UserAuth:486 - Internet connection configuration mode: 1
2025-02-15 16:28:16,297 [INFO] JxBrowserEngine:152 - Initiate JxBrowser Engine with user profile folder
2025-02-15 16:28:16,531 [INFO] CheckServerUpdateThread:120 - End of CheckServer Thread
2025-02-15 16:28:17,985 [WARN] PackLoader:240 - Cannot read IP mode file for STMicroelectronics.FP-SNS-MOTENVWB1.1.4.0
2025-02-15 16:28:18,001 [WARN] PackLoader:240 - Cannot read IP mode file for STMicroelectronics.FP-ATR-ASTRA1.2.0.1
2025-02-15 16:28:18,010 [WARN] PackLoader:240 - Cannot read IP mode file for STMicroelectronics.X-CUBE-SMBUS.2.1.0
2025-02-15 16:28:18,016 [WARN] PackLoader:240 - Cannot read IP mode file for STMicroelectronics.X-CUBE-WB05N.1.1.0
2025-02-15 16:28:18,076 [WARN] PackLoader:240 - Cannot read IP mode file for STMicroelectronics.X-CUBE-AZRTOS-F7.1.1.0
2025-02-15 16:28:18,104 [WARN] PackLoader:240 - Cannot read IP mode file for STMicroelectronics.FP-SNS-FLIGHT1.5.0.2
2025-02-15 16:28:18,148 [WARN] PackLoader:240 - Cannot read IP mode file for Infineon.AIROC-Wi-Fi-Bluetooth-STM32.1.7.0
2025-02-15 16:28:18,177 [WARN] PackLoader:240 - Cannot read IP mode file for STMicroelectronics.X-CUBE-DISPLAY.3.0.0
2025-02-15 16:28:18,195 [WARN] PackLoader:240 - Cannot read IP mode file for STMicroelectronics.X-CUBE-BLE1.7.0.0
2025-02-15 16:28:18,212 [WARN] PackLoader:240 - Cannot read IP mode file for STMicroelectronics.X-CUBE-NFC10.1.0.0
2025-02-15 16:28:18,231 [WARN] PackLoader:240 - Cannot read IP mode file for STMicroelectronics.X-CUBE-BLEMGR.4.0.0
2025-02-15 16:28:18,254 [WARN] PackLoader:240 - Cannot read IP mode file for emotas.I-CUBE-CANOPEN.1.3.0
2025-02-15 16:28:18,264 [WARN] PackLoader:240 - Cannot read IP mode file for STMicroelectronics.X-CUBE-AI.10.0.0
2025-02-15 16:28:18,269 [WARN] PackLoader:240 - Cannot read IP mode file for STMicroelectronics.FP-SNS-SMARTAG2.1.2.0
2025-02-15 16:28:18,346 [WARN] PackLoader:240 - Cannot read IP mode file for STMicroelectronics.X-CUBE-MEMS1.11.1.0
2025-02-15 16:28:18,438 [INFO] LogOutputStream:77 - [STDOUT_REDIRECT] 1 : Invalid condition id : UX_CORESTACK_Condition cause : null
2025-02-15 16:28:18,439 [INFO] LogOutputStream:77 - [STDOUT_REDIRECT] 1 : Invalid condition id : UX_CORESTACK_Condition cause : null
2025-02-15 16:28:18,439 [INFO] LogOutputStream:77 - [STDOUT_REDIRECT] 1 : Invalid condition id : UX_CORESTACK_Condition cause : null
2025-02-15 16:28:18,439 [INFO] LogOutputStream:77 - [STDOUT_REDIRECT] 1 : Invalid condition id : UX_CORESTACK_Condition cause : null
2025-02-15 16:28:18,439 [INFO] LogOutputStream:77 - [STDOUT_REDIRECT] 1 : Invalid condition id : UX_CORESTACK_Condition cause : null
2025-02-15 16:28:18,443 [WARN] PackLoader:240 - Cannot read IP mode file for STMicroelectronics.X-CUBE-AZRTOS-WL.2.0.0
2025-02-15 16:28:18,460 [WARN] PackLoader:240 - Cannot read IP mode file for STMicroelectronics.FP-SNS-MOTENV1.5.0.0
2025-02-15 16:28:18,474 [WARN] PackLoader:240 - Cannot read IP mode file for wolfSSL.I-CUBE-wolfMQTT.1.19.0
2025-02-15 16:28:18,482 [WARN] PackLoader:240 - Cannot read IP mode file for WES.I-CUBE-Cesium.1.3.0
2025-02-15 16:28:18,488 [WARN] PackLoader:240 - Cannot read IP mode file for STMicroelectronics.X-CUBE-BLE2.3.3.0
2025-02-15 16:28:18,496 [WARN] PackLoader:240 - Cannot read IP mode file for STMicroelectronics.X-CUBE-NFC9.1.0.0
2025-02-15 16:28:18,511 [WARN] PackLoader:240 - Cannot read IP mode file for STMicroelectronics.X-CUBE-AZRTOS-G0.1.1.0
2025-02-15 16:28:18,519 [WARN] PackLoader:240 - Cannot read IP mode file for STMicroelectronics.X-CUBE-SAFEA1.1.2.2
2025-02-15 16:28:18,523 [WARN] PackLoader:240 - Cannot read IP mode file for STMicroelectronics.X-CUBE-NFC4.3.0.0
2025-02-15 16:28:18,530 [WARN] PackLoader:240 - Cannot read IP mode file for EmbeddedOffice.I-CUBE-FS-RTOS.1.0.1
2025-02-15 16:28:18,534 [WARN] PackLoader:240 - Cannot read IP mode file for STMicroelectronics.X-CUBE-TCPP.4.2.0
2025-02-15 16:28:18,542 [WARN] PackLoader:240 - Cannot read IP mode file for RealThread.X-CUBE-RT-Thread_Nano.4.1.1
2025-02-15 16:28:18,544 [WARN] PackLoader:240 - Cannot read IP mode file for STMicroelectronics.FP-ATR-SIGFOX1.3.2.0
2025-02-15 16:28:18,547 [WARN] ConditionMgr:438 - getConditionDescription Invalid condition id : Cortex-A Device cause : null
2025-02-15 16:28:18,561 [WARN] ConditionMgr:1044 - genDependencies : Invalid condition id : Cortex-A Device cause : null
2025-02-15 16:28:18,561 [WARN] ConditionMgr:1044 - genDependencies : Invalid condition id : Cortex-A Device cause : null
2025-02-15 16:28:18,562 [WARN] ConditionMgr:1044 - genDependencies : Invalid condition id : Cortex-A Device cause : null
2025-02-15 16:28:18,569 [WARN] PackLoader:240 - Cannot read IP mode file for STMicroelectronics.X-CUBE-EEPRMA1.5.1.0
2025-02-15 16:28:18,572 [WARN] PackLoader:240 - Cannot read IP mode file for wolfSSL.I-CUBE-wolfSSL.5.7.6
2025-02-15 16:28:18,576 [WARN] PackLoader:240 - Cannot read IP mode file for ITTIA_DB.I-CUBE-ITTIADB.8.9.0
2025-02-15 16:28:18,623 [WARN] PackLoader:240 - Cannot read IP mode file for SEGGER.I-CUBE-embOS.1.3.1
2025-02-15 16:28:18,668 [WARN] PackLoader:240 - Cannot read IP mode file for STMicroelectronics.X-CUBE-ALGOBUILD.1.4.0
2025-02-15 16:28:18,690 [WARN] PackLoader:240 - Cannot read IP mode file for STMicroelectronics.X-CUBE-AZRTOS-F4.1.1.0
2025-02-15 16:28:18,698 [WARN] PackLoader:240 - Cannot read IP mode file for STMicroelectronics.X-CUBE-ISPU.2.1.0
2025-02-15 16:28:18,718 [WARN] PackLoader:240 - Cannot read IP mode file for STMicroelectronics.X-CUBE-AZRTOS-L5.2.0.0
2025-02-15 16:28:18,730 [WARN] PackLoader:240 - Cannot read IP mode file for STMicroelectronics.X-CUBE-NFC6.3.1.0
2025-02-15 16:28:18,738 [WARN] PackLoader:240 - Cannot read IP mode file for STMicroelectronics.X-CUBE-DPower.1.2.0
2025-02-15 16:28:18,742 [WARN] PackLoader:240 - Cannot read IP mode file for STMicroelectronics.X-CUBE-FREERTOS.1.3.0
2025-02-15 16:28:18,747 [WARN] PackLoader:240 - Cannot read IP mode file for STMicroelectronics.X-CUBE-NFC7.1.0.1
2025-02-15 16:28:18,762 [WARN] ConditionMgr:438 - getConditionDescription Invalid condition id : LAN8742 Phy interface Condition cause : null
2025-02-15 16:28:18,763 [WARN] PackLoader:240 - Cannot read IP mode file for STMicroelectronics.X-CUBE-AZRTOS-L4.2.0.0
2025-02-15 16:28:18,765 [WARN] ConditionMgr:1044 - genDependencies : Invalid condition id : LAN8742 Phy interface Condition cause : null
2025-02-15 16:28:18,766 [WARN] ConditionMgr:1044 - genDependencies : Invalid condition id : LAN8742 Phy interface Condition cause : null
2025-02-15 16:28:18,767 [WARN] ConditionMgr:1044 - genDependencies : Invalid condition id : LAN8742 Phy interface Condition cause : null
2025-02-15 16:28:18,776 [WARN] PackLoader:240 - Cannot read IP mode file for STMicroelectronics.X-CUBE-SFXS2LP1.4.0.0
2025-02-15 16:28:18,795 [WARN] PackLoader:240 - Cannot read IP mode file for STMicroelectronics.X-CUBE-AZRTOS-H7.3.3.0
2025-02-15 16:28:18,817 [WARN] ConditionMgr:438 - getConditionDescription Invalid condition id : UX DEVICE CLASS RTOS Condition cause : null
2025-02-15 16:28:18,818 [WARN] ConditionMgr:438 - getConditionDescription Invalid condition id : UX DEVICE CLASS RTOS Condition cause : null
2025-02-15 16:28:18,820 [WARN] PackLoader:240 - Cannot read IP mode file for STMicroelectronics.X-CUBE-AZRTOS-WB.2.0.0
2025-02-15 16:28:18,821 [WARN] ConditionMgr:1044 - genDependencies : Invalid condition id : UX DEVICE CLASS RTOS Condition cause : null
2025-02-15 16:28:18,821 [WARN] ConditionMgr:1044 - genDependencies : Invalid condition id : UX DEVICE CLASS RTOS Condition cause : null
2025-02-15 16:28:18,821 [WARN] ConditionMgr:1044 - genDependencies : Invalid condition id : UX DEVICE CLASS RTOS Condition cause : null
2025-02-15 16:28:18,822 [WARN] ConditionMgr:1044 - genDependencies : Invalid condition id : UX DEVICE CLASS RTOS Condition cause : null
2025-02-15 16:28:18,822 [WARN] ConditionMgr:1044 - genDependencies : Invalid condition id : UX DEVICE CLASS RTOS Condition cause : null
2025-02-15 16:28:18,831 [WARN] PackLoader:240 - Cannot read IP mode file for STMicroelectronics.X-CUBE-GNSS1.7.0.1
2025-02-15 16:28:18,839 [WARN] PackLoader:240 - Cannot read IP mode file for STMicroelectronics.FP-SNS-STBOX1.2.0.0
2025-02-15 16:28:18,851 [WARN] PackLoader:240 - Cannot read IP mode file for STMicroelectronics.X-CUBE-SUBG2.5.0.0
2025-02-15 16:28:18,861 [WARN] PackLoader:240 - Cannot read IP mode file for Cesanta.I-CUBE-Mongoose.7.13.0
2025-02-15 16:28:18,899 [WARN] PackLoader:240 - Cannot read IP mode file for STMicroelectronics.X-CUBE-AZRTOS-G4.2.0.0
2025-02-15 16:28:18,911 [WARN] PackLoader:240 - Cannot read IP mode file for STMicroelectronics.X-CUBE-IPS.3.1.0
2025-02-15 16:28:18,917 [WARN] PackLoader:240 - Cannot read IP mode file for STMicroelectronics.X-CUBE-ALS.1.0.2
2025-02-15 16:28:18,920 [WARN] PackLoader:240 - Cannot read IP mode file for STMicroelectronics.X-CUBE-TOUCHGFX.4.24.2
2025-02-15 16:28:18,923 [WARN] PackLoader:240 - Cannot read IP mode file for wolfSSL.I-CUBE-wolfTPM.3.4.0
2025-02-15 16:28:18,928 [WARN] PackLoader:240 - Cannot read IP mode file for portGmbH.I-Cube-SoM-uGOAL.1.1.0
2025-02-15 16:28:18,943 [WARN] PackLoader:240 - Cannot read IP mode file for STMicroelectronics.X-CUBE-AZRTOS-H7RS.1.0.0
2025-02-15 16:28:18,957 [WARN] PackLoader:240 - Cannot read IP mode file for STMicroelectronics.X-CUBE-TOF1.3.4.2
2025-02-15 16:28:18,966 [WARN] PackLoader:240 - Cannot read IP mode file for wolfSSL.I-CUBE-wolfSSH.1.4.17
2025-02-15 16:28:18,967 [INFO] ThirdParty:978 - Integrity check success = true
2025-02-15 16:28:18,967 [INFO] IntegrityCheckThread:100 - exiting critical section [integrity check]
2025-02-15 16:28:18,968 [INFO] IntegrityCheckThread:103 - End integrity checks thread
2025-02-15 16:28:20,097 [INFO] WebApp:168 - Instantiating new browser for Auth
2025-02-15 16:28:21,239 [INFO] WebApp:449 - Apply proxy settings
2025-02-15 16:28:21,286 [INFO] WebApp:494 - Chromium authenticates against Manually configured proxy
2025-02-15 16:28:21,322 [INFO] WebApp:502 - Username used for proxy authentication: 
2025-02-15 16:28:21,367 [INFO] WebApp:880 - Register for checkConnection events
2025-02-15 16:28:21,368 [INFO] WebApp:449 - Apply proxy settings
2025-02-15 16:28:21,375 [INFO] WebApp:494 - Chromium authenticates against Manually configured proxy
2025-02-15 16:28:21,375 [INFO] WebApp:502 - Username used for proxy authentication: 
2025-02-15 16:28:21,510 [INFO] WebApp:221 - Starting web application
2025-02-15 16:28:21,510 [INFO] WebApp:579 - Web application path used /Applications/STM32CubeIDE.app/Contents/Eclipse/plugins/com.st.stm32cube.common.mx_6.13.0.202411220809/db/plugins/mcufinder/reactClient1/index.html
2025-02-15 16:28:21,923 [INFO] WebApp:187 - Connection restablished
2025-02-15 16:30:02,359 [INFO] Activator:176 - 


2025-02-15 16:30:02,360 [INFO] Activator:177 - !SESSION log4j initialized
2025-02-15 16:30:03,675 [INFO] LogOutputStream:77 - [STDOUT_REDIRECT] 
2025-02-15 16:30:04,664 [ERROR] LogOutputStream:75 - [STDERR_REDIRECT] 
2025-02-15 16:30:06,537 [INFO] LogOutputStream:77 - [STDOUT_REDIRECT] 
2025-02-15 16:30:07,902 [INFO] ApplicationProperties:184 - Using Application install path: /Applications/STM32CubeIDE.app/Contents/Eclipse/plugins/com.st.stm32cube.common.mx_6.13.0.202411220809
2025-02-15 16:30:07,915 [INFO] DbMcusXml:78 - Set database path to: /Applications/STM32CubeIDE.app/Contents/Eclipse/plugins/com.st.stm32cube.common.mx_6.13.0.202411220809//db//mcu/
2025-02-15 16:30:07,915 [INFO] ApiDb:274 - Set plugin database path to: /Applications/STM32CubeIDE.app/Contents/Eclipse/plugins/com.st.stm32cube.common.mx_6.13.0.202411220809//db//plugins/boardmanager/
2025-02-15 16:30:07,917 [WARN] ApiDb:259 - Overriding images path with different value:  => /Applications/STM32CubeIDE.app/Contents/Eclipse/plugins/com.st.stm32cube.common.mx_6.13.0.202411220809//db//plugins/mcufinder/images/
2025-02-15 16:30:07,923 [INFO] ApiDb:250 - Set database path to: /Users/mauricewashington/.stmcufinder/plugins/mcufinder//mcu/
2025-02-15 16:30:07,924 [INFO] DbMcusAds:125 - Set database path to: /Users/mauricewashington/.stmcufinder/plugins/mcufinder//mcu/
2025-02-15 16:30:07,925 [INFO] CrossReferenceDbSqlite:203 - Set database path to: /Users/mauricewashington/.stmcufinder/plugins/mcufinder//mcu/cs/
2025-02-15 16:30:08,021 [ERROR] LogOutputStream:75 - [STDERR_REDIRECT] [Fatal Error] :2:10: DOCTYPE is disallowed when the feature "http://apache.org/xml/features/disallow-doctype-decl" set to true.
2025-02-15 16:30:08,022 [ERROR] LogOutputStream:75 - [STDERR_REDIRECT] 
2025-02-15 16:30:08,047 [INFO] RulesReader:64 - Compatibility file has been processed (297 Rules)
2025-02-15 16:30:08,103 [INFO] DbMcusXml:78 - Set database path to: /Applications/STM32CubeIDE.app/Contents/Eclipse/plugins/com.st.stm32cube.common.mx_6.13.0.202411220809//db//mcu/
2025-02-15 16:30:08,103 [INFO] ApiDb:274 - Set plugin database path to: /Applications/STM32CubeIDE.app/Contents/Eclipse/plugins/com.st.stm32cube.common.mx_6.13.0.202411220809//db//plugins/boardmanager/
2025-02-15 16:30:08,103 [INFO] ApiDb:261 - Set plugin images path to: /Applications/STM32CubeIDE.app/Contents/Eclipse/plugins/com.st.stm32cube.common.mx_6.13.0.202411220809//db//plugins/mcufinder/images/
2025-02-15 16:30:08,104 [WARN] DbFile:41 - Overriding database path with different value: /Users/mauricewashington/.stmcufinder/plugins/mcufinder/ => /Users/mauricewashington/.stmcufinder/plugins/mcufinder
2025-02-15 16:30:08,104 [INFO] ApiDb:250 - Set database path to: /Users/mauricewashington/.stmcufinder/plugins/mcufinder//mcu/
2025-02-15 16:30:08,104 [WARN] DbFile:41 - Overriding database path with different value: /Users/mauricewashington/.stmcufinder/plugins/mcufinder/ => /Users/mauricewashington/.stmcufinder/plugins/mcufinder
2025-02-15 16:30:08,104 [INFO] DbMcusAds:125 - Set database path to: /Users/mauricewashington/.stmcufinder/plugins/mcufinder//mcu/
2025-02-15 16:30:08,104 [WARN] DbFile:41 - Overriding database path with different value: /Users/mauricewashington/.stmcufinder/plugins/mcufinder/ => /Users/mauricewashington/.stmcufinder/plugins/mcufinder
2025-02-15 16:30:08,104 [WARN] DbFile:41 - Overriding database path with different value: /Users/mauricewashington/.stmcufinder/plugins/mcufinder/ => /Users/mauricewashington/.stmcufinder/plugins/mcufinder
2025-02-15 16:30:08,104 [INFO] CrossReferenceDbSqlite:203 - Set database path to: /Users/mauricewashington/.stmcufinder/plugins/mcufinder//mcu/cs/
2025-02-15 16:30:08,154 [INFO] MainPanel:272 - HeapMemory: 347078656
2025-02-15 16:30:08,397 [INFO] DbMcusXml:78 - Set database path to: /Applications/STM32CubeIDE.app/Contents/Eclipse/plugins/com.st.stm32cube.common.mx_6.13.0.202411220809//db//mcu/
2025-02-15 16:30:08,397 [INFO] ApiDb:274 - Set plugin database path to: /Applications/STM32CubeIDE.app/Contents/Eclipse/plugins/com.st.stm32cube.common.mx_6.13.0.202411220809//db//plugins/boardmanager/
2025-02-15 16:30:08,397 [INFO] ApiDb:261 - Set plugin images path to: /Applications/STM32CubeIDE.app/Contents/Eclipse/plugins/com.st.stm32cube.common.mx_6.13.0.202411220809//db//plugins/mcufinder/images/
2025-02-15 16:30:08,397 [WARN] DbFile:41 - Overriding database path with different value: /Users/mauricewashington/.stmcufinder/plugins/mcufinder/ => /Users/mauricewashington/.stmcufinder/plugins/mcufinder
2025-02-15 16:30:08,397 [INFO] ApiDb:250 - Set database path to: /Users/mauricewashington/.stmcufinder/plugins/mcufinder//mcu/
2025-02-15 16:30:08,397 [WARN] DbFile:41 - Overriding database path with different value: /Users/mauricewashington/.stmcufinder/plugins/mcufinder/ => /Users/mauricewashington/.stmcufinder/plugins/mcufinder
2025-02-15 16:30:08,397 [INFO] DbMcusAds:125 - Set database path to: /Users/mauricewashington/.stmcufinder/plugins/mcufinder//mcu/
2025-02-15 16:30:08,397 [WARN] DbFile:41 - Overriding database path with different value: /Users/mauricewashington/.stmcufinder/plugins/mcufinder/ => /Users/mauricewashington/.stmcufinder/plugins/mcufinder
2025-02-15 16:30:08,397 [WARN] DbFile:41 - Overriding database path with different value: /Users/mauricewashington/.stmcufinder/plugins/mcufinder/ => /Users/mauricewashington/.stmcufinder/plugins/mcufinder
2025-02-15 16:30:08,398 [INFO] CrossReferenceDbSqlite:203 - Set database path to: /Users/mauricewashington/.stmcufinder/plugins/mcufinder//mcu/cs/
2025-02-15 16:30:08,411 [INFO] ApplicationProperties:184 - Using Application install path: /Applications/STM32CubeIDE.app/Contents/Eclipse/plugins/com.st.stm32cube.common.mx_6.13.0.202411220809
2025-02-15 16:30:08,412 [INFO] PluginManage:196 - Search for loadable plugins [exclusion list=, ]
2025-02-15 16:30:08,414 [INFO] PluginManage:310 - Check plugin analytics
2025-02-15 16:30:08,557 [INFO] AnalyticsPlugin:253 - Accepted Software Licenses: 
2025-02-15 16:30:08,557 [INFO] AnalyticsPlugin:255 - Accepted CMSIS Pack Licenses: 
2025-02-15 16:30:08,557 [INFO] AnalyticsPlugin:257 - Accepted Firmware Licenses: 
2025-02-15 16:30:08,570 [INFO] PluginManage:359 - Loaded plugin analytics (category:tool,tabindex:-1)
2025-02-15 16:30:08,571 [INFO] PluginManage:310 - Check plugin cadmodel
2025-02-15 16:30:08,579 [INFO] CADModel:105 - Init CAD model plugin
2025-02-15 16:30:08,579 [INFO] PluginManage:359 - Loaded plugin cadmodel (category:power,tabindex:5)
2025-02-15 16:30:08,580 [INFO] PluginManage:310 - Check plugin clock
2025-02-15 16:30:08,586 [INFO] PluginManage:359 - Loaded plugin clock (category:base,tabindex:2)
2025-02-15 16:30:08,587 [INFO] PluginManage:310 - Check plugin ddr
2025-02-15 16:30:08,588 [INFO] PluginManage:359 - Loaded plugin ddr (category:tool,tabindex:6)
2025-02-15 16:30:08,588 [INFO] PluginManage:310 - Check plugin filemanager
2025-02-15 16:30:08,692 [INFO] PluginManage:359 - Loaded plugin filemanager (category:base,tabindex:10)
2025-02-15 16:30:08,692 [INFO] PluginManage:310 - Check plugin ipmanager
2025-02-15 16:30:08,698 [INFO] PluginManage:359 - Loaded plugin ipmanager (category:base,tabindex:5)
2025-02-15 16:30:08,698 [INFO] PluginManage:310 - Check plugin lpbam
2025-02-15 16:30:08,706 [INFO] PluginManage:359 - Loaded plugin lpbam (category:base,tabindex:0)
2025-02-15 16:30:08,706 [INFO] PluginManage:310 - Check plugin memorymap
2025-02-15 16:30:08,712 [INFO] PluginManage:359 - Loaded plugin memorymap (category:base,tabindex:4)
2025-02-15 16:30:08,712 [INFO] PluginManage:310 - Check plugin pinoutandconfiguration
2025-02-15 16:30:08,716 [INFO] PluginManage:359 - Loaded plugin pinoutandconfiguration (category:base,tabindex:1)
2025-02-15 16:30:08,716 [INFO] PluginManage:310 - Check plugin pinoutconfig
2025-02-15 16:30:08,971 [WARN] SupportedApi:132 - Cannot load RTOS API schema: s4s-elt-must-match.1: The content of 'definitions' must match (annotation?, (simpleType | complexType)?, (unique | key | keyref)*)). A problem was found starting at: attribute.
2025-02-15 16:30:09,131 [INFO] PluginManage:359 - Loaded plugin pinoutconfig (category:base,tabindex:0)
2025-02-15 16:30:09,132 [INFO] PluginManage:310 - Check plugin power
2025-02-15 16:30:09,159 [INFO] PluginManage:359 - Loaded plugin power (category:power,tabindex:4)
2025-02-15 16:30:09,160 [INFO] PluginManage:310 - Check plugin projectmanager
2025-02-15 16:30:09,218 [INFO] PluginManage:359 - Loaded plugin projectmanager (category:projectmanager,tabindex:4)
2025-02-15 16:30:09,218 [INFO] PluginManage:310 - Check plugin rif
2025-02-15 16:30:09,222 [INFO] PluginManage:359 - Loaded plugin rif (category:base,tabindex:3)
2025-02-15 16:30:09,223 [INFO] PluginManage:310 - Check plugin thirdparty
2025-02-15 16:30:09,332 [INFO] PluginManage:359 - Loaded plugin thirdparty (category:base,tabindex:-1)
2025-02-15 16:30:09,332 [INFO] PluginManage:310 - Check plugin tools
2025-02-15 16:30:09,336 [INFO] PluginManage:359 - Loaded plugin tools (category:base,tabindex:7)
2025-02-15 16:30:09,336 [INFO] PluginManage:310 - Check plugin tutovideos
2025-02-15 16:30:09,332 [WARN] IntegrityCheckThread:84 - waiting for thirdparty lock release [integrity check]
2025-02-15 16:30:09,336 [INFO] IntegrityCheckThread:86 - entering critical section [integrity check]
2025-02-15 16:30:09,337 [INFO] ThirdPartyUpdaterWithRetryManager:70 - Updater plugin not ready yet. [1/15]
2025-02-15 16:30:09,445 [INFO] PluginManage:359 - Loaded plugin tutovideos (category:base,tabindex:-1)
2025-02-15 16:30:09,446 [INFO] PluginManage:310 - Check plugin updater
2025-02-15 16:30:09,465 [INFO] PluginManage:359 - Loaded plugin updater (category:base,tabindex:12)
2025-02-15 16:30:09,465 [INFO] PluginManage:310 - Check plugin userauth
2025-02-15 16:30:09,468 [INFO] UserAuth:118 - Init User Auth plugin
2025-02-15 16:30:09,470 [INFO] PluginManage:359 - Loaded plugin userauth (category:base,tabindex:14)
2025-02-15 16:30:09,471 [INFO] PluginManage:283 - PluginManage : Loaded plugins [18]
2025-02-15 16:30:09,643 [INFO] PinOutPanel:1589 - setPackage(No Configuration,No Configuration)
2025-02-15 16:30:09,688 [INFO] CADModel:165 - CPN selected for project level
2025-02-15 16:30:09,688 [INFO] CADModel:114 - Register for checkConnection events
2025-02-15 16:30:09,695 [INFO] IPUIPlugin:80 - create IPUIPlugin
2025-02-15 16:30:09,695 [INFO] PluginManager:220 - loadIPPluginJar : add mdma
2025-02-15 16:30:09,698 [INFO] IPUIPlugin:80 - create IPUIPlugin
2025-02-15 16:30:09,698 [INFO] PluginManager:220 - loadIPPluginJar : add freertos
2025-02-15 16:30:09,700 [INFO] IPUIPlugin:80 - create IPUIPlugin
2025-02-15 16:30:09,700 [INFO] PluginManager:220 - loadIPPluginJar : add gic
2025-02-15 16:30:09,703 [INFO] IPUIPlugin:80 - create IPUIPlugin
2025-02-15 16:30:09,703 [INFO] PluginManager:220 - loadIPPluginJar : add adc
2025-02-15 16:30:09,704 [INFO] IPUIPlugin:80 - create IPUIPlugin
2025-02-15 16:30:09,704 [INFO] PluginManager:220 - loadIPPluginJar : add gtzc
2025-02-15 16:30:09,704 [INFO] IPUIPlugin:80 - create IPUIPlugin
2025-02-15 16:30:09,704 [INFO] PluginManager:220 - loadIPPluginJar : add quadspi
2025-02-15 16:30:09,705 [INFO] IPUIPlugin:80 - create IPUIPlugin
2025-02-15 16:30:09,705 [INFO] PluginManager:220 - loadIPPluginJar : add aes
2025-02-15 16:30:09,707 [INFO] IPUIPlugin:80 - create IPUIPlugin
2025-02-15 16:30:09,707 [INFO] PluginManager:220 - loadIPPluginJar : add pdm2pcm
2025-02-15 16:30:09,707 [INFO] IPUIPlugin:80 - create IPUIPlugin
2025-02-15 16:30:09,707 [INFO] PluginManager:220 - loadIPPluginJar : add hash
2025-02-15 16:30:09,708 [INFO] IPUIPlugin:80 - create IPUIPlugin
2025-02-15 16:30:09,708 [INFO] PluginManager:220 - loadIPPluginJar : add tim
2025-02-15 16:30:09,708 [INFO] IPUIPlugin:80 - create IPUIPlugin
2025-02-15 16:30:09,708 [INFO] PluginManager:220 - loadIPPluginJar : add tsc
2025-02-15 16:30:09,710 [INFO] IPUIPlugin:80 - create IPUIPlugin
2025-02-15 16:30:09,710 [INFO] PluginManager:220 - loadIPPluginJar : add extmemmanager
2025-02-15 16:30:09,710 [INFO] IPUIPlugin:80 - create IPUIPlugin
2025-02-15 16:30:09,711 [INFO] PluginManager:220 - loadIPPluginJar : add ts
2025-02-15 16:30:09,711 [INFO] IPUIPlugin:80 - create IPUIPlugin
2025-02-15 16:30:09,711 [INFO] PluginManager:220 - loadIPPluginJar : add radio
2025-02-15 16:30:09,712 [INFO] IPUIPlugin:80 - create IPUIPlugin
2025-02-15 16:30:09,712 [INFO] PluginManager:220 - loadIPPluginJar : add can
2025-02-15 16:30:09,712 [INFO] IPUIPlugin:80 - create IPUIPlugin
2025-02-15 16:30:09,712 [INFO] PluginManager:220 - loadIPPluginJar : add dma3
2025-02-15 16:30:09,713 [INFO] IPUIPlugin:80 - create IPUIPlugin
2025-02-15 16:30:09,713 [INFO] PluginManager:220 - loadIPPluginJar : add dfsdm
2025-02-15 16:30:09,714 [INFO] IPUIPlugin:80 - create IPUIPlugin
2025-02-15 16:30:09,714 [INFO] PluginManager:220 - loadIPPluginJar : add spi
2025-02-15 16:30:09,716 [INFO] IPUIPlugin:80 - create IPUIPlugin
2025-02-15 16:30:09,716 [INFO] PluginManager:220 - loadIPPluginJar : add gfxmmu
2025-02-15 16:30:09,716 [INFO] IPUIPlugin:80 - create IPUIPlugin
2025-02-15 16:30:09,717 [INFO] PluginManager:220 - loadIPPluginJar : add genericplugin
2025-02-15 16:30:09,717 [INFO] IPUIPlugin:80 - create IPUIPlugin
2025-02-15 16:30:09,718 [INFO] PluginManager:220 - loadIPPluginJar : add cryp
2025-02-15 16:30:09,719 [INFO] IPUIPlugin:80 - create IPUIPlugin
2025-02-15 16:30:09,719 [INFO] PluginManager:220 - loadIPPluginJar : add gpio
2025-02-15 16:30:09,720 [INFO] IPUIPlugin:80 - create IPUIPlugin
2025-02-15 16:30:09,720 [INFO] PluginManager:220 - loadIPPluginJar : add ddr_ctrl_phy
2025-02-15 16:30:09,721 [INFO] IPUIPlugin:80 - create IPUIPlugin
2025-02-15 16:30:09,721 [INFO] PluginManager:220 - loadIPPluginJar : add comp
2025-02-15 16:30:09,722 [INFO] IPUIPlugin:80 - create IPUIPlugin
2025-02-15 16:30:09,722 [INFO] PluginManager:220 - loadIPPluginJar : add tracer_emb
2025-02-15 16:30:09,723 [INFO] IPUIPlugin:80 - create IPUIPlugin
2025-02-15 16:30:09,723 [INFO] PluginManager:220 - loadIPPluginJar : add openamp
2025-02-15 16:30:09,725 [INFO] IPUIPlugin:80 - create IPUIPlugin
2025-02-15 16:30:09,725 [INFO] PluginManager:220 - loadIPPluginJar : add stm32_wpan
2025-02-15 16:30:09,727 [INFO] IPUIPlugin:80 - create IPUIPlugin
2025-02-15 16:30:09,729 [INFO] PluginManager:220 - loadIPPluginJar : add plateformsettings
2025-02-15 16:30:09,730 [INFO] IPUIPlugin:80 - create IPUIPlugin
2025-02-15 16:30:09,730 [INFO] PluginManager:220 - loadIPPluginJar : add ipddr
2025-02-15 16:30:09,731 [INFO] IPUIPlugin:80 - create IPUIPlugin
2025-02-15 16:30:09,731 [INFO] PluginManager:220 - loadIPPluginJar : add usart
2025-02-15 16:30:09,731 [INFO] IPUIPlugin:80 - create IPUIPlugin
2025-02-15 16:30:09,731 [INFO] PluginManager:220 - loadIPPluginJar : add ltdc
2025-02-15 16:30:09,732 [INFO] IPUIPlugin:80 - create IPUIPlugin
2025-02-15 16:30:09,732 [INFO] PluginManager:220 - loadIPPluginJar : add nvic
2025-02-15 16:30:09,733 [INFO] IPUIPlugin:80 - create IPUIPlugin
2025-02-15 16:30:09,733 [INFO] PluginManager:220 - loadIPPluginJar : add fatfs
2025-02-15 16:30:09,735 [INFO] IPUIPlugin:80 - create IPUIPlugin
2025-02-15 16:30:09,736 [INFO] PluginManager:220 - loadIPPluginJar : add linkedlist
2025-02-15 16:30:09,737 [INFO] IPUIPlugin:80 - create IPUIPlugin
2025-02-15 16:30:09,738 [INFO] PluginManager:220 - loadIPPluginJar : add dma
2025-02-15 16:30:09,740 [INFO] IPUIPlugin:80 - create IPUIPlugin
2025-02-15 16:30:09,740 [INFO] PluginManager:220 - loadIPPluginJar : add fmc
2025-02-15 16:30:09,740 [INFO] IPUIPlugin:80 - create IPUIPlugin
2025-02-15 16:30:09,740 [INFO] PluginManager:220 - loadIPPluginJar : add i2s
2025-02-15 16:30:09,741 [INFO] IPUIPlugin:80 - create IPUIPlugin
2025-02-15 16:30:09,741 [INFO] PluginManager:220 - loadIPPluginJar : add ucpd
2025-02-15 16:30:09,741 [INFO] IPUIPlugin:80 - create IPUIPlugin
2025-02-15 16:30:09,741 [INFO] PluginManager:220 - loadIPPluginJar : add lorawan
2025-02-15 16:30:09,742 [INFO] IPUIPlugin:80 - create IPUIPlugin
2025-02-15 16:30:09,742 [INFO] PluginManager:220 - loadIPPluginJar : add opamp
2025-02-15 16:30:09,743 [INFO] IPUIPlugin:80 - create IPUIPlugin
2025-02-15 16:30:09,743 [INFO] PluginManager:220 - loadIPPluginJar : add i3c
2025-02-15 16:30:09,744 [INFO] IPUIPlugin:80 - create IPUIPlugin
2025-02-15 16:30:09,744 [INFO] PluginManager:220 - loadIPPluginJar : add touchsensing
2025-02-15 16:30:09,745 [INFO] IPUIPlugin:80 - create IPUIPlugin
2025-02-15 16:30:09,745 [INFO] PluginManager:220 - loadIPPluginJar : add i2c
2025-02-15 16:30:09,746 [INFO] IPUIPlugin:80 - create IPUIPlugin
2025-02-15 16:30:09,747 [INFO] PluginManager:220 - loadIPPluginJar : add resmgrutility
2025-02-15 16:30:09,747 [INFO] IPUIPlugin:80 - create IPUIPlugin
2025-02-15 16:30:09,747 [INFO] PluginManager:220 - loadIPPluginJar : add sai
2025-02-15 16:30:09,748 [INFO] IPUIPlugin:80 - create IPUIPlugin
2025-02-15 16:30:09,748 [INFO] PluginManager:220 - loadIPPluginJar : add usbx
2025-02-15 16:30:09,846 [FATAL] Updater:351 - Updater called before beeing initialized
2025-02-15 16:30:09,901 [INFO] RulesReader:64 - Compatibility file has been processed (297 Rules)
2025-02-15 16:30:09,913 [INFO] RulesReader:64 - Compatibility file has been processed (297 Rules)
2025-02-15 16:30:09,922 [INFO] CADModel:165 - CPN selected for project level
2025-02-15 16:30:09,922 [INFO] CADModel:114 - Register for checkConnection events
2025-02-15 16:30:09,922 [FATAL] Updater:351 - Updater called before beeing initialized
2025-02-15 16:30:09,922 [ERROR] CADModel:125 - Updater not yet initialized, retry later 
2025-02-15 16:30:10,098 [FATAL] Updater:351 - Updater called before beeing initialized
2025-02-15 16:30:10,100 [INFO] CADModel:165 - CPN selected for project level
2025-02-15 16:30:10,100 [INFO] CADModel:114 - Register for checkConnection events
2025-02-15 16:30:10,100 [FATAL] Updater:351 - Updater called before beeing initialized
2025-02-15 16:30:10,100 [ERROR] CADModel:125 - Updater not yet initialized, retry later 
2025-02-15 16:30:10,102 [FATAL] Updater:351 - Updater called before beeing initialized
2025-02-15 16:30:10,207 [FATAL] Updater:351 - Updater called before beeing initialized
2025-02-15 16:30:10,211 [INFO] DbMcusAds:53 - JSON generation date=Wed Sep 29 23:55:09 PDT 2021 (1632984909247)
2025-02-15 16:30:10,211 [FATAL] Updater:351 - Updater called before beeing initialized
2025-02-15 16:30:10,249 [WARN] DetailPanel:346 - Failed to get advertising image, set to default
2025-02-15 16:30:10,396 [FATAL] Updater:351 - Updater called before beeing initialized
2025-02-15 16:30:10,397 [FATAL] Updater:351 - Updater called before beeing initialized
2025-02-15 16:30:10,397 [FATAL] Updater:351 - Updater called before beeing initialized
2025-02-15 16:30:10,398 [WARN] DetailPanel:346 - Failed to get advertising image, set to default
2025-02-15 16:30:10,398 [FATAL] Updater:351 - Updater called before beeing initialized
2025-02-15 16:30:10,446 [ERROR] Updater:1198 - MainUpdater not yet initialized. External WinMGr cannot be set.
2025-02-15 16:30:10,453 [INFO] Updater:1134 - Updater Version found : 6.13.0
2025-02-15 16:30:10,461 [INFO] ApplicationProperties:184 - Using Application install path: /Applications/STM32CubeIDE.app/Contents/Eclipse/plugins/com.st.stm32cube.common.mx_6.13.0.202411220809
2025-02-15 16:30:10,699 [INFO] MainUpdater:2872 - connection check result : 10
2025-02-15 16:30:10,700 [INFO] MainUpdater:289 - Updater Check For Update Now.
2025-02-15 16:30:10,700 [INFO] MicroXplorer:498 - Change Database Version : DB.6.0.130
2025-02-15 16:30:10,705 [INFO] McuFinderGlobals:63 - Set McuFinder mode to 2 (CubeIDE integrated)
2025-02-15 16:30:10,705 [INFO] UserAuth:171 - activating auth plugin
2025-02-15 16:30:10,717 [INFO] UserAuth:486 - Internet connection configuration mode: 1
2025-02-15 16:30:10,730 [INFO] JxBrowserEngine:152 - Initiate JxBrowser Engine with user profile folder
2025-02-15 16:30:10,958 [INFO] CheckServerUpdateThread:120 - End of CheckServer Thread
2025-02-15 16:30:12,476 [WARN] PackLoader:240 - Cannot read IP mode file for STMicroelectronics.FP-SNS-MOTENVWB1.1.4.0
2025-02-15 16:30:12,490 [WARN] PackLoader:240 - Cannot read IP mode file for STMicroelectronics.FP-ATR-ASTRA1.2.0.1
2025-02-15 16:30:12,502 [WARN] PackLoader:240 - Cannot read IP mode file for STMicroelectronics.X-CUBE-SMBUS.2.1.0
2025-02-15 16:30:12,510 [WARN] PackLoader:240 - Cannot read IP mode file for STMicroelectronics.X-CUBE-WB05N.1.1.0
2025-02-15 16:30:12,553 [WARN] PackLoader:240 - Cannot read IP mode file for STMicroelectronics.X-CUBE-AZRTOS-F7.1.1.0
2025-02-15 16:30:12,584 [WARN] PackLoader:240 - Cannot read IP mode file for STMicroelectronics.FP-SNS-FLIGHT1.5.0.2
2025-02-15 16:30:12,621 [WARN] PackLoader:240 - Cannot read IP mode file for Infineon.AIROC-Wi-Fi-Bluetooth-STM32.1.7.0
2025-02-15 16:30:12,651 [WARN] PackLoader:240 - Cannot read IP mode file for STMicroelectronics.X-CUBE-DISPLAY.3.0.0
2025-02-15 16:30:12,668 [WARN] PackLoader:240 - Cannot read IP mode file for STMicroelectronics.X-CUBE-BLE1.7.0.0
2025-02-15 16:30:12,683 [WARN] PackLoader:240 - Cannot read IP mode file for STMicroelectronics.X-CUBE-NFC10.1.0.0
2025-02-15 16:30:12,706 [WARN] PackLoader:240 - Cannot read IP mode file for STMicroelectronics.X-CUBE-BLEMGR.4.0.0
2025-02-15 16:30:12,727 [WARN] PackLoader:240 - Cannot read IP mode file for emotas.I-CUBE-CANOPEN.1.3.0
2025-02-15 16:30:12,737 [WARN] PackLoader:240 - Cannot read IP mode file for STMicroelectronics.X-CUBE-AI.10.0.0
2025-02-15 16:30:12,742 [WARN] PackLoader:240 - Cannot read IP mode file for STMicroelectronics.FP-SNS-SMARTAG2.1.2.0
2025-02-15 16:30:12,813 [WARN] PackLoader:240 - Cannot read IP mode file for STMicroelectronics.X-CUBE-MEMS1.11.1.0
2025-02-15 16:30:12,922 [INFO] LogOutputStream:77 - [STDOUT_REDIRECT] 1 : Invalid condition id : UX_CORESTACK_Condition cause : null
2025-02-15 16:30:12,924 [INFO] LogOutputStream:77 - [STDOUT_REDIRECT] 1 : Invalid condition id : UX_CORESTACK_Condition cause : null
2025-02-15 16:30:12,925 [INFO] LogOutputStream:77 - [STDOUT_REDIRECT] 1 : Invalid condition id : UX_CORESTACK_Condition cause : null
2025-02-15 16:30:12,926 [INFO] LogOutputStream:77 - [STDOUT_REDIRECT] 1 : Invalid condition id : UX_CORESTACK_Condition cause : null
2025-02-15 16:30:12,927 [INFO] LogOutputStream:77 - [STDOUT_REDIRECT] 1 : Invalid condition id : UX_CORESTACK_Condition cause : null
2025-02-15 16:30:12,932 [WARN] PackLoader:240 - Cannot read IP mode file for STMicroelectronics.X-CUBE-AZRTOS-WL.2.0.0
2025-02-15 16:30:12,951 [WARN] PackLoader:240 - Cannot read IP mode file for STMicroelectronics.FP-SNS-MOTENV1.5.0.0
2025-02-15 16:30:12,958 [WARN] PackLoader:240 - Cannot read IP mode file for wolfSSL.I-CUBE-wolfMQTT.1.19.0
2025-02-15 16:30:12,968 [WARN] PackLoader:240 - Cannot read IP mode file for WES.I-CUBE-Cesium.1.3.0
2025-02-15 16:30:12,999 [WARN] PackLoader:240 - Cannot read IP mode file for STMicroelectronics.X-CUBE-BLE2.3.3.0
2025-02-15 16:30:13,008 [WARN] PackLoader:240 - Cannot read IP mode file for STMicroelectronics.X-CUBE-NFC9.1.0.0
2025-02-15 16:30:13,026 [WARN] PackLoader:240 - Cannot read IP mode file for STMicroelectronics.X-CUBE-AZRTOS-G0.1.1.0
2025-02-15 16:30:13,036 [WARN] PackLoader:240 - Cannot read IP mode file for STMicroelectronics.X-CUBE-SAFEA1.1.2.2
2025-02-15 16:30:13,043 [WARN] PackLoader:240 - Cannot read IP mode file for STMicroelectronics.X-CUBE-NFC4.3.0.0
2025-02-15 16:30:13,053 [WARN] PackLoader:240 - Cannot read IP mode file for EmbeddedOffice.I-CUBE-FS-RTOS.1.0.1
2025-02-15 16:30:13,065 [WARN] PackLoader:240 - Cannot read IP mode file for STMicroelectronics.X-CUBE-TCPP.4.2.0
2025-02-15 16:30:13,070 [WARN] PackLoader:240 - Cannot read IP mode file for RealThread.X-CUBE-RT-Thread_Nano.4.1.1
2025-02-15 16:30:13,072 [WARN] PackLoader:240 - Cannot read IP mode file for STMicroelectronics.FP-ATR-SIGFOX1.3.2.0
2025-02-15 16:30:13,075 [WARN] ConditionMgr:438 - getConditionDescription Invalid condition id : Cortex-A Device cause : null
2025-02-15 16:30:13,089 [WARN] ConditionMgr:1044 - genDependencies : Invalid condition id : Cortex-A Device cause : null
2025-02-15 16:30:13,090 [WARN] ConditionMgr:1044 - genDependencies : Invalid condition id : Cortex-A Device cause : null
2025-02-15 16:30:13,092 [WARN] ConditionMgr:1044 - genDependencies : Invalid condition id : Cortex-A Device cause : null
2025-02-15 16:30:13,098 [WARN] PackLoader:240 - Cannot read IP mode file for STMicroelectronics.X-CUBE-EEPRMA1.5.1.0
2025-02-15 16:30:13,102 [WARN] PackLoader:240 - Cannot read IP mode file for wolfSSL.I-CUBE-wolfSSL.5.7.6
2025-02-15 16:30:13,105 [WARN] PackLoader:240 - Cannot read IP mode file for ITTIA_DB.I-CUBE-ITTIADB.8.9.0
2025-02-15 16:30:13,144 [WARN] PackLoader:240 - Cannot read IP mode file for SEGGER.I-CUBE-embOS.1.3.1
2025-02-15 16:30:13,166 [WARN] PackLoader:240 - Cannot read IP mode file for STMicroelectronics.X-CUBE-ALGOBUILD.1.4.0
2025-02-15 16:30:13,181 [WARN] PackLoader:240 - Cannot read IP mode file for STMicroelectronics.X-CUBE-AZRTOS-F4.1.1.0
2025-02-15 16:30:13,200 [WARN] PackLoader:240 - Cannot read IP mode file for STMicroelectronics.X-CUBE-ISPU.2.1.0
2025-02-15 16:30:13,213 [WARN] PackLoader:240 - Cannot read IP mode file for STMicroelectronics.X-CUBE-AZRTOS-L5.2.0.0
2025-02-15 16:30:13,226 [WARN] PackLoader:240 - Cannot read IP mode file for STMicroelectronics.X-CUBE-NFC6.3.1.0
2025-02-15 16:30:13,234 [WARN] PackLoader:240 - Cannot read IP mode file for STMicroelectronics.X-CUBE-DPower.1.2.0
2025-02-15 16:30:13,242 [WARN] PackLoader:240 - Cannot read IP mode file for STMicroelectronics.X-CUBE-FREERTOS.1.3.0
2025-02-15 16:30:13,246 [WARN] PackLoader:240 - Cannot read IP mode file for STMicroelectronics.X-CUBE-NFC7.1.0.1
2025-02-15 16:30:13,263 [WARN] ConditionMgr:438 - getConditionDescription Invalid condition id : LAN8742 Phy interface Condition cause : null
2025-02-15 16:30:13,264 [WARN] PackLoader:240 - Cannot read IP mode file for STMicroelectronics.X-CUBE-AZRTOS-L4.2.0.0
2025-02-15 16:30:13,266 [WARN] ConditionMgr:1044 - genDependencies : Invalid condition id : LAN8742 Phy interface Condition cause : null
2025-02-15 16:30:13,266 [WARN] ConditionMgr:1044 - genDependencies : Invalid condition id : LAN8742 Phy interface Condition cause : null
2025-02-15 16:30:13,267 [WARN] ConditionMgr:1044 - genDependencies : Invalid condition id : LAN8742 Phy interface Condition cause : null
2025-02-15 16:30:13,274 [WARN] PackLoader:240 - Cannot read IP mode file for STMicroelectronics.X-CUBE-SFXS2LP1.4.0.0
2025-02-15 16:30:13,291 [WARN] PackLoader:240 - Cannot read IP mode file for STMicroelectronics.X-CUBE-AZRTOS-H7.3.3.0
2025-02-15 16:30:13,315 [WARN] ConditionMgr:438 - getConditionDescription Invalid condition id : UX DEVICE CLASS RTOS Condition cause : null
2025-02-15 16:30:13,316 [WARN] ConditionMgr:438 - getConditionDescription Invalid condition id : UX DEVICE CLASS RTOS Condition cause : null
2025-02-15 16:30:13,322 [WARN] PackLoader:240 - Cannot read IP mode file for STMicroelectronics.X-CUBE-AZRTOS-WB.2.0.0
2025-02-15 16:30:13,323 [WARN] ConditionMgr:1044 - genDependencies : Invalid condition id : UX DEVICE CLASS RTOS Condition cause : null
2025-02-15 16:30:13,323 [WARN] ConditionMgr:1044 - genDependencies : Invalid condition id : UX DEVICE CLASS RTOS Condition cause : null
2025-02-15 16:30:13,323 [WARN] ConditionMgr:1044 - genDependencies : Invalid condition id : UX DEVICE CLASS RTOS Condition cause : null
2025-02-15 16:30:13,323 [WARN] ConditionMgr:1044 - genDependencies : Invalid condition id : UX DEVICE CLASS RTOS Condition cause : null
2025-02-15 16:30:13,323 [WARN] ConditionMgr:1044 - genDependencies : Invalid condition id : UX DEVICE CLASS RTOS Condition cause : null
2025-02-15 16:30:13,342 [WARN] PackLoader:240 - Cannot read IP mode file for STMicroelectronics.X-CUBE-GNSS1.7.0.1
2025-02-15 16:30:13,375 [WARN] PackLoader:240 - Cannot read IP mode file for STMicroelectronics.FP-SNS-STBOX1.2.0.0
2025-02-15 16:30:13,388 [WARN] PackLoader:240 - Cannot read IP mode file for STMicroelectronics.X-CUBE-SUBG2.5.0.0
2025-02-15 16:30:13,399 [WARN] PackLoader:240 - Cannot read IP mode file for Cesanta.I-CUBE-Mongoose.7.13.0
2025-02-15 16:30:13,413 [WARN] PackLoader:240 - Cannot read IP mode file for STMicroelectronics.X-CUBE-AZRTOS-G4.2.0.0
2025-02-15 16:30:13,518 [WARN] PackLoader:240 - Cannot read IP mode file for STMicroelectronics.X-CUBE-IPS.3.1.0
2025-02-15 16:30:13,624 [WARN] PackLoader:240 - Cannot read IP mode file for STMicroelectronics.X-CUBE-ALS.1.0.2
2025-02-15 16:30:13,650 [WARN] PackLoader:240 - Cannot read IP mode file for STMicroelectronics.X-CUBE-TOUCHGFX.4.24.2
2025-02-15 16:30:13,655 [WARN] PackLoader:240 - Cannot read IP mode file for wolfSSL.I-CUBE-wolfTPM.3.4.0
2025-02-15 16:30:13,659 [WARN] PackLoader:240 - Cannot read IP mode file for portGmbH.I-Cube-SoM-uGOAL.1.1.0
2025-02-15 16:30:13,677 [WARN] PackLoader:240 - Cannot read IP mode file for STMicroelectronics.X-CUBE-AZRTOS-H7RS.1.0.0
2025-02-15 16:30:13,689 [WARN] PackLoader:240 - Cannot read IP mode file for STMicroelectronics.X-CUBE-TOF1.3.4.2
2025-02-15 16:30:13,695 [WARN] PackLoader:240 - Cannot read IP mode file for wolfSSL.I-CUBE-wolfSSH.1.4.17
2025-02-15 16:30:13,711 [INFO] ThirdParty:978 - Integrity check success = true
2025-02-15 16:30:13,711 [INFO] IntegrityCheckThread:100 - exiting critical section [integrity check]
2025-02-15 16:30:13,711 [INFO] IntegrityCheckThread:103 - End integrity checks thread
2025-02-15 16:30:14,617 [INFO] WebApp:168 - Instantiating new browser for Auth
2025-02-15 16:30:15,639 [INFO] WebApp:449 - Apply proxy settings
2025-02-15 16:30:15,658 [INFO] WebApp:494 - Chromium authenticates against Manually configured proxy
2025-02-15 16:30:15,681 [INFO] WebApp:502 - Username used for proxy authentication: 
2025-02-15 16:30:15,736 [INFO] WebApp:880 - Register for checkConnection events
2025-02-15 16:30:15,737 [INFO] WebApp:449 - Apply proxy settings
2025-02-15 16:30:15,740 [INFO] WebApp:494 - Chromium authenticates against Manually configured proxy
2025-02-15 16:30:15,740 [INFO] WebApp:502 - Username used for proxy authentication: 
2025-02-15 16:30:15,891 [INFO] WebApp:221 - Starting web application
2025-02-15 16:30:15,892 [INFO] WebApp:579 - Web application path used /Applications/STM32CubeIDE.app/Contents/Eclipse/plugins/com.st.stm32cube.common.mx_6.13.0.202411220809/db/plugins/mcufinder/reactClient1/index.html
2025-02-15 16:30:16,354 [INFO] WebApp:187 - Connection restablished
