2025-02-26 17:14:13,481 [INFO] Activator:176 - 


2025-02-26 17:14:13,485 [INFO] Activator:177 - !SESSION log4j initialized
2025-02-26 17:14:16,837 [ERROR] LogOutputStream:75 - [STDERR_REDIRECT] 
2025-02-26 17:14:16,884 [INFO] LogOutputStream:77 - [STDOUT_REDIRECT] 
2025-02-26 17:14:18,526 [INFO] LogOutputStream:77 - [STDOUT_REDIRECT] 
2025-02-26 17:14:19,709 [ERROR] LogOutputStream:75 - [STDERR_REDIRECT] [Fatal Error] :2:10: DOCTYPE is disallowed when the feature "http://apache.org/xml/features/disallow-doctype-decl" set to true.
2025-02-26 17:14:19,712 [ERROR] LogOutputStream:75 - [STDERR_REDIRECT] 
2025-02-26 17:14:20,527 [INFO] ApplicationProperties:184 - Using Application install path: /Applications/STM32CubeIDE.app/Contents/Eclipse/plugins/com.st.stm32cube.common.mx_6.13.0.202411220809
2025-02-26 17:14:20,537 [INFO] DbMcusXml:78 - Set database path to: /Applications/STM32CubeIDE.app/Contents/Eclipse/plugins/com.st.stm32cube.common.mx_6.13.0.202411220809//db//mcu/
2025-02-26 17:14:20,538 [INFO] ApiDb:274 - Set plugin database path to: /Applications/STM32CubeIDE.app/Contents/Eclipse/plugins/com.st.stm32cube.common.mx_6.13.0.202411220809//db//plugins/boardmanager/
2025-02-26 17:14:20,539 [WARN] ApiDb:259 - Overriding images path with different value:  => /Applications/STM32CubeIDE.app/Contents/Eclipse/plugins/com.st.stm32cube.common.mx_6.13.0.202411220809//db//plugins/mcufinder/images/
2025-02-26 17:14:20,545 [INFO] ApiDb:250 - Set database path to: /Users/mauricewashington/.stmcufinder/plugins/mcufinder//mcu/
2025-02-26 17:14:20,546 [INFO] DbMcusAds:125 - Set database path to: /Users/mauricewashington/.stmcufinder/plugins/mcufinder//mcu/
2025-02-26 17:14:20,547 [INFO] CrossReferenceDbSqlite:203 - Set database path to: /Users/mauricewashington/.stmcufinder/plugins/mcufinder//mcu/cs/
2025-02-26 17:14:20,628 [INFO] RulesReader:64 - Compatibility file has been processed (297 Rules)
2025-02-26 17:14:20,687 [INFO] DbMcusXml:78 - Set database path to: /Applications/STM32CubeIDE.app/Contents/Eclipse/plugins/com.st.stm32cube.common.mx_6.13.0.202411220809//db//mcu/
2025-02-26 17:14:20,687 [INFO] ApiDb:274 - Set plugin database path to: /Applications/STM32CubeIDE.app/Contents/Eclipse/plugins/com.st.stm32cube.common.mx_6.13.0.202411220809//db//plugins/boardmanager/
2025-02-26 17:14:20,687 [INFO] ApiDb:261 - Set plugin images path to: /Applications/STM32CubeIDE.app/Contents/Eclipse/plugins/com.st.stm32cube.common.mx_6.13.0.202411220809//db//plugins/mcufinder/images/
2025-02-26 17:14:20,688 [WARN] DbFile:41 - Overriding database path with different value: /Users/mauricewashington/.stmcufinder/plugins/mcufinder/ => /Users/mauricewashington/.stmcufinder/plugins/mcufinder
2025-02-26 17:14:20,688 [INFO] ApiDb:250 - Set database path to: /Users/mauricewashington/.stmcufinder/plugins/mcufinder//mcu/
2025-02-26 17:14:20,688 [WARN] DbFile:41 - Overriding database path with different value: /Users/mauricewashington/.stmcufinder/plugins/mcufinder/ => /Users/mauricewashington/.stmcufinder/plugins/mcufinder
2025-02-26 17:14:20,688 [INFO] DbMcusAds:125 - Set database path to: /Users/mauricewashington/.stmcufinder/plugins/mcufinder//mcu/
2025-02-26 17:14:20,688 [WARN] DbFile:41 - Overriding database path with different value: /Users/mauricewashington/.stmcufinder/plugins/mcufinder/ => /Users/mauricewashington/.stmcufinder/plugins/mcufinder
2025-02-26 17:14:20,688 [WARN] DbFile:41 - Overriding database path with different value: /Users/mauricewashington/.stmcufinder/plugins/mcufinder/ => /Users/mauricewashington/.stmcufinder/plugins/mcufinder
2025-02-26 17:14:20,688 [INFO] CrossReferenceDbSqlite:203 - Set database path to: /Users/mauricewashington/.stmcufinder/plugins/mcufinder//mcu/cs/
2025-02-26 17:14:20,737 [INFO] MainPanel:272 - HeapMemory: 301989888
2025-02-26 17:14:21,230 [INFO] DbMcusXml:78 - Set database path to: /Applications/STM32CubeIDE.app/Contents/Eclipse/plugins/com.st.stm32cube.common.mx_6.13.0.202411220809//db//mcu/
2025-02-26 17:14:21,230 [INFO] ApiDb:274 - Set plugin database path to: /Applications/STM32CubeIDE.app/Contents/Eclipse/plugins/com.st.stm32cube.common.mx_6.13.0.202411220809//db//plugins/boardmanager/
2025-02-26 17:14:21,231 [INFO] ApiDb:261 - Set plugin images path to: /Applications/STM32CubeIDE.app/Contents/Eclipse/plugins/com.st.stm32cube.common.mx_6.13.0.202411220809//db//plugins/mcufinder/images/
2025-02-26 17:14:21,231 [WARN] DbFile:41 - Overriding database path with different value: /Users/mauricewashington/.stmcufinder/plugins/mcufinder/ => /Users/mauricewashington/.stmcufinder/plugins/mcufinder
2025-02-26 17:14:21,231 [INFO] ApiDb:250 - Set database path to: /Users/mauricewashington/.stmcufinder/plugins/mcufinder//mcu/
2025-02-26 17:14:21,231 [WARN] DbFile:41 - Overriding database path with different value: /Users/mauricewashington/.stmcufinder/plugins/mcufinder/ => /Users/mauricewashington/.stmcufinder/plugins/mcufinder
2025-02-26 17:14:21,231 [INFO] DbMcusAds:125 - Set database path to: /Users/mauricewashington/.stmcufinder/plugins/mcufinder//mcu/
2025-02-26 17:14:21,231 [WARN] DbFile:41 - Overriding database path with different value: /Users/mauricewashington/.stmcufinder/plugins/mcufinder/ => /Users/mauricewashington/.stmcufinder/plugins/mcufinder
2025-02-26 17:14:21,231 [WARN] DbFile:41 - Overriding database path with different value: /Users/mauricewashington/.stmcufinder/plugins/mcufinder/ => /Users/mauricewashington/.stmcufinder/plugins/mcufinder
2025-02-26 17:14:21,231 [INFO] CrossReferenceDbSqlite:203 - Set database path to: /Users/mauricewashington/.stmcufinder/plugins/mcufinder//mcu/cs/
2025-02-26 17:14:21,244 [INFO] ApplicationProperties:184 - Using Application install path: /Applications/STM32CubeIDE.app/Contents/Eclipse/plugins/com.st.stm32cube.common.mx_6.13.0.202411220809
2025-02-26 17:14:21,245 [INFO] PluginManage:196 - Search for loadable plugins [exclusion list=, ]
2025-02-26 17:14:21,246 [INFO] PluginManage:310 - Check plugin analytics
2025-02-26 17:14:21,473 [INFO] AnalyticsPlugin:253 - Accepted Software Licenses: 
2025-02-26 17:14:21,473 [INFO] AnalyticsPlugin:255 - Accepted CMSIS Pack Licenses: 
2025-02-26 17:14:21,473 [INFO] AnalyticsPlugin:257 - Accepted Firmware Licenses: 
2025-02-26 17:14:21,486 [INFO] PluginManage:359 - Loaded plugin analytics (category:tool,tabindex:-1)
2025-02-26 17:14:21,490 [INFO] PluginManage:310 - Check plugin cadmodel
2025-02-26 17:14:21,507 [INFO] CADModel:105 - Init CAD model plugin
2025-02-26 17:14:21,507 [INFO] PluginManage:359 - Loaded plugin cadmodel (category:power,tabindex:5)
2025-02-26 17:14:21,509 [INFO] PluginManage:310 - Check plugin clock
2025-02-26 17:14:21,520 [INFO] PluginManage:359 - Loaded plugin clock (category:base,tabindex:2)
2025-02-26 17:14:21,520 [INFO] PluginManage:310 - Check plugin ddr
2025-02-26 17:14:21,521 [INFO] PluginManage:359 - Loaded plugin ddr (category:tool,tabindex:6)
2025-02-26 17:14:21,522 [INFO] PluginManage:310 - Check plugin filemanager
2025-02-26 17:14:21,644 [INFO] PluginManage:359 - Loaded plugin filemanager (category:base,tabindex:10)
2025-02-26 17:14:21,644 [INFO] PluginManage:310 - Check plugin ipmanager
2025-02-26 17:14:21,652 [INFO] PluginManage:359 - Loaded plugin ipmanager (category:base,tabindex:5)
2025-02-26 17:14:21,652 [INFO] PluginManage:310 - Check plugin lpbam
2025-02-26 17:14:21,658 [INFO] PluginManage:359 - Loaded plugin lpbam (category:base,tabindex:0)
2025-02-26 17:14:21,658 [INFO] PluginManage:310 - Check plugin memorymap
2025-02-26 17:14:21,665 [INFO] PluginManage:359 - Loaded plugin memorymap (category:base,tabindex:4)
2025-02-26 17:14:21,666 [INFO] PluginManage:310 - Check plugin pinoutandconfiguration
2025-02-26 17:14:21,671 [INFO] PluginManage:359 - Loaded plugin pinoutandconfiguration (category:base,tabindex:1)
2025-02-26 17:14:21,671 [INFO] PluginManage:310 - Check plugin pinoutconfig
2025-02-26 17:14:21,728 [WARN] SupportedApi:132 - Cannot load RTOS API schema: s4s-elt-must-match.1: The content of 'definitions' must match (annotation?, (simpleType | complexType)?, (unique | key | keyref)*)). A problem was found starting at: attribute.
2025-02-26 17:14:21,890 [INFO] PluginManage:359 - Loaded plugin pinoutconfig (category:base,tabindex:0)
2025-02-26 17:14:21,890 [INFO] PluginManage:310 - Check plugin power
2025-02-26 17:14:21,900 [INFO] PluginManage:359 - Loaded plugin power (category:power,tabindex:4)
2025-02-26 17:14:21,900 [INFO] PluginManage:310 - Check plugin projectmanager
2025-02-26 17:14:21,924 [INFO] PluginManage:359 - Loaded plugin projectmanager (category:projectmanager,tabindex:4)
2025-02-26 17:14:21,924 [INFO] PluginManage:310 - Check plugin rif
2025-02-26 17:14:21,929 [INFO] PluginManage:359 - Loaded plugin rif (category:base,tabindex:3)
2025-02-26 17:14:21,929 [INFO] PluginManage:310 - Check plugin thirdparty
2025-02-26 17:14:22,039 [INFO] PluginManage:359 - Loaded plugin thirdparty (category:base,tabindex:-1)
2025-02-26 17:14:22,038 [WARN] IntegrityCheckThread:84 - waiting for thirdparty lock release [integrity check]
2025-02-26 17:14:22,039 [INFO] IntegrityCheckThread:86 - entering critical section [integrity check]
2025-02-26 17:14:22,039 [INFO] PluginManage:310 - Check plugin tools
2025-02-26 17:14:22,040 [INFO] ThirdPartyUpdaterWithRetryManager:70 - Updater plugin not ready yet. [1/15]
2025-02-26 17:14:22,041 [INFO] PluginManage:359 - Loaded plugin tools (category:base,tabindex:7)
2025-02-26 17:14:22,041 [INFO] PluginManage:310 - Check plugin tutovideos
2025-02-26 17:14:22,158 [INFO] PluginManage:359 - Loaded plugin tutovideos (category:base,tabindex:-1)
2025-02-26 17:14:22,158 [INFO] PluginManage:310 - Check plugin updater
2025-02-26 17:14:22,181 [INFO] PluginManage:359 - Loaded plugin updater (category:base,tabindex:12)
2025-02-26 17:14:22,181 [INFO] PluginManage:310 - Check plugin userauth
2025-02-26 17:14:22,186 [INFO] UserAuth:118 - Init User Auth plugin
2025-02-26 17:14:22,189 [INFO] PluginManage:359 - Loaded plugin userauth (category:base,tabindex:14)
2025-02-26 17:14:22,189 [INFO] PluginManage:283 - PluginManage : Loaded plugins [18]
2025-02-26 17:14:22,358 [INFO] PinOutPanel:1589 - setPackage(No Configuration,No Configuration)
2025-02-26 17:14:22,423 [INFO] CADModel:165 - CPN selected for project level
2025-02-26 17:14:22,423 [INFO] CADModel:114 - Register for checkConnection events
2025-02-26 17:14:22,432 [INFO] IPUIPlugin:80 - create IPUIPlugin
2025-02-26 17:14:22,433 [INFO] PluginManager:220 - loadIPPluginJar : add mdma
2025-02-26 17:14:22,438 [INFO] IPUIPlugin:80 - create IPUIPlugin
2025-02-26 17:14:22,438 [INFO] PluginManager:220 - loadIPPluginJar : add freertos
2025-02-26 17:14:22,441 [INFO] IPUIPlugin:80 - create IPUIPlugin
2025-02-26 17:14:22,441 [INFO] PluginManager:220 - loadIPPluginJar : add gic
2025-02-26 17:14:22,448 [INFO] IPUIPlugin:80 - create IPUIPlugin
2025-02-26 17:14:22,448 [INFO] PluginManager:220 - loadIPPluginJar : add adc
2025-02-26 17:14:22,451 [INFO] IPUIPlugin:80 - create IPUIPlugin
2025-02-26 17:14:22,451 [INFO] PluginManager:220 - loadIPPluginJar : add gtzc
2025-02-26 17:14:22,453 [INFO] IPUIPlugin:80 - create IPUIPlugin
2025-02-26 17:14:22,453 [INFO] PluginManager:220 - loadIPPluginJar : add quadspi
2025-02-26 17:14:22,454 [INFO] IPUIPlugin:80 - create IPUIPlugin
2025-02-26 17:14:22,455 [INFO] PluginManager:220 - loadIPPluginJar : add aes
2025-02-26 17:14:22,456 [INFO] IPUIPlugin:80 - create IPUIPlugin
2025-02-26 17:14:22,456 [INFO] PluginManager:220 - loadIPPluginJar : add pdm2pcm
2025-02-26 17:14:22,457 [INFO] IPUIPlugin:80 - create IPUIPlugin
2025-02-26 17:14:22,458 [INFO] PluginManager:220 - loadIPPluginJar : add hash
2025-02-26 17:14:22,458 [INFO] IPUIPlugin:80 - create IPUIPlugin
2025-02-26 17:14:22,458 [INFO] PluginManager:220 - loadIPPluginJar : add tim
2025-02-26 17:14:22,459 [INFO] IPUIPlugin:80 - create IPUIPlugin
2025-02-26 17:14:22,459 [INFO] PluginManager:220 - loadIPPluginJar : add tsc
2025-02-26 17:14:22,461 [INFO] IPUIPlugin:80 - create IPUIPlugin
2025-02-26 17:14:22,461 [INFO] PluginManager:220 - loadIPPluginJar : add extmemmanager
2025-02-26 17:14:22,462 [INFO] IPUIPlugin:80 - create IPUIPlugin
2025-02-26 17:14:22,462 [INFO] PluginManager:220 - loadIPPluginJar : add ts
2025-02-26 17:14:22,463 [INFO] IPUIPlugin:80 - create IPUIPlugin
2025-02-26 17:14:22,463 [INFO] PluginManager:220 - loadIPPluginJar : add radio
2025-02-26 17:14:22,464 [INFO] IPUIPlugin:80 - create IPUIPlugin
2025-02-26 17:14:22,464 [INFO] PluginManager:220 - loadIPPluginJar : add can
2025-02-26 17:14:22,466 [INFO] IPUIPlugin:80 - create IPUIPlugin
2025-02-26 17:14:22,466 [INFO] PluginManager:220 - loadIPPluginJar : add dma3
2025-02-26 17:14:22,467 [INFO] IPUIPlugin:80 - create IPUIPlugin
2025-02-26 17:14:22,468 [INFO] PluginManager:220 - loadIPPluginJar : add dfsdm
2025-02-26 17:14:22,468 [INFO] IPUIPlugin:80 - create IPUIPlugin
2025-02-26 17:14:22,469 [INFO] PluginManager:220 - loadIPPluginJar : add spi
2025-02-26 17:14:22,470 [INFO] IPUIPlugin:80 - create IPUIPlugin
2025-02-26 17:14:22,470 [INFO] PluginManager:220 - loadIPPluginJar : add gfxmmu
2025-02-26 17:14:22,471 [INFO] IPUIPlugin:80 - create IPUIPlugin
2025-02-26 17:14:22,471 [INFO] PluginManager:220 - loadIPPluginJar : add genericplugin
2025-02-26 17:14:22,472 [INFO] IPUIPlugin:80 - create IPUIPlugin
2025-02-26 17:14:22,473 [INFO] PluginManager:220 - loadIPPluginJar : add cryp
2025-02-26 17:14:22,476 [INFO] IPUIPlugin:80 - create IPUIPlugin
2025-02-26 17:14:22,476 [INFO] PluginManager:220 - loadIPPluginJar : add gpio
2025-02-26 17:14:22,478 [INFO] IPUIPlugin:80 - create IPUIPlugin
2025-02-26 17:14:22,478 [INFO] PluginManager:220 - loadIPPluginJar : add ddr_ctrl_phy
2025-02-26 17:14:22,479 [INFO] IPUIPlugin:80 - create IPUIPlugin
2025-02-26 17:14:22,479 [INFO] PluginManager:220 - loadIPPluginJar : add comp
2025-02-26 17:14:22,481 [INFO] IPUIPlugin:80 - create IPUIPlugin
2025-02-26 17:14:22,481 [INFO] PluginManager:220 - loadIPPluginJar : add tracer_emb
2025-02-26 17:14:22,483 [INFO] IPUIPlugin:80 - create IPUIPlugin
2025-02-26 17:14:22,483 [INFO] PluginManager:220 - loadIPPluginJar : add openamp
2025-02-26 17:14:22,486 [INFO] IPUIPlugin:80 - create IPUIPlugin
2025-02-26 17:14:22,486 [INFO] PluginManager:220 - loadIPPluginJar : add stm32_wpan
2025-02-26 17:14:22,489 [INFO] IPUIPlugin:80 - create IPUIPlugin
2025-02-26 17:14:22,490 [INFO] PluginManager:220 - loadIPPluginJar : add plateformsettings
2025-02-26 17:14:22,492 [INFO] IPUIPlugin:80 - create IPUIPlugin
2025-02-26 17:14:22,492 [INFO] PluginManager:220 - loadIPPluginJar : add ipddr
2025-02-26 17:14:22,493 [INFO] IPUIPlugin:80 - create IPUIPlugin
2025-02-26 17:14:22,493 [INFO] PluginManager:220 - loadIPPluginJar : add usart
2025-02-26 17:14:22,494 [INFO] IPUIPlugin:80 - create IPUIPlugin
2025-02-26 17:14:22,494 [INFO] PluginManager:220 - loadIPPluginJar : add ltdc
2025-02-26 17:14:22,495 [INFO] IPUIPlugin:80 - create IPUIPlugin
2025-02-26 17:14:22,496 [INFO] PluginManager:220 - loadIPPluginJar : add nvic
2025-02-26 17:14:22,498 [INFO] IPUIPlugin:80 - create IPUIPlugin
2025-02-26 17:14:22,498 [INFO] PluginManager:220 - loadIPPluginJar : add fatfs
2025-02-26 17:14:22,501 [INFO] IPUIPlugin:80 - create IPUIPlugin
2025-02-26 17:14:22,501 [INFO] PluginManager:220 - loadIPPluginJar : add linkedlist
2025-02-26 17:14:22,504 [INFO] IPUIPlugin:80 - create IPUIPlugin
2025-02-26 17:14:22,504 [INFO] PluginManager:220 - loadIPPluginJar : add dma
2025-02-26 17:14:22,506 [INFO] IPUIPlugin:80 - create IPUIPlugin
2025-02-26 17:14:22,506 [INFO] PluginManager:220 - loadIPPluginJar : add fmc
2025-02-26 17:14:22,507 [INFO] IPUIPlugin:80 - create IPUIPlugin
2025-02-26 17:14:22,507 [INFO] PluginManager:220 - loadIPPluginJar : add i2s
2025-02-26 17:14:22,508 [INFO] IPUIPlugin:80 - create IPUIPlugin
2025-02-26 17:14:22,508 [INFO] PluginManager:220 - loadIPPluginJar : add ucpd
2025-02-26 17:14:22,508 [INFO] IPUIPlugin:80 - create IPUIPlugin
2025-02-26 17:14:22,509 [INFO] PluginManager:220 - loadIPPluginJar : add lorawan
2025-02-26 17:14:22,510 [INFO] IPUIPlugin:80 - create IPUIPlugin
2025-02-26 17:14:22,510 [INFO] PluginManager:220 - loadIPPluginJar : add opamp
2025-02-26 17:14:22,514 [INFO] IPUIPlugin:80 - create IPUIPlugin
2025-02-26 17:14:22,514 [INFO] PluginManager:220 - loadIPPluginJar : add i3c
2025-02-26 17:14:22,516 [INFO] IPUIPlugin:80 - create IPUIPlugin
2025-02-26 17:14:22,517 [INFO] PluginManager:220 - loadIPPluginJar : add touchsensing
2025-02-26 17:14:22,518 [INFO] IPUIPlugin:80 - create IPUIPlugin
2025-02-26 17:14:22,519 [INFO] PluginManager:220 - loadIPPluginJar : add i2c
2025-02-26 17:14:22,520 [INFO] IPUIPlugin:80 - create IPUIPlugin
2025-02-26 17:14:22,520 [INFO] PluginManager:220 - loadIPPluginJar : add resmgrutility
2025-02-26 17:14:22,521 [INFO] IPUIPlugin:80 - create IPUIPlugin
2025-02-26 17:14:22,521 [INFO] PluginManager:220 - loadIPPluginJar : add sai
2025-02-26 17:14:22,523 [INFO] IPUIPlugin:80 - create IPUIPlugin
2025-02-26 17:14:22,523 [INFO] PluginManager:220 - loadIPPluginJar : add usbx
2025-02-26 17:14:22,625 [FATAL] Updater:351 - Updater called before beeing initialized
2025-02-26 17:14:22,667 [INFO] RulesReader:64 - Compatibility file has been processed (297 Rules)
2025-02-26 17:14:22,681 [INFO] RulesReader:64 - Compatibility file has been processed (297 Rules)
2025-02-26 17:14:22,697 [INFO] CADModel:165 - CPN selected for project level
2025-02-26 17:14:22,697 [INFO] CADModel:114 - Register for checkConnection events
2025-02-26 17:14:22,697 [FATAL] Updater:351 - Updater called before beeing initialized
2025-02-26 17:14:22,697 [ERROR] CADModel:125 - Updater not yet initialized, retry later 
2025-02-26 17:14:23,173 [FATAL] Updater:351 - Updater called before beeing initialized
2025-02-26 17:14:23,182 [INFO] CADModel:165 - CPN selected for project level
2025-02-26 17:14:23,183 [INFO] CADModel:114 - Register for checkConnection events
2025-02-26 17:14:23,183 [FATAL] Updater:351 - Updater called before beeing initialized
2025-02-26 17:14:23,183 [ERROR] CADModel:125 - Updater not yet initialized, retry later 
2025-02-26 17:14:23,187 [FATAL] Updater:351 - Updater called before beeing initialized
2025-02-26 17:14:23,465 [FATAL] Updater:351 - Updater called before beeing initialized
2025-02-26 17:14:23,471 [INFO] DbMcusAds:53 - JSON generation date=Tue Dec 17 08:01:15 PST 2024 (1734451275111)
2025-02-26 17:14:23,471 [FATAL] Updater:351 - Updater called before beeing initialized
2025-02-26 17:14:23,828 [WARN] DetailPanel:346 - Failed to get advertising image, set to default
2025-02-26 17:14:24,040 [FATAL] Updater:351 - Updater called before beeing initialized
2025-02-26 17:14:24,044 [FATAL] Updater:351 - Updater called before beeing initialized
2025-02-26 17:14:24,044 [FATAL] Updater:351 - Updater called before beeing initialized
2025-02-26 17:14:24,044 [WARN] DetailPanel:346 - Failed to get advertising image, set to default
2025-02-26 17:14:24,046 [FATAL] Updater:351 - Updater called before beeing initialized
2025-02-26 17:14:24,124 [ERROR] Updater:1198 - MainUpdater not yet initialized. External WinMGr cannot be set.
2025-02-26 17:14:24,218 [INFO] Updater:1134 - Updater Version found : 6.13.0
2025-02-26 17:14:24,231 [INFO] ApplicationProperties:184 - Using Application install path: /Applications/STM32CubeIDE.app/Contents/Eclipse/plugins/com.st.stm32cube.common.mx_6.13.0.202411220809
2025-02-26 17:14:24,621 [INFO] MainUpdater:2872 - connection check result : 10
2025-02-26 17:14:24,621 [INFO] MainUpdater:289 - Updater Check For Update Now.
2025-02-26 17:14:24,622 [INFO] MicroXplorer:498 - Change Database Version : DB.6.0.130
2025-02-26 17:14:24,625 [INFO] McuFinderGlobals:63 - Set McuFinder mode to 2 (CubeIDE integrated)
2025-02-26 17:14:24,626 [INFO] UserAuth:171 - activating auth plugin
2025-02-26 17:14:24,640 [INFO] UserAuth:486 - Internet connection configuration mode: 1
2025-02-26 17:14:24,652 [INFO] JxBrowserEngine:152 - Initiate JxBrowser Engine with user profile folder
2025-02-26 17:14:24,857 [INFO] CheckServerUpdateThread:120 - End of CheckServer Thread
2025-02-26 17:14:25,173 [WARN] PackLoader:240 - Cannot read IP mode file for STMicroelectronics.FP-SNS-MOTENVWB1.1.4.0
2025-02-26 17:14:25,190 [WARN] PackLoader:240 - Cannot read IP mode file for STMicroelectronics.FP-ATR-ASTRA1.2.0.1
2025-02-26 17:14:25,203 [WARN] PackLoader:240 - Cannot read IP mode file for STMicroelectronics.X-CUBE-SMBUS.2.1.0
2025-02-26 17:14:25,214 [WARN] PackLoader:240 - Cannot read IP mode file for STMicroelectronics.X-CUBE-WB05N.1.1.0
2025-02-26 17:14:25,264 [WARN] PackLoader:240 - Cannot read IP mode file for STMicroelectronics.X-CUBE-AZRTOS-F7.1.1.0
2025-02-26 17:14:25,329 [WARN] PackLoader:240 - Cannot read IP mode file for STMicroelectronics.FP-SNS-FLIGHT1.5.0.2
2025-02-26 17:14:25,381 [WARN] PackLoader:240 - Cannot read IP mode file for Infineon.AIROC-Wi-Fi-Bluetooth-STM32.1.7.0
2025-02-26 17:14:25,445 [WARN] PackLoader:240 - Cannot read IP mode file for STMicroelectronics.X-CUBE-DISPLAY.3.0.0
2025-02-26 17:14:25,464 [WARN] PackLoader:240 - Cannot read IP mode file for STMicroelectronics.X-CUBE-BLE1.7.0.0
2025-02-26 17:14:25,479 [WARN] PackLoader:240 - Cannot read IP mode file for STMicroelectronics.X-CUBE-NFC10.1.0.0
2025-02-26 17:14:25,503 [WARN] PackLoader:240 - Cannot read IP mode file for STMicroelectronics.X-CUBE-BLEMGR.4.0.0
2025-02-26 17:14:25,525 [WARN] PackLoader:240 - Cannot read IP mode file for emotas.I-CUBE-CANOPEN.1.3.0
2025-02-26 17:14:25,534 [WARN] PackLoader:240 - Cannot read IP mode file for STMicroelectronics.X-CUBE-AI.10.0.0
2025-02-26 17:14:25,541 [WARN] PackLoader:240 - Cannot read IP mode file for STMicroelectronics.FP-SNS-SMARTAG2.1.2.0
2025-02-26 17:14:25,621 [WARN] PackLoader:240 - Cannot read IP mode file for STMicroelectronics.X-CUBE-MEMS1.11.1.0
2025-02-26 17:14:25,716 [INFO] LogOutputStream:77 - [STDOUT_REDIRECT] 1 : Invalid condition id : UX_CORESTACK_Condition cause : null
2025-02-26 17:14:25,718 [INFO] LogOutputStream:77 - [STDOUT_REDIRECT] 1 : Invalid condition id : UX_CORESTACK_Condition cause : null
2025-02-26 17:14:25,718 [INFO] LogOutputStream:77 - [STDOUT_REDIRECT] 1 : Invalid condition id : UX_CORESTACK_Condition cause : null
2025-02-26 17:14:25,718 [INFO] LogOutputStream:77 - [STDOUT_REDIRECT] 1 : Invalid condition id : UX_CORESTACK_Condition cause : null
2025-02-26 17:14:25,720 [INFO] LogOutputStream:77 - [STDOUT_REDIRECT] 1 : Invalid condition id : UX_CORESTACK_Condition cause : null
2025-02-26 17:14:25,731 [WARN] PackLoader:240 - Cannot read IP mode file for STMicroelectronics.X-CUBE-AZRTOS-WL.2.0.0
2025-02-26 17:14:25,748 [WARN] PackLoader:240 - Cannot read IP mode file for STMicroelectronics.FP-SNS-MOTENV1.5.0.0
2025-02-26 17:14:25,756 [WARN] PackLoader:240 - Cannot read IP mode file for wolfSSL.I-CUBE-wolfMQTT.1.19.0
2025-02-26 17:14:25,766 [WARN] PackLoader:240 - Cannot read IP mode file for WES.I-CUBE-Cesium.1.3.0
2025-02-26 17:14:25,770 [WARN] PackLoader:240 - Cannot read IP mode file for STMicroelectronics.X-CUBE-BLE2.3.3.0
2025-02-26 17:14:25,776 [WARN] PackLoader:240 - Cannot read IP mode file for STMicroelectronics.X-CUBE-NFC9.1.0.0
2025-02-26 17:14:25,790 [WARN] PackLoader:240 - Cannot read IP mode file for STMicroelectronics.X-CUBE-AZRTOS-G0.1.1.0
2025-02-26 17:14:25,797 [WARN] PackLoader:240 - Cannot read IP mode file for STMicroelectronics.X-CUBE-SAFEA1.1.2.2
2025-02-26 17:14:25,805 [WARN] PackLoader:240 - Cannot read IP mode file for STMicroelectronics.X-CUBE-NFC4.3.0.0
2025-02-26 17:14:25,814 [WARN] PackLoader:240 - Cannot read IP mode file for EmbeddedOffice.I-CUBE-FS-RTOS.1.0.1
2025-02-26 17:14:25,819 [WARN] PackLoader:240 - Cannot read IP mode file for STMicroelectronics.X-CUBE-TCPP.4.2.0
2025-02-26 17:14:25,823 [WARN] PackLoader:240 - Cannot read IP mode file for RealThread.X-CUBE-RT-Thread_Nano.4.1.1
2025-02-26 17:14:25,825 [WARN] PackLoader:240 - Cannot read IP mode file for STMicroelectronics.FP-ATR-SIGFOX1.3.2.0
2025-02-26 17:14:25,829 [WARN] ConditionMgr:438 - getConditionDescription Invalid condition id : Cortex-A Device cause : null
2025-02-26 17:14:25,850 [WARN] ConditionMgr:1044 - genDependencies : Invalid condition id : Cortex-A Device cause : null
2025-02-26 17:14:25,851 [WARN] ConditionMgr:1044 - genDependencies : Invalid condition id : Cortex-A Device cause : null
2025-02-26 17:14:25,851 [WARN] ConditionMgr:1044 - genDependencies : Invalid condition id : Cortex-A Device cause : null
2025-02-26 17:14:25,859 [WARN] PackLoader:240 - Cannot read IP mode file for STMicroelectronics.X-CUBE-EEPRMA1.5.1.0
2025-02-26 17:14:25,865 [WARN] PackLoader:240 - Cannot read IP mode file for wolfSSL.I-CUBE-wolfSSL.5.7.6
2025-02-26 17:14:25,868 [WARN] PackLoader:240 - Cannot read IP mode file for ITTIA_DB.I-CUBE-ITTIADB.8.9.0
2025-02-26 17:14:25,894 [WARN] PackLoader:240 - Cannot read IP mode file for SEGGER.I-CUBE-embOS.1.3.1
2025-02-26 17:14:25,915 [WARN] PackLoader:240 - Cannot read IP mode file for STMicroelectronics.X-CUBE-ALGOBUILD.1.4.0
2025-02-26 17:14:25,929 [WARN] PackLoader:240 - Cannot read IP mode file for STMicroelectronics.X-CUBE-AZRTOS-F4.1.1.0
2025-02-26 17:14:25,936 [WARN] PackLoader:240 - Cannot read IP mode file for STMicroelectronics.X-CUBE-ISPU.2.1.0
2025-02-26 17:14:25,951 [WARN] PackLoader:240 - Cannot read IP mode file for STMicroelectronics.X-CUBE-AZRTOS-L5.2.0.0
2025-02-26 17:14:25,962 [WARN] PackLoader:240 - Cannot read IP mode file for STMicroelectronics.X-CUBE-NFC6.3.1.0
2025-02-26 17:14:25,970 [WARN] PackLoader:240 - Cannot read IP mode file for STMicroelectronics.X-CUBE-DPower.1.2.0
2025-02-26 17:14:25,980 [WARN] PackLoader:240 - Cannot read IP mode file for STMicroelectronics.X-CUBE-FREERTOS.1.3.0
2025-02-26 17:14:25,985 [WARN] PackLoader:240 - Cannot read IP mode file for STMicroelectronics.X-CUBE-NFC7.1.0.1
2025-02-26 17:14:26,002 [WARN] ConditionMgr:438 - getConditionDescription Invalid condition id : LAN8742 Phy interface Condition cause : null
2025-02-26 17:14:26,003 [WARN] PackLoader:240 - Cannot read IP mode file for STMicroelectronics.X-CUBE-AZRTOS-L4.2.0.0
2025-02-26 17:14:26,007 [WARN] ConditionMgr:1044 - genDependencies : Invalid condition id : LAN8742 Phy interface Condition cause : null
2025-02-26 17:14:26,008 [WARN] ConditionMgr:1044 - genDependencies : Invalid condition id : LAN8742 Phy interface Condition cause : null
2025-02-26 17:14:26,009 [WARN] ConditionMgr:1044 - genDependencies : Invalid condition id : LAN8742 Phy interface Condition cause : null
2025-02-26 17:14:26,014 [WARN] PackLoader:240 - Cannot read IP mode file for STMicroelectronics.X-CUBE-SFXS2LP1.4.0.0
2025-02-26 17:14:26,036 [WARN] PackLoader:240 - Cannot read IP mode file for STMicroelectronics.X-CUBE-AZRTOS-H7.3.3.0
2025-02-26 17:14:26,050 [WARN] ConditionMgr:438 - getConditionDescription Invalid condition id : UX DEVICE CLASS RTOS Condition cause : null
2025-02-26 17:14:26,051 [WARN] ConditionMgr:438 - getConditionDescription Invalid condition id : UX DEVICE CLASS RTOS Condition cause : null
2025-02-26 17:14:26,165 [WARN] PackLoader:240 - Cannot read IP mode file for STMicroelectronics.X-CUBE-AZRTOS-WB.2.0.0
2025-02-26 17:14:26,179 [WARN] ConditionMgr:1044 - genDependencies : Invalid condition id : UX DEVICE CLASS RTOS Condition cause : null
2025-02-26 17:14:26,180 [WARN] ConditionMgr:1044 - genDependencies : Invalid condition id : UX DEVICE CLASS RTOS Condition cause : null
2025-02-26 17:14:26,181 [WARN] ConditionMgr:1044 - genDependencies : Invalid condition id : UX DEVICE CLASS RTOS Condition cause : null
2025-02-26 17:14:26,182 [WARN] ConditionMgr:1044 - genDependencies : Invalid condition id : UX DEVICE CLASS RTOS Condition cause : null
2025-02-26 17:14:26,182 [WARN] ConditionMgr:1044 - genDependencies : Invalid condition id : UX DEVICE CLASS RTOS Condition cause : null
2025-02-26 17:14:26,282 [WARN] PackLoader:240 - Cannot read IP mode file for STMicroelectronics.X-CUBE-GNSS1.7.0.1
2025-02-26 17:14:26,297 [WARN] PackLoader:240 - Cannot read IP mode file for STMicroelectronics.FP-SNS-STBOX1.2.0.0
2025-02-26 17:14:26,309 [WARN] PackLoader:240 - Cannot read IP mode file for STMicroelectronics.X-CUBE-SUBG2.5.0.0
2025-02-26 17:14:26,315 [WARN] PackLoader:240 - Cannot read IP mode file for Cesanta.I-CUBE-Mongoose.7.13.0
2025-02-26 17:14:26,330 [WARN] PackLoader:240 - Cannot read IP mode file for STMicroelectronics.X-CUBE-AZRTOS-G4.2.0.0
2025-02-26 17:14:26,342 [WARN] PackLoader:240 - Cannot read IP mode file for STMicroelectronics.X-CUBE-IPS.3.1.0
2025-02-26 17:14:26,349 [WARN] PackLoader:240 - Cannot read IP mode file for STMicroelectronics.X-CUBE-ALS.1.0.2
2025-02-26 17:14:26,394 [WARN] PackLoader:240 - Cannot read IP mode file for STMicroelectronics.X-CUBE-TOUCHGFX.4.24.2
2025-02-26 17:14:26,399 [WARN] PackLoader:240 - Cannot read IP mode file for wolfSSL.I-CUBE-wolfTPM.3.4.0
2025-02-26 17:14:26,405 [WARN] PackLoader:240 - Cannot read IP mode file for portGmbH.I-Cube-SoM-uGOAL.1.1.0
2025-02-26 17:14:26,431 [WARN] PackLoader:240 - Cannot read IP mode file for STMicroelectronics.X-CUBE-AZRTOS-H7RS.1.0.0
2025-02-26 17:14:26,450 [WARN] PackLoader:240 - Cannot read IP mode file for STMicroelectronics.X-CUBE-TOF1.3.4.2
2025-02-26 17:14:26,457 [WARN] PackLoader:240 - Cannot read IP mode file for wolfSSL.I-CUBE-wolfSSH.1.4.17
2025-02-26 17:14:26,473 [INFO] ThirdParty:978 - Integrity check success = true
2025-02-26 17:14:26,473 [INFO] IntegrityCheckThread:100 - exiting critical section [integrity check]
2025-02-26 17:14:26,473 [INFO] IntegrityCheckThread:103 - End integrity checks thread
2025-02-26 17:14:46,122 [INFO] WebApp:168 - Instantiating new browser for Auth
2025-02-26 17:14:47,780 [INFO] WebApp:449 - Apply proxy settings
2025-02-26 17:14:47,794 [INFO] WebApp:494 - Chromium authenticates against Manually configured proxy
2025-02-26 17:14:47,812 [INFO] WebApp:502 - Username used for proxy authentication: 
2025-02-26 17:14:47,858 [INFO] WebApp:880 - Register for checkConnection events
2025-02-26 17:14:47,858 [INFO] WebApp:449 - Apply proxy settings
2025-02-26 17:14:47,862 [INFO] WebApp:494 - Chromium authenticates against Manually configured proxy
2025-02-26 17:14:47,862 [INFO] WebApp:502 - Username used for proxy authentication: 
2025-02-26 17:14:47,986 [INFO] WebApp:221 - Starting web application
2025-02-26 17:14:47,987 [INFO] WebApp:579 - Web application path used /Applications/STM32CubeIDE.app/Contents/Eclipse/plugins/com.st.stm32cube.common.mx_6.13.0.202411220809/db/plugins/mcufinder/reactClient1/index.html
2025-02-26 17:14:48,400 [INFO] WebApp:187 - Connection restablished
2025-02-26 21:30:24,604 [ERROR] LogOutputStream:75 - [STDERR_REDIRECT] 
