2023-09-16 11:24:52,534 [INFO] Activator:176 - 


2023-09-16 11:24:52,536 [INFO] Activator:177 - !SESSION log4j initialized
2023-09-16 11:24:54,764 [INFO] LogOutputStream:77 - [STDOUT_REDIRECT] 
2023-09-16 11:24:57,602 [INFO] ApplicationProperties:184 - Using Application install path: /opt/st/stm32cubeide_1.13.1/plugins/com.st.stm32cube.common.mx_6.9.1.202307191849
2023-09-16 11:24:57,624 [INFO] DbMcusXml:78 - Set database path to: /opt/st/stm32cubeide_1.13.1/plugins/com.st.stm32cube.common.mx_6.9.1.202307191849//db//mcu/
2023-09-16 11:24:57,625 [INFO] ApiDb:274 - Set plugin database path to: /opt/st/stm32cubeide_1.13.1/plugins/com.st.stm32cube.common.mx_6.9.1.202307191849//db//plugins/boardmanager/
2023-09-16 11:24:57,625 [WARN] ApiDb:259 - Overriding images path with different value:  => /opt/st/stm32cubeide_1.13.1/plugins/com.st.stm32cube.common.mx_6.9.1.202307191849//db//plugins/mcufinder/images/
2023-09-16 11:24:57,638 [INFO] ApiDb:250 - Set database path to: /home/maurice/.stmcufinder/plugins/mcufinder//mcu/
2023-09-16 11:24:57,640 [INFO] DbMcusAds:125 - Set database path to: /home/maurice/.stmcufinder/plugins/mcufinder//mcu/
2023-09-16 11:24:57,643 [INFO] CrossReferenceDbSqlite:203 - Set database path to: /home/maurice/.stmcufinder/plugins/mcufinder//mcu/cs/
2023-09-16 11:24:57,781 [INFO] RulesReader:64 - Compatibility file has been processed (293 Rules)
2023-09-16 11:24:57,864 [INFO] DbMcusXml:78 - Set database path to: /opt/st/stm32cubeide_1.13.1/plugins/com.st.stm32cube.common.mx_6.9.1.202307191849//db//mcu/
2023-09-16 11:24:57,864 [INFO] ApiDb:274 - Set plugin database path to: /opt/st/stm32cubeide_1.13.1/plugins/com.st.stm32cube.common.mx_6.9.1.202307191849//db//plugins/boardmanager/
2023-09-16 11:24:57,864 [INFO] ApiDb:261 - Set plugin images path to: /opt/st/stm32cubeide_1.13.1/plugins/com.st.stm32cube.common.mx_6.9.1.202307191849//db//plugins/mcufinder/images/
2023-09-16 11:24:57,865 [WARN] DbFile:41 - Overriding database path with different value: /home/maurice/.stmcufinder/plugins/mcufinder/ => /home/maurice/.stmcufinder/plugins/mcufinder
2023-09-16 11:24:57,865 [INFO] ApiDb:250 - Set database path to: /home/maurice/.stmcufinder/plugins/mcufinder//mcu/
2023-09-16 11:24:57,865 [WARN] DbFile:41 - Overriding database path with different value: /home/maurice/.stmcufinder/plugins/mcufinder/ => /home/maurice/.stmcufinder/plugins/mcufinder
2023-09-16 11:24:57,865 [INFO] DbMcusAds:125 - Set database path to: /home/maurice/.stmcufinder/plugins/mcufinder//mcu/
2023-09-16 11:24:57,865 [WARN] DbFile:41 - Overriding database path with different value: /home/maurice/.stmcufinder/plugins/mcufinder/ => /home/maurice/.stmcufinder/plugins/mcufinder
2023-09-16 11:24:57,865 [WARN] DbFile:41 - Overriding database path with different value: /home/maurice/.stmcufinder/plugins/mcufinder/ => /home/maurice/.stmcufinder/plugins/mcufinder
2023-09-16 11:24:57,866 [INFO] CrossReferenceDbSqlite:203 - Set database path to: /home/maurice/.stmcufinder/plugins/mcufinder//mcu/cs/
2023-09-16 11:24:57,944 [INFO] MainPanel:262 - HeapMemory: 268435456
2023-09-16 11:24:58,044 [INFO] DbMcusXml:78 - Set database path to: /opt/st/stm32cubeide_1.13.1/plugins/com.st.stm32cube.common.mx_6.9.1.202307191849//db//mcu/
2023-09-16 11:24:58,044 [INFO] ApiDb:274 - Set plugin database path to: /opt/st/stm32cubeide_1.13.1/plugins/com.st.stm32cube.common.mx_6.9.1.202307191849//db//plugins/boardmanager/
2023-09-16 11:24:58,044 [INFO] ApiDb:261 - Set plugin images path to: /opt/st/stm32cubeide_1.13.1/plugins/com.st.stm32cube.common.mx_6.9.1.202307191849//db//plugins/mcufinder/images/
2023-09-16 11:24:58,045 [WARN] DbFile:41 - Overriding database path with different value: /home/maurice/.stmcufinder/plugins/mcufinder/ => /home/maurice/.stmcufinder/plugins/mcufinder
2023-09-16 11:24:58,045 [INFO] ApiDb:250 - Set database path to: /home/maurice/.stmcufinder/plugins/mcufinder//mcu/
2023-09-16 11:24:58,045 [WARN] DbFile:41 - Overriding database path with different value: /home/maurice/.stmcufinder/plugins/mcufinder/ => /home/maurice/.stmcufinder/plugins/mcufinder
2023-09-16 11:24:58,045 [INFO] DbMcusAds:125 - Set database path to: /home/maurice/.stmcufinder/plugins/mcufinder//mcu/
2023-09-16 11:24:58,046 [WARN] DbFile:41 - Overriding database path with different value: /home/maurice/.stmcufinder/plugins/mcufinder/ => /home/maurice/.stmcufinder/plugins/mcufinder
2023-09-16 11:24:58,046 [WARN] DbFile:41 - Overriding database path with different value: /home/maurice/.stmcufinder/plugins/mcufinder/ => /home/maurice/.stmcufinder/plugins/mcufinder
2023-09-16 11:24:58,046 [INFO] CrossReferenceDbSqlite:203 - Set database path to: /home/maurice/.stmcufinder/plugins/mcufinder//mcu/cs/
2023-09-16 11:24:58,066 [INFO] ApplicationProperties:184 - Using Application install path: /opt/st/stm32cubeide_1.13.1/plugins/com.st.stm32cube.common.mx_6.9.1.202307191849
2023-09-16 11:24:58,068 [INFO] PluginManage:196 - Search for loadable plugins [exclusion list=, ]
2023-09-16 11:24:58,069 [INFO] PluginManage:310 - Check plugin analytics
2023-09-16 11:24:58,279 [INFO] AnalyticsPlugin:253 - Accepted Software Licenses: 
2023-09-16 11:24:58,279 [INFO] AnalyticsPlugin:255 - Accepted CMSIS Pack Licenses: 
2023-09-16 11:24:58,280 [INFO] AnalyticsPlugin:257 - Accepted Firmware Licenses: 
2023-09-16 11:24:58,284 [INFO] PluginManage:359 - Loaded plugin analytics (category:tool,tabindex:-1)
2023-09-16 11:24:58,284 [INFO] PluginManage:310 - Check plugin cadmodel
2023-09-16 11:24:58,316 [INFO] CADModel:105 - Init CAD model plugin
2023-09-16 11:24:58,316 [INFO] PluginManage:359 - Loaded plugin cadmodel (category:power,tabindex:5)
2023-09-16 11:24:58,317 [INFO] PluginManage:310 - Check plugin clock
2023-09-16 11:24:58,330 [INFO] PluginManage:359 - Loaded plugin clock (category:base,tabindex:2)
2023-09-16 11:24:58,331 [INFO] PluginManage:310 - Check plugin ddr
2023-09-16 11:24:58,334 [INFO] PluginManage:359 - Loaded plugin ddr (category:tool,tabindex:6)
2023-09-16 11:24:58,334 [INFO] PluginManage:310 - Check plugin filemanager
2023-09-16 11:24:58,522 [INFO] PluginManage:359 - Loaded plugin filemanager (category:base,tabindex:10)
2023-09-16 11:24:58,523 [INFO] PluginManage:310 - Check plugin ipmanager
2023-09-16 11:24:58,531 [INFO] PluginManage:359 - Loaded plugin ipmanager (category:base,tabindex:5)
2023-09-16 11:24:58,531 [INFO] PluginManage:310 - Check plugin lpbam
2023-09-16 11:24:58,543 [INFO] PluginManage:359 - Loaded plugin lpbam (category:base,tabindex:0)
2023-09-16 11:24:58,543 [INFO] PluginManage:310 - Check plugin memorymap
2023-09-16 11:24:58,556 [INFO] PluginManage:359 - Loaded plugin memorymap (category:base,tabindex:4)
2023-09-16 11:24:58,556 [INFO] PluginManage:310 - Check plugin pinoutandconfiguration
2023-09-16 11:24:58,563 [INFO] PluginManage:359 - Loaded plugin pinoutandconfiguration (category:base,tabindex:1)
2023-09-16 11:24:58,563 [INFO] PluginManage:310 - Check plugin pinoutconfig
2023-09-16 11:24:58,672 [WARN] SupportedApi:132 - Cannot load RTOS API schema: s4s-elt-must-match.1: The content of 'definitions' must match (annotation?, (simpleType | complexType)?, (unique | key | keyref)*)). A problem was found starting at: attribute.
2023-09-16 11:24:58,911 [INFO] PluginManage:359 - Loaded plugin pinoutconfig (category:base,tabindex:0)
2023-09-16 11:24:58,912 [INFO] PluginManage:310 - Check plugin power
2023-09-16 11:24:58,928 [INFO] PluginManage:359 - Loaded plugin power (category:power,tabindex:4)
2023-09-16 11:24:58,929 [INFO] PluginManage:310 - Check plugin projectmanager
2023-09-16 11:24:58,956 [INFO] PluginManage:359 - Loaded plugin projectmanager (category:projectmanager,tabindex:3)
2023-09-16 11:24:58,956 [INFO] PluginManage:310 - Check plugin thirdparty
2023-09-16 11:24:59,137 [INFO] PluginManage:359 - Loaded plugin thirdparty (category:base,tabindex:-1)
2023-09-16 11:24:59,137 [INFO] PluginManage:310 - Check plugin tools
2023-09-16 11:24:59,139 [INFO] PluginManage:359 - Loaded plugin tools (category:base,tabindex:7)
2023-09-16 11:24:59,140 [INFO] PluginManage:310 - Check plugin tutovideos
2023-09-16 11:24:59,140 [WARN] IntegrityCheckThread:84 - waiting for thirdparty lock release [integrity check]
2023-09-16 11:24:59,140 [INFO] IntegrityCheckThread:86 - entering critical section [integrity check]
2023-09-16 11:24:59,141 [INFO] ThirdPartyUpdaterWithRetryManager:70 - Updater plugin not ready yet. [1/15]
2023-09-16 11:24:59,429 [INFO] PluginManage:359 - Loaded plugin tutovideos (category:base,tabindex:-1)
2023-09-16 11:24:59,429 [INFO] PluginManage:310 - Check plugin updater
2023-09-16 11:24:59,441 [INFO] PluginManage:359 - Loaded plugin updater (category:base,tabindex:12)
2023-09-16 11:24:59,441 [INFO] PluginManage:310 - Check plugin userauth
2023-09-16 11:24:59,452 [INFO] UserAuth:113 - Init User Auth plugin
2023-09-16 11:24:59,453 [INFO] PluginManage:359 - Loaded plugin userauth (category:base,tabindex:14)
2023-09-16 11:24:59,453 [INFO] PluginManage:283 - PluginManage : Loaded plugins [17]
2023-09-16 11:24:59,834 [INFO] PinOutPanel:1499 - setPackage(No Configuration,No Configuration)
2023-09-16 11:24:59,987 [INFO] CADModel:165 - CPN selected for project level
2023-09-16 11:24:59,987 [INFO] CADModel:114 - Register for checkConnection events
2023-09-16 11:25:00,004 [INFO] IPUIPlugin:80 - create IPUIPlugin
2023-09-16 11:25:00,005 [INFO] PluginManager:220 - loadIPPluginJar : add aes
2023-09-16 11:25:00,008 [INFO] IPUIPlugin:80 - create IPUIPlugin
2023-09-16 11:25:00,008 [INFO] PluginManager:220 - loadIPPluginJar : add gtzc
2023-09-16 11:25:00,011 [INFO] IPUIPlugin:80 - create IPUIPlugin
2023-09-16 11:25:00,011 [INFO] PluginManager:220 - loadIPPluginJar : add gfxmmu
2023-09-16 11:25:00,013 [INFO] IPUIPlugin:80 - create IPUIPlugin
2023-09-16 11:25:00,013 [INFO] PluginManager:220 - loadIPPluginJar : add ltdc
2023-09-16 11:25:00,015 [INFO] IPUIPlugin:80 - create IPUIPlugin
2023-09-16 11:25:00,015 [INFO] PluginManager:220 - loadIPPluginJar : add tim
2023-09-16 11:25:00,017 [INFO] IPUIPlugin:80 - create IPUIPlugin
2023-09-16 11:25:00,017 [INFO] PluginManager:220 - loadIPPluginJar : add tsc
2023-09-16 11:25:00,022 [INFO] IPUIPlugin:80 - create IPUIPlugin
2023-09-16 11:25:00,022 [INFO] PluginManager:220 - loadIPPluginJar : add opamp
2023-09-16 11:25:00,025 [INFO] IPUIPlugin:80 - create IPUIPlugin
2023-09-16 11:25:00,026 [INFO] PluginManager:220 - loadIPPluginJar : add spi
2023-09-16 11:25:00,035 [INFO] IPUIPlugin:80 - create IPUIPlugin
2023-09-16 11:25:00,035 [INFO] PluginManager:220 - loadIPPluginJar : add adc
2023-09-16 11:25:00,042 [INFO] IPUIPlugin:80 - create IPUIPlugin
2023-09-16 11:25:00,043 [INFO] PluginManager:220 - loadIPPluginJar : add dma
2023-09-16 11:25:00,047 [INFO] IPUIPlugin:80 - create IPUIPlugin
2023-09-16 11:25:00,047 [INFO] PluginManager:220 - loadIPPluginJar : add resmgrutility
2023-09-16 11:25:00,049 [INFO] IPUIPlugin:80 - create IPUIPlugin
2023-09-16 11:25:00,050 [INFO] PluginManager:220 - loadIPPluginJar : add fatfs
2023-09-16 11:25:00,052 [INFO] IPUIPlugin:80 - create IPUIPlugin
2023-09-16 11:25:00,053 [INFO] PluginManager:220 - loadIPPluginJar : add i2s
2023-09-16 11:25:00,057 [INFO] IPUIPlugin:80 - create IPUIPlugin
2023-09-16 11:25:00,057 [INFO] PluginManager:220 - loadIPPluginJar : add touchsensing
2023-09-16 11:25:00,059 [INFO] IPUIPlugin:80 - create IPUIPlugin
2023-09-16 11:25:00,059 [INFO] PluginManager:220 - loadIPPluginJar : add ts
2023-09-16 11:25:00,062 [INFO] IPUIPlugin:80 - create IPUIPlugin
2023-09-16 11:25:00,062 [INFO] PluginManager:220 - loadIPPluginJar : add hash
2023-09-16 11:25:00,064 [INFO] IPUIPlugin:80 - create IPUIPlugin
2023-09-16 11:25:00,064 [INFO] PluginManager:220 - loadIPPluginJar : add comp
2023-09-16 11:25:00,071 [INFO] IPUIPlugin:80 - create IPUIPlugin
2023-09-16 11:25:00,072 [INFO] PluginManager:220 - loadIPPluginJar : add gic
2023-09-16 11:25:00,075 [INFO] IPUIPlugin:80 - create IPUIPlugin
2023-09-16 11:25:00,075 [INFO] PluginManager:220 - loadIPPluginJar : add i3c
2023-09-16 11:25:00,078 [INFO] IPUIPlugin:80 - create IPUIPlugin
2023-09-16 11:25:00,078 [INFO] PluginManager:220 - loadIPPluginJar : add dfsdm
2023-09-16 11:25:00,081 [INFO] IPUIPlugin:80 - create IPUIPlugin
2023-09-16 11:25:00,081 [INFO] PluginManager:220 - loadIPPluginJar : add usart
2023-09-16 11:25:00,083 [INFO] IPUIPlugin:80 - create IPUIPlugin
2023-09-16 11:25:00,084 [INFO] PluginManager:220 - loadIPPluginJar : add cryp
2023-09-16 11:25:00,087 [INFO] IPUIPlugin:80 - create IPUIPlugin
2023-09-16 11:25:00,087 [INFO] PluginManager:220 - loadIPPluginJar : add tracer_emb
2023-09-16 11:25:00,095 [INFO] IPUIPlugin:80 - create IPUIPlugin
2023-09-16 11:25:00,096 [INFO] PluginManager:220 - loadIPPluginJar : add linkedlist
2023-09-16 11:25:00,102 [INFO] IPUIPlugin:80 - create IPUIPlugin
2023-09-16 11:25:00,103 [INFO] PluginManager:220 - loadIPPluginJar : add stm32_wpan
2023-09-16 11:25:00,106 [INFO] IPUIPlugin:80 - create IPUIPlugin
2023-09-16 11:25:00,106 [INFO] PluginManager:220 - loadIPPluginJar : add can
2023-09-16 11:25:00,109 [INFO] IPUIPlugin:80 - create IPUIPlugin
2023-09-16 11:25:00,109 [INFO] PluginManager:220 - loadIPPluginJar : add i2c
2023-09-16 11:25:00,113 [INFO] IPUIPlugin:80 - create IPUIPlugin
2023-09-16 11:25:00,113 [INFO] PluginManager:220 - loadIPPluginJar : add pdm2pcm
2023-09-16 11:25:00,118 [INFO] IPUIPlugin:80 - create IPUIPlugin
2023-09-16 11:25:00,118 [INFO] PluginManager:220 - loadIPPluginJar : add fmc
2023-09-16 11:25:00,121 [INFO] IPUIPlugin:80 - create IPUIPlugin
2023-09-16 11:25:00,122 [INFO] PluginManager:220 - loadIPPluginJar : add genericplugin
2023-09-16 11:25:00,125 [INFO] IPUIPlugin:80 - create IPUIPlugin
2023-09-16 11:25:00,125 [INFO] PluginManager:220 - loadIPPluginJar : add ipddr
2023-09-16 11:25:00,134 [INFO] IPUIPlugin:80 - create IPUIPlugin
2023-09-16 11:25:00,134 [INFO] PluginManager:220 - loadIPPluginJar : add gpio
2023-09-16 11:25:00,137 [INFO] IPUIPlugin:80 - create IPUIPlugin
2023-09-16 11:25:00,137 [INFO] PluginManager:220 - loadIPPluginJar : add dma3
2023-09-16 11:25:00,141 [INFO] IPUIPlugin:80 - create IPUIPlugin
2023-09-16 11:25:00,141 [INFO] PluginManager:220 - loadIPPluginJar : add lorawan
2023-09-16 11:25:00,149 [INFO] IPUIPlugin:80 - create IPUIPlugin
2023-09-16 11:25:00,149 [INFO] PluginManager:220 - loadIPPluginJar : add mdma
2023-09-16 11:25:00,152 [INFO] IPUIPlugin:80 - create IPUIPlugin
2023-09-16 11:25:00,153 [INFO] PluginManager:220 - loadIPPluginJar : add ucpd
2023-09-16 11:25:00,158 [INFO] IPUIPlugin:80 - create IPUIPlugin
2023-09-16 11:25:00,158 [INFO] PluginManager:220 - loadIPPluginJar : add openamp
2023-09-16 11:25:00,162 [INFO] IPUIPlugin:80 - create IPUIPlugin
2023-09-16 11:25:00,163 [INFO] PluginManager:220 - loadIPPluginJar : add usbx
2023-09-16 11:25:00,173 [INFO] IPUIPlugin:80 - create IPUIPlugin
2023-09-16 11:25:00,177 [INFO] PluginManager:220 - loadIPPluginJar : add plateformsettings
2023-09-16 11:25:00,182 [INFO] IPUIPlugin:80 - create IPUIPlugin
2023-09-16 11:25:00,183 [INFO] PluginManager:220 - loadIPPluginJar : add sai
2023-09-16 11:25:00,191 [INFO] IPUIPlugin:80 - create IPUIPlugin
2023-09-16 11:25:00,191 [INFO] PluginManager:220 - loadIPPluginJar : add freertos
2023-09-16 11:25:00,193 [INFO] IPUIPlugin:80 - create IPUIPlugin
2023-09-16 11:25:00,193 [INFO] PluginManager:220 - loadIPPluginJar : add quadspi
2023-09-16 11:25:00,198 [INFO] IPUIPlugin:80 - create IPUIPlugin
2023-09-16 11:25:00,198 [INFO] PluginManager:220 - loadIPPluginJar : add nvic
2023-09-16 11:25:00,333 [INFO] CADModel:165 - CPN selected for project level
2023-09-16 11:25:00,333 [INFO] CADModel:114 - Register for checkConnection events
2023-09-16 11:25:00,333 [FATAL] Updater:308 - Updater called before beeing initialized
2023-09-16 11:25:00,336 [ERROR] CADModel:125 - Updater not yet initialized, retry later 
2023-09-16 11:25:00,736 [INFO] CADModel:165 - CPN selected for project level
2023-09-16 11:25:00,736 [INFO] CADModel:114 - Register for checkConnection events
2023-09-16 11:25:00,736 [FATAL] Updater:308 - Updater called before beeing initialized
2023-09-16 11:25:00,737 [ERROR] CADModel:125 - Updater not yet initialized, retry later 
2023-09-16 11:25:00,743 [FATAL] Updater:308 - Updater called before beeing initialized
2023-09-16 11:25:00,881 [FATAL] Updater:308 - Updater called before beeing initialized
2023-09-16 11:25:00,892 [INFO] DbMcusAds:53 - JSON generation date=Tue Mar 07 00:50:55 PST 2023 (1678179055114)
2023-09-16 11:25:00,892 [FATAL] Updater:308 - Updater called before beeing initialized
2023-09-16 11:25:00,947 [WARN] DetailPanel:346 - Failed to get advertising image, set to default
2023-09-16 11:25:01,099 [FATAL] Updater:308 - Updater called before beeing initialized
2023-09-16 11:25:01,102 [FATAL] Updater:308 - Updater called before beeing initialized
2023-09-16 11:25:01,103 [FATAL] Updater:308 - Updater called before beeing initialized
2023-09-16 11:25:01,104 [WARN] DetailPanel:346 - Failed to get advertising image, set to default
2023-09-16 11:25:01,108 [FATAL] Updater:308 - Updater called before beeing initialized
2023-09-16 11:25:01,200 [ERROR] Updater:1120 - MainUpdater not yet initialized. External WinMGr cannot be set.
2023-09-16 11:25:01,204 [INFO] Updater:1056 - Updater Version found : 6.9.1
2023-09-16 11:25:01,238 [INFO] ApplicationProperties:184 - Using Application install path: /opt/st/stm32cubeide_1.13.1/plugins/com.st.stm32cube.common.mx_6.9.1.202307191849
2023-09-16 11:25:01,450 [INFO] MainUpdater:2868 - connection check result : 10
2023-09-16 11:25:01,457 [INFO] MainUpdater:285 - Updater Check For Update Now.
2023-09-16 11:25:01,458 [INFO] MicroXplorer:498 - Change Database Version : DB.6.0.91
2023-09-16 11:25:01,475 [INFO] McuFinderGlobals:63 - Set McuFinder mode to 2 (CubeIDE integrated)
2023-09-16 11:25:01,477 [INFO] UserAuth:179 - activating auth plugin
2023-09-16 11:25:01,490 [INFO] UserAuth:393 - Internet connection configuration mode: 1
2023-09-16 11:25:01,519 [INFO] JxBrowserEngine:151 - Initiate JxBrowser Engine with user profile folder
2023-09-16 11:25:01,812 [INFO] CheckServerUpdateThread:120 - End of CheckServer Thread
2023-09-16 11:25:02,486 [WARN] PackLoader:240 - Cannot read IP mode file for STMicroelectronics.X-CUBE-SMBUS.2.1.0
2023-09-16 11:25:02,625 [WARN] PackLoader:240 - Cannot read IP mode file for STMicroelectronics.X-CUBE-AZRTOS-F7.1.1.0
2023-09-16 11:25:02,662 [WARN] PackLoader:240 - Cannot read IP mode file for STMicroelectronics.FP-SNS-MOTENV1.4.3.2
2023-09-16 11:25:02,673 [WARN] PackLoader:240 - Cannot read IP mode file for STMicroelectronics.FP-SNS-FLIGHT1.5.0.2
2023-09-16 11:25:02,688 [WARN] PackLoader:240 - Cannot read IP mode file for STMicroelectronics.X-CUBE-DISPLAY.3.0.0
2023-09-16 11:25:02,717 [WARN] PackLoader:240 - Cannot read IP mode file for STMicroelectronics.X-CUBE-BLE1.7.0.0
2023-09-16 11:25:02,729 [WARN] PackLoader:240 - Cannot read IP mode file for emotas.I-CUBE-CANOPEN.1.3.0
2023-09-16 11:25:02,735 [WARN] PackLoader:240 - Cannot read IP mode file for STMicroelectronics.X-CUBE-TOUCHGFX.4.22.0
2023-09-16 11:25:02,743 [WARN] PackLoader:240 - Cannot read IP mode file for STMicroelectronics.FP-SNS-SMARTAG2.1.2.0
2023-09-16 11:25:02,772 [INFO] WebApp:157 - Instantiating new browser for Auth
2023-09-16 11:25:02,796 [INFO] LogOutputStream:77 - [STDOUT_REDIRECT] 1 : Invalid condition id : UX_CORESTACK_Condition cause : null
2023-09-16 11:25:02,809 [INFO] LogOutputStream:77 - [STDOUT_REDIRECT] 1 : Invalid condition id : UX_CORESTACK_Condition cause : null
2023-09-16 11:25:02,810 [INFO] LogOutputStream:77 - [STDOUT_REDIRECT] 1 : Invalid condition id : UX_CORESTACK_Condition cause : null
2023-09-16 11:25:02,812 [INFO] LogOutputStream:77 - [STDOUT_REDIRECT] 1 : Invalid condition id : UX_CORESTACK_Condition cause : null
2023-09-16 11:25:02,812 [INFO] LogOutputStream:77 - [STDOUT_REDIRECT] 1 : Invalid condition id : UX_CORESTACK_Condition cause : null
2023-09-16 11:25:02,831 [WARN] PackLoader:240 - Cannot read IP mode file for STMicroelectronics.X-CUBE-AZRTOS-WL.2.0.0
2023-09-16 11:25:02,873 [WARN] PackLoader:240 - Cannot read IP mode file for WES.I-CUBE-Cesium.1.3.0
2023-09-16 11:25:02,884 [WARN] PackLoader:240 - Cannot read IP mode file for STMicroelectronics.X-CUBE-BLE2.3.3.0
2023-09-16 11:25:02,921 [WARN] PackLoader:240 - Cannot read IP mode file for STMicroelectronics.X-CUBE-ALGOBUILD.1.3.0
2023-09-16 11:25:02,990 [WARN] PackLoader:240 - Cannot read IP mode file for STMicroelectronics.X-CUBE-AZRTOS-G0.1.1.0
2023-09-16 11:25:03,018 [WARN] PackLoader:240 - Cannot read IP mode file for STMicroelectronics.X-CUBE-NFC4.3.0.0
2023-09-16 11:25:03,026 [WARN] PackLoader:240 - Cannot read IP mode file for STMicroelectronics.FP-ATR-SIGFOX1.3.2.0
2023-09-16 11:25:03,109 [WARN] PackLoader:240 - Cannot read IP mode file for SEGGER.I-CUBE-embOS.1.3.1
2023-09-16 11:25:03,257 [WARN] PackLoader:240 - Cannot read IP mode file for STMicroelectronics.X-CUBE-GNSS1.6.0.0
2023-09-16 11:25:03,347 [WARN] PackLoader:240 - Cannot read IP mode file for STMicroelectronics.X-CUBE-AZRTOS-F4.1.1.0
2023-09-16 11:25:03,372 [WARN] PackLoader:240 - Cannot read IP mode file for wolfSSL.I-CUBE-wolfSSL.5.6.3
2023-09-16 11:25:03,451 [WARN] PackLoader:240 - Cannot read IP mode file for STMicroelectronics.X-CUBE-AZRTOS-L5.2.0.0
2023-09-16 11:25:03,599 [WARN] PackLoader:240 - Cannot read IP mode file for STMicroelectronics.X-CUBE-MEMS1.9.6.0
2023-09-16 11:25:03,898 [WARN] PackLoader:240 - Cannot read IP mode file for STMicroelectronics.X-CUBE-BLEMGR.2.0.0
2023-09-16 11:25:03,912 [INFO] WebApp:753 - Register for checkConnection events
2023-09-16 11:25:03,912 [INFO] WebApp:390 - Apply proxy settings
2023-09-16 11:25:03,913 [INFO] WebApp:475 - Chromium requires no authentication
2023-09-16 11:25:03,932 [INFO] WebApp:418 - Direct internet connection detected
2023-09-16 11:25:03,933 [WARN] ConditionMgr:438 - getConditionDescription Invalid condition id : UX DEVICE CLASS RTOS Condition cause : null
2023-09-16 11:25:03,933 [WARN] ConditionMgr:438 - getConditionDescription Invalid condition id : UX DEVICE CLASS RTOS Condition cause : null
2023-09-16 11:25:03,957 [WARN] PackLoader:240 - Cannot read IP mode file for STMicroelectronics.X-CUBE-AZRTOS-H7.3.1.0
2023-09-16 11:25:03,960 [WARN] ConditionMgr:1039 - genDependencies : Invalid condition id : UX DEVICE CLASS RTOS Condition cause : null
2023-09-16 11:25:03,960 [WARN] ConditionMgr:1039 - genDependencies : Invalid condition id : UX DEVICE CLASS RTOS Condition cause : null
2023-09-16 11:25:03,961 [WARN] ConditionMgr:1039 - genDependencies : Invalid condition id : UX DEVICE CLASS RTOS Condition cause : null
2023-09-16 11:25:03,962 [WARN] ConditionMgr:1039 - genDependencies : Invalid condition id : UX DEVICE CLASS RTOS Condition cause : null
2023-09-16 11:25:03,962 [WARN] ConditionMgr:1039 - genDependencies : Invalid condition id : UX DEVICE CLASS RTOS Condition cause : null
2023-09-16 11:25:03,971 [WARN] PackLoader:240 - Cannot read IP mode file for STMicroelectronics.X-CUBE-NFC7.1.0.1
2023-09-16 11:25:03,984 [WARN] PackLoader:240 - Cannot read IP mode file for STMicroelectronics.X-CUBE-NFC6.3.0.0
2023-09-16 11:25:03,996 [WARN] PackLoader:240 - Cannot read IP mode file for STMicroelectronics.X-CUBE-EEPRMA1.4.1.0
2023-09-16 11:25:04,002 [WARN] PackLoader:240 - Cannot read IP mode file for STMicroelectronics.X-CUBE-AI.8.1.0
2023-09-16 11:25:04,033 [WARN] ConditionMgr:438 - getConditionDescription Invalid condition id : LAN8742 Phy interface Condition cause : null
2023-09-16 11:25:04,034 [WARN] PackLoader:240 - Cannot read IP mode file for STMicroelectronics.X-CUBE-AZRTOS-L4.2.0.0
2023-09-16 11:25:04,038 [WARN] ConditionMgr:1039 - genDependencies : Invalid condition id : LAN8742 Phy interface Condition cause : null
2023-09-16 11:25:04,038 [WARN] ConditionMgr:1039 - genDependencies : Invalid condition id : LAN8742 Phy interface Condition cause : null
2023-09-16 11:25:04,040 [WARN] ConditionMgr:1039 - genDependencies : Invalid condition id : LAN8742 Phy interface Condition cause : null
2023-09-16 11:25:04,049 [WARN] PackLoader:240 - Cannot read IP mode file for STMicroelectronics.X-CUBE-SFXS2LP1.4.0.0
2023-09-16 11:25:04,057 [WARN] PackLoader:240 - Cannot read IP mode file for STMicroelectronics.X-CUBE-ISPU.1.1.0
2023-09-16 11:25:04,078 [WARN] ConditionMgr:438 - getConditionDescription Invalid condition id : UX DEVICE CLASS RTOS Condition cause : null
2023-09-16 11:25:04,079 [WARN] ConditionMgr:438 - getConditionDescription Invalid condition id : UX DEVICE CLASS RTOS Condition cause : null
2023-09-16 11:25:04,082 [WARN] PackLoader:240 - Cannot read IP mode file for STMicroelectronics.X-CUBE-AZRTOS-WB.2.0.0
2023-09-16 11:25:04,084 [WARN] ConditionMgr:1039 - genDependencies : Invalid condition id : UX DEVICE CLASS RTOS Condition cause : null
2023-09-16 11:25:04,084 [WARN] ConditionMgr:1039 - genDependencies : Invalid condition id : UX DEVICE CLASS RTOS Condition cause : null
2023-09-16 11:25:04,085 [WARN] ConditionMgr:1039 - genDependencies : Invalid condition id : UX DEVICE CLASS RTOS Condition cause : null
2023-09-16 11:25:04,088 [WARN] ConditionMgr:1039 - genDependencies : Invalid condition id : UX DEVICE CLASS RTOS Condition cause : null
2023-09-16 11:25:04,088 [WARN] ConditionMgr:1039 - genDependencies : Invalid condition id : UX DEVICE CLASS RTOS Condition cause : null
2023-09-16 11:25:04,105 [WARN] PackLoader:240 - Cannot read IP mode file for STMicroelectronics.X-CUBE-SUBG2.5.0.0
2023-09-16 11:25:04,130 [WARN] PackLoader:240 - Cannot read IP mode file for STMicroelectronics.X-CUBE-TOF1.3.3.1
2023-09-16 11:25:04,191 [WARN] PackLoader:240 - Cannot read IP mode file for STMicroelectronics.X-CUBE-AZRTOS-G4.2.0.0
2023-09-16 11:25:04,209 [WARN] PackLoader:240 - Cannot read IP mode file for STMicroelectronics.X-CUBE-FREERTOS.1.1.0
2023-09-16 11:25:04,219 [WARN] PackLoader:240 - Cannot read IP mode file for portGmbH.I-Cube-SoM-uGOAL.1.1.0
2023-09-16 11:25:04,224 [WARN] PackLoader:240 - Cannot read IP mode file for STMicroelectronics.X-CUBE-ALS.1.0.1
2023-09-16 11:25:04,236 [INFO] WebApp:188 - Starting web application
2023-09-16 11:25:04,237 [INFO] WebApp:520 - Web application path used /opt/st/stm32cubeide_1.13.1/plugins/com.st.stm32cube.common.mx_6.9.1.202307191849/db/plugins/mcufinder/reactClient1/index.html
2023-09-16 11:25:04,240 [WARN] PackLoader:240 - Cannot read IP mode file for STMicroelectronics.FP-ATR-ASTRA1.2.0.0
2023-09-16 11:25:04,241 [INFO] ThirdParty:978 - Integrity check success = true
2023-09-16 11:25:04,241 [INFO] IntegrityCheckThread:100 - exiting critical section [integrity check]
2023-09-16 11:25:04,243 [INFO] IntegrityCheckThread:103 - End integrity checks thread
2023-09-16 11:25:25,303 [ERROR] LogOutputStream:75 - [STDERR_REDIRECT] SLF4J: Failed to load class "org.slf4j.impl.StaticLoggerBinder".
2023-09-16 11:25:25,303 [ERROR] LogOutputStream:75 - [STDERR_REDIRECT] SLF4J: Defaulting to no-operation (NOP) logger implementation
2023-09-16 11:25:25,304 [ERROR] LogOutputStream:75 - [STDERR_REDIRECT] SLF4J: See http://www.slf4j.org/codes.html#StaticLoggerBinder for further details.
2023-09-16 11:26:37,245 [ERROR] LogOutputStream:75 - [STDERR_REDIRECT] 
