2025-03-05 11:50:51,836 [INFO] Activator:176 - 


2025-03-05 11:50:51,841 [INFO] Activator:177 - !SESSION log4j initialized
2025-03-05 11:50:54,580 [ERROR] LogOutputStream:75 - [STDERR_REDIRECT] 
2025-03-05 11:50:55,035 [INFO] LogOutputStream:77 - [STDOUT_REDIRECT] 
2025-03-05 11:50:56,590 [INFO] LogOutputStream:77 - [STDOUT_REDIRECT] 
2025-03-05 11:50:57,780 [ERROR] LogOutputStream:75 - [STDERR_REDIRECT] [Fatal Error] :2:10: DOCTYPE is disallowed when the feature "http://apache.org/xml/features/disallow-doctype-decl" set to true.
2025-03-05 11:50:57,784 [ERROR] LogOutputStream:75 - [STDERR_REDIRECT] 
2025-03-05 11:50:58,595 [INFO] ApplicationProperties:184 - Using Application install path: /Applications/STM32CubeIDE.app/Contents/Eclipse/plugins/com.st.stm32cube.common.mx_6.13.0.202411220809
2025-03-05 11:50:58,605 [INFO] DbMcusXml:78 - Set database path to: /Applications/STM32CubeIDE.app/Contents/Eclipse/plugins/com.st.stm32cube.common.mx_6.13.0.202411220809//db//mcu/
2025-03-05 11:50:58,606 [INFO] ApiDb:274 - Set plugin database path to: /Applications/STM32CubeIDE.app/Contents/Eclipse/plugins/com.st.stm32cube.common.mx_6.13.0.202411220809//db//plugins/boardmanager/
2025-03-05 11:50:58,606 [WARN] ApiDb:259 - Overriding images path with different value:  => /Applications/STM32CubeIDE.app/Contents/Eclipse/plugins/com.st.stm32cube.common.mx_6.13.0.202411220809//db//plugins/mcufinder/images/
2025-03-05 11:50:58,612 [INFO] ApiDb:250 - Set database path to: /Users/mauricewashington/.stmcufinder/plugins/mcufinder//mcu/
2025-03-05 11:50:58,612 [INFO] DbMcusAds:125 - Set database path to: /Users/mauricewashington/.stmcufinder/plugins/mcufinder//mcu/
2025-03-05 11:50:58,613 [INFO] CrossReferenceDbSqlite:203 - Set database path to: /Users/mauricewashington/.stmcufinder/plugins/mcufinder//mcu/cs/
2025-03-05 11:50:58,712 [INFO] RulesReader:64 - Compatibility file has been processed (297 Rules)
2025-03-05 11:50:58,773 [INFO] DbMcusXml:78 - Set database path to: /Applications/STM32CubeIDE.app/Contents/Eclipse/plugins/com.st.stm32cube.common.mx_6.13.0.202411220809//db//mcu/
2025-03-05 11:50:58,773 [INFO] ApiDb:274 - Set plugin database path to: /Applications/STM32CubeIDE.app/Contents/Eclipse/plugins/com.st.stm32cube.common.mx_6.13.0.202411220809//db//plugins/boardmanager/
2025-03-05 11:50:58,773 [INFO] ApiDb:261 - Set plugin images path to: /Applications/STM32CubeIDE.app/Contents/Eclipse/plugins/com.st.stm32cube.common.mx_6.13.0.202411220809//db//plugins/mcufinder/images/
2025-03-05 11:50:58,774 [WARN] DbFile:41 - Overriding database path with different value: /Users/mauricewashington/.stmcufinder/plugins/mcufinder/ => /Users/mauricewashington/.stmcufinder/plugins/mcufinder
2025-03-05 11:50:58,774 [INFO] ApiDb:250 - Set database path to: /Users/mauricewashington/.stmcufinder/plugins/mcufinder//mcu/
2025-03-05 11:50:58,774 [WARN] DbFile:41 - Overriding database path with different value: /Users/mauricewashington/.stmcufinder/plugins/mcufinder/ => /Users/mauricewashington/.stmcufinder/plugins/mcufinder
2025-03-05 11:50:58,774 [INFO] DbMcusAds:125 - Set database path to: /Users/mauricewashington/.stmcufinder/plugins/mcufinder//mcu/
2025-03-05 11:50:58,774 [WARN] DbFile:41 - Overriding database path with different value: /Users/mauricewashington/.stmcufinder/plugins/mcufinder/ => /Users/mauricewashington/.stmcufinder/plugins/mcufinder
2025-03-05 11:50:58,774 [WARN] DbFile:41 - Overriding database path with different value: /Users/mauricewashington/.stmcufinder/plugins/mcufinder/ => /Users/mauricewashington/.stmcufinder/plugins/mcufinder
2025-03-05 11:50:58,774 [INFO] CrossReferenceDbSqlite:203 - Set database path to: /Users/mauricewashington/.stmcufinder/plugins/mcufinder//mcu/cs/
2025-03-05 11:50:58,824 [INFO] MainPanel:272 - HeapMemory: 307232768
2025-03-05 11:50:59,205 [INFO] DbMcusXml:78 - Set database path to: /Applications/STM32CubeIDE.app/Contents/Eclipse/plugins/com.st.stm32cube.common.mx_6.13.0.202411220809//db//mcu/
2025-03-05 11:50:59,205 [INFO] ApiDb:274 - Set plugin database path to: /Applications/STM32CubeIDE.app/Contents/Eclipse/plugins/com.st.stm32cube.common.mx_6.13.0.202411220809//db//plugins/boardmanager/
2025-03-05 11:50:59,205 [INFO] ApiDb:261 - Set plugin images path to: /Applications/STM32CubeIDE.app/Contents/Eclipse/plugins/com.st.stm32cube.common.mx_6.13.0.202411220809//db//plugins/mcufinder/images/
2025-03-05 11:50:59,205 [WARN] DbFile:41 - Overriding database path with different value: /Users/mauricewashington/.stmcufinder/plugins/mcufinder/ => /Users/mauricewashington/.stmcufinder/plugins/mcufinder
2025-03-05 11:50:59,205 [INFO] ApiDb:250 - Set database path to: /Users/mauricewashington/.stmcufinder/plugins/mcufinder//mcu/
2025-03-05 11:50:59,206 [WARN] DbFile:41 - Overriding database path with different value: /Users/mauricewashington/.stmcufinder/plugins/mcufinder/ => /Users/mauricewashington/.stmcufinder/plugins/mcufinder
2025-03-05 11:50:59,206 [INFO] DbMcusAds:125 - Set database path to: /Users/mauricewashington/.stmcufinder/plugins/mcufinder//mcu/
2025-03-05 11:50:59,206 [WARN] DbFile:41 - Overriding database path with different value: /Users/mauricewashington/.stmcufinder/plugins/mcufinder/ => /Users/mauricewashington/.stmcufinder/plugins/mcufinder
2025-03-05 11:50:59,206 [WARN] DbFile:41 - Overriding database path with different value: /Users/mauricewashington/.stmcufinder/plugins/mcufinder/ => /Users/mauricewashington/.stmcufinder/plugins/mcufinder
2025-03-05 11:50:59,206 [INFO] CrossReferenceDbSqlite:203 - Set database path to: /Users/mauricewashington/.stmcufinder/plugins/mcufinder//mcu/cs/
2025-03-05 11:50:59,219 [INFO] ApplicationProperties:184 - Using Application install path: /Applications/STM32CubeIDE.app/Contents/Eclipse/plugins/com.st.stm32cube.common.mx_6.13.0.202411220809
2025-03-05 11:50:59,221 [INFO] PluginManage:196 - Search for loadable plugins [exclusion list=, ]
2025-03-05 11:50:59,222 [INFO] PluginManage:310 - Check plugin analytics
2025-03-05 11:50:59,352 [INFO] AnalyticsPlugin:253 - Accepted Software Licenses: 
2025-03-05 11:50:59,352 [INFO] AnalyticsPlugin:255 - Accepted CMSIS Pack Licenses: 
2025-03-05 11:50:59,352 [INFO] AnalyticsPlugin:257 - Accepted Firmware Licenses: 
2025-03-05 11:50:59,364 [INFO] PluginManage:359 - Loaded plugin analytics (category:tool,tabindex:-1)
2025-03-05 11:50:59,365 [INFO] PluginManage:310 - Check plugin cadmodel
2025-03-05 11:50:59,375 [INFO] CADModel:105 - Init CAD model plugin
2025-03-05 11:50:59,375 [INFO] PluginManage:359 - Loaded plugin cadmodel (category:power,tabindex:5)
2025-03-05 11:50:59,376 [INFO] PluginManage:310 - Check plugin clock
2025-03-05 11:50:59,384 [INFO] PluginManage:359 - Loaded plugin clock (category:base,tabindex:2)
2025-03-05 11:50:59,385 [INFO] PluginManage:310 - Check plugin ddr
2025-03-05 11:50:59,386 [INFO] PluginManage:359 - Loaded plugin ddr (category:tool,tabindex:6)
2025-03-05 11:50:59,387 [INFO] PluginManage:310 - Check plugin filemanager
2025-03-05 11:50:59,489 [INFO] PluginManage:359 - Loaded plugin filemanager (category:base,tabindex:10)
2025-03-05 11:50:59,489 [INFO] PluginManage:310 - Check plugin ipmanager
2025-03-05 11:50:59,495 [INFO] PluginManage:359 - Loaded plugin ipmanager (category:base,tabindex:5)
2025-03-05 11:50:59,495 [INFO] PluginManage:310 - Check plugin lpbam
2025-03-05 11:50:59,501 [INFO] PluginManage:359 - Loaded plugin lpbam (category:base,tabindex:0)
2025-03-05 11:50:59,501 [INFO] PluginManage:310 - Check plugin memorymap
2025-03-05 11:50:59,510 [INFO] PluginManage:359 - Loaded plugin memorymap (category:base,tabindex:4)
2025-03-05 11:50:59,510 [INFO] PluginManage:310 - Check plugin pinoutandconfiguration
2025-03-05 11:50:59,520 [INFO] PluginManage:359 - Loaded plugin pinoutandconfiguration (category:base,tabindex:1)
2025-03-05 11:50:59,520 [INFO] PluginManage:310 - Check plugin pinoutconfig
2025-03-05 11:50:59,581 [WARN] SupportedApi:132 - Cannot load RTOS API schema: s4s-elt-must-match.1: The content of 'definitions' must match (annotation?, (simpleType | complexType)?, (unique | key | keyref)*)). A problem was found starting at: attribute.
2025-03-05 11:50:59,686 [INFO] PluginManage:359 - Loaded plugin pinoutconfig (category:base,tabindex:0)
2025-03-05 11:50:59,687 [INFO] PluginManage:310 - Check plugin power
2025-03-05 11:50:59,697 [INFO] PluginManage:359 - Loaded plugin power (category:power,tabindex:4)
2025-03-05 11:50:59,697 [INFO] PluginManage:310 - Check plugin projectmanager
2025-03-05 11:50:59,734 [INFO] PluginManage:359 - Loaded plugin projectmanager (category:projectmanager,tabindex:4)
2025-03-05 11:50:59,734 [INFO] PluginManage:310 - Check plugin rif
2025-03-05 11:50:59,739 [INFO] PluginManage:359 - Loaded plugin rif (category:base,tabindex:3)
2025-03-05 11:50:59,740 [INFO] PluginManage:310 - Check plugin thirdparty
2025-03-05 11:50:59,864 [INFO] PluginManage:359 - Loaded plugin thirdparty (category:base,tabindex:-1)
2025-03-05 11:50:59,864 [WARN] IntegrityCheckThread:84 - waiting for thirdparty lock release [integrity check]
2025-03-05 11:50:59,864 [INFO] PluginManage:310 - Check plugin tools
2025-03-05 11:50:59,864 [INFO] IntegrityCheckThread:86 - entering critical section [integrity check]
2025-03-05 11:50:59,865 [INFO] ThirdPartyUpdaterWithRetryManager:70 - Updater plugin not ready yet. [1/15]
2025-03-05 11:50:59,867 [INFO] PluginManage:359 - Loaded plugin tools (category:base,tabindex:7)
2025-03-05 11:50:59,867 [INFO] PluginManage:310 - Check plugin tutovideos
2025-03-05 11:50:59,975 [INFO] PluginManage:359 - Loaded plugin tutovideos (category:base,tabindex:-1)
2025-03-05 11:50:59,975 [INFO] PluginManage:310 - Check plugin updater
2025-03-05 11:50:59,995 [INFO] PluginManage:359 - Loaded plugin updater (category:base,tabindex:12)
2025-03-05 11:50:59,995 [INFO] PluginManage:310 - Check plugin userauth
2025-03-05 11:50:59,998 [INFO] UserAuth:118 - Init User Auth plugin
2025-03-05 11:51:00,000 [INFO] PluginManage:359 - Loaded plugin userauth (category:base,tabindex:14)
2025-03-05 11:51:00,000 [INFO] PluginManage:283 - PluginManage : Loaded plugins [18]
2025-03-05 11:51:00,161 [INFO] PinOutPanel:1589 - setPackage(No Configuration,No Configuration)
2025-03-05 11:51:00,212 [INFO] CADModel:165 - CPN selected for project level
2025-03-05 11:51:00,212 [INFO] CADModel:114 - Register for checkConnection events
2025-03-05 11:51:00,223 [INFO] IPUIPlugin:80 - create IPUIPlugin
2025-03-05 11:51:00,223 [INFO] PluginManager:220 - loadIPPluginJar : add mdma
2025-03-05 11:51:00,227 [INFO] IPUIPlugin:80 - create IPUIPlugin
2025-03-05 11:51:00,227 [INFO] PluginManager:220 - loadIPPluginJar : add freertos
2025-03-05 11:51:00,229 [INFO] IPUIPlugin:80 - create IPUIPlugin
2025-03-05 11:51:00,229 [INFO] PluginManager:220 - loadIPPluginJar : add gic
2025-03-05 11:51:00,234 [INFO] IPUIPlugin:80 - create IPUIPlugin
2025-03-05 11:51:00,234 [INFO] PluginManager:220 - loadIPPluginJar : add adc
2025-03-05 11:51:00,235 [INFO] IPUIPlugin:80 - create IPUIPlugin
2025-03-05 11:51:00,235 [INFO] PluginManager:220 - loadIPPluginJar : add gtzc
2025-03-05 11:51:00,236 [INFO] IPUIPlugin:80 - create IPUIPlugin
2025-03-05 11:51:00,236 [INFO] PluginManager:220 - loadIPPluginJar : add quadspi
2025-03-05 11:51:00,237 [INFO] IPUIPlugin:80 - create IPUIPlugin
2025-03-05 11:51:00,237 [INFO] PluginManager:220 - loadIPPluginJar : add aes
2025-03-05 11:51:00,239 [INFO] IPUIPlugin:80 - create IPUIPlugin
2025-03-05 11:51:00,239 [INFO] PluginManager:220 - loadIPPluginJar : add pdm2pcm
2025-03-05 11:51:00,241 [INFO] IPUIPlugin:80 - create IPUIPlugin
2025-03-05 11:51:00,241 [INFO] PluginManager:220 - loadIPPluginJar : add hash
2025-03-05 11:51:00,242 [INFO] IPUIPlugin:80 - create IPUIPlugin
2025-03-05 11:51:00,242 [INFO] PluginManager:220 - loadIPPluginJar : add tim
2025-03-05 11:51:00,243 [INFO] IPUIPlugin:80 - create IPUIPlugin
2025-03-05 11:51:00,243 [INFO] PluginManager:220 - loadIPPluginJar : add tsc
2025-03-05 11:51:00,245 [INFO] IPUIPlugin:80 - create IPUIPlugin
2025-03-05 11:51:00,245 [INFO] PluginManager:220 - loadIPPluginJar : add extmemmanager
2025-03-05 11:51:00,245 [INFO] IPUIPlugin:80 - create IPUIPlugin
2025-03-05 11:51:00,245 [INFO] PluginManager:220 - loadIPPluginJar : add ts
2025-03-05 11:51:00,246 [INFO] IPUIPlugin:80 - create IPUIPlugin
2025-03-05 11:51:00,246 [INFO] PluginManager:220 - loadIPPluginJar : add radio
2025-03-05 11:51:00,247 [INFO] IPUIPlugin:80 - create IPUIPlugin
2025-03-05 11:51:00,248 [INFO] PluginManager:220 - loadIPPluginJar : add can
2025-03-05 11:51:00,248 [INFO] IPUIPlugin:80 - create IPUIPlugin
2025-03-05 11:51:00,248 [INFO] PluginManager:220 - loadIPPluginJar : add dma3
2025-03-05 11:51:00,249 [INFO] IPUIPlugin:80 - create IPUIPlugin
2025-03-05 11:51:00,249 [INFO] PluginManager:220 - loadIPPluginJar : add dfsdm
2025-03-05 11:51:00,250 [INFO] IPUIPlugin:80 - create IPUIPlugin
2025-03-05 11:51:00,250 [INFO] PluginManager:220 - loadIPPluginJar : add spi
2025-03-05 11:51:00,252 [INFO] IPUIPlugin:80 - create IPUIPlugin
2025-03-05 11:51:00,252 [INFO] PluginManager:220 - loadIPPluginJar : add gfxmmu
2025-03-05 11:51:00,253 [INFO] IPUIPlugin:80 - create IPUIPlugin
2025-03-05 11:51:00,253 [INFO] PluginManager:220 - loadIPPluginJar : add genericplugin
2025-03-05 11:51:00,255 [INFO] IPUIPlugin:80 - create IPUIPlugin
2025-03-05 11:51:00,255 [INFO] PluginManager:220 - loadIPPluginJar : add cryp
2025-03-05 11:51:00,257 [INFO] IPUIPlugin:80 - create IPUIPlugin
2025-03-05 11:51:00,257 [INFO] PluginManager:220 - loadIPPluginJar : add gpio
2025-03-05 11:51:00,259 [INFO] IPUIPlugin:80 - create IPUIPlugin
2025-03-05 11:51:00,259 [INFO] PluginManager:220 - loadIPPluginJar : add ddr_ctrl_phy
2025-03-05 11:51:00,260 [INFO] IPUIPlugin:80 - create IPUIPlugin
2025-03-05 11:51:00,260 [INFO] PluginManager:220 - loadIPPluginJar : add comp
2025-03-05 11:51:00,261 [INFO] IPUIPlugin:80 - create IPUIPlugin
2025-03-05 11:51:00,262 [INFO] PluginManager:220 - loadIPPluginJar : add tracer_emb
2025-03-05 11:51:00,263 [INFO] IPUIPlugin:80 - create IPUIPlugin
2025-03-05 11:51:00,263 [INFO] PluginManager:220 - loadIPPluginJar : add openamp
2025-03-05 11:51:00,265 [INFO] IPUIPlugin:80 - create IPUIPlugin
2025-03-05 11:51:00,265 [INFO] PluginManager:220 - loadIPPluginJar : add stm32_wpan
2025-03-05 11:51:00,267 [INFO] IPUIPlugin:80 - create IPUIPlugin
2025-03-05 11:51:00,269 [INFO] PluginManager:220 - loadIPPluginJar : add plateformsettings
2025-03-05 11:51:00,271 [INFO] IPUIPlugin:80 - create IPUIPlugin
2025-03-05 11:51:00,271 [INFO] PluginManager:220 - loadIPPluginJar : add ipddr
2025-03-05 11:51:00,272 [INFO] IPUIPlugin:80 - create IPUIPlugin
2025-03-05 11:51:00,272 [INFO] PluginManager:220 - loadIPPluginJar : add usart
2025-03-05 11:51:00,272 [INFO] IPUIPlugin:80 - create IPUIPlugin
2025-03-05 11:51:00,273 [INFO] PluginManager:220 - loadIPPluginJar : add ltdc
2025-03-05 11:51:00,273 [INFO] IPUIPlugin:80 - create IPUIPlugin
2025-03-05 11:51:00,274 [INFO] PluginManager:220 - loadIPPluginJar : add nvic
2025-03-05 11:51:00,274 [INFO] IPUIPlugin:80 - create IPUIPlugin
2025-03-05 11:51:00,274 [INFO] PluginManager:220 - loadIPPluginJar : add fatfs
2025-03-05 11:51:00,277 [INFO] IPUIPlugin:80 - create IPUIPlugin
2025-03-05 11:51:00,278 [INFO] PluginManager:220 - loadIPPluginJar : add linkedlist
2025-03-05 11:51:00,280 [INFO] IPUIPlugin:80 - create IPUIPlugin
2025-03-05 11:51:00,280 [INFO] PluginManager:220 - loadIPPluginJar : add dma
2025-03-05 11:51:00,281 [INFO] IPUIPlugin:80 - create IPUIPlugin
2025-03-05 11:51:00,281 [INFO] PluginManager:220 - loadIPPluginJar : add fmc
2025-03-05 11:51:00,282 [INFO] IPUIPlugin:80 - create IPUIPlugin
2025-03-05 11:51:00,282 [INFO] PluginManager:220 - loadIPPluginJar : add i2s
2025-03-05 11:51:00,283 [INFO] IPUIPlugin:80 - create IPUIPlugin
2025-03-05 11:51:00,283 [INFO] PluginManager:220 - loadIPPluginJar : add ucpd
2025-03-05 11:51:00,284 [INFO] IPUIPlugin:80 - create IPUIPlugin
2025-03-05 11:51:00,284 [INFO] PluginManager:220 - loadIPPluginJar : add lorawan
2025-03-05 11:51:00,285 [INFO] IPUIPlugin:80 - create IPUIPlugin
2025-03-05 11:51:00,285 [INFO] PluginManager:220 - loadIPPluginJar : add opamp
2025-03-05 11:51:00,286 [INFO] IPUIPlugin:80 - create IPUIPlugin
2025-03-05 11:51:00,286 [INFO] PluginManager:220 - loadIPPluginJar : add i3c
2025-03-05 11:51:00,287 [INFO] IPUIPlugin:80 - create IPUIPlugin
2025-03-05 11:51:00,287 [INFO] PluginManager:220 - loadIPPluginJar : add touchsensing
2025-03-05 11:51:00,288 [INFO] IPUIPlugin:80 - create IPUIPlugin
2025-03-05 11:51:00,288 [INFO] PluginManager:220 - loadIPPluginJar : add i2c
2025-03-05 11:51:00,290 [INFO] IPUIPlugin:80 - create IPUIPlugin
2025-03-05 11:51:00,290 [INFO] PluginManager:220 - loadIPPluginJar : add resmgrutility
2025-03-05 11:51:00,291 [INFO] IPUIPlugin:80 - create IPUIPlugin
2025-03-05 11:51:00,291 [INFO] PluginManager:220 - loadIPPluginJar : add sai
2025-03-05 11:51:00,293 [INFO] IPUIPlugin:80 - create IPUIPlugin
2025-03-05 11:51:00,293 [INFO] PluginManager:220 - loadIPPluginJar : add usbx
2025-03-05 11:51:00,393 [FATAL] Updater:351 - Updater called before beeing initialized
2025-03-05 11:51:00,429 [INFO] RulesReader:64 - Compatibility file has been processed (297 Rules)
2025-03-05 11:51:00,439 [INFO] RulesReader:64 - Compatibility file has been processed (297 Rules)
2025-03-05 11:51:00,447 [INFO] CADModel:165 - CPN selected for project level
2025-03-05 11:51:00,447 [INFO] CADModel:114 - Register for checkConnection events
2025-03-05 11:51:00,447 [FATAL] Updater:351 - Updater called before beeing initialized
2025-03-05 11:51:00,447 [ERROR] CADModel:125 - Updater not yet initialized, retry later 
2025-03-05 11:51:00,798 [FATAL] Updater:351 - Updater called before beeing initialized
2025-03-05 11:51:00,806 [INFO] CADModel:165 - CPN selected for project level
2025-03-05 11:51:00,807 [INFO] CADModel:114 - Register for checkConnection events
2025-03-05 11:51:00,808 [FATAL] Updater:351 - Updater called before beeing initialized
2025-03-05 11:51:00,808 [ERROR] CADModel:125 - Updater not yet initialized, retry later 
2025-03-05 11:51:00,812 [FATAL] Updater:351 - Updater called before beeing initialized
2025-03-05 11:51:00,996 [FATAL] Updater:351 - Updater called before beeing initialized
2025-03-05 11:51:01,005 [INFO] DbMcusAds:53 - JSON generation date=Tue Dec 17 08:01:15 PST 2024 (1734451275143)
2025-03-05 11:51:01,006 [FATAL] Updater:351 - Updater called before beeing initialized
2025-03-05 11:51:01,062 [WARN] DetailPanel:346 - Failed to get advertising image, set to default
2025-03-05 11:51:01,199 [FATAL] Updater:351 - Updater called before beeing initialized
2025-03-05 11:51:01,201 [FATAL] Updater:351 - Updater called before beeing initialized
2025-03-05 11:51:01,201 [FATAL] Updater:351 - Updater called before beeing initialized
2025-03-05 11:51:01,201 [WARN] DetailPanel:346 - Failed to get advertising image, set to default
2025-03-05 11:51:01,202 [FATAL] Updater:351 - Updater called before beeing initialized
2025-03-05 11:51:01,263 [ERROR] Updater:1198 - MainUpdater not yet initialized. External WinMGr cannot be set.
2025-03-05 11:51:01,342 [INFO] Updater:1134 - Updater Version found : 6.13.0
2025-03-05 11:51:01,355 [INFO] ApplicationProperties:184 - Using Application install path: /Applications/STM32CubeIDE.app/Contents/Eclipse/plugins/com.st.stm32cube.common.mx_6.13.0.202411220809
2025-03-05 11:51:01,667 [INFO] MainUpdater:2872 - connection check result : 10
2025-03-05 11:51:01,668 [INFO] MainUpdater:289 - Updater Check For Update Now.
2025-03-05 11:51:01,668 [INFO] MicroXplorer:498 - Change Database Version : DB.6.0.130
2025-03-05 11:51:01,674 [INFO] McuFinderGlobals:63 - Set McuFinder mode to 2 (CubeIDE integrated)
2025-03-05 11:51:01,674 [INFO] UserAuth:171 - activating auth plugin
2025-03-05 11:51:01,690 [INFO] UserAuth:486 - Internet connection configuration mode: 1
2025-03-05 11:51:01,703 [INFO] JxBrowserEngine:152 - Initiate JxBrowser Engine with user profile folder
2025-03-05 11:51:01,909 [INFO] CheckServerUpdateThread:120 - End of CheckServer Thread
2025-03-05 11:51:03,008 [WARN] PackLoader:240 - Cannot read IP mode file for STMicroelectronics.FP-SNS-MOTENVWB1.1.4.0
2025-03-05 11:51:03,023 [WARN] PackLoader:240 - Cannot read IP mode file for STMicroelectronics.FP-ATR-ASTRA1.2.0.2
2025-03-05 11:51:03,033 [WARN] PackLoader:240 - Cannot read IP mode file for STMicroelectronics.FP-ATR-ASTRA1.2.0.1
2025-03-05 11:51:03,041 [WARN] PackLoader:240 - Cannot read IP mode file for STMicroelectronics.X-CUBE-SMBUS.2.1.0
2025-03-05 11:51:03,049 [WARN] PackLoader:240 - Cannot read IP mode file for STMicroelectronics.X-CUBE-WB05N.1.1.0
2025-03-05 11:51:03,090 [WARN] PackLoader:240 - Cannot read IP mode file for STMicroelectronics.X-CUBE-AZRTOS-F7.1.1.0
2025-03-05 11:51:03,122 [WARN] PackLoader:240 - Cannot read IP mode file for STMicroelectronics.FP-SNS-FLIGHT1.5.0.2
2025-03-05 11:51:03,164 [WARN] PackLoader:240 - Cannot read IP mode file for Infineon.AIROC-Wi-Fi-Bluetooth-STM32.1.7.0
2025-03-05 11:51:03,186 [WARN] PackLoader:240 - Cannot read IP mode file for STMicroelectronics.X-CUBE-DISPLAY.3.0.0
2025-03-05 11:51:03,214 [WARN] PackLoader:240 - Cannot read IP mode file for STMicroelectronics.X-CUBE-BLE1.7.0.0
2025-03-05 11:51:03,246 [WARN] PackLoader:240 - Cannot read IP mode file for STMicroelectronics.X-CUBE-NFC10.1.0.0
2025-03-05 11:51:03,271 [WARN] PackLoader:240 - Cannot read IP mode file for STMicroelectronics.X-CUBE-BLEMGR.4.0.0
2025-03-05 11:51:03,282 [WARN] PackLoader:240 - Cannot read IP mode file for emotas.I-CUBE-CANOPEN.1.3.0
2025-03-05 11:51:03,295 [WARN] PackLoader:240 - Cannot read IP mode file for STMicroelectronics.X-CUBE-AI.10.0.0
2025-03-05 11:51:03,300 [WARN] PackLoader:240 - Cannot read IP mode file for STMicroelectronics.FP-SNS-SMARTAG2.1.2.0
2025-03-05 11:51:03,374 [WARN] PackLoader:240 - Cannot read IP mode file for STMicroelectronics.X-CUBE-MEMS1.11.1.0
2025-03-05 11:51:03,464 [INFO] LogOutputStream:77 - [STDOUT_REDIRECT] 1 : Invalid condition id : UX_CORESTACK_Condition cause : null
2025-03-05 11:51:03,465 [INFO] LogOutputStream:77 - [STDOUT_REDIRECT] 1 : Invalid condition id : UX_CORESTACK_Condition cause : null
2025-03-05 11:51:03,466 [INFO] LogOutputStream:77 - [STDOUT_REDIRECT] 1 : Invalid condition id : UX_CORESTACK_Condition cause : null
2025-03-05 11:51:03,467 [INFO] LogOutputStream:77 - [STDOUT_REDIRECT] 1 : Invalid condition id : UX_CORESTACK_Condition cause : null
2025-03-05 11:51:03,468 [INFO] LogOutputStream:77 - [STDOUT_REDIRECT] 1 : Invalid condition id : UX_CORESTACK_Condition cause : null
2025-03-05 11:51:03,472 [WARN] PackLoader:240 - Cannot read IP mode file for STMicroelectronics.X-CUBE-AZRTOS-WL.2.0.0
2025-03-05 11:51:03,486 [WARN] PackLoader:240 - Cannot read IP mode file for STMicroelectronics.FP-SNS-MOTENV1.5.0.0
2025-03-05 11:51:03,496 [WARN] PackLoader:240 - Cannot read IP mode file for wolfSSL.I-CUBE-wolfMQTT.1.19.0
2025-03-05 11:51:03,508 [WARN] PackLoader:240 - Cannot read IP mode file for WES.I-CUBE-Cesium.1.3.0
2025-03-05 11:51:03,516 [WARN] PackLoader:240 - Cannot read IP mode file for STMicroelectronics.X-CUBE-BLE2.3.3.0
2025-03-05 11:51:03,524 [WARN] PackLoader:240 - Cannot read IP mode file for STMicroelectronics.X-CUBE-NFC9.1.0.0
2025-03-05 11:51:03,551 [WARN] PackLoader:240 - Cannot read IP mode file for STMicroelectronics.X-CUBE-AZRTOS-G0.1.1.0
2025-03-05 11:51:03,573 [WARN] PackLoader:240 - Cannot read IP mode file for STMicroelectronics.X-CUBE-SAFEA1.1.2.2
2025-03-05 11:51:03,581 [WARN] PackLoader:240 - Cannot read IP mode file for STMicroelectronics.X-CUBE-NFC4.3.0.0
2025-03-05 11:51:03,591 [WARN] PackLoader:240 - Cannot read IP mode file for EmbeddedOffice.I-CUBE-FS-RTOS.1.0.1
2025-03-05 11:51:03,597 [WARN] PackLoader:240 - Cannot read IP mode file for STMicroelectronics.X-CUBE-TCPP.4.2.0
2025-03-05 11:51:03,600 [WARN] PackLoader:240 - Cannot read IP mode file for RealThread.X-CUBE-RT-Thread_Nano.4.1.1
2025-03-05 11:51:03,603 [WARN] PackLoader:240 - Cannot read IP mode file for STMicroelectronics.FP-ATR-SIGFOX1.3.2.0
2025-03-05 11:51:03,608 [WARN] ConditionMgr:438 - getConditionDescription Invalid condition id : Cortex-A Device cause : null
2025-03-05 11:51:03,624 [WARN] ConditionMgr:1044 - genDependencies : Invalid condition id : Cortex-A Device cause : null
2025-03-05 11:51:03,625 [WARN] ConditionMgr:1044 - genDependencies : Invalid condition id : Cortex-A Device cause : null
2025-03-05 11:51:03,625 [WARN] ConditionMgr:1044 - genDependencies : Invalid condition id : Cortex-A Device cause : null
2025-03-05 11:51:03,631 [WARN] PackLoader:240 - Cannot read IP mode file for STMicroelectronics.X-CUBE-EEPRMA1.5.1.0
2025-03-05 11:51:03,637 [WARN] PackLoader:240 - Cannot read IP mode file for wolfSSL.I-CUBE-wolfSSL.5.7.6
2025-03-05 11:51:03,640 [WARN] PackLoader:240 - Cannot read IP mode file for ITTIA_DB.I-CUBE-ITTIADB.8.9.0
2025-03-05 11:51:03,668 [WARN] PackLoader:240 - Cannot read IP mode file for SEGGER.I-CUBE-embOS.1.3.1
2025-03-05 11:51:03,702 [WARN] PackLoader:240 - Cannot read IP mode file for STMicroelectronics.X-CUBE-ALGOBUILD.1.4.0
2025-03-05 11:51:03,718 [WARN] PackLoader:240 - Cannot read IP mode file for STMicroelectronics.X-CUBE-AZRTOS-F4.1.1.0
2025-03-05 11:51:03,729 [WARN] PackLoader:240 - Cannot read IP mode file for STMicroelectronics.X-CUBE-ISPU.2.1.0
2025-03-05 11:51:03,746 [WARN] PackLoader:240 - Cannot read IP mode file for STMicroelectronics.X-CUBE-AZRTOS-L5.2.0.0
2025-03-05 11:51:03,765 [WARN] PackLoader:240 - Cannot read IP mode file for STMicroelectronics.X-CUBE-NFC6.3.1.0
2025-03-05 11:51:03,774 [WARN] PackLoader:240 - Cannot read IP mode file for STMicroelectronics.X-CUBE-DPower.1.2.0
2025-03-05 11:51:03,780 [WARN] PackLoader:240 - Cannot read IP mode file for STMicroelectronics.X-CUBE-FREERTOS.1.3.0
2025-03-05 11:51:03,788 [WARN] PackLoader:240 - Cannot read IP mode file for STMicroelectronics.X-CUBE-NFC7.1.0.1
2025-03-05 11:51:03,803 [WARN] ConditionMgr:438 - getConditionDescription Invalid condition id : LAN8742 Phy interface Condition cause : null
2025-03-05 11:51:03,804 [WARN] PackLoader:240 - Cannot read IP mode file for STMicroelectronics.X-CUBE-AZRTOS-L4.2.0.0
2025-03-05 11:51:03,806 [WARN] ConditionMgr:1044 - genDependencies : Invalid condition id : LAN8742 Phy interface Condition cause : null
2025-03-05 11:51:03,807 [WARN] ConditionMgr:1044 - genDependencies : Invalid condition id : LAN8742 Phy interface Condition cause : null
2025-03-05 11:51:03,808 [WARN] ConditionMgr:1044 - genDependencies : Invalid condition id : LAN8742 Phy interface Condition cause : null
2025-03-05 11:51:03,814 [WARN] PackLoader:240 - Cannot read IP mode file for STMicroelectronics.X-CUBE-SFXS2LP1.4.0.0
2025-03-05 11:51:03,836 [WARN] PackLoader:240 - Cannot read IP mode file for STMicroelectronics.X-CUBE-AZRTOS-H7.3.3.0
2025-03-05 11:51:03,858 [WARN] ConditionMgr:438 - getConditionDescription Invalid condition id : UX DEVICE CLASS RTOS Condition cause : null
2025-03-05 11:51:03,858 [WARN] ConditionMgr:438 - getConditionDescription Invalid condition id : UX DEVICE CLASS RTOS Condition cause : null
2025-03-05 11:51:03,961 [WARN] PackLoader:240 - Cannot read IP mode file for STMicroelectronics.X-CUBE-AZRTOS-WB.2.0.0
2025-03-05 11:51:03,975 [WARN] ConditionMgr:1044 - genDependencies : Invalid condition id : UX DEVICE CLASS RTOS Condition cause : null
2025-03-05 11:51:03,977 [WARN] ConditionMgr:1044 - genDependencies : Invalid condition id : UX DEVICE CLASS RTOS Condition cause : null
2025-03-05 11:51:03,978 [WARN] ConditionMgr:1044 - genDependencies : Invalid condition id : UX DEVICE CLASS RTOS Condition cause : null
2025-03-05 11:51:03,978 [WARN] ConditionMgr:1044 - genDependencies : Invalid condition id : UX DEVICE CLASS RTOS Condition cause : null
2025-03-05 11:51:03,978 [WARN] ConditionMgr:1044 - genDependencies : Invalid condition id : UX DEVICE CLASS RTOS Condition cause : null
2025-03-05 11:51:04,071 [WARN] PackLoader:240 - Cannot read IP mode file for STMicroelectronics.X-CUBE-GNSS1.7.0.1
2025-03-05 11:51:04,088 [WARN] PackLoader:240 - Cannot read IP mode file for STMicroelectronics.FP-SNS-STBOX1.2.0.0
2025-03-05 11:51:04,101 [WARN] PackLoader:240 - Cannot read IP mode file for STMicroelectronics.X-CUBE-SUBG2.5.0.0
2025-03-05 11:51:04,112 [WARN] PackLoader:240 - Cannot read IP mode file for Cesanta.I-CUBE-Mongoose.7.13.0
2025-03-05 11:51:04,125 [WARN] PackLoader:240 - Cannot read IP mode file for STMicroelectronics.X-CUBE-AZRTOS-G4.2.0.0
2025-03-05 11:51:04,139 [WARN] PackLoader:240 - Cannot read IP mode file for STMicroelectronics.X-CUBE-IPS.3.1.0
2025-03-05 11:51:04,146 [WARN] PackLoader:240 - Cannot read IP mode file for STMicroelectronics.X-CUBE-ALS.1.0.2
2025-03-05 11:51:04,161 [WARN] PackLoader:240 - Cannot read IP mode file for STMicroelectronics.X-CUBE-TOUCHGFX.4.24.2
2025-03-05 11:51:04,164 [WARN] PackLoader:240 - Cannot read IP mode file for wolfSSL.I-CUBE-wolfTPM.3.4.0
2025-03-05 11:51:04,171 [WARN] PackLoader:240 - Cannot read IP mode file for portGmbH.I-Cube-SoM-uGOAL.1.1.0
2025-03-05 11:51:04,187 [WARN] PackLoader:240 - Cannot read IP mode file for STMicroelectronics.X-CUBE-AZRTOS-H7RS.1.0.0
2025-03-05 11:51:04,198 [WARN] PackLoader:240 - Cannot read IP mode file for STMicroelectronics.X-CUBE-TOF1.3.4.2
2025-03-05 11:51:04,205 [WARN] PackLoader:240 - Cannot read IP mode file for wolfSSL.I-CUBE-wolfSSH.1.4.17
2025-03-05 11:51:04,221 [INFO] ThirdParty:978 - Integrity check success = true
2025-03-05 11:51:04,221 [INFO] IntegrityCheckThread:100 - exiting critical section [integrity check]
2025-03-05 11:51:04,222 [INFO] IntegrityCheckThread:103 - End integrity checks thread
2025-03-05 11:51:06,157 [INFO] WebApp:168 - Instantiating new browser for Auth
2025-03-05 11:51:07,335 [INFO] WebApp:449 - Apply proxy settings
2025-03-05 11:51:07,348 [INFO] WebApp:494 - Chromium authenticates against Manually configured proxy
2025-03-05 11:51:07,365 [INFO] WebApp:502 - Username used for proxy authentication: 
2025-03-05 11:51:07,411 [INFO] WebApp:880 - Register for checkConnection events
2025-03-05 11:51:07,412 [INFO] WebApp:449 - Apply proxy settings
2025-03-05 11:51:07,416 [INFO] WebApp:494 - Chromium authenticates against Manually configured proxy
2025-03-05 11:51:07,416 [INFO] WebApp:502 - Username used for proxy authentication: 
2025-03-05 11:51:07,541 [INFO] WebApp:221 - Starting web application
2025-03-05 11:51:07,541 [INFO] WebApp:579 - Web application path used /Applications/STM32CubeIDE.app/Contents/Eclipse/plugins/com.st.stm32cube.common.mx_6.13.0.202411220809/db/plugins/mcufinder/reactClient1/index.html
2025-03-05 11:51:07,925 [INFO] WebApp:187 - Connection restablished
