2025-09-07 10:01:37,199 [INFO] Activator:176 - 


2025-09-07 10:01:37,203 [INFO] Activator:177 - !SESSION log4j initialized
2025-09-07 10:01:41,076 [ERROR] LogOutputStream:75 - [STDERR_REDIRECT] 
2025-09-07 10:01:41,422 [INFO] LogOutputStream:77 - [STDOUT_REDIRECT] 
2025-09-07 10:01:42,611 [INFO] LogOutputStream:77 - [STDOUT_REDIRECT] 
2025-09-07 10:01:43,489 [INFO] ApplicationProperties:184 - Using Application install path: /Applications/STM32CubeIDE.app/Contents/Eclipse/plugins/com.st.stm32cube.common.mx_6.14.1.202504091515
2025-09-07 10:01:43,500 [INFO] DbMcusXml:78 - Set database path to: /Applications/STM32CubeIDE.app/Contents/Eclipse/plugins/com.st.stm32cube.common.mx_6.14.1.202504091515//db//mcu/
2025-09-07 10:01:43,500 [INFO] ApiDb:274 - Set plugin database path to: /Applications/STM32CubeIDE.app/Contents/Eclipse/plugins/com.st.stm32cube.common.mx_6.14.1.202504091515//db//plugins/boardmanager/
2025-09-07 10:01:43,501 [WARN] ApiDb:259 - Overriding images path with different value:  => /Applications/STM32CubeIDE.app/Contents/Eclipse/plugins/com.st.stm32cube.common.mx_6.14.1.202504091515//db//plugins/mcufinder/images/
2025-09-07 10:01:43,506 [INFO] ApiDb:250 - Set database path to: /Users/mauricewashington/.stmcufinder/plugins/mcufinder//mcu/
2025-09-07 10:01:43,506 [INFO] DbMcusAds:125 - Set database path to: /Users/mauricewashington/.stmcufinder/plugins/mcufinder//mcu/
2025-09-07 10:01:43,507 [INFO] CrossReferenceDbSqlite:203 - Set database path to: /Users/mauricewashington/.stmcufinder/plugins/mcufinder//mcu/cs/
2025-09-07 10:01:43,600 [INFO] RulesReader:64 - Compatibility file has been processed (302 Rules)
2025-09-07 10:01:43,664 [INFO] DbMcusXml:78 - Set database path to: /Applications/STM32CubeIDE.app/Contents/Eclipse/plugins/com.st.stm32cube.common.mx_6.14.1.202504091515//db//mcu/
2025-09-07 10:01:43,664 [INFO] ApiDb:274 - Set plugin database path to: /Applications/STM32CubeIDE.app/Contents/Eclipse/plugins/com.st.stm32cube.common.mx_6.14.1.202504091515//db//plugins/boardmanager/
2025-09-07 10:01:43,665 [INFO] ApiDb:261 - Set plugin images path to: /Applications/STM32CubeIDE.app/Contents/Eclipse/plugins/com.st.stm32cube.common.mx_6.14.1.202504091515//db//plugins/mcufinder/images/
2025-09-07 10:01:43,665 [WARN] DbFile:41 - Overriding database path with different value: /Users/mauricewashington/.stmcufinder/plugins/mcufinder/ => /Users/mauricewashington/.stmcufinder/plugins/mcufinder
2025-09-07 10:01:43,665 [INFO] ApiDb:250 - Set database path to: /Users/mauricewashington/.stmcufinder/plugins/mcufinder//mcu/
2025-09-07 10:01:43,665 [WARN] DbFile:41 - Overriding database path with different value: /Users/mauricewashington/.stmcufinder/plugins/mcufinder/ => /Users/mauricewashington/.stmcufinder/plugins/mcufinder
2025-09-07 10:01:43,665 [INFO] DbMcusAds:125 - Set database path to: /Users/mauricewashington/.stmcufinder/plugins/mcufinder//mcu/
2025-09-07 10:01:43,665 [WARN] DbFile:41 - Overriding database path with different value: /Users/mauricewashington/.stmcufinder/plugins/mcufinder/ => /Users/mauricewashington/.stmcufinder/plugins/mcufinder
2025-09-07 10:01:43,665 [WARN] DbFile:41 - Overriding database path with different value: /Users/mauricewashington/.stmcufinder/plugins/mcufinder/ => /Users/mauricewashington/.stmcufinder/plugins/mcufinder
2025-09-07 10:01:43,666 [INFO] CrossReferenceDbSqlite:203 - Set database path to: /Users/mauricewashington/.stmcufinder/plugins/mcufinder//mcu/cs/
2025-09-07 10:01:43,716 [INFO] MainPanel:272 - HeapMemory: 268435456
2025-09-07 10:01:44,124 [INFO] DbMcusXml:78 - Set database path to: /Applications/STM32CubeIDE.app/Contents/Eclipse/plugins/com.st.stm32cube.common.mx_6.14.1.202504091515//db//mcu/
2025-09-07 10:01:44,124 [INFO] ApiDb:274 - Set plugin database path to: /Applications/STM32CubeIDE.app/Contents/Eclipse/plugins/com.st.stm32cube.common.mx_6.14.1.202504091515//db//plugins/boardmanager/
2025-09-07 10:01:44,124 [INFO] ApiDb:261 - Set plugin images path to: /Applications/STM32CubeIDE.app/Contents/Eclipse/plugins/com.st.stm32cube.common.mx_6.14.1.202504091515//db//plugins/mcufinder/images/
2025-09-07 10:01:44,124 [WARN] DbFile:41 - Overriding database path with different value: /Users/mauricewashington/.stmcufinder/plugins/mcufinder/ => /Users/mauricewashington/.stmcufinder/plugins/mcufinder
2025-09-07 10:01:44,124 [INFO] ApiDb:250 - Set database path to: /Users/mauricewashington/.stmcufinder/plugins/mcufinder//mcu/
2025-09-07 10:01:44,124 [WARN] DbFile:41 - Overriding database path with different value: /Users/mauricewashington/.stmcufinder/plugins/mcufinder/ => /Users/mauricewashington/.stmcufinder/plugins/mcufinder
2025-09-07 10:01:44,124 [INFO] DbMcusAds:125 - Set database path to: /Users/mauricewashington/.stmcufinder/plugins/mcufinder//mcu/
2025-09-07 10:01:44,124 [WARN] DbFile:41 - Overriding database path with different value: /Users/mauricewashington/.stmcufinder/plugins/mcufinder/ => /Users/mauricewashington/.stmcufinder/plugins/mcufinder
2025-09-07 10:01:44,124 [WARN] DbFile:41 - Overriding database path with different value: /Users/mauricewashington/.stmcufinder/plugins/mcufinder/ => /Users/mauricewashington/.stmcufinder/plugins/mcufinder
2025-09-07 10:01:44,124 [INFO] CrossReferenceDbSqlite:203 - Set database path to: /Users/mauricewashington/.stmcufinder/plugins/mcufinder//mcu/cs/
2025-09-07 10:01:44,138 [INFO] ApplicationProperties:184 - Using Application install path: /Applications/STM32CubeIDE.app/Contents/Eclipse/plugins/com.st.stm32cube.common.mx_6.14.1.202504091515
2025-09-07 10:01:44,138 [INFO] PluginManage:196 - Search for loadable plugins [exclusion list=, ]
2025-09-07 10:01:44,140 [INFO] PluginManage:310 - Check plugin analytics
2025-09-07 10:01:44,270 [INFO] AnalyticsPlugin:253 - Accepted Software Licenses: 
2025-09-07 10:01:44,270 [INFO] AnalyticsPlugin:255 - Accepted CMSIS Pack Licenses: 
2025-09-07 10:01:44,270 [INFO] AnalyticsPlugin:257 - Accepted Firmware Licenses: 
2025-09-07 10:01:44,277 [INFO] PluginManage:359 - Loaded plugin analytics (category:tool,tabindex:-1)
2025-09-07 10:01:44,278 [INFO] PluginManage:310 - Check plugin cadmodel
2025-09-07 10:01:44,288 [INFO] CADModel:105 - Init CAD model plugin
2025-09-07 10:01:44,289 [INFO] PluginManage:359 - Loaded plugin cadmodel (category:power,tabindex:5)
2025-09-07 10:01:44,289 [INFO] PluginManage:310 - Check plugin clock
2025-09-07 10:01:44,295 [INFO] PluginManage:359 - Loaded plugin clock (category:base,tabindex:2)
2025-09-07 10:01:44,296 [INFO] PluginManage:310 - Check plugin ddr
2025-09-07 10:01:44,297 [INFO] PluginManage:359 - Loaded plugin ddr (category:tool,tabindex:6)
2025-09-07 10:01:44,297 [INFO] PluginManage:310 - Check plugin filemanager
2025-09-07 10:01:44,405 [INFO] PluginManage:359 - Loaded plugin filemanager (category:base,tabindex:10)
2025-09-07 10:01:44,406 [INFO] PluginManage:310 - Check plugin ipmanager
2025-09-07 10:01:44,411 [INFO] PluginManage:359 - Loaded plugin ipmanager (category:base,tabindex:5)
2025-09-07 10:01:44,411 [INFO] PluginManage:310 - Check plugin lpbam
2025-09-07 10:01:44,416 [INFO] PluginManage:359 - Loaded plugin lpbam (category:base,tabindex:0)
2025-09-07 10:01:44,417 [INFO] PluginManage:310 - Check plugin memorymap
2025-09-07 10:01:44,424 [INFO] PluginManage:359 - Loaded plugin memorymap (category:base,tabindex:4)
2025-09-07 10:01:44,424 [INFO] PluginManage:310 - Check plugin pinoutandconfiguration
2025-09-07 10:01:44,429 [INFO] PluginManage:359 - Loaded plugin pinoutandconfiguration (category:base,tabindex:1)
2025-09-07 10:01:44,429 [INFO] PluginManage:310 - Check plugin pinoutconfig
2025-09-07 10:01:44,488 [WARN] SupportedApi:132 - Cannot load RTOS API schema: s4s-elt-must-match.1: The content of 'definitions' must match (annotation?, (simpleType | complexType)?, (unique | key | keyref)*)). A problem was found starting at: attribute.
2025-09-07 10:01:44,594 [INFO] PluginManage:359 - Loaded plugin pinoutconfig (category:base,tabindex:0)
2025-09-07 10:01:44,594 [INFO] PluginManage:310 - Check plugin power
2025-09-07 10:01:44,603 [INFO] PluginManage:359 - Loaded plugin power (category:power,tabindex:4)
2025-09-07 10:01:44,603 [INFO] PluginManage:310 - Check plugin projectmanager
2025-09-07 10:01:44,624 [INFO] PluginManage:359 - Loaded plugin projectmanager (category:projectmanager,tabindex:4)
2025-09-07 10:01:44,624 [INFO] PluginManage:310 - Check plugin rif
2025-09-07 10:01:44,630 [INFO] PluginManage:359 - Loaded plugin rif (category:base,tabindex:3)
2025-09-07 10:01:44,630 [INFO] PluginManage:310 - Check plugin thirdparty
2025-09-07 10:01:44,746 [INFO] PluginManage:359 - Loaded plugin thirdparty (category:base,tabindex:-1)
2025-09-07 10:01:44,746 [WARN] IntegrityCheckThread:84 - waiting for thirdparty lock release [integrity check]
2025-09-07 10:01:44,747 [INFO] IntegrityCheckThread:86 - entering critical section [integrity check]
2025-09-07 10:01:44,747 [INFO] PluginManage:310 - Check plugin tools
2025-09-07 10:01:44,747 [INFO] ThirdPartyUpdaterWithRetryManager:70 - Updater plugin not ready yet. [1/15]
2025-09-07 10:01:44,748 [INFO] PluginManage:359 - Loaded plugin tools (category:base,tabindex:7)
2025-09-07 10:01:44,748 [INFO] PluginManage:310 - Check plugin tutovideos
2025-09-07 10:01:44,863 [INFO] PluginManage:359 - Loaded plugin tutovideos (category:base,tabindex:-1)
2025-09-07 10:01:44,863 [INFO] PluginManage:310 - Check plugin updater
2025-09-07 10:01:44,882 [INFO] PluginManage:359 - Loaded plugin updater (category:base,tabindex:12)
2025-09-07 10:01:44,882 [INFO] PluginManage:310 - Check plugin userauth
2025-09-07 10:01:44,886 [INFO] UserAuth:118 - Init User Auth plugin
2025-09-07 10:01:44,887 [INFO] PluginManage:359 - Loaded plugin userauth (category:base,tabindex:14)
2025-09-07 10:01:44,888 [INFO] PluginManage:283 - PluginManage : Loaded plugins [18]
2025-09-07 10:01:45,051 [INFO] PinOutPanel:1589 - setPackage(No Configuration,No Configuration)
2025-09-07 10:01:45,104 [INFO] CADModel:165 - CPN selected for project level
2025-09-07 10:01:45,104 [INFO] CADModel:114 - Register for checkConnection events
2025-09-07 10:01:45,113 [INFO] IPUIPlugin:80 - create IPUIPlugin
2025-09-07 10:01:45,114 [INFO] PluginManager:220 - loadIPPluginJar : add mdma
2025-09-07 10:01:45,118 [INFO] IPUIPlugin:80 - create IPUIPlugin
2025-09-07 10:01:45,118 [INFO] PluginManager:220 - loadIPPluginJar : add freertos
2025-09-07 10:01:45,120 [INFO] IPUIPlugin:80 - create IPUIPlugin
2025-09-07 10:01:45,120 [INFO] PluginManager:220 - loadIPPluginJar : add gic
2025-09-07 10:01:45,127 [INFO] IPUIPlugin:80 - create IPUIPlugin
2025-09-07 10:01:45,127 [INFO] PluginManager:220 - loadIPPluginJar : add adc
2025-09-07 10:01:45,129 [INFO] IPUIPlugin:80 - create IPUIPlugin
2025-09-07 10:01:45,129 [INFO] PluginManager:220 - loadIPPluginJar : add gtzc
2025-09-07 10:01:45,130 [INFO] IPUIPlugin:80 - create IPUIPlugin
2025-09-07 10:01:45,130 [INFO] PluginManager:220 - loadIPPluginJar : add quadspi
2025-09-07 10:01:45,131 [INFO] IPUIPlugin:80 - create IPUIPlugin
2025-09-07 10:01:45,131 [INFO] PluginManager:220 - loadIPPluginJar : add aes
2025-09-07 10:01:45,132 [INFO] IPUIPlugin:80 - create IPUIPlugin
2025-09-07 10:01:45,133 [INFO] PluginManager:220 - loadIPPluginJar : add pdm2pcm
2025-09-07 10:01:45,133 [INFO] IPUIPlugin:80 - create IPUIPlugin
2025-09-07 10:01:45,133 [INFO] PluginManager:220 - loadIPPluginJar : add hash
2025-09-07 10:01:45,134 [INFO] IPUIPlugin:80 - create IPUIPlugin
2025-09-07 10:01:45,134 [INFO] PluginManager:220 - loadIPPluginJar : add tim
2025-09-07 10:01:45,135 [INFO] IPUIPlugin:80 - create IPUIPlugin
2025-09-07 10:01:45,135 [INFO] PluginManager:220 - loadIPPluginJar : add tsc
2025-09-07 10:01:45,137 [INFO] IPUIPlugin:80 - create IPUIPlugin
2025-09-07 10:01:45,138 [INFO] PluginManager:220 - loadIPPluginJar : add extmemmanager
2025-09-07 10:01:45,139 [INFO] IPUIPlugin:80 - create IPUIPlugin
2025-09-07 10:01:45,139 [INFO] PluginManager:220 - loadIPPluginJar : add ts
2025-09-07 10:01:45,140 [INFO] IPUIPlugin:80 - create IPUIPlugin
2025-09-07 10:01:45,140 [INFO] PluginManager:220 - loadIPPluginJar : add radio
2025-09-07 10:01:45,141 [INFO] IPUIPlugin:80 - create IPUIPlugin
2025-09-07 10:01:45,141 [INFO] PluginManager:220 - loadIPPluginJar : add can
2025-09-07 10:01:45,142 [INFO] IPUIPlugin:80 - create IPUIPlugin
2025-09-07 10:01:45,142 [INFO] PluginManager:220 - loadIPPluginJar : add dma3
2025-09-07 10:01:45,143 [INFO] IPUIPlugin:80 - create IPUIPlugin
2025-09-07 10:01:45,143 [INFO] PluginManager:220 - loadIPPluginJar : add dfsdm
2025-09-07 10:01:45,144 [INFO] IPUIPlugin:80 - create IPUIPlugin
2025-09-07 10:01:45,144 [INFO] PluginManager:220 - loadIPPluginJar : add spi
2025-09-07 10:01:45,145 [INFO] IPUIPlugin:80 - create IPUIPlugin
2025-09-07 10:01:45,145 [INFO] PluginManager:220 - loadIPPluginJar : add gfxmmu
2025-09-07 10:01:45,146 [INFO] IPUIPlugin:80 - create IPUIPlugin
2025-09-07 10:01:45,146 [INFO] PluginManager:220 - loadIPPluginJar : add genericplugin
2025-09-07 10:01:45,147 [INFO] IPUIPlugin:80 - create IPUIPlugin
2025-09-07 10:01:45,147 [INFO] PluginManager:220 - loadIPPluginJar : add cryp
2025-09-07 10:01:45,149 [INFO] IPUIPlugin:80 - create IPUIPlugin
2025-09-07 10:01:45,150 [INFO] PluginManager:220 - loadIPPluginJar : add gpio
2025-09-07 10:01:45,151 [INFO] IPUIPlugin:80 - create IPUIPlugin
2025-09-07 10:01:45,151 [INFO] PluginManager:220 - loadIPPluginJar : add ddr_ctrl_phy
2025-09-07 10:01:45,152 [INFO] IPUIPlugin:80 - create IPUIPlugin
2025-09-07 10:01:45,152 [INFO] PluginManager:220 - loadIPPluginJar : add comp
2025-09-07 10:01:45,154 [INFO] IPUIPlugin:80 - create IPUIPlugin
2025-09-07 10:01:45,154 [INFO] PluginManager:220 - loadIPPluginJar : add tracer_emb
2025-09-07 10:01:45,156 [INFO] IPUIPlugin:80 - create IPUIPlugin
2025-09-07 10:01:45,156 [INFO] PluginManager:220 - loadIPPluginJar : add openamp
2025-09-07 10:01:45,159 [INFO] IPUIPlugin:80 - create IPUIPlugin
2025-09-07 10:01:45,159 [INFO] PluginManager:220 - loadIPPluginJar : add stm32_wpan
2025-09-07 10:01:45,163 [INFO] IPUIPlugin:80 - create IPUIPlugin
2025-09-07 10:01:45,166 [INFO] PluginManager:220 - loadIPPluginJar : add plateformsettings
2025-09-07 10:01:45,168 [INFO] IPUIPlugin:80 - create IPUIPlugin
2025-09-07 10:01:45,168 [INFO] PluginManager:220 - loadIPPluginJar : add ipddr
2025-09-07 10:01:45,169 [INFO] IPUIPlugin:80 - create IPUIPlugin
2025-09-07 10:01:45,169 [INFO] PluginManager:220 - loadIPPluginJar : add usart
2025-09-07 10:01:45,169 [INFO] IPUIPlugin:80 - create IPUIPlugin
2025-09-07 10:01:45,169 [INFO] PluginManager:220 - loadIPPluginJar : add ltdc
2025-09-07 10:01:45,171 [INFO] IPUIPlugin:80 - create IPUIPlugin
2025-09-07 10:01:45,171 [INFO] PluginManager:220 - loadIPPluginJar : add nvic
2025-09-07 10:01:45,171 [INFO] IPUIPlugin:80 - create IPUIPlugin
2025-09-07 10:01:45,172 [INFO] PluginManager:220 - loadIPPluginJar : add fatfs
2025-09-07 10:01:45,175 [INFO] IPUIPlugin:80 - create IPUIPlugin
2025-09-07 10:01:45,176 [INFO] PluginManager:220 - loadIPPluginJar : add linkedlist
2025-09-07 10:01:45,179 [INFO] IPUIPlugin:80 - create IPUIPlugin
2025-09-07 10:01:45,179 [INFO] PluginManager:220 - loadIPPluginJar : add dma
2025-09-07 10:01:45,180 [INFO] IPUIPlugin:80 - create IPUIPlugin
2025-09-07 10:01:45,180 [INFO] PluginManager:220 - loadIPPluginJar : add fmc
2025-09-07 10:01:45,181 [INFO] IPUIPlugin:80 - create IPUIPlugin
2025-09-07 10:01:45,181 [INFO] PluginManager:220 - loadIPPluginJar : add i2s
2025-09-07 10:01:45,182 [INFO] IPUIPlugin:80 - create IPUIPlugin
2025-09-07 10:01:45,182 [INFO] PluginManager:220 - loadIPPluginJar : add ucpd
2025-09-07 10:01:45,183 [INFO] IPUIPlugin:80 - create IPUIPlugin
2025-09-07 10:01:45,183 [INFO] PluginManager:220 - loadIPPluginJar : add lorawan
2025-09-07 10:01:45,184 [INFO] IPUIPlugin:80 - create IPUIPlugin
2025-09-07 10:01:45,184 [INFO] PluginManager:220 - loadIPPluginJar : add opamp
2025-09-07 10:01:45,185 [INFO] IPUIPlugin:80 - create IPUIPlugin
2025-09-07 10:01:45,185 [INFO] PluginManager:220 - loadIPPluginJar : add i3c
2025-09-07 10:01:45,187 [INFO] IPUIPlugin:80 - create IPUIPlugin
2025-09-07 10:01:45,187 [INFO] PluginManager:220 - loadIPPluginJar : add touchsensing
2025-09-07 10:01:45,188 [INFO] IPUIPlugin:80 - create IPUIPlugin
2025-09-07 10:01:45,188 [INFO] PluginManager:220 - loadIPPluginJar : add i2c
2025-09-07 10:01:45,190 [INFO] IPUIPlugin:80 - create IPUIPlugin
2025-09-07 10:01:45,191 [INFO] PluginManager:220 - loadIPPluginJar : add resmgrutility
2025-09-07 10:01:45,192 [INFO] IPUIPlugin:80 - create IPUIPlugin
2025-09-07 10:01:45,192 [INFO] PluginManager:220 - loadIPPluginJar : add sai
2025-09-07 10:01:45,193 [INFO] IPUIPlugin:80 - create IPUIPlugin
2025-09-07 10:01:45,193 [INFO] PluginManager:220 - loadIPPluginJar : add usbx
2025-09-07 10:01:45,295 [FATAL] Updater:351 - Updater called before beeing initialized
2025-09-07 10:01:45,331 [INFO] RulesReader:64 - Compatibility file has been processed (302 Rules)
2025-09-07 10:01:45,340 [INFO] RulesReader:64 - Compatibility file has been processed (302 Rules)
2025-09-07 10:01:45,350 [INFO] CADModel:165 - CPN selected for project level
2025-09-07 10:01:45,350 [INFO] CADModel:114 - Register for checkConnection events
2025-09-07 10:01:45,350 [FATAL] Updater:351 - Updater called before beeing initialized
2025-09-07 10:01:45,350 [ERROR] CADModel:125 - Updater not yet initialized, retry later 
2025-09-07 10:01:45,520 [FATAL] Updater:351 - Updater called before beeing initialized
2025-09-07 10:01:45,521 [INFO] CADModel:165 - CPN selected for project level
2025-09-07 10:01:45,521 [INFO] CADModel:114 - Register for checkConnection events
2025-09-07 10:01:45,521 [FATAL] Updater:351 - Updater called before beeing initialized
2025-09-07 10:01:45,521 [ERROR] CADModel:125 - Updater not yet initialized, retry later 
2025-09-07 10:01:45,524 [FATAL] Updater:351 - Updater called before beeing initialized
2025-09-07 10:01:45,647 [FATAL] Updater:351 - Updater called before beeing initialized
2025-09-07 10:01:45,651 [INFO] DbMcusAds:53 - JSON generation date=Tue Jul 08 01:14:23 PDT 2025 (1751962463582)
2025-09-07 10:01:45,651 [FATAL] Updater:351 - Updater called before beeing initialized
2025-09-07 10:01:45,697 [WARN] DetailPanel:346 - Failed to get advertising image, set to default
2025-09-07 10:01:45,847 [FATAL] Updater:351 - Updater called before beeing initialized
2025-09-07 10:01:45,852 [FATAL] Updater:351 - Updater called before beeing initialized
2025-09-07 10:01:45,852 [FATAL] Updater:351 - Updater called before beeing initialized
2025-09-07 10:01:45,852 [WARN] DetailPanel:346 - Failed to get advertising image, set to default
2025-09-07 10:01:45,858 [FATAL] Updater:351 - Updater called before beeing initialized
2025-09-07 10:01:45,902 [ERROR] Updater:1198 - MainUpdater not yet initialized. External WinMGr cannot be set.
2025-09-07 10:01:45,931 [INFO] Updater:1134 - Updater Version found : 6.14.1
2025-09-07 10:01:45,943 [INFO] ApplicationProperties:184 - Using Application install path: /Applications/STM32CubeIDE.app/Contents/Eclipse/plugins/com.st.stm32cube.common.mx_6.14.1.202504091515
2025-09-07 10:01:46,258 [INFO] MainUpdater:2872 - connection check result : 10
2025-09-07 10:01:46,259 [INFO] MainUpdater:289 - Updater Check For Update Now.
2025-09-07 10:01:46,259 [INFO] MicroXplorer:498 - Change Database Version : DB.6.0.141
2025-09-07 10:01:46,266 [INFO] McuFinderGlobals:63 - Set McuFinder mode to 2 (CubeIDE integrated)
2025-09-07 10:01:46,269 [INFO] UserAuth:484 - Internet connection configuration mode: 1
2025-09-07 10:01:46,284 [INFO] JxBrowserEngine:152 - Initiate JxBrowser Engine with user profile folder
2025-09-07 10:01:46,536 [INFO] CheckServerUpdateThread:120 - End of CheckServer Thread
2025-09-07 10:01:47,897 [WARN] PackLoader:240 - Cannot read IP mode file for STMicroelectronics.FP-SNS-MOTENVWB1.1.4.0
2025-09-07 10:01:47,913 [WARN] PackLoader:240 - Cannot read IP mode file for STMicroelectronics.FP-ATR-ASTRA1.2.0.2
2025-09-07 10:01:47,923 [WARN] PackLoader:240 - Cannot read IP mode file for STMicroelectronics.FP-ATR-ASTRA1.2.0.1
2025-09-07 10:01:47,932 [WARN] PackLoader:240 - Cannot read IP mode file for STMicroelectronics.X-CUBE-SMBUS.2.1.0
2025-09-07 10:01:47,940 [WARN] PackLoader:240 - Cannot read IP mode file for STMicroelectronics.X-CUBE-WB05N.1.1.0
2025-09-07 10:01:47,945 [WARN] PackLoader:240 - Cannot read IP mode file for STMicroelectronics.X-CUBE-ST60.1.0.0
2025-09-07 10:01:47,984 [WARN] PackLoader:240 - Cannot read IP mode file for STMicroelectronics.X-CUBE-AZRTOS-F7.1.1.0
2025-09-07 10:01:48,009 [WARN] PackLoader:240 - Cannot read IP mode file for STMicroelectronics.FP-SNS-FLIGHT1.5.0.2
2025-09-07 10:01:48,048 [WARN] PackLoader:240 - Cannot read IP mode file for Infineon.AIROC-Wi-Fi-Bluetooth-STM32.1.7.0
2025-09-07 10:01:48,109 [WARN] PackLoader:240 - Cannot read IP mode file for STMicroelectronics.X-CUBE-AZRTOS-H7.3.4.0
2025-09-07 10:01:48,139 [WARN] PackLoader:240 - Cannot read IP mode file for STMicroelectronics.X-CUBE-DISPLAY.3.0.0
2025-09-07 10:01:48,162 [WARN] PackLoader:240 - Cannot read IP mode file for STMicroelectronics.X-CUBE-BLE1.7.0.0
2025-09-07 10:01:48,176 [WARN] PackLoader:240 - Cannot read IP mode file for STMicroelectronics.X-CUBE-NFC10.1.0.0
2025-09-07 10:01:48,195 [WARN] PackLoader:240 - Cannot read IP mode file for STMicroelectronics.X-CUBE-BLEMGR.4.0.0
2025-09-07 10:01:48,241 [WARN] PackLoader:240 - Cannot read IP mode file for emotas.I-CUBE-CANOPEN.1.3.0
2025-09-07 10:01:48,251 [WARN] PackLoader:240 - Cannot read IP mode file for STMicroelectronics.X-CUBE-AI.10.0.0
2025-09-07 10:01:48,257 [ERROR] Engine:466 - /Users/mauricewashington/.stm32cubemx/thirdparties/pdsc/STMicroelectronics.FP-SNS-STBOX1.2.1.0.pdsc: PDSC version is not supported
2025-09-07 10:01:48,260 [WARN] PackLoader:240 - Cannot read IP mode file for STMicroelectronics.FP-SNS-SMARTAG2.1.2.0
2025-09-07 10:01:48,263 [WARN] PackLoader:240 - Cannot read IP mode file for STMicroelectronics.FP-SNS-FLIGHT1.5.1.0
2025-09-07 10:01:48,330 [WARN] PackLoader:240 - Cannot read IP mode file for STMicroelectronics.X-CUBE-MEMS1.11.1.0
2025-09-07 10:01:48,418 [INFO] LogOutputStream:77 - [STDOUT_REDIRECT] 1 : Invalid condition id : UX_CORESTACK_Condition cause : null
2025-09-07 10:01:48,419 [INFO] LogOutputStream:77 - [STDOUT_REDIRECT] 1 : Invalid condition id : UX_CORESTACK_Condition cause : null
2025-09-07 10:01:48,420 [INFO] LogOutputStream:77 - [STDOUT_REDIRECT] 1 : Invalid condition id : UX_CORESTACK_Condition cause : null
2025-09-07 10:01:48,421 [INFO] LogOutputStream:77 - [STDOUT_REDIRECT] 1 : Invalid condition id : UX_CORESTACK_Condition cause : null
2025-09-07 10:01:48,421 [INFO] LogOutputStream:77 - [STDOUT_REDIRECT] 1 : Invalid condition id : UX_CORESTACK_Condition cause : null
2025-09-07 10:01:48,426 [WARN] PackLoader:240 - Cannot read IP mode file for STMicroelectronics.X-CUBE-AZRTOS-WL.2.0.0
2025-09-07 10:01:48,441 [WARN] PackLoader:240 - Cannot read IP mode file for STMicroelectronics.FP-SNS-MOTENV1.5.0.0
2025-09-07 10:01:48,444 [WARN] PackLoader:240 - Cannot read IP mode file for wolfSSL.I-CUBE-wolfMQTT.1.19.0
2025-09-07 10:01:48,454 [WARN] PackLoader:240 - Cannot read IP mode file for WES.I-CUBE-Cesium.1.3.0
2025-09-07 10:01:48,462 [WARN] PackLoader:240 - Cannot read IP mode file for STMicroelectronics.X-CUBE-BLE2.3.3.0
2025-09-07 10:01:48,468 [WARN] PackLoader:240 - Cannot read IP mode file for STMicroelectronics.X-CUBE-NFC9.1.0.0
2025-09-07 10:01:48,473 [WARN] PackLoader:240 - Cannot read IP mode file for STMicroelectronics.X-CUBE-BLE1.7.1.0
2025-09-07 10:01:48,477 [WARN] PackLoader:240 - Cannot read IP mode file for STMicroelectronics.X-CUBE-EEPRMA1.5.2.0
2025-09-07 10:01:48,481 [WARN] PackLoader:240 - Cannot read IP mode file for STMicroelectronics.X-CUBE-AI.10.1.0
2025-09-07 10:01:48,647 [WARN] PackLoader:240 - Cannot read IP mode file for STMicroelectronics.X-CUBE-MEMS1.11.2.0
2025-09-07 10:01:48,821 [WARN] PackLoader:240 - Cannot read IP mode file for STMicroelectronics.X-CUBE-AZRTOS-G0.1.1.0
2025-09-07 10:01:48,847 [WARN] PackLoader:240 - Cannot read IP mode file for STMicroelectronics.X-CUBE-SAFEA1.1.2.2
2025-09-07 10:01:48,854 [WARN] PackLoader:240 - Cannot read IP mode file for STMicroelectronics.X-CUBE-NFC4.3.0.0
2025-09-07 10:01:48,871 [WARN] PackLoader:240 - Cannot read IP mode file for EmbeddedOffice.I-CUBE-FS-RTOS.1.0.1
2025-09-07 10:01:48,883 [WARN] PackLoader:240 - Cannot read IP mode file for STMicroelectronics.X-CUBE-WB05N.2.0.0
2025-09-07 10:01:48,891 [WARN] PackLoader:240 - Cannot read IP mode file for STMicroelectronics.X-CUBE-TCPP.4.2.0
2025-09-07 10:01:48,895 [WARN] PackLoader:240 - Cannot read IP mode file for RealThread.X-CUBE-RT-Thread_Nano.4.1.1
2025-09-07 10:01:48,899 [WARN] PackLoader:240 - Cannot read IP mode file for STMicroelectronics.FP-ATR-SIGFOX1.3.2.0
2025-09-07 10:01:48,904 [WARN] ConditionMgr:438 - getConditionDescription Invalid condition id : Cortex-A Device cause : null
2025-09-07 10:01:48,979 [WARN] ConditionMgr:1044 - genDependencies : Invalid condition id : Cortex-A Device cause : null
2025-09-07 10:01:48,980 [WARN] ConditionMgr:1044 - genDependencies : Invalid condition id : Cortex-A Device cause : null
2025-09-07 10:01:48,980 [WARN] ConditionMgr:1044 - genDependencies : Invalid condition id : Cortex-A Device cause : null
2025-09-07 10:01:48,989 [WARN] PackLoader:240 - Cannot read IP mode file for STMicroelectronics.X-CUBE-EEPRMA1.5.1.0
2025-09-07 10:01:48,997 [WARN] PackLoader:240 - Cannot read IP mode file for wolfSSL.I-CUBE-wolfSSL.5.7.6
2025-09-07 10:01:49,002 [WARN] PackLoader:240 - Cannot read IP mode file for ITTIA_DB.I-CUBE-ITTIADB.8.9.0
2025-09-07 10:01:49,009 [WARN] PackLoader:240 - Cannot read IP mode file for STMicroelectronics.X-CUBE-ST67W61.1.0.0
2025-09-07 10:01:49,016 [WARN] PackLoader:240 - Cannot read IP mode file for STMicroelectronics.X-CUBE-AI.10.2.0
2025-09-07 10:01:49,056 [WARN] PackLoader:240 - Cannot read IP mode file for SEGGER.I-CUBE-embOS.1.3.1
2025-09-07 10:01:49,085 [WARN] PackLoader:240 - Cannot read IP mode file for STMicroelectronics.X-CUBE-ALGOBUILD.1.4.0
2025-09-07 10:01:49,140 [WARN] PackLoader:240 - Cannot read IP mode file for STMicroelectronics.X-CUBE-MEMS1.11.3.0
2025-09-07 10:01:49,208 [WARN] PackLoader:240 - Cannot read IP mode file for STMicroelectronics.X-CUBE-PM33A1.1.0.0
2025-09-07 10:01:49,239 [WARN] PackLoader:240 - Cannot read IP mode file for STMicroelectronics.X-CUBE-AZRTOS-F4.1.1.0
2025-09-07 10:01:49,258 [WARN] PackLoader:240 - Cannot read IP mode file for Avnet-IotConnect.X-CUBE-IoTC-DA16k-PMOD.1.0.0
2025-09-07 10:01:49,265 [WARN] PackLoader:240 - Cannot read IP mode file for STMicroelectronics.X-CUBE-ISPU.2.1.0
2025-09-07 10:01:49,277 [WARN] PackLoader:240 - Cannot read IP mode file for STMicroelectronics.X-CUBE-NFC12.1.0.0
2025-09-07 10:01:49,302 [WARN] PackLoader:240 - Cannot read IP mode file for STMicroelectronics.X-CUBE-AZRTOS-L5.2.0.0
2025-09-07 10:01:49,316 [WARN] PackLoader:240 - Cannot read IP mode file for STMicroelectronics.X-CUBE-NFC6.3.1.0
2025-09-07 10:01:49,325 [WARN] PackLoader:240 - Cannot read IP mode file for STMicroelectronics.X-CUBE-DPower.1.2.0
2025-09-07 10:01:49,330 [WARN] PackLoader:240 - Cannot read IP mode file for STMicroelectronics.X-CUBE-FREERTOS.1.3.1
2025-09-07 10:01:49,339 [WARN] PackLoader:240 - Cannot read IP mode file for STMicroelectronics.X-CUBE-FREERTOS.1.3.0
2025-09-07 10:01:49,343 [WARN] PackLoader:240 - Cannot read IP mode file for STMicroelectronics.X-CUBE-NFC7.1.0.1
2025-09-07 10:01:49,347 [WARN] PackLoader:240 - Cannot read IP mode file for STMicroelectronics.FP-SNS-STAIOTCFT.1.0.0
2025-09-07 10:01:49,351 [WARN] PackLoader:240 - Cannot read IP mode file for STMicroelectronics.X-CUBE-DPower.1.3.0
2025-09-07 10:01:49,369 [WARN] ConditionMgr:438 - getConditionDescription Invalid condition id : LAN8742 Phy interface Condition cause : null
2025-09-07 10:01:49,370 [WARN] PackLoader:240 - Cannot read IP mode file for STMicroelectronics.X-CUBE-AZRTOS-L4.2.0.0
2025-09-07 10:01:49,372 [WARN] ConditionMgr:1044 - genDependencies : Invalid condition id : LAN8742 Phy interface Condition cause : null
2025-09-07 10:01:49,373 [WARN] ConditionMgr:1044 - genDependencies : Invalid condition id : LAN8742 Phy interface Condition cause : null
2025-09-07 10:01:49,373 [WARN] ConditionMgr:1044 - genDependencies : Invalid condition id : LAN8742 Phy interface Condition cause : null
2025-09-07 10:01:49,378 [WARN] PackLoader:240 - Cannot read IP mode file for STMicroelectronics.X-CUBE-SFXS2LP1.4.0.0
2025-09-07 10:01:49,401 [WARN] PackLoader:240 - Cannot read IP mode file for STMicroelectronics.X-CUBE-AZRTOS-H7.3.3.0
2025-09-07 10:01:49,417 [WARN] PackLoader:240 - Cannot read IP mode file for STMicroelectronics.X-CUBE-BLEMGR.4.1.0
2025-09-07 10:01:49,432 [WARN] ConditionMgr:438 - getConditionDescription Invalid condition id : UX DEVICE CLASS RTOS Condition cause : null
2025-09-07 10:01:49,433 [WARN] ConditionMgr:438 - getConditionDescription Invalid condition id : UX DEVICE CLASS RTOS Condition cause : null
2025-09-07 10:01:49,436 [WARN] PackLoader:240 - Cannot read IP mode file for STMicroelectronics.X-CUBE-AZRTOS-WB.2.0.0
2025-09-07 10:01:49,436 [WARN] ConditionMgr:1044 - genDependencies : Invalid condition id : UX DEVICE CLASS RTOS Condition cause : null
2025-09-07 10:01:49,436 [WARN] ConditionMgr:1044 - genDependencies : Invalid condition id : UX DEVICE CLASS RTOS Condition cause : null
2025-09-07 10:01:49,438 [WARN] ConditionMgr:1044 - genDependencies : Invalid condition id : UX DEVICE CLASS RTOS Condition cause : null
2025-09-07 10:01:49,438 [WARN] ConditionMgr:1044 - genDependencies : Invalid condition id : UX DEVICE CLASS RTOS Condition cause : null
2025-09-07 10:01:49,438 [WARN] ConditionMgr:1044 - genDependencies : Invalid condition id : UX DEVICE CLASS RTOS Condition cause : null
2025-09-07 10:01:49,445 [WARN] PackLoader:240 - Cannot read IP mode file for STMicroelectronics.X-CUBE-GNSS1.7.0.1
2025-09-07 10:01:49,452 [WARN] PackLoader:240 - Cannot read IP mode file for STMicroelectronics.X-CUBE-TOUCHGFX.4.25.0
2025-09-07 10:01:49,456 [WARN] PackLoader:240 - Cannot read IP mode file for STMicroelectronics.FP-SNS-STBOX1.2.0.0
2025-09-07 10:01:49,466 [WARN] PackLoader:240 - Cannot read IP mode file for STMicroelectronics.X-CUBE-SUBG2.5.0.0
2025-09-07 10:01:49,494 [WARN] PackLoader:240 - Cannot read IP mode file for STMicroelectronics.X-CUBE-AZRTOS-H7RS.1.1.0
2025-09-07 10:01:49,500 [WARN] PackLoader:240 - Cannot read IP mode file for Cesanta.I-CUBE-Mongoose.7.13.0
2025-09-07 10:01:49,517 [WARN] PackLoader:240 - Cannot read IP mode file for STMicroelectronics.X-CUBE-AZRTOS-G4.2.0.0
2025-09-07 10:01:49,524 [WARN] PackLoader:240 - Cannot read IP mode file for STMicroelectronics.X-CUBE-NFC7.2.0.0
2025-09-07 10:01:49,532 [WARN] PackLoader:240 - Cannot read IP mode file for STMicroelectronics.X-CUBE-IPS.3.1.0
2025-09-07 10:01:49,538 [WARN] PackLoader:240 - Cannot read IP mode file for STMicroelectronics.X-CUBE-ALS.1.0.2
2025-09-07 10:01:49,540 [WARN] PackLoader:240 - Cannot read IP mode file for STMicroelectronics.X-CUBE-TOUCHGFX.4.24.2
2025-09-07 10:01:49,545 [WARN] PackLoader:240 - Cannot read IP mode file for STMicroelectronics.X-CUBE-STSE01.1.0.0
2025-09-07 10:01:49,548 [WARN] PackLoader:240 - Cannot read IP mode file for wolfSSL.I-CUBE-wolfTPM.3.4.0
2025-09-07 10:01:49,551 [WARN] PackLoader:240 - Cannot read IP mode file for portGmbH.I-Cube-SoM-uGOAL.1.1.0
2025-09-07 10:01:49,610 [WARN] PackLoader:240 - Cannot read IP mode file for STMicroelectronics.X-CUBE-AZRTOS-H7RS.1.0.0
2025-09-07 10:01:49,753 [WARN] PackLoader:240 - Cannot read IP mode file for STMicroelectronics.X-CUBE-TOF1.3.4.2
2025-09-07 10:01:49,785 [WARN] PackLoader:240 - Cannot read IP mode file for STMicroelectronics.X-CUBE-TOF1.3.4.3
2025-09-07 10:01:49,796 [WARN] PackLoader:240 - Cannot read IP mode file for wolfSSL.I-CUBE-wolfSSH.1.4.17
2025-09-07 10:01:49,813 [INFO] ThirdParty:978 - Integrity check success = true
2025-09-07 10:01:49,813 [INFO] IntegrityCheckThread:100 - exiting critical section [integrity check]
2025-09-07 10:01:49,813 [INFO] IntegrityCheckThread:103 - End integrity checks thread
2025-09-07 10:01:50,741 [INFO] WebApp:169 - Instantiating new browser for Auth
2025-09-07 10:01:51,938 [INFO] WebApp:463 - Apply proxy settings
2025-09-07 10:01:51,952 [INFO] WebApp:508 - Chromium authenticates against Manually configured proxy
2025-09-07 10:01:51,966 [INFO] WebApp:516 - Username used for proxy authentication: 
2025-09-07 10:01:52,005 [INFO] WebApp:894 - Register for checkConnection events
2025-09-07 10:01:52,006 [INFO] WebApp:463 - Apply proxy settings
2025-09-07 10:01:52,011 [INFO] WebApp:508 - Chromium authenticates against Manually configured proxy
2025-09-07 10:01:52,011 [INFO] WebApp:516 - Username used for proxy authentication: 
2025-09-07 10:01:52,138 [INFO] WebApp:225 - Starting web application
2025-09-07 10:01:52,138 [INFO] WebApp:593 - Web application path used /Applications/STM32CubeIDE.app/Contents/Eclipse/plugins/com.st.stm32cube.common.mx_6.14.1.202504091515/db/plugins/mcufinder/reactClient1/index.html
2025-09-07 10:01:52,574 [INFO] WebApp:191 - Connection restablished
2025-09-07 10:01:52,744 [INFO] UserAuth:484 - Internet connection configuration mode: 1
2025-09-07 10:15:39,461 [INFO] Activator:176 - 


2025-09-07 10:15:39,462 [INFO] Activator:177 - !SESSION log4j initialized
2025-09-07 10:15:45,246 [INFO] LogOutputStream:77 - [STDOUT_REDIRECT] 
2025-09-07 10:15:45,714 [ERROR] LogOutputStream:75 - [STDERR_REDIRECT] 
2025-09-07 10:15:46,105 [INFO] LogOutputStream:77 - [STDOUT_REDIRECT] 
2025-09-07 10:15:46,610 [INFO] ApplicationProperties:184 - Using Application install path: /Applications/STM32CubeIDE.app/Contents/Eclipse/plugins/com.st.stm32cube.common.mx_6.15.0.202507011659
2025-09-07 10:15:46,624 [INFO] DbMcusXml:78 - Set database path to: /Applications/STM32CubeIDE.app/Contents/Eclipse/plugins/com.st.stm32cube.common.mx_6.15.0.202507011659//db//mcu/
2025-09-07 10:15:46,624 [INFO] ApiDb:274 - Set plugin database path to: /Applications/STM32CubeIDE.app/Contents/Eclipse/plugins/com.st.stm32cube.common.mx_6.15.0.202507011659//db//plugins/boardmanager/
2025-09-07 10:15:46,625 [WARN] ApiDb:259 - Overriding images path with different value:  => /Applications/STM32CubeIDE.app/Contents/Eclipse/plugins/com.st.stm32cube.common.mx_6.15.0.202507011659//db//plugins/mcufinder/images/
2025-09-07 10:15:46,630 [INFO] ApiDb:250 - Set database path to: /Users/mauricewashington/.stmcufinder/plugins/mcufinder//mcu/
2025-09-07 10:15:46,631 [INFO] DbMcusAds:125 - Set database path to: /Users/mauricewashington/.stmcufinder/plugins/mcufinder//mcu/
2025-09-07 10:15:46,632 [INFO] CrossReferenceDbSqlite:203 - Set database path to: /Users/mauricewashington/.stmcufinder/plugins/mcufinder//mcu/cs/
2025-09-07 10:15:46,746 [INFO] RulesReader:64 - Compatibility file has been processed (317 Rules)
2025-09-07 10:15:46,786 [INFO] DbMcusXml:78 - Set database path to: /Applications/STM32CubeIDE.app/Contents/Eclipse/plugins/com.st.stm32cube.common.mx_6.15.0.202507011659//db//mcu/
2025-09-07 10:15:46,786 [INFO] ApiDb:274 - Set plugin database path to: /Applications/STM32CubeIDE.app/Contents/Eclipse/plugins/com.st.stm32cube.common.mx_6.15.0.202507011659//db//plugins/boardmanager/
2025-09-07 10:15:46,787 [INFO] ApiDb:261 - Set plugin images path to: /Applications/STM32CubeIDE.app/Contents/Eclipse/plugins/com.st.stm32cube.common.mx_6.15.0.202507011659//db//plugins/mcufinder/images/
2025-09-07 10:15:46,787 [WARN] DbFile:41 - Overriding database path with different value: /Users/mauricewashington/.stmcufinder/plugins/mcufinder/ => /Users/mauricewashington/.stmcufinder/plugins/mcufinder
2025-09-07 10:15:46,787 [INFO] ApiDb:250 - Set database path to: /Users/mauricewashington/.stmcufinder/plugins/mcufinder//mcu/
2025-09-07 10:15:46,787 [WARN] DbFile:41 - Overriding database path with different value: /Users/mauricewashington/.stmcufinder/plugins/mcufinder/ => /Users/mauricewashington/.stmcufinder/plugins/mcufinder
2025-09-07 10:15:46,787 [INFO] DbMcusAds:125 - Set database path to: /Users/mauricewashington/.stmcufinder/plugins/mcufinder//mcu/
2025-09-07 10:15:46,787 [WARN] DbFile:41 - Overriding database path with different value: /Users/mauricewashington/.stmcufinder/plugins/mcufinder/ => /Users/mauricewashington/.stmcufinder/plugins/mcufinder
2025-09-07 10:15:46,787 [WARN] DbFile:41 - Overriding database path with different value: /Users/mauricewashington/.stmcufinder/plugins/mcufinder/ => /Users/mauricewashington/.stmcufinder/plugins/mcufinder
2025-09-07 10:15:46,787 [INFO] CrossReferenceDbSqlite:203 - Set database path to: /Users/mauricewashington/.stmcufinder/plugins/mcufinder//mcu/cs/
2025-09-07 10:15:46,839 [INFO] MainPanel:274 - HeapMemory: 268435456
2025-09-07 10:15:47,078 [INFO] DbMcusXml:78 - Set database path to: /Applications/STM32CubeIDE.app/Contents/Eclipse/plugins/com.st.stm32cube.common.mx_6.15.0.202507011659//db//mcu/
2025-09-07 10:15:47,078 [INFO] ApiDb:274 - Set plugin database path to: /Applications/STM32CubeIDE.app/Contents/Eclipse/plugins/com.st.stm32cube.common.mx_6.15.0.202507011659//db//plugins/boardmanager/
2025-09-07 10:15:47,078 [INFO] ApiDb:261 - Set plugin images path to: /Applications/STM32CubeIDE.app/Contents/Eclipse/plugins/com.st.stm32cube.common.mx_6.15.0.202507011659//db//plugins/mcufinder/images/
2025-09-07 10:15:47,078 [WARN] DbFile:41 - Overriding database path with different value: /Users/mauricewashington/.stmcufinder/plugins/mcufinder/ => /Users/mauricewashington/.stmcufinder/plugins/mcufinder
2025-09-07 10:15:47,078 [INFO] ApiDb:250 - Set database path to: /Users/mauricewashington/.stmcufinder/plugins/mcufinder//mcu/
2025-09-07 10:15:47,078 [WARN] DbFile:41 - Overriding database path with different value: /Users/mauricewashington/.stmcufinder/plugins/mcufinder/ => /Users/mauricewashington/.stmcufinder/plugins/mcufinder
2025-09-07 10:15:47,078 [INFO] DbMcusAds:125 - Set database path to: /Users/mauricewashington/.stmcufinder/plugins/mcufinder//mcu/
2025-09-07 10:15:47,078 [WARN] DbFile:41 - Overriding database path with different value: /Users/mauricewashington/.stmcufinder/plugins/mcufinder/ => /Users/mauricewashington/.stmcufinder/plugins/mcufinder
2025-09-07 10:15:47,078 [WARN] DbFile:41 - Overriding database path with different value: /Users/mauricewashington/.stmcufinder/plugins/mcufinder/ => /Users/mauricewashington/.stmcufinder/plugins/mcufinder
2025-09-07 10:15:47,079 [INFO] CrossReferenceDbSqlite:203 - Set database path to: /Users/mauricewashington/.stmcufinder/plugins/mcufinder//mcu/cs/
2025-09-07 10:15:47,091 [INFO] ApplicationProperties:184 - Using Application install path: /Applications/STM32CubeIDE.app/Contents/Eclipse/plugins/com.st.stm32cube.common.mx_6.15.0.202507011659
2025-09-07 10:15:47,092 [INFO] PluginManage:196 - Search for loadable plugins [exclusion list=, ]
2025-09-07 10:15:47,093 [INFO] PluginManage:310 - Check plugin analytics
2025-09-07 10:15:47,248 [INFO] AnalyticsPlugin:253 - Accepted Software Licenses: 
2025-09-07 10:15:47,248 [INFO] AnalyticsPlugin:255 - Accepted CMSIS Pack Licenses: 
2025-09-07 10:15:47,249 [INFO] AnalyticsPlugin:257 - Accepted Firmware Licenses: 
2025-09-07 10:15:47,256 [INFO] PluginManage:359 - Loaded plugin analytics (category:tool,tabindex:-1)
2025-09-07 10:15:47,257 [INFO] PluginManage:310 - Check plugin cadmodel
2025-09-07 10:15:47,269 [INFO] CADModel:105 - Init CAD model plugin
2025-09-07 10:15:47,269 [INFO] PluginManage:359 - Loaded plugin cadmodel (category:power,tabindex:5)
2025-09-07 10:15:47,270 [INFO] PluginManage:310 - Check plugin clock
2025-09-07 10:15:47,278 [INFO] PluginManage:359 - Loaded plugin clock (category:base,tabindex:2)
2025-09-07 10:15:47,278 [INFO] PluginManage:310 - Check plugin ddr
2025-09-07 10:15:47,284 [INFO] PluginManage:359 - Loaded plugin ddr (category:tool,tabindex:6)
2025-09-07 10:15:47,284 [INFO] PluginManage:310 - Check plugin filemanager
2025-09-07 10:15:47,402 [INFO] PluginManage:359 - Loaded plugin filemanager (category:base,tabindex:10)
2025-09-07 10:15:47,402 [INFO] PluginManage:310 - Check plugin ipmanager
2025-09-07 10:15:47,408 [INFO] PluginManage:359 - Loaded plugin ipmanager (category:base,tabindex:5)
2025-09-07 10:15:47,408 [INFO] PluginManage:310 - Check plugin lpbam
2025-09-07 10:15:47,415 [INFO] PluginManage:359 - Loaded plugin lpbam (category:base,tabindex:0)
2025-09-07 10:15:47,415 [INFO] PluginManage:310 - Check plugin memorymap
2025-09-07 10:15:47,421 [INFO] PluginManage:359 - Loaded plugin memorymap (category:base,tabindex:4)
2025-09-07 10:15:47,421 [INFO] PluginManage:310 - Check plugin pinoutandconfiguration
2025-09-07 10:15:47,425 [INFO] PluginManage:359 - Loaded plugin pinoutandconfiguration (category:base,tabindex:1)
2025-09-07 10:15:47,425 [INFO] PluginManage:310 - Check plugin pinoutconfig
2025-09-07 10:15:47,487 [WARN] SupportedApi:132 - Cannot load RTOS API schema: s4s-elt-must-match.1: The content of 'definitions' must match (annotation?, (simpleType | complexType)?, (unique | key | keyref)*)). A problem was found starting at: attribute.
2025-09-07 10:15:47,584 [INFO] PluginManage:359 - Loaded plugin pinoutconfig (category:base,tabindex:0)
2025-09-07 10:15:47,584 [INFO] PluginManage:310 - Check plugin power
2025-09-07 10:15:47,591 [INFO] PluginManage:359 - Loaded plugin power (category:power,tabindex:4)
2025-09-07 10:15:47,591 [INFO] PluginManage:310 - Check plugin projectmanager
2025-09-07 10:15:47,610 [INFO] PluginManage:359 - Loaded plugin projectmanager (category:projectmanager,tabindex:4)
2025-09-07 10:15:47,610 [INFO] PluginManage:310 - Check plugin rif
2025-09-07 10:15:47,616 [INFO] PluginManage:359 - Loaded plugin rif (category:base,tabindex:3)
2025-09-07 10:15:47,616 [INFO] PluginManage:310 - Check plugin thirdparty
2025-09-07 10:15:47,736 [INFO] PluginManage:359 - Loaded plugin thirdparty (category:base,tabindex:-1)
2025-09-07 10:15:47,738 [INFO] PluginManage:310 - Check plugin tools
2025-09-07 10:15:47,736 [WARN] IntegrityCheckThread:84 - waiting for thirdparty lock release [integrity check]
2025-09-07 10:15:47,739 [INFO] IntegrityCheckThread:86 - entering critical section [integrity check]
2025-09-07 10:15:47,740 [INFO] ThirdPartyUpdaterWithRetryManager:70 - Updater plugin not ready yet. [1/15]
2025-09-07 10:15:47,741 [INFO] PluginManage:359 - Loaded plugin tools (category:base,tabindex:7)
2025-09-07 10:15:47,741 [INFO] PluginManage:310 - Check plugin tutovideos
2025-09-07 10:15:47,867 [INFO] PluginManage:359 - Loaded plugin tutovideos (category:base,tabindex:-1)
2025-09-07 10:15:47,868 [INFO] PluginManage:310 - Check plugin updater
2025-09-07 10:15:47,892 [INFO] PluginManage:359 - Loaded plugin updater (category:base,tabindex:12)
2025-09-07 10:15:47,892 [INFO] PluginManage:310 - Check plugin userauth
2025-09-07 10:15:47,896 [INFO] UserAuth:118 - Init User Auth plugin
2025-09-07 10:15:47,897 [INFO] PluginManage:359 - Loaded plugin userauth (category:base,tabindex:14)
2025-09-07 10:15:47,898 [INFO] PluginManage:283 - PluginManage : Loaded plugins [18]
2025-09-07 10:15:48,054 [INFO] PinOutPanel:1589 - setPackage(No Configuration,No Configuration)
2025-09-07 10:15:48,125 [INFO] CADModel:165 - CPN selected for project level
2025-09-07 10:15:48,125 [INFO] CADModel:114 - Register for checkConnection events
2025-09-07 10:15:48,134 [INFO] IPUIPlugin:80 - create IPUIPlugin
2025-09-07 10:15:48,135 [INFO] PluginManager:220 - loadIPPluginJar : add mdma
2025-09-07 10:15:48,139 [INFO] IPUIPlugin:80 - create IPUIPlugin
2025-09-07 10:15:48,139 [INFO] PluginManager:220 - loadIPPluginJar : add freertos
2025-09-07 10:15:48,142 [INFO] IPUIPlugin:80 - create IPUIPlugin
2025-09-07 10:15:48,142 [INFO] PluginManager:220 - loadIPPluginJar : add gic
2025-09-07 10:15:48,147 [INFO] IPUIPlugin:80 - create IPUIPlugin
2025-09-07 10:15:48,147 [INFO] PluginManager:220 - loadIPPluginJar : add adc
2025-09-07 10:15:48,148 [INFO] IPUIPlugin:80 - create IPUIPlugin
2025-09-07 10:15:48,148 [INFO] PluginManager:220 - loadIPPluginJar : add gtzc
2025-09-07 10:15:48,149 [INFO] IPUIPlugin:80 - create IPUIPlugin
2025-09-07 10:15:48,149 [INFO] PluginManager:220 - loadIPPluginJar : add quadspi
2025-09-07 10:15:48,150 [INFO] IPUIPlugin:80 - create IPUIPlugin
2025-09-07 10:15:48,150 [INFO] PluginManager:220 - loadIPPluginJar : add aes
2025-09-07 10:15:48,151 [INFO] IPUIPlugin:80 - create IPUIPlugin
2025-09-07 10:15:48,152 [INFO] PluginManager:220 - loadIPPluginJar : add pdm2pcm
2025-09-07 10:15:48,152 [INFO] IPUIPlugin:80 - create IPUIPlugin
2025-09-07 10:15:48,152 [INFO] PluginManager:220 - loadIPPluginJar : add hash
2025-09-07 10:15:48,153 [INFO] IPUIPlugin:80 - create IPUIPlugin
2025-09-07 10:15:48,153 [INFO] PluginManager:220 - loadIPPluginJar : add tim
2025-09-07 10:15:48,153 [INFO] IPUIPlugin:80 - create IPUIPlugin
2025-09-07 10:15:48,153 [INFO] PluginManager:220 - loadIPPluginJar : add tsc
2025-09-07 10:15:48,155 [INFO] IPUIPlugin:80 - create IPUIPlugin
2025-09-07 10:15:48,155 [INFO] PluginManager:220 - loadIPPluginJar : add extmemmanager
2025-09-07 10:15:48,156 [INFO] IPUIPlugin:80 - create IPUIPlugin
2025-09-07 10:15:48,156 [INFO] PluginManager:220 - loadIPPluginJar : add ts
2025-09-07 10:15:48,157 [INFO] IPUIPlugin:80 - create IPUIPlugin
2025-09-07 10:15:48,157 [INFO] PluginManager:220 - loadIPPluginJar : add radio
2025-09-07 10:15:48,159 [INFO] IPUIPlugin:80 - create IPUIPlugin
2025-09-07 10:15:48,159 [INFO] PluginManager:220 - loadIPPluginJar : add can
2025-09-07 10:15:48,160 [INFO] IPUIPlugin:80 - create IPUIPlugin
2025-09-07 10:15:48,160 [INFO] PluginManager:220 - loadIPPluginJar : add dma3
2025-09-07 10:15:48,161 [INFO] IPUIPlugin:80 - create IPUIPlugin
2025-09-07 10:15:48,161 [INFO] PluginManager:220 - loadIPPluginJar : add dfsdm
2025-09-07 10:15:48,162 [INFO] IPUIPlugin:80 - create IPUIPlugin
2025-09-07 10:15:48,162 [INFO] PluginManager:220 - loadIPPluginJar : add spi
2025-09-07 10:15:48,162 [INFO] IPUIPlugin:80 - create IPUIPlugin
2025-09-07 10:15:48,163 [INFO] PluginManager:220 - loadIPPluginJar : add gfxmmu
2025-09-07 10:15:48,163 [INFO] IPUIPlugin:80 - create IPUIPlugin
2025-09-07 10:15:48,164 [INFO] PluginManager:220 - loadIPPluginJar : add genericplugin
2025-09-07 10:15:48,164 [INFO] IPUIPlugin:80 - create IPUIPlugin
2025-09-07 10:15:48,164 [INFO] PluginManager:220 - loadIPPluginJar : add cryp
2025-09-07 10:15:48,167 [INFO] IPUIPlugin:80 - create IPUIPlugin
2025-09-07 10:15:48,167 [INFO] PluginManager:220 - loadIPPluginJar : add gpio
2025-09-07 10:15:48,169 [INFO] IPUIPlugin:80 - create IPUIPlugin
2025-09-07 10:15:48,169 [INFO] PluginManager:220 - loadIPPluginJar : add ddr_ctrl_phy
2025-09-07 10:15:48,170 [INFO] IPUIPlugin:80 - create IPUIPlugin
2025-09-07 10:15:48,171 [INFO] PluginManager:220 - loadIPPluginJar : add comp
2025-09-07 10:15:48,172 [INFO] IPUIPlugin:80 - create IPUIPlugin
2025-09-07 10:15:48,173 [INFO] PluginManager:220 - loadIPPluginJar : add tracer_emb
2025-09-07 10:15:48,174 [INFO] IPUIPlugin:80 - create IPUIPlugin
2025-09-07 10:15:48,174 [INFO] PluginManager:220 - loadIPPluginJar : add openamp
2025-09-07 10:15:48,176 [INFO] IPUIPlugin:80 - create IPUIPlugin
2025-09-07 10:15:48,177 [INFO] PluginManager:220 - loadIPPluginJar : add stm32_wpan
2025-09-07 10:15:48,180 [INFO] IPUIPlugin:80 - create IPUIPlugin
2025-09-07 10:15:48,183 [INFO] PluginManager:220 - loadIPPluginJar : add plateformsettings
2025-09-07 10:15:48,185 [INFO] IPUIPlugin:80 - create IPUIPlugin
2025-09-07 10:15:48,185 [INFO] PluginManager:220 - loadIPPluginJar : add ipddr
2025-09-07 10:15:48,186 [INFO] IPUIPlugin:80 - create IPUIPlugin
2025-09-07 10:15:48,186 [INFO] PluginManager:220 - loadIPPluginJar : add usart
2025-09-07 10:15:48,188 [INFO] IPUIPlugin:80 - create IPUIPlugin
2025-09-07 10:15:48,188 [INFO] PluginManager:220 - loadIPPluginJar : add ltdc
2025-09-07 10:15:48,189 [INFO] IPUIPlugin:80 - create IPUIPlugin
2025-09-07 10:15:48,189 [INFO] PluginManager:220 - loadIPPluginJar : add nvic
2025-09-07 10:15:48,190 [INFO] IPUIPlugin:80 - create IPUIPlugin
2025-09-07 10:15:48,190 [INFO] PluginManager:220 - loadIPPluginJar : add fatfs
2025-09-07 10:15:48,194 [INFO] IPUIPlugin:80 - create IPUIPlugin
2025-09-07 10:15:48,194 [INFO] PluginManager:220 - loadIPPluginJar : add linkedlist
2025-09-07 10:15:48,196 [INFO] IPUIPlugin:80 - create IPUIPlugin
2025-09-07 10:15:48,197 [INFO] PluginManager:220 - loadIPPluginJar : add dma
2025-09-07 10:15:48,198 [INFO] IPUIPlugin:80 - create IPUIPlugin
2025-09-07 10:15:48,198 [INFO] PluginManager:220 - loadIPPluginJar : add fmc
2025-09-07 10:15:48,199 [INFO] IPUIPlugin:80 - create IPUIPlugin
2025-09-07 10:15:48,199 [INFO] PluginManager:220 - loadIPPluginJar : add i2s
2025-09-07 10:15:48,200 [INFO] IPUIPlugin:80 - create IPUIPlugin
2025-09-07 10:15:48,200 [INFO] PluginManager:220 - loadIPPluginJar : add ucpd
2025-09-07 10:15:48,201 [INFO] IPUIPlugin:80 - create IPUIPlugin
2025-09-07 10:15:48,201 [INFO] PluginManager:220 - loadIPPluginJar : add lorawan
2025-09-07 10:15:48,203 [INFO] IPUIPlugin:80 - create IPUIPlugin
2025-09-07 10:15:48,203 [INFO] PluginManager:220 - loadIPPluginJar : add opamp
2025-09-07 10:15:48,204 [INFO] IPUIPlugin:80 - create IPUIPlugin
2025-09-07 10:15:48,204 [INFO] PluginManager:220 - loadIPPluginJar : add i3c
2025-09-07 10:15:48,205 [INFO] IPUIPlugin:80 - create IPUIPlugin
2025-09-07 10:15:48,205 [INFO] PluginManager:220 - loadIPPluginJar : add touchsensing
2025-09-07 10:15:48,206 [INFO] IPUIPlugin:80 - create IPUIPlugin
2025-09-07 10:15:48,206 [INFO] PluginManager:220 - loadIPPluginJar : add i2c
2025-09-07 10:15:48,208 [INFO] IPUIPlugin:80 - create IPUIPlugin
2025-09-07 10:15:48,208 [INFO] PluginManager:220 - loadIPPluginJar : add resmgrutility
2025-09-07 10:15:48,209 [INFO] IPUIPlugin:80 - create IPUIPlugin
2025-09-07 10:15:48,209 [INFO] PluginManager:220 - loadIPPluginJar : add sai
2025-09-07 10:15:48,210 [INFO] IPUIPlugin:80 - create IPUIPlugin
2025-09-07 10:15:48,210 [INFO] PluginManager:220 - loadIPPluginJar : add usbx
2025-09-07 10:15:48,323 [FATAL] Updater:351 - Updater called before beeing initialized
2025-09-07 10:15:48,361 [INFO] RulesReader:64 - Compatibility file has been processed (317 Rules)
2025-09-07 10:15:48,380 [INFO] RulesReader:64 - Compatibility file has been processed (317 Rules)
2025-09-07 10:15:48,387 [INFO] CADModel:165 - CPN selected for project level
2025-09-07 10:15:48,387 [INFO] CADModel:114 - Register for checkConnection events
2025-09-07 10:15:48,387 [FATAL] Updater:351 - Updater called before beeing initialized
2025-09-07 10:15:48,387 [ERROR] CADModel:125 - Updater not yet initialized, retry later 
2025-09-07 10:15:48,557 [FATAL] Updater:351 - Updater called before beeing initialized
2025-09-07 10:15:48,558 [INFO] CADModel:165 - CPN selected for project level
2025-09-07 10:15:48,558 [INFO] CADModel:114 - Register for checkConnection events
2025-09-07 10:15:48,558 [FATAL] Updater:351 - Updater called before beeing initialized
2025-09-07 10:15:48,558 [ERROR] CADModel:125 - Updater not yet initialized, retry later 
2025-09-07 10:15:48,560 [FATAL] Updater:351 - Updater called before beeing initialized
2025-09-07 10:15:48,692 [FATAL] Updater:351 - Updater called before beeing initialized
2025-09-07 10:15:48,694 [INFO] DbMcusAds:53 - JSON generation date=Tue Jul 08 01:14:23 PDT 2025 (1751962463582)
2025-09-07 10:15:48,695 [FATAL] Updater:351 - Updater called before beeing initialized
2025-09-07 10:15:48,732 [WARN] DetailPanel:346 - Failed to get advertising image, set to default
2025-09-07 10:15:48,784 [FATAL] Updater:351 - Updater called before beeing initialized
2025-09-07 10:15:48,786 [FATAL] Updater:351 - Updater called before beeing initialized
2025-09-07 10:15:48,786 [FATAL] Updater:351 - Updater called before beeing initialized
2025-09-07 10:15:48,787 [WARN] DetailPanel:346 - Failed to get advertising image, set to default
2025-09-07 10:15:48,789 [FATAL] Updater:351 - Updater called before beeing initialized
2025-09-07 10:15:48,828 [ERROR] Updater:1198 - MainUpdater not yet initialized. External WinMGr cannot be set.
2025-09-07 10:15:48,848 [INFO] Updater:1134 - Updater Version found : 6.15.0
2025-09-07 10:15:48,861 [INFO] ApplicationProperties:184 - Using Application install path: /Applications/STM32CubeIDE.app/Contents/Eclipse/plugins/com.st.stm32cube.common.mx_6.15.0.202507011659
2025-09-07 10:15:48,895 [INFO] MainUpdater:525 - Copy updater definitions from MX database
2025-09-07 10:15:49,153 [INFO] MainUpdater:2872 - connection check result : 10
2025-09-07 10:15:49,153 [INFO] MainUpdater:3604 - Updater definition file requires update
2025-09-07 10:15:49,154 [INFO] MainUpdater:289 - Updater Check For Update Now.
2025-09-07 10:15:49,154 [INFO] MicroXplorer:498 - Change Database Version : DB.6.0.150
2025-09-07 10:15:49,159 [INFO] McuFinderGlobals:63 - Set McuFinder mode to 2 (CubeIDE integrated)
2025-09-07 10:15:49,161 [INFO] UserAuth:487 - Internet connection configuration mode: 1
2025-09-07 10:15:49,172 [INFO] JxBrowserEngine:152 - Initiate JxBrowser Engine with user profile folder
2025-09-07 10:15:49,296 [INFO] ServerAccessManage:452 - Complete download http(s) 200
2025-09-07 10:15:49,300 [INFO] ServerAccessManage:509 - Download File updaters.zip
2025-09-07 10:15:49,389 [INFO] FileExtend:248 - Unzip File : updaters.zip
2025-09-07 10:15:49,390 [INFO] FileExtend:263 - Standard Zip Deflate
2025-09-07 10:15:49,593 [INFO] ServerAccessManage:452 - Complete download http(s) 200
2025-09-07 10:15:49,594 [INFO] ServerAccessManage:509 - Download File PacksControlFlags.xml
2025-09-07 10:15:49,779 [INFO] ServerAccessManage:452 - Complete download http(s) 200
2025-09-07 10:15:49,780 [INFO] ServerAccessManage:509 - Download File cubemx.pidx
2025-09-07 10:15:49,897 [INFO] LoadServerUpdatesThread:375 - End of LoadServerUpdate Thread
2025-09-07 10:15:50,071 [INFO] CheckServerUpdateThread:120 - End of CheckServer Thread
2025-09-07 10:15:50,859 [WARN] PackLoader:240 - Cannot read IP mode file for STMicroelectronics.FP-SNS-MOTENVWB1.1.4.0
2025-09-07 10:15:50,874 [WARN] PackLoader:240 - Cannot read IP mode file for STMicroelectronics.FP-ATR-ASTRA1.2.0.2
2025-09-07 10:15:50,884 [WARN] PackLoader:240 - Cannot read IP mode file for STMicroelectronics.FP-ATR-ASTRA1.2.0.1
2025-09-07 10:15:50,892 [WARN] PackLoader:240 - Cannot read IP mode file for STMicroelectronics.X-CUBE-SMBUS.2.1.0
2025-09-07 10:15:50,901 [WARN] PackLoader:240 - Cannot read IP mode file for STMicroelectronics.X-CUBE-WB05N.1.1.0
2025-09-07 10:15:50,909 [WARN] PackLoader:240 - Cannot read IP mode file for STMicroelectronics.X-CUBE-ST60.1.0.0
2025-09-07 10:15:50,953 [WARN] PackLoader:240 - Cannot read IP mode file for STMicroelectronics.X-CUBE-AZRTOS-F7.1.1.0
2025-09-07 10:15:50,979 [WARN] PackLoader:240 - Cannot read IP mode file for STMicroelectronics.FP-SNS-FLIGHT1.5.0.2
2025-09-07 10:15:51,024 [WARN] PackLoader:240 - Cannot read IP mode file for Infineon.AIROC-Wi-Fi-Bluetooth-STM32.1.7.0
2025-09-07 10:15:51,084 [WARN] PackLoader:240 - Cannot read IP mode file for STMicroelectronics.X-CUBE-AZRTOS-H7.3.4.0
2025-09-07 10:15:51,108 [WARN] PackLoader:240 - Cannot read IP mode file for STMicroelectronics.X-CUBE-DISPLAY.3.0.0
2025-09-07 10:15:51,131 [WARN] PackLoader:240 - Cannot read IP mode file for STMicroelectronics.X-CUBE-BLE1.7.0.0
2025-09-07 10:15:51,145 [WARN] PackLoader:240 - Cannot read IP mode file for STMicroelectronics.X-CUBE-NFC10.1.0.0
2025-09-07 10:15:51,163 [WARN] PackLoader:240 - Cannot read IP mode file for STMicroelectronics.X-CUBE-BLEMGR.4.0.0
2025-09-07 10:15:51,178 [WARN] PackLoader:240 - Cannot read IP mode file for emotas.I-CUBE-CANOPEN.1.3.0
2025-09-07 10:15:51,183 [WARN] PackLoader:240 - Cannot read IP mode file for STMicroelectronics.X-CUBE-AI.10.0.0
2025-09-07 10:15:51,191 [WARN] PackLoader:240 - Cannot read IP mode file for STMicroelectronics.FP-SNS-STBOX1.2.1.0
2025-09-07 10:15:51,202 [WARN] PackLoader:240 - Cannot read IP mode file for STMicroelectronics.FP-SNS-SMARTAG2.1.2.0
2025-09-07 10:15:51,206 [WARN] PackLoader:240 - Cannot read IP mode file for STMicroelectronics.FP-SNS-FLIGHT1.5.1.0
2025-09-07 10:15:51,270 [WARN] PackLoader:240 - Cannot read IP mode file for STMicroelectronics.X-CUBE-MEMS1.11.1.0
2025-09-07 10:15:51,370 [INFO] LogOutputStream:77 - [STDOUT_REDIRECT] 1 : Invalid condition id : UX_CORESTACK_Condition cause : null
2025-09-07 10:15:51,371 [INFO] LogOutputStream:77 - [STDOUT_REDIRECT] 1 : Invalid condition id : UX_CORESTACK_Condition cause : null
2025-09-07 10:15:51,371 [INFO] LogOutputStream:77 - [STDOUT_REDIRECT] 1 : Invalid condition id : UX_CORESTACK_Condition cause : null
2025-09-07 10:15:51,371 [INFO] LogOutputStream:77 - [STDOUT_REDIRECT] 1 : Invalid condition id : UX_CORESTACK_Condition cause : null
2025-09-07 10:15:51,371 [INFO] LogOutputStream:77 - [STDOUT_REDIRECT] 1 : Invalid condition id : UX_CORESTACK_Condition cause : null
2025-09-07 10:15:51,376 [WARN] PackLoader:240 - Cannot read IP mode file for STMicroelectronics.X-CUBE-AZRTOS-WL.2.0.0
2025-09-07 10:15:51,394 [WARN] PackLoader:240 - Cannot read IP mode file for STMicroelectronics.FP-SNS-MOTENV1.5.0.0
2025-09-07 10:15:51,400 [WARN] PackLoader:240 - Cannot read IP mode file for wolfSSL.I-CUBE-wolfMQTT.1.19.0
2025-09-07 10:15:51,406 [WARN] PackLoader:240 - Cannot read IP mode file for WES.I-CUBE-Cesium.1.3.0
2025-09-07 10:15:51,416 [WARN] PackLoader:240 - Cannot read IP mode file for STMicroelectronics.X-CUBE-BLE2.3.3.0
2025-09-07 10:15:51,424 [WARN] PackLoader:240 - Cannot read IP mode file for STMicroelectronics.X-CUBE-NFC9.1.0.0
2025-09-07 10:15:51,432 [WARN] PackLoader:240 - Cannot read IP mode file for STMicroelectronics.X-CUBE-BLE1.7.1.0
2025-09-07 10:15:51,437 [WARN] PackLoader:240 - Cannot read IP mode file for STMicroelectronics.X-CUBE-EEPRMA1.5.2.0
2025-09-07 10:15:51,443 [WARN] PackLoader:240 - Cannot read IP mode file for STMicroelectronics.X-CUBE-AI.10.1.0
2025-09-07 10:15:51,500 [WARN] PackLoader:240 - Cannot read IP mode file for STMicroelectronics.X-CUBE-MEMS1.11.2.0
2025-09-07 10:15:51,578 [WARN] PackLoader:240 - Cannot read IP mode file for STMicroelectronics.X-CUBE-AZRTOS-G0.1.1.0
2025-09-07 10:15:51,593 [WARN] PackLoader:240 - Cannot read IP mode file for STMicroelectronics.X-CUBE-SAFEA1.1.2.2
2025-09-07 10:15:51,598 [WARN] PackLoader:240 - Cannot read IP mode file for STMicroelectronics.X-CUBE-NFC4.3.0.0
2025-09-07 10:15:51,609 [WARN] PackLoader:240 - Cannot read IP mode file for EmbeddedOffice.I-CUBE-FS-RTOS.1.0.1
2025-09-07 10:15:51,616 [WARN] PackLoader:240 - Cannot read IP mode file for STMicroelectronics.X-CUBE-WB05N.2.0.0
2025-09-07 10:15:51,626 [WARN] PackLoader:240 - Cannot read IP mode file for STMicroelectronics.X-CUBE-TCPP.4.2.0
2025-09-07 10:15:51,631 [WARN] PackLoader:240 - Cannot read IP mode file for RealThread.X-CUBE-RT-Thread_Nano.4.1.1
2025-09-07 10:15:51,634 [WARN] PackLoader:240 - Cannot read IP mode file for STMicroelectronics.FP-ATR-SIGFOX1.3.2.0
2025-09-07 10:15:51,638 [WARN] ConditionMgr:438 - getConditionDescription Invalid condition id : Cortex-A Device cause : null
2025-09-07 10:15:51,657 [WARN] ConditionMgr:1044 - genDependencies : Invalid condition id : Cortex-A Device cause : null
2025-09-07 10:15:51,658 [WARN] ConditionMgr:1044 - genDependencies : Invalid condition id : Cortex-A Device cause : null
2025-09-07 10:15:51,658 [WARN] ConditionMgr:1044 - genDependencies : Invalid condition id : Cortex-A Device cause : null
2025-09-07 10:15:51,666 [WARN] PackLoader:240 - Cannot read IP mode file for STMicroelectronics.X-CUBE-EEPRMA1.5.1.0
2025-09-07 10:15:51,673 [WARN] PackLoader:240 - Cannot read IP mode file for wolfSSL.I-CUBE-wolfSSL.5.7.6
2025-09-07 10:15:51,679 [WARN] PackLoader:240 - Cannot read IP mode file for ITTIA_DB.I-CUBE-ITTIADB.8.9.0
2025-09-07 10:15:51,685 [WARN] PackLoader:240 - Cannot read IP mode file for STMicroelectronics.X-CUBE-ST67W61.1.0.0
2025-09-07 10:15:51,697 [WARN] PackLoader:240 - Cannot read IP mode file for STMicroelectronics.X-CUBE-AI.10.2.0
2025-09-07 10:15:51,733 [WARN] PackLoader:240 - Cannot read IP mode file for SEGGER.I-CUBE-embOS.1.3.1
2025-09-07 10:15:51,758 [WARN] PackLoader:240 - Cannot read IP mode file for STMicroelectronics.X-CUBE-ALGOBUILD.1.4.0
2025-09-07 10:15:51,825 [WARN] PackLoader:240 - Cannot read IP mode file for STMicroelectronics.X-CUBE-MEMS1.11.3.0
2025-09-07 10:15:51,898 [WARN] PackLoader:240 - Cannot read IP mode file for STMicroelectronics.X-CUBE-PM33A1.1.0.0
2025-09-07 10:15:51,920 [WARN] PackLoader:240 - Cannot read IP mode file for STMicroelectronics.X-CUBE-AZRTOS-F4.1.1.0
2025-09-07 10:15:51,931 [WARN] PackLoader:240 - Cannot read IP mode file for Avnet-IotConnect.X-CUBE-IoTC-DA16k-PMOD.1.0.0
2025-09-07 10:15:51,939 [WARN] PackLoader:240 - Cannot read IP mode file for STMicroelectronics.X-CUBE-ISPU.2.1.0
2025-09-07 10:15:51,949 [WARN] PackLoader:240 - Cannot read IP mode file for STMicroelectronics.X-CUBE-NFC12.1.0.0
2025-09-07 10:15:51,970 [WARN] PackLoader:240 - Cannot read IP mode file for STMicroelectronics.X-CUBE-AZRTOS-L5.2.0.0
2025-09-07 10:15:51,979 [WARN] PackLoader:240 - Cannot read IP mode file for STMicroelectronics.X-CUBE-NFC6.3.1.0
2025-09-07 10:15:51,989 [WARN] PackLoader:240 - Cannot read IP mode file for STMicroelectronics.X-CUBE-DPower.1.2.0
2025-09-07 10:15:51,993 [WARN] PackLoader:240 - Cannot read IP mode file for STMicroelectronics.X-CUBE-FREERTOS.1.3.1
2025-09-07 10:15:51,996 [WARN] PackLoader:240 - Cannot read IP mode file for STMicroelectronics.X-CUBE-FREERTOS.1.3.0
2025-09-07 10:15:51,999 [WARN] PackLoader:240 - Cannot read IP mode file for STMicroelectronics.X-CUBE-NFC7.1.0.1
2025-09-07 10:15:52,003 [WARN] PackLoader:240 - Cannot read IP mode file for STMicroelectronics.FP-SNS-STAIOTCFT.1.0.0
2025-09-07 10:15:52,006 [WARN] PackLoader:240 - Cannot read IP mode file for STMicroelectronics.X-CUBE-DPower.1.3.0
2025-09-07 10:15:52,024 [WARN] ConditionMgr:438 - getConditionDescription Invalid condition id : LAN8742 Phy interface Condition cause : null
2025-09-07 10:15:52,028 [WARN] PackLoader:240 - Cannot read IP mode file for STMicroelectronics.X-CUBE-AZRTOS-L4.2.0.0
2025-09-07 10:15:52,030 [WARN] ConditionMgr:1044 - genDependencies : Invalid condition id : LAN8742 Phy interface Condition cause : null
2025-09-07 10:15:52,030 [WARN] ConditionMgr:1044 - genDependencies : Invalid condition id : LAN8742 Phy interface Condition cause : null
2025-09-07 10:15:52,031 [WARN] ConditionMgr:1044 - genDependencies : Invalid condition id : LAN8742 Phy interface Condition cause : null
2025-09-07 10:15:52,041 [WARN] PackLoader:240 - Cannot read IP mode file for STMicroelectronics.X-CUBE-SFXS2LP1.4.0.0
2025-09-07 10:15:52,063 [WARN] PackLoader:240 - Cannot read IP mode file for STMicroelectronics.X-CUBE-AZRTOS-H7.3.3.0
2025-09-07 10:15:52,082 [WARN] PackLoader:240 - Cannot read IP mode file for STMicroelectronics.X-CUBE-BLEMGR.4.1.0
2025-09-07 10:15:52,098 [WARN] ConditionMgr:438 - getConditionDescription Invalid condition id : UX DEVICE CLASS RTOS Condition cause : null
2025-09-07 10:15:52,099 [WARN] ConditionMgr:438 - getConditionDescription Invalid condition id : UX DEVICE CLASS RTOS Condition cause : null
2025-09-07 10:15:52,102 [WARN] PackLoader:240 - Cannot read IP mode file for STMicroelectronics.X-CUBE-AZRTOS-WB.2.0.0
2025-09-07 10:15:52,103 [WARN] ConditionMgr:1044 - genDependencies : Invalid condition id : UX DEVICE CLASS RTOS Condition cause : null
2025-09-07 10:15:52,103 [WARN] ConditionMgr:1044 - genDependencies : Invalid condition id : UX DEVICE CLASS RTOS Condition cause : null
2025-09-07 10:15:52,103 [WARN] ConditionMgr:1044 - genDependencies : Invalid condition id : UX DEVICE CLASS RTOS Condition cause : null
2025-09-07 10:15:52,104 [WARN] ConditionMgr:1044 - genDependencies : Invalid condition id : UX DEVICE CLASS RTOS Condition cause : null
2025-09-07 10:15:52,104 [WARN] ConditionMgr:1044 - genDependencies : Invalid condition id : UX DEVICE CLASS RTOS Condition cause : null
2025-09-07 10:15:52,110 [WARN] PackLoader:240 - Cannot read IP mode file for STMicroelectronics.X-CUBE-GNSS1.7.0.1
2025-09-07 10:15:52,113 [WARN] PackLoader:240 - Cannot read IP mode file for STMicroelectronics.X-CUBE-TOUCHGFX.4.25.0
2025-09-07 10:15:52,116 [WARN] PackLoader:240 - Cannot read IP mode file for STMicroelectronics.FP-SNS-STBOX1.2.0.0
2025-09-07 10:15:52,128 [WARN] PackLoader:240 - Cannot read IP mode file for STMicroelectronics.X-CUBE-SUBG2.5.0.0
2025-09-07 10:15:52,156 [WARN] PackLoader:240 - Cannot read IP mode file for STMicroelectronics.X-CUBE-AZRTOS-H7RS.1.1.0
2025-09-07 10:15:52,163 [WARN] PackLoader:240 - Cannot read IP mode file for Cesanta.I-CUBE-Mongoose.7.13.0
2025-09-07 10:15:52,176 [WARN] PackLoader:240 - Cannot read IP mode file for STMicroelectronics.X-CUBE-AZRTOS-G4.2.0.0
2025-09-07 10:15:52,187 [WARN] PackLoader:240 - Cannot read IP mode file for STMicroelectronics.X-CUBE-NFC7.2.0.0
2025-09-07 10:15:52,210 [WARN] PackLoader:240 - Cannot read IP mode file for STMicroelectronics.X-CUBE-IPS.3.1.0
2025-09-07 10:15:52,223 [WARN] PackLoader:240 - Cannot read IP mode file for STMicroelectronics.X-CUBE-ALS.1.0.2
2025-09-07 10:15:52,228 [WARN] PackLoader:240 - Cannot read IP mode file for STMicroelectronics.X-CUBE-TOUCHGFX.4.24.2
2025-09-07 10:15:52,235 [WARN] PackLoader:240 - Cannot read IP mode file for STMicroelectronics.X-CUBE-STSE01.1.0.0
2025-09-07 10:15:52,240 [WARN] PackLoader:240 - Cannot read IP mode file for wolfSSL.I-CUBE-wolfTPM.3.4.0
2025-09-07 10:15:52,246 [WARN] PackLoader:240 - Cannot read IP mode file for portGmbH.I-Cube-SoM-uGOAL.1.1.0
2025-09-07 10:15:52,265 [WARN] PackLoader:240 - Cannot read IP mode file for STMicroelectronics.X-CUBE-AZRTOS-H7RS.1.0.0
2025-09-07 10:15:52,279 [WARN] PackLoader:240 - Cannot read IP mode file for STMicroelectronics.X-CUBE-TOF1.3.4.2
2025-09-07 10:15:52,312 [WARN] PackLoader:240 - Cannot read IP mode file for STMicroelectronics.X-CUBE-TOF1.3.4.3
2025-09-07 10:15:52,321 [WARN] PackLoader:240 - Cannot read IP mode file for wolfSSL.I-CUBE-wolfSSH.1.4.17
2025-09-07 10:15:52,321 [INFO] ThirdParty:978 - Integrity check success = true
2025-09-07 10:15:52,321 [INFO] IntegrityCheckThread:100 - exiting critical section [integrity check]
2025-09-07 10:15:52,321 [INFO] IntegrityCheckThread:103 - End integrity checks thread
2025-09-07 10:15:52,964 [INFO] WebApp:169 - Instantiating new browser for Auth
2025-09-07 10:15:53,944 [INFO] WebApp:463 - Apply proxy settings
2025-09-07 10:15:53,951 [INFO] WebApp:508 - Chromium authenticates against Manually configured proxy
2025-09-07 10:15:53,966 [INFO] WebApp:516 - Username used for proxy authentication: 
2025-09-07 10:15:54,000 [INFO] WebApp:900 - Register for checkConnection events
2025-09-07 10:15:54,000 [INFO] WebApp:463 - Apply proxy settings
2025-09-07 10:15:54,001 [INFO] WebApp:508 - Chromium authenticates against Manually configured proxy
2025-09-07 10:15:54,002 [INFO] WebApp:516 - Username used for proxy authentication: 
2025-09-07 10:15:54,125 [INFO] WebApp:225 - Starting web application
2025-09-07 10:15:54,125 [INFO] WebApp:593 - Web application path used /Applications/STM32CubeIDE.app/Contents/Eclipse/plugins/com.st.stm32cube.common.mx_6.15.0.202507011659/db/plugins/mcufinder/reactClient1/index.html
2025-09-07 10:15:54,508 [INFO] WebApp:191 - Connection restablished
2025-09-07 10:15:54,675 [INFO] UserAuth:487 - Internet connection configuration mode: 1
2025-09-07 14:24:28,945 [ERROR] LogOutputStream:75 - [STDERR_REDIRECT] 
