2025-08-05 18:43:51,872 [INFO] Activator:176 - 


2025-08-05 18:43:51,877 [INFO] Activator:177 - !SESSION log4j initialized
2025-08-05 18:43:55,974 [INFO] LogOutputStream:77 - [STDOUT_REDIRECT] 
2025-08-05 18:43:56,319 [ERROR] LogOutputStream:75 - [STDERR_REDIRECT] 
2025-08-05 18:43:58,590 [INFO] LogOutputStream:77 - [STDOUT_REDIRECT] 
2025-08-05 18:43:59,450 [INFO] ApplicationProperties:184 - Using Application install path: /Applications/STM32CubeIDE.app/Contents/Eclipse/plugins/com.st.stm32cube.common.mx_6.14.1.202504091515
2025-08-05 18:43:59,461 [INFO] DbMcusXml:78 - Set database path to: /Applications/STM32CubeIDE.app/Contents/Eclipse/plugins/com.st.stm32cube.common.mx_6.14.1.202504091515//db//mcu/
2025-08-05 18:43:59,461 [INFO] ApiDb:274 - Set plugin database path to: /Applications/STM32CubeIDE.app/Contents/Eclipse/plugins/com.st.stm32cube.common.mx_6.14.1.202504091515//db//plugins/boardmanager/
2025-08-05 18:43:59,462 [WARN] ApiDb:259 - Overriding images path with different value:  => /Applications/STM32CubeIDE.app/Contents/Eclipse/plugins/com.st.stm32cube.common.mx_6.14.1.202504091515//db//plugins/mcufinder/images/
2025-08-05 18:43:59,466 [INFO] ApiDb:250 - Set database path to: /Users/mauricewashington/.stmcufinder/plugins/mcufinder//mcu/
2025-08-05 18:43:59,466 [INFO] DbMcusAds:125 - Set database path to: /Users/mauricewashington/.stmcufinder/plugins/mcufinder//mcu/
2025-08-05 18:43:59,467 [INFO] CrossReferenceDbSqlite:203 - Set database path to: /Users/mauricewashington/.stmcufinder/plugins/mcufinder//mcu/cs/
2025-08-05 18:43:59,568 [INFO] RulesReader:64 - Compatibility file has been processed (302 Rules)
2025-08-05 18:43:59,627 [INFO] DbMcusXml:78 - Set database path to: /Applications/STM32CubeIDE.app/Contents/Eclipse/plugins/com.st.stm32cube.common.mx_6.14.1.202504091515//db//mcu/
2025-08-05 18:43:59,627 [INFO] ApiDb:274 - Set plugin database path to: /Applications/STM32CubeIDE.app/Contents/Eclipse/plugins/com.st.stm32cube.common.mx_6.14.1.202504091515//db//plugins/boardmanager/
2025-08-05 18:43:59,627 [INFO] ApiDb:261 - Set plugin images path to: /Applications/STM32CubeIDE.app/Contents/Eclipse/plugins/com.st.stm32cube.common.mx_6.14.1.202504091515//db//plugins/mcufinder/images/
2025-08-05 18:43:59,628 [WARN] DbFile:41 - Overriding database path with different value: /Users/mauricewashington/.stmcufinder/plugins/mcufinder/ => /Users/mauricewashington/.stmcufinder/plugins/mcufinder
2025-08-05 18:43:59,628 [INFO] ApiDb:250 - Set database path to: /Users/mauricewashington/.stmcufinder/plugins/mcufinder//mcu/
2025-08-05 18:43:59,628 [WARN] DbFile:41 - Overriding database path with different value: /Users/mauricewashington/.stmcufinder/plugins/mcufinder/ => /Users/mauricewashington/.stmcufinder/plugins/mcufinder
2025-08-05 18:43:59,628 [INFO] DbMcusAds:125 - Set database path to: /Users/mauricewashington/.stmcufinder/plugins/mcufinder//mcu/
2025-08-05 18:43:59,628 [WARN] DbFile:41 - Overriding database path with different value: /Users/mauricewashington/.stmcufinder/plugins/mcufinder/ => /Users/mauricewashington/.stmcufinder/plugins/mcufinder
2025-08-05 18:43:59,628 [WARN] DbFile:41 - Overriding database path with different value: /Users/mauricewashington/.stmcufinder/plugins/mcufinder/ => /Users/mauricewashington/.stmcufinder/plugins/mcufinder
2025-08-05 18:43:59,628 [INFO] CrossReferenceDbSqlite:203 - Set database path to: /Users/mauricewashington/.stmcufinder/plugins/mcufinder//mcu/cs/
2025-08-05 18:43:59,677 [INFO] MainPanel:272 - HeapMemory: 268435456
2025-08-05 18:43:59,999 [INFO] DbMcusXml:78 - Set database path to: /Applications/STM32CubeIDE.app/Contents/Eclipse/plugins/com.st.stm32cube.common.mx_6.14.1.202504091515//db//mcu/
2025-08-05 18:43:59,999 [INFO] ApiDb:274 - Set plugin database path to: /Applications/STM32CubeIDE.app/Contents/Eclipse/plugins/com.st.stm32cube.common.mx_6.14.1.202504091515//db//plugins/boardmanager/
2025-08-05 18:43:59,999 [INFO] ApiDb:261 - Set plugin images path to: /Applications/STM32CubeIDE.app/Contents/Eclipse/plugins/com.st.stm32cube.common.mx_6.14.1.202504091515//db//plugins/mcufinder/images/
2025-08-05 18:43:59,999 [WARN] DbFile:41 - Overriding database path with different value: /Users/mauricewashington/.stmcufinder/plugins/mcufinder/ => /Users/mauricewashington/.stmcufinder/plugins/mcufinder
2025-08-05 18:43:59,999 [INFO] ApiDb:250 - Set database path to: /Users/mauricewashington/.stmcufinder/plugins/mcufinder//mcu/
2025-08-05 18:43:59,999 [WARN] DbFile:41 - Overriding database path with different value: /Users/mauricewashington/.stmcufinder/plugins/mcufinder/ => /Users/mauricewashington/.stmcufinder/plugins/mcufinder
2025-08-05 18:43:59,999 [INFO] DbMcusAds:125 - Set database path to: /Users/mauricewashington/.stmcufinder/plugins/mcufinder//mcu/
2025-08-05 18:43:59,999 [WARN] DbFile:41 - Overriding database path with different value: /Users/mauricewashington/.stmcufinder/plugins/mcufinder/ => /Users/mauricewashington/.stmcufinder/plugins/mcufinder
2025-08-05 18:44:00,000 [WARN] DbFile:41 - Overriding database path with different value: /Users/mauricewashington/.stmcufinder/plugins/mcufinder/ => /Users/mauricewashington/.stmcufinder/plugins/mcufinder
2025-08-05 18:44:00,000 [INFO] CrossReferenceDbSqlite:203 - Set database path to: /Users/mauricewashington/.stmcufinder/plugins/mcufinder//mcu/cs/
2025-08-05 18:44:00,014 [INFO] ApplicationProperties:184 - Using Application install path: /Applications/STM32CubeIDE.app/Contents/Eclipse/plugins/com.st.stm32cube.common.mx_6.14.1.202504091515
2025-08-05 18:44:00,015 [INFO] PluginManage:196 - Search for loadable plugins [exclusion list=, ]
2025-08-05 18:44:00,016 [INFO] PluginManage:310 - Check plugin analytics
2025-08-05 18:44:00,146 [INFO] AnalyticsPlugin:253 - Accepted Software Licenses: 
2025-08-05 18:44:00,146 [INFO] AnalyticsPlugin:255 - Accepted CMSIS Pack Licenses: 
2025-08-05 18:44:00,146 [INFO] AnalyticsPlugin:257 - Accepted Firmware Licenses: 
2025-08-05 18:44:00,152 [INFO] PluginManage:359 - Loaded plugin analytics (category:tool,tabindex:-1)
2025-08-05 18:44:00,153 [INFO] PluginManage:310 - Check plugin cadmodel
2025-08-05 18:44:00,163 [INFO] CADModel:105 - Init CAD model plugin
2025-08-05 18:44:00,163 [INFO] PluginManage:359 - Loaded plugin cadmodel (category:power,tabindex:5)
2025-08-05 18:44:00,164 [INFO] PluginManage:310 - Check plugin clock
2025-08-05 18:44:00,171 [INFO] PluginManage:359 - Loaded plugin clock (category:base,tabindex:2)
2025-08-05 18:44:00,171 [INFO] PluginManage:310 - Check plugin ddr
2025-08-05 18:44:00,172 [INFO] PluginManage:359 - Loaded plugin ddr (category:tool,tabindex:6)
2025-08-05 18:44:00,172 [INFO] PluginManage:310 - Check plugin filemanager
2025-08-05 18:44:00,278 [INFO] PluginManage:359 - Loaded plugin filemanager (category:base,tabindex:10)
2025-08-05 18:44:00,279 [INFO] PluginManage:310 - Check plugin ipmanager
2025-08-05 18:44:00,284 [INFO] PluginManage:359 - Loaded plugin ipmanager (category:base,tabindex:5)
2025-08-05 18:44:00,284 [INFO] PluginManage:310 - Check plugin lpbam
2025-08-05 18:44:00,290 [INFO] PluginManage:359 - Loaded plugin lpbam (category:base,tabindex:0)
2025-08-05 18:44:00,290 [INFO] PluginManage:310 - Check plugin memorymap
2025-08-05 18:44:00,297 [INFO] PluginManage:359 - Loaded plugin memorymap (category:base,tabindex:4)
2025-08-05 18:44:00,297 [INFO] PluginManage:310 - Check plugin pinoutandconfiguration
2025-08-05 18:44:00,301 [INFO] PluginManage:359 - Loaded plugin pinoutandconfiguration (category:base,tabindex:1)
2025-08-05 18:44:00,301 [INFO] PluginManage:310 - Check plugin pinoutconfig
2025-08-05 18:44:00,354 [WARN] SupportedApi:132 - Cannot load RTOS API schema: s4s-elt-must-match.1: The content of 'definitions' must match (annotation?, (simpleType | complexType)?, (unique | key | keyref)*)). A problem was found starting at: attribute.
2025-08-05 18:44:00,464 [INFO] PluginManage:359 - Loaded plugin pinoutconfig (category:base,tabindex:0)
2025-08-05 18:44:00,464 [INFO] PluginManage:310 - Check plugin power
2025-08-05 18:44:00,474 [INFO] PluginManage:359 - Loaded plugin power (category:power,tabindex:4)
2025-08-05 18:44:00,474 [INFO] PluginManage:310 - Check plugin projectmanager
2025-08-05 18:44:00,495 [INFO] PluginManage:359 - Loaded plugin projectmanager (category:projectmanager,tabindex:4)
2025-08-05 18:44:00,495 [INFO] PluginManage:310 - Check plugin rif
2025-08-05 18:44:00,501 [INFO] PluginManage:359 - Loaded plugin rif (category:base,tabindex:3)
2025-08-05 18:44:00,501 [INFO] PluginManage:310 - Check plugin thirdparty
2025-08-05 18:44:00,619 [INFO] PluginManage:359 - Loaded plugin thirdparty (category:base,tabindex:-1)
2025-08-05 18:44:00,620 [INFO] PluginManage:310 - Check plugin tools
2025-08-05 18:44:00,619 [WARN] IntegrityCheckThread:84 - waiting for thirdparty lock release [integrity check]
2025-08-05 18:44:00,622 [INFO] IntegrityCheckThread:86 - entering critical section [integrity check]
2025-08-05 18:44:00,622 [INFO] ThirdPartyUpdaterWithRetryManager:70 - Updater plugin not ready yet. [1/15]
2025-08-05 18:44:00,623 [INFO] PluginManage:359 - Loaded plugin tools (category:base,tabindex:7)
2025-08-05 18:44:00,624 [INFO] PluginManage:310 - Check plugin tutovideos
2025-08-05 18:44:00,741 [INFO] PluginManage:359 - Loaded plugin tutovideos (category:base,tabindex:-1)
2025-08-05 18:44:00,741 [INFO] PluginManage:310 - Check plugin updater
2025-08-05 18:44:00,762 [INFO] PluginManage:359 - Loaded plugin updater (category:base,tabindex:12)
2025-08-05 18:44:00,762 [INFO] PluginManage:310 - Check plugin userauth
2025-08-05 18:44:00,766 [INFO] UserAuth:118 - Init User Auth plugin
2025-08-05 18:44:00,767 [INFO] PluginManage:359 - Loaded plugin userauth (category:base,tabindex:14)
2025-08-05 18:44:00,768 [INFO] PluginManage:283 - PluginManage : Loaded plugins [18]
2025-08-05 18:44:00,926 [INFO] PinOutPanel:1589 - setPackage(No Configuration,No Configuration)
2025-08-05 18:44:00,975 [INFO] CADModel:165 - CPN selected for project level
2025-08-05 18:44:00,975 [INFO] CADModel:114 - Register for checkConnection events
2025-08-05 18:44:00,983 [INFO] IPUIPlugin:80 - create IPUIPlugin
2025-08-05 18:44:00,984 [INFO] PluginManager:220 - loadIPPluginJar : add mdma
2025-08-05 18:44:00,988 [INFO] IPUIPlugin:80 - create IPUIPlugin
2025-08-05 18:44:00,988 [INFO] PluginManager:220 - loadIPPluginJar : add freertos
2025-08-05 18:44:00,990 [INFO] IPUIPlugin:80 - create IPUIPlugin
2025-08-05 18:44:00,990 [INFO] PluginManager:220 - loadIPPluginJar : add gic
2025-08-05 18:44:00,996 [INFO] IPUIPlugin:80 - create IPUIPlugin
2025-08-05 18:44:00,996 [INFO] PluginManager:220 - loadIPPluginJar : add adc
2025-08-05 18:44:00,997 [INFO] IPUIPlugin:80 - create IPUIPlugin
2025-08-05 18:44:00,997 [INFO] PluginManager:220 - loadIPPluginJar : add gtzc
2025-08-05 18:44:00,998 [INFO] IPUIPlugin:80 - create IPUIPlugin
2025-08-05 18:44:00,998 [INFO] PluginManager:220 - loadIPPluginJar : add quadspi
2025-08-05 18:44:00,999 [INFO] IPUIPlugin:80 - create IPUIPlugin
2025-08-05 18:44:00,999 [INFO] PluginManager:220 - loadIPPluginJar : add aes
2025-08-05 18:44:01,000 [INFO] IPUIPlugin:80 - create IPUIPlugin
2025-08-05 18:44:01,000 [INFO] PluginManager:220 - loadIPPluginJar : add pdm2pcm
2025-08-05 18:44:01,001 [INFO] IPUIPlugin:80 - create IPUIPlugin
2025-08-05 18:44:01,001 [INFO] PluginManager:220 - loadIPPluginJar : add hash
2025-08-05 18:44:01,002 [INFO] IPUIPlugin:80 - create IPUIPlugin
2025-08-05 18:44:01,002 [INFO] PluginManager:220 - loadIPPluginJar : add tim
2025-08-05 18:44:01,002 [INFO] IPUIPlugin:80 - create IPUIPlugin
2025-08-05 18:44:01,002 [INFO] PluginManager:220 - loadIPPluginJar : add tsc
2025-08-05 18:44:01,005 [INFO] IPUIPlugin:80 - create IPUIPlugin
2025-08-05 18:44:01,005 [INFO] PluginManager:220 - loadIPPluginJar : add extmemmanager
2025-08-05 18:44:01,006 [INFO] IPUIPlugin:80 - create IPUIPlugin
2025-08-05 18:44:01,006 [INFO] PluginManager:220 - loadIPPluginJar : add ts
2025-08-05 18:44:01,007 [INFO] IPUIPlugin:80 - create IPUIPlugin
2025-08-05 18:44:01,007 [INFO] PluginManager:220 - loadIPPluginJar : add radio
2025-08-05 18:44:01,008 [INFO] IPUIPlugin:80 - create IPUIPlugin
2025-08-05 18:44:01,008 [INFO] PluginManager:220 - loadIPPluginJar : add can
2025-08-05 18:44:01,009 [INFO] IPUIPlugin:80 - create IPUIPlugin
2025-08-05 18:44:01,009 [INFO] PluginManager:220 - loadIPPluginJar : add dma3
2025-08-05 18:44:01,010 [INFO] IPUIPlugin:80 - create IPUIPlugin
2025-08-05 18:44:01,010 [INFO] PluginManager:220 - loadIPPluginJar : add dfsdm
2025-08-05 18:44:01,010 [INFO] IPUIPlugin:80 - create IPUIPlugin
2025-08-05 18:44:01,010 [INFO] PluginManager:220 - loadIPPluginJar : add spi
2025-08-05 18:44:01,011 [INFO] IPUIPlugin:80 - create IPUIPlugin
2025-08-05 18:44:01,011 [INFO] PluginManager:220 - loadIPPluginJar : add gfxmmu
2025-08-05 18:44:01,012 [INFO] IPUIPlugin:80 - create IPUIPlugin
2025-08-05 18:44:01,012 [INFO] PluginManager:220 - loadIPPluginJar : add genericplugin
2025-08-05 18:44:01,013 [INFO] IPUIPlugin:80 - create IPUIPlugin
2025-08-05 18:44:01,013 [INFO] PluginManager:220 - loadIPPluginJar : add cryp
2025-08-05 18:44:01,015 [INFO] IPUIPlugin:80 - create IPUIPlugin
2025-08-05 18:44:01,015 [INFO] PluginManager:220 - loadIPPluginJar : add gpio
2025-08-05 18:44:01,017 [INFO] IPUIPlugin:80 - create IPUIPlugin
2025-08-05 18:44:01,017 [INFO] PluginManager:220 - loadIPPluginJar : add ddr_ctrl_phy
2025-08-05 18:44:01,018 [INFO] IPUIPlugin:80 - create IPUIPlugin
2025-08-05 18:44:01,018 [INFO] PluginManager:220 - loadIPPluginJar : add comp
2025-08-05 18:44:01,019 [INFO] IPUIPlugin:80 - create IPUIPlugin
2025-08-05 18:44:01,020 [INFO] PluginManager:220 - loadIPPluginJar : add tracer_emb
2025-08-05 18:44:01,022 [INFO] IPUIPlugin:80 - create IPUIPlugin
2025-08-05 18:44:01,022 [INFO] PluginManager:220 - loadIPPluginJar : add openamp
2025-08-05 18:44:01,024 [INFO] IPUIPlugin:80 - create IPUIPlugin
2025-08-05 18:44:01,025 [INFO] PluginManager:220 - loadIPPluginJar : add stm32_wpan
2025-08-05 18:44:01,027 [INFO] IPUIPlugin:80 - create IPUIPlugin
2025-08-05 18:44:01,029 [INFO] PluginManager:220 - loadIPPluginJar : add plateformsettings
2025-08-05 18:44:01,030 [INFO] IPUIPlugin:80 - create IPUIPlugin
2025-08-05 18:44:01,030 [INFO] PluginManager:220 - loadIPPluginJar : add ipddr
2025-08-05 18:44:01,031 [INFO] IPUIPlugin:80 - create IPUIPlugin
2025-08-05 18:44:01,031 [INFO] PluginManager:220 - loadIPPluginJar : add usart
2025-08-05 18:44:01,032 [INFO] IPUIPlugin:80 - create IPUIPlugin
2025-08-05 18:44:01,032 [INFO] PluginManager:220 - loadIPPluginJar : add ltdc
2025-08-05 18:44:01,033 [INFO] IPUIPlugin:80 - create IPUIPlugin
2025-08-05 18:44:01,033 [INFO] PluginManager:220 - loadIPPluginJar : add nvic
2025-08-05 18:44:01,034 [INFO] IPUIPlugin:80 - create IPUIPlugin
2025-08-05 18:44:01,034 [INFO] PluginManager:220 - loadIPPluginJar : add fatfs
2025-08-05 18:44:01,038 [INFO] IPUIPlugin:80 - create IPUIPlugin
2025-08-05 18:44:01,038 [INFO] PluginManager:220 - loadIPPluginJar : add linkedlist
2025-08-05 18:44:01,042 [INFO] IPUIPlugin:80 - create IPUIPlugin
2025-08-05 18:44:01,042 [INFO] PluginManager:220 - loadIPPluginJar : add dma
2025-08-05 18:44:01,044 [INFO] IPUIPlugin:80 - create IPUIPlugin
2025-08-05 18:44:01,044 [INFO] PluginManager:220 - loadIPPluginJar : add fmc
2025-08-05 18:44:01,044 [INFO] IPUIPlugin:80 - create IPUIPlugin
2025-08-05 18:44:01,045 [INFO] PluginManager:220 - loadIPPluginJar : add i2s
2025-08-05 18:44:01,045 [INFO] IPUIPlugin:80 - create IPUIPlugin
2025-08-05 18:44:01,045 [INFO] PluginManager:220 - loadIPPluginJar : add ucpd
2025-08-05 18:44:01,046 [INFO] IPUIPlugin:80 - create IPUIPlugin
2025-08-05 18:44:01,046 [INFO] PluginManager:220 - loadIPPluginJar : add lorawan
2025-08-05 18:44:01,047 [INFO] IPUIPlugin:80 - create IPUIPlugin
2025-08-05 18:44:01,047 [INFO] PluginManager:220 - loadIPPluginJar : add opamp
2025-08-05 18:44:01,049 [INFO] IPUIPlugin:80 - create IPUIPlugin
2025-08-05 18:44:01,049 [INFO] PluginManager:220 - loadIPPluginJar : add i3c
2025-08-05 18:44:01,050 [INFO] IPUIPlugin:80 - create IPUIPlugin
2025-08-05 18:44:01,050 [INFO] PluginManager:220 - loadIPPluginJar : add touchsensing
2025-08-05 18:44:01,052 [INFO] IPUIPlugin:80 - create IPUIPlugin
2025-08-05 18:44:01,052 [INFO] PluginManager:220 - loadIPPluginJar : add i2c
2025-08-05 18:44:01,054 [INFO] IPUIPlugin:80 - create IPUIPlugin
2025-08-05 18:44:01,054 [INFO] PluginManager:220 - loadIPPluginJar : add resmgrutility
2025-08-05 18:44:01,055 [INFO] IPUIPlugin:80 - create IPUIPlugin
2025-08-05 18:44:01,055 [INFO] PluginManager:220 - loadIPPluginJar : add sai
2025-08-05 18:44:01,056 [INFO] IPUIPlugin:80 - create IPUIPlugin
2025-08-05 18:44:01,056 [INFO] PluginManager:220 - loadIPPluginJar : add usbx
2025-08-05 18:44:01,159 [FATAL] Updater:351 - Updater called before beeing initialized
2025-08-05 18:44:01,188 [INFO] RulesReader:64 - Compatibility file has been processed (302 Rules)
2025-08-05 18:44:01,196 [INFO] RulesReader:64 - Compatibility file has been processed (302 Rules)
2025-08-05 18:44:01,205 [INFO] CADModel:165 - CPN selected for project level
2025-08-05 18:44:01,205 [INFO] CADModel:114 - Register for checkConnection events
2025-08-05 18:44:01,205 [FATAL] Updater:351 - Updater called before beeing initialized
2025-08-05 18:44:01,205 [ERROR] CADModel:125 - Updater not yet initialized, retry later 
2025-08-05 18:44:01,368 [FATAL] Updater:351 - Updater called before beeing initialized
2025-08-05 18:44:01,369 [INFO] CADModel:165 - CPN selected for project level
2025-08-05 18:44:01,369 [INFO] CADModel:114 - Register for checkConnection events
2025-08-05 18:44:01,369 [FATAL] Updater:351 - Updater called before beeing initialized
2025-08-05 18:44:01,369 [ERROR] CADModel:125 - Updater not yet initialized, retry later 
2025-08-05 18:44:01,371 [FATAL] Updater:351 - Updater called before beeing initialized
2025-08-05 18:44:01,508 [FATAL] Updater:351 - Updater called before beeing initialized
2025-08-05 18:44:01,512 [INFO] DbMcusAds:53 - JSON generation date=Wed May 07 02:07:55 PDT 2025 (1746608875484)
2025-08-05 18:44:01,512 [FATAL] Updater:351 - Updater called before beeing initialized
2025-08-05 18:44:01,951 [WARN] DetailPanel:346 - Failed to get advertising image, set to default
2025-08-05 18:44:02,111 [FATAL] Updater:351 - Updater called before beeing initialized
2025-08-05 18:44:02,116 [FATAL] Updater:351 - Updater called before beeing initialized
2025-08-05 18:44:02,116 [FATAL] Updater:351 - Updater called before beeing initialized
2025-08-05 18:44:02,116 [WARN] DetailPanel:346 - Failed to get advertising image, set to default
2025-08-05 18:44:02,122 [FATAL] Updater:351 - Updater called before beeing initialized
2025-08-05 18:44:02,175 [ERROR] Updater:1198 - MainUpdater not yet initialized. External WinMGr cannot be set.
2025-08-05 18:44:02,204 [INFO] Updater:1134 - Updater Version found : 6.14.1
2025-08-05 18:44:02,216 [INFO] ApplicationProperties:184 - Using Application install path: /Applications/STM32CubeIDE.app/Contents/Eclipse/plugins/com.st.stm32cube.common.mx_6.14.1.202504091515
2025-08-05 18:44:02,556 [INFO] MainUpdater:2872 - connection check result : 10
2025-08-05 18:44:02,557 [INFO] MainUpdater:289 - Updater Check For Update Now.
2025-08-05 18:44:02,557 [INFO] MicroXplorer:498 - Change Database Version : DB.6.0.141
2025-08-05 18:44:02,562 [INFO] McuFinderGlobals:63 - Set McuFinder mode to 2 (CubeIDE integrated)
2025-08-05 18:44:02,566 [INFO] UserAuth:484 - Internet connection configuration mode: 1
2025-08-05 18:44:02,580 [INFO] JxBrowserEngine:152 - Initiate JxBrowser Engine with user profile folder
2025-08-05 18:44:02,790 [INFO] CheckServerUpdateThread:120 - End of CheckServer Thread
2025-08-05 18:44:03,759 [WARN] PackLoader:240 - Cannot read IP mode file for STMicroelectronics.FP-SNS-MOTENVWB1.1.4.0
2025-08-05 18:44:03,781 [WARN] PackLoader:240 - Cannot read IP mode file for STMicroelectronics.FP-ATR-ASTRA1.2.0.2
2025-08-05 18:44:03,798 [WARN] PackLoader:240 - Cannot read IP mode file for STMicroelectronics.FP-ATR-ASTRA1.2.0.1
2025-08-05 18:44:03,810 [WARN] PackLoader:240 - Cannot read IP mode file for STMicroelectronics.X-CUBE-SMBUS.2.1.0
2025-08-05 18:44:03,822 [WARN] PackLoader:240 - Cannot read IP mode file for STMicroelectronics.X-CUBE-WB05N.1.1.0
2025-08-05 18:44:03,828 [WARN] PackLoader:240 - Cannot read IP mode file for STMicroelectronics.X-CUBE-ST60.1.0.0
2025-08-05 18:44:03,869 [WARN] PackLoader:240 - Cannot read IP mode file for STMicroelectronics.X-CUBE-AZRTOS-F7.1.1.0
2025-08-05 18:44:03,882 [WARN] PackLoader:240 - Cannot read IP mode file for STMicroelectronics.FP-SNS-FLIGHT1.5.0.2
2025-08-05 18:44:03,909 [WARN] PackLoader:240 - Cannot read IP mode file for Infineon.AIROC-Wi-Fi-Bluetooth-STM32.1.7.0
2025-08-05 18:44:03,952 [WARN] PackLoader:240 - Cannot read IP mode file for STMicroelectronics.X-CUBE-AZRTOS-H7.3.4.0
2025-08-05 18:44:03,983 [WARN] PackLoader:240 - Cannot read IP mode file for STMicroelectronics.X-CUBE-DISPLAY.3.0.0
2025-08-05 18:44:04,016 [WARN] PackLoader:240 - Cannot read IP mode file for STMicroelectronics.X-CUBE-BLE1.7.0.0
2025-08-05 18:44:04,026 [WARN] PackLoader:240 - Cannot read IP mode file for STMicroelectronics.X-CUBE-NFC10.1.0.0
2025-08-05 18:44:04,035 [WARN] PackLoader:240 - Cannot read IP mode file for STMicroelectronics.X-CUBE-BLEMGR.4.0.0
2025-08-05 18:44:04,046 [WARN] PackLoader:240 - Cannot read IP mode file for emotas.I-CUBE-CANOPEN.1.3.0
2025-08-05 18:44:04,049 [WARN] PackLoader:240 - Cannot read IP mode file for STMicroelectronics.X-CUBE-AI.10.0.0
2025-08-05 18:44:04,057 [ERROR] Engine:466 - /Users/mauricewashington/.stm32cubemx/thirdparties/pdsc/STMicroelectronics.FP-SNS-STBOX1.2.1.0.pdsc: PDSC version is not supported
2025-08-05 18:44:04,059 [WARN] PackLoader:240 - Cannot read IP mode file for STMicroelectronics.FP-SNS-SMARTAG2.1.2.0
2025-08-05 18:44:04,063 [WARN] PackLoader:240 - Cannot read IP mode file for STMicroelectronics.FP-SNS-FLIGHT1.5.1.0
2025-08-05 18:44:04,106 [WARN] PackLoader:240 - Cannot read IP mode file for STMicroelectronics.X-CUBE-MEMS1.11.1.0
2025-08-05 18:44:04,192 [INFO] LogOutputStream:77 - [STDOUT_REDIRECT] 1 : Invalid condition id : UX_CORESTACK_Condition cause : null
2025-08-05 18:44:04,193 [INFO] LogOutputStream:77 - [STDOUT_REDIRECT] 1 : Invalid condition id : UX_CORESTACK_Condition cause : null
2025-08-05 18:44:04,194 [INFO] LogOutputStream:77 - [STDOUT_REDIRECT] 1 : Invalid condition id : UX_CORESTACK_Condition cause : null
2025-08-05 18:44:04,194 [INFO] LogOutputStream:77 - [STDOUT_REDIRECT] 1 : Invalid condition id : UX_CORESTACK_Condition cause : null
2025-08-05 18:44:04,195 [INFO] LogOutputStream:77 - [STDOUT_REDIRECT] 1 : Invalid condition id : UX_CORESTACK_Condition cause : null
2025-08-05 18:44:04,199 [WARN] PackLoader:240 - Cannot read IP mode file for STMicroelectronics.X-CUBE-AZRTOS-WL.2.0.0
2025-08-05 18:44:04,206 [WARN] PackLoader:240 - Cannot read IP mode file for STMicroelectronics.FP-SNS-MOTENV1.5.0.0
2025-08-05 18:44:04,213 [WARN] PackLoader:240 - Cannot read IP mode file for wolfSSL.I-CUBE-wolfMQTT.1.19.0
2025-08-05 18:44:04,221 [WARN] PackLoader:240 - Cannot read IP mode file for WES.I-CUBE-Cesium.1.3.0
2025-08-05 18:44:04,226 [WARN] PackLoader:240 - Cannot read IP mode file for STMicroelectronics.X-CUBE-BLE2.3.3.0
2025-08-05 18:44:04,238 [WARN] PackLoader:240 - Cannot read IP mode file for STMicroelectronics.X-CUBE-NFC9.1.0.0
2025-08-05 18:44:04,265 [WARN] PackLoader:240 - Cannot read IP mode file for STMicroelectronics.X-CUBE-BLE1.7.1.0
2025-08-05 18:44:04,452 [WARN] PackLoader:240 - Cannot read IP mode file for STMicroelectronics.X-CUBE-EEPRMA1.5.2.0
2025-08-05 18:44:04,479 [WARN] PackLoader:240 - Cannot read IP mode file for STMicroelectronics.X-CUBE-AI.10.1.0
2025-08-05 18:44:04,553 [WARN] PackLoader:240 - Cannot read IP mode file for STMicroelectronics.X-CUBE-MEMS1.11.2.0
2025-08-05 18:44:04,643 [WARN] PackLoader:240 - Cannot read IP mode file for STMicroelectronics.X-CUBE-AZRTOS-G0.1.1.0
2025-08-05 18:44:04,655 [WARN] PackLoader:240 - Cannot read IP mode file for STMicroelectronics.X-CUBE-SAFEA1.1.2.2
2025-08-05 18:44:04,661 [WARN] PackLoader:240 - Cannot read IP mode file for STMicroelectronics.X-CUBE-NFC4.3.0.0
2025-08-05 18:44:04,672 [WARN] PackLoader:240 - Cannot read IP mode file for EmbeddedOffice.I-CUBE-FS-RTOS.1.0.1
2025-08-05 18:44:04,683 [WARN] PackLoader:240 - Cannot read IP mode file for STMicroelectronics.X-CUBE-WB05N.2.0.0
2025-08-05 18:44:04,695 [WARN] PackLoader:240 - Cannot read IP mode file for STMicroelectronics.X-CUBE-TCPP.4.2.0
2025-08-05 18:44:04,699 [WARN] PackLoader:240 - Cannot read IP mode file for RealThread.X-CUBE-RT-Thread_Nano.4.1.1
2025-08-05 18:44:04,701 [WARN] PackLoader:240 - Cannot read IP mode file for STMicroelectronics.FP-ATR-SIGFOX1.3.2.0
2025-08-05 18:44:04,706 [WARN] ConditionMgr:438 - getConditionDescription Invalid condition id : Cortex-A Device cause : null
2025-08-05 18:44:04,766 [WARN] ConditionMgr:1044 - genDependencies : Invalid condition id : Cortex-A Device cause : null
2025-08-05 18:44:04,766 [WARN] ConditionMgr:1044 - genDependencies : Invalid condition id : Cortex-A Device cause : null
2025-08-05 18:44:04,766 [WARN] ConditionMgr:1044 - genDependencies : Invalid condition id : Cortex-A Device cause : null
2025-08-05 18:44:04,774 [WARN] PackLoader:240 - Cannot read IP mode file for STMicroelectronics.X-CUBE-EEPRMA1.5.1.0
2025-08-05 18:44:04,784 [WARN] PackLoader:240 - Cannot read IP mode file for wolfSSL.I-CUBE-wolfSSL.5.7.6
2025-08-05 18:44:04,810 [WARN] PackLoader:240 - Cannot read IP mode file for ITTIA_DB.I-CUBE-ITTIADB.8.9.0
2025-08-05 18:44:04,819 [WARN] PackLoader:240 - Cannot read IP mode file for STMicroelectronics.X-CUBE-ST67W61.1.0.0
2025-08-05 18:44:04,827 [WARN] PackLoader:240 - Cannot read IP mode file for STMicroelectronics.X-CUBE-AI.10.2.0
2025-08-05 18:44:04,877 [WARN] PackLoader:240 - Cannot read IP mode file for SEGGER.I-CUBE-embOS.1.3.1
2025-08-05 18:44:04,916 [WARN] PackLoader:240 - Cannot read IP mode file for STMicroelectronics.X-CUBE-ALGOBUILD.1.4.0
2025-08-05 18:44:04,969 [WARN] PackLoader:240 - Cannot read IP mode file for STMicroelectronics.X-CUBE-MEMS1.11.3.0
2025-08-05 18:44:05,041 [WARN] PackLoader:240 - Cannot read IP mode file for STMicroelectronics.X-CUBE-PM33A1.1.0.0
2025-08-05 18:44:05,060 [WARN] PackLoader:240 - Cannot read IP mode file for STMicroelectronics.X-CUBE-AZRTOS-F4.1.1.0
2025-08-05 18:44:05,069 [WARN] PackLoader:240 - Cannot read IP mode file for Avnet-IotConnect.X-CUBE-IoTC-DA16k-PMOD.1.0.0
2025-08-05 18:44:05,072 [WARN] PackLoader:240 - Cannot read IP mode file for STMicroelectronics.X-CUBE-ISPU.2.1.0
2025-08-05 18:44:05,080 [WARN] PackLoader:240 - Cannot read IP mode file for STMicroelectronics.X-CUBE-NFC12.1.0.0
2025-08-05 18:44:05,095 [WARN] PackLoader:240 - Cannot read IP mode file for STMicroelectronics.X-CUBE-AZRTOS-L5.2.0.0
2025-08-05 18:44:05,105 [WARN] PackLoader:240 - Cannot read IP mode file for STMicroelectronics.X-CUBE-NFC6.3.1.0
2025-08-05 18:44:05,111 [WARN] PackLoader:240 - Cannot read IP mode file for STMicroelectronics.X-CUBE-DPower.1.2.0
2025-08-05 18:44:05,116 [WARN] PackLoader:240 - Cannot read IP mode file for STMicroelectronics.X-CUBE-FREERTOS.1.3.1
2025-08-05 18:44:05,119 [WARN] PackLoader:240 - Cannot read IP mode file for STMicroelectronics.X-CUBE-FREERTOS.1.3.0
2025-08-05 18:44:05,123 [WARN] PackLoader:240 - Cannot read IP mode file for STMicroelectronics.X-CUBE-NFC7.1.0.1
2025-08-05 18:44:05,128 [WARN] PackLoader:240 - Cannot read IP mode file for STMicroelectronics.FP-SNS-STAIOTCFT.1.0.0
2025-08-05 18:44:05,131 [WARN] PackLoader:240 - Cannot read IP mode file for STMicroelectronics.X-CUBE-DPower.1.3.0
2025-08-05 18:44:05,146 [WARN] ConditionMgr:438 - getConditionDescription Invalid condition id : LAN8742 Phy interface Condition cause : null
2025-08-05 18:44:05,147 [WARN] PackLoader:240 - Cannot read IP mode file for STMicroelectronics.X-CUBE-AZRTOS-L4.2.0.0
2025-08-05 18:44:05,149 [WARN] ConditionMgr:1044 - genDependencies : Invalid condition id : LAN8742 Phy interface Condition cause : null
2025-08-05 18:44:05,149 [WARN] ConditionMgr:1044 - genDependencies : Invalid condition id : LAN8742 Phy interface Condition cause : null
2025-08-05 18:44:05,150 [WARN] ConditionMgr:1044 - genDependencies : Invalid condition id : LAN8742 Phy interface Condition cause : null
2025-08-05 18:44:05,154 [WARN] PackLoader:240 - Cannot read IP mode file for STMicroelectronics.X-CUBE-SFXS2LP1.4.0.0
2025-08-05 18:44:05,172 [WARN] PackLoader:240 - Cannot read IP mode file for STMicroelectronics.X-CUBE-AZRTOS-H7.3.3.0
2025-08-05 18:44:05,187 [WARN] PackLoader:240 - Cannot read IP mode file for STMicroelectronics.X-CUBE-BLEMGR.4.1.0
2025-08-05 18:44:05,204 [WARN] ConditionMgr:438 - getConditionDescription Invalid condition id : UX DEVICE CLASS RTOS Condition cause : null
2025-08-05 18:44:05,204 [WARN] ConditionMgr:438 - getConditionDescription Invalid condition id : UX DEVICE CLASS RTOS Condition cause : null
2025-08-05 18:44:05,207 [WARN] PackLoader:240 - Cannot read IP mode file for STMicroelectronics.X-CUBE-AZRTOS-WB.2.0.0
2025-08-05 18:44:05,210 [WARN] ConditionMgr:1044 - genDependencies : Invalid condition id : UX DEVICE CLASS RTOS Condition cause : null
2025-08-05 18:44:05,210 [WARN] ConditionMgr:1044 - genDependencies : Invalid condition id : UX DEVICE CLASS RTOS Condition cause : null
2025-08-05 18:44:05,211 [WARN] ConditionMgr:1044 - genDependencies : Invalid condition id : UX DEVICE CLASS RTOS Condition cause : null
2025-08-05 18:44:05,211 [WARN] ConditionMgr:1044 - genDependencies : Invalid condition id : UX DEVICE CLASS RTOS Condition cause : null
2025-08-05 18:44:05,211 [WARN] ConditionMgr:1044 - genDependencies : Invalid condition id : UX DEVICE CLASS RTOS Condition cause : null
2025-08-05 18:44:05,218 [WARN] PackLoader:240 - Cannot read IP mode file for STMicroelectronics.X-CUBE-GNSS1.7.0.1
2025-08-05 18:44:05,224 [WARN] PackLoader:240 - Cannot read IP mode file for STMicroelectronics.X-CUBE-TOUCHGFX.4.25.0
2025-08-05 18:44:05,229 [WARN] PackLoader:240 - Cannot read IP mode file for STMicroelectronics.FP-SNS-STBOX1.2.0.0
2025-08-05 18:44:05,247 [WARN] PackLoader:240 - Cannot read IP mode file for STMicroelectronics.X-CUBE-SUBG2.5.0.0
2025-08-05 18:44:05,336 [WARN] PackLoader:240 - Cannot read IP mode file for STMicroelectronics.X-CUBE-AZRTOS-H7RS.1.1.0
2025-08-05 18:44:05,436 [WARN] PackLoader:240 - Cannot read IP mode file for Cesanta.I-CUBE-Mongoose.7.13.0
2025-08-05 18:44:05,468 [WARN] PackLoader:240 - Cannot read IP mode file for STMicroelectronics.X-CUBE-AZRTOS-G4.2.0.0
2025-08-05 18:44:05,490 [WARN] PackLoader:240 - Cannot read IP mode file for STMicroelectronics.X-CUBE-NFC7.2.0.0
2025-08-05 18:44:05,501 [WARN] PackLoader:240 - Cannot read IP mode file for STMicroelectronics.X-CUBE-IPS.3.1.0
2025-08-05 18:44:05,508 [WARN] PackLoader:240 - Cannot read IP mode file for STMicroelectronics.X-CUBE-ALS.1.0.2
2025-08-05 18:44:05,511 [WARN] PackLoader:240 - Cannot read IP mode file for STMicroelectronics.X-CUBE-TOUCHGFX.4.24.2
2025-08-05 18:44:05,516 [WARN] PackLoader:240 - Cannot read IP mode file for wolfSSL.I-CUBE-wolfTPM.3.4.0
2025-08-05 18:44:05,521 [WARN] PackLoader:240 - Cannot read IP mode file for portGmbH.I-Cube-SoM-uGOAL.1.1.0
2025-08-05 18:44:05,540 [WARN] PackLoader:240 - Cannot read IP mode file for STMicroelectronics.X-CUBE-AZRTOS-H7RS.1.0.0
2025-08-05 18:44:05,551 [WARN] PackLoader:240 - Cannot read IP mode file for STMicroelectronics.X-CUBE-TOF1.3.4.2
2025-08-05 18:44:05,564 [WARN] PackLoader:240 - Cannot read IP mode file for STMicroelectronics.X-CUBE-TOF1.3.4.3
2025-08-05 18:44:05,571 [WARN] PackLoader:240 - Cannot read IP mode file for wolfSSL.I-CUBE-wolfSSH.1.4.17
2025-08-05 18:44:05,588 [INFO] ThirdParty:978 - Integrity check success = true
2025-08-05 18:44:05,588 [INFO] IntegrityCheckThread:100 - exiting critical section [integrity check]
2025-08-05 18:44:05,588 [INFO] IntegrityCheckThread:103 - End integrity checks thread
2025-08-05 18:44:07,453 [INFO] WebApp:169 - Instantiating new browser for Auth
2025-08-05 18:44:08,652 [INFO] WebApp:463 - Apply proxy settings
2025-08-05 18:44:08,667 [INFO] WebApp:508 - Chromium authenticates against Manually configured proxy
2025-08-05 18:44:08,679 [INFO] WebApp:516 - Username used for proxy authentication: 
2025-08-05 18:44:08,719 [INFO] WebApp:894 - Register for checkConnection events
2025-08-05 18:44:08,719 [INFO] WebApp:463 - Apply proxy settings
2025-08-05 18:44:08,723 [INFO] WebApp:508 - Chromium authenticates against Manually configured proxy
2025-08-05 18:44:08,723 [INFO] WebApp:516 - Username used for proxy authentication: 
2025-08-05 18:44:08,852 [INFO] WebApp:225 - Starting web application
2025-08-05 18:44:08,852 [INFO] WebApp:593 - Web application path used /Applications/STM32CubeIDE.app/Contents/Eclipse/plugins/com.st.stm32cube.common.mx_6.14.1.202504091515/db/plugins/mcufinder/reactClient1/index.html
2025-08-05 18:44:09,328 [INFO] WebApp:191 - Connection restablished
2025-08-05 18:44:09,483 [INFO] UserAuth:484 - Internet connection configuration mode: 1
2025-08-05 19:43:12,663 [INFO] WebApp:194 - Connection lost
2025-08-05 19:43:13,474 [INFO] WebApp:191 - Connection restablished
2025-08-05 22:03:19,593 [ERROR] LogOutputStream:75 - [STDERR_REDIRECT] 
