2025-07-31 14:27:41,496 [INFO] Activator:176 - 


2025-07-31 14:27:41,501 [INFO] Activator:177 - !SESSION log4j initialized
2025-07-31 14:27:45,275 [ERROR] LogOutputStream:75 - [STDERR_REDIRECT] 
2025-07-31 14:27:45,674 [INFO] LogOutputStream:77 - [STDOUT_REDIRECT] 
2025-07-31 14:27:46,902 [INFO] LogOutputStream:77 - [STDOUT_REDIRECT] 
2025-07-31 14:27:47,748 [INFO] ApplicationProperties:184 - Using Application install path: /Applications/STM32CubeIDE.app/Contents/Eclipse/plugins/com.st.stm32cube.common.mx_6.14.1.202504091515
2025-07-31 14:27:47,758 [INFO] DbMcusXml:78 - Set database path to: /Applications/STM32CubeIDE.app/Contents/Eclipse/plugins/com.st.stm32cube.common.mx_6.14.1.202504091515//db//mcu/
2025-07-31 14:27:47,758 [INFO] ApiDb:274 - Set plugin database path to: /Applications/STM32CubeIDE.app/Contents/Eclipse/plugins/com.st.stm32cube.common.mx_6.14.1.202504091515//db//plugins/boardmanager/
2025-07-31 14:27:47,759 [WARN] ApiDb:259 - Overriding images path with different value:  => /Applications/STM32CubeIDE.app/Contents/Eclipse/plugins/com.st.stm32cube.common.mx_6.14.1.202504091515//db//plugins/mcufinder/images/
2025-07-31 14:27:47,763 [INFO] ApiDb:250 - Set database path to: /Users/mauricewashington/.stmcufinder/plugins/mcufinder//mcu/
2025-07-31 14:27:47,764 [INFO] DbMcusAds:125 - Set database path to: /Users/mauricewashington/.stmcufinder/plugins/mcufinder//mcu/
2025-07-31 14:27:47,765 [INFO] CrossReferenceDbSqlite:203 - Set database path to: /Users/mauricewashington/.stmcufinder/plugins/mcufinder//mcu/cs/
2025-07-31 14:27:47,864 [INFO] RulesReader:64 - Compatibility file has been processed (302 Rules)
2025-07-31 14:27:47,923 [INFO] DbMcusXml:78 - Set database path to: /Applications/STM32CubeIDE.app/Contents/Eclipse/plugins/com.st.stm32cube.common.mx_6.14.1.202504091515//db//mcu/
2025-07-31 14:27:47,924 [INFO] ApiDb:274 - Set plugin database path to: /Applications/STM32CubeIDE.app/Contents/Eclipse/plugins/com.st.stm32cube.common.mx_6.14.1.202504091515//db//plugins/boardmanager/
2025-07-31 14:27:47,924 [INFO] ApiDb:261 - Set plugin images path to: /Applications/STM32CubeIDE.app/Contents/Eclipse/plugins/com.st.stm32cube.common.mx_6.14.1.202504091515//db//plugins/mcufinder/images/
2025-07-31 14:27:47,924 [WARN] DbFile:41 - Overriding database path with different value: /Users/mauricewashington/.stmcufinder/plugins/mcufinder/ => /Users/mauricewashington/.stmcufinder/plugins/mcufinder
2025-07-31 14:27:47,924 [INFO] ApiDb:250 - Set database path to: /Users/mauricewashington/.stmcufinder/plugins/mcufinder//mcu/
2025-07-31 14:27:47,924 [WARN] DbFile:41 - Overriding database path with different value: /Users/mauricewashington/.stmcufinder/plugins/mcufinder/ => /Users/mauricewashington/.stmcufinder/plugins/mcufinder
2025-07-31 14:27:47,924 [INFO] DbMcusAds:125 - Set database path to: /Users/mauricewashington/.stmcufinder/plugins/mcufinder//mcu/
2025-07-31 14:27:47,925 [WARN] DbFile:41 - Overriding database path with different value: /Users/mauricewashington/.stmcufinder/plugins/mcufinder/ => /Users/mauricewashington/.stmcufinder/plugins/mcufinder
2025-07-31 14:27:47,925 [WARN] DbFile:41 - Overriding database path with different value: /Users/mauricewashington/.stmcufinder/plugins/mcufinder/ => /Users/mauricewashington/.stmcufinder/plugins/mcufinder
2025-07-31 14:27:47,925 [INFO] CrossReferenceDbSqlite:203 - Set database path to: /Users/mauricewashington/.stmcufinder/plugins/mcufinder//mcu/cs/
2025-07-31 14:27:47,981 [INFO] MainPanel:272 - HeapMemory: 268435456
2025-07-31 14:27:48,234 [INFO] DbMcusXml:78 - Set database path to: /Applications/STM32CubeIDE.app/Contents/Eclipse/plugins/com.st.stm32cube.common.mx_6.14.1.202504091515//db//mcu/
2025-07-31 14:27:48,234 [INFO] ApiDb:274 - Set plugin database path to: /Applications/STM32CubeIDE.app/Contents/Eclipse/plugins/com.st.stm32cube.common.mx_6.14.1.202504091515//db//plugins/boardmanager/
2025-07-31 14:27:48,234 [INFO] ApiDb:261 - Set plugin images path to: /Applications/STM32CubeIDE.app/Contents/Eclipse/plugins/com.st.stm32cube.common.mx_6.14.1.202504091515//db//plugins/mcufinder/images/
2025-07-31 14:27:48,235 [WARN] DbFile:41 - Overriding database path with different value: /Users/mauricewashington/.stmcufinder/plugins/mcufinder/ => /Users/mauricewashington/.stmcufinder/plugins/mcufinder
2025-07-31 14:27:48,235 [INFO] ApiDb:250 - Set database path to: /Users/mauricewashington/.stmcufinder/plugins/mcufinder//mcu/
2025-07-31 14:27:48,235 [WARN] DbFile:41 - Overriding database path with different value: /Users/mauricewashington/.stmcufinder/plugins/mcufinder/ => /Users/mauricewashington/.stmcufinder/plugins/mcufinder
2025-07-31 14:27:48,235 [INFO] DbMcusAds:125 - Set database path to: /Users/mauricewashington/.stmcufinder/plugins/mcufinder//mcu/
2025-07-31 14:27:48,235 [WARN] DbFile:41 - Overriding database path with different value: /Users/mauricewashington/.stmcufinder/plugins/mcufinder/ => /Users/mauricewashington/.stmcufinder/plugins/mcufinder
2025-07-31 14:27:48,235 [WARN] DbFile:41 - Overriding database path with different value: /Users/mauricewashington/.stmcufinder/plugins/mcufinder/ => /Users/mauricewashington/.stmcufinder/plugins/mcufinder
2025-07-31 14:27:48,235 [INFO] CrossReferenceDbSqlite:203 - Set database path to: /Users/mauricewashington/.stmcufinder/plugins/mcufinder//mcu/cs/
2025-07-31 14:27:48,250 [INFO] ApplicationProperties:184 - Using Application install path: /Applications/STM32CubeIDE.app/Contents/Eclipse/plugins/com.st.stm32cube.common.mx_6.14.1.202504091515
2025-07-31 14:27:48,251 [INFO] PluginManage:196 - Search for loadable plugins [exclusion list=, ]
2025-07-31 14:27:48,253 [INFO] PluginManage:310 - Check plugin analytics
2025-07-31 14:27:48,382 [INFO] AnalyticsPlugin:253 - Accepted Software Licenses: 
2025-07-31 14:27:48,382 [INFO] AnalyticsPlugin:255 - Accepted CMSIS Pack Licenses: 
2025-07-31 14:27:48,382 [INFO] AnalyticsPlugin:257 - Accepted Firmware Licenses: 
2025-07-31 14:27:48,388 [INFO] PluginManage:359 - Loaded plugin analytics (category:tool,tabindex:-1)
2025-07-31 14:27:48,389 [INFO] PluginManage:310 - Check plugin cadmodel
2025-07-31 14:27:48,400 [INFO] CADModel:105 - Init CAD model plugin
2025-07-31 14:27:48,400 [INFO] PluginManage:359 - Loaded plugin cadmodel (category:power,tabindex:5)
2025-07-31 14:27:48,400 [INFO] PluginManage:310 - Check plugin clock
2025-07-31 14:27:48,407 [INFO] PluginManage:359 - Loaded plugin clock (category:base,tabindex:2)
2025-07-31 14:27:48,407 [INFO] PluginManage:310 - Check plugin ddr
2025-07-31 14:27:48,408 [INFO] PluginManage:359 - Loaded plugin ddr (category:tool,tabindex:6)
2025-07-31 14:27:48,409 [INFO] PluginManage:310 - Check plugin filemanager
2025-07-31 14:27:48,525 [INFO] PluginManage:359 - Loaded plugin filemanager (category:base,tabindex:10)
2025-07-31 14:27:48,525 [INFO] PluginManage:310 - Check plugin ipmanager
2025-07-31 14:27:48,532 [INFO] PluginManage:359 - Loaded plugin ipmanager (category:base,tabindex:5)
2025-07-31 14:27:48,532 [INFO] PluginManage:310 - Check plugin lpbam
2025-07-31 14:27:48,539 [INFO] PluginManage:359 - Loaded plugin lpbam (category:base,tabindex:0)
2025-07-31 14:27:48,539 [INFO] PluginManage:310 - Check plugin memorymap
2025-07-31 14:27:48,547 [INFO] PluginManage:359 - Loaded plugin memorymap (category:base,tabindex:4)
2025-07-31 14:27:48,547 [INFO] PluginManage:310 - Check plugin pinoutandconfiguration
2025-07-31 14:27:48,551 [INFO] PluginManage:359 - Loaded plugin pinoutandconfiguration (category:base,tabindex:1)
2025-07-31 14:27:48,551 [INFO] PluginManage:310 - Check plugin pinoutconfig
2025-07-31 14:27:48,610 [WARN] SupportedApi:132 - Cannot load RTOS API schema: s4s-elt-must-match.1: The content of 'definitions' must match (annotation?, (simpleType | complexType)?, (unique | key | keyref)*)). A problem was found starting at: attribute.
2025-07-31 14:27:48,722 [INFO] PluginManage:359 - Loaded plugin pinoutconfig (category:base,tabindex:0)
2025-07-31 14:27:48,722 [INFO] PluginManage:310 - Check plugin power
2025-07-31 14:27:48,732 [INFO] PluginManage:359 - Loaded plugin power (category:power,tabindex:4)
2025-07-31 14:27:48,732 [INFO] PluginManage:310 - Check plugin projectmanager
2025-07-31 14:27:48,754 [INFO] PluginManage:359 - Loaded plugin projectmanager (category:projectmanager,tabindex:4)
2025-07-31 14:27:48,754 [INFO] PluginManage:310 - Check plugin rif
2025-07-31 14:27:48,761 [INFO] PluginManage:359 - Loaded plugin rif (category:base,tabindex:3)
2025-07-31 14:27:48,761 [INFO] PluginManage:310 - Check plugin thirdparty
2025-07-31 14:27:48,871 [INFO] PluginManage:359 - Loaded plugin thirdparty (category:base,tabindex:-1)
2025-07-31 14:27:48,871 [WARN] IntegrityCheckThread:84 - waiting for thirdparty lock release [integrity check]
2025-07-31 14:27:48,872 [INFO] IntegrityCheckThread:86 - entering critical section [integrity check]
2025-07-31 14:27:48,872 [INFO] PluginManage:310 - Check plugin tools
2025-07-31 14:27:48,872 [INFO] ThirdPartyUpdaterWithRetryManager:70 - Updater plugin not ready yet. [1/15]
2025-07-31 14:27:48,874 [INFO] PluginManage:359 - Loaded plugin tools (category:base,tabindex:7)
2025-07-31 14:27:48,874 [INFO] PluginManage:310 - Check plugin tutovideos
2025-07-31 14:27:48,989 [INFO] PluginManage:359 - Loaded plugin tutovideos (category:base,tabindex:-1)
2025-07-31 14:27:48,989 [INFO] PluginManage:310 - Check plugin updater
2025-07-31 14:27:49,008 [INFO] PluginManage:359 - Loaded plugin updater (category:base,tabindex:12)
2025-07-31 14:27:49,008 [INFO] PluginManage:310 - Check plugin userauth
2025-07-31 14:27:49,013 [INFO] UserAuth:118 - Init User Auth plugin
2025-07-31 14:27:49,013 [INFO] PluginManage:359 - Loaded plugin userauth (category:base,tabindex:14)
2025-07-31 14:27:49,014 [INFO] PluginManage:283 - PluginManage : Loaded plugins [18]
2025-07-31 14:27:49,179 [INFO] PinOutPanel:1589 - setPackage(No Configuration,No Configuration)
2025-07-31 14:27:49,229 [INFO] CADModel:165 - CPN selected for project level
2025-07-31 14:27:49,229 [INFO] CADModel:114 - Register for checkConnection events
2025-07-31 14:27:49,237 [INFO] IPUIPlugin:80 - create IPUIPlugin
2025-07-31 14:27:49,238 [INFO] PluginManager:220 - loadIPPluginJar : add mdma
2025-07-31 14:27:49,242 [INFO] IPUIPlugin:80 - create IPUIPlugin
2025-07-31 14:27:49,242 [INFO] PluginManager:220 - loadIPPluginJar : add freertos
2025-07-31 14:27:49,244 [INFO] IPUIPlugin:80 - create IPUIPlugin
2025-07-31 14:27:49,244 [INFO] PluginManager:220 - loadIPPluginJar : add gic
2025-07-31 14:27:49,250 [INFO] IPUIPlugin:80 - create IPUIPlugin
2025-07-31 14:27:49,250 [INFO] PluginManager:220 - loadIPPluginJar : add adc
2025-07-31 14:27:49,251 [INFO] IPUIPlugin:80 - create IPUIPlugin
2025-07-31 14:27:49,251 [INFO] PluginManager:220 - loadIPPluginJar : add gtzc
2025-07-31 14:27:49,252 [INFO] IPUIPlugin:80 - create IPUIPlugin
2025-07-31 14:27:49,252 [INFO] PluginManager:220 - loadIPPluginJar : add quadspi
2025-07-31 14:27:49,253 [INFO] IPUIPlugin:80 - create IPUIPlugin
2025-07-31 14:27:49,253 [INFO] PluginManager:220 - loadIPPluginJar : add aes
2025-07-31 14:27:49,254 [INFO] IPUIPlugin:80 - create IPUIPlugin
2025-07-31 14:27:49,254 [INFO] PluginManager:220 - loadIPPluginJar : add pdm2pcm
2025-07-31 14:27:49,255 [INFO] IPUIPlugin:80 - create IPUIPlugin
2025-07-31 14:27:49,255 [INFO] PluginManager:220 - loadIPPluginJar : add hash
2025-07-31 14:27:49,256 [INFO] IPUIPlugin:80 - create IPUIPlugin
2025-07-31 14:27:49,256 [INFO] PluginManager:220 - loadIPPluginJar : add tim
2025-07-31 14:27:49,256 [INFO] IPUIPlugin:80 - create IPUIPlugin
2025-07-31 14:27:49,256 [INFO] PluginManager:220 - loadIPPluginJar : add tsc
2025-07-31 14:27:49,258 [INFO] IPUIPlugin:80 - create IPUIPlugin
2025-07-31 14:27:49,258 [INFO] PluginManager:220 - loadIPPluginJar : add extmemmanager
2025-07-31 14:27:49,260 [INFO] IPUIPlugin:80 - create IPUIPlugin
2025-07-31 14:27:49,260 [INFO] PluginManager:220 - loadIPPluginJar : add ts
2025-07-31 14:27:49,260 [INFO] IPUIPlugin:80 - create IPUIPlugin
2025-07-31 14:27:49,261 [INFO] PluginManager:220 - loadIPPluginJar : add radio
2025-07-31 14:27:49,262 [INFO] IPUIPlugin:80 - create IPUIPlugin
2025-07-31 14:27:49,262 [INFO] PluginManager:220 - loadIPPluginJar : add can
2025-07-31 14:27:49,262 [INFO] IPUIPlugin:80 - create IPUIPlugin
2025-07-31 14:27:49,263 [INFO] PluginManager:220 - loadIPPluginJar : add dma3
2025-07-31 14:27:49,263 [INFO] IPUIPlugin:80 - create IPUIPlugin
2025-07-31 14:27:49,264 [INFO] PluginManager:220 - loadIPPluginJar : add dfsdm
2025-07-31 14:27:49,265 [INFO] IPUIPlugin:80 - create IPUIPlugin
2025-07-31 14:27:49,265 [INFO] PluginManager:220 - loadIPPluginJar : add spi
2025-07-31 14:27:49,266 [INFO] IPUIPlugin:80 - create IPUIPlugin
2025-07-31 14:27:49,266 [INFO] PluginManager:220 - loadIPPluginJar : add gfxmmu
2025-07-31 14:27:49,267 [INFO] IPUIPlugin:80 - create IPUIPlugin
2025-07-31 14:27:49,267 [INFO] PluginManager:220 - loadIPPluginJar : add genericplugin
2025-07-31 14:27:49,268 [INFO] IPUIPlugin:80 - create IPUIPlugin
2025-07-31 14:27:49,268 [INFO] PluginManager:220 - loadIPPluginJar : add cryp
2025-07-31 14:27:49,270 [INFO] IPUIPlugin:80 - create IPUIPlugin
2025-07-31 14:27:49,270 [INFO] PluginManager:220 - loadIPPluginJar : add gpio
2025-07-31 14:27:49,272 [INFO] IPUIPlugin:80 - create IPUIPlugin
2025-07-31 14:27:49,272 [INFO] PluginManager:220 - loadIPPluginJar : add ddr_ctrl_phy
2025-07-31 14:27:49,272 [INFO] IPUIPlugin:80 - create IPUIPlugin
2025-07-31 14:27:49,273 [INFO] PluginManager:220 - loadIPPluginJar : add comp
2025-07-31 14:27:49,274 [INFO] IPUIPlugin:80 - create IPUIPlugin
2025-07-31 14:27:49,275 [INFO] PluginManager:220 - loadIPPluginJar : add tracer_emb
2025-07-31 14:27:49,276 [INFO] IPUIPlugin:80 - create IPUIPlugin
2025-07-31 14:27:49,276 [INFO] PluginManager:220 - loadIPPluginJar : add openamp
2025-07-31 14:27:49,279 [INFO] IPUIPlugin:80 - create IPUIPlugin
2025-07-31 14:27:49,279 [INFO] PluginManager:220 - loadIPPluginJar : add stm32_wpan
2025-07-31 14:27:49,281 [INFO] IPUIPlugin:80 - create IPUIPlugin
2025-07-31 14:27:49,283 [INFO] PluginManager:220 - loadIPPluginJar : add plateformsettings
2025-07-31 14:27:49,285 [INFO] IPUIPlugin:80 - create IPUIPlugin
2025-07-31 14:27:49,285 [INFO] PluginManager:220 - loadIPPluginJar : add ipddr
2025-07-31 14:27:49,286 [INFO] IPUIPlugin:80 - create IPUIPlugin
2025-07-31 14:27:49,286 [INFO] PluginManager:220 - loadIPPluginJar : add usart
2025-07-31 14:27:49,286 [INFO] IPUIPlugin:80 - create IPUIPlugin
2025-07-31 14:27:49,286 [INFO] PluginManager:220 - loadIPPluginJar : add ltdc
2025-07-31 14:27:49,288 [INFO] IPUIPlugin:80 - create IPUIPlugin
2025-07-31 14:27:49,288 [INFO] PluginManager:220 - loadIPPluginJar : add nvic
2025-07-31 14:27:49,289 [INFO] IPUIPlugin:80 - create IPUIPlugin
2025-07-31 14:27:49,289 [INFO] PluginManager:220 - loadIPPluginJar : add fatfs
2025-07-31 14:27:49,292 [INFO] IPUIPlugin:80 - create IPUIPlugin
2025-07-31 14:27:49,292 [INFO] PluginManager:220 - loadIPPluginJar : add linkedlist
2025-07-31 14:27:49,295 [INFO] IPUIPlugin:80 - create IPUIPlugin
2025-07-31 14:27:49,295 [INFO] PluginManager:220 - loadIPPluginJar : add dma
2025-07-31 14:27:49,297 [INFO] IPUIPlugin:80 - create IPUIPlugin
2025-07-31 14:27:49,297 [INFO] PluginManager:220 - loadIPPluginJar : add fmc
2025-07-31 14:27:49,297 [INFO] IPUIPlugin:80 - create IPUIPlugin
2025-07-31 14:27:49,297 [INFO] PluginManager:220 - loadIPPluginJar : add i2s
2025-07-31 14:27:49,298 [INFO] IPUIPlugin:80 - create IPUIPlugin
2025-07-31 14:27:49,298 [INFO] PluginManager:220 - loadIPPluginJar : add ucpd
2025-07-31 14:27:49,299 [INFO] IPUIPlugin:80 - create IPUIPlugin
2025-07-31 14:27:49,299 [INFO] PluginManager:220 - loadIPPluginJar : add lorawan
2025-07-31 14:27:49,300 [INFO] IPUIPlugin:80 - create IPUIPlugin
2025-07-31 14:27:49,300 [INFO] PluginManager:220 - loadIPPluginJar : add opamp
2025-07-31 14:27:49,301 [INFO] IPUIPlugin:80 - create IPUIPlugin
2025-07-31 14:27:49,301 [INFO] PluginManager:220 - loadIPPluginJar : add i3c
2025-07-31 14:27:49,302 [INFO] IPUIPlugin:80 - create IPUIPlugin
2025-07-31 14:27:49,303 [INFO] PluginManager:220 - loadIPPluginJar : add touchsensing
2025-07-31 14:27:49,304 [INFO] IPUIPlugin:80 - create IPUIPlugin
2025-07-31 14:27:49,304 [INFO] PluginManager:220 - loadIPPluginJar : add i2c
2025-07-31 14:27:49,305 [INFO] IPUIPlugin:80 - create IPUIPlugin
2025-07-31 14:27:49,306 [INFO] PluginManager:220 - loadIPPluginJar : add resmgrutility
2025-07-31 14:27:49,307 [INFO] IPUIPlugin:80 - create IPUIPlugin
2025-07-31 14:27:49,307 [INFO] PluginManager:220 - loadIPPluginJar : add sai
2025-07-31 14:27:49,308 [INFO] IPUIPlugin:80 - create IPUIPlugin
2025-07-31 14:27:49,308 [INFO] PluginManager:220 - loadIPPluginJar : add usbx
2025-07-31 14:27:49,408 [FATAL] Updater:351 - Updater called before beeing initialized
2025-07-31 14:27:49,442 [INFO] RulesReader:64 - Compatibility file has been processed (302 Rules)
2025-07-31 14:27:49,451 [INFO] RulesReader:64 - Compatibility file has been processed (302 Rules)
2025-07-31 14:27:49,461 [INFO] CADModel:165 - CPN selected for project level
2025-07-31 14:27:49,461 [INFO] CADModel:114 - Register for checkConnection events
2025-07-31 14:27:49,461 [FATAL] Updater:351 - Updater called before beeing initialized
2025-07-31 14:27:49,461 [ERROR] CADModel:125 - Updater not yet initialized, retry later 
2025-07-31 14:27:49,637 [FATAL] Updater:351 - Updater called before beeing initialized
2025-07-31 14:27:49,639 [INFO] CADModel:165 - CPN selected for project level
2025-07-31 14:27:49,639 [INFO] CADModel:114 - Register for checkConnection events
2025-07-31 14:27:49,639 [FATAL] Updater:351 - Updater called before beeing initialized
2025-07-31 14:27:49,639 [ERROR] CADModel:125 - Updater not yet initialized, retry later 
2025-07-31 14:27:49,642 [FATAL] Updater:351 - Updater called before beeing initialized
2025-07-31 14:27:49,739 [FATAL] Updater:351 - Updater called before beeing initialized
2025-07-31 14:27:49,743 [INFO] DbMcusAds:53 - JSON generation date=Wed May 07 02:07:55 PDT 2025 (1746608875484)
2025-07-31 14:27:49,743 [FATAL] Updater:351 - Updater called before beeing initialized
2025-07-31 14:27:49,791 [WARN] DetailPanel:346 - Failed to get advertising image, set to default
2025-07-31 14:27:49,951 [FATAL] Updater:351 - Updater called before beeing initialized
2025-07-31 14:27:49,955 [FATAL] Updater:351 - Updater called before beeing initialized
2025-07-31 14:27:49,955 [FATAL] Updater:351 - Updater called before beeing initialized
2025-07-31 14:27:49,955 [WARN] DetailPanel:346 - Failed to get advertising image, set to default
2025-07-31 14:27:49,959 [FATAL] Updater:351 - Updater called before beeing initialized
2025-07-31 14:27:50,012 [ERROR] Updater:1198 - MainUpdater not yet initialized. External WinMGr cannot be set.
2025-07-31 14:27:50,045 [INFO] Updater:1134 - Updater Version found : 6.14.1
2025-07-31 14:27:50,058 [INFO] ApplicationProperties:184 - Using Application install path: /Applications/STM32CubeIDE.app/Contents/Eclipse/plugins/com.st.stm32cube.common.mx_6.14.1.202504091515
2025-07-31 14:27:50,387 [INFO] MainUpdater:2872 - connection check result : 10
2025-07-31 14:27:50,387 [INFO] MainUpdater:289 - Updater Check For Update Now.
2025-07-31 14:27:50,387 [INFO] MicroXplorer:498 - Change Database Version : DB.6.0.141
2025-07-31 14:27:50,392 [INFO] McuFinderGlobals:63 - Set McuFinder mode to 2 (CubeIDE integrated)
2025-07-31 14:27:50,394 [INFO] UserAuth:484 - Internet connection configuration mode: 1
2025-07-31 14:27:50,406 [INFO] JxBrowserEngine:152 - Initiate JxBrowser Engine with user profile folder
2025-07-31 14:27:50,623 [INFO] CheckServerUpdateThread:120 - End of CheckServer Thread
2025-07-31 14:27:52,025 [WARN] PackLoader:240 - Cannot read IP mode file for STMicroelectronics.FP-SNS-MOTENVWB1.1.4.0
2025-07-31 14:27:52,043 [WARN] PackLoader:240 - Cannot read IP mode file for STMicroelectronics.FP-ATR-ASTRA1.2.0.2
2025-07-31 14:27:52,054 [WARN] PackLoader:240 - Cannot read IP mode file for STMicroelectronics.FP-ATR-ASTRA1.2.0.1
2025-07-31 14:27:52,063 [WARN] PackLoader:240 - Cannot read IP mode file for STMicroelectronics.X-CUBE-SMBUS.2.1.0
2025-07-31 14:27:52,070 [WARN] PackLoader:240 - Cannot read IP mode file for STMicroelectronics.X-CUBE-WB05N.1.1.0
2025-07-31 14:27:52,074 [WARN] PackLoader:240 - Cannot read IP mode file for STMicroelectronics.X-CUBE-ST60.1.0.0
2025-07-31 14:27:52,107 [WARN] PackLoader:240 - Cannot read IP mode file for STMicroelectronics.X-CUBE-AZRTOS-F7.1.1.0
2025-07-31 14:27:52,124 [WARN] PackLoader:240 - Cannot read IP mode file for STMicroelectronics.FP-SNS-FLIGHT1.5.0.2
2025-07-31 14:27:52,150 [WARN] PackLoader:240 - Cannot read IP mode file for Infineon.AIROC-Wi-Fi-Bluetooth-STM32.1.7.0
2025-07-31 14:27:52,197 [WARN] PackLoader:240 - Cannot read IP mode file for STMicroelectronics.X-CUBE-AZRTOS-H7.3.4.0
2025-07-31 14:27:52,230 [WARN] PackLoader:240 - Cannot read IP mode file for STMicroelectronics.X-CUBE-DISPLAY.3.0.0
2025-07-31 14:27:52,250 [WARN] PackLoader:240 - Cannot read IP mode file for STMicroelectronics.X-CUBE-BLE1.7.0.0
2025-07-31 14:27:52,259 [WARN] PackLoader:240 - Cannot read IP mode file for STMicroelectronics.X-CUBE-NFC10.1.0.0
2025-07-31 14:27:52,273 [WARN] PackLoader:240 - Cannot read IP mode file for STMicroelectronics.X-CUBE-BLEMGR.4.0.0
2025-07-31 14:27:52,288 [WARN] PackLoader:240 - Cannot read IP mode file for emotas.I-CUBE-CANOPEN.1.3.0
2025-07-31 14:27:52,292 [WARN] PackLoader:240 - Cannot read IP mode file for STMicroelectronics.X-CUBE-AI.10.0.0
2025-07-31 14:27:52,297 [WARN] PackLoader:240 - Cannot read IP mode file for STMicroelectronics.FP-SNS-SMARTAG2.1.2.0
2025-07-31 14:27:52,302 [WARN] PackLoader:240 - Cannot read IP mode file for STMicroelectronics.FP-SNS-FLIGHT1.5.1.0
2025-07-31 14:27:52,372 [WARN] PackLoader:240 - Cannot read IP mode file for STMicroelectronics.X-CUBE-MEMS1.11.1.0
2025-07-31 14:27:52,670 [INFO] LogOutputStream:77 - [STDOUT_REDIRECT] 1 : Invalid condition id : UX_CORESTACK_Condition cause : null
2025-07-31 14:27:52,679 [INFO] LogOutputStream:77 - [STDOUT_REDIRECT] 1 : Invalid condition id : UX_CORESTACK_Condition cause : null
2025-07-31 14:27:52,680 [INFO] LogOutputStream:77 - [STDOUT_REDIRECT] 1 : Invalid condition id : UX_CORESTACK_Condition cause : null
2025-07-31 14:27:52,681 [INFO] LogOutputStream:77 - [STDOUT_REDIRECT] 1 : Invalid condition id : UX_CORESTACK_Condition cause : null
2025-07-31 14:27:52,681 [INFO] LogOutputStream:77 - [STDOUT_REDIRECT] 1 : Invalid condition id : UX_CORESTACK_Condition cause : null
2025-07-31 14:27:52,687 [WARN] PackLoader:240 - Cannot read IP mode file for STMicroelectronics.X-CUBE-AZRTOS-WL.2.0.0
2025-07-31 14:27:52,713 [WARN] PackLoader:240 - Cannot read IP mode file for STMicroelectronics.FP-SNS-MOTENV1.5.0.0
2025-07-31 14:27:52,720 [WARN] PackLoader:240 - Cannot read IP mode file for wolfSSL.I-CUBE-wolfMQTT.1.19.0
2025-07-31 14:27:52,743 [WARN] PackLoader:240 - Cannot read IP mode file for WES.I-CUBE-Cesium.1.3.0
2025-07-31 14:27:52,751 [WARN] PackLoader:240 - Cannot read IP mode file for STMicroelectronics.X-CUBE-BLE2.3.3.0
2025-07-31 14:27:52,760 [WARN] PackLoader:240 - Cannot read IP mode file for STMicroelectronics.X-CUBE-NFC9.1.0.0
2025-07-31 14:27:52,768 [WARN] PackLoader:240 - Cannot read IP mode file for STMicroelectronics.X-CUBE-BLE1.7.1.0
2025-07-31 14:27:52,772 [WARN] PackLoader:240 - Cannot read IP mode file for STMicroelectronics.X-CUBE-EEPRMA1.5.2.0
2025-07-31 14:27:52,777 [WARN] PackLoader:240 - Cannot read IP mode file for STMicroelectronics.X-CUBE-AI.10.1.0
2025-07-31 14:27:52,838 [WARN] PackLoader:240 - Cannot read IP mode file for STMicroelectronics.X-CUBE-MEMS1.11.2.0
2025-07-31 14:27:52,939 [WARN] PackLoader:240 - Cannot read IP mode file for STMicroelectronics.X-CUBE-AZRTOS-G0.1.1.0
2025-07-31 14:27:52,951 [WARN] PackLoader:240 - Cannot read IP mode file for STMicroelectronics.X-CUBE-SAFEA1.1.2.2
2025-07-31 14:27:52,963 [WARN] PackLoader:240 - Cannot read IP mode file for STMicroelectronics.X-CUBE-NFC4.3.0.0
2025-07-31 14:27:52,979 [WARN] PackLoader:240 - Cannot read IP mode file for EmbeddedOffice.I-CUBE-FS-RTOS.1.0.1
2025-07-31 14:27:52,989 [WARN] PackLoader:240 - Cannot read IP mode file for STMicroelectronics.X-CUBE-WB05N.2.0.0
2025-07-31 14:27:52,999 [WARN] PackLoader:240 - Cannot read IP mode file for STMicroelectronics.X-CUBE-TCPP.4.2.0
2025-07-31 14:27:53,003 [WARN] PackLoader:240 - Cannot read IP mode file for RealThread.X-CUBE-RT-Thread_Nano.4.1.1
2025-07-31 14:27:53,005 [WARN] PackLoader:240 - Cannot read IP mode file for STMicroelectronics.FP-ATR-SIGFOX1.3.2.0
2025-07-31 14:27:53,008 [WARN] ConditionMgr:438 - getConditionDescription Invalid condition id : Cortex-A Device cause : null
2025-07-31 14:27:53,072 [WARN] ConditionMgr:1044 - genDependencies : Invalid condition id : Cortex-A Device cause : null
2025-07-31 14:27:53,072 [WARN] ConditionMgr:1044 - genDependencies : Invalid condition id : Cortex-A Device cause : null
2025-07-31 14:27:53,072 [WARN] ConditionMgr:1044 - genDependencies : Invalid condition id : Cortex-A Device cause : null
2025-07-31 14:27:53,083 [WARN] PackLoader:240 - Cannot read IP mode file for STMicroelectronics.X-CUBE-EEPRMA1.5.1.0
2025-07-31 14:27:53,092 [WARN] PackLoader:240 - Cannot read IP mode file for wolfSSL.I-CUBE-wolfSSL.5.7.6
2025-07-31 14:27:53,098 [WARN] PackLoader:240 - Cannot read IP mode file for ITTIA_DB.I-CUBE-ITTIADB.8.9.0
2025-07-31 14:27:53,124 [WARN] PackLoader:240 - Cannot read IP mode file for STMicroelectronics.X-CUBE-ST67W61.1.0.0
2025-07-31 14:27:53,170 [WARN] PackLoader:240 - Cannot read IP mode file for SEGGER.I-CUBE-embOS.1.3.1
2025-07-31 14:27:53,200 [WARN] PackLoader:240 - Cannot read IP mode file for STMicroelectronics.X-CUBE-ALGOBUILD.1.4.0
2025-07-31 14:27:53,275 [WARN] PackLoader:240 - Cannot read IP mode file for STMicroelectronics.X-CUBE-MEMS1.11.3.0
2025-07-31 14:27:53,332 [WARN] PackLoader:240 - Cannot read IP mode file for STMicroelectronics.X-CUBE-PM33A1.1.0.0
2025-07-31 14:27:53,348 [WARN] PackLoader:240 - Cannot read IP mode file for STMicroelectronics.X-CUBE-AZRTOS-F4.1.1.0
2025-07-31 14:27:53,354 [WARN] PackLoader:240 - Cannot read IP mode file for Avnet-IotConnect.X-CUBE-IoTC-DA16k-PMOD.1.0.0
2025-07-31 14:27:53,357 [WARN] PackLoader:240 - Cannot read IP mode file for STMicroelectronics.X-CUBE-ISPU.2.1.0
2025-07-31 14:27:53,512 [WARN] PackLoader:240 - Cannot read IP mode file for STMicroelectronics.X-CUBE-NFC12.1.0.0
2025-07-31 14:27:53,564 [WARN] PackLoader:240 - Cannot read IP mode file for STMicroelectronics.X-CUBE-AZRTOS-L5.2.0.0
2025-07-31 14:27:53,580 [WARN] PackLoader:240 - Cannot read IP mode file for STMicroelectronics.X-CUBE-NFC6.3.1.0
2025-07-31 14:27:53,586 [WARN] PackLoader:240 - Cannot read IP mode file for STMicroelectronics.X-CUBE-DPower.1.2.0
2025-07-31 14:27:53,591 [WARN] PackLoader:240 - Cannot read IP mode file for STMicroelectronics.X-CUBE-FREERTOS.1.3.1
2025-07-31 14:27:53,595 [WARN] PackLoader:240 - Cannot read IP mode file for STMicroelectronics.X-CUBE-FREERTOS.1.3.0
2025-07-31 14:27:53,599 [WARN] PackLoader:240 - Cannot read IP mode file for STMicroelectronics.X-CUBE-NFC7.1.0.1
2025-07-31 14:27:53,607 [WARN] PackLoader:240 - Cannot read IP mode file for STMicroelectronics.FP-SNS-STAIOTCFT.1.0.0
2025-07-31 14:27:53,615 [WARN] PackLoader:240 - Cannot read IP mode file for STMicroelectronics.X-CUBE-DPower.1.3.0
2025-07-31 14:27:53,631 [WARN] ConditionMgr:438 - getConditionDescription Invalid condition id : LAN8742 Phy interface Condition cause : null
2025-07-31 14:27:53,632 [WARN] PackLoader:240 - Cannot read IP mode file for STMicroelectronics.X-CUBE-AZRTOS-L4.2.0.0
2025-07-31 14:27:53,635 [WARN] ConditionMgr:1044 - genDependencies : Invalid condition id : LAN8742 Phy interface Condition cause : null
2025-07-31 14:27:53,635 [WARN] ConditionMgr:1044 - genDependencies : Invalid condition id : LAN8742 Phy interface Condition cause : null
2025-07-31 14:27:53,636 [WARN] ConditionMgr:1044 - genDependencies : Invalid condition id : LAN8742 Phy interface Condition cause : null
2025-07-31 14:27:53,641 [WARN] PackLoader:240 - Cannot read IP mode file for STMicroelectronics.X-CUBE-SFXS2LP1.4.0.0
2025-07-31 14:27:53,659 [WARN] PackLoader:240 - Cannot read IP mode file for STMicroelectronics.X-CUBE-AZRTOS-H7.3.3.0
2025-07-31 14:27:53,673 [WARN] PackLoader:240 - Cannot read IP mode file for STMicroelectronics.X-CUBE-BLEMGR.4.1.0
2025-07-31 14:27:53,685 [WARN] ConditionMgr:438 - getConditionDescription Invalid condition id : UX DEVICE CLASS RTOS Condition cause : null
2025-07-31 14:27:53,685 [WARN] ConditionMgr:438 - getConditionDescription Invalid condition id : UX DEVICE CLASS RTOS Condition cause : null
2025-07-31 14:27:53,688 [WARN] PackLoader:240 - Cannot read IP mode file for STMicroelectronics.X-CUBE-AZRTOS-WB.2.0.0
2025-07-31 14:27:53,689 [WARN] ConditionMgr:1044 - genDependencies : Invalid condition id : UX DEVICE CLASS RTOS Condition cause : null
2025-07-31 14:27:53,689 [WARN] ConditionMgr:1044 - genDependencies : Invalid condition id : UX DEVICE CLASS RTOS Condition cause : null
2025-07-31 14:27:53,692 [WARN] ConditionMgr:1044 - genDependencies : Invalid condition id : UX DEVICE CLASS RTOS Condition cause : null
2025-07-31 14:27:53,692 [WARN] ConditionMgr:1044 - genDependencies : Invalid condition id : UX DEVICE CLASS RTOS Condition cause : null
2025-07-31 14:27:53,692 [WARN] ConditionMgr:1044 - genDependencies : Invalid condition id : UX DEVICE CLASS RTOS Condition cause : null
2025-07-31 14:27:53,696 [WARN] PackLoader:240 - Cannot read IP mode file for STMicroelectronics.X-CUBE-GNSS1.7.0.1
2025-07-31 14:27:53,714 [WARN] PackLoader:240 - Cannot read IP mode file for STMicroelectronics.X-CUBE-TOUCHGFX.4.25.0
2025-07-31 14:27:53,721 [WARN] PackLoader:240 - Cannot read IP mode file for STMicroelectronics.FP-SNS-STBOX1.2.0.0
2025-07-31 14:27:53,733 [WARN] PackLoader:240 - Cannot read IP mode file for STMicroelectronics.X-CUBE-SUBG2.5.0.0
2025-07-31 14:27:53,761 [WARN] PackLoader:240 - Cannot read IP mode file for STMicroelectronics.X-CUBE-AZRTOS-H7RS.1.1.0
2025-07-31 14:27:53,772 [WARN] PackLoader:240 - Cannot read IP mode file for Cesanta.I-CUBE-Mongoose.7.13.0
2025-07-31 14:27:53,792 [WARN] PackLoader:240 - Cannot read IP mode file for STMicroelectronics.X-CUBE-AZRTOS-G4.2.0.0
2025-07-31 14:27:53,803 [WARN] PackLoader:240 - Cannot read IP mode file for STMicroelectronics.X-CUBE-NFC7.2.0.0
2025-07-31 14:27:53,811 [WARN] PackLoader:240 - Cannot read IP mode file for STMicroelectronics.X-CUBE-IPS.3.1.0
2025-07-31 14:27:53,821 [WARN] PackLoader:240 - Cannot read IP mode file for STMicroelectronics.X-CUBE-ALS.1.0.2
2025-07-31 14:27:53,823 [WARN] PackLoader:240 - Cannot read IP mode file for STMicroelectronics.X-CUBE-TOUCHGFX.4.24.2
2025-07-31 14:27:53,825 [WARN] PackLoader:240 - Cannot read IP mode file for wolfSSL.I-CUBE-wolfTPM.3.4.0
2025-07-31 14:27:53,829 [WARN] PackLoader:240 - Cannot read IP mode file for portGmbH.I-Cube-SoM-uGOAL.1.1.0
2025-07-31 14:27:53,850 [WARN] PackLoader:240 - Cannot read IP mode file for STMicroelectronics.X-CUBE-AZRTOS-H7RS.1.0.0
2025-07-31 14:27:53,862 [WARN] PackLoader:240 - Cannot read IP mode file for STMicroelectronics.X-CUBE-TOF1.3.4.2
2025-07-31 14:27:53,874 [WARN] PackLoader:240 - Cannot read IP mode file for STMicroelectronics.X-CUBE-TOF1.3.4.3
2025-07-31 14:27:53,880 [WARN] PackLoader:240 - Cannot read IP mode file for wolfSSL.I-CUBE-wolfSSH.1.4.17
2025-07-31 14:27:53,898 [INFO] ThirdParty:978 - Integrity check success = true
2025-07-31 14:27:53,898 [INFO] IntegrityCheckThread:100 - exiting critical section [integrity check]
2025-07-31 14:27:53,898 [INFO] IntegrityCheckThread:103 - End integrity checks thread
2025-07-31 14:27:55,067 [INFO] WebApp:169 - Instantiating new browser for Auth
2025-07-31 14:27:56,307 [INFO] WebApp:463 - Apply proxy settings
2025-07-31 14:27:56,319 [INFO] WebApp:508 - Chromium authenticates against Manually configured proxy
2025-07-31 14:27:56,331 [INFO] WebApp:516 - Username used for proxy authentication: 
2025-07-31 14:27:56,371 [INFO] WebApp:894 - Register for checkConnection events
2025-07-31 14:27:56,372 [INFO] WebApp:463 - Apply proxy settings
2025-07-31 14:27:56,375 [INFO] WebApp:508 - Chromium authenticates against Manually configured proxy
2025-07-31 14:27:56,376 [INFO] WebApp:516 - Username used for proxy authentication: 
2025-07-31 14:27:56,505 [INFO] WebApp:225 - Starting web application
2025-07-31 14:27:56,506 [INFO] WebApp:593 - Web application path used /Applications/STM32CubeIDE.app/Contents/Eclipse/plugins/com.st.stm32cube.common.mx_6.14.1.202504091515/db/plugins/mcufinder/reactClient1/index.html
2025-07-31 14:27:56,973 [INFO] WebApp:191 - Connection restablished
2025-07-31 14:27:57,159 [INFO] UserAuth:484 - Internet connection configuration mode: 1
2025-07-31 16:45:03,609 [INFO] WebApp:194 - Connection lost
2025-07-31 16:45:04,461 [INFO] WebApp:191 - Connection restablished
2025-07-31 17:56:38,164 [INFO] WebApp:194 - Connection lost
2025-07-31 17:56:38,663 [INFO] WebApp:191 - Connection restablished
2025-07-31 18:02:33,408 [ERROR] LogOutputStream:75 - [STDERR_REDIRECT] 
