2025-07-28 11:04:01,031 [INFO] Activator:176 - 


2025-07-28 11:04:01,035 [INFO] Activator:177 - !SESSION log4j initialized
2025-07-28 11:04:05,357 [INFO] LogOutputStream:77 - [STDOUT_REDIRECT] 
2025-07-28 11:04:05,704 [ERROR] LogOutputStream:75 - [STDERR_REDIRECT] 
2025-07-28 11:04:07,567 [INFO] LogOutputStream:77 - [STDOUT_REDIRECT] 
2025-07-28 11:04:08,666 [INFO] ApplicationProperties:184 - Using Application install path: /Applications/STM32CubeIDE.app/Contents/Eclipse/plugins/com.st.stm32cube.common.mx_6.14.1.202504091515
2025-07-28 11:04:08,677 [INFO] DbMcusXml:78 - Set database path to: /Applications/STM32CubeIDE.app/Contents/Eclipse/plugins/com.st.stm32cube.common.mx_6.14.1.202504091515//db//mcu/
2025-07-28 11:04:08,678 [INFO] ApiDb:274 - Set plugin database path to: /Applications/STM32CubeIDE.app/Contents/Eclipse/plugins/com.st.stm32cube.common.mx_6.14.1.202504091515//db//plugins/boardmanager/
2025-07-28 11:04:08,678 [WARN] ApiDb:259 - Overriding images path with different value:  => /Applications/STM32CubeIDE.app/Contents/Eclipse/plugins/com.st.stm32cube.common.mx_6.14.1.202504091515//db//plugins/mcufinder/images/
2025-07-28 11:04:08,684 [INFO] ApiDb:250 - Set database path to: /Users/mauricewashington/.stmcufinder/plugins/mcufinder//mcu/
2025-07-28 11:04:08,684 [INFO] DbMcusAds:125 - Set database path to: /Users/mauricewashington/.stmcufinder/plugins/mcufinder//mcu/
2025-07-28 11:04:08,685 [INFO] CrossReferenceDbSqlite:203 - Set database path to: /Users/mauricewashington/.stmcufinder/plugins/mcufinder//mcu/cs/
2025-07-28 11:04:08,793 [INFO] RulesReader:64 - Compatibility file has been processed (302 Rules)
2025-07-28 11:04:08,856 [INFO] DbMcusXml:78 - Set database path to: /Applications/STM32CubeIDE.app/Contents/Eclipse/plugins/com.st.stm32cube.common.mx_6.14.1.202504091515//db//mcu/
2025-07-28 11:04:08,856 [INFO] ApiDb:274 - Set plugin database path to: /Applications/STM32CubeIDE.app/Contents/Eclipse/plugins/com.st.stm32cube.common.mx_6.14.1.202504091515//db//plugins/boardmanager/
2025-07-28 11:04:08,856 [INFO] ApiDb:261 - Set plugin images path to: /Applications/STM32CubeIDE.app/Contents/Eclipse/plugins/com.st.stm32cube.common.mx_6.14.1.202504091515//db//plugins/mcufinder/images/
2025-07-28 11:04:08,856 [WARN] DbFile:41 - Overriding database path with different value: /Users/mauricewashington/.stmcufinder/plugins/mcufinder/ => /Users/mauricewashington/.stmcufinder/plugins/mcufinder
2025-07-28 11:04:08,857 [INFO] ApiDb:250 - Set database path to: /Users/mauricewashington/.stmcufinder/plugins/mcufinder//mcu/
2025-07-28 11:04:08,857 [WARN] DbFile:41 - Overriding database path with different value: /Users/mauricewashington/.stmcufinder/plugins/mcufinder/ => /Users/mauricewashington/.stmcufinder/plugins/mcufinder
2025-07-28 11:04:08,857 [INFO] DbMcusAds:125 - Set database path to: /Users/mauricewashington/.stmcufinder/plugins/mcufinder//mcu/
2025-07-28 11:04:08,857 [WARN] DbFile:41 - Overriding database path with different value: /Users/mauricewashington/.stmcufinder/plugins/mcufinder/ => /Users/mauricewashington/.stmcufinder/plugins/mcufinder
2025-07-28 11:04:08,857 [WARN] DbFile:41 - Overriding database path with different value: /Users/mauricewashington/.stmcufinder/plugins/mcufinder/ => /Users/mauricewashington/.stmcufinder/plugins/mcufinder
2025-07-28 11:04:08,857 [INFO] CrossReferenceDbSqlite:203 - Set database path to: /Users/mauricewashington/.stmcufinder/plugins/mcufinder//mcu/cs/
2025-07-28 11:04:08,912 [INFO] MainPanel:272 - HeapMemory: 268435456
2025-07-28 11:04:09,150 [INFO] DbMcusXml:78 - Set database path to: /Applications/STM32CubeIDE.app/Contents/Eclipse/plugins/com.st.stm32cube.common.mx_6.14.1.202504091515//db//mcu/
2025-07-28 11:04:09,150 [INFO] ApiDb:274 - Set plugin database path to: /Applications/STM32CubeIDE.app/Contents/Eclipse/plugins/com.st.stm32cube.common.mx_6.14.1.202504091515//db//plugins/boardmanager/
2025-07-28 11:04:09,150 [INFO] ApiDb:261 - Set plugin images path to: /Applications/STM32CubeIDE.app/Contents/Eclipse/plugins/com.st.stm32cube.common.mx_6.14.1.202504091515//db//plugins/mcufinder/images/
2025-07-28 11:04:09,150 [WARN] DbFile:41 - Overriding database path with different value: /Users/mauricewashington/.stmcufinder/plugins/mcufinder/ => /Users/mauricewashington/.stmcufinder/plugins/mcufinder
2025-07-28 11:04:09,150 [INFO] ApiDb:250 - Set database path to: /Users/mauricewashington/.stmcufinder/plugins/mcufinder//mcu/
2025-07-28 11:04:09,150 [WARN] DbFile:41 - Overriding database path with different value: /Users/mauricewashington/.stmcufinder/plugins/mcufinder/ => /Users/mauricewashington/.stmcufinder/plugins/mcufinder
2025-07-28 11:04:09,150 [INFO] DbMcusAds:125 - Set database path to: /Users/mauricewashington/.stmcufinder/plugins/mcufinder//mcu/
2025-07-28 11:04:09,150 [WARN] DbFile:41 - Overriding database path with different value: /Users/mauricewashington/.stmcufinder/plugins/mcufinder/ => /Users/mauricewashington/.stmcufinder/plugins/mcufinder
2025-07-28 11:04:09,151 [WARN] DbFile:41 - Overriding database path with different value: /Users/mauricewashington/.stmcufinder/plugins/mcufinder/ => /Users/mauricewashington/.stmcufinder/plugins/mcufinder
2025-07-28 11:04:09,151 [INFO] CrossReferenceDbSqlite:203 - Set database path to: /Users/mauricewashington/.stmcufinder/plugins/mcufinder//mcu/cs/
2025-07-28 11:04:09,165 [INFO] ApplicationProperties:184 - Using Application install path: /Applications/STM32CubeIDE.app/Contents/Eclipse/plugins/com.st.stm32cube.common.mx_6.14.1.202504091515
2025-07-28 11:04:09,166 [INFO] PluginManage:196 - Search for loadable plugins [exclusion list=, ]
2025-07-28 11:04:09,167 [INFO] PluginManage:310 - Check plugin analytics
2025-07-28 11:04:09,301 [INFO] AnalyticsPlugin:253 - Accepted Software Licenses: 
2025-07-28 11:04:09,301 [INFO] AnalyticsPlugin:255 - Accepted CMSIS Pack Licenses: 
2025-07-28 11:04:09,301 [INFO] AnalyticsPlugin:257 - Accepted Firmware Licenses: 
2025-07-28 11:04:09,306 [INFO] PluginManage:359 - Loaded plugin analytics (category:tool,tabindex:-1)
2025-07-28 11:04:09,308 [INFO] PluginManage:310 - Check plugin cadmodel
2025-07-28 11:04:09,319 [INFO] CADModel:105 - Init CAD model plugin
2025-07-28 11:04:09,319 [INFO] PluginManage:359 - Loaded plugin cadmodel (category:power,tabindex:5)
2025-07-28 11:04:09,319 [INFO] PluginManage:310 - Check plugin clock
2025-07-28 11:04:09,326 [INFO] PluginManage:359 - Loaded plugin clock (category:base,tabindex:2)
2025-07-28 11:04:09,326 [INFO] PluginManage:310 - Check plugin ddr
2025-07-28 11:04:09,328 [INFO] PluginManage:359 - Loaded plugin ddr (category:tool,tabindex:6)
2025-07-28 11:04:09,328 [INFO] PluginManage:310 - Check plugin filemanager
2025-07-28 11:04:09,442 [INFO] PluginManage:359 - Loaded plugin filemanager (category:base,tabindex:10)
2025-07-28 11:04:09,442 [INFO] PluginManage:310 - Check plugin ipmanager
2025-07-28 11:04:09,449 [INFO] PluginManage:359 - Loaded plugin ipmanager (category:base,tabindex:5)
2025-07-28 11:04:09,449 [INFO] PluginManage:310 - Check plugin lpbam
2025-07-28 11:04:09,455 [INFO] PluginManage:359 - Loaded plugin lpbam (category:base,tabindex:0)
2025-07-28 11:04:09,455 [INFO] PluginManage:310 - Check plugin memorymap
2025-07-28 11:04:09,462 [INFO] PluginManage:359 - Loaded plugin memorymap (category:base,tabindex:4)
2025-07-28 11:04:09,462 [INFO] PluginManage:310 - Check plugin pinoutandconfiguration
2025-07-28 11:04:09,467 [INFO] PluginManage:359 - Loaded plugin pinoutandconfiguration (category:base,tabindex:1)
2025-07-28 11:04:09,467 [INFO] PluginManage:310 - Check plugin pinoutconfig
2025-07-28 11:04:09,524 [WARN] SupportedApi:132 - Cannot load RTOS API schema: s4s-elt-must-match.1: The content of 'definitions' must match (annotation?, (simpleType | complexType)?, (unique | key | keyref)*)). A problem was found starting at: attribute.
2025-07-28 11:04:09,629 [INFO] PluginManage:359 - Loaded plugin pinoutconfig (category:base,tabindex:0)
2025-07-28 11:04:09,629 [INFO] PluginManage:310 - Check plugin power
2025-07-28 11:04:09,638 [INFO] PluginManage:359 - Loaded plugin power (category:power,tabindex:4)
2025-07-28 11:04:09,638 [INFO] PluginManage:310 - Check plugin projectmanager
2025-07-28 11:04:09,661 [INFO] PluginManage:359 - Loaded plugin projectmanager (category:projectmanager,tabindex:4)
2025-07-28 11:04:09,661 [INFO] PluginManage:310 - Check plugin rif
2025-07-28 11:04:09,666 [INFO] PluginManage:359 - Loaded plugin rif (category:base,tabindex:3)
2025-07-28 11:04:09,666 [INFO] PluginManage:310 - Check plugin thirdparty
2025-07-28 11:04:09,779 [INFO] PluginManage:359 - Loaded plugin thirdparty (category:base,tabindex:-1)
2025-07-28 11:04:09,779 [INFO] PluginManage:310 - Check plugin tools
2025-07-28 11:04:09,779 [WARN] IntegrityCheckThread:84 - waiting for thirdparty lock release [integrity check]
2025-07-28 11:04:09,780 [INFO] IntegrityCheckThread:86 - entering critical section [integrity check]
2025-07-28 11:04:09,780 [INFO] ThirdPartyUpdaterWithRetryManager:70 - Updater plugin not ready yet. [1/15]
2025-07-28 11:04:09,781 [INFO] PluginManage:359 - Loaded plugin tools (category:base,tabindex:7)
2025-07-28 11:04:09,781 [INFO] PluginManage:310 - Check plugin tutovideos
2025-07-28 11:04:09,902 [INFO] PluginManage:359 - Loaded plugin tutovideos (category:base,tabindex:-1)
2025-07-28 11:04:09,903 [INFO] PluginManage:310 - Check plugin updater
2025-07-28 11:04:09,925 [INFO] PluginManage:359 - Loaded plugin updater (category:base,tabindex:12)
2025-07-28 11:04:09,925 [INFO] PluginManage:310 - Check plugin userauth
2025-07-28 11:04:09,928 [INFO] UserAuth:118 - Init User Auth plugin
2025-07-28 11:04:09,929 [INFO] PluginManage:359 - Loaded plugin userauth (category:base,tabindex:14)
2025-07-28 11:04:09,930 [INFO] PluginManage:283 - PluginManage : Loaded plugins [18]
2025-07-28 11:04:10,091 [INFO] PinOutPanel:1589 - setPackage(No Configuration,No Configuration)
2025-07-28 11:04:10,145 [INFO] CADModel:165 - CPN selected for project level
2025-07-28 11:04:10,145 [INFO] CADModel:114 - Register for checkConnection events
2025-07-28 11:04:10,153 [INFO] IPUIPlugin:80 - create IPUIPlugin
2025-07-28 11:04:10,154 [INFO] PluginManager:220 - loadIPPluginJar : add mdma
2025-07-28 11:04:10,158 [INFO] IPUIPlugin:80 - create IPUIPlugin
2025-07-28 11:04:10,158 [INFO] PluginManager:220 - loadIPPluginJar : add freertos
2025-07-28 11:04:10,160 [INFO] IPUIPlugin:80 - create IPUIPlugin
2025-07-28 11:04:10,161 [INFO] PluginManager:220 - loadIPPluginJar : add gic
2025-07-28 11:04:10,167 [INFO] IPUIPlugin:80 - create IPUIPlugin
2025-07-28 11:04:10,167 [INFO] PluginManager:220 - loadIPPluginJar : add adc
2025-07-28 11:04:10,168 [INFO] IPUIPlugin:80 - create IPUIPlugin
2025-07-28 11:04:10,168 [INFO] PluginManager:220 - loadIPPluginJar : add gtzc
2025-07-28 11:04:10,169 [INFO] IPUIPlugin:80 - create IPUIPlugin
2025-07-28 11:04:10,169 [INFO] PluginManager:220 - loadIPPluginJar : add quadspi
2025-07-28 11:04:10,170 [INFO] IPUIPlugin:80 - create IPUIPlugin
2025-07-28 11:04:10,170 [INFO] PluginManager:220 - loadIPPluginJar : add aes
2025-07-28 11:04:10,173 [INFO] IPUIPlugin:80 - create IPUIPlugin
2025-07-28 11:04:10,173 [INFO] PluginManager:220 - loadIPPluginJar : add pdm2pcm
2025-07-28 11:04:10,175 [INFO] IPUIPlugin:80 - create IPUIPlugin
2025-07-28 11:04:10,175 [INFO] PluginManager:220 - loadIPPluginJar : add hash
2025-07-28 11:04:10,175 [INFO] IPUIPlugin:80 - create IPUIPlugin
2025-07-28 11:04:10,176 [INFO] PluginManager:220 - loadIPPluginJar : add tim
2025-07-28 11:04:10,176 [INFO] IPUIPlugin:80 - create IPUIPlugin
2025-07-28 11:04:10,176 [INFO] PluginManager:220 - loadIPPluginJar : add tsc
2025-07-28 11:04:10,178 [INFO] IPUIPlugin:80 - create IPUIPlugin
2025-07-28 11:04:10,179 [INFO] PluginManager:220 - loadIPPluginJar : add extmemmanager
2025-07-28 11:04:10,179 [INFO] IPUIPlugin:80 - create IPUIPlugin
2025-07-28 11:04:10,180 [INFO] PluginManager:220 - loadIPPluginJar : add ts
2025-07-28 11:04:10,180 [INFO] IPUIPlugin:80 - create IPUIPlugin
2025-07-28 11:04:10,180 [INFO] PluginManager:220 - loadIPPluginJar : add radio
2025-07-28 11:04:10,181 [INFO] IPUIPlugin:80 - create IPUIPlugin
2025-07-28 11:04:10,181 [INFO] PluginManager:220 - loadIPPluginJar : add can
2025-07-28 11:04:10,182 [INFO] IPUIPlugin:80 - create IPUIPlugin
2025-07-28 11:04:10,182 [INFO] PluginManager:220 - loadIPPluginJar : add dma3
2025-07-28 11:04:10,184 [INFO] IPUIPlugin:80 - create IPUIPlugin
2025-07-28 11:04:10,184 [INFO] PluginManager:220 - loadIPPluginJar : add dfsdm
2025-07-28 11:04:10,185 [INFO] IPUIPlugin:80 - create IPUIPlugin
2025-07-28 11:04:10,185 [INFO] PluginManager:220 - loadIPPluginJar : add spi
2025-07-28 11:04:10,186 [INFO] IPUIPlugin:80 - create IPUIPlugin
2025-07-28 11:04:10,186 [INFO] PluginManager:220 - loadIPPluginJar : add gfxmmu
2025-07-28 11:04:10,187 [INFO] IPUIPlugin:80 - create IPUIPlugin
2025-07-28 11:04:10,187 [INFO] PluginManager:220 - loadIPPluginJar : add genericplugin
2025-07-28 11:04:10,187 [INFO] IPUIPlugin:80 - create IPUIPlugin
2025-07-28 11:04:10,188 [INFO] PluginManager:220 - loadIPPluginJar : add cryp
2025-07-28 11:04:10,190 [INFO] IPUIPlugin:80 - create IPUIPlugin
2025-07-28 11:04:10,190 [INFO] PluginManager:220 - loadIPPluginJar : add gpio
2025-07-28 11:04:10,192 [INFO] IPUIPlugin:80 - create IPUIPlugin
2025-07-28 11:04:10,192 [INFO] PluginManager:220 - loadIPPluginJar : add ddr_ctrl_phy
2025-07-28 11:04:10,193 [INFO] IPUIPlugin:80 - create IPUIPlugin
2025-07-28 11:04:10,194 [INFO] PluginManager:220 - loadIPPluginJar : add comp
2025-07-28 11:04:10,195 [INFO] IPUIPlugin:80 - create IPUIPlugin
2025-07-28 11:04:10,196 [INFO] PluginManager:220 - loadIPPluginJar : add tracer_emb
2025-07-28 11:04:10,197 [INFO] IPUIPlugin:80 - create IPUIPlugin
2025-07-28 11:04:10,197 [INFO] PluginManager:220 - loadIPPluginJar : add openamp
2025-07-28 11:04:10,200 [INFO] IPUIPlugin:80 - create IPUIPlugin
2025-07-28 11:04:10,200 [INFO] PluginManager:220 - loadIPPluginJar : add stm32_wpan
2025-07-28 11:04:10,203 [INFO] IPUIPlugin:80 - create IPUIPlugin
2025-07-28 11:04:10,206 [INFO] PluginManager:220 - loadIPPluginJar : add plateformsettings
2025-07-28 11:04:10,209 [INFO] IPUIPlugin:80 - create IPUIPlugin
2025-07-28 11:04:10,209 [INFO] PluginManager:220 - loadIPPluginJar : add ipddr
2025-07-28 11:04:10,210 [INFO] IPUIPlugin:80 - create IPUIPlugin
2025-07-28 11:04:10,210 [INFO] PluginManager:220 - loadIPPluginJar : add usart
2025-07-28 11:04:10,211 [INFO] IPUIPlugin:80 - create IPUIPlugin
2025-07-28 11:04:10,211 [INFO] PluginManager:220 - loadIPPluginJar : add ltdc
2025-07-28 11:04:10,212 [INFO] IPUIPlugin:80 - create IPUIPlugin
2025-07-28 11:04:10,212 [INFO] PluginManager:220 - loadIPPluginJar : add nvic
2025-07-28 11:04:10,213 [INFO] IPUIPlugin:80 - create IPUIPlugin
2025-07-28 11:04:10,213 [INFO] PluginManager:220 - loadIPPluginJar : add fatfs
2025-07-28 11:04:10,218 [INFO] IPUIPlugin:80 - create IPUIPlugin
2025-07-28 11:04:10,218 [INFO] PluginManager:220 - loadIPPluginJar : add linkedlist
2025-07-28 11:04:10,221 [INFO] IPUIPlugin:80 - create IPUIPlugin
2025-07-28 11:04:10,221 [INFO] PluginManager:220 - loadIPPluginJar : add dma
2025-07-28 11:04:10,223 [INFO] IPUIPlugin:80 - create IPUIPlugin
2025-07-28 11:04:10,223 [INFO] PluginManager:220 - loadIPPluginJar : add fmc
2025-07-28 11:04:10,224 [INFO] IPUIPlugin:80 - create IPUIPlugin
2025-07-28 11:04:10,224 [INFO] PluginManager:220 - loadIPPluginJar : add i2s
2025-07-28 11:04:10,224 [INFO] IPUIPlugin:80 - create IPUIPlugin
2025-07-28 11:04:10,224 [INFO] PluginManager:220 - loadIPPluginJar : add ucpd
2025-07-28 11:04:10,225 [INFO] IPUIPlugin:80 - create IPUIPlugin
2025-07-28 11:04:10,225 [INFO] PluginManager:220 - loadIPPluginJar : add lorawan
2025-07-28 11:04:10,227 [INFO] IPUIPlugin:80 - create IPUIPlugin
2025-07-28 11:04:10,227 [INFO] PluginManager:220 - loadIPPluginJar : add opamp
2025-07-28 11:04:10,228 [INFO] IPUIPlugin:80 - create IPUIPlugin
2025-07-28 11:04:10,228 [INFO] PluginManager:220 - loadIPPluginJar : add i3c
2025-07-28 11:04:10,229 [INFO] IPUIPlugin:80 - create IPUIPlugin
2025-07-28 11:04:10,229 [INFO] PluginManager:220 - loadIPPluginJar : add touchsensing
2025-07-28 11:04:10,231 [INFO] IPUIPlugin:80 - create IPUIPlugin
2025-07-28 11:04:10,231 [INFO] PluginManager:220 - loadIPPluginJar : add i2c
2025-07-28 11:04:10,233 [INFO] IPUIPlugin:80 - create IPUIPlugin
2025-07-28 11:04:10,233 [INFO] PluginManager:220 - loadIPPluginJar : add resmgrutility
2025-07-28 11:04:10,235 [INFO] IPUIPlugin:80 - create IPUIPlugin
2025-07-28 11:04:10,235 [INFO] PluginManager:220 - loadIPPluginJar : add sai
2025-07-28 11:04:10,237 [INFO] IPUIPlugin:80 - create IPUIPlugin
2025-07-28 11:04:10,237 [INFO] PluginManager:220 - loadIPPluginJar : add usbx
2025-07-28 11:04:10,338 [FATAL] Updater:351 - Updater called before beeing initialized
2025-07-28 11:04:10,374 [INFO] RulesReader:64 - Compatibility file has been processed (302 Rules)
2025-07-28 11:04:10,383 [INFO] RulesReader:64 - Compatibility file has been processed (302 Rules)
2025-07-28 11:04:10,392 [INFO] CADModel:165 - CPN selected for project level
2025-07-28 11:04:10,392 [INFO] CADModel:114 - Register for checkConnection events
2025-07-28 11:04:10,392 [FATAL] Updater:351 - Updater called before beeing initialized
2025-07-28 11:04:10,392 [ERROR] CADModel:125 - Updater not yet initialized, retry later 
2025-07-28 11:04:10,570 [FATAL] Updater:351 - Updater called before beeing initialized
2025-07-28 11:04:10,572 [INFO] CADModel:165 - CPN selected for project level
2025-07-28 11:04:10,572 [INFO] CADModel:114 - Register for checkConnection events
2025-07-28 11:04:10,572 [FATAL] Updater:351 - Updater called before beeing initialized
2025-07-28 11:04:10,572 [ERROR] CADModel:125 - Updater not yet initialized, retry later 
2025-07-28 11:04:10,575 [FATAL] Updater:351 - Updater called before beeing initialized
2025-07-28 11:04:10,692 [FATAL] Updater:351 - Updater called before beeing initialized
2025-07-28 11:04:10,696 [INFO] DbMcusAds:53 - JSON generation date=Wed May 07 02:07:55 PDT 2025 (1746608875484)
2025-07-28 11:04:10,696 [FATAL] Updater:351 - Updater called before beeing initialized
2025-07-28 11:04:11,101 [WARN] DetailPanel:346 - Failed to get advertising image, set to default
2025-07-28 11:04:11,257 [FATAL] Updater:351 - Updater called before beeing initialized
2025-07-28 11:04:11,263 [FATAL] Updater:351 - Updater called before beeing initialized
2025-07-28 11:04:11,263 [FATAL] Updater:351 - Updater called before beeing initialized
2025-07-28 11:04:11,263 [WARN] DetailPanel:346 - Failed to get advertising image, set to default
2025-07-28 11:04:11,269 [FATAL] Updater:351 - Updater called before beeing initialized
2025-07-28 11:04:11,314 [ERROR] Updater:1198 - MainUpdater not yet initialized. External WinMGr cannot be set.
2025-07-28 11:04:11,344 [INFO] Updater:1134 - Updater Version found : 6.14.1
2025-07-28 11:04:11,356 [INFO] ApplicationProperties:184 - Using Application install path: /Applications/STM32CubeIDE.app/Contents/Eclipse/plugins/com.st.stm32cube.common.mx_6.14.1.202504091515
2025-07-28 11:04:11,717 [INFO] MainUpdater:2872 - connection check result : 10
2025-07-28 11:04:11,717 [INFO] MainUpdater:3566 - Updater definition file requires update
2025-07-28 11:04:11,718 [INFO] MainUpdater:289 - Updater Check For Update Now.
2025-07-28 11:04:11,718 [INFO] MicroXplorer:498 - Change Database Version : DB.6.0.141
2025-07-28 11:04:11,723 [INFO] McuFinderGlobals:63 - Set McuFinder mode to 2 (CubeIDE integrated)
2025-07-28 11:04:11,724 [INFO] UserAuth:484 - Internet connection configuration mode: 1
2025-07-28 11:04:11,736 [INFO] JxBrowserEngine:152 - Initiate JxBrowser Engine with user profile folder
2025-07-28 11:04:11,837 [INFO] ServerAccessManage:473 - Download File updaters.zip
2025-07-28 11:04:11,934 [INFO] FileExtend:242 - Unzip File : updaters.zip
2025-07-28 11:04:11,934 [INFO] FileExtend:257 - Standard Zip Deflate
2025-07-28 11:04:12,342 [INFO] ServerAccessManage:473 - Download File PacksControlFlags.xml
2025-07-28 11:04:12,439 [INFO] ServerAccessManage:473 - Download File cubemx.pidx
2025-07-28 11:04:12,603 [INFO] LoadServerUpdatesThread:375 - End of LoadServerUpdate Thread
2025-07-28 11:04:12,784 [WARN] MainUpdater:1193 - Updater busy. Cannot search thirdparties
2025-07-28 11:04:12,784 [INFO] ThirdPartyUpdaterWithRetryManager:96 - Updater plugin is busy. [1/15]
2025-07-28 11:04:12,805 [INFO] CheckServerUpdateThread:120 - End of CheckServer Thread
2025-07-28 11:04:15,947 [WARN] PackLoader:240 - Cannot read IP mode file for STMicroelectronics.FP-SNS-MOTENVWB1.1.4.0
2025-07-28 11:04:15,962 [WARN] PackLoader:240 - Cannot read IP mode file for STMicroelectronics.FP-ATR-ASTRA1.2.0.2
2025-07-28 11:04:15,973 [WARN] PackLoader:240 - Cannot read IP mode file for STMicroelectronics.FP-ATR-ASTRA1.2.0.1
2025-07-28 11:04:15,986 [WARN] PackLoader:240 - Cannot read IP mode file for STMicroelectronics.X-CUBE-SMBUS.2.1.0
2025-07-28 11:04:15,998 [WARN] PackLoader:240 - Cannot read IP mode file for STMicroelectronics.X-CUBE-WB05N.1.1.0
2025-07-28 11:04:16,005 [WARN] PackLoader:240 - Cannot read IP mode file for STMicroelectronics.X-CUBE-ST60.1.0.0
2025-07-28 11:04:16,048 [WARN] PackLoader:240 - Cannot read IP mode file for STMicroelectronics.X-CUBE-AZRTOS-F7.1.1.0
2025-07-28 11:04:16,070 [WARN] PackLoader:240 - Cannot read IP mode file for STMicroelectronics.FP-SNS-FLIGHT1.5.0.2
2025-07-28 11:04:16,116 [WARN] PackLoader:240 - Cannot read IP mode file for Infineon.AIROC-Wi-Fi-Bluetooth-STM32.1.7.0
2025-07-28 11:04:16,192 [WARN] PackLoader:240 - Cannot read IP mode file for STMicroelectronics.X-CUBE-AZRTOS-H7.3.4.0
2025-07-28 11:04:16,235 [WARN] PackLoader:240 - Cannot read IP mode file for STMicroelectronics.X-CUBE-DISPLAY.3.0.0
2025-07-28 11:04:16,264 [WARN] PackLoader:240 - Cannot read IP mode file for STMicroelectronics.X-CUBE-BLE1.7.0.0
2025-07-28 11:04:16,279 [WARN] PackLoader:240 - Cannot read IP mode file for STMicroelectronics.X-CUBE-NFC10.1.0.0
2025-07-28 11:04:16,299 [WARN] PackLoader:240 - Cannot read IP mode file for STMicroelectronics.X-CUBE-BLEMGR.4.0.0
2025-07-28 11:04:16,325 [WARN] PackLoader:240 - Cannot read IP mode file for emotas.I-CUBE-CANOPEN.1.3.0
2025-07-28 11:04:16,337 [WARN] PackLoader:240 - Cannot read IP mode file for STMicroelectronics.X-CUBE-AI.10.0.0
2025-07-28 11:04:16,349 [WARN] PackLoader:240 - Cannot read IP mode file for STMicroelectronics.FP-SNS-SMARTAG2.1.2.0
2025-07-28 11:04:16,359 [WARN] PackLoader:240 - Cannot read IP mode file for STMicroelectronics.FP-SNS-FLIGHT1.5.1.0
2025-07-28 11:04:16,431 [INFO] WebApp:169 - Instantiating new browser for Auth
2025-07-28 11:04:16,451 [WARN] PackLoader:240 - Cannot read IP mode file for STMicroelectronics.X-CUBE-MEMS1.11.1.0
2025-07-28 11:04:16,568 [INFO] LogOutputStream:77 - [STDOUT_REDIRECT] 1 : Invalid condition id : UX_CORESTACK_Condition cause : null
2025-07-28 11:04:16,572 [INFO] LogOutputStream:77 - [STDOUT_REDIRECT] 1 : Invalid condition id : UX_CORESTACK_Condition cause : null
2025-07-28 11:04:16,572 [INFO] LogOutputStream:77 - [STDOUT_REDIRECT] 1 : Invalid condition id : UX_CORESTACK_Condition cause : null
2025-07-28 11:04:16,575 [INFO] LogOutputStream:77 - [STDOUT_REDIRECT] 1 : Invalid condition id : UX_CORESTACK_Condition cause : null
2025-07-28 11:04:16,575 [INFO] LogOutputStream:77 - [STDOUT_REDIRECT] 1 : Invalid condition id : UX_CORESTACK_Condition cause : null
2025-07-28 11:04:16,583 [WARN] PackLoader:240 - Cannot read IP mode file for STMicroelectronics.X-CUBE-AZRTOS-WL.2.0.0
2025-07-28 11:04:16,602 [WARN] PackLoader:240 - Cannot read IP mode file for STMicroelectronics.FP-SNS-MOTENV1.5.0.0
2025-07-28 11:04:16,608 [WARN] PackLoader:240 - Cannot read IP mode file for wolfSSL.I-CUBE-wolfMQTT.1.19.0
2025-07-28 11:04:16,617 [WARN] PackLoader:240 - Cannot read IP mode file for WES.I-CUBE-Cesium.1.3.0
2025-07-28 11:04:16,624 [WARN] PackLoader:240 - Cannot read IP mode file for STMicroelectronics.X-CUBE-BLE2.3.3.0
2025-07-28 11:04:16,636 [WARN] PackLoader:240 - Cannot read IP mode file for STMicroelectronics.X-CUBE-NFC9.1.0.0
2025-07-28 11:04:16,643 [WARN] PackLoader:240 - Cannot read IP mode file for STMicroelectronics.X-CUBE-BLE1.7.1.0
2025-07-28 11:04:16,649 [WARN] PackLoader:240 - Cannot read IP mode file for STMicroelectronics.X-CUBE-EEPRMA1.5.2.0
2025-07-28 11:04:16,653 [WARN] PackLoader:240 - Cannot read IP mode file for STMicroelectronics.X-CUBE-AI.10.1.0
2025-07-28 11:04:16,714 [WARN] PackLoader:240 - Cannot read IP mode file for STMicroelectronics.X-CUBE-MEMS1.11.2.0
2025-07-28 11:04:16,797 [WARN] PackLoader:240 - Cannot read IP mode file for STMicroelectronics.X-CUBE-AZRTOS-G0.1.1.0
2025-07-28 11:04:16,810 [WARN] PackLoader:240 - Cannot read IP mode file for STMicroelectronics.X-CUBE-SAFEA1.1.2.2
2025-07-28 11:04:16,817 [WARN] PackLoader:240 - Cannot read IP mode file for STMicroelectronics.X-CUBE-NFC4.3.0.0
2025-07-28 11:04:16,838 [WARN] PackLoader:240 - Cannot read IP mode file for EmbeddedOffice.I-CUBE-FS-RTOS.1.0.1
2025-07-28 11:04:16,857 [WARN] PackLoader:240 - Cannot read IP mode file for STMicroelectronics.X-CUBE-WB05N.2.0.0
2025-07-28 11:04:16,874 [WARN] PackLoader:240 - Cannot read IP mode file for STMicroelectronics.X-CUBE-TCPP.4.2.0
2025-07-28 11:04:16,882 [WARN] PackLoader:240 - Cannot read IP mode file for RealThread.X-CUBE-RT-Thread_Nano.4.1.1
2025-07-28 11:04:16,885 [WARN] PackLoader:240 - Cannot read IP mode file for STMicroelectronics.FP-ATR-SIGFOX1.3.2.0
2025-07-28 11:04:16,890 [WARN] ConditionMgr:438 - getConditionDescription Invalid condition id : Cortex-A Device cause : null
2025-07-28 11:04:16,914 [WARN] ConditionMgr:1044 - genDependencies : Invalid condition id : Cortex-A Device cause : null
2025-07-28 11:04:16,915 [WARN] ConditionMgr:1044 - genDependencies : Invalid condition id : Cortex-A Device cause : null
2025-07-28 11:04:16,915 [WARN] ConditionMgr:1044 - genDependencies : Invalid condition id : Cortex-A Device cause : null
2025-07-28 11:04:16,924 [WARN] PackLoader:240 - Cannot read IP mode file for STMicroelectronics.X-CUBE-EEPRMA1.5.1.0
2025-07-28 11:04:16,930 [WARN] PackLoader:240 - Cannot read IP mode file for wolfSSL.I-CUBE-wolfSSL.5.7.6
2025-07-28 11:04:16,938 [WARN] PackLoader:240 - Cannot read IP mode file for ITTIA_DB.I-CUBE-ITTIADB.8.9.0
2025-07-28 11:04:16,944 [WARN] PackLoader:240 - Cannot read IP mode file for STMicroelectronics.X-CUBE-ST67W61.1.0.0
2025-07-28 11:04:16,989 [WARN] PackLoader:240 - Cannot read IP mode file for SEGGER.I-CUBE-embOS.1.3.1
2025-07-28 11:04:17,015 [WARN] PackLoader:240 - Cannot read IP mode file for STMicroelectronics.X-CUBE-ALGOBUILD.1.4.0
2025-07-28 11:04:17,072 [WARN] PackLoader:240 - Cannot read IP mode file for STMicroelectronics.X-CUBE-MEMS1.11.3.0
2025-07-28 11:04:17,161 [WARN] PackLoader:240 - Cannot read IP mode file for STMicroelectronics.X-CUBE-PM33A1.1.0.0
2025-07-28 11:04:17,187 [WARN] PackLoader:240 - Cannot read IP mode file for STMicroelectronics.X-CUBE-AZRTOS-F4.1.1.0
2025-07-28 11:04:17,194 [WARN] PackLoader:240 - Cannot read IP mode file for Avnet-IotConnect.X-CUBE-IoTC-DA16k-PMOD.1.0.0
2025-07-28 11:04:17,196 [WARN] PackLoader:240 - Cannot read IP mode file for STMicroelectronics.X-CUBE-ISPU.2.1.0
2025-07-28 11:04:17,203 [WARN] PackLoader:240 - Cannot read IP mode file for STMicroelectronics.X-CUBE-NFC12.1.0.0
2025-07-28 11:04:17,225 [WARN] PackLoader:240 - Cannot read IP mode file for STMicroelectronics.X-CUBE-AZRTOS-L5.2.0.0
2025-07-28 11:04:17,247 [WARN] PackLoader:240 - Cannot read IP mode file for STMicroelectronics.X-CUBE-NFC6.3.1.0
2025-07-28 11:04:17,262 [WARN] PackLoader:240 - Cannot read IP mode file for STMicroelectronics.X-CUBE-DPower.1.2.0
2025-07-28 11:04:17,276 [WARN] PackLoader:240 - Cannot read IP mode file for STMicroelectronics.X-CUBE-FREERTOS.1.3.1
2025-07-28 11:04:17,280 [WARN] PackLoader:240 - Cannot read IP mode file for STMicroelectronics.X-CUBE-FREERTOS.1.3.0
2025-07-28 11:04:17,285 [WARN] PackLoader:240 - Cannot read IP mode file for STMicroelectronics.X-CUBE-NFC7.1.0.1
2025-07-28 11:04:17,289 [WARN] PackLoader:240 - Cannot read IP mode file for STMicroelectronics.FP-SNS-STAIOTCFT.1.0.0
2025-07-28 11:04:17,295 [WARN] PackLoader:240 - Cannot read IP mode file for STMicroelectronics.X-CUBE-DPower.1.3.0
2025-07-28 11:04:17,312 [WARN] ConditionMgr:438 - getConditionDescription Invalid condition id : LAN8742 Phy interface Condition cause : null
2025-07-28 11:04:17,313 [WARN] PackLoader:240 - Cannot read IP mode file for STMicroelectronics.X-CUBE-AZRTOS-L4.2.0.0
2025-07-28 11:04:17,315 [WARN] ConditionMgr:1044 - genDependencies : Invalid condition id : LAN8742 Phy interface Condition cause : null
2025-07-28 11:04:17,315 [WARN] ConditionMgr:1044 - genDependencies : Invalid condition id : LAN8742 Phy interface Condition cause : null
2025-07-28 11:04:17,316 [WARN] ConditionMgr:1044 - genDependencies : Invalid condition id : LAN8742 Phy interface Condition cause : null
2025-07-28 11:04:17,323 [WARN] PackLoader:240 - Cannot read IP mode file for STMicroelectronics.X-CUBE-SFXS2LP1.4.0.0
2025-07-28 11:04:17,342 [WARN] PackLoader:240 - Cannot read IP mode file for STMicroelectronics.X-CUBE-AZRTOS-H7.3.3.0
2025-07-28 11:04:17,366 [WARN] PackLoader:240 - Cannot read IP mode file for STMicroelectronics.X-CUBE-BLEMGR.4.1.0
2025-07-28 11:04:17,382 [WARN] ConditionMgr:438 - getConditionDescription Invalid condition id : UX DEVICE CLASS RTOS Condition cause : null
2025-07-28 11:04:17,383 [WARN] ConditionMgr:438 - getConditionDescription Invalid condition id : UX DEVICE CLASS RTOS Condition cause : null
2025-07-28 11:04:17,387 [WARN] PackLoader:240 - Cannot read IP mode file for STMicroelectronics.X-CUBE-AZRTOS-WB.2.0.0
2025-07-28 11:04:17,388 [WARN] ConditionMgr:1044 - genDependencies : Invalid condition id : UX DEVICE CLASS RTOS Condition cause : null
2025-07-28 11:04:17,388 [WARN] ConditionMgr:1044 - genDependencies : Invalid condition id : UX DEVICE CLASS RTOS Condition cause : null
2025-07-28 11:04:17,388 [WARN] ConditionMgr:1044 - genDependencies : Invalid condition id : UX DEVICE CLASS RTOS Condition cause : null
2025-07-28 11:04:17,389 [WARN] ConditionMgr:1044 - genDependencies : Invalid condition id : UX DEVICE CLASS RTOS Condition cause : null
2025-07-28 11:04:17,389 [WARN] ConditionMgr:1044 - genDependencies : Invalid condition id : UX DEVICE CLASS RTOS Condition cause : null
2025-07-28 11:04:17,397 [WARN] PackLoader:240 - Cannot read IP mode file for STMicroelectronics.X-CUBE-GNSS1.7.0.1
2025-07-28 11:04:17,404 [WARN] PackLoader:240 - Cannot read IP mode file for STMicroelectronics.X-CUBE-TOUCHGFX.4.25.0
2025-07-28 11:04:17,411 [WARN] PackLoader:240 - Cannot read IP mode file for STMicroelectronics.FP-SNS-STBOX1.2.0.0
2025-07-28 11:04:17,422 [WARN] PackLoader:240 - Cannot read IP mode file for STMicroelectronics.X-CUBE-SUBG2.5.0.0
2025-07-28 11:04:17,482 [WARN] PackLoader:240 - Cannot read IP mode file for STMicroelectronics.X-CUBE-AZRTOS-H7RS.1.1.0
2025-07-28 11:04:17,504 [WARN] PackLoader:240 - Cannot read IP mode file for Cesanta.I-CUBE-Mongoose.7.13.0
2025-07-28 11:04:17,532 [WARN] PackLoader:240 - Cannot read IP mode file for STMicroelectronics.X-CUBE-AZRTOS-G4.2.0.0
2025-07-28 11:04:17,544 [WARN] PackLoader:240 - Cannot read IP mode file for STMicroelectronics.X-CUBE-NFC7.2.0.0
2025-07-28 11:04:17,559 [WARN] PackLoader:240 - Cannot read IP mode file for STMicroelectronics.X-CUBE-IPS.3.1.0
2025-07-28 11:04:17,570 [WARN] PackLoader:240 - Cannot read IP mode file for STMicroelectronics.X-CUBE-ALS.1.0.2
2025-07-28 11:04:17,577 [WARN] PackLoader:240 - Cannot read IP mode file for STMicroelectronics.X-CUBE-TOUCHGFX.4.24.2
2025-07-28 11:04:17,581 [WARN] PackLoader:240 - Cannot read IP mode file for wolfSSL.I-CUBE-wolfTPM.3.4.0
2025-07-28 11:04:17,590 [WARN] PackLoader:240 - Cannot read IP mode file for portGmbH.I-Cube-SoM-uGOAL.1.1.0
2025-07-28 11:04:17,610 [WARN] PackLoader:240 - Cannot read IP mode file for STMicroelectronics.X-CUBE-AZRTOS-H7RS.1.0.0
2025-07-28 11:04:17,624 [WARN] PackLoader:240 - Cannot read IP mode file for STMicroelectronics.X-CUBE-TOF1.3.4.2
2025-07-28 11:04:17,642 [WARN] PackLoader:240 - Cannot read IP mode file for STMicroelectronics.X-CUBE-TOF1.3.4.3
2025-07-28 11:04:17,655 [WARN] PackLoader:240 - Cannot read IP mode file for wolfSSL.I-CUBE-wolfSSH.1.4.17
2025-07-28 11:04:17,660 [INFO] ThirdParty:978 - Integrity check success = true
2025-07-28 11:04:17,662 [INFO] IntegrityCheckThread:100 - exiting critical section [integrity check]
2025-07-28 11:04:17,662 [INFO] IntegrityCheckThread:103 - End integrity checks thread
2025-07-28 11:04:17,704 [INFO] WebApp:463 - Apply proxy settings
2025-07-28 11:04:17,711 [INFO] WebApp:508 - Chromium authenticates against Manually configured proxy
2025-07-28 11:04:17,722 [INFO] WebApp:516 - Username used for proxy authentication: 
2025-07-28 11:04:17,757 [INFO] WebApp:894 - Register for checkConnection events
2025-07-28 11:04:17,757 [INFO] WebApp:463 - Apply proxy settings
2025-07-28 11:04:17,759 [INFO] WebApp:508 - Chromium authenticates against Manually configured proxy
2025-07-28 11:04:17,760 [INFO] WebApp:516 - Username used for proxy authentication: 
2025-07-28 11:04:17,876 [INFO] WebApp:225 - Starting web application
2025-07-28 11:04:17,876 [INFO] WebApp:593 - Web application path used /Applications/STM32CubeIDE.app/Contents/Eclipse/plugins/com.st.stm32cube.common.mx_6.14.1.202504091515/db/plugins/mcufinder/reactClient1/index.html
2025-07-28 11:04:18,317 [INFO] WebApp:191 - Connection restablished
2025-07-28 11:04:18,476 [INFO] UserAuth:484 - Internet connection configuration mode: 1
2025-07-28 12:21:38,016 [INFO] WebApp:194 - Connection lost
2025-07-28 12:21:38,742 [INFO] WebApp:191 - Connection restablished
2025-07-28 12:26:37,900 [INFO] WebApp:194 - Connection lost
2025-07-28 12:26:38,288 [INFO] WebApp:191 - Connection restablished
2025-07-28 12:31:37,924 [INFO] WebApp:194 - Connection lost
2025-07-28 12:31:38,179 [INFO] WebApp:191 - Connection restablished
2025-07-28 12:36:37,998 [INFO] WebApp:194 - Connection lost
2025-07-28 12:36:38,239 [INFO] WebApp:191 - Connection restablished
2025-07-28 12:41:37,938 [INFO] WebApp:194 - Connection lost
2025-07-28 12:41:38,322 [INFO] WebApp:191 - Connection restablished
2025-07-28 14:02:01,961 [INFO] WebApp:194 - Connection lost
2025-07-28 14:02:02,323 [INFO] WebApp:191 - Connection restablished
2025-07-28 14:07:01,872 [INFO] WebApp:194 - Connection lost
2025-07-28 14:07:02,515 [INFO] WebApp:191 - Connection restablished
2025-07-28 14:12:01,905 [INFO] WebApp:194 - Connection lost
2025-07-28 14:12:02,255 [INFO] WebApp:191 - Connection restablished
2025-07-28 14:17:01,942 [INFO] WebApp:194 - Connection lost
2025-07-28 14:17:02,409 [INFO] WebApp:191 - Connection restablished
