2025-07-22 13:15:33,509 [INFO] Activator:176 - 


2025-07-22 13:15:33,514 [INFO] Activator:177 - !SESSION log4j initialized
2025-07-22 13:15:38,355 [INFO] LogOutputStream:77 - [STDOUT_REDIRECT] 
2025-07-22 13:15:38,708 [ERROR] LogOutputStream:75 - [STDERR_REDIRECT] 
2025-07-22 13:15:40,604 [INFO] LogOutputStream:77 - [STDOUT_REDIRECT] 
2025-07-22 13:15:42,204 [INFO] ApplicationProperties:184 - Using Application install path: /Applications/STM32CubeIDE.app/Contents/Eclipse/plugins/com.st.stm32cube.common.mx_6.14.1.202504091515
2025-07-22 13:15:42,216 [INFO] DbMcusXml:78 - Set database path to: /Applications/STM32CubeIDE.app/Contents/Eclipse/plugins/com.st.stm32cube.common.mx_6.14.1.202504091515//db//mcu/
2025-07-22 13:15:42,216 [INFO] ApiDb:274 - Set plugin database path to: /Applications/STM32CubeIDE.app/Contents/Eclipse/plugins/com.st.stm32cube.common.mx_6.14.1.202504091515//db//plugins/boardmanager/
2025-07-22 13:15:42,217 [WARN] ApiDb:259 - Overriding images path with different value:  => /Applications/STM32CubeIDE.app/Contents/Eclipse/plugins/com.st.stm32cube.common.mx_6.14.1.202504091515//db//plugins/mcufinder/images/
2025-07-22 13:15:42,222 [INFO] ApiDb:250 - Set database path to: /Users/mauricewashington/.stmcufinder/plugins/mcufinder//mcu/
2025-07-22 13:15:42,223 [INFO] DbMcusAds:125 - Set database path to: /Users/mauricewashington/.stmcufinder/plugins/mcufinder//mcu/
2025-07-22 13:15:42,224 [INFO] CrossReferenceDbSqlite:203 - Set database path to: /Users/mauricewashington/.stmcufinder/plugins/mcufinder//mcu/cs/
2025-07-22 13:15:42,344 [INFO] RulesReader:64 - Compatibility file has been processed (302 Rules)
2025-07-22 13:15:42,413 [INFO] DbMcusXml:78 - Set database path to: /Applications/STM32CubeIDE.app/Contents/Eclipse/plugins/com.st.stm32cube.common.mx_6.14.1.202504091515//db//mcu/
2025-07-22 13:15:42,413 [INFO] ApiDb:274 - Set plugin database path to: /Applications/STM32CubeIDE.app/Contents/Eclipse/plugins/com.st.stm32cube.common.mx_6.14.1.202504091515//db//plugins/boardmanager/
2025-07-22 13:15:42,413 [INFO] ApiDb:261 - Set plugin images path to: /Applications/STM32CubeIDE.app/Contents/Eclipse/plugins/com.st.stm32cube.common.mx_6.14.1.202504091515//db//plugins/mcufinder/images/
2025-07-22 13:15:42,414 [WARN] DbFile:41 - Overriding database path with different value: /Users/mauricewashington/.stmcufinder/plugins/mcufinder/ => /Users/mauricewashington/.stmcufinder/plugins/mcufinder
2025-07-22 13:15:42,414 [INFO] ApiDb:250 - Set database path to: /Users/mauricewashington/.stmcufinder/plugins/mcufinder//mcu/
2025-07-22 13:15:42,414 [WARN] DbFile:41 - Overriding database path with different value: /Users/mauricewashington/.stmcufinder/plugins/mcufinder/ => /Users/mauricewashington/.stmcufinder/plugins/mcufinder
2025-07-22 13:15:42,414 [INFO] DbMcusAds:125 - Set database path to: /Users/mauricewashington/.stmcufinder/plugins/mcufinder//mcu/
2025-07-22 13:15:42,414 [WARN] DbFile:41 - Overriding database path with different value: /Users/mauricewashington/.stmcufinder/plugins/mcufinder/ => /Users/mauricewashington/.stmcufinder/plugins/mcufinder
2025-07-22 13:15:42,414 [WARN] DbFile:41 - Overriding database path with different value: /Users/mauricewashington/.stmcufinder/plugins/mcufinder/ => /Users/mauricewashington/.stmcufinder/plugins/mcufinder
2025-07-22 13:15:42,414 [INFO] CrossReferenceDbSqlite:203 - Set database path to: /Users/mauricewashington/.stmcufinder/plugins/mcufinder//mcu/cs/
2025-07-22 13:15:42,472 [INFO] MainPanel:272 - HeapMemory: 268435456
2025-07-22 13:15:42,750 [INFO] DbMcusXml:78 - Set database path to: /Applications/STM32CubeIDE.app/Contents/Eclipse/plugins/com.st.stm32cube.common.mx_6.14.1.202504091515//db//mcu/
2025-07-22 13:15:42,750 [INFO] ApiDb:274 - Set plugin database path to: /Applications/STM32CubeIDE.app/Contents/Eclipse/plugins/com.st.stm32cube.common.mx_6.14.1.202504091515//db//plugins/boardmanager/
2025-07-22 13:15:42,750 [INFO] ApiDb:261 - Set plugin images path to: /Applications/STM32CubeIDE.app/Contents/Eclipse/plugins/com.st.stm32cube.common.mx_6.14.1.202504091515//db//plugins/mcufinder/images/
2025-07-22 13:15:42,750 [WARN] DbFile:41 - Overriding database path with different value: /Users/mauricewashington/.stmcufinder/plugins/mcufinder/ => /Users/mauricewashington/.stmcufinder/plugins/mcufinder
2025-07-22 13:15:42,750 [INFO] ApiDb:250 - Set database path to: /Users/mauricewashington/.stmcufinder/plugins/mcufinder//mcu/
2025-07-22 13:15:42,750 [WARN] DbFile:41 - Overriding database path with different value: /Users/mauricewashington/.stmcufinder/plugins/mcufinder/ => /Users/mauricewashington/.stmcufinder/plugins/mcufinder
2025-07-22 13:15:42,750 [INFO] DbMcusAds:125 - Set database path to: /Users/mauricewashington/.stmcufinder/plugins/mcufinder//mcu/
2025-07-22 13:15:42,750 [WARN] DbFile:41 - Overriding database path with different value: /Users/mauricewashington/.stmcufinder/plugins/mcufinder/ => /Users/mauricewashington/.stmcufinder/plugins/mcufinder
2025-07-22 13:15:42,750 [WARN] DbFile:41 - Overriding database path with different value: /Users/mauricewashington/.stmcufinder/plugins/mcufinder/ => /Users/mauricewashington/.stmcufinder/plugins/mcufinder
2025-07-22 13:15:42,750 [INFO] CrossReferenceDbSqlite:203 - Set database path to: /Users/mauricewashington/.stmcufinder/plugins/mcufinder//mcu/cs/
2025-07-22 13:15:42,764 [INFO] ApplicationProperties:184 - Using Application install path: /Applications/STM32CubeIDE.app/Contents/Eclipse/plugins/com.st.stm32cube.common.mx_6.14.1.202504091515
2025-07-22 13:15:42,765 [INFO] PluginManage:196 - Search for loadable plugins [exclusion list=, ]
2025-07-22 13:15:42,766 [INFO] PluginManage:310 - Check plugin analytics
2025-07-22 13:15:42,918 [INFO] AnalyticsPlugin:253 - Accepted Software Licenses: 
2025-07-22 13:15:42,918 [INFO] AnalyticsPlugin:255 - Accepted CMSIS Pack Licenses: 
2025-07-22 13:15:42,918 [INFO] AnalyticsPlugin:257 - Accepted Firmware Licenses: 
2025-07-22 13:15:42,926 [INFO] PluginManage:359 - Loaded plugin analytics (category:tool,tabindex:-1)
2025-07-22 13:15:42,927 [INFO] PluginManage:310 - Check plugin cadmodel
2025-07-22 13:15:42,937 [INFO] CADModel:105 - Init CAD model plugin
2025-07-22 13:15:42,937 [INFO] PluginManage:359 - Loaded plugin cadmodel (category:power,tabindex:5)
2025-07-22 13:15:42,938 [INFO] PluginManage:310 - Check plugin clock
2025-07-22 13:15:42,944 [INFO] PluginManage:359 - Loaded plugin clock (category:base,tabindex:2)
2025-07-22 13:15:42,944 [INFO] PluginManage:310 - Check plugin ddr
2025-07-22 13:15:42,946 [INFO] PluginManage:359 - Loaded plugin ddr (category:tool,tabindex:6)
2025-07-22 13:15:42,946 [INFO] PluginManage:310 - Check plugin filemanager
2025-07-22 13:15:43,069 [INFO] PluginManage:359 - Loaded plugin filemanager (category:base,tabindex:10)
2025-07-22 13:15:43,069 [INFO] PluginManage:310 - Check plugin ipmanager
2025-07-22 13:15:43,076 [INFO] PluginManage:359 - Loaded plugin ipmanager (category:base,tabindex:5)
2025-07-22 13:15:43,076 [INFO] PluginManage:310 - Check plugin lpbam
2025-07-22 13:15:43,084 [INFO] PluginManage:359 - Loaded plugin lpbam (category:base,tabindex:0)
2025-07-22 13:15:43,084 [INFO] PluginManage:310 - Check plugin memorymap
2025-07-22 13:15:43,102 [INFO] PluginManage:359 - Loaded plugin memorymap (category:base,tabindex:4)
2025-07-22 13:15:43,102 [INFO] PluginManage:310 - Check plugin pinoutandconfiguration
2025-07-22 13:15:43,109 [INFO] PluginManage:359 - Loaded plugin pinoutandconfiguration (category:base,tabindex:1)
2025-07-22 13:15:43,109 [INFO] PluginManage:310 - Check plugin pinoutconfig
2025-07-22 13:15:43,179 [WARN] SupportedApi:132 - Cannot load RTOS API schema: s4s-elt-must-match.1: The content of 'definitions' must match (annotation?, (simpleType | complexType)?, (unique | key | keyref)*)). A problem was found starting at: attribute.
2025-07-22 13:15:43,292 [INFO] PluginManage:359 - Loaded plugin pinoutconfig (category:base,tabindex:0)
2025-07-22 13:15:43,293 [INFO] PluginManage:310 - Check plugin power
2025-07-22 13:15:43,302 [INFO] PluginManage:359 - Loaded plugin power (category:power,tabindex:4)
2025-07-22 13:15:43,302 [INFO] PluginManage:310 - Check plugin projectmanager
2025-07-22 13:15:43,322 [INFO] PluginManage:359 - Loaded plugin projectmanager (category:projectmanager,tabindex:4)
2025-07-22 13:15:43,323 [INFO] PluginManage:310 - Check plugin rif
2025-07-22 13:15:43,328 [INFO] PluginManage:359 - Loaded plugin rif (category:base,tabindex:3)
2025-07-22 13:15:43,329 [INFO] PluginManage:310 - Check plugin thirdparty
2025-07-22 13:15:43,453 [INFO] PluginManage:359 - Loaded plugin thirdparty (category:base,tabindex:-1)
2025-07-22 13:15:43,453 [WARN] IntegrityCheckThread:84 - waiting for thirdparty lock release [integrity check]
2025-07-22 13:15:43,453 [INFO] PluginManage:310 - Check plugin tools
2025-07-22 13:15:43,453 [INFO] IntegrityCheckThread:86 - entering critical section [integrity check]
2025-07-22 13:15:43,454 [INFO] ThirdPartyUpdaterWithRetryManager:70 - Updater plugin not ready yet. [1/15]
2025-07-22 13:15:43,455 [INFO] PluginManage:359 - Loaded plugin tools (category:base,tabindex:7)
2025-07-22 13:15:43,455 [INFO] PluginManage:310 - Check plugin tutovideos
2025-07-22 13:15:43,581 [INFO] PluginManage:359 - Loaded plugin tutovideos (category:base,tabindex:-1)
2025-07-22 13:15:43,581 [INFO] PluginManage:310 - Check plugin updater
2025-07-22 13:15:43,603 [INFO] PluginManage:359 - Loaded plugin updater (category:base,tabindex:12)
2025-07-22 13:15:43,603 [INFO] PluginManage:310 - Check plugin userauth
2025-07-22 13:15:43,607 [INFO] UserAuth:118 - Init User Auth plugin
2025-07-22 13:15:43,609 [INFO] PluginManage:359 - Loaded plugin userauth (category:base,tabindex:14)
2025-07-22 13:15:43,610 [INFO] PluginManage:283 - PluginManage : Loaded plugins [18]
2025-07-22 13:15:43,790 [INFO] PinOutPanel:1589 - setPackage(No Configuration,No Configuration)
2025-07-22 13:15:43,848 [INFO] CADModel:165 - CPN selected for project level
2025-07-22 13:15:43,848 [INFO] CADModel:114 - Register for checkConnection events
2025-07-22 13:15:43,857 [INFO] IPUIPlugin:80 - create IPUIPlugin
2025-07-22 13:15:43,858 [INFO] PluginManager:220 - loadIPPluginJar : add mdma
2025-07-22 13:15:43,862 [INFO] IPUIPlugin:80 - create IPUIPlugin
2025-07-22 13:15:43,863 [INFO] PluginManager:220 - loadIPPluginJar : add freertos
2025-07-22 13:15:43,866 [INFO] IPUIPlugin:80 - create IPUIPlugin
2025-07-22 13:15:43,866 [INFO] PluginManager:220 - loadIPPluginJar : add gic
2025-07-22 13:15:43,873 [INFO] IPUIPlugin:80 - create IPUIPlugin
2025-07-22 13:15:43,873 [INFO] PluginManager:220 - loadIPPluginJar : add adc
2025-07-22 13:15:43,874 [INFO] IPUIPlugin:80 - create IPUIPlugin
2025-07-22 13:15:43,874 [INFO] PluginManager:220 - loadIPPluginJar : add gtzc
2025-07-22 13:15:43,875 [INFO] IPUIPlugin:80 - create IPUIPlugin
2025-07-22 13:15:43,875 [INFO] PluginManager:220 - loadIPPluginJar : add quadspi
2025-07-22 13:15:43,876 [INFO] IPUIPlugin:80 - create IPUIPlugin
2025-07-22 13:15:43,876 [INFO] PluginManager:220 - loadIPPluginJar : add aes
2025-07-22 13:15:43,877 [INFO] IPUIPlugin:80 - create IPUIPlugin
2025-07-22 13:15:43,877 [INFO] PluginManager:220 - loadIPPluginJar : add pdm2pcm
2025-07-22 13:15:43,878 [INFO] IPUIPlugin:80 - create IPUIPlugin
2025-07-22 13:15:43,878 [INFO] PluginManager:220 - loadIPPluginJar : add hash
2025-07-22 13:15:43,879 [INFO] IPUIPlugin:80 - create IPUIPlugin
2025-07-22 13:15:43,879 [INFO] PluginManager:220 - loadIPPluginJar : add tim
2025-07-22 13:15:43,879 [INFO] IPUIPlugin:80 - create IPUIPlugin
2025-07-22 13:15:43,879 [INFO] PluginManager:220 - loadIPPluginJar : add tsc
2025-07-22 13:15:43,881 [INFO] IPUIPlugin:80 - create IPUIPlugin
2025-07-22 13:15:43,881 [INFO] PluginManager:220 - loadIPPluginJar : add extmemmanager
2025-07-22 13:15:43,883 [INFO] IPUIPlugin:80 - create IPUIPlugin
2025-07-22 13:15:43,883 [INFO] PluginManager:220 - loadIPPluginJar : add ts
2025-07-22 13:15:43,883 [INFO] IPUIPlugin:80 - create IPUIPlugin
2025-07-22 13:15:43,884 [INFO] PluginManager:220 - loadIPPluginJar : add radio
2025-07-22 13:15:43,885 [INFO] IPUIPlugin:80 - create IPUIPlugin
2025-07-22 13:15:43,885 [INFO] PluginManager:220 - loadIPPluginJar : add can
2025-07-22 13:15:43,886 [INFO] IPUIPlugin:80 - create IPUIPlugin
2025-07-22 13:15:43,886 [INFO] PluginManager:220 - loadIPPluginJar : add dma3
2025-07-22 13:15:43,887 [INFO] IPUIPlugin:80 - create IPUIPlugin
2025-07-22 13:15:43,887 [INFO] PluginManager:220 - loadIPPluginJar : add dfsdm
2025-07-22 13:15:43,888 [INFO] IPUIPlugin:80 - create IPUIPlugin
2025-07-22 13:15:43,888 [INFO] PluginManager:220 - loadIPPluginJar : add spi
2025-07-22 13:15:43,889 [INFO] IPUIPlugin:80 - create IPUIPlugin
2025-07-22 13:15:43,889 [INFO] PluginManager:220 - loadIPPluginJar : add gfxmmu
2025-07-22 13:15:43,890 [INFO] IPUIPlugin:80 - create IPUIPlugin
2025-07-22 13:15:43,890 [INFO] PluginManager:220 - loadIPPluginJar : add genericplugin
2025-07-22 13:15:43,891 [INFO] IPUIPlugin:80 - create IPUIPlugin
2025-07-22 13:15:43,891 [INFO] PluginManager:220 - loadIPPluginJar : add cryp
2025-07-22 13:15:43,894 [INFO] IPUIPlugin:80 - create IPUIPlugin
2025-07-22 13:15:43,894 [INFO] PluginManager:220 - loadIPPluginJar : add gpio
2025-07-22 13:15:43,895 [INFO] IPUIPlugin:80 - create IPUIPlugin
2025-07-22 13:15:43,896 [INFO] PluginManager:220 - loadIPPluginJar : add ddr_ctrl_phy
2025-07-22 13:15:43,896 [INFO] IPUIPlugin:80 - create IPUIPlugin
2025-07-22 13:15:43,897 [INFO] PluginManager:220 - loadIPPluginJar : add comp
2025-07-22 13:15:43,898 [INFO] IPUIPlugin:80 - create IPUIPlugin
2025-07-22 13:15:43,899 [INFO] PluginManager:220 - loadIPPluginJar : add tracer_emb
2025-07-22 13:15:43,900 [INFO] IPUIPlugin:80 - create IPUIPlugin
2025-07-22 13:15:43,900 [INFO] PluginManager:220 - loadIPPluginJar : add openamp
2025-07-22 13:15:43,904 [INFO] IPUIPlugin:80 - create IPUIPlugin
2025-07-22 13:15:43,904 [INFO] PluginManager:220 - loadIPPluginJar : add stm32_wpan
2025-07-22 13:15:43,907 [INFO] IPUIPlugin:80 - create IPUIPlugin
2025-07-22 13:15:43,909 [INFO] PluginManager:220 - loadIPPluginJar : add plateformsettings
2025-07-22 13:15:43,911 [INFO] IPUIPlugin:80 - create IPUIPlugin
2025-07-22 13:15:43,911 [INFO] PluginManager:220 - loadIPPluginJar : add ipddr
2025-07-22 13:15:43,912 [INFO] IPUIPlugin:80 - create IPUIPlugin
2025-07-22 13:15:43,912 [INFO] PluginManager:220 - loadIPPluginJar : add usart
2025-07-22 13:15:43,913 [INFO] IPUIPlugin:80 - create IPUIPlugin
2025-07-22 13:15:43,913 [INFO] PluginManager:220 - loadIPPluginJar : add ltdc
2025-07-22 13:15:43,915 [INFO] IPUIPlugin:80 - create IPUIPlugin
2025-07-22 13:15:43,915 [INFO] PluginManager:220 - loadIPPluginJar : add nvic
2025-07-22 13:15:43,915 [INFO] IPUIPlugin:80 - create IPUIPlugin
2025-07-22 13:15:43,915 [INFO] PluginManager:220 - loadIPPluginJar : add fatfs
2025-07-22 13:15:43,919 [INFO] IPUIPlugin:80 - create IPUIPlugin
2025-07-22 13:15:43,920 [INFO] PluginManager:220 - loadIPPluginJar : add linkedlist
2025-07-22 13:15:43,923 [INFO] IPUIPlugin:80 - create IPUIPlugin
2025-07-22 13:15:43,923 [INFO] PluginManager:220 - loadIPPluginJar : add dma
2025-07-22 13:15:43,924 [INFO] IPUIPlugin:80 - create IPUIPlugin
2025-07-22 13:15:43,924 [INFO] PluginManager:220 - loadIPPluginJar : add fmc
2025-07-22 13:15:43,925 [INFO] IPUIPlugin:80 - create IPUIPlugin
2025-07-22 13:15:43,925 [INFO] PluginManager:220 - loadIPPluginJar : add i2s
2025-07-22 13:15:43,926 [INFO] IPUIPlugin:80 - create IPUIPlugin
2025-07-22 13:15:43,926 [INFO] PluginManager:220 - loadIPPluginJar : add ucpd
2025-07-22 13:15:43,926 [INFO] IPUIPlugin:80 - create IPUIPlugin
2025-07-22 13:15:43,926 [INFO] PluginManager:220 - loadIPPluginJar : add lorawan
2025-07-22 13:15:43,928 [INFO] IPUIPlugin:80 - create IPUIPlugin
2025-07-22 13:15:43,928 [INFO] PluginManager:220 - loadIPPluginJar : add opamp
2025-07-22 13:15:43,929 [INFO] IPUIPlugin:80 - create IPUIPlugin
2025-07-22 13:15:43,929 [INFO] PluginManager:220 - loadIPPluginJar : add i3c
2025-07-22 13:15:43,930 [INFO] IPUIPlugin:80 - create IPUIPlugin
2025-07-22 13:15:43,930 [INFO] PluginManager:220 - loadIPPluginJar : add touchsensing
2025-07-22 13:15:43,932 [INFO] IPUIPlugin:80 - create IPUIPlugin
2025-07-22 13:15:43,932 [INFO] PluginManager:220 - loadIPPluginJar : add i2c
2025-07-22 13:15:43,933 [INFO] IPUIPlugin:80 - create IPUIPlugin
2025-07-22 13:15:43,933 [INFO] PluginManager:220 - loadIPPluginJar : add resmgrutility
2025-07-22 13:15:43,935 [INFO] IPUIPlugin:80 - create IPUIPlugin
2025-07-22 13:15:43,935 [INFO] PluginManager:220 - loadIPPluginJar : add sai
2025-07-22 13:15:43,936 [INFO] IPUIPlugin:80 - create IPUIPlugin
2025-07-22 13:15:43,936 [INFO] PluginManager:220 - loadIPPluginJar : add usbx
2025-07-22 13:15:44,038 [FATAL] Updater:351 - Updater called before beeing initialized
2025-07-22 13:15:44,073 [INFO] RulesReader:64 - Compatibility file has been processed (302 Rules)
2025-07-22 13:15:44,084 [INFO] RulesReader:64 - Compatibility file has been processed (302 Rules)
2025-07-22 13:15:44,095 [INFO] CADModel:165 - CPN selected for project level
2025-07-22 13:15:44,095 [INFO] CADModel:114 - Register for checkConnection events
2025-07-22 13:15:44,095 [FATAL] Updater:351 - Updater called before beeing initialized
2025-07-22 13:15:44,095 [ERROR] CADModel:125 - Updater not yet initialized, retry later 
2025-07-22 13:15:44,274 [FATAL] Updater:351 - Updater called before beeing initialized
2025-07-22 13:15:44,275 [INFO] CADModel:165 - CPN selected for project level
2025-07-22 13:15:44,275 [INFO] CADModel:114 - Register for checkConnection events
2025-07-22 13:15:44,275 [FATAL] Updater:351 - Updater called before beeing initialized
2025-07-22 13:15:44,275 [ERROR] CADModel:125 - Updater not yet initialized, retry later 
2025-07-22 13:15:44,279 [FATAL] Updater:351 - Updater called before beeing initialized
2025-07-22 13:15:44,405 [FATAL] Updater:351 - Updater called before beeing initialized
2025-07-22 13:15:44,408 [INFO] DbMcusAds:53 - JSON generation date=Wed May 07 02:07:55 PDT 2025 (1746608875484)
2025-07-22 13:15:44,409 [FATAL] Updater:351 - Updater called before beeing initialized
2025-07-22 13:15:44,992 [WARN] DetailPanel:346 - Failed to get advertising image, set to default
2025-07-22 13:15:45,150 [FATAL] Updater:351 - Updater called before beeing initialized
2025-07-22 13:15:45,155 [FATAL] Updater:351 - Updater called before beeing initialized
2025-07-22 13:15:45,155 [FATAL] Updater:351 - Updater called before beeing initialized
2025-07-22 13:15:45,155 [WARN] DetailPanel:346 - Failed to get advertising image, set to default
2025-07-22 13:15:45,161 [FATAL] Updater:351 - Updater called before beeing initialized
2025-07-22 13:15:45,205 [ERROR] Updater:1198 - MainUpdater not yet initialized. External WinMGr cannot be set.
2025-07-22 13:15:45,262 [INFO] Updater:1134 - Updater Version found : 6.14.1
2025-07-22 13:15:45,274 [INFO] ApplicationProperties:184 - Using Application install path: /Applications/STM32CubeIDE.app/Contents/Eclipse/plugins/com.st.stm32cube.common.mx_6.14.1.202504091515
2025-07-22 13:15:46,004 [INFO] MainUpdater:2872 - connection check result : 10
2025-07-22 13:15:46,005 [INFO] MainUpdater:289 - Updater Check For Update Now.
2025-07-22 13:15:46,005 [INFO] MicroXplorer:498 - Change Database Version : DB.6.0.141
2025-07-22 13:15:46,009 [INFO] McuFinderGlobals:63 - Set McuFinder mode to 2 (CubeIDE integrated)
2025-07-22 13:15:46,011 [INFO] UserAuth:484 - Internet connection configuration mode: 1
2025-07-22 13:15:46,028 [INFO] JxBrowserEngine:152 - Initiate JxBrowser Engine with user profile folder
2025-07-22 13:15:46,271 [INFO] CheckServerUpdateThread:120 - End of CheckServer Thread
2025-07-22 13:15:46,600 [WARN] PackLoader:240 - Cannot read IP mode file for STMicroelectronics.FP-SNS-MOTENVWB1.1.4.0
2025-07-22 13:15:46,617 [WARN] PackLoader:240 - Cannot read IP mode file for STMicroelectronics.FP-ATR-ASTRA1.2.0.2
2025-07-22 13:15:46,627 [WARN] PackLoader:240 - Cannot read IP mode file for STMicroelectronics.FP-ATR-ASTRA1.2.0.1
2025-07-22 13:15:46,638 [WARN] PackLoader:240 - Cannot read IP mode file for STMicroelectronics.X-CUBE-SMBUS.2.1.0
2025-07-22 13:15:46,649 [WARN] PackLoader:240 - Cannot read IP mode file for STMicroelectronics.X-CUBE-WB05N.1.1.0
2025-07-22 13:15:46,657 [WARN] PackLoader:240 - Cannot read IP mode file for STMicroelectronics.X-CUBE-ST60.1.0.0
2025-07-22 13:15:46,707 [WARN] PackLoader:240 - Cannot read IP mode file for STMicroelectronics.X-CUBE-AZRTOS-F7.1.1.0
2025-07-22 13:15:46,738 [WARN] PackLoader:240 - Cannot read IP mode file for STMicroelectronics.FP-SNS-FLIGHT1.5.0.2
2025-07-22 13:15:46,782 [WARN] PackLoader:240 - Cannot read IP mode file for Infineon.AIROC-Wi-Fi-Bluetooth-STM32.1.7.0
2025-07-22 13:15:46,842 [WARN] PackLoader:240 - Cannot read IP mode file for STMicroelectronics.X-CUBE-AZRTOS-H7.3.4.0
2025-07-22 13:15:46,876 [WARN] PackLoader:240 - Cannot read IP mode file for STMicroelectronics.X-CUBE-DISPLAY.3.0.0
2025-07-22 13:15:46,904 [WARN] PackLoader:240 - Cannot read IP mode file for STMicroelectronics.X-CUBE-BLE1.7.0.0
2025-07-22 13:15:46,939 [WARN] PackLoader:240 - Cannot read IP mode file for STMicroelectronics.X-CUBE-NFC10.1.0.0
2025-07-22 13:15:46,978 [WARN] PackLoader:240 - Cannot read IP mode file for STMicroelectronics.X-CUBE-BLEMGR.4.0.0
2025-07-22 13:15:46,994 [WARN] PackLoader:240 - Cannot read IP mode file for emotas.I-CUBE-CANOPEN.1.3.0
2025-07-22 13:15:46,998 [WARN] PackLoader:240 - Cannot read IP mode file for STMicroelectronics.X-CUBE-AI.10.0.0
2025-07-22 13:15:47,009 [WARN] PackLoader:240 - Cannot read IP mode file for STMicroelectronics.FP-SNS-SMARTAG2.1.2.0
2025-07-22 13:15:47,012 [WARN] PackLoader:240 - Cannot read IP mode file for STMicroelectronics.FP-SNS-FLIGHT1.5.1.0
2025-07-22 13:15:47,088 [WARN] PackLoader:240 - Cannot read IP mode file for STMicroelectronics.X-CUBE-MEMS1.11.1.0
2025-07-22 13:15:47,225 [INFO] LogOutputStream:77 - [STDOUT_REDIRECT] 1 : Invalid condition id : UX_CORESTACK_Condition cause : null
2025-07-22 13:15:47,225 [INFO] LogOutputStream:77 - [STDOUT_REDIRECT] 1 : Invalid condition id : UX_CORESTACK_Condition cause : null
2025-07-22 13:15:47,226 [INFO] LogOutputStream:77 - [STDOUT_REDIRECT] 1 : Invalid condition id : UX_CORESTACK_Condition cause : null
2025-07-22 13:15:47,227 [INFO] LogOutputStream:77 - [STDOUT_REDIRECT] 1 : Invalid condition id : UX_CORESTACK_Condition cause : null
2025-07-22 13:15:47,228 [INFO] LogOutputStream:77 - [STDOUT_REDIRECT] 1 : Invalid condition id : UX_CORESTACK_Condition cause : null
2025-07-22 13:15:47,233 [WARN] PackLoader:240 - Cannot read IP mode file for STMicroelectronics.X-CUBE-AZRTOS-WL.2.0.0
2025-07-22 13:15:47,251 [WARN] PackLoader:240 - Cannot read IP mode file for STMicroelectronics.FP-SNS-MOTENV1.5.0.0
2025-07-22 13:15:47,255 [WARN] PackLoader:240 - Cannot read IP mode file for wolfSSL.I-CUBE-wolfMQTT.1.19.0
2025-07-22 13:15:47,264 [WARN] PackLoader:240 - Cannot read IP mode file for WES.I-CUBE-Cesium.1.3.0
2025-07-22 13:15:47,272 [WARN] PackLoader:240 - Cannot read IP mode file for STMicroelectronics.X-CUBE-BLE2.3.3.0
2025-07-22 13:15:47,281 [WARN] PackLoader:240 - Cannot read IP mode file for STMicroelectronics.X-CUBE-NFC9.1.0.0
2025-07-22 13:15:47,286 [WARN] PackLoader:240 - Cannot read IP mode file for STMicroelectronics.X-CUBE-BLE1.7.1.0
2025-07-22 13:15:47,392 [WARN] PackLoader:240 - Cannot read IP mode file for STMicroelectronics.X-CUBE-EEPRMA1.5.2.0
2025-07-22 13:15:47,513 [WARN] PackLoader:240 - Cannot read IP mode file for STMicroelectronics.X-CUBE-AI.10.1.0
2025-07-22 13:15:47,582 [WARN] PackLoader:240 - Cannot read IP mode file for STMicroelectronics.X-CUBE-MEMS1.11.2.0
2025-07-22 13:15:47,652 [WARN] PackLoader:240 - Cannot read IP mode file for STMicroelectronics.X-CUBE-AZRTOS-G0.1.1.0
2025-07-22 13:15:47,662 [WARN] PackLoader:240 - Cannot read IP mode file for STMicroelectronics.X-CUBE-SAFEA1.1.2.2
2025-07-22 13:15:47,668 [WARN] PackLoader:240 - Cannot read IP mode file for STMicroelectronics.X-CUBE-NFC4.3.0.0
2025-07-22 13:15:47,681 [WARN] PackLoader:240 - Cannot read IP mode file for EmbeddedOffice.I-CUBE-FS-RTOS.1.0.1
2025-07-22 13:15:47,690 [WARN] PackLoader:240 - Cannot read IP mode file for STMicroelectronics.X-CUBE-WB05N.2.0.0
2025-07-22 13:15:47,698 [WARN] PackLoader:240 - Cannot read IP mode file for STMicroelectronics.X-CUBE-TCPP.4.2.0
2025-07-22 13:15:47,702 [WARN] PackLoader:240 - Cannot read IP mode file for RealThread.X-CUBE-RT-Thread_Nano.4.1.1
2025-07-22 13:15:47,705 [WARN] PackLoader:240 - Cannot read IP mode file for STMicroelectronics.FP-ATR-SIGFOX1.3.2.0
2025-07-22 13:15:47,708 [WARN] ConditionMgr:438 - getConditionDescription Invalid condition id : Cortex-A Device cause : null
2025-07-22 13:15:47,771 [WARN] ConditionMgr:1044 - genDependencies : Invalid condition id : Cortex-A Device cause : null
2025-07-22 13:15:47,771 [WARN] ConditionMgr:1044 - genDependencies : Invalid condition id : Cortex-A Device cause : null
2025-07-22 13:15:47,772 [WARN] ConditionMgr:1044 - genDependencies : Invalid condition id : Cortex-A Device cause : null
2025-07-22 13:15:47,778 [WARN] PackLoader:240 - Cannot read IP mode file for STMicroelectronics.X-CUBE-EEPRMA1.5.1.0
2025-07-22 13:15:47,786 [WARN] PackLoader:240 - Cannot read IP mode file for wolfSSL.I-CUBE-wolfSSL.5.7.6
2025-07-22 13:15:47,793 [WARN] PackLoader:240 - Cannot read IP mode file for ITTIA_DB.I-CUBE-ITTIADB.8.9.0
2025-07-22 13:15:47,819 [WARN] PackLoader:240 - Cannot read IP mode file for STMicroelectronics.X-CUBE-ST67W61.1.0.0
2025-07-22 13:15:47,875 [WARN] PackLoader:240 - Cannot read IP mode file for SEGGER.I-CUBE-embOS.1.3.1
2025-07-22 13:15:47,906 [WARN] PackLoader:240 - Cannot read IP mode file for STMicroelectronics.X-CUBE-ALGOBUILD.1.4.0
2025-07-22 13:15:47,964 [WARN] PackLoader:240 - Cannot read IP mode file for STMicroelectronics.X-CUBE-MEMS1.11.3.0
2025-07-22 13:15:48,043 [WARN] PackLoader:240 - Cannot read IP mode file for STMicroelectronics.X-CUBE-PM33A1.1.0.0
2025-07-22 13:15:48,076 [WARN] PackLoader:240 - Cannot read IP mode file for STMicroelectronics.X-CUBE-AZRTOS-F4.1.1.0
2025-07-22 13:15:48,085 [WARN] PackLoader:240 - Cannot read IP mode file for Avnet-IotConnect.X-CUBE-IoTC-DA16k-PMOD.1.0.0
2025-07-22 13:15:48,093 [WARN] PackLoader:240 - Cannot read IP mode file for STMicroelectronics.X-CUBE-ISPU.2.1.0
2025-07-22 13:15:48,105 [WARN] PackLoader:240 - Cannot read IP mode file for STMicroelectronics.X-CUBE-NFC12.1.0.0
2025-07-22 13:15:48,126 [WARN] PackLoader:240 - Cannot read IP mode file for STMicroelectronics.X-CUBE-AZRTOS-L5.2.0.0
2025-07-22 13:15:48,136 [WARN] PackLoader:240 - Cannot read IP mode file for STMicroelectronics.X-CUBE-NFC6.3.1.0
2025-07-22 13:15:48,149 [WARN] PackLoader:240 - Cannot read IP mode file for STMicroelectronics.X-CUBE-DPower.1.2.0
2025-07-22 13:15:48,153 [WARN] PackLoader:240 - Cannot read IP mode file for STMicroelectronics.X-CUBE-FREERTOS.1.3.1
2025-07-22 13:15:48,157 [WARN] PackLoader:240 - Cannot read IP mode file for STMicroelectronics.X-CUBE-FREERTOS.1.3.0
2025-07-22 13:15:48,163 [WARN] PackLoader:240 - Cannot read IP mode file for STMicroelectronics.X-CUBE-NFC7.1.0.1
2025-07-22 13:15:48,169 [WARN] PackLoader:240 - Cannot read IP mode file for STMicroelectronics.FP-SNS-STAIOTCFT.1.0.0
2025-07-22 13:15:48,175 [WARN] PackLoader:240 - Cannot read IP mode file for STMicroelectronics.X-CUBE-DPower.1.3.0
2025-07-22 13:15:48,193 [WARN] ConditionMgr:438 - getConditionDescription Invalid condition id : LAN8742 Phy interface Condition cause : null
2025-07-22 13:15:48,194 [WARN] PackLoader:240 - Cannot read IP mode file for STMicroelectronics.X-CUBE-AZRTOS-L4.2.0.0
2025-07-22 13:15:48,196 [WARN] ConditionMgr:1044 - genDependencies : Invalid condition id : LAN8742 Phy interface Condition cause : null
2025-07-22 13:15:48,198 [WARN] ConditionMgr:1044 - genDependencies : Invalid condition id : LAN8742 Phy interface Condition cause : null
2025-07-22 13:15:48,199 [WARN] ConditionMgr:1044 - genDependencies : Invalid condition id : LAN8742 Phy interface Condition cause : null
2025-07-22 13:15:48,210 [WARN] PackLoader:240 - Cannot read IP mode file for STMicroelectronics.X-CUBE-SFXS2LP1.4.0.0
2025-07-22 13:15:48,229 [WARN] PackLoader:240 - Cannot read IP mode file for STMicroelectronics.X-CUBE-AZRTOS-H7.3.3.0
2025-07-22 13:15:48,253 [WARN] PackLoader:240 - Cannot read IP mode file for STMicroelectronics.X-CUBE-BLEMGR.4.1.0
2025-07-22 13:15:48,271 [WARN] ConditionMgr:438 - getConditionDescription Invalid condition id : UX DEVICE CLASS RTOS Condition cause : null
2025-07-22 13:15:48,272 [WARN] ConditionMgr:438 - getConditionDescription Invalid condition id : UX DEVICE CLASS RTOS Condition cause : null
2025-07-22 13:15:48,276 [WARN] PackLoader:240 - Cannot read IP mode file for STMicroelectronics.X-CUBE-AZRTOS-WB.2.0.0
2025-07-22 13:15:48,277 [WARN] ConditionMgr:1044 - genDependencies : Invalid condition id : UX DEVICE CLASS RTOS Condition cause : null
2025-07-22 13:15:48,277 [WARN] ConditionMgr:1044 - genDependencies : Invalid condition id : UX DEVICE CLASS RTOS Condition cause : null
2025-07-22 13:15:48,278 [WARN] ConditionMgr:1044 - genDependencies : Invalid condition id : UX DEVICE CLASS RTOS Condition cause : null
2025-07-22 13:15:48,278 [WARN] ConditionMgr:1044 - genDependencies : Invalid condition id : UX DEVICE CLASS RTOS Condition cause : null
2025-07-22 13:15:48,278 [WARN] ConditionMgr:1044 - genDependencies : Invalid condition id : UX DEVICE CLASS RTOS Condition cause : null
2025-07-22 13:15:48,283 [WARN] PackLoader:240 - Cannot read IP mode file for STMicroelectronics.X-CUBE-GNSS1.7.0.1
2025-07-22 13:15:48,290 [WARN] PackLoader:240 - Cannot read IP mode file for STMicroelectronics.X-CUBE-TOUCHGFX.4.25.0
2025-07-22 13:15:48,297 [WARN] PackLoader:240 - Cannot read IP mode file for STMicroelectronics.FP-SNS-STBOX1.2.0.0
2025-07-22 13:15:48,307 [WARN] PackLoader:240 - Cannot read IP mode file for STMicroelectronics.X-CUBE-SUBG2.5.0.0
2025-07-22 13:15:48,356 [WARN] PackLoader:240 - Cannot read IP mode file for STMicroelectronics.X-CUBE-AZRTOS-H7RS.1.1.0
2025-07-22 13:15:48,504 [WARN] PackLoader:240 - Cannot read IP mode file for Cesanta.I-CUBE-Mongoose.7.13.0
2025-07-22 13:15:48,539 [WARN] PackLoader:240 - Cannot read IP mode file for STMicroelectronics.X-CUBE-AZRTOS-G4.2.0.0
2025-07-22 13:15:48,550 [WARN] PackLoader:240 - Cannot read IP mode file for STMicroelectronics.X-CUBE-NFC7.2.0.0
2025-07-22 13:15:48,559 [WARN] PackLoader:240 - Cannot read IP mode file for STMicroelectronics.X-CUBE-IPS.3.1.0
2025-07-22 13:15:48,565 [WARN] PackLoader:240 - Cannot read IP mode file for STMicroelectronics.X-CUBE-ALS.1.0.2
2025-07-22 13:15:48,568 [WARN] PackLoader:240 - Cannot read IP mode file for STMicroelectronics.X-CUBE-TOUCHGFX.4.24.2
2025-07-22 13:15:48,571 [WARN] PackLoader:240 - Cannot read IP mode file for wolfSSL.I-CUBE-wolfTPM.3.4.0
2025-07-22 13:15:48,576 [WARN] PackLoader:240 - Cannot read IP mode file for portGmbH.I-Cube-SoM-uGOAL.1.1.0
2025-07-22 13:15:48,593 [WARN] PackLoader:240 - Cannot read IP mode file for STMicroelectronics.X-CUBE-AZRTOS-H7RS.1.0.0
2025-07-22 13:15:48,606 [WARN] PackLoader:240 - Cannot read IP mode file for STMicroelectronics.X-CUBE-TOF1.3.4.2
2025-07-22 13:15:48,620 [WARN] PackLoader:240 - Cannot read IP mode file for STMicroelectronics.X-CUBE-TOF1.3.4.3
2025-07-22 13:15:48,628 [WARN] PackLoader:240 - Cannot read IP mode file for wolfSSL.I-CUBE-wolfSSH.1.4.17
2025-07-22 13:15:48,649 [INFO] ThirdParty:978 - Integrity check success = true
2025-07-22 13:15:48,649 [INFO] IntegrityCheckThread:100 - exiting critical section [integrity check]
2025-07-22 13:15:48,649 [INFO] IntegrityCheckThread:103 - End integrity checks thread
2025-07-22 13:15:50,711 [INFO] WebApp:169 - Instantiating new browser for Auth
2025-07-22 13:15:51,895 [INFO] WebApp:463 - Apply proxy settings
2025-07-22 13:15:51,910 [INFO] WebApp:508 - Chromium authenticates against Manually configured proxy
2025-07-22 13:15:51,921 [INFO] WebApp:516 - Username used for proxy authentication: 
2025-07-22 13:15:51,959 [INFO] WebApp:894 - Register for checkConnection events
2025-07-22 13:15:51,960 [INFO] WebApp:463 - Apply proxy settings
2025-07-22 13:15:51,964 [INFO] WebApp:508 - Chromium authenticates against Manually configured proxy
2025-07-22 13:15:51,964 [INFO] WebApp:516 - Username used for proxy authentication: 
2025-07-22 13:15:52,098 [INFO] WebApp:225 - Starting web application
2025-07-22 13:15:52,098 [INFO] WebApp:593 - Web application path used /Applications/STM32CubeIDE.app/Contents/Eclipse/plugins/com.st.stm32cube.common.mx_6.14.1.202504091515/db/plugins/mcufinder/reactClient1/index.html
2025-07-22 13:15:52,525 [INFO] WebApp:191 - Connection restablished
2025-07-22 13:15:52,708 [INFO] UserAuth:484 - Internet connection configuration mode: 1
2025-07-22 14:19:01,012 [INFO] WebApp:194 - Connection lost
2025-07-22 14:19:01,509 [INFO] WebApp:191 - Connection restablished
2025-07-22 15:25:29,243 [INFO] WebApp:194 - Connection lost
2025-07-22 15:25:30,161 [INFO] WebApp:191 - Connection restablished
2025-07-22 16:13:25,965 [INFO] WebApp:194 - Connection lost
2025-07-22 16:13:26,547 [INFO] WebApp:191 - Connection restablished
2025-07-22 16:24:41,886 [INFO] WebApp:194 - Connection lost
2025-07-22 16:24:42,269 [INFO] WebApp:191 - Connection restablished
2025-07-22 17:13:04,346 [INFO] WebApp:194 - Connection lost
2025-07-22 17:13:04,957 [INFO] WebApp:191 - Connection restablished
2025-07-22 17:56:15,273 [INFO] WebApp:194 - Connection lost
2025-07-22 17:56:15,866 [INFO] WebApp:191 - Connection restablished
2025-07-22 19:40:13,961 [INFO] WebApp:194 - Connection lost
2025-07-22 19:40:14,572 [INFO] WebApp:191 - Connection restablished
2025-07-22 20:49:25,927 [INFO] WebApp:194 - Connection lost
2025-07-22 20:49:26,910 [INFO] WebApp:191 - Connection restablished
