2025-05-06 14:17:09,685 [INFO] Activator:176 - 


2025-05-06 14:17:09,689 [INFO] Activator:177 - !SESSION log4j initialized
2025-05-06 14:17:13,283 [ERROR] LogOutputStream:75 - [STDERR_REDIRECT] 
2025-05-06 14:17:13,800 [INFO] LogOutputStream:77 - [STDOUT_REDIRECT] 
2025-05-06 14:17:15,106 [INFO] LogOutputStream:77 - [STDOUT_REDIRECT] 
2025-05-06 14:17:16,204 [INFO] ApplicationProperties:184 - Using Application install path: /Applications/STM32CubeIDE.app/Contents/Eclipse/plugins/com.st.stm32cube.common.mx_6.13.0.202411220809
2025-05-06 14:17:16,216 [INFO] DbMcusXml:78 - Set database path to: /Applications/STM32CubeIDE.app/Contents/Eclipse/plugins/com.st.stm32cube.common.mx_6.13.0.202411220809//db//mcu/
2025-05-06 14:17:16,217 [INFO] ApiDb:274 - Set plugin database path to: /Applications/STM32CubeIDE.app/Contents/Eclipse/plugins/com.st.stm32cube.common.mx_6.13.0.202411220809//db//plugins/boardmanager/
2025-05-06 14:17:16,218 [WARN] ApiDb:259 - Overriding images path with different value:  => /Applications/STM32CubeIDE.app/Contents/Eclipse/plugins/com.st.stm32cube.common.mx_6.13.0.202411220809//db//plugins/mcufinder/images/
2025-05-06 14:17:16,223 [INFO] ApiDb:250 - Set database path to: /Users/mauricewashington/.stmcufinder/plugins/mcufinder//mcu/
2025-05-06 14:17:16,224 [INFO] DbMcusAds:125 - Set database path to: /Users/mauricewashington/.stmcufinder/plugins/mcufinder//mcu/
2025-05-06 14:17:16,225 [INFO] CrossReferenceDbSqlite:203 - Set database path to: /Users/mauricewashington/.stmcufinder/plugins/mcufinder//mcu/cs/
2025-05-06 14:17:16,334 [INFO] RulesReader:64 - Compatibility file has been processed (297 Rules)
2025-05-06 14:17:16,467 [INFO] DbMcusXml:78 - Set database path to: /Applications/STM32CubeIDE.app/Contents/Eclipse/plugins/com.st.stm32cube.common.mx_6.13.0.202411220809//db//mcu/
2025-05-06 14:17:16,467 [INFO] ApiDb:274 - Set plugin database path to: /Applications/STM32CubeIDE.app/Contents/Eclipse/plugins/com.st.stm32cube.common.mx_6.13.0.202411220809//db//plugins/boardmanager/
2025-05-06 14:17:16,468 [INFO] ApiDb:261 - Set plugin images path to: /Applications/STM32CubeIDE.app/Contents/Eclipse/plugins/com.st.stm32cube.common.mx_6.13.0.202411220809//db//plugins/mcufinder/images/
2025-05-06 14:17:16,468 [WARN] DbFile:41 - Overriding database path with different value: /Users/mauricewashington/.stmcufinder/plugins/mcufinder/ => /Users/mauricewashington/.stmcufinder/plugins/mcufinder
2025-05-06 14:17:16,468 [INFO] ApiDb:250 - Set database path to: /Users/mauricewashington/.stmcufinder/plugins/mcufinder//mcu/
2025-05-06 14:17:16,469 [WARN] DbFile:41 - Overriding database path with different value: /Users/mauricewashington/.stmcufinder/plugins/mcufinder/ => /Users/mauricewashington/.stmcufinder/plugins/mcufinder
2025-05-06 14:17:16,469 [INFO] DbMcusAds:125 - Set database path to: /Users/mauricewashington/.stmcufinder/plugins/mcufinder//mcu/
2025-05-06 14:17:16,469 [WARN] DbFile:41 - Overriding database path with different value: /Users/mauricewashington/.stmcufinder/plugins/mcufinder/ => /Users/mauricewashington/.stmcufinder/plugins/mcufinder
2025-05-06 14:17:16,469 [WARN] DbFile:41 - Overriding database path with different value: /Users/mauricewashington/.stmcufinder/plugins/mcufinder/ => /Users/mauricewashington/.stmcufinder/plugins/mcufinder
2025-05-06 14:17:16,469 [INFO] CrossReferenceDbSqlite:203 - Set database path to: /Users/mauricewashington/.stmcufinder/plugins/mcufinder//mcu/cs/
2025-05-06 14:17:16,525 [ERROR] LogOutputStream:75 - [STDERR_REDIRECT] [Fatal Error] :2:10: DOCTYPE is disallowed when the feature "http://apache.org/xml/features/disallow-doctype-decl" set to true.
2025-05-06 14:17:16,525 [ERROR] LogOutputStream:75 - [STDERR_REDIRECT] 
2025-05-06 14:17:16,531 [INFO] MainPanel:272 - HeapMemory: 331350016
2025-05-06 14:17:16,978 [INFO] DbMcusXml:78 - Set database path to: /Applications/STM32CubeIDE.app/Contents/Eclipse/plugins/com.st.stm32cube.common.mx_6.13.0.202411220809//db//mcu/
2025-05-06 14:17:16,978 [INFO] ApiDb:274 - Set plugin database path to: /Applications/STM32CubeIDE.app/Contents/Eclipse/plugins/com.st.stm32cube.common.mx_6.13.0.202411220809//db//plugins/boardmanager/
2025-05-06 14:17:16,978 [INFO] ApiDb:261 - Set plugin images path to: /Applications/STM32CubeIDE.app/Contents/Eclipse/plugins/com.st.stm32cube.common.mx_6.13.0.202411220809//db//plugins/mcufinder/images/
2025-05-06 14:17:16,978 [WARN] DbFile:41 - Overriding database path with different value: /Users/mauricewashington/.stmcufinder/plugins/mcufinder/ => /Users/mauricewashington/.stmcufinder/plugins/mcufinder
2025-05-06 14:17:16,978 [INFO] ApiDb:250 - Set database path to: /Users/mauricewashington/.stmcufinder/plugins/mcufinder//mcu/
2025-05-06 14:17:16,978 [WARN] DbFile:41 - Overriding database path with different value: /Users/mauricewashington/.stmcufinder/plugins/mcufinder/ => /Users/mauricewashington/.stmcufinder/plugins/mcufinder
2025-05-06 14:17:16,978 [INFO] DbMcusAds:125 - Set database path to: /Users/mauricewashington/.stmcufinder/plugins/mcufinder//mcu/
2025-05-06 14:17:16,978 [WARN] DbFile:41 - Overriding database path with different value: /Users/mauricewashington/.stmcufinder/plugins/mcufinder/ => /Users/mauricewashington/.stmcufinder/plugins/mcufinder
2025-05-06 14:17:16,978 [WARN] DbFile:41 - Overriding database path with different value: /Users/mauricewashington/.stmcufinder/plugins/mcufinder/ => /Users/mauricewashington/.stmcufinder/plugins/mcufinder
2025-05-06 14:17:16,978 [INFO] CrossReferenceDbSqlite:203 - Set database path to: /Users/mauricewashington/.stmcufinder/plugins/mcufinder//mcu/cs/
2025-05-06 14:17:16,991 [INFO] ApplicationProperties:184 - Using Application install path: /Applications/STM32CubeIDE.app/Contents/Eclipse/plugins/com.st.stm32cube.common.mx_6.13.0.202411220809
2025-05-06 14:17:16,992 [INFO] PluginManage:196 - Search for loadable plugins [exclusion list=, ]
2025-05-06 14:17:16,993 [INFO] PluginManage:310 - Check plugin analytics
2025-05-06 14:17:17,145 [INFO] AnalyticsPlugin:253 - Accepted Software Licenses: 
2025-05-06 14:17:17,145 [INFO] AnalyticsPlugin:255 - Accepted CMSIS Pack Licenses: 
2025-05-06 14:17:17,145 [INFO] AnalyticsPlugin:257 - Accepted Firmware Licenses: 
2025-05-06 14:17:17,148 [INFO] PluginManage:359 - Loaded plugin analytics (category:tool,tabindex:-1)
2025-05-06 14:17:17,149 [INFO] PluginManage:310 - Check plugin cadmodel
2025-05-06 14:17:17,161 [INFO] CADModel:105 - Init CAD model plugin
2025-05-06 14:17:17,161 [INFO] PluginManage:359 - Loaded plugin cadmodel (category:power,tabindex:5)
2025-05-06 14:17:17,162 [INFO] PluginManage:310 - Check plugin clock
2025-05-06 14:17:17,169 [INFO] PluginManage:359 - Loaded plugin clock (category:base,tabindex:2)
2025-05-06 14:17:17,170 [INFO] PluginManage:310 - Check plugin ddr
2025-05-06 14:17:17,171 [INFO] PluginManage:359 - Loaded plugin ddr (category:tool,tabindex:6)
2025-05-06 14:17:17,171 [INFO] PluginManage:310 - Check plugin filemanager
2025-05-06 14:17:17,308 [INFO] PluginManage:359 - Loaded plugin filemanager (category:base,tabindex:10)
2025-05-06 14:17:17,309 [INFO] PluginManage:310 - Check plugin ipmanager
2025-05-06 14:17:17,315 [INFO] PluginManage:359 - Loaded plugin ipmanager (category:base,tabindex:5)
2025-05-06 14:17:17,315 [INFO] PluginManage:310 - Check plugin lpbam
2025-05-06 14:17:17,322 [INFO] PluginManage:359 - Loaded plugin lpbam (category:base,tabindex:0)
2025-05-06 14:17:17,322 [INFO] PluginManage:310 - Check plugin memorymap
2025-05-06 14:17:17,330 [INFO] PluginManage:359 - Loaded plugin memorymap (category:base,tabindex:4)
2025-05-06 14:17:17,330 [INFO] PluginManage:310 - Check plugin pinoutandconfiguration
2025-05-06 14:17:17,334 [INFO] PluginManage:359 - Loaded plugin pinoutandconfiguration (category:base,tabindex:1)
2025-05-06 14:17:17,334 [INFO] PluginManage:310 - Check plugin pinoutconfig
2025-05-06 14:17:17,391 [WARN] SupportedApi:132 - Cannot load RTOS API schema: s4s-elt-must-match.1: The content of 'definitions' must match (annotation?, (simpleType | complexType)?, (unique | key | keyref)*)). A problem was found starting at: attribute.
2025-05-06 14:17:17,497 [INFO] PluginManage:359 - Loaded plugin pinoutconfig (category:base,tabindex:0)
2025-05-06 14:17:17,498 [INFO] PluginManage:310 - Check plugin power
2025-05-06 14:17:17,505 [INFO] PluginManage:359 - Loaded plugin power (category:power,tabindex:4)
2025-05-06 14:17:17,505 [INFO] PluginManage:310 - Check plugin projectmanager
2025-05-06 14:17:17,527 [INFO] PluginManage:359 - Loaded plugin projectmanager (category:projectmanager,tabindex:4)
2025-05-06 14:17:17,527 [INFO] PluginManage:310 - Check plugin rif
2025-05-06 14:17:17,531 [INFO] PluginManage:359 - Loaded plugin rif (category:base,tabindex:3)
2025-05-06 14:17:17,531 [INFO] PluginManage:310 - Check plugin thirdparty
2025-05-06 14:17:17,652 [INFO] PluginManage:359 - Loaded plugin thirdparty (category:base,tabindex:-1)
2025-05-06 14:17:17,652 [WARN] IntegrityCheckThread:84 - waiting for thirdparty lock release [integrity check]
2025-05-06 14:17:17,652 [INFO] IntegrityCheckThread:86 - entering critical section [integrity check]
2025-05-06 14:17:17,652 [INFO] PluginManage:310 - Check plugin tools
2025-05-06 14:17:17,653 [INFO] ThirdPartyUpdaterWithRetryManager:70 - Updater plugin not ready yet. [1/15]
2025-05-06 14:17:17,655 [INFO] PluginManage:359 - Loaded plugin tools (category:base,tabindex:7)
2025-05-06 14:17:17,655 [INFO] PluginManage:310 - Check plugin tutovideos
2025-05-06 14:17:17,776 [INFO] PluginManage:359 - Loaded plugin tutovideos (category:base,tabindex:-1)
2025-05-06 14:17:17,776 [INFO] PluginManage:310 - Check plugin updater
2025-05-06 14:17:17,798 [INFO] PluginManage:359 - Loaded plugin updater (category:base,tabindex:12)
2025-05-06 14:17:17,798 [INFO] PluginManage:310 - Check plugin userauth
2025-05-06 14:17:17,801 [INFO] UserAuth:118 - Init User Auth plugin
2025-05-06 14:17:17,803 [INFO] PluginManage:359 - Loaded plugin userauth (category:base,tabindex:14)
2025-05-06 14:17:17,803 [INFO] PluginManage:283 - PluginManage : Loaded plugins [18]
2025-05-06 14:17:17,975 [INFO] PinOutPanel:1589 - setPackage(No Configuration,No Configuration)
2025-05-06 14:17:18,026 [INFO] CADModel:165 - CPN selected for project level
2025-05-06 14:17:18,026 [INFO] CADModel:114 - Register for checkConnection events
2025-05-06 14:17:18,034 [INFO] IPUIPlugin:80 - create IPUIPlugin
2025-05-06 14:17:18,034 [INFO] PluginManager:220 - loadIPPluginJar : add mdma
2025-05-06 14:17:18,038 [INFO] IPUIPlugin:80 - create IPUIPlugin
2025-05-06 14:17:18,038 [INFO] PluginManager:220 - loadIPPluginJar : add freertos
2025-05-06 14:17:18,040 [INFO] IPUIPlugin:80 - create IPUIPlugin
2025-05-06 14:17:18,040 [INFO] PluginManager:220 - loadIPPluginJar : add gic
2025-05-06 14:17:18,045 [INFO] IPUIPlugin:80 - create IPUIPlugin
2025-05-06 14:17:18,045 [INFO] PluginManager:220 - loadIPPluginJar : add adc
2025-05-06 14:17:18,046 [INFO] IPUIPlugin:80 - create IPUIPlugin
2025-05-06 14:17:18,046 [INFO] PluginManager:220 - loadIPPluginJar : add gtzc
2025-05-06 14:17:18,047 [INFO] IPUIPlugin:80 - create IPUIPlugin
2025-05-06 14:17:18,047 [INFO] PluginManager:220 - loadIPPluginJar : add quadspi
2025-05-06 14:17:18,048 [INFO] IPUIPlugin:80 - create IPUIPlugin
2025-05-06 14:17:18,048 [INFO] PluginManager:220 - loadIPPluginJar : add aes
2025-05-06 14:17:18,049 [INFO] IPUIPlugin:80 - create IPUIPlugin
2025-05-06 14:17:18,049 [INFO] PluginManager:220 - loadIPPluginJar : add pdm2pcm
2025-05-06 14:17:18,050 [INFO] IPUIPlugin:80 - create IPUIPlugin
2025-05-06 14:17:18,050 [INFO] PluginManager:220 - loadIPPluginJar : add hash
2025-05-06 14:17:18,051 [INFO] IPUIPlugin:80 - create IPUIPlugin
2025-05-06 14:17:18,051 [INFO] PluginManager:220 - loadIPPluginJar : add tim
2025-05-06 14:17:18,051 [INFO] IPUIPlugin:80 - create IPUIPlugin
2025-05-06 14:17:18,051 [INFO] PluginManager:220 - loadIPPluginJar : add tsc
2025-05-06 14:17:18,053 [INFO] IPUIPlugin:80 - create IPUIPlugin
2025-05-06 14:17:18,053 [INFO] PluginManager:220 - loadIPPluginJar : add extmemmanager
2025-05-06 14:17:18,054 [INFO] IPUIPlugin:80 - create IPUIPlugin
2025-05-06 14:17:18,054 [INFO] PluginManager:220 - loadIPPluginJar : add ts
2025-05-06 14:17:18,055 [INFO] IPUIPlugin:80 - create IPUIPlugin
2025-05-06 14:17:18,055 [INFO] PluginManager:220 - loadIPPluginJar : add radio
2025-05-06 14:17:18,056 [INFO] IPUIPlugin:80 - create IPUIPlugin
2025-05-06 14:17:18,056 [INFO] PluginManager:220 - loadIPPluginJar : add can
2025-05-06 14:17:18,057 [INFO] IPUIPlugin:80 - create IPUIPlugin
2025-05-06 14:17:18,057 [INFO] PluginManager:220 - loadIPPluginJar : add dma3
2025-05-06 14:17:18,059 [INFO] IPUIPlugin:80 - create IPUIPlugin
2025-05-06 14:17:18,059 [INFO] PluginManager:220 - loadIPPluginJar : add dfsdm
2025-05-06 14:17:18,060 [INFO] IPUIPlugin:80 - create IPUIPlugin
2025-05-06 14:17:18,060 [INFO] PluginManager:220 - loadIPPluginJar : add spi
2025-05-06 14:17:18,061 [INFO] IPUIPlugin:80 - create IPUIPlugin
2025-05-06 14:17:18,062 [INFO] PluginManager:220 - loadIPPluginJar : add gfxmmu
2025-05-06 14:17:18,063 [INFO] IPUIPlugin:80 - create IPUIPlugin
2025-05-06 14:17:18,063 [INFO] PluginManager:220 - loadIPPluginJar : add genericplugin
2025-05-06 14:17:18,064 [INFO] IPUIPlugin:80 - create IPUIPlugin
2025-05-06 14:17:18,065 [INFO] PluginManager:220 - loadIPPluginJar : add cryp
2025-05-06 14:17:18,067 [INFO] IPUIPlugin:80 - create IPUIPlugin
2025-05-06 14:17:18,067 [INFO] PluginManager:220 - loadIPPluginJar : add gpio
2025-05-06 14:17:18,068 [INFO] IPUIPlugin:80 - create IPUIPlugin
2025-05-06 14:17:18,068 [INFO] PluginManager:220 - loadIPPluginJar : add ddr_ctrl_phy
2025-05-06 14:17:18,069 [INFO] IPUIPlugin:80 - create IPUIPlugin
2025-05-06 14:17:18,069 [INFO] PluginManager:220 - loadIPPluginJar : add comp
2025-05-06 14:17:18,070 [INFO] IPUIPlugin:80 - create IPUIPlugin
2025-05-06 14:17:18,071 [INFO] PluginManager:220 - loadIPPluginJar : add tracer_emb
2025-05-06 14:17:18,072 [INFO] IPUIPlugin:80 - create IPUIPlugin
2025-05-06 14:17:18,072 [INFO] PluginManager:220 - loadIPPluginJar : add openamp
2025-05-06 14:17:18,074 [INFO] IPUIPlugin:80 - create IPUIPlugin
2025-05-06 14:17:18,075 [INFO] PluginManager:220 - loadIPPluginJar : add stm32_wpan
2025-05-06 14:17:18,077 [INFO] IPUIPlugin:80 - create IPUIPlugin
2025-05-06 14:17:18,079 [INFO] PluginManager:220 - loadIPPluginJar : add plateformsettings
2025-05-06 14:17:18,080 [INFO] IPUIPlugin:80 - create IPUIPlugin
2025-05-06 14:17:18,081 [INFO] PluginManager:220 - loadIPPluginJar : add ipddr
2025-05-06 14:17:18,081 [INFO] IPUIPlugin:80 - create IPUIPlugin
2025-05-06 14:17:18,082 [INFO] PluginManager:220 - loadIPPluginJar : add usart
2025-05-06 14:17:18,082 [INFO] IPUIPlugin:80 - create IPUIPlugin
2025-05-06 14:17:18,082 [INFO] PluginManager:220 - loadIPPluginJar : add ltdc
2025-05-06 14:17:18,083 [INFO] IPUIPlugin:80 - create IPUIPlugin
2025-05-06 14:17:18,083 [INFO] PluginManager:220 - loadIPPluginJar : add nvic
2025-05-06 14:17:18,084 [INFO] IPUIPlugin:80 - create IPUIPlugin
2025-05-06 14:17:18,084 [INFO] PluginManager:220 - loadIPPluginJar : add fatfs
2025-05-06 14:17:18,087 [INFO] IPUIPlugin:80 - create IPUIPlugin
2025-05-06 14:17:18,087 [INFO] PluginManager:220 - loadIPPluginJar : add linkedlist
2025-05-06 14:17:18,090 [INFO] IPUIPlugin:80 - create IPUIPlugin
2025-05-06 14:17:18,090 [INFO] PluginManager:220 - loadIPPluginJar : add dma
2025-05-06 14:17:18,092 [INFO] IPUIPlugin:80 - create IPUIPlugin
2025-05-06 14:17:18,092 [INFO] PluginManager:220 - loadIPPluginJar : add fmc
2025-05-06 14:17:18,092 [INFO] IPUIPlugin:80 - create IPUIPlugin
2025-05-06 14:17:18,092 [INFO] PluginManager:220 - loadIPPluginJar : add i2s
2025-05-06 14:17:18,093 [INFO] IPUIPlugin:80 - create IPUIPlugin
2025-05-06 14:17:18,093 [INFO] PluginManager:220 - loadIPPluginJar : add ucpd
2025-05-06 14:17:18,094 [INFO] IPUIPlugin:80 - create IPUIPlugin
2025-05-06 14:17:18,094 [INFO] PluginManager:220 - loadIPPluginJar : add lorawan
2025-05-06 14:17:18,095 [INFO] IPUIPlugin:80 - create IPUIPlugin
2025-05-06 14:17:18,095 [INFO] PluginManager:220 - loadIPPluginJar : add opamp
2025-05-06 14:17:18,096 [INFO] IPUIPlugin:80 - create IPUIPlugin
2025-05-06 14:17:18,096 [INFO] PluginManager:220 - loadIPPluginJar : add i3c
2025-05-06 14:17:18,098 [INFO] IPUIPlugin:80 - create IPUIPlugin
2025-05-06 14:17:18,098 [INFO] PluginManager:220 - loadIPPluginJar : add touchsensing
2025-05-06 14:17:18,099 [INFO] IPUIPlugin:80 - create IPUIPlugin
2025-05-06 14:17:18,099 [INFO] PluginManager:220 - loadIPPluginJar : add i2c
2025-05-06 14:17:18,101 [INFO] IPUIPlugin:80 - create IPUIPlugin
2025-05-06 14:17:18,101 [INFO] PluginManager:220 - loadIPPluginJar : add resmgrutility
2025-05-06 14:17:18,103 [INFO] IPUIPlugin:80 - create IPUIPlugin
2025-05-06 14:17:18,103 [INFO] PluginManager:220 - loadIPPluginJar : add sai
2025-05-06 14:17:18,105 [INFO] IPUIPlugin:80 - create IPUIPlugin
2025-05-06 14:17:18,105 [INFO] PluginManager:220 - loadIPPluginJar : add usbx
2025-05-06 14:17:18,212 [FATAL] Updater:351 - Updater called before beeing initialized
2025-05-06 14:17:18,247 [INFO] RulesReader:64 - Compatibility file has been processed (297 Rules)
2025-05-06 14:17:18,254 [INFO] RulesReader:64 - Compatibility file has been processed (297 Rules)
2025-05-06 14:17:18,265 [INFO] CADModel:165 - CPN selected for project level
2025-05-06 14:17:18,265 [INFO] CADModel:114 - Register for checkConnection events
2025-05-06 14:17:18,265 [FATAL] Updater:351 - Updater called before beeing initialized
2025-05-06 14:17:18,265 [ERROR] CADModel:125 - Updater not yet initialized, retry later 
2025-05-06 14:17:18,436 [FATAL] Updater:351 - Updater called before beeing initialized
2025-05-06 14:17:18,438 [INFO] CADModel:165 - CPN selected for project level
2025-05-06 14:17:18,438 [INFO] CADModel:114 - Register for checkConnection events
2025-05-06 14:17:18,438 [FATAL] Updater:351 - Updater called before beeing initialized
2025-05-06 14:17:18,438 [ERROR] CADModel:125 - Updater not yet initialized, retry later 
2025-05-06 14:17:18,440 [FATAL] Updater:351 - Updater called before beeing initialized
2025-05-06 14:17:18,535 [FATAL] Updater:351 - Updater called before beeing initialized
2025-05-06 14:17:18,538 [INFO] DbMcusAds:53 - JSON generation date=Tue Dec 17 08:01:15 PST 2024 (1734451275143)
2025-05-06 14:17:18,538 [FATAL] Updater:351 - Updater called before beeing initialized
2025-05-06 14:17:18,587 [WARN] DetailPanel:346 - Failed to get advertising image, set to default
2025-05-06 14:17:18,724 [FATAL] Updater:351 - Updater called before beeing initialized
2025-05-06 14:17:18,726 [FATAL] Updater:351 - Updater called before beeing initialized
2025-05-06 14:17:18,726 [FATAL] Updater:351 - Updater called before beeing initialized
2025-05-06 14:17:18,726 [WARN] DetailPanel:346 - Failed to get advertising image, set to default
2025-05-06 14:17:18,727 [FATAL] Updater:351 - Updater called before beeing initialized
2025-05-06 14:17:18,763 [ERROR] Updater:1198 - MainUpdater not yet initialized. External WinMGr cannot be set.
2025-05-06 14:17:18,789 [INFO] Updater:1134 - Updater Version found : 6.13.0
2025-05-06 14:17:18,800 [INFO] ApplicationProperties:184 - Using Application install path: /Applications/STM32CubeIDE.app/Contents/Eclipse/plugins/com.st.stm32cube.common.mx_6.13.0.202411220809
2025-05-06 14:17:19,031 [INFO] MainUpdater:2872 - connection check result : 10
2025-05-06 14:17:19,031 [INFO] MainUpdater:3566 - Updater definition file requires update
2025-05-06 14:17:19,031 [INFO] MainUpdater:289 - Updater Check For Update Now.
2025-05-06 14:17:19,032 [INFO] MicroXplorer:498 - Change Database Version : DB.6.0.130
2025-05-06 14:17:19,038 [INFO] McuFinderGlobals:63 - Set McuFinder mode to 2 (CubeIDE integrated)
2025-05-06 14:17:19,038 [INFO] UserAuth:171 - activating auth plugin
2025-05-06 14:17:19,046 [INFO] UserAuth:486 - Internet connection configuration mode: 1
2025-05-06 14:17:19,056 [INFO] JxBrowserEngine:152 - Initiate JxBrowser Engine with user profile folder
2025-05-06 14:17:19,059 [INFO] ServerAccessManage:473 - Download File updaters.zip
2025-05-06 14:17:19,495 [INFO] FileExtend:240 - Unzip File : updaters.zip
2025-05-06 14:17:19,507 [INFO] FileExtend:255 - Standard Zip Deflate
2025-05-06 14:17:19,747 [INFO] ServerAccessManage:473 - Download File PacksControlFlags.xml
2025-05-06 14:17:20,180 [INFO] ServerAccessManage:473 - Download File cubemx.pidx
2025-05-06 14:17:20,661 [WARN] MainUpdater:1193 - Updater busy. Cannot search thirdparties
2025-05-06 14:17:20,663 [INFO] ThirdPartyUpdaterWithRetryManager:96 - Updater plugin is busy. [1/15]
2025-05-06 14:17:20,998 [INFO] ServerAccessManage:473 - Download File STMicroelectronics.X-CUBE-DPOWER.pdsc
2025-05-06 14:17:21,687 [ERROR] ServerAccessManage:1089 - Problem, file not found on Server
2025-05-06 14:17:22,201 [ERROR] ServerAccessManage:1089 - Problem, file not found on Server
2025-05-06 14:17:22,396 [ERROR] ServerAccessManage:1089 - Problem, file not found on Server
2025-05-06 14:17:22,913 [ERROR] ServerAccessManage:1089 - Problem, file not found on Server
2025-05-06 14:17:23,106 [ERROR] ServerAccessManage:1089 - Problem, file not found on Server
2025-05-06 14:17:23,304 [ERROR] ServerAccessManage:1089 - Problem, file not found on Server
2025-05-06 14:17:23,667 [WARN] MainUpdater:1193 - Updater busy. Cannot search thirdparties
2025-05-06 14:17:23,668 [INFO] ThirdPartyUpdaterWithRetryManager:96 - Updater plugin is busy. [2/15]
2025-05-06 14:17:23,937 [ERROR] ServerAccessManage:1089 - Problem, file not found on Server
2025-05-06 14:17:24,226 [INFO] WebApp:168 - Instantiating new browser for Auth
2025-05-06 14:17:24,551 [ERROR] ServerAccessManage:1089 - Problem, file not found on Server
2025-05-06 14:17:25,065 [ERROR] ServerAccessManage:1089 - Problem, file not found on Server
2025-05-06 14:17:25,416 [INFO] WebApp:449 - Apply proxy settings
2025-05-06 14:17:25,426 [INFO] WebApp:494 - Chromium authenticates against Manually configured proxy
2025-05-06 14:17:25,443 [INFO] WebApp:502 - Username used for proxy authentication: 
2025-05-06 14:17:25,492 [INFO] WebApp:880 - Register for checkConnection events
2025-05-06 14:17:25,492 [INFO] WebApp:449 - Apply proxy settings
2025-05-06 14:17:25,495 [INFO] WebApp:494 - Chromium authenticates against Manually configured proxy
2025-05-06 14:17:25,495 [INFO] WebApp:502 - Username used for proxy authentication: 
2025-05-06 14:17:25,568 [ERROR] ServerAccessManage:1089 - Problem, file not found on Server
2025-05-06 14:17:25,620 [INFO] WebApp:221 - Starting web application
2025-05-06 14:17:25,621 [INFO] WebApp:579 - Web application path used /Applications/STM32CubeIDE.app/Contents/Eclipse/plugins/com.st.stm32cube.common.mx_6.13.0.202411220809/db/plugins/mcufinder/reactClient1/index.html
2025-05-06 14:17:26,061 [ERROR] ServerAccessManage:1089 - Problem, file not found on Server
2025-05-06 14:17:26,057 [INFO] WebApp:187 - Connection restablished
2025-05-06 14:17:26,184 [INFO] ServerAccessManage:473 - Download File STMicroelectronics.X-CUBE-FREERTOS.pdsc
2025-05-06 14:17:26,673 [WARN] MainUpdater:1193 - Updater busy. Cannot search thirdparties
2025-05-06 14:17:26,674 [INFO] ThirdPartyUpdaterWithRetryManager:96 - Updater plugin is busy. [3/15]
2025-05-06 14:17:27,139 [INFO] ServerAccessManage:473 - Download File STMicroelectronics.X-CUBE-MEMS1.pdsc
2025-05-06 14:17:29,676 [WARN] MainUpdater:1193 - Updater busy. Cannot search thirdparties
2025-05-06 14:17:29,676 [INFO] ThirdPartyUpdaterWithRetryManager:96 - Updater plugin is busy. [4/15]
2025-05-06 14:17:32,680 [WARN] MainUpdater:1193 - Updater busy. Cannot search thirdparties
2025-05-06 14:17:32,680 [INFO] ThirdPartyUpdaterWithRetryManager:96 - Updater plugin is busy. [5/15]
2025-05-06 14:17:35,686 [WARN] MainUpdater:1193 - Updater busy. Cannot search thirdparties
2025-05-06 14:17:35,686 [INFO] ThirdPartyUpdaterWithRetryManager:96 - Updater plugin is busy. [6/15]
2025-05-06 14:17:38,689 [WARN] MainUpdater:1193 - Updater busy. Cannot search thirdparties
2025-05-06 14:17:38,689 [INFO] ThirdPartyUpdaterWithRetryManager:96 - Updater plugin is busy. [7/15]
2025-05-06 14:17:38,995 [INFO] ServerAccessManage:473 - Download File STMicroelectronics.X-CUBE-NFC7.pdsc
2025-05-06 14:17:39,306 [INFO] ServerAccessManage:473 - Download File STMicroelectronics.X-CUBE-TOF1.pdsc
2025-05-06 14:17:40,426 [ERROR] ServerAccessManage:1089 - Problem, file not found on Server
2025-05-06 14:17:41,357 [INFO] ServerAccessManage:473 - Download File STMicroelectronics.X-CUBE-AZRTOS-H7RS.pdsc
2025-05-06 14:17:41,695 [WARN] MainUpdater:1193 - Updater busy. Cannot search thirdparties
2025-05-06 14:17:41,696 [INFO] ThirdPartyUpdaterWithRetryManager:96 - Updater plugin is busy. [8/15]
2025-05-06 14:17:42,358 [INFO] ServerAccessManage:473 - Download File STMicroelectronics.X-CUBE-WB05N.pdsc
2025-05-06 14:17:42,803 [INFO] ServerAccessManage:473 - Download File Avnet-IotConnect.X-CUBE-IoTC-DA16k-PMOD.pdsc
2025-05-06 14:17:42,944 [WARN] PackLoader:240 - Cannot read IP mode file for STMicroelectronics.X-CUBE-DPower.1.3.0
2025-05-06 14:17:42,963 [WARN] PackLoader:240 - Cannot read IP mode file for STMicroelectronics.X-CUBE-FREERTOS.1.3.1
2025-05-06 14:17:43,088 [INFO] CheckServerUpdateThread:120 - End of CheckServer Thread
2025-05-06 14:17:43,099 [WARN] PackLoader:240 - Cannot read IP mode file for STMicroelectronics.X-CUBE-MEMS1.11.2.0
2025-05-06 14:17:43,245 [WARN] PackLoader:240 - Cannot read IP mode file for STMicroelectronics.X-CUBE-NFC7.2.0.0
2025-05-06 14:17:43,266 [WARN] PackLoader:240 - Cannot read IP mode file for STMicroelectronics.X-CUBE-TOF1.3.4.3
2025-05-06 14:17:43,344 [WARN] PackLoader:240 - Cannot read IP mode file for STMicroelectronics.X-CUBE-AZRTOS-H7RS.1.1.0
2025-05-06 14:17:43,360 [WARN] PackLoader:240 - Cannot read IP mode file for STMicroelectronics.X-CUBE-WB05N.2.0.0
2025-05-06 14:17:43,370 [WARN] PackLoader:240 - Cannot read IP mode file for Avnet-IotConnect.X-CUBE-IoTC-DA16k-PMOD.1.0.0
2025-05-06 14:17:43,370 [INFO] PopulateThirdPartyThread:66 - Ending populate Thread
2025-05-06 14:17:43,373 [INFO] ThirdParty:1030 - CMSIS Pack Vendor :STMicroelectronics X-CUBE-FREERTOS 1.3.1
2025-05-06 14:17:43,373 [INFO] ThirdParty:1030 - CMSIS Pack Vendor :STMicroelectronics X-CUBE-NFC7 2.0.0
2025-05-06 14:17:43,373 [INFO] ThirdParty:1030 - CMSIS Pack Vendor :STMicroelectronics X-CUBE-DPower 1.3.0
2025-05-06 14:17:43,373 [INFO] ThirdParty:1030 - CMSIS Pack Vendor :STMicroelectronics X-CUBE-TOF1 3.4.3
2025-05-06 14:17:43,373 [INFO] ThirdParty:1030 - CMSIS Pack Vendor :STMicroelectronics X-CUBE-MEMS1 11.2.0
2025-05-06 14:17:43,373 [INFO] ThirdParty:1030 - CMSIS Pack Vendor :STMicroelectronics X-CUBE-WB05N 2.0.0
2025-05-06 14:17:43,373 [INFO] ThirdParty:1030 - CMSIS Pack Vendor :Avnet-IotConnect X-CUBE-IoTC-DA16k-PMOD 1.0.0
2025-05-06 14:17:43,373 [INFO] ThirdParty:1030 - CMSIS Pack Vendor :STMicroelectronics X-CUBE-AZRTOS-H7RS 1.1.0
2025-05-06 14:17:43,373 [INFO] LoadServerUpdatesThread:375 - End of LoadServerUpdate Thread
2025-05-06 14:17:44,795 [WARN] PackLoader:240 - Cannot read IP mode file for STMicroelectronics.FP-SNS-MOTENVWB1.1.4.0
2025-05-06 14:17:44,810 [WARN] PackLoader:240 - Cannot read IP mode file for STMicroelectronics.FP-ATR-ASTRA1.2.0.2
2025-05-06 14:17:44,813 [WARN] PackLoader:240 - Cannot read IP mode file for STMicroelectronics.FP-ATR-ASTRA1.2.0.1
2025-05-06 14:17:44,815 [WARN] PackLoader:240 - Cannot read IP mode file for STMicroelectronics.X-CUBE-SMBUS.2.1.0
2025-05-06 14:17:44,819 [WARN] PackLoader:240 - Cannot read IP mode file for STMicroelectronics.X-CUBE-WB05N.1.1.0
2025-05-06 14:17:44,837 [WARN] PackLoader:240 - Cannot read IP mode file for STMicroelectronics.X-CUBE-AZRTOS-F7.1.1.0
2025-05-06 14:17:44,845 [WARN] PackLoader:240 - Cannot read IP mode file for STMicroelectronics.FP-SNS-FLIGHT1.5.0.2
2025-05-06 14:17:44,869 [WARN] PackLoader:240 - Cannot read IP mode file for Infineon.AIROC-Wi-Fi-Bluetooth-STM32.1.7.0
2025-05-06 14:17:44,880 [WARN] PackLoader:240 - Cannot read IP mode file for STMicroelectronics.X-CUBE-DISPLAY.3.0.0
2025-05-06 14:17:44,895 [WARN] PackLoader:240 - Cannot read IP mode file for STMicroelectronics.X-CUBE-BLE1.7.0.0
2025-05-06 14:17:44,909 [WARN] PackLoader:240 - Cannot read IP mode file for STMicroelectronics.X-CUBE-NFC10.1.0.0
2025-05-06 14:17:44,925 [WARN] PackLoader:240 - Cannot read IP mode file for STMicroelectronics.X-CUBE-BLEMGR.4.0.0
2025-05-06 14:17:44,934 [WARN] PackLoader:240 - Cannot read IP mode file for emotas.I-CUBE-CANOPEN.1.3.0
2025-05-06 14:17:44,937 [WARN] PackLoader:240 - Cannot read IP mode file for STMicroelectronics.X-CUBE-AI.10.0.0
2025-05-06 14:17:44,943 [WARN] PackLoader:240 - Cannot read IP mode file for STMicroelectronics.FP-SNS-SMARTAG2.1.2.0
2025-05-06 14:17:44,946 [WARN] PackLoader:240 - Cannot read IP mode file for STMicroelectronics.FP-SNS-FLIGHT1.5.1.0
2025-05-06 14:17:44,996 [WARN] PackLoader:240 - Cannot read IP mode file for STMicroelectronics.X-CUBE-MEMS1.11.1.0
2025-05-06 14:17:45,063 [INFO] LogOutputStream:77 - [STDOUT_REDIRECT] 1 : Invalid condition id : UX_CORESTACK_Condition cause : null
2025-05-06 14:17:45,064 [INFO] LogOutputStream:77 - [STDOUT_REDIRECT] 1 : Invalid condition id : UX_CORESTACK_Condition cause : null
2025-05-06 14:17:45,065 [INFO] LogOutputStream:77 - [STDOUT_REDIRECT] 1 : Invalid condition id : UX_CORESTACK_Condition cause : null
2025-05-06 14:17:45,065 [INFO] LogOutputStream:77 - [STDOUT_REDIRECT] 1 : Invalid condition id : UX_CORESTACK_Condition cause : null
2025-05-06 14:17:45,066 [INFO] LogOutputStream:77 - [STDOUT_REDIRECT] 1 : Invalid condition id : UX_CORESTACK_Condition cause : null
2025-05-06 14:17:45,070 [WARN] PackLoader:240 - Cannot read IP mode file for STMicroelectronics.X-CUBE-AZRTOS-WL.2.0.0
2025-05-06 14:17:45,075 [WARN] PackLoader:240 - Cannot read IP mode file for STMicroelectronics.FP-SNS-MOTENV1.5.0.0
2025-05-06 14:17:45,078 [WARN] PackLoader:240 - Cannot read IP mode file for wolfSSL.I-CUBE-wolfMQTT.1.19.0
2025-05-06 14:17:45,082 [WARN] PackLoader:240 - Cannot read IP mode file for WES.I-CUBE-Cesium.1.3.0
2025-05-06 14:17:45,085 [WARN] PackLoader:240 - Cannot read IP mode file for STMicroelectronics.X-CUBE-BLE2.3.3.0
2025-05-06 14:17:45,091 [WARN] PackLoader:240 - Cannot read IP mode file for STMicroelectronics.X-CUBE-NFC9.1.0.0
2025-05-06 14:17:45,096 [WARN] PackLoader:240 - Cannot read IP mode file for STMicroelectronics.X-CUBE-BLE1.7.1.0
2025-05-06 14:17:45,290 [WARN] PackLoader:240 - Cannot read IP mode file for STMicroelectronics.X-CUBE-MEMS1.11.2.0
2025-05-06 14:17:45,462 [WARN] PackLoader:240 - Cannot read IP mode file for STMicroelectronics.X-CUBE-AZRTOS-G0.1.1.0
2025-05-06 14:17:45,485 [WARN] PackLoader:240 - Cannot read IP mode file for STMicroelectronics.X-CUBE-SAFEA1.1.2.2
2025-05-06 14:17:45,495 [WARN] PackLoader:240 - Cannot read IP mode file for STMicroelectronics.X-CUBE-NFC4.3.0.0
2025-05-06 14:17:45,511 [WARN] PackLoader:240 - Cannot read IP mode file for EmbeddedOffice.I-CUBE-FS-RTOS.1.0.1
2025-05-06 14:17:45,518 [WARN] PackLoader:240 - Cannot read IP mode file for STMicroelectronics.X-CUBE-WB05N.2.0.0
2025-05-06 14:17:45,523 [WARN] PackLoader:240 - Cannot read IP mode file for STMicroelectronics.X-CUBE-TCPP.4.2.0
2025-05-06 14:17:45,528 [WARN] PackLoader:240 - Cannot read IP mode file for RealThread.X-CUBE-RT-Thread_Nano.4.1.1
2025-05-06 14:17:45,532 [WARN] PackLoader:240 - Cannot read IP mode file for STMicroelectronics.FP-ATR-SIGFOX1.3.2.0
2025-05-06 14:17:45,535 [WARN] ConditionMgr:438 - getConditionDescription Invalid condition id : Cortex-A Device cause : null
2025-05-06 14:17:45,610 [WARN] ConditionMgr:1044 - genDependencies : Invalid condition id : Cortex-A Device cause : null
2025-05-06 14:17:45,610 [WARN] ConditionMgr:1044 - genDependencies : Invalid condition id : Cortex-A Device cause : null
2025-05-06 14:17:45,610 [WARN] ConditionMgr:1044 - genDependencies : Invalid condition id : Cortex-A Device cause : null
2025-05-06 14:17:45,617 [WARN] PackLoader:240 - Cannot read IP mode file for STMicroelectronics.X-CUBE-EEPRMA1.5.1.0
2025-05-06 14:17:45,623 [WARN] PackLoader:240 - Cannot read IP mode file for wolfSSL.I-CUBE-wolfSSL.5.7.6
2025-05-06 14:17:45,628 [WARN] PackLoader:240 - Cannot read IP mode file for ITTIA_DB.I-CUBE-ITTIADB.8.9.0
2025-05-06 14:17:45,657 [WARN] PackLoader:240 - Cannot read IP mode file for SEGGER.I-CUBE-embOS.1.3.1
2025-05-06 14:17:45,677 [WARN] PackLoader:240 - Cannot read IP mode file for STMicroelectronics.X-CUBE-ALGOBUILD.1.4.0
2025-05-06 14:17:45,697 [WARN] PackLoader:240 - Cannot read IP mode file for STMicroelectronics.X-CUBE-AZRTOS-F4.1.1.0
2025-05-06 14:17:45,702 [WARN] PackLoader:240 - Cannot read IP mode file for Avnet-IotConnect.X-CUBE-IoTC-DA16k-PMOD.1.0.0
2025-05-06 14:17:45,705 [WARN] PackLoader:240 - Cannot read IP mode file for STMicroelectronics.X-CUBE-ISPU.2.1.0
2025-05-06 14:17:45,724 [WARN] PackLoader:240 - Cannot read IP mode file for STMicroelectronics.X-CUBE-AZRTOS-L5.2.0.0
2025-05-06 14:17:45,734 [WARN] PackLoader:240 - Cannot read IP mode file for STMicroelectronics.X-CUBE-NFC6.3.1.0
2025-05-06 14:17:45,741 [WARN] PackLoader:240 - Cannot read IP mode file for STMicroelectronics.X-CUBE-DPower.1.2.0
2025-05-06 14:17:45,745 [WARN] PackLoader:240 - Cannot read IP mode file for STMicroelectronics.X-CUBE-FREERTOS.1.3.1
2025-05-06 14:17:45,750 [WARN] PackLoader:240 - Cannot read IP mode file for STMicroelectronics.X-CUBE-FREERTOS.1.3.0
2025-05-06 14:17:45,754 [WARN] PackLoader:240 - Cannot read IP mode file for STMicroelectronics.X-CUBE-NFC7.1.0.1
2025-05-06 14:17:45,762 [WARN] PackLoader:240 - Cannot read IP mode file for STMicroelectronics.X-CUBE-DPower.1.3.0
2025-05-06 14:17:45,780 [WARN] ConditionMgr:438 - getConditionDescription Invalid condition id : LAN8742 Phy interface Condition cause : null
2025-05-06 14:17:45,782 [WARN] PackLoader:240 - Cannot read IP mode file for STMicroelectronics.X-CUBE-AZRTOS-L4.2.0.0
2025-05-06 14:17:45,784 [WARN] ConditionMgr:1044 - genDependencies : Invalid condition id : LAN8742 Phy interface Condition cause : null
2025-05-06 14:17:45,784 [WARN] ConditionMgr:1044 - genDependencies : Invalid condition id : LAN8742 Phy interface Condition cause : null
2025-05-06 14:17:45,784 [WARN] ConditionMgr:1044 - genDependencies : Invalid condition id : LAN8742 Phy interface Condition cause : null
2025-05-06 14:17:45,790 [WARN] PackLoader:240 - Cannot read IP mode file for STMicroelectronics.X-CUBE-SFXS2LP1.4.0.0
2025-05-06 14:17:45,836 [WARN] PackLoader:240 - Cannot read IP mode file for STMicroelectronics.X-CUBE-AZRTOS-H7.3.3.0
2025-05-06 14:17:45,858 [WARN] ConditionMgr:438 - getConditionDescription Invalid condition id : UX DEVICE CLASS RTOS Condition cause : null
2025-05-06 14:17:45,858 [WARN] ConditionMgr:438 - getConditionDescription Invalid condition id : UX DEVICE CLASS RTOS Condition cause : null
2025-05-06 14:17:45,861 [WARN] PackLoader:240 - Cannot read IP mode file for STMicroelectronics.X-CUBE-AZRTOS-WB.2.0.0
2025-05-06 14:17:45,862 [WARN] ConditionMgr:1044 - genDependencies : Invalid condition id : UX DEVICE CLASS RTOS Condition cause : null
2025-05-06 14:17:45,862 [WARN] ConditionMgr:1044 - genDependencies : Invalid condition id : UX DEVICE CLASS RTOS Condition cause : null
2025-05-06 14:17:45,862 [WARN] ConditionMgr:1044 - genDependencies : Invalid condition id : UX DEVICE CLASS RTOS Condition cause : null
2025-05-06 14:17:45,862 [WARN] ConditionMgr:1044 - genDependencies : Invalid condition id : UX DEVICE CLASS RTOS Condition cause : null
2025-05-06 14:17:45,862 [WARN] ConditionMgr:1044 - genDependencies : Invalid condition id : UX DEVICE CLASS RTOS Condition cause : null
2025-05-06 14:17:45,866 [WARN] PackLoader:240 - Cannot read IP mode file for STMicroelectronics.X-CUBE-GNSS1.7.0.1
2025-05-06 14:17:45,870 [WARN] PackLoader:240 - Cannot read IP mode file for STMicroelectronics.X-CUBE-TOUCHGFX.4.25.0
2025-05-06 14:17:45,874 [WARN] PackLoader:240 - Cannot read IP mode file for STMicroelectronics.FP-SNS-STBOX1.2.0.0
2025-05-06 14:17:45,884 [WARN] PackLoader:240 - Cannot read IP mode file for STMicroelectronics.X-CUBE-SUBG2.5.0.0
2025-05-06 14:17:45,906 [WARN] PackLoader:240 - Cannot read IP mode file for STMicroelectronics.X-CUBE-AZRTOS-H7RS.1.1.0
2025-05-06 14:17:45,914 [WARN] PackLoader:240 - Cannot read IP mode file for Cesanta.I-CUBE-Mongoose.7.13.0
2025-05-06 14:17:45,924 [WARN] PackLoader:240 - Cannot read IP mode file for STMicroelectronics.X-CUBE-AZRTOS-G4.2.0.0
2025-05-06 14:17:45,929 [WARN] PackLoader:240 - Cannot read IP mode file for STMicroelectronics.X-CUBE-NFC7.2.0.0
2025-05-06 14:17:45,938 [WARN] PackLoader:240 - Cannot read IP mode file for STMicroelectronics.X-CUBE-IPS.3.1.0
2025-05-06 14:17:45,943 [WARN] PackLoader:240 - Cannot read IP mode file for STMicroelectronics.X-CUBE-ALS.1.0.2
2025-05-06 14:17:45,945 [WARN] PackLoader:240 - Cannot read IP mode file for STMicroelectronics.X-CUBE-TOUCHGFX.4.24.2
2025-05-06 14:17:45,946 [WARN] PackLoader:240 - Cannot read IP mode file for wolfSSL.I-CUBE-wolfTPM.3.4.0
2025-05-06 14:17:45,949 [WARN] PackLoader:240 - Cannot read IP mode file for portGmbH.I-Cube-SoM-uGOAL.1.1.0
2025-05-06 14:17:45,965 [WARN] PackLoader:240 - Cannot read IP mode file for STMicroelectronics.X-CUBE-AZRTOS-H7RS.1.0.0
2025-05-06 14:17:45,978 [WARN] PackLoader:240 - Cannot read IP mode file for STMicroelectronics.X-CUBE-TOF1.3.4.2
2025-05-06 14:17:45,991 [WARN] PackLoader:240 - Cannot read IP mode file for STMicroelectronics.X-CUBE-TOF1.3.4.3
2025-05-06 14:17:45,998 [WARN] PackLoader:240 - Cannot read IP mode file for wolfSSL.I-CUBE-wolfSSH.1.4.17
2025-05-06 14:17:45,999 [INFO] ThirdParty:978 - Integrity check success = true
2025-05-06 14:17:45,999 [INFO] IntegrityCheckThread:100 - exiting critical section [integrity check]
2025-05-06 14:17:45,999 [INFO] IntegrityCheckThread:103 - End integrity checks thread
2025-05-06 14:21:32,502 [INFO] McuFinderGlobals:63 - Set McuFinder mode to 2 (CubeIDE integrated)
2025-05-06 14:21:32,512 [INFO] MainUpdater:2872 - connection check result : 10
2025-05-06 14:21:32,515 [INFO] McuFinderGlobals:76 - Set McuFinderConnectedMode to true
2025-05-06 14:21:32,898 [INFO] ServerAccessManage:473 - Download File mcusAds.json._tmp_
2025-05-06 14:21:33,013 [INFO] LoadUrlFilesThread:156 - End of LoadUrlFiles Thread
2025-05-06 14:21:33,341 [INFO] ServerAccessManage:473 - Download File cube-finder-db.zip
2025-05-06 14:21:34,466 [INFO] FileExtend:240 - Unzip File : cube-finder-db.zip
2025-05-06 14:21:34,468 [INFO] FileExtend:255 - Standard Zip Deflate
2025-05-06 14:21:35,041 [INFO] LoadUrlFilesThread:156 - End of LoadUrlFiles Thread
2025-05-06 14:21:36,264 [INFO] ServerAccessManage:473 - Download File crdb.zip
2025-05-06 14:21:37,261 [INFO] FileExtend:240 - Unzip File : crdb.zip
2025-05-06 14:21:37,261 [INFO] FileExtend:255 - Standard Zip Deflate
2025-05-06 14:21:37,381 [INFO] LoadUrlFilesThread:156 - End of LoadUrlFiles Thread
2025-05-06 14:21:37,639 [INFO] ServerAccessManage:473 - Download File tutoVideoDB.zip
2025-05-06 14:21:37,644 [INFO] FileExtend:240 - Unzip File : tutoVideoDB.zip
2025-05-06 14:21:37,644 [INFO] FileExtend:255 - Standard Zip Deflate
2025-05-06 14:21:37,750 [INFO] LoadUrlFilesThread:156 - End of LoadUrlFiles Thread
2025-05-06 14:21:37,765 [WARN] DbFile:41 - Overriding database path with different value: /Users/mauricewashington/.stmcufinder/plugins/mcufinder/ => /Users/mauricewashington/.stmcufinder/plugins/mcufinder
2025-05-06 14:21:37,899 [INFO] ServerAccessManage:473 - Download File api_config.json
2025-05-06 14:21:38,005 [INFO] LoadUrlFilesThread:156 - End of LoadUrlFiles Thread
2025-05-06 14:21:38,008 [INFO] DbMcusAds:53 - JSON generation date=Tue Dec 17 08:01:15 PST 2024 (1734451275189)
2025-05-06 14:21:38,058 [INFO] LoadUrlFilesThread:185 - End of LoadServerUrlFiles without Thread
2025-05-06 14:21:38,063 [INFO] TargetSelectorAdapter:259 - Refresh data is successful
2025-05-06 14:21:38,517 [INFO] ApiDb:581 - Connected to CubeFinder SQLite database (/Users/mauricewashington/.stmcufinder/plugins/mcufinder/mcu/cube-finder-db.db)
2025-05-06 14:21:38,551 [INFO] ApiDb:668 - CubeFinder database Data Model version=2.1
2025-05-06 14:21:38,551 [INFO] ApiDb:669 - CubeFinder database Configuration version=3.0.39
2025-05-06 14:21:38,552 [INFO] ApiDb:670 - CubeFinder database generation date=2025-04-23 (1745419778)
2025-05-06 14:21:38,552 [INFO] ApiDb:671 - CubeFinder database FW Pack versions=[FP-ATR-ASTRA1_V2.0.0, FP-SNS-FLIGHT1_V5.1.0, FP-SNS-MOTENV1_V5.0.0, FP-SNS-MOTENVWB1_V1.4.0, FP-SNS-SMARTAG2_V1.2.0, FP-SNS-STBOX1_V2.0.0, STM32Cube_FW_C0_V1.4.0, STM32Cube_FW_F4_V1.28.1, STM32Cube_FW_F7_V1.17.2, STM32Cube_FW_G0_V1.6.2, STM32Cube_FW_G4_V1.6.1, STM32Cube_FW_H5_V1.5.0, STM32Cube_FW_H7RS_V1.2.0, STM32Cube_FW_H7_V1.12.1, STM32Cube_FW_L0_V1.12.2, STM32Cube_FW_L4_V1.18.1, STM32Cube_FW_L5_V1.5.1, STM32Cube_FW_N6_V1.1.1, STM32Cube_FW_U0_V1.2.0, STM32Cube_FW_U3_V1.1.0, STM32Cube_FW_U5_V1.7.0, STM32Cube_FW_WB0_V1.2.0, STM32Cube_FW_WBA_V1.6.0, STM32Cube_FW_WB_V1.22.0, STM32Cube_FW_WL3_V1.1.0, STM32Cube_FW_WL_V1.3.1, X-CUBE-ALGOBUILD_V1.4.0, X-CUBE-ALS_V1.0.2, X-CUBE-AZRTOS-F4_V1.1.0, X-CUBE-AZRTOS-F7_V1.1.0, X-CUBE-AZRTOS-G0_V1.1.0, X-CUBE-AZRTOS-G4_V2.0.0, X-CUBE-AZRTOS-H7RS_V1.1.0, X-CUBE-AZRTOS-H7_V3.3.0, X-CUBE-AZRTOS-L4_V2.0.0, X-CUBE-AZRTOS-L5_V2.0.0, X-CUBE-AZRTOS-WB_V2.0.0, X-CUBE-AZRTOS-WL_V2.0.0, X-CUBE-BLE1_V7.1.0, X-CUBE-BLE2_V3.3.0, X-CUBE-BLEMGR_V4.0.0, X-CUBE-EEPRMA1_V5.1.0, X-CUBE-FREERTOS_V1.3.0, X-CUBE-GNSS1_V6.0.0, X-CUBE-MEMS1_V11.2.0, X-CUBE-NFC4_V3.0.0, X-CUBE-NFC7_V1.0.1, X-CUBE-SFXS2LP1_V4.0.0, X-CUBE-SUBG2_V5.0.0, X-CUBE-TOF1_V3.4.3]
2025-05-06 14:21:39,425 [INFO] ApiDb:240 - Found 858 in-development CPN: [B-G473E-ZEST1S, B-WB1M-WPAN1, B-WBA5M-WPAN, B-WL5M-SUBG1, NUCLEO-C031C6, NUCLEO-C051C8, NUCLEO-C071RB, NUCLEO-C092RC, NUCLEO-H503RB, NUCLEO-H533RE, NUCLEO-H563ZI, NUCLEO-H7S3L8, NUCLEO-N657X0-Q, NUCLEO-U031R8, NUCLEO-U083RC, NUCLEO-U385RG-Q, NUCLEO-U545RE-Q, NUCLEO-U5A5ZJ-Q, NUCLEO-WB05KZ, NUCLEO-WB07CC, NUCLEO-WB09KE, NUCLEO-WBA52CG, NUCLEO-WBA55CG, NUCLEO-WL33CC1, NUCLEO-WL33CC2, STEVAL-PROTEUS1, STEVAL-SMARTAG2, STEVAL-STWINBX1, STM320518-EVAL, STM32C0116-DK, STM32C011D6Y3TR, STM32C011D6Y6TR, STM32C011F4P3, STM32C011F4P6, STM32C011F4U3, STM32C011F4U6TR, STM32C011F6P3, STM32C011F6P6, STM32C011F6U3, STM32C011F6U6TR, STM32C011J4M3, STM32C011J4M6, STM32C011J6M3, STM32C011J6M6, STM32C0316-DK, STM32C031C4T3, STM32C031C4T6, STM32C031C4U3, STM32C031C4U6, STM32C031C6T3, STM32C031C6T6, STM32C031C6U3, STM32C031C6U6, STM32C031F4P3, STM32C031F4P6, STM32C031F6P3, STM32C031F6P6, STM32C031G4U3, STM32C031G4U6, STM32C031G6U3, STM32C031G6U6, STM32C031K4T3, STM32C031K4T6, STM32C031K4U3, STM32C031K4U6, STM32C031K6T3, STM32C031K6T6, STM32C031K6U3, STM32C031K6U6, STM32C051C6T6, STM32C051C6U6, STM32C051C8T6, STM32C051C8U6, STM32C051D8Y6TR, STM32C051F6P6, STM32C051F8P6, STM32C051G6U6, STM32C051G8U6, STM32C051K6T6, STM32C051K6U6, STM32C051K8T6, STM32C071C8T6, STM32C071C8T6N, STM32C071C8U6, STM32C071C8U6N, STM32C071CBT6, STM32C071CBT6N, STM32C071CBU6, STM32C071CBU6N, STM32C071F8P6, STM32C071F8P6N, STM32C071FBP6, STM32C071FBP6N, STM32C071FBY6TR, STM32C071G8U6, STM32C071G8U6N, STM32C071GBU6, STM32C071GBU6N, STM32C071K8T6, STM32C071K8T6N, STM32C071K8U6, STM32C071K8U6N, STM32C071KBT6, STM32C071KBT6N, STM32C071KBU6, STM32C071KBU6N, STM32C071R8T6, STM32C071R8T6N, STM32C071RBI6N, STM32C071RBT6, STM32C071RBT6N, STM32C091CBT6, STM32C091CBU6, STM32C091CCT6, STM32C091CCU6, STM32C091ECY6TR, STM32C091FBP6, STM32C091FCP6, STM32C091GBU6, STM32C091GCU6, STM32C091KBT6, STM32C091KBU6, STM32C091KCT6, STM32C091KCU6, STM32C091RBT6, STM32C091RCI6, STM32C091RCT6, STM32C092CBT6, STM32C092CBU6, STM32C092CCT6, STM32C092CCU6, STM32C092ECY6TR, STM32C092FBP6, STM32C092FCP6, STM32C092GBU6, STM32C092GCU6, STM32C092KBT6, STM32C092KBU6, STM32C092KCT6, STM32C092KCU6, STM32C092RBT6, STM32C092RCI6, STM32C092RCT6, STM32G071K8TXN, STM32G071K8UXN, STM32G081GBU6N, STM32G081KBT6N, STM32G081KBUXN, STM32G0B1CCT6N, STM32G0B1KCT6, STM32G0B1NEY6TR, STM32G0B1RCT6N, STM32G0C1CCT6, STM32G0C1CCT6N, STM32G0C1CCU6N, STM32G0C1CET6N, STM32G0C1CEU6N, STM32G0C1KCT6, STM32G0C1NEY6TR, STM32G0C1RCI6N, STM32G0C1RCT6N, STM32G0C1REI6N, STM32G0C1RET6N, STM32G0C1VCI6, STM32G0C1VEI6, STM32G411C6T3, STM32G411C6T6, STM32G411C6U3, STM32G411C6U6, STM32G411C8T3, STM32G411C8T6, STM32G411C8U3, STM32G411C8U6, STM32G411CBT3, STM32G411CBT6, STM32G411CBU3, STM32G411CBU6, STM32G411CCT3, STM32G411CCT6, STM32G411CCU3, STM32G411CCU6, STM32G411K6T3, STM32G411K6T6, STM32G411K6U3, STM32G411K6U6, STM32G411K8T3, STM32G411K8T6, STM32G411K8U3, STM32G411K8U6, STM32G411KBT3, STM32G411KBT6, STM32G411KBU3, STM32G411KBU6, STM32G411M6T3, STM32G411M6T6, STM32G411M8T3, STM32G411M8T6, STM32G411MBT3, STM32G411MBT6, STM32G411MCT3, STM32G411MCT6, STM32G411R6T3, STM32G411R6T6, STM32G411R8T3, STM32G411R8T6, STM32G411RBT3, STM32G411RBT6, STM32G411RCT3, STM32G411RCT6, STM32G414CBT3, STM32G414CBT6, STM32G414CBU3, STM32G414CBU6, STM32G414CCT3, STM32G414CCT6, STM32G414CCU3, STM32G414CCU6, STM32G414MBT3, STM32G414MBT6, STM32G414MCT3, STM32G414MCT6, STM32G414RBT3, STM32G414RBT6, STM32G414RCT3, STM32G414RCT6, STM32G414VBT3, STM32G414VBT6, STM32G414VCT3, STM32G414VCT6, STM32G431CBT3Z, STM32G431RBT3Z, STM32G471CCT6, STM32G471CCU6, STM32G471CET3, STM32G471CET6, STM32G471CEU3, STM32G471CEU6, STM32G471MCT6, STM32G471MET3, STM32G471MET6, STM32G471MEY6TR, STM32G471QCT6, STM32G471QET3, STM32G471RCT6, STM32G471RET3, STM32G471RET6, STM32G471VCH6, STM32G471VCI6, STM32G471VCT6, STM32G471VEH3, STM32G471VEH6, STM32G471VEI3, STM32G471VEI6, STM32G471VET3, STM32G471VET6, STM32G473QET3Z, STM32G473RET3Z, STM32G474CCT6, STM32G491RET3Z, STM32H503CBT6, STM32H503CBU6, STM32H503EBY6TR, STM32H503KBU6, STM32H503RBT6, STM32H523CCT6, STM32H523CCU6, STM32H523CET6, STM32H523CEU6, STM32H523HEY6TR, STM32H523RCT6, STM32H523RET6, STM32H523VCI6, STM32H523VCT6, STM32H523VEI6, STM32H523VET6, STM32H523ZCJ6, STM32H523ZCT6, STM32H523ZEJ6, STM32H523ZET6, STM32H533CET6, STM32H533CEU6, STM32H533HEY6TR, STM32H533RET6, STM32H533VEI6, STM32H533VET6, STM32H533ZEJ6, STM32H533ZET6, STM32H562AGI6, STM32H562AII6, STM32H562IGK6, STM32H562IGT6, STM32H562IIK6, STM32H562IIT6, STM32H562RGT6, STM32H562RGV6, STM32H562RIT6, STM32H562RIV6, STM32H562VGT6, STM32H562VIT6, STM32H562ZGT6, STM32H562ZIT6, STM32H563AGI6, STM32H563AII3Q, STM32H563AII6, STM32H563IGK6, STM32H563IGT6, STM32H563IIK3Q, STM32H563IIK6, STM32H563IIT3Q, STM32H563IIT6, STM32H563MIY3QTR, STM32H563RGT6, STM32H563RGV6, STM32H563RIT6, STM32H563RIV6, STM32H563VGT6, STM32H563VIT3Q, STM32H563VIT6, STM32H563ZGT6, STM32H563ZIT3Q, STM32H563ZIT6, STM32H573AII3Q, STM32H573AII6, STM32H573I-DK, STM32H573IIK3Q, STM32H573IIK6, STM32H573IIT3Q, STM32H573IIT6, STM32H573MIY3QTR, STM32H573RIT6, STM32H573RIV6, STM32H573VIT3Q, STM32H573VIT6, STM32H573ZIT3Q, STM32H573ZIT6, STM32H7R3A8I6, STM32H7R3I8K6, STM32H7R3I8T6, STM32H7R3L8H6, STM32H7R3L8H6H, STM32H7R3R8V6, STM32H7R3V8H6, STM32H7R3V8T6, STM32H7R3V8Y6TR, STM32H7R3Z8J6, STM32H7R3Z8T6, STM32H7R7A8I6, STM32H7R7I8K6, STM32H7R7I8T6, STM32H7R7L8H6, STM32H7R7L8H6H, STM32H7R7Z8J6, STM32H7S3A8I6, STM32H7S3I8K6, STM32H7S3I8T6, STM32H7S3L8H6, STM32H7S3L8H6H, STM32H7S3R8V6, STM32H7S3V8H6, STM32H7S3V8T6, STM32H7S3V8Y6TR, STM32H7S3Z8J6, STM32H7S3Z8T6, STM32H7S78-DK, STM32H7S7A8I6, STM32H7S7I8K6, STM32H7S7I8T6, STM32H7S7L8H6, STM32H7S7L8H6H, STM32H7S7Z8J6, STM32L4R5QGI6STR, STM32MP131AAE3, STM32MP131AAF3, STM32MP131AAG3, STM32MP131CAE3, STM32MP131CAF3, STM32MP131CAG3, STM32MP131DAE7, STM32MP131DAF7, STM32MP131DAG7, STM32MP131FAE7, STM32MP131FAF7, STM32MP131FAG7, STM32MP133AAE3, STM32MP133AAF3, STM32MP133AAG3, STM32MP133CAE3, STM32MP133CAF3, STM32MP133CAG3, STM32MP133DAE7, STM32MP133DAF7, STM32MP133DAG7, STM32MP133FAE7, STM32MP133FAF7, STM32MP133FAG7, STM32MP135AAE3, STM32MP135AAF3, STM32MP135AAG3, STM32MP135CAE3, STM32MP135CAF3, STM32MP135CAG3, STM32MP135DAE7, STM32MP135DAF7, STM32MP135DAG7, STM32MP135F-DK, STM32MP135FAE7, STM32MP135FAF7, STM32MP135FAF7T, STM32MP135FAF7U, STM32MP135FAG7, STM32MP231AAJ3, STM32MP231AAK3, STM32MP231AAL3, STM32MP231CAJ3, STM32MP231CAK3, STM32MP231CAL3, STM32MP231DAJ3, STM32MP231DAK3, STM32MP231DAL3, STM32MP231FAJ3, STM32MP231FAK3, STM32MP231FAL3, STM32MP233AAJ3, STM32MP233AAK3, STM32MP233AAL3, STM32MP233CAJ3, STM32MP233CAK3, STM32MP233CAL3, STM32MP233DAJ3, STM32MP233DAK3, STM32MP233DAL3, STM32MP233FAJ3, STM32MP233FAK3, STM32MP233FAL3, STM32MP235AAJ3, STM32MP235AAK3, STM32MP235AAL3, STM32MP235CAJ3, STM32MP235CAK3, STM32MP235CAL3, STM32MP235DAJ3, STM32MP235DAK3, STM32MP235DAL3, STM32MP235FAJ3, STM32MP235FAK3, STM32MP235FAL3, STM32MP251AAI3, STM32MP251AAJ3, STM32MP251AAK3, STM32MP251AAL3, STM32MP251CAI3, STM32MP251CAJ3, STM32MP251CAK3, STM32MP251CAL3, STM32MP251DAI3, STM32MP251DAJ3, STM32MP251DAK3, STM32MP251DAL3, STM32MP251FAI3, STM32MP251FAJ3, STM32MP251FAK3, STM32MP251FAL3, STM32MP253AAI3, STM32MP253AAJ3, STM32MP253AAK3, STM32MP253AAL3, STM32MP253CAI3, STM32MP253CAJ3, STM32MP253CAK3, STM32MP253CAL3, STM32MP253DAI3, STM32MP253DAJ3, STM32MP253DAK3, STM32MP253DAL3, STM32MP253FAI3, STM32MP253FAJ3, STM32MP253FAK3, STM32MP253FAL3, STM32MP255AAI3, STM32MP255AAJ3, STM32MP255AAK3, STM32MP255AAL3, STM32MP255CAI3, STM32MP255CAJ3, STM32MP255CAK3, STM32MP255CAL3, STM32MP255DAI3, STM32MP255DAJ3, STM32MP255DAK3, STM32MP255DAL3, STM32MP255FAI3, STM32MP255FAJ3, STM32MP255FAK3, STM32MP255FAL3, STM32MP257AAI3, STM32MP257AAJ3, STM32MP257AAK3, STM32MP257AAL3, STM32MP257CAI3, STM32MP257CAJ3, STM32MP257CAK3, STM32MP257CAL3, STM32MP257DAI3, STM32MP257DAJ3, STM32MP257DAK3, STM32MP257DAL3, STM32MP257F-DK, STM32MP257F-EV1, STM32MP257FAI3, STM32MP257FAJ3, STM32MP257FAK3, STM32MP257FAL3, STM32N645A0H3Q, STM32N645B0H3Q, STM32N645I0H3Q, STM32N645L0H3Q, STM32N645X0H3Q, STM32N645Z0H3Q, STM32N647A0H3Q, STM32N647B0H3Q, STM32N647I0H3Q, STM32N647L0H3Q, STM32N647X0H3Q, STM32N647Z0H3Q, STM32N655A0H3Q, STM32N655B0H3Q, STM32N655I0H3Q, STM32N655L0H3Q, STM32N655X0H3Q, STM32N655Z0H3Q, STM32N6570-DK, STM32N657A0H3Q, STM32N657B0H3Q, STM32N657I0H3Q, STM32N657L0H3Q, STM32N657X0H3Q, STM32N657Z0H3Q, STM32U031C6T6, STM32U031C6U6, STM32U031C8T6, STM32U031C8U6, STM32U031F4P6, STM32U031F6P6, STM32U031F8P6, STM32U031G6Y6TR, STM32U031G8Y6TR, STM32U031K4U6, STM32U031K6U6, STM32U031K8U6, STM32U031R6I6, STM32U031R6T6, STM32U031R8I6, STM32U031R8T6, STM32U073C8T6, STM32U073C8U6, STM32U073CBT6, STM32U073CBU6, STM32U073CCT6, STM32U073CCU6, STM32U073H8Y6TR, STM32U073HBY6TR, STM32U073HCY6TR, STM32U073K8U6, STM32U073KBU6, STM32U073KCU6, STM32U073M8I6, STM32U073M8T6, STM32U073MBI6, STM32U073MBT6, STM32U073MCI6, STM32U073MCT6, STM32U073R8I6, STM32U073R8T6, STM32U073RBI6, STM32U073RBT6, STM32U073RCI6, STM32U073RCT6, STM32U083C-DK, STM32U083CCT6, STM32U083CCU6, STM32U083HCY6TR, STM32U083KCU6, STM32U083MCI6, STM32U083MCT6, STM32U083RCI6, STM32U083RCT6, STM32U375CET6, STM32U375CET6Q, STM32U375CEU6, STM32U375CEU6Q, STM32U375CEY6QTR, STM32U375CGT6, STM32U375CGT6Q, STM32U375CGU6, STM32U375CGU6Q, STM32U375CGY6QTR, STM32U375KEU6, STM32U375KGU6, STM32U375REI6, STM32U375REI6Q, STM32U375RET6, STM32U375RET6Q, STM32U375REY6GTR, STM32U375REY6QTR, STM32U375RGI6, STM32U375RGI6Q, STM32U375RGT6, STM32U375RGT6Q, STM32U375RGY6GTR, STM32U375RGY6QTR, STM32U375VEI6, STM32U375VEI6Q, STM32U375VET6, STM32U375VET6Q, STM32U375VGI6, STM32U375VGI6Q, STM32U375VGT6, STM32U375VGT6Q, STM32U385CGT6, STM32U385CGT6Q, STM32U385CGU6, STM32U385CGU6Q, STM32U385CGY6QTR, STM32U385KGU6, STM32U385RGI6, STM32U385RGI6Q, STM32U385RGT6, STM32U385RGT6Q, STM32U385RGY6GTR, STM32U385RGY6QTR, STM32U385VGI6, STM32U385VGI6Q, STM32U385VGT6, STM32U385VGT6Q, STM32U535CBT6, STM32U535CBT6Q, STM32U535CBU6, STM32U535CBU6Q, STM32U535CCT6, STM32U535CCT6Q, STM32U535CCU6, STM32U535CCU6Q, STM32U535CET6, STM32U535CET6Q, STM32U535CEU6, STM32U535CEU6Q, STM32U535JEY6QTR, STM32U535NCY6QTR, STM32U535NEY6QTR, STM32U535RBI6, STM32U535RBI6Q, STM32U535RBT6, STM32U535RBT6Q, STM32U535RCI6, STM32U535RCI6Q, STM32U535RCT6, STM32U535RCT6Q, STM32U535REI6, STM32U535REI6Q, STM32U535RET6, STM32U535RET6Q, STM32U535VCI6, STM32U535VCI6Q, STM32U535VCT6, STM32U535VCT6Q, STM32U535VEI6, STM32U535VEI6Q, STM32U535VET6, STM32U535VET6Q, STM32U545CET6, STM32U545CET6Q, STM32U545CEU6, STM32U545CEU6Q, STM32U545JEY6QTR, STM32U545NEY6QTR, STM32U545REI6, STM32U545REI6Q, STM32U545RET6, STM32U545RET6Q, STM32U545VEI6, STM32U545VEI6Q, STM32U545VET6, STM32U545VET6Q, STM32U595AIH6, STM32U595AIH6Q, STM32U595AJH6, STM32U595AJH6Q, STM32U595QII6, STM32U595QII6Q, STM32U595QJI6, STM32U595QJI6Q, STM32U595RIT6, STM32U595RIT6Q, STM32U595RJT6, STM32U595RJT6Q, STM32U595VIT6, STM32U595VIT6Q, STM32U595VJT6, STM32U595VJT6Q, STM32U595ZIT6, STM32U595ZIT6Q, STM32U595ZIY6QTR, STM32U595ZJT6, STM32U595ZJT6Q, STM32U595ZJY6QTR, STM32U599BJY6QTR, STM32U599NIH6Q, STM32U599NJH6Q, STM32U599VIT6Q, STM32U599VJT6, STM32U599VJT6Q, STM32U599ZIT6Q, STM32U599ZIY6QTR, STM32U599ZJT6Q, STM32U599ZJY6QTR, STM32U5A5AJH6, STM32U5A5AJH6Q, STM32U5A5QII3Q , STM32U5A5QJI6, STM32U5A5QJI6Q, STM32U5A5RJT6, STM32U5A5RJT6Q, STM32U5A5VJT6, STM32U5A5VJT6Q, STM32U5A5ZJT6, STM32U5A5ZJT6Q, STM32U5A5ZJY6QTR, STM32U5A9BJY6QTR, STM32U5A9J-DK, STM32U5A9NJH6Q, STM32U5A9VJT6Q, STM32U5A9ZJT6Q, STM32U5A9ZJY6QTR, STM32U5F7VIT6, STM32U5F7VIT6Q, STM32U5F7VJT6, STM32U5F7VJT6Q, STM32U5F9BJY6QTR, STM32U5F9NJH6Q, STM32U5F9VIT6Q, STM32U5F9VJT6Q, STM32U5F9ZIJ6QTR, STM32U5F9ZIT6Q, STM32U5F9ZJJ6QTR, STM32U5F9ZJT6Q, STM32U5G7VJT6, STM32U5G7VJT6Q, STM32U5G9BJY6QTR, STM32U5G9J-DK1, STM32U5G9J-DK2, STM32U5G9NJH6Q, STM32U5G9VJT6Q, STM32U5G9ZJJ6QTR, STM32U5G9ZJT6Q, STM32WB05KZV6TR, STM32WB05KZV7TR, STM32WB05TZF6TR, STM32WB05TZF7TR, STM32WB06CCF6TR, STM32WB06CCF7TR, STM32WB06CCV6TR, STM32WB06CCV7TR, STM32WB06KCV6TR, STM32WB06KCV7TR, STM32WB07CCF6TR, STM32WB07CCF7TR, STM32WB07CCV6TR, STM32WB07CCV7TR, STM32WB07KCV6TR, STM32WB07KCV7TR, STM32WB09KEV6TR, STM32WB09KEV7TR, STM32WB09TEF6TR, STM32WB09TEF7TR, STM32WB1MMCH6, STM32WBA50KGU6, STM32WBA50KGU6TR, STM32WBA52CEU6, STM32WBA52CEU6TR, STM32WBA52CEU7, STM32WBA52CEU7TR, STM32WBA52CGU6, STM32WBA52CGU6TR, STM32WBA52CGU6U, STM32WBA52CGU7, STM32WBA52CGU7TR, STM32WBA52KEU6, STM32WBA52KEU6TR, STM32WBA52KGU6, STM32WBA52KGU6TR, STM32WBA54CEU6, STM32WBA54CEU6TR, STM32WBA54CEU7, STM32WBA54CEU7TR, STM32WBA54CGU6, STM32WBA54CGU6TR, STM32WBA54CGU7, STM32WBA54CGU7TR, STM32WBA54KEU6, STM32WBA54KEU6TR, STM32WBA54KEU7, STM32WBA54KEU7TR, STM32WBA54KGU6, STM32WBA54KGU6TR, STM32WBA54KGU7, STM32WBA54KGU7TR, STM32WBA55CEU6, STM32WBA55CEU6TR, STM32WBA55CEU7, STM32WBA55CEU7TR, STM32WBA55CGU6, STM32WBA55CGU6TR, STM32WBA55CGU6U, STM32WBA55CGU7, STM32WBA55CGU7TR, STM32WBA55G-DK1, STM32WBA55HEF6, STM32WBA55HEF7, STM32WBA55HGF6, STM32WBA55HGF7, STM32WBA55UEI6, STM32WBA55UEI6TR, STM32WBA55UEI7, STM32WBA55UEI7TR, STM32WBA55UGI6, STM32WBA55UGI6TR, STM32WBA55UGI7, STM32WBA55UGI7TR, STM32WBA5MJGH6TR, STM32WBA5MJGH6U, STM32WL33C8V6, STM32WL33C8V6TR, STM32WL33C8V7, STM32WL33C8V7TR, STM32WL33CBV6, STM32WL33CBV6TR, STM32WL33CBV7, STM32WL33CBV7TR, STM32WL33CCV6, STM32WL33CCV6TR, STM32WL33CCV7, STM32WL33CCV7A, STM32WL33CCV7ATR, STM32WL33CCV7TR, STM32WL33K8V6, STM32WL33K8V6TR, STM32WL33K8V7, STM32WL33K8V7TR, STM32WL33KBV6, STM32WL33KBV6TR, STM32WL33KBV7, STM32WL33KBV7TR, STM32WL33KCV6, STM32WL33KCV6TR, STM32WL33KCV7, STM32WL33KCV7TR, STM32WL5MOCH6, STM32WL5MOCH6TR]
2025-05-06 14:21:39,431 [INFO] DbMcus:218 - Found 4674 MCUs, 4674 are supported
2025-05-06 14:21:39,432 [INFO] ApiDb:423 - Load user favorites file /Users/mauricewashington/.stm32cubeide/favorites.mcus.txt: 0 item(s)
2025-05-06 14:21:39,432 [INFO] ApiDb:427 - User favorites MCUs=[]
2025-05-06 14:21:39,432 [INFO] DbMcus:224 - Set 0 / 0 favorites MCUs
2025-05-06 14:21:39,677 [INFO] ApiDb:668 - CubeFinder database Data Model version=2.1
2025-05-06 14:21:39,677 [INFO] ApiDb:669 - CubeFinder database Configuration version=3.0.39
2025-05-06 14:21:39,677 [INFO] ApiDb:670 - CubeFinder database generation date=2025-04-23 (1745419778)
2025-05-06 14:21:39,677 [INFO] ApiDb:671 - CubeFinder database FW Pack versions=[FP-ATR-ASTRA1_V2.0.0, FP-SNS-FLIGHT1_V5.1.0, FP-SNS-MOTENV1_V5.0.0, FP-SNS-MOTENVWB1_V1.4.0, FP-SNS-SMARTAG2_V1.2.0, FP-SNS-STBOX1_V2.0.0, STM32Cube_FW_C0_V1.4.0, STM32Cube_FW_F4_V1.28.1, STM32Cube_FW_F7_V1.17.2, STM32Cube_FW_G0_V1.6.2, STM32Cube_FW_G4_V1.6.1, STM32Cube_FW_H5_V1.5.0, STM32Cube_FW_H7RS_V1.2.0, STM32Cube_FW_H7_V1.12.1, STM32Cube_FW_L0_V1.12.2, STM32Cube_FW_L4_V1.18.1, STM32Cube_FW_L5_V1.5.1, STM32Cube_FW_N6_V1.1.1, STM32Cube_FW_U0_V1.2.0, STM32Cube_FW_U3_V1.1.0, STM32Cube_FW_U5_V1.7.0, STM32Cube_FW_WB0_V1.2.0, STM32Cube_FW_WBA_V1.6.0, STM32Cube_FW_WB_V1.22.0, STM32Cube_FW_WL3_V1.1.0, STM32Cube_FW_WL_V1.3.1, X-CUBE-ALGOBUILD_V1.4.0, X-CUBE-ALS_V1.0.2, X-CUBE-AZRTOS-F4_V1.1.0, X-CUBE-AZRTOS-F7_V1.1.0, X-CUBE-AZRTOS-G0_V1.1.0, X-CUBE-AZRTOS-G4_V2.0.0, X-CUBE-AZRTOS-H7RS_V1.1.0, X-CUBE-AZRTOS-H7_V3.3.0, X-CUBE-AZRTOS-L4_V2.0.0, X-CUBE-AZRTOS-L5_V2.0.0, X-CUBE-AZRTOS-WB_V2.0.0, X-CUBE-AZRTOS-WL_V2.0.0, X-CUBE-BLE1_V7.1.0, X-CUBE-BLE2_V3.3.0, X-CUBE-BLEMGR_V4.0.0, X-CUBE-EEPRMA1_V5.1.0, X-CUBE-FREERTOS_V1.3.0, X-CUBE-GNSS1_V6.0.0, X-CUBE-MEMS1_V11.2.0, X-CUBE-NFC4_V3.0.0, X-CUBE-NFC7_V1.0.1, X-CUBE-SFXS2LP1_V4.0.0, X-CUBE-SUBG2_V5.0.0, X-CUBE-TOF1_V3.4.3]
2025-05-06 14:21:39,704 [INFO] DbBoardsSqlite:226 - include board P-NUCLEO-WB55-NUCLEO as a kit item of type 'Nucleo-64'
2025-05-06 14:21:39,704 [INFO] DbBoardsSqlite:226 - include board P-NUCLEO-WB55-USBDONGLE as a kit item of type 'Nucleo USB Dongle'
2025-05-06 14:21:39,704 [INFO] DbBoardsSqlite:226 - include board STEVAL-IDP005V1 as a kit item of type 'Evaluation Board'
2025-05-06 14:21:39,704 [INFO] DbBoardsSqlite:226 - include board STEVAL-IDP005V2 as a kit item of type 'Evaluation Board'
2025-05-06 14:21:39,725 [INFO] ApiDb:240 - Found 858 in-development CPN: [B-G473E-ZEST1S, B-WB1M-WPAN1, B-WBA5M-WPAN, B-WL5M-SUBG1, NUCLEO-C031C6, NUCLEO-C051C8, NUCLEO-C071RB, NUCLEO-C092RC, NUCLEO-H503RB, NUCLEO-H533RE, NUCLEO-H563ZI, NUCLEO-H7S3L8, NUCLEO-N657X0-Q, NUCLEO-U031R8, NUCLEO-U083RC, NUCLEO-U385RG-Q, NUCLEO-U545RE-Q, NUCLEO-U5A5ZJ-Q, NUCLEO-WB05KZ, NUCLEO-WB07CC, NUCLEO-WB09KE, NUCLEO-WBA52CG, NUCLEO-WBA55CG, NUCLEO-WL33CC1, NUCLEO-WL33CC2, STEVAL-PROTEUS1, STEVAL-SMARTAG2, STEVAL-STWINBX1, STM320518-EVAL, STM32C0116-DK, STM32C011D6Y3TR, STM32C011D6Y6TR, STM32C011F4P3, STM32C011F4P6, STM32C011F4U3, STM32C011F4U6TR, STM32C011F6P3, STM32C011F6P6, STM32C011F6U3, STM32C011F6U6TR, STM32C011J4M3, STM32C011J4M6, STM32C011J6M3, STM32C011J6M6, STM32C0316-DK, STM32C031C4T3, STM32C031C4T6, STM32C031C4U3, STM32C031C4U6, STM32C031C6T3, STM32C031C6T6, STM32C031C6U3, STM32C031C6U6, STM32C031F4P3, STM32C031F4P6, STM32C031F6P3, STM32C031F6P6, STM32C031G4U3, STM32C031G4U6, STM32C031G6U3, STM32C031G6U6, STM32C031K4T3, STM32C031K4T6, STM32C031K4U3, STM32C031K4U6, STM32C031K6T3, STM32C031K6T6, STM32C031K6U3, STM32C031K6U6, STM32C051C6T6, STM32C051C6U6, STM32C051C8T6, STM32C051C8U6, STM32C051D8Y6TR, STM32C051F6P6, STM32C051F8P6, STM32C051G6U6, STM32C051G8U6, STM32C051K6T6, STM32C051K6U6, STM32C051K8T6, STM32C071C8T6, STM32C071C8T6N, STM32C071C8U6, STM32C071C8U6N, STM32C071CBT6, STM32C071CBT6N, STM32C071CBU6, STM32C071CBU6N, STM32C071F8P6, STM32C071F8P6N, STM32C071FBP6, STM32C071FBP6N, STM32C071FBY6TR, STM32C071G8U6, STM32C071G8U6N, STM32C071GBU6, STM32C071GBU6N, STM32C071K8T6, STM32C071K8T6N, STM32C071K8U6, STM32C071K8U6N, STM32C071KBT6, STM32C071KBT6N, STM32C071KBU6, STM32C071KBU6N, STM32C071R8T6, STM32C071R8T6N, STM32C071RBI6N, STM32C071RBT6, STM32C071RBT6N, STM32C091CBT6, STM32C091CBU6, STM32C091CCT6, STM32C091CCU6, STM32C091ECY6TR, STM32C091FBP6, STM32C091FCP6, STM32C091GBU6, STM32C091GCU6, STM32C091KBT6, STM32C091KBU6, STM32C091KCT6, STM32C091KCU6, STM32C091RBT6, STM32C091RCI6, STM32C091RCT6, STM32C092CBT6, STM32C092CBU6, STM32C092CCT6, STM32C092CCU6, STM32C092ECY6TR, STM32C092FBP6, STM32C092FCP6, STM32C092GBU6, STM32C092GCU6, STM32C092KBT6, STM32C092KBU6, STM32C092KCT6, STM32C092KCU6, STM32C092RBT6, STM32C092RCI6, STM32C092RCT6, STM32G071K8TXN, STM32G071K8UXN, STM32G081GBU6N, STM32G081KBT6N, STM32G081KBUXN, STM32G0B1CCT6N, STM32G0B1KCT6, STM32G0B1NEY6TR, STM32G0B1RCT6N, STM32G0C1CCT6, STM32G0C1CCT6N, STM32G0C1CCU6N, STM32G0C1CET6N, STM32G0C1CEU6N, STM32G0C1KCT6, STM32G0C1NEY6TR, STM32G0C1RCI6N, STM32G0C1RCT6N, STM32G0C1REI6N, STM32G0C1RET6N, STM32G0C1VCI6, STM32G0C1VEI6, STM32G411C6T3, STM32G411C6T6, STM32G411C6U3, STM32G411C6U6, STM32G411C8T3, STM32G411C8T6, STM32G411C8U3, STM32G411C8U6, STM32G411CBT3, STM32G411CBT6, STM32G411CBU3, STM32G411CBU6, STM32G411CCT3, STM32G411CCT6, STM32G411CCU3, STM32G411CCU6, STM32G411K6T3, STM32G411K6T6, STM32G411K6U3, STM32G411K6U6, STM32G411K8T3, STM32G411K8T6, STM32G411K8U3, STM32G411K8U6, STM32G411KBT3, STM32G411KBT6, STM32G411KBU3, STM32G411KBU6, STM32G411M6T3, STM32G411M6T6, STM32G411M8T3, STM32G411M8T6, STM32G411MBT3, STM32G411MBT6, STM32G411MCT3, STM32G411MCT6, STM32G411R6T3, STM32G411R6T6, STM32G411R8T3, STM32G411R8T6, STM32G411RBT3, STM32G411RBT6, STM32G411RCT3, STM32G411RCT6, STM32G414CBT3, STM32G414CBT6, STM32G414CBU3, STM32G414CBU6, STM32G414CCT3, STM32G414CCT6, STM32G414CCU3, STM32G414CCU6, STM32G414MBT3, STM32G414MBT6, STM32G414MCT3, STM32G414MCT6, STM32G414RBT3, STM32G414RBT6, STM32G414RCT3, STM32G414RCT6, STM32G414VBT3, STM32G414VBT6, STM32G414VCT3, STM32G414VCT6, STM32G431CBT3Z, STM32G431RBT3Z, STM32G471CCT6, STM32G471CCU6, STM32G471CET3, STM32G471CET6, STM32G471CEU3, STM32G471CEU6, STM32G471MCT6, STM32G471MET3, STM32G471MET6, STM32G471MEY6TR, STM32G471QCT6, STM32G471QET3, STM32G471RCT6, STM32G471RET3, STM32G471RET6, STM32G471VCH6, STM32G471VCI6, STM32G471VCT6, STM32G471VEH3, STM32G471VEH6, STM32G471VEI3, STM32G471VEI6, STM32G471VET3, STM32G471VET6, STM32G473QET3Z, STM32G473RET3Z, STM32G474CCT6, STM32G491RET3Z, STM32H503CBT6, STM32H503CBU6, STM32H503EBY6TR, STM32H503KBU6, STM32H503RBT6, STM32H523CCT6, STM32H523CCU6, STM32H523CET6, STM32H523CEU6, STM32H523HEY6TR, STM32H523RCT6, STM32H523RET6, STM32H523VCI6, STM32H523VCT6, STM32H523VEI6, STM32H523VET6, STM32H523ZCJ6, STM32H523ZCT6, STM32H523ZEJ6, STM32H523ZET6, STM32H533CET6, STM32H533CEU6, STM32H533HEY6TR, STM32H533RET6, STM32H533VEI6, STM32H533VET6, STM32H533ZEJ6, STM32H533ZET6, STM32H562AGI6, STM32H562AII6, STM32H562IGK6, STM32H562IGT6, STM32H562IIK6, STM32H562IIT6, STM32H562RGT6, STM32H562RGV6, STM32H562RIT6, STM32H562RIV6, STM32H562VGT6, STM32H562VIT6, STM32H562ZGT6, STM32H562ZIT6, STM32H563AGI6, STM32H563AII3Q, STM32H563AII6, STM32H563IGK6, STM32H563IGT6, STM32H563IIK3Q, STM32H563IIK6, STM32H563IIT3Q, STM32H563IIT6, STM32H563MIY3QTR, STM32H563RGT6, STM32H563RGV6, STM32H563RIT6, STM32H563RIV6, STM32H563VGT6, STM32H563VIT3Q, STM32H563VIT6, STM32H563ZGT6, STM32H563ZIT3Q, STM32H563ZIT6, STM32H573AII3Q, STM32H573AII6, STM32H573I-DK, STM32H573IIK3Q, STM32H573IIK6, STM32H573IIT3Q, STM32H573IIT6, STM32H573MIY3QTR, STM32H573RIT6, STM32H573RIV6, STM32H573VIT3Q, STM32H573VIT6, STM32H573ZIT3Q, STM32H573ZIT6, STM32H7R3A8I6, STM32H7R3I8K6, STM32H7R3I8T6, STM32H7R3L8H6, STM32H7R3L8H6H, STM32H7R3R8V6, STM32H7R3V8H6, STM32H7R3V8T6, STM32H7R3V8Y6TR, STM32H7R3Z8J6, STM32H7R3Z8T6, STM32H7R7A8I6, STM32H7R7I8K6, STM32H7R7I8T6, STM32H7R7L8H6, STM32H7R7L8H6H, STM32H7R7Z8J6, STM32H7S3A8I6, STM32H7S3I8K6, STM32H7S3I8T6, STM32H7S3L8H6, STM32H7S3L8H6H, STM32H7S3R8V6, STM32H7S3V8H6, STM32H7S3V8T6, STM32H7S3V8Y6TR, STM32H7S3Z8J6, STM32H7S3Z8T6, STM32H7S78-DK, STM32H7S7A8I6, STM32H7S7I8K6, STM32H7S7I8T6, STM32H7S7L8H6, STM32H7S7L8H6H, STM32H7S7Z8J6, STM32L4R5QGI6STR, STM32MP131AAE3, STM32MP131AAF3, STM32MP131AAG3, STM32MP131CAE3, STM32MP131CAF3, STM32MP131CAG3, STM32MP131DAE7, STM32MP131DAF7, STM32MP131DAG7, STM32MP131FAE7, STM32MP131FAF7, STM32MP131FAG7, STM32MP133AAE3, STM32MP133AAF3, STM32MP133AAG3, STM32MP133CAE3, STM32MP133CAF3, STM32MP133CAG3, STM32MP133DAE7, STM32MP133DAF7, STM32MP133DAG7, STM32MP133FAE7, STM32MP133FAF7, STM32MP133FAG7, STM32MP135AAE3, STM32MP135AAF3, STM32MP135AAG3, STM32MP135CAE3, STM32MP135CAF3, STM32MP135CAG3, STM32MP135DAE7, STM32MP135DAF7, STM32MP135DAG7, STM32MP135F-DK, STM32MP135FAE7, STM32MP135FAF7, STM32MP135FAF7T, STM32MP135FAF7U, STM32MP135FAG7, STM32MP231AAJ3, STM32MP231AAK3, STM32MP231AAL3, STM32MP231CAJ3, STM32MP231CAK3, STM32MP231CAL3, STM32MP231DAJ3, STM32MP231DAK3, STM32MP231DAL3, STM32MP231FAJ3, STM32MP231FAK3, STM32MP231FAL3, STM32MP233AAJ3, STM32MP233AAK3, STM32MP233AAL3, STM32MP233CAJ3, STM32MP233CAK3, STM32MP233CAL3, STM32MP233DAJ3, STM32MP233DAK3, STM32MP233DAL3, STM32MP233FAJ3, STM32MP233FAK3, STM32MP233FAL3, STM32MP235AAJ3, STM32MP235AAK3, STM32MP235AAL3, STM32MP235CAJ3, STM32MP235CAK3, STM32MP235CAL3, STM32MP235DAJ3, STM32MP235DAK3, STM32MP235DAL3, STM32MP235FAJ3, STM32MP235FAK3, STM32MP235FAL3, STM32MP251AAI3, STM32MP251AAJ3, STM32MP251AAK3, STM32MP251AAL3, STM32MP251CAI3, STM32MP251CAJ3, STM32MP251CAK3, STM32MP251CAL3, STM32MP251DAI3, STM32MP251DAJ3, STM32MP251DAK3, STM32MP251DAL3, STM32MP251FAI3, STM32MP251FAJ3, STM32MP251FAK3, STM32MP251FAL3, STM32MP253AAI3, STM32MP253AAJ3, STM32MP253AAK3, STM32MP253AAL3, STM32MP253CAI3, STM32MP253CAJ3, STM32MP253CAK3, STM32MP253CAL3, STM32MP253DAI3, STM32MP253DAJ3, STM32MP253DAK3, STM32MP253DAL3, STM32MP253FAI3, STM32MP253FAJ3, STM32MP253FAK3, STM32MP253FAL3, STM32MP255AAI3, STM32MP255AAJ3, STM32MP255AAK3, STM32MP255AAL3, STM32MP255CAI3, STM32MP255CAJ3, STM32MP255CAK3, STM32MP255CAL3, STM32MP255DAI3, STM32MP255DAJ3, STM32MP255DAK3, STM32MP255DAL3, STM32MP255FAI3, STM32MP255FAJ3, STM32MP255FAK3, STM32MP255FAL3, STM32MP257AAI3, STM32MP257AAJ3, STM32MP257AAK3, STM32MP257AAL3, STM32MP257CAI3, STM32MP257CAJ3, STM32MP257CAK3, STM32MP257CAL3, STM32MP257DAI3, STM32MP257DAJ3, STM32MP257DAK3, STM32MP257DAL3, STM32MP257F-DK, STM32MP257F-EV1, STM32MP257FAI3, STM32MP257FAJ3, STM32MP257FAK3, STM32MP257FAL3, STM32N645A0H3Q, STM32N645B0H3Q, STM32N645I0H3Q, STM32N645L0H3Q, STM32N645X0H3Q, STM32N645Z0H3Q, STM32N647A0H3Q, STM32N647B0H3Q, STM32N647I0H3Q, STM32N647L0H3Q, STM32N647X0H3Q, STM32N647Z0H3Q, STM32N655A0H3Q, STM32N655B0H3Q, STM32N655I0H3Q, STM32N655L0H3Q, STM32N655X0H3Q, STM32N655Z0H3Q, STM32N6570-DK, STM32N657A0H3Q, STM32N657B0H3Q, STM32N657I0H3Q, STM32N657L0H3Q, STM32N657X0H3Q, STM32N657Z0H3Q, STM32U031C6T6, STM32U031C6U6, STM32U031C8T6, STM32U031C8U6, STM32U031F4P6, STM32U031F6P6, STM32U031F8P6, STM32U031G6Y6TR, STM32U031G8Y6TR, STM32U031K4U6, STM32U031K6U6, STM32U031K8U6, STM32U031R6I6, STM32U031R6T6, STM32U031R8I6, STM32U031R8T6, STM32U073C8T6, STM32U073C8U6, STM32U073CBT6, STM32U073CBU6, STM32U073CCT6, STM32U073CCU6, STM32U073H8Y6TR, STM32U073HBY6TR, STM32U073HCY6TR, STM32U073K8U6, STM32U073KBU6, STM32U073KCU6, STM32U073M8I6, STM32U073M8T6, STM32U073MBI6, STM32U073MBT6, STM32U073MCI6, STM32U073MCT6, STM32U073R8I6, STM32U073R8T6, STM32U073RBI6, STM32U073RBT6, STM32U073RCI6, STM32U073RCT6, STM32U083C-DK, STM32U083CCT6, STM32U083CCU6, STM32U083HCY6TR, STM32U083KCU6, STM32U083MCI6, STM32U083MCT6, STM32U083RCI6, STM32U083RCT6, STM32U375CET6, STM32U375CET6Q, STM32U375CEU6, STM32U375CEU6Q, STM32U375CEY6QTR, STM32U375CGT6, STM32U375CGT6Q, STM32U375CGU6, STM32U375CGU6Q, STM32U375CGY6QTR, STM32U375KEU6, STM32U375KGU6, STM32U375REI6, STM32U375REI6Q, STM32U375RET6, STM32U375RET6Q, STM32U375REY6GTR, STM32U375REY6QTR, STM32U375RGI6, STM32U375RGI6Q, STM32U375RGT6, STM32U375RGT6Q, STM32U375RGY6GTR, STM32U375RGY6QTR, STM32U375VEI6, STM32U375VEI6Q, STM32U375VET6, STM32U375VET6Q, STM32U375VGI6, STM32U375VGI6Q, STM32U375VGT6, STM32U375VGT6Q, STM32U385CGT6, STM32U385CGT6Q, STM32U385CGU6, STM32U385CGU6Q, STM32U385CGY6QTR, STM32U385KGU6, STM32U385RGI6, STM32U385RGI6Q, STM32U385RGT6, STM32U385RGT6Q, STM32U385RGY6GTR, STM32U385RGY6QTR, STM32U385VGI6, STM32U385VGI6Q, STM32U385VGT6, STM32U385VGT6Q, STM32U535CBT6, STM32U535CBT6Q, STM32U535CBU6, STM32U535CBU6Q, STM32U535CCT6, STM32U535CCT6Q, STM32U535CCU6, STM32U535CCU6Q, STM32U535CET6, STM32U535CET6Q, STM32U535CEU6, STM32U535CEU6Q, STM32U535JEY6QTR, STM32U535NCY6QTR, STM32U535NEY6QTR, STM32U535RBI6, STM32U535RBI6Q, STM32U535RBT6, STM32U535RBT6Q, STM32U535RCI6, STM32U535RCI6Q, STM32U535RCT6, STM32U535RCT6Q, STM32U535REI6, STM32U535REI6Q, STM32U535RET6, STM32U535RET6Q, STM32U535VCI6, STM32U535VCI6Q, STM32U535VCT6, STM32U535VCT6Q, STM32U535VEI6, STM32U535VEI6Q, STM32U535VET6, STM32U535VET6Q, STM32U545CET6, STM32U545CET6Q, STM32U545CEU6, STM32U545CEU6Q, STM32U545JEY6QTR, STM32U545NEY6QTR, STM32U545REI6, STM32U545REI6Q, STM32U545RET6, STM32U545RET6Q, STM32U545VEI6, STM32U545VEI6Q, STM32U545VET6, STM32U545VET6Q, STM32U595AIH6, STM32U595AIH6Q, STM32U595AJH6, STM32U595AJH6Q, STM32U595QII6, STM32U595QII6Q, STM32U595QJI6, STM32U595QJI6Q, STM32U595RIT6, STM32U595RIT6Q, STM32U595RJT6, STM32U595RJT6Q, STM32U595VIT6, STM32U595VIT6Q, STM32U595VJT6, STM32U595VJT6Q, STM32U595ZIT6, STM32U595ZIT6Q, STM32U595ZIY6QTR, STM32U595ZJT6, STM32U595ZJT6Q, STM32U595ZJY6QTR, STM32U599BJY6QTR, STM32U599NIH6Q, STM32U599NJH6Q, STM32U599VIT6Q, STM32U599VJT6, STM32U599VJT6Q, STM32U599ZIT6Q, STM32U599ZIY6QTR, STM32U599ZJT6Q, STM32U599ZJY6QTR, STM32U5A5AJH6, STM32U5A5AJH6Q, STM32U5A5QII3Q , STM32U5A5QJI6, STM32U5A5QJI6Q, STM32U5A5RJT6, STM32U5A5RJT6Q, STM32U5A5VJT6, STM32U5A5VJT6Q, STM32U5A5ZJT6, STM32U5A5ZJT6Q, STM32U5A5ZJY6QTR, STM32U5A9BJY6QTR, STM32U5A9J-DK, STM32U5A9NJH6Q, STM32U5A9VJT6Q, STM32U5A9ZJT6Q, STM32U5A9ZJY6QTR, STM32U5F7VIT6, STM32U5F7VIT6Q, STM32U5F7VJT6, STM32U5F7VJT6Q, STM32U5F9BJY6QTR, STM32U5F9NJH6Q, STM32U5F9VIT6Q, STM32U5F9VJT6Q, STM32U5F9ZIJ6QTR, STM32U5F9ZIT6Q, STM32U5F9ZJJ6QTR, STM32U5F9ZJT6Q, STM32U5G7VJT6, STM32U5G7VJT6Q, STM32U5G9BJY6QTR, STM32U5G9J-DK1, STM32U5G9J-DK2, STM32U5G9NJH6Q, STM32U5G9VJT6Q, STM32U5G9ZJJ6QTR, STM32U5G9ZJT6Q, STM32WB05KZV6TR, STM32WB05KZV7TR, STM32WB05TZF6TR, STM32WB05TZF7TR, STM32WB06CCF6TR, STM32WB06CCF7TR, STM32WB06CCV6TR, STM32WB06CCV7TR, STM32WB06KCV6TR, STM32WB06KCV7TR, STM32WB07CCF6TR, STM32WB07CCF7TR, STM32WB07CCV6TR, STM32WB07CCV7TR, STM32WB07KCV6TR, STM32WB07KCV7TR, STM32WB09KEV6TR, STM32WB09KEV7TR, STM32WB09TEF6TR, STM32WB09TEF7TR, STM32WB1MMCH6, STM32WBA50KGU6, STM32WBA50KGU6TR, STM32WBA52CEU6, STM32WBA52CEU6TR, STM32WBA52CEU7, STM32WBA52CEU7TR, STM32WBA52CGU6, STM32WBA52CGU6TR, STM32WBA52CGU6U, STM32WBA52CGU7, STM32WBA52CGU7TR, STM32WBA52KEU6, STM32WBA52KEU6TR, STM32WBA52KGU6, STM32WBA52KGU6TR, STM32WBA54CEU6, STM32WBA54CEU6TR, STM32WBA54CEU7, STM32WBA54CEU7TR, STM32WBA54CGU6, STM32WBA54CGU6TR, STM32WBA54CGU7, STM32WBA54CGU7TR, STM32WBA54KEU6, STM32WBA54KEU6TR, STM32WBA54KEU7, STM32WBA54KEU7TR, STM32WBA54KGU6, STM32WBA54KGU6TR, STM32WBA54KGU7, STM32WBA54KGU7TR, STM32WBA55CEU6, STM32WBA55CEU6TR, STM32WBA55CEU7, STM32WBA55CEU7TR, STM32WBA55CGU6, STM32WBA55CGU6TR, STM32WBA55CGU6U, STM32WBA55CGU7, STM32WBA55CGU7TR, STM32WBA55G-DK1, STM32WBA55HEF6, STM32WBA55HEF7, STM32WBA55HGF6, STM32WBA55HGF7, STM32WBA55UEI6, STM32WBA55UEI6TR, STM32WBA55UEI7, STM32WBA55UEI7TR, STM32WBA55UGI6, STM32WBA55UGI6TR, STM32WBA55UGI7, STM32WBA55UGI7TR, STM32WBA5MJGH6TR, STM32WBA5MJGH6U, STM32WL33C8V6, STM32WL33C8V6TR, STM32WL33C8V7, STM32WL33C8V7TR, STM32WL33CBV6, STM32WL33CBV6TR, STM32WL33CBV7, STM32WL33CBV7TR, STM32WL33CCV6, STM32WL33CCV6TR, STM32WL33CCV7, STM32WL33CCV7A, STM32WL33CCV7ATR, STM32WL33CCV7TR, STM32WL33K8V6, STM32WL33K8V6TR, STM32WL33K8V7, STM32WL33K8V7TR, STM32WL33KBV6, STM32WL33KBV6TR, STM32WL33KBV7, STM32WL33KBV7TR, STM32WL33KCV6, STM32WL33KCV6TR, STM32WL33KCV7, STM32WL33KCV7TR, STM32WL5MOCH6, STM32WL5MOCH6TR]
2025-05-06 14:21:39,806 [INFO] BoardInfo:889 - No configuration file found for board NUCLEO-WBA65RI
2025-05-06 14:21:39,806 [INFO] DbBoards:161 - Board is not supported: NUCLEO-WBA65RI
2025-05-06 14:21:39,810 [INFO] BoardInfo:889 - No configuration file found for board P-NUCLEO-WB55
2025-05-06 14:21:39,810 [INFO] DbBoards:161 - Kit is not supported: P-NUCLEO-WB55
2025-05-06 14:21:39,813 [INFO] BoardInfo:889 - No configuration file found for board STEVAL-BFA001V1B
2025-05-06 14:21:39,813 [INFO] DbBoards:161 - Kit is not supported: STEVAL-BFA001V1B
2025-05-06 14:21:39,813 [INFO] BoardInfo:889 - No configuration file found for board STEVAL-BFA001V2B
2025-05-06 14:21:39,814 [INFO] DbBoards:161 - Kit is not supported: STEVAL-BFA001V2B
2025-05-06 14:21:39,884 [INFO] BoardInfo:889 - No configuration file found for board STM32WBA65I-DK1
2025-05-06 14:21:39,885 [INFO] DbBoards:161 - Board is not supported: STM32WBA65I-DK1
2025-05-06 14:21:39,885 [INFO] DbBoards:168 - Found 211 boards, 206 are supported
2025-05-06 14:21:39,885 [INFO] DbBoards:169 - Found 211 boards, 42 of them is supported for  Bsp
2025-05-06 14:21:39,888 [INFO] ApiDb:423 - Load user favorites file /Users/mauricewashington/.stm32cubeide/favorites.boards.txt: 1 item(s)
2025-05-06 14:21:39,888 [INFO] ApiDb:427 - User favorites Boards=[STM32F407G-DISC1]
2025-05-06 14:21:39,888 [INFO] DbBoards:198 - Set 1 / 1 favorites Boards
2025-05-06 14:21:39,890 [INFO] ApiDb:668 - CubeFinder database Data Model version=2.1
2025-05-06 14:21:39,890 [INFO] ApiDb:669 - CubeFinder database Configuration version=3.0.39
2025-05-06 14:21:39,890 [INFO] ApiDb:670 - CubeFinder database generation date=2025-04-23 (1745419778)
2025-05-06 14:21:39,890 [INFO] ApiDb:671 - CubeFinder database FW Pack versions=[FP-ATR-ASTRA1_V2.0.0, FP-SNS-FLIGHT1_V5.1.0, FP-SNS-MOTENV1_V5.0.0, FP-SNS-MOTENVWB1_V1.4.0, FP-SNS-SMARTAG2_V1.2.0, FP-SNS-STBOX1_V2.0.0, STM32Cube_FW_C0_V1.4.0, STM32Cube_FW_F4_V1.28.1, STM32Cube_FW_F7_V1.17.2, STM32Cube_FW_G0_V1.6.2, STM32Cube_FW_G4_V1.6.1, STM32Cube_FW_H5_V1.5.0, STM32Cube_FW_H7RS_V1.2.0, STM32Cube_FW_H7_V1.12.1, STM32Cube_FW_L0_V1.12.2, STM32Cube_FW_L4_V1.18.1, STM32Cube_FW_L5_V1.5.1, STM32Cube_FW_N6_V1.1.1, STM32Cube_FW_U0_V1.2.0, STM32Cube_FW_U3_V1.1.0, STM32Cube_FW_U5_V1.7.0, STM32Cube_FW_WB0_V1.2.0, STM32Cube_FW_WBA_V1.6.0, STM32Cube_FW_WB_V1.22.0, STM32Cube_FW_WL3_V1.1.0, STM32Cube_FW_WL_V1.3.1, X-CUBE-ALGOBUILD_V1.4.0, X-CUBE-ALS_V1.0.2, X-CUBE-AZRTOS-F4_V1.1.0, X-CUBE-AZRTOS-F7_V1.1.0, X-CUBE-AZRTOS-G0_V1.1.0, X-CUBE-AZRTOS-G4_V2.0.0, X-CUBE-AZRTOS-H7RS_V1.1.0, X-CUBE-AZRTOS-H7_V3.3.0, X-CUBE-AZRTOS-L4_V2.0.0, X-CUBE-AZRTOS-L5_V2.0.0, X-CUBE-AZRTOS-WB_V2.0.0, X-CUBE-AZRTOS-WL_V2.0.0, X-CUBE-BLE1_V7.1.0, X-CUBE-BLE2_V3.3.0, X-CUBE-BLEMGR_V4.0.0, X-CUBE-EEPRMA1_V5.1.0, X-CUBE-FREERTOS_V1.3.0, X-CUBE-GNSS1_V6.0.0, X-CUBE-MEMS1_V11.2.0, X-CUBE-NFC4_V3.0.0, X-CUBE-NFC7_V1.0.1, X-CUBE-SFXS2LP1_V4.0.0, X-CUBE-SUBG2_V5.0.0, X-CUBE-TOF1_V3.4.3]
2025-05-06 14:21:40,354 [ERROR] DbExamplesSqlite:437 - Missing JSON key: board_cpn
2025-05-06 14:21:40,355 [ERROR] DbExamplesSqlite:437 - Missing JSON key: board_cpn
2025-05-06 14:21:40,355 [ERROR] DbExamplesSqlite:437 - Missing JSON key: board_cpn
2025-05-06 14:21:40,355 [ERROR] DbExamplesSqlite:437 - Missing JSON key: board_cpn
2025-05-06 14:21:40,441 [ERROR] DbExamplesSqlite:437 - Missing JSON key: board_cpn
2025-05-06 14:21:40,441 [ERROR] DbExamplesSqlite:437 - Missing JSON key: board_cpn
2025-05-06 14:21:40,441 [ERROR] DbExamplesSqlite:437 - Missing JSON key: board_cpn
2025-05-06 14:21:40,441 [ERROR] DbExamplesSqlite:437 - Missing JSON key: board_cpn
2025-05-06 14:21:40,441 [ERROR] DbExamplesSqlite:437 - Missing JSON key: board_cpn
2025-05-06 14:21:40,441 [ERROR] DbExamplesSqlite:437 - Missing JSON key: board_cpn
2025-05-06 14:21:40,441 [ERROR] DbExamplesSqlite:437 - Missing JSON key: board_cpn
2025-05-06 14:21:40,441 [ERROR] DbExamplesSqlite:437 - Missing JSON key: board_cpn
2025-05-06 14:21:40,441 [ERROR] DbExamplesSqlite:437 - Missing JSON key: board_cpn
2025-05-06 14:21:40,557 [ERROR] DbExamplesSqlite:437 - Missing JSON key: board_cpn
2025-05-06 14:21:40,564 [INFO] DbExamplesSqlite:395 - Ignored 46 examples not supported by CubeIDE
2025-05-06 14:21:40,564 [INFO] DbExamplesSqlite:396 - Found 10821 examples active
2025-05-06 14:21:40,565 [INFO] DbExamplesSqlite:397 - Found 0 examples obsolete
2025-05-06 14:21:40,565 [INFO] DbExamplesSqlite:398 - Found 0 examples under development
2025-05-06 14:21:40,565 [INFO] DbExamplesSqlite:399 - Found 79 examples not building
2025-05-06 14:21:40,567 [INFO] DbExamples:125 - Found 10854 examples
2025-05-06 14:21:40,590 [ERROR] DbExamples:208 - Found 3 examples with invalid data (board or MCU)
2025-05-06 14:21:40,591 [INFO] DbExamples:222 - Found 134 boards with related examples
2025-05-06 14:21:40,591 [INFO] DbExamples:235 - Found 110 MCUs with related examples
2025-05-06 14:21:40,610 [INFO] ApiDb:423 - Load user favorites file /Users/mauricewashington/.stm32cubeide/favorites.examples.txt: 0 item(s)
2025-05-06 14:21:40,611 [INFO] ApiDb:427 - User favorites Examples=[]
2025-05-06 14:21:40,611 [INFO] DbExamples:250 - Set 0 / 0 favorites Examples
2025-05-06 14:21:41,123 [INFO] McuFinderGlobals:76 - Set McuFinderConnectedMode to true
2025-05-06 14:21:41,131 [INFO] MultiScanPanel:200 - Auto-refresh data requested => check proxy status ongoing
2025-05-06 14:21:41,133 [INFO] FinderPluginLoader:95 - Searching for filters in installed packs
2025-05-06 14:21:42,643 [INFO] LoadUrlFilesThread:185 - End of LoadServerUrlFiles without Thread
2025-05-06 14:21:42,668 [INFO] DetailPanel:341 - Set advertising image to /Users/mauricewashington/STM32Cube/Repository//en.prom-stm32n6-mcu-finder.png
2025-05-06 14:21:49,949 [INFO] MultiScanPanel:200 - Auto-refresh data requested => check proxy status ongoing
2025-05-06 14:21:50,122 [INFO] LoadUrlFilesThread:185 - End of LoadServerUrlFiles without Thread
2025-05-06 14:21:50,123 [INFO] DetailPanel:341 - Set advertising image to /Users/mauricewashington/STM32Cube/Repository//en.prom-stm32n6-mcu-finder.png
2025-05-06 14:21:50,145 [INFO] DbBoards:642 - Loading board mini-images...
2025-05-06 14:21:50,195 [ERROR] DbBoards:659 - Image file not found for board B-WBA5M-WPAN: /Users/mauricewashington/.stmcufinder/plugins/mcufinder//mcu//boards_images/B-WBA5M-WPAN.jpg
2025-05-06 14:21:52,094 [INFO] DbBoards:665 - Loaded 210 board mini-images
2025-05-06 14:22:19,270 [INFO] McuFinderGlobals:76 - Set McuFinderConnectedMode to true
2025-05-06 14:22:19,281 [INFO] ApiDb:448 - Save user favorites file /Users/mauricewashington/.stm32cubeide/favorites.mcus.txt: 0 item(s)
2025-05-06 14:22:19,284 [INFO] ApiDb:452 - User favorites MCUs=[]
2025-05-06 14:22:19,291 [INFO] ApiDb:448 - Save user favorites file /Users/mauricewashington/.stm32cubeide/favorites.boards.txt: 1 item(s)
2025-05-06 14:22:19,292 [INFO] ApiDb:452 - User favorites Boards=[STM32F407G-DISC1]
2025-05-06 14:39:42,747 [INFO] WebApp:190 - Connection lost
2025-05-06 14:39:43,586 [INFO] WebApp:187 - Connection restablished
2025-05-06 14:40:05,084 [INFO] WebApp:190 - Connection lost
2025-05-06 14:40:05,333 [INFO] WebApp:187 - Connection restablished
2025-05-06 14:40:11,924 [INFO] WebApp:190 - Connection lost
2025-05-06 14:40:12,144 [INFO] WebApp:187 - Connection restablished
2025-05-06 14:40:19,728 [INFO] WebApp:190 - Connection lost
2025-05-06 14:40:19,895 [INFO] WebApp:187 - Connection restablished
2025-05-06 15:19:03,042 [INFO] WebApp:190 - Connection lost
2025-05-06 15:19:03,646 [INFO] WebApp:187 - Connection restablished
2025-05-06 15:23:23,544 [INFO] WebApp:190 - Connection lost
2025-05-06 15:23:23,871 [INFO] WebApp:187 - Connection restablished
2025-05-06 15:24:17,274 [INFO] WebApp:190 - Connection lost
2025-05-06 15:24:18,841 [INFO] WebApp:187 - Connection restablished
2025-05-06 15:41:15,827 [INFO] WebApp:190 - Connection lost
2025-05-06 15:41:16,478 [INFO] WebApp:187 - Connection restablished
2025-05-06 15:58:58,867 [INFO] WebApp:190 - Connection lost
2025-05-06 15:59:00,050 [INFO] WebApp:187 - Connection restablished
2025-05-06 16:15:19,814 [INFO] WebApp:190 - Connection lost
2025-05-06 16:15:20,525 [INFO] WebApp:187 - Connection restablished
2025-05-06 16:15:42,573 [INFO] WebApp:190 - Connection lost
2025-05-06 16:15:43,789 [INFO] WebApp:187 - Connection restablished
2025-05-06 16:31:13,842 [INFO] WebApp:190 - Connection lost
2025-05-06 16:31:14,086 [INFO] WebApp:187 - Connection restablished
2025-05-06 16:34:41,924 [INFO] WebApp:190 - Connection lost
2025-05-06 16:34:42,898 [INFO] WebApp:187 - Connection restablished
2025-05-06 16:38:06,818 [INFO] WebApp:190 - Connection lost
2025-05-06 16:38:07,904 [INFO] WebApp:187 - Connection restablished
2025-05-06 16:38:23,712 [INFO] WebApp:190 - Connection lost
2025-05-06 16:38:23,874 [INFO] WebApp:187 - Connection restablished
2025-05-06 16:54:21,777 [INFO] WebApp:190 - Connection lost
2025-05-06 16:54:22,869 [INFO] WebApp:187 - Connection restablished
2025-05-06 16:54:39,801 [INFO] WebApp:190 - Connection lost
2025-05-06 16:54:40,084 [INFO] WebApp:187 - Connection restablished
2025-05-06 17:09:46,826 [INFO] WebApp:190 - Connection lost
2025-05-06 17:09:47,846 [INFO] WebApp:187 - Connection restablished
2025-05-06 17:25:17,925 [INFO] WebApp:190 - Connection lost
2025-05-06 17:25:18,168 [INFO] WebApp:187 - Connection restablished
2025-05-06 17:42:57,779 [INFO] WebApp:190 - Connection lost
2025-05-06 17:42:58,314 [INFO] WebApp:187 - Connection restablished
2025-05-06 17:58:09,753 [INFO] WebApp:190 - Connection lost
2025-05-06 17:58:10,931 [INFO] WebApp:187 - Connection restablished
2025-05-06 18:13:28,745 [INFO] WebApp:190 - Connection lost
2025-05-06 18:13:29,133 [INFO] WebApp:187 - Connection restablished
2025-05-06 18:26:17,745 [INFO] WebApp:190 - Connection lost
2025-05-06 18:26:19,073 [INFO] WebApp:187 - Connection restablished
2025-05-06 18:57:44,756 [INFO] WebApp:190 - Connection lost
2025-05-06 18:57:45,061 [INFO] WebApp:187 - Connection restablished
2025-05-06 19:15:44,741 [INFO] WebApp:190 - Connection lost
2025-05-06 19:15:45,813 [INFO] WebApp:187 - Connection restablished
2025-05-06 19:27:17,720 [INFO] WebApp:190 - Connection lost
2025-05-06 19:27:18,174 [INFO] WebApp:187 - Connection restablished
2025-05-06 19:43:11,772 [INFO] WebApp:190 - Connection lost
2025-05-06 19:43:12,839 [INFO] WebApp:187 - Connection restablished
2025-05-06 19:53:16,333 [INFO] WebApp:190 - Connection lost
2025-05-06 19:53:16,623 [INFO] WebApp:187 - Connection restablished
2025-05-06 21:00:47,315 [ERROR] LogOutputStream:75 - [STDERR_REDIRECT] 
