2025-03-03 08:39:24,092 [INFO] Activator:176 - 


2025-03-03 08:39:24,096 [INFO] Activator:177 - !SESSION log4j initialized
2025-03-03 08:39:25,826 [ERROR] LogOutputStream:75 - [STDERR_REDIRECT] 
2025-03-03 08:39:26,292 [INFO] LogOutputStream:77 - [STDOUT_REDIRECT] 
2025-03-03 08:39:27,685 [INFO] LogOutputStream:77 - [STDOUT_REDIRECT] 
2025-03-03 08:39:28,769 [ERROR] LogOutputStream:75 - [STDERR_REDIRECT] [Fatal Error] :2:10: DOCTYPE is disallowed when the feature "http://apache.org/xml/features/disallow-doctype-decl" set to true.
2025-03-03 08:39:28,769 [ERROR] LogOutputStream:75 - [STDERR_REDIRECT] 
2025-03-03 08:39:29,161 [INFO] ApplicationProperties:184 - Using Application install path: /Applications/STM32CubeIDE.app/Contents/Eclipse/plugins/com.st.stm32cube.common.mx_6.13.0.202411220809
2025-03-03 08:39:29,171 [INFO] DbMcusXml:78 - Set database path to: /Applications/STM32CubeIDE.app/Contents/Eclipse/plugins/com.st.stm32cube.common.mx_6.13.0.202411220809//db//mcu/
2025-03-03 08:39:29,172 [INFO] ApiDb:274 - Set plugin database path to: /Applications/STM32CubeIDE.app/Contents/Eclipse/plugins/com.st.stm32cube.common.mx_6.13.0.202411220809//db//plugins/boardmanager/
2025-03-03 08:39:29,172 [WARN] ApiDb:259 - Overriding images path with different value:  => /Applications/STM32CubeIDE.app/Contents/Eclipse/plugins/com.st.stm32cube.common.mx_6.13.0.202411220809//db//plugins/mcufinder/images/
2025-03-03 08:39:29,177 [INFO] ApiDb:250 - Set database path to: /Users/mauricewashington/.stmcufinder/plugins/mcufinder//mcu/
2025-03-03 08:39:29,177 [INFO] DbMcusAds:125 - Set database path to: /Users/mauricewashington/.stmcufinder/plugins/mcufinder//mcu/
2025-03-03 08:39:29,178 [INFO] CrossReferenceDbSqlite:203 - Set database path to: /Users/mauricewashington/.stmcufinder/plugins/mcufinder//mcu/cs/
2025-03-03 08:39:29,277 [INFO] RulesReader:64 - Compatibility file has been processed (297 Rules)
2025-03-03 08:39:29,330 [INFO] DbMcusXml:78 - Set database path to: /Applications/STM32CubeIDE.app/Contents/Eclipse/plugins/com.st.stm32cube.common.mx_6.13.0.202411220809//db//mcu/
2025-03-03 08:39:29,330 [INFO] ApiDb:274 - Set plugin database path to: /Applications/STM32CubeIDE.app/Contents/Eclipse/plugins/com.st.stm32cube.common.mx_6.13.0.202411220809//db//plugins/boardmanager/
2025-03-03 08:39:29,330 [INFO] ApiDb:261 - Set plugin images path to: /Applications/STM32CubeIDE.app/Contents/Eclipse/plugins/com.st.stm32cube.common.mx_6.13.0.202411220809//db//plugins/mcufinder/images/
2025-03-03 08:39:29,330 [WARN] DbFile:41 - Overriding database path with different value: /Users/mauricewashington/.stmcufinder/plugins/mcufinder/ => /Users/mauricewashington/.stmcufinder/plugins/mcufinder
2025-03-03 08:39:29,330 [INFO] ApiDb:250 - Set database path to: /Users/mauricewashington/.stmcufinder/plugins/mcufinder//mcu/
2025-03-03 08:39:29,330 [WARN] DbFile:41 - Overriding database path with different value: /Users/mauricewashington/.stmcufinder/plugins/mcufinder/ => /Users/mauricewashington/.stmcufinder/plugins/mcufinder
2025-03-03 08:39:29,330 [INFO] DbMcusAds:125 - Set database path to: /Users/mauricewashington/.stmcufinder/plugins/mcufinder//mcu/
2025-03-03 08:39:29,330 [WARN] DbFile:41 - Overriding database path with different value: /Users/mauricewashington/.stmcufinder/plugins/mcufinder/ => /Users/mauricewashington/.stmcufinder/plugins/mcufinder
2025-03-03 08:39:29,330 [WARN] DbFile:41 - Overriding database path with different value: /Users/mauricewashington/.stmcufinder/plugins/mcufinder/ => /Users/mauricewashington/.stmcufinder/plugins/mcufinder
2025-03-03 08:39:29,330 [INFO] CrossReferenceDbSqlite:203 - Set database path to: /Users/mauricewashington/.stmcufinder/plugins/mcufinder//mcu/cs/
2025-03-03 08:39:29,379 [INFO] MainPanel:272 - HeapMemory: 348127232
2025-03-03 08:39:29,790 [INFO] DbMcusXml:78 - Set database path to: /Applications/STM32CubeIDE.app/Contents/Eclipse/plugins/com.st.stm32cube.common.mx_6.13.0.202411220809//db//mcu/
2025-03-03 08:39:29,791 [INFO] ApiDb:274 - Set plugin database path to: /Applications/STM32CubeIDE.app/Contents/Eclipse/plugins/com.st.stm32cube.common.mx_6.13.0.202411220809//db//plugins/boardmanager/
2025-03-03 08:39:29,791 [INFO] ApiDb:261 - Set plugin images path to: /Applications/STM32CubeIDE.app/Contents/Eclipse/plugins/com.st.stm32cube.common.mx_6.13.0.202411220809//db//plugins/mcufinder/images/
2025-03-03 08:39:29,791 [WARN] DbFile:41 - Overriding database path with different value: /Users/mauricewashington/.stmcufinder/plugins/mcufinder/ => /Users/mauricewashington/.stmcufinder/plugins/mcufinder
2025-03-03 08:39:29,791 [INFO] ApiDb:250 - Set database path to: /Users/mauricewashington/.stmcufinder/plugins/mcufinder//mcu/
2025-03-03 08:39:29,791 [WARN] DbFile:41 - Overriding database path with different value: /Users/mauricewashington/.stmcufinder/plugins/mcufinder/ => /Users/mauricewashington/.stmcufinder/plugins/mcufinder
2025-03-03 08:39:29,791 [INFO] DbMcusAds:125 - Set database path to: /Users/mauricewashington/.stmcufinder/plugins/mcufinder//mcu/
2025-03-03 08:39:29,791 [WARN] DbFile:41 - Overriding database path with different value: /Users/mauricewashington/.stmcufinder/plugins/mcufinder/ => /Users/mauricewashington/.stmcufinder/plugins/mcufinder
2025-03-03 08:39:29,791 [WARN] DbFile:41 - Overriding database path with different value: /Users/mauricewashington/.stmcufinder/plugins/mcufinder/ => /Users/mauricewashington/.stmcufinder/plugins/mcufinder
2025-03-03 08:39:29,791 [INFO] CrossReferenceDbSqlite:203 - Set database path to: /Users/mauricewashington/.stmcufinder/plugins/mcufinder//mcu/cs/
2025-03-03 08:39:29,804 [INFO] ApplicationProperties:184 - Using Application install path: /Applications/STM32CubeIDE.app/Contents/Eclipse/plugins/com.st.stm32cube.common.mx_6.13.0.202411220809
2025-03-03 08:39:29,805 [INFO] PluginManage:196 - Search for loadable plugins [exclusion list=, ]
2025-03-03 08:39:29,806 [INFO] PluginManage:310 - Check plugin analytics
2025-03-03 08:39:29,943 [INFO] AnalyticsPlugin:253 - Accepted Software Licenses: 
2025-03-03 08:39:29,943 [INFO] AnalyticsPlugin:255 - Accepted CMSIS Pack Licenses: 
2025-03-03 08:39:29,944 [INFO] AnalyticsPlugin:257 - Accepted Firmware Licenses: 
2025-03-03 08:39:29,950 [INFO] PluginManage:359 - Loaded plugin analytics (category:tool,tabindex:-1)
2025-03-03 08:39:29,951 [INFO] PluginManage:310 - Check plugin cadmodel
2025-03-03 08:39:29,961 [INFO] CADModel:105 - Init CAD model plugin
2025-03-03 08:39:29,961 [INFO] PluginManage:359 - Loaded plugin cadmodel (category:power,tabindex:5)
2025-03-03 08:39:29,961 [INFO] PluginManage:310 - Check plugin clock
2025-03-03 08:39:29,968 [INFO] PluginManage:359 - Loaded plugin clock (category:base,tabindex:2)
2025-03-03 08:39:29,969 [INFO] PluginManage:310 - Check plugin ddr
2025-03-03 08:39:29,970 [INFO] PluginManage:359 - Loaded plugin ddr (category:tool,tabindex:6)
2025-03-03 08:39:29,970 [INFO] PluginManage:310 - Check plugin filemanager
2025-03-03 08:39:30,080 [INFO] PluginManage:359 - Loaded plugin filemanager (category:base,tabindex:10)
2025-03-03 08:39:30,080 [INFO] PluginManage:310 - Check plugin ipmanager
2025-03-03 08:39:30,086 [INFO] PluginManage:359 - Loaded plugin ipmanager (category:base,tabindex:5)
2025-03-03 08:39:30,086 [INFO] PluginManage:310 - Check plugin lpbam
2025-03-03 08:39:30,092 [INFO] PluginManage:359 - Loaded plugin lpbam (category:base,tabindex:0)
2025-03-03 08:39:30,092 [INFO] PluginManage:310 - Check plugin memorymap
2025-03-03 08:39:30,100 [INFO] PluginManage:359 - Loaded plugin memorymap (category:base,tabindex:4)
2025-03-03 08:39:30,100 [INFO] PluginManage:310 - Check plugin pinoutandconfiguration
2025-03-03 08:39:30,105 [INFO] PluginManage:359 - Loaded plugin pinoutandconfiguration (category:base,tabindex:1)
2025-03-03 08:39:30,105 [INFO] PluginManage:310 - Check plugin pinoutconfig
2025-03-03 08:39:30,311 [WARN] SupportedApi:132 - Cannot load RTOS API schema: s4s-elt-must-match.1: The content of 'definitions' must match (annotation?, (simpleType | complexType)?, (unique | key | keyref)*)). A problem was found starting at: attribute.
2025-03-03 08:39:30,536 [INFO] PluginManage:359 - Loaded plugin pinoutconfig (category:base,tabindex:0)
2025-03-03 08:39:30,538 [INFO] PluginManage:310 - Check plugin power
2025-03-03 08:39:30,562 [INFO] PluginManage:359 - Loaded plugin power (category:power,tabindex:4)
2025-03-03 08:39:30,563 [INFO] PluginManage:310 - Check plugin projectmanager
2025-03-03 08:39:30,621 [INFO] PluginManage:359 - Loaded plugin projectmanager (category:projectmanager,tabindex:4)
2025-03-03 08:39:30,621 [INFO] PluginManage:310 - Check plugin rif
2025-03-03 08:39:30,626 [INFO] PluginManage:359 - Loaded plugin rif (category:base,tabindex:3)
2025-03-03 08:39:30,626 [INFO] PluginManage:310 - Check plugin thirdparty
2025-03-03 08:39:30,756 [INFO] PluginManage:359 - Loaded plugin thirdparty (category:base,tabindex:-1)
2025-03-03 08:39:30,756 [INFO] PluginManage:310 - Check plugin tools
2025-03-03 08:39:30,762 [INFO] PluginManage:359 - Loaded plugin tools (category:base,tabindex:7)
2025-03-03 08:39:30,762 [INFO] PluginManage:310 - Check plugin tutovideos
2025-03-03 08:39:30,756 [WARN] IntegrityCheckThread:84 - waiting for thirdparty lock release [integrity check]
2025-03-03 08:39:30,763 [INFO] IntegrityCheckThread:86 - entering critical section [integrity check]
2025-03-03 08:39:30,764 [INFO] ThirdPartyUpdaterWithRetryManager:70 - Updater plugin not ready yet. [1/15]
2025-03-03 08:39:30,865 [INFO] PluginManage:359 - Loaded plugin tutovideos (category:base,tabindex:-1)
2025-03-03 08:39:30,865 [INFO] PluginManage:310 - Check plugin updater
2025-03-03 08:39:30,885 [INFO] PluginManage:359 - Loaded plugin updater (category:base,tabindex:12)
2025-03-03 08:39:30,885 [INFO] PluginManage:310 - Check plugin userauth
2025-03-03 08:39:30,888 [INFO] UserAuth:118 - Init User Auth plugin
2025-03-03 08:39:30,889 [INFO] PluginManage:359 - Loaded plugin userauth (category:base,tabindex:14)
2025-03-03 08:39:30,890 [INFO] PluginManage:283 - PluginManage : Loaded plugins [18]
2025-03-03 08:39:31,056 [INFO] PinOutPanel:1589 - setPackage(No Configuration,No Configuration)
2025-03-03 08:39:31,105 [INFO] CADModel:165 - CPN selected for project level
2025-03-03 08:39:31,106 [INFO] CADModel:114 - Register for checkConnection events
2025-03-03 08:39:31,114 [INFO] IPUIPlugin:80 - create IPUIPlugin
2025-03-03 08:39:31,114 [INFO] PluginManager:220 - loadIPPluginJar : add mdma
2025-03-03 08:39:31,118 [INFO] IPUIPlugin:80 - create IPUIPlugin
2025-03-03 08:39:31,118 [INFO] PluginManager:220 - loadIPPluginJar : add freertos
2025-03-03 08:39:31,120 [INFO] IPUIPlugin:80 - create IPUIPlugin
2025-03-03 08:39:31,120 [INFO] PluginManager:220 - loadIPPluginJar : add gic
2025-03-03 08:39:31,125 [INFO] IPUIPlugin:80 - create IPUIPlugin
2025-03-03 08:39:31,126 [INFO] PluginManager:220 - loadIPPluginJar : add adc
2025-03-03 08:39:31,127 [INFO] IPUIPlugin:80 - create IPUIPlugin
2025-03-03 08:39:31,127 [INFO] PluginManager:220 - loadIPPluginJar : add gtzc
2025-03-03 08:39:31,128 [INFO] IPUIPlugin:80 - create IPUIPlugin
2025-03-03 08:39:31,128 [INFO] PluginManager:220 - loadIPPluginJar : add quadspi
2025-03-03 08:39:31,129 [INFO] IPUIPlugin:80 - create IPUIPlugin
2025-03-03 08:39:31,129 [INFO] PluginManager:220 - loadIPPluginJar : add aes
2025-03-03 08:39:31,130 [INFO] IPUIPlugin:80 - create IPUIPlugin
2025-03-03 08:39:31,130 [INFO] PluginManager:220 - loadIPPluginJar : add pdm2pcm
2025-03-03 08:39:31,132 [INFO] IPUIPlugin:80 - create IPUIPlugin
2025-03-03 08:39:31,132 [INFO] PluginManager:220 - loadIPPluginJar : add hash
2025-03-03 08:39:31,133 [INFO] IPUIPlugin:80 - create IPUIPlugin
2025-03-03 08:39:31,133 [INFO] PluginManager:220 - loadIPPluginJar : add tim
2025-03-03 08:39:31,134 [INFO] IPUIPlugin:80 - create IPUIPlugin
2025-03-03 08:39:31,134 [INFO] PluginManager:220 - loadIPPluginJar : add tsc
2025-03-03 08:39:31,136 [INFO] IPUIPlugin:80 - create IPUIPlugin
2025-03-03 08:39:31,136 [INFO] PluginManager:220 - loadIPPluginJar : add extmemmanager
2025-03-03 08:39:31,137 [INFO] IPUIPlugin:80 - create IPUIPlugin
2025-03-03 08:39:31,137 [INFO] PluginManager:220 - loadIPPluginJar : add ts
2025-03-03 08:39:31,137 [INFO] IPUIPlugin:80 - create IPUIPlugin
2025-03-03 08:39:31,138 [INFO] PluginManager:220 - loadIPPluginJar : add radio
2025-03-03 08:39:31,138 [INFO] IPUIPlugin:80 - create IPUIPlugin
2025-03-03 08:39:31,138 [INFO] PluginManager:220 - loadIPPluginJar : add can
2025-03-03 08:39:31,139 [INFO] IPUIPlugin:80 - create IPUIPlugin
2025-03-03 08:39:31,139 [INFO] PluginManager:220 - loadIPPluginJar : add dma3
2025-03-03 08:39:31,140 [INFO] IPUIPlugin:80 - create IPUIPlugin
2025-03-03 08:39:31,140 [INFO] PluginManager:220 - loadIPPluginJar : add dfsdm
2025-03-03 08:39:31,141 [INFO] IPUIPlugin:80 - create IPUIPlugin
2025-03-03 08:39:31,141 [INFO] PluginManager:220 - loadIPPluginJar : add spi
2025-03-03 08:39:31,142 [INFO] IPUIPlugin:80 - create IPUIPlugin
2025-03-03 08:39:31,142 [INFO] PluginManager:220 - loadIPPluginJar : add gfxmmu
2025-03-03 08:39:31,143 [INFO] IPUIPlugin:80 - create IPUIPlugin
2025-03-03 08:39:31,143 [INFO] PluginManager:220 - loadIPPluginJar : add genericplugin
2025-03-03 08:39:31,144 [INFO] IPUIPlugin:80 - create IPUIPlugin
2025-03-03 08:39:31,145 [INFO] PluginManager:220 - loadIPPluginJar : add cryp
2025-03-03 08:39:31,147 [INFO] IPUIPlugin:80 - create IPUIPlugin
2025-03-03 08:39:31,147 [INFO] PluginManager:220 - loadIPPluginJar : add gpio
2025-03-03 08:39:31,148 [INFO] IPUIPlugin:80 - create IPUIPlugin
2025-03-03 08:39:31,148 [INFO] PluginManager:220 - loadIPPluginJar : add ddr_ctrl_phy
2025-03-03 08:39:31,150 [INFO] IPUIPlugin:80 - create IPUIPlugin
2025-03-03 08:39:31,150 [INFO] PluginManager:220 - loadIPPluginJar : add comp
2025-03-03 08:39:31,151 [INFO] IPUIPlugin:80 - create IPUIPlugin
2025-03-03 08:39:31,152 [INFO] PluginManager:220 - loadIPPluginJar : add tracer_emb
2025-03-03 08:39:31,153 [INFO] IPUIPlugin:80 - create IPUIPlugin
2025-03-03 08:39:31,153 [INFO] PluginManager:220 - loadIPPluginJar : add openamp
2025-03-03 08:39:31,155 [INFO] IPUIPlugin:80 - create IPUIPlugin
2025-03-03 08:39:31,155 [INFO] PluginManager:220 - loadIPPluginJar : add stm32_wpan
2025-03-03 08:39:31,158 [INFO] IPUIPlugin:80 - create IPUIPlugin
2025-03-03 08:39:31,161 [INFO] PluginManager:220 - loadIPPluginJar : add plateformsettings
2025-03-03 08:39:31,162 [INFO] IPUIPlugin:80 - create IPUIPlugin
2025-03-03 08:39:31,162 [INFO] PluginManager:220 - loadIPPluginJar : add ipddr
2025-03-03 08:39:31,163 [INFO] IPUIPlugin:80 - create IPUIPlugin
2025-03-03 08:39:31,163 [INFO] PluginManager:220 - loadIPPluginJar : add usart
2025-03-03 08:39:31,164 [INFO] IPUIPlugin:80 - create IPUIPlugin
2025-03-03 08:39:31,164 [INFO] PluginManager:220 - loadIPPluginJar : add ltdc
2025-03-03 08:39:31,165 [INFO] IPUIPlugin:80 - create IPUIPlugin
2025-03-03 08:39:31,165 [INFO] PluginManager:220 - loadIPPluginJar : add nvic
2025-03-03 08:39:31,166 [INFO] IPUIPlugin:80 - create IPUIPlugin
2025-03-03 08:39:31,166 [INFO] PluginManager:220 - loadIPPluginJar : add fatfs
2025-03-03 08:39:31,169 [INFO] IPUIPlugin:80 - create IPUIPlugin
2025-03-03 08:39:31,170 [INFO] PluginManager:220 - loadIPPluginJar : add linkedlist
2025-03-03 08:39:31,172 [INFO] IPUIPlugin:80 - create IPUIPlugin
2025-03-03 08:39:31,172 [INFO] PluginManager:220 - loadIPPluginJar : add dma
2025-03-03 08:39:31,174 [INFO] IPUIPlugin:80 - create IPUIPlugin
2025-03-03 08:39:31,174 [INFO] PluginManager:220 - loadIPPluginJar : add fmc
2025-03-03 08:39:31,174 [INFO] IPUIPlugin:80 - create IPUIPlugin
2025-03-03 08:39:31,174 [INFO] PluginManager:220 - loadIPPluginJar : add i2s
2025-03-03 08:39:31,175 [INFO] IPUIPlugin:80 - create IPUIPlugin
2025-03-03 08:39:31,175 [INFO] PluginManager:220 - loadIPPluginJar : add ucpd
2025-03-03 08:39:31,176 [INFO] IPUIPlugin:80 - create IPUIPlugin
2025-03-03 08:39:31,177 [INFO] PluginManager:220 - loadIPPluginJar : add lorawan
2025-03-03 08:39:31,178 [INFO] IPUIPlugin:80 - create IPUIPlugin
2025-03-03 08:39:31,178 [INFO] PluginManager:220 - loadIPPluginJar : add opamp
2025-03-03 08:39:31,179 [INFO] IPUIPlugin:80 - create IPUIPlugin
2025-03-03 08:39:31,179 [INFO] PluginManager:220 - loadIPPluginJar : add i3c
2025-03-03 08:39:31,180 [INFO] IPUIPlugin:80 - create IPUIPlugin
2025-03-03 08:39:31,180 [INFO] PluginManager:220 - loadIPPluginJar : add touchsensing
2025-03-03 08:39:31,181 [INFO] IPUIPlugin:80 - create IPUIPlugin
2025-03-03 08:39:31,181 [INFO] PluginManager:220 - loadIPPluginJar : add i2c
2025-03-03 08:39:31,183 [INFO] IPUIPlugin:80 - create IPUIPlugin
2025-03-03 08:39:31,183 [INFO] PluginManager:220 - loadIPPluginJar : add resmgrutility
2025-03-03 08:39:31,184 [INFO] IPUIPlugin:80 - create IPUIPlugin
2025-03-03 08:39:31,184 [INFO] PluginManager:220 - loadIPPluginJar : add sai
2025-03-03 08:39:31,185 [INFO] IPUIPlugin:80 - create IPUIPlugin
2025-03-03 08:39:31,185 [INFO] PluginManager:220 - loadIPPluginJar : add usbx
2025-03-03 08:39:31,287 [FATAL] Updater:351 - Updater called before beeing initialized
2025-03-03 08:39:31,327 [INFO] RulesReader:64 - Compatibility file has been processed (297 Rules)
2025-03-03 08:39:31,337 [INFO] RulesReader:64 - Compatibility file has been processed (297 Rules)
2025-03-03 08:39:31,345 [INFO] CADModel:165 - CPN selected for project level
2025-03-03 08:39:31,346 [INFO] CADModel:114 - Register for checkConnection events
2025-03-03 08:39:31,346 [FATAL] Updater:351 - Updater called before beeing initialized
2025-03-03 08:39:31,346 [ERROR] CADModel:125 - Updater not yet initialized, retry later 
2025-03-03 08:39:31,520 [FATAL] Updater:351 - Updater called before beeing initialized
2025-03-03 08:39:31,522 [INFO] CADModel:165 - CPN selected for project level
2025-03-03 08:39:31,523 [INFO] CADModel:114 - Register for checkConnection events
2025-03-03 08:39:31,523 [FATAL] Updater:351 - Updater called before beeing initialized
2025-03-03 08:39:31,523 [ERROR] CADModel:125 - Updater not yet initialized, retry later 
2025-03-03 08:39:31,525 [FATAL] Updater:351 - Updater called before beeing initialized
2025-03-03 08:39:31,627 [FATAL] Updater:351 - Updater called before beeing initialized
2025-03-03 08:39:31,630 [INFO] DbMcusAds:53 - JSON generation date=Tue Dec 17 08:01:15 PST 2024 (1734451275143)
2025-03-03 08:39:31,630 [FATAL] Updater:351 - Updater called before beeing initialized
2025-03-03 08:39:31,675 [WARN] DetailPanel:346 - Failed to get advertising image, set to default
2025-03-03 08:39:31,810 [FATAL] Updater:351 - Updater called before beeing initialized
2025-03-03 08:39:31,812 [FATAL] Updater:351 - Updater called before beeing initialized
2025-03-03 08:39:31,812 [FATAL] Updater:351 - Updater called before beeing initialized
2025-03-03 08:39:31,812 [WARN] DetailPanel:346 - Failed to get advertising image, set to default
2025-03-03 08:39:31,813 [FATAL] Updater:351 - Updater called before beeing initialized
2025-03-03 08:39:31,867 [ERROR] Updater:1198 - MainUpdater not yet initialized. External WinMGr cannot be set.
2025-03-03 08:39:31,919 [INFO] Updater:1134 - Updater Version found : 6.13.0
2025-03-03 08:39:31,928 [INFO] ApplicationProperties:184 - Using Application install path: /Applications/STM32CubeIDE.app/Contents/Eclipse/plugins/com.st.stm32cube.common.mx_6.13.0.202411220809
2025-03-03 08:39:32,199 [INFO] MainUpdater:2872 - connection check result : 10
2025-03-03 08:39:32,200 [INFO] MainUpdater:289 - Updater Check For Update Now.
2025-03-03 08:39:32,200 [INFO] MicroXplorer:498 - Change Database Version : DB.6.0.130
2025-03-03 08:39:32,204 [INFO] McuFinderGlobals:63 - Set McuFinder mode to 2 (CubeIDE integrated)
2025-03-03 08:39:32,204 [INFO] UserAuth:171 - activating auth plugin
2025-03-03 08:39:32,214 [INFO] UserAuth:486 - Internet connection configuration mode: 1
2025-03-03 08:39:32,228 [INFO] JxBrowserEngine:152 - Initiate JxBrowser Engine with user profile folder
2025-03-03 08:39:32,463 [INFO] CheckServerUpdateThread:120 - End of CheckServer Thread
2025-03-03 08:39:33,910 [WARN] PackLoader:240 - Cannot read IP mode file for STMicroelectronics.FP-SNS-MOTENVWB1.1.4.0
2025-03-03 08:39:33,925 [WARN] PackLoader:240 - Cannot read IP mode file for STMicroelectronics.FP-ATR-ASTRA1.2.0.2
2025-03-03 08:39:33,932 [WARN] PackLoader:240 - Cannot read IP mode file for STMicroelectronics.FP-ATR-ASTRA1.2.0.1
2025-03-03 08:39:33,941 [WARN] PackLoader:240 - Cannot read IP mode file for STMicroelectronics.X-CUBE-SMBUS.2.1.0
2025-03-03 08:39:33,947 [WARN] PackLoader:240 - Cannot read IP mode file for STMicroelectronics.X-CUBE-WB05N.1.1.0
2025-03-03 08:39:33,979 [WARN] PackLoader:240 - Cannot read IP mode file for STMicroelectronics.X-CUBE-AZRTOS-F7.1.1.0
2025-03-03 08:39:34,019 [WARN] PackLoader:240 - Cannot read IP mode file for STMicroelectronics.FP-SNS-FLIGHT1.5.0.2
2025-03-03 08:39:34,071 [WARN] PackLoader:240 - Cannot read IP mode file for Infineon.AIROC-Wi-Fi-Bluetooth-STM32.1.7.0
2025-03-03 08:39:34,095 [WARN] PackLoader:240 - Cannot read IP mode file for STMicroelectronics.X-CUBE-DISPLAY.3.0.0
2025-03-03 08:39:34,120 [WARN] PackLoader:240 - Cannot read IP mode file for STMicroelectronics.X-CUBE-BLE1.7.0.0
2025-03-03 08:39:34,133 [WARN] PackLoader:240 - Cannot read IP mode file for STMicroelectronics.X-CUBE-NFC10.1.0.0
2025-03-03 08:39:34,152 [WARN] PackLoader:240 - Cannot read IP mode file for STMicroelectronics.X-CUBE-BLEMGR.4.0.0
2025-03-03 08:39:34,169 [WARN] PackLoader:240 - Cannot read IP mode file for emotas.I-CUBE-CANOPEN.1.3.0
2025-03-03 08:39:34,182 [WARN] PackLoader:240 - Cannot read IP mode file for STMicroelectronics.X-CUBE-AI.10.0.0
2025-03-03 08:39:34,187 [WARN] PackLoader:240 - Cannot read IP mode file for STMicroelectronics.FP-SNS-SMARTAG2.1.2.0
2025-03-03 08:39:34,258 [WARN] PackLoader:240 - Cannot read IP mode file for STMicroelectronics.X-CUBE-MEMS1.11.1.0
2025-03-03 08:39:34,374 [INFO] LogOutputStream:77 - [STDOUT_REDIRECT] 1 : Invalid condition id : UX_CORESTACK_Condition cause : null
2025-03-03 08:39:34,375 [INFO] LogOutputStream:77 - [STDOUT_REDIRECT] 1 : Invalid condition id : UX_CORESTACK_Condition cause : null
2025-03-03 08:39:34,375 [INFO] LogOutputStream:77 - [STDOUT_REDIRECT] 1 : Invalid condition id : UX_CORESTACK_Condition cause : null
2025-03-03 08:39:34,376 [INFO] LogOutputStream:77 - [STDOUT_REDIRECT] 1 : Invalid condition id : UX_CORESTACK_Condition cause : null
2025-03-03 08:39:34,377 [INFO] LogOutputStream:77 - [STDOUT_REDIRECT] 1 : Invalid condition id : UX_CORESTACK_Condition cause : null
2025-03-03 08:39:34,381 [WARN] PackLoader:240 - Cannot read IP mode file for STMicroelectronics.X-CUBE-AZRTOS-WL.2.0.0
2025-03-03 08:39:34,398 [WARN] PackLoader:240 - Cannot read IP mode file for STMicroelectronics.FP-SNS-MOTENV1.5.0.0
2025-03-03 08:39:34,408 [WARN] PackLoader:240 - Cannot read IP mode file for wolfSSL.I-CUBE-wolfMQTT.1.19.0
2025-03-03 08:39:34,419 [WARN] PackLoader:240 - Cannot read IP mode file for WES.I-CUBE-Cesium.1.3.0
2025-03-03 08:39:34,424 [WARN] PackLoader:240 - Cannot read IP mode file for STMicroelectronics.X-CUBE-BLE2.3.3.0
2025-03-03 08:39:34,431 [WARN] PackLoader:240 - Cannot read IP mode file for STMicroelectronics.X-CUBE-NFC9.1.0.0
2025-03-03 08:39:34,451 [WARN] PackLoader:240 - Cannot read IP mode file for STMicroelectronics.X-CUBE-AZRTOS-G0.1.1.0
2025-03-03 08:39:34,459 [WARN] PackLoader:240 - Cannot read IP mode file for STMicroelectronics.X-CUBE-SAFEA1.1.2.2
2025-03-03 08:39:34,472 [WARN] PackLoader:240 - Cannot read IP mode file for STMicroelectronics.X-CUBE-NFC4.3.0.0
2025-03-03 08:39:34,486 [WARN] PackLoader:240 - Cannot read IP mode file for EmbeddedOffice.I-CUBE-FS-RTOS.1.0.1
2025-03-03 08:39:34,492 [WARN] PackLoader:240 - Cannot read IP mode file for STMicroelectronics.X-CUBE-TCPP.4.2.0
2025-03-03 08:39:34,496 [WARN] PackLoader:240 - Cannot read IP mode file for RealThread.X-CUBE-RT-Thread_Nano.4.1.1
2025-03-03 08:39:34,498 [WARN] PackLoader:240 - Cannot read IP mode file for STMicroelectronics.FP-ATR-SIGFOX1.3.2.0
2025-03-03 08:39:34,501 [WARN] ConditionMgr:438 - getConditionDescription Invalid condition id : Cortex-A Device cause : null
2025-03-03 08:39:34,515 [WARN] ConditionMgr:1044 - genDependencies : Invalid condition id : Cortex-A Device cause : null
2025-03-03 08:39:34,516 [WARN] ConditionMgr:1044 - genDependencies : Invalid condition id : Cortex-A Device cause : null
2025-03-03 08:39:34,516 [WARN] ConditionMgr:1044 - genDependencies : Invalid condition id : Cortex-A Device cause : null
2025-03-03 08:39:34,523 [WARN] PackLoader:240 - Cannot read IP mode file for STMicroelectronics.X-CUBE-EEPRMA1.5.1.0
2025-03-03 08:39:34,527 [WARN] PackLoader:240 - Cannot read IP mode file for wolfSSL.I-CUBE-wolfSSL.5.7.6
2025-03-03 08:39:34,530 [WARN] PackLoader:240 - Cannot read IP mode file for ITTIA_DB.I-CUBE-ITTIADB.8.9.0
2025-03-03 08:39:34,560 [WARN] PackLoader:240 - Cannot read IP mode file for SEGGER.I-CUBE-embOS.1.3.1
2025-03-03 08:39:34,753 [WARN] PackLoader:240 - Cannot read IP mode file for STMicroelectronics.X-CUBE-ALGOBUILD.1.4.0
2025-03-03 08:39:34,808 [WARN] PackLoader:240 - Cannot read IP mode file for STMicroelectronics.X-CUBE-AZRTOS-F4.1.1.0
2025-03-03 08:39:34,819 [WARN] PackLoader:240 - Cannot read IP mode file for STMicroelectronics.X-CUBE-ISPU.2.1.0
2025-03-03 08:39:34,868 [WARN] PackLoader:240 - Cannot read IP mode file for STMicroelectronics.X-CUBE-AZRTOS-L5.2.0.0
2025-03-03 08:39:34,884 [WARN] PackLoader:240 - Cannot read IP mode file for STMicroelectronics.X-CUBE-NFC6.3.1.0
2025-03-03 08:39:34,912 [WARN] PackLoader:240 - Cannot read IP mode file for STMicroelectronics.X-CUBE-DPower.1.2.0
2025-03-03 08:39:34,921 [WARN] PackLoader:240 - Cannot read IP mode file for STMicroelectronics.X-CUBE-FREERTOS.1.3.0
2025-03-03 08:39:34,926 [WARN] PackLoader:240 - Cannot read IP mode file for STMicroelectronics.X-CUBE-NFC7.1.0.1
2025-03-03 08:39:34,943 [WARN] ConditionMgr:438 - getConditionDescription Invalid condition id : LAN8742 Phy interface Condition cause : null
2025-03-03 08:39:34,944 [WARN] PackLoader:240 - Cannot read IP mode file for STMicroelectronics.X-CUBE-AZRTOS-L4.2.0.0
2025-03-03 08:39:34,946 [WARN] ConditionMgr:1044 - genDependencies : Invalid condition id : LAN8742 Phy interface Condition cause : null
2025-03-03 08:39:34,946 [WARN] ConditionMgr:1044 - genDependencies : Invalid condition id : LAN8742 Phy interface Condition cause : null
2025-03-03 08:39:34,947 [WARN] ConditionMgr:1044 - genDependencies : Invalid condition id : LAN8742 Phy interface Condition cause : null
2025-03-03 08:39:34,957 [WARN] PackLoader:240 - Cannot read IP mode file for STMicroelectronics.X-CUBE-SFXS2LP1.4.0.0
2025-03-03 08:39:34,976 [WARN] PackLoader:240 - Cannot read IP mode file for STMicroelectronics.X-CUBE-AZRTOS-H7.3.3.0
2025-03-03 08:39:34,995 [WARN] ConditionMgr:438 - getConditionDescription Invalid condition id : UX DEVICE CLASS RTOS Condition cause : null
2025-03-03 08:39:34,996 [WARN] ConditionMgr:438 - getConditionDescription Invalid condition id : UX DEVICE CLASS RTOS Condition cause : null
2025-03-03 08:39:34,998 [WARN] PackLoader:240 - Cannot read IP mode file for STMicroelectronics.X-CUBE-AZRTOS-WB.2.0.0
2025-03-03 08:39:34,998 [WARN] ConditionMgr:1044 - genDependencies : Invalid condition id : UX DEVICE CLASS RTOS Condition cause : null
2025-03-03 08:39:34,998 [WARN] ConditionMgr:1044 - genDependencies : Invalid condition id : UX DEVICE CLASS RTOS Condition cause : null
2025-03-03 08:39:34,999 [WARN] ConditionMgr:1044 - genDependencies : Invalid condition id : UX DEVICE CLASS RTOS Condition cause : null
2025-03-03 08:39:34,999 [WARN] ConditionMgr:1044 - genDependencies : Invalid condition id : UX DEVICE CLASS RTOS Condition cause : null
2025-03-03 08:39:34,999 [WARN] ConditionMgr:1044 - genDependencies : Invalid condition id : UX DEVICE CLASS RTOS Condition cause : null
2025-03-03 08:39:35,005 [WARN] PackLoader:240 - Cannot read IP mode file for STMicroelectronics.X-CUBE-GNSS1.7.0.1
2025-03-03 08:39:35,013 [WARN] PackLoader:240 - Cannot read IP mode file for STMicroelectronics.FP-SNS-STBOX1.2.0.0
2025-03-03 08:39:35,024 [WARN] PackLoader:240 - Cannot read IP mode file for STMicroelectronics.X-CUBE-SUBG2.5.0.0
2025-03-03 08:39:35,033 [WARN] PackLoader:240 - Cannot read IP mode file for Cesanta.I-CUBE-Mongoose.7.13.0
2025-03-03 08:39:35,044 [WARN] PackLoader:240 - Cannot read IP mode file for STMicroelectronics.X-CUBE-AZRTOS-G4.2.0.0
2025-03-03 08:39:35,054 [WARN] PackLoader:240 - Cannot read IP mode file for STMicroelectronics.X-CUBE-IPS.3.1.0
2025-03-03 08:39:35,062 [WARN] PackLoader:240 - Cannot read IP mode file for STMicroelectronics.X-CUBE-ALS.1.0.2
2025-03-03 08:39:35,078 [WARN] PackLoader:240 - Cannot read IP mode file for STMicroelectronics.X-CUBE-TOUCHGFX.4.24.2
2025-03-03 08:39:35,088 [WARN] PackLoader:240 - Cannot read IP mode file for wolfSSL.I-CUBE-wolfTPM.3.4.0
2025-03-03 08:39:35,096 [WARN] PackLoader:240 - Cannot read IP mode file for portGmbH.I-Cube-SoM-uGOAL.1.1.0
2025-03-03 08:39:35,116 [WARN] PackLoader:240 - Cannot read IP mode file for STMicroelectronics.X-CUBE-AZRTOS-H7RS.1.0.0
2025-03-03 08:39:35,132 [WARN] PackLoader:240 - Cannot read IP mode file for STMicroelectronics.X-CUBE-TOF1.3.4.2
2025-03-03 08:39:35,140 [WARN] PackLoader:240 - Cannot read IP mode file for wolfSSL.I-CUBE-wolfSSH.1.4.17
2025-03-03 08:39:35,155 [INFO] ThirdParty:978 - Integrity check success = true
2025-03-03 08:39:35,155 [INFO] IntegrityCheckThread:100 - exiting critical section [integrity check]
2025-03-03 08:39:35,155 [INFO] IntegrityCheckThread:103 - End integrity checks thread
2025-03-03 08:39:36,589 [INFO] WebApp:168 - Instantiating new browser for Auth
2025-03-03 08:39:37,759 [INFO] WebApp:449 - Apply proxy settings
2025-03-03 08:39:37,771 [INFO] WebApp:494 - Chromium authenticates against Manually configured proxy
2025-03-03 08:39:37,791 [INFO] WebApp:502 - Username used for proxy authentication: 
2025-03-03 08:39:37,839 [INFO] WebApp:880 - Register for checkConnection events
2025-03-03 08:39:37,840 [INFO] WebApp:449 - Apply proxy settings
2025-03-03 08:39:37,843 [INFO] WebApp:494 - Chromium authenticates against Manually configured proxy
2025-03-03 08:39:37,843 [INFO] WebApp:502 - Username used for proxy authentication: 
2025-03-03 08:39:37,965 [INFO] WebApp:221 - Starting web application
2025-03-03 08:39:37,965 [INFO] WebApp:579 - Web application path used /Applications/STM32CubeIDE.app/Contents/Eclipse/plugins/com.st.stm32cube.common.mx_6.13.0.202411220809/db/plugins/mcufinder/reactClient1/index.html
2025-03-03 08:39:38,390 [INFO] WebApp:187 - Connection restablished
2025-03-03 08:40:42,693 [INFO] McuFinderGlobals:63 - Set McuFinder mode to 2 (CubeIDE integrated)
2025-03-03 08:40:42,703 [INFO] MainUpdater:2872 - connection check result : 10
2025-03-03 08:40:43,843 [INFO] ApiDb:581 - Connected to CubeFinder SQLite database (/Users/mauricewashington/.stmcufinder/plugins/mcufinder/mcu/cube-finder-db.db)
2025-03-03 08:40:43,883 [INFO] ApiDb:668 - CubeFinder database Data Model version=2.1
2025-03-03 08:40:43,883 [INFO] ApiDb:669 - CubeFinder database Configuration version=3.0.39
2025-03-03 08:40:43,895 [INFO] ApiDb:670 - CubeFinder database generation date=2025-02-18 (1739885696)
2025-03-03 08:40:43,895 [INFO] ApiDb:671 - CubeFinder database FW Pack versions=[FP-ATR-ASTRA1_V2.0.0, FP-SNS-FLIGHT1_V5.0.2, FP-SNS-MOTENV1_V5.0.0, FP-SNS-MOTENVWB1_V1.4.0, FP-SNS-SMARTAG2_V1.2.0, FP-SNS-STBOX1_V2.0.0, STM32Cube_FW_C0_V1.4.0, STM32Cube_FW_F4_V1.28.1, STM32Cube_FW_F7_V1.17.2, STM32Cube_FW_G0_V1.6.2, STM32Cube_FW_G4_V1.6.1, STM32Cube_FW_H5_V1.5.0, STM32Cube_FW_H7RS_V1.2.0, STM32Cube_FW_H7_V1.12.1, STM32Cube_FW_L0_V1.12.2, STM32Cube_FW_L4_V1.18.1, STM32Cube_FW_L5_V1.5.1, STM32Cube_FW_N6_V1.1.0, STM32Cube_FW_U0_V1.2.0, STM32Cube_FW_U3_V1.1.0, STM32Cube_FW_U5_V1.7.0, STM32Cube_FW_WB0_V1.2.0, STM32Cube_FW_WBA_V1.6.0, STM32Cube_FW_WB_V1.22.0, STM32Cube_FW_WL3_V1.1.0, STM32Cube_FW_WL_V1.3.1, X-CUBE-ALGOBUILD_V1.4.0, X-CUBE-ALS_V1.0.2, X-CUBE-AZRTOS-F4_V1.1.0, X-CUBE-AZRTOS-F7_V1.1.0, X-CUBE-AZRTOS-G0_V1.1.0, X-CUBE-AZRTOS-G4_V2.0.0, X-CUBE-AZRTOS-H7RS_V1.0.0, X-CUBE-AZRTOS-H7_V3.3.0, X-CUBE-AZRTOS-L4_V2.0.0, X-CUBE-AZRTOS-L5_V2.0.0, X-CUBE-AZRTOS-WB_V2.0.0, X-CUBE-AZRTOS-WL_V2.0.0, X-CUBE-BLE1_V7.0.0, X-CUBE-BLE2_V3.3.0, X-CUBE-BLEMGR_V4.0.0, X-CUBE-EEPRMA1_V5.1.0, X-CUBE-FREERTOS_V1.3.0, X-CUBE-GNSS1_V6.0.0, X-CUBE-MEMS1_V11.1.0, X-CUBE-NFC4_V3.0.0, X-CUBE-NFC7_V1.0.1, X-CUBE-SFXS2LP1_V4.0.0, X-CUBE-SUBG2_V5.0.0, X-CUBE-TOF1_V3.4.2]
2025-03-03 08:40:43,968 [INFO] DbBoardsSqlite:226 - include board P-NUCLEO-WB55-NUCLEO as a kit item of type 'Nucleo-64'
2025-03-03 08:40:43,969 [INFO] DbBoardsSqlite:226 - include board P-NUCLEO-WB55-USBDONGLE as a kit item of type 'Nucleo USB Dongle'
2025-03-03 08:40:43,971 [INFO] DbBoardsSqlite:226 - include board STEVAL-IDP005V1 as a kit item of type 'Evaluation Board'
2025-03-03 08:40:43,971 [INFO] DbBoardsSqlite:226 - include board STEVAL-IDP005V2 as a kit item of type 'Evaluation Board'
2025-03-03 08:40:44,056 [INFO] ApiDb:240 - Found 858 in-development CPN: [B-G473E-ZEST1S, B-WB1M-WPAN1, B-WBA5M-WPAN, B-WL5M-SUBG1, NUCLEO-C031C6, NUCLEO-C051C8, NUCLEO-C071RB, NUCLEO-C092RC, NUCLEO-H503RB, NUCLEO-H533RE, NUCLEO-H563ZI, NUCLEO-H7S3L8, NUCLEO-N657X0-Q, NUCLEO-U031R8, NUCLEO-U083RC, NUCLEO-U385RG-Q, NUCLEO-U545RE-Q, NUCLEO-U5A5ZJ-Q, NUCLEO-WB05KZ, NUCLEO-WB07CC, NUCLEO-WB09KE, NUCLEO-WBA52CG, NUCLEO-WBA55CG, NUCLEO-WL33CC1, NUCLEO-WL33CC2, STEVAL-PROTEUS1, STEVAL-SMARTAG2, STEVAL-STWINBX1, STM320518-EVAL, STM32C0116-DK, STM32C011D6Y3TR, STM32C011D6Y6TR, STM32C011F4P3, STM32C011F4P6, STM32C011F4U3, STM32C011F4U6TR, STM32C011F6P3, STM32C011F6P6, STM32C011F6U3, STM32C011F6U6TR, STM32C011J4M3, STM32C011J4M6, STM32C011J6M3, STM32C011J6M6, STM32C0316-DK, STM32C031C4T3, STM32C031C4T6, STM32C031C4U3, STM32C031C4U6, STM32C031C6T3, STM32C031C6T6, STM32C031C6U3, STM32C031C6U6, STM32C031F4P3, STM32C031F4P6, STM32C031F6P3, STM32C031F6P6, STM32C031G4U3, STM32C031G4U6, STM32C031G6U3, STM32C031G6U6, STM32C031K4T3, STM32C031K4T6, STM32C031K4U3, STM32C031K4U6, STM32C031K6T3, STM32C031K6T6, STM32C031K6U3, STM32C031K6U6, STM32C051C6T6, STM32C051C6U6, STM32C051C8T6, STM32C051C8U6, STM32C051D8Y6TR, STM32C051F6P6, STM32C051F8P6, STM32C051G6U6, STM32C051G8U6, STM32C051K6T6, STM32C051K6U6, STM32C051K8T6, STM32C071C8T6, STM32C071C8T6N, STM32C071C8U6, STM32C071C8U6N, STM32C071CBT6, STM32C071CBT6N, STM32C071CBU6, STM32C071CBU6N, STM32C071F8P6, STM32C071F8P6N, STM32C071FBP6, STM32C071FBP6N, STM32C071FBY6TR, STM32C071G8U6, STM32C071G8U6N, STM32C071GBU6, STM32C071GBU6N, STM32C071K8T6, STM32C071K8T6N, STM32C071K8U6, STM32C071K8U6N, STM32C071KBT6, STM32C071KBT6N, STM32C071KBU6, STM32C071KBU6N, STM32C071R8T6, STM32C071R8T6N, STM32C071RBI6N, STM32C071RBT6, STM32C071RBT6N, STM32C091CBT6, STM32C091CBU6, STM32C091CCT6, STM32C091CCU6, STM32C091ECY6TR, STM32C091FBP6, STM32C091FCP6, STM32C091GBU6, STM32C091GCU6, STM32C091KBT6, STM32C091KBU6, STM32C091KCT6, STM32C091KCU6, STM32C091RBT6, STM32C091RCI6, STM32C091RCT6, STM32C092CBT6, STM32C092CBU6, STM32C092CCT6, STM32C092CCU6, STM32C092ECY6TR, STM32C092FBP6, STM32C092FCP6, STM32C092GBU6, STM32C092GCU6, STM32C092KBT6, STM32C092KBU6, STM32C092KCT6, STM32C092KCU6, STM32C092RBT6, STM32C092RCI6, STM32C092RCT6, STM32G071K8TXN, STM32G071K8UXN, STM32G081GBU6N, STM32G081KBT6N, STM32G081KBUXN, STM32G0B1CCT6N, STM32G0B1KCT6, STM32G0B1NEY6TR, STM32G0B1RCT6N, STM32G0C1CCT6, STM32G0C1CCT6N, STM32G0C1CCU6N, STM32G0C1CET6N, STM32G0C1CEU6N, STM32G0C1KCT6, STM32G0C1NEY6TR, STM32G0C1RCI6N, STM32G0C1RCT6N, STM32G0C1REI6N, STM32G0C1RET6N, STM32G0C1VCI6, STM32G0C1VEI6, STM32G411C6T3, STM32G411C6T6, STM32G411C6U3, STM32G411C6U6, STM32G411C8T3, STM32G411C8T6, STM32G411C8U3, STM32G411C8U6, STM32G411CBT3, STM32G411CBT6, STM32G411CBU3, STM32G411CBU6, STM32G411CCT3, STM32G411CCT6, STM32G411CCU3, STM32G411CCU6, STM32G411K6T3, STM32G411K6T6, STM32G411K6U3, STM32G411K6U6, STM32G411K8T3, STM32G411K8T6, STM32G411K8U3, STM32G411K8U6, STM32G411KBT3, STM32G411KBT6, STM32G411KBU3, STM32G411KBU6, STM32G411M6T3, STM32G411M6T6, STM32G411M8T3, STM32G411M8T6, STM32G411MBT3, STM32G411MBT6, STM32G411MCT3, STM32G411MCT6, STM32G411R6T3, STM32G411R6T6, STM32G411R8T3, STM32G411R8T6, STM32G411RBT3, STM32G411RBT6, STM32G411RCT3, STM32G411RCT6, STM32G414CBT3, STM32G414CBT6, STM32G414CBU3, STM32G414CBU6, STM32G414CCT3, STM32G414CCT6, STM32G414CCU3, STM32G414CCU6, STM32G414MBT3, STM32G414MBT6, STM32G414MCT3, STM32G414MCT6, STM32G414RBT3, STM32G414RBT6, STM32G414RCT3, STM32G414RCT6, STM32G414VBT3, STM32G414VBT6, STM32G414VCT3, STM32G414VCT6, STM32G431CBT3Z, STM32G431RBT3Z, STM32G471CCT6, STM32G471CCU6, STM32G471CET3, STM32G471CET6, STM32G471CEU3, STM32G471CEU6, STM32G471MCT6, STM32G471MET3, STM32G471MET6, STM32G471MEY6TR, STM32G471QCT6, STM32G471QET3, STM32G471RCT6, STM32G471RET3, STM32G471RET6, STM32G471VCH6, STM32G471VCI6, STM32G471VCT6, STM32G471VEH3, STM32G471VEH6, STM32G471VEI3, STM32G471VEI6, STM32G471VET3, STM32G471VET6, STM32G473QET3Z, STM32G473RET3Z, STM32G474CCT6, STM32G491RET3Z, STM32H503CBT6, STM32H503CBU6, STM32H503EBY6TR, STM32H503KBU6, STM32H503RBT6, STM32H523CCT6, STM32H523CCU6, STM32H523CET6, STM32H523CEU6, STM32H523HEY6TR, STM32H523RCT6, STM32H523RET6, STM32H523VCI6, STM32H523VCT6, STM32H523VEI6, STM32H523VET6, STM32H523ZCJ6, STM32H523ZCT6, STM32H523ZEJ6, STM32H523ZET6, STM32H533CET6, STM32H533CEU6, STM32H533HEY6TR, STM32H533RET6, STM32H533VEI6, STM32H533VET6, STM32H533ZEJ6, STM32H533ZET6, STM32H562AGI6, STM32H562AII6, STM32H562IGK6, STM32H562IGT6, STM32H562IIK6, STM32H562IIT6, STM32H562RGT6, STM32H562RGV6, STM32H562RIT6, STM32H562RIV6, STM32H562VGT6, STM32H562VIT6, STM32H562ZGT6, STM32H562ZIT6, STM32H563AGI6, STM32H563AII3Q, STM32H563AII6, STM32H563IGK6, STM32H563IGT6, STM32H563IIK3Q, STM32H563IIK6, STM32H563IIT3Q, STM32H563IIT6, STM32H563MIY3QTR, STM32H563RGT6, STM32H563RGV6, STM32H563RIT6, STM32H563RIV6, STM32H563VGT6, STM32H563VIT3Q, STM32H563VIT6, STM32H563ZGT6, STM32H563ZIT3Q, STM32H563ZIT6, STM32H573AII3Q, STM32H573AII6, STM32H573I-DK, STM32H573IIK3Q, STM32H573IIK6, STM32H573IIT3Q, STM32H573IIT6, STM32H573MIY3QTR, STM32H573RIT6, STM32H573RIV6, STM32H573VIT3Q, STM32H573VIT6, STM32H573ZIT3Q, STM32H573ZIT6, STM32H7R3A8I6, STM32H7R3I8K6, STM32H7R3I8T6, STM32H7R3L8H6, STM32H7R3L8H6H, STM32H7R3R8V6, STM32H7R3V8H6, STM32H7R3V8T6, STM32H7R3V8Y6TR, STM32H7R3Z8J6, STM32H7R3Z8T6, STM32H7R7A8I6, STM32H7R7I8K6, STM32H7R7I8T6, STM32H7R7L8H6, STM32H7R7L8H6H, STM32H7R7Z8J6, STM32H7S3A8I6, STM32H7S3I8K6, STM32H7S3I8T6, STM32H7S3L8H6, STM32H7S3L8H6H, STM32H7S3R8V6, STM32H7S3V8H6, STM32H7S3V8T6, STM32H7S3V8Y6TR, STM32H7S3Z8J6, STM32H7S3Z8T6, STM32H7S78-DK, STM32H7S7A8I6, STM32H7S7I8K6, STM32H7S7I8T6, STM32H7S7L8H6, STM32H7S7L8H6H, STM32H7S7Z8J6, STM32L4R5QGI6STR, STM32MP131AAE3, STM32MP131AAF3, STM32MP131AAG3, STM32MP131CAE3, STM32MP131CAF3, STM32MP131CAG3, STM32MP131DAE7, STM32MP131DAF7, STM32MP131DAG7, STM32MP131FAE7, STM32MP131FAF7, STM32MP131FAG7, STM32MP133AAE3, STM32MP133AAF3, STM32MP133AAG3, STM32MP133CAE3, STM32MP133CAF3, STM32MP133CAG3, STM32MP133DAE7, STM32MP133DAF7, STM32MP133DAG7, STM32MP133FAE7, STM32MP133FAF7, STM32MP133FAG7, STM32MP135AAE3, STM32MP135AAF3, STM32MP135AAG3, STM32MP135CAE3, STM32MP135CAF3, STM32MP135CAG3, STM32MP135DAE7, STM32MP135DAF7, STM32MP135DAG7, STM32MP135F-DK, STM32MP135FAE7, STM32MP135FAF7, STM32MP135FAF7T, STM32MP135FAF7U, STM32MP135FAG7, STM32MP231AAJ3, STM32MP231AAK3, STM32MP231AAL3, STM32MP231CAJ3, STM32MP231CAK3, STM32MP231CAL3, STM32MP231DAJ3, STM32MP231DAK3, STM32MP231DAL3, STM32MP231FAJ3, STM32MP231FAK3, STM32MP231FAL3, STM32MP233AAJ3, STM32MP233AAK3, STM32MP233AAL3, STM32MP233CAJ3, STM32MP233CAK3, STM32MP233CAL3, STM32MP233DAJ3, STM32MP233DAK3, STM32MP233DAL3, STM32MP233FAJ3, STM32MP233FAK3, STM32MP233FAL3, STM32MP235AAJ3, STM32MP235AAK3, STM32MP235AAL3, STM32MP235CAJ3, STM32MP235CAK3, STM32MP235CAL3, STM32MP235DAJ3, STM32MP235DAK3, STM32MP235DAL3, STM32MP235FAJ3, STM32MP235FAK3, STM32MP235FAL3, STM32MP251AAI3, STM32MP251AAJ3, STM32MP251AAK3, STM32MP251AAL3, STM32MP251CAI3, STM32MP251CAJ3, STM32MP251CAK3, STM32MP251CAL3, STM32MP251DAI3, STM32MP251DAJ3, STM32MP251DAK3, STM32MP251DAL3, STM32MP251FAI3, STM32MP251FAJ3, STM32MP251FAK3, STM32MP251FAL3, STM32MP253AAI3, STM32MP253AAJ3, STM32MP253AAK3, STM32MP253AAL3, STM32MP253CAI3, STM32MP253CAJ3, STM32MP253CAK3, STM32MP253CAL3, STM32MP253DAI3, STM32MP253DAJ3, STM32MP253DAK3, STM32MP253DAL3, STM32MP253FAI3, STM32MP253FAJ3, STM32MP253FAK3, STM32MP253FAL3, STM32MP255AAI3, STM32MP255AAJ3, STM32MP255AAK3, STM32MP255AAL3, STM32MP255CAI3, STM32MP255CAJ3, STM32MP255CAK3, STM32MP255CAL3, STM32MP255DAI3, STM32MP255DAJ3, STM32MP255DAK3, STM32MP255DAL3, STM32MP255FAI3, STM32MP255FAJ3, STM32MP255FAK3, STM32MP255FAL3, STM32MP257AAI3, STM32MP257AAJ3, STM32MP257AAK3, STM32MP257AAL3, STM32MP257CAI3, STM32MP257CAJ3, STM32MP257CAK3, STM32MP257CAL3, STM32MP257DAI3, STM32MP257DAJ3, STM32MP257DAK3, STM32MP257DAL3, STM32MP257F-DK, STM32MP257F-EV1, STM32MP257FAI3, STM32MP257FAJ3, STM32MP257FAK3, STM32MP257FAL3, STM32N645A0H3Q, STM32N645B0H3Q, STM32N645I0H3Q, STM32N645L0H3Q, STM32N645X0H3Q, STM32N645Z0H3Q, STM32N647A0H3Q, STM32N647B0H3Q, STM32N647I0H3Q, STM32N647L0H3Q, STM32N647X0H3Q, STM32N647Z0H3Q, STM32N655A0H3Q, STM32N655B0H3Q, STM32N655I0H3Q, STM32N655L0H3Q, STM32N655X0H3Q, STM32N655Z0H3Q, STM32N6570-DK, STM32N657A0H3Q, STM32N657B0H3Q, STM32N657I0H3Q, STM32N657L0H3Q, STM32N657X0H3Q, STM32N657Z0H3Q, STM32U031C6T6, STM32U031C6U6, STM32U031C8T6, STM32U031C8U6, STM32U031F4P6, STM32U031F6P6, STM32U031F8P6, STM32U031G6Y6TR, STM32U031G8Y6TR, STM32U031K4U6, STM32U031K6U6, STM32U031K8U6, STM32U031R6I6, STM32U031R6T6, STM32U031R8I6, STM32U031R8T6, STM32U073C8T6, STM32U073C8U6, STM32U073CBT6, STM32U073CBU6, STM32U073CCT6, STM32U073CCU6, STM32U073H8Y6TR, STM32U073HBY6TR, STM32U073HCY6TR, STM32U073K8U6, STM32U073KBU6, STM32U073KCU6, STM32U073M8I6, STM32U073M8T6, STM32U073MBI6, STM32U073MBT6, STM32U073MCI6, STM32U073MCT6, STM32U073R8I6, STM32U073R8T6, STM32U073RBI6, STM32U073RBT6, STM32U073RCI6, STM32U073RCT6, STM32U083C-DK, STM32U083CCT6, STM32U083CCU6, STM32U083HCY6TR, STM32U083KCU6, STM32U083MCI6, STM32U083MCT6, STM32U083RCI6, STM32U083RCT6, STM32U375CET6, STM32U375CET6Q, STM32U375CEU6, STM32U375CEU6Q, STM32U375CEY6QTR, STM32U375CGT6, STM32U375CGT6Q, STM32U375CGU6, STM32U375CGU6Q, STM32U375CGY6QTR, STM32U375KEU6, STM32U375KGU6, STM32U375REI6, STM32U375REI6Q, STM32U375RET6, STM32U375RET6Q, STM32U375REY6GTR, STM32U375REY6QTR, STM32U375RGI6, STM32U375RGI6Q, STM32U375RGT6, STM32U375RGT6Q, STM32U375RGY6GTR, STM32U375RGY6QTR, STM32U375VEI6, STM32U375VEI6Q, STM32U375VET6, STM32U375VET6Q, STM32U375VGI6, STM32U375VGI6Q, STM32U375VGT6, STM32U375VGT6Q, STM32U385CGT6, STM32U385CGT6Q, STM32U385CGU6, STM32U385CGU6Q, STM32U385CGY6QTR, STM32U385KGU6, STM32U385RGI6, STM32U385RGI6Q, STM32U385RGT6, STM32U385RGT6Q, STM32U385RGY6GTR, STM32U385RGY6QTR, STM32U385VGI6, STM32U385VGI6Q, STM32U385VGT6, STM32U385VGT6Q, STM32U535CBT6, STM32U535CBT6Q, STM32U535CBU6, STM32U535CBU6Q, STM32U535CCT6, STM32U535CCT6Q, STM32U535CCU6, STM32U535CCU6Q, STM32U535CET6, STM32U535CET6Q, STM32U535CEU6, STM32U535CEU6Q, STM32U535JEY6QTR, STM32U535NCY6QTR, STM32U535NEY6QTR, STM32U535RBI6, STM32U535RBI6Q, STM32U535RBT6, STM32U535RBT6Q, STM32U535RCI6, STM32U535RCI6Q, STM32U535RCT6, STM32U535RCT6Q, STM32U535REI6, STM32U535REI6Q, STM32U535RET6, STM32U535RET6Q, STM32U535VCI6, STM32U535VCI6Q, STM32U535VCT6, STM32U535VCT6Q, STM32U535VEI6, STM32U535VEI6Q, STM32U535VET6, STM32U535VET6Q, STM32U545CET6, STM32U545CET6Q, STM32U545CEU6, STM32U545CEU6Q, STM32U545JEY6QTR, STM32U545NEY6QTR, STM32U545REI6, STM32U545REI6Q, STM32U545RET6, STM32U545RET6Q, STM32U545VEI6, STM32U545VEI6Q, STM32U545VET6, STM32U545VET6Q, STM32U595AIH6, STM32U595AIH6Q, STM32U595AJH6, STM32U595AJH6Q, STM32U595QII6, STM32U595QII6Q, STM32U595QJI6, STM32U595QJI6Q, STM32U595RIT6, STM32U595RIT6Q, STM32U595RJT6, STM32U595RJT6Q, STM32U595VIT6, STM32U595VIT6Q, STM32U595VJT6, STM32U595VJT6Q, STM32U595ZIT6, STM32U595ZIT6Q, STM32U595ZIY6QTR, STM32U595ZJT6, STM32U595ZJT6Q, STM32U595ZJY6QTR, STM32U599BJY6QTR, STM32U599NIH6Q, STM32U599NJH6Q, STM32U599VIT6Q, STM32U599VJT6, STM32U599VJT6Q, STM32U599ZIT6Q, STM32U599ZIY6QTR, STM32U599ZJT6Q, STM32U599ZJY6QTR, STM32U5A5AJH6, STM32U5A5AJH6Q, STM32U5A5QII3Q , STM32U5A5QJI6, STM32U5A5QJI6Q, STM32U5A5RJT6, STM32U5A5RJT6Q, STM32U5A5VJT6, STM32U5A5VJT6Q, STM32U5A5ZJT6, STM32U5A5ZJT6Q, STM32U5A5ZJY6QTR, STM32U5A9BJY6QTR, STM32U5A9J-DK, STM32U5A9NJH6Q, STM32U5A9VJT6Q, STM32U5A9ZJT6Q, STM32U5A9ZJY6QTR, STM32U5F7VIT6, STM32U5F7VIT6Q, STM32U5F7VJT6, STM32U5F7VJT6Q, STM32U5F9BJY6QTR, STM32U5F9NJH6Q, STM32U5F9VIT6Q, STM32U5F9VJT6Q, STM32U5F9ZIJ6QTR, STM32U5F9ZIT6Q, STM32U5F9ZJJ6QTR, STM32U5F9ZJT6Q, STM32U5G7VJT6, STM32U5G7VJT6Q, STM32U5G9BJY6QTR, STM32U5G9J-DK1, STM32U5G9J-DK2, STM32U5G9NJH6Q, STM32U5G9VJT6Q, STM32U5G9ZJJ6QTR, STM32U5G9ZJT6Q, STM32WB05KZV6TR, STM32WB05KZV7TR, STM32WB05TZF6TR, STM32WB05TZF7TR, STM32WB06CCF6TR, STM32WB06CCF7TR, STM32WB06CCV6TR, STM32WB06CCV7TR, STM32WB06KCV6TR, STM32WB06KCV7TR, STM32WB07CCF6TR, STM32WB07CCF7TR, STM32WB07CCV6TR, STM32WB07CCV7TR, STM32WB07KCV6TR, STM32WB07KCV7TR, STM32WB09KEV6TR, STM32WB09KEV7TR, STM32WB09TEF6TR, STM32WB09TEF7TR, STM32WB1MMCH6, STM32WBA50KGU6, STM32WBA50KGU6TR, STM32WBA52CEU6, STM32WBA52CEU6TR, STM32WBA52CEU7, STM32WBA52CEU7TR, STM32WBA52CGU6, STM32WBA52CGU6TR, STM32WBA52CGU6U, STM32WBA52CGU7, STM32WBA52CGU7TR, STM32WBA52KEU6, STM32WBA52KEU6TR, STM32WBA52KGU6, STM32WBA52KGU6TR, STM32WBA54CEU6, STM32WBA54CEU6TR, STM32WBA54CEU7, STM32WBA54CEU7TR, STM32WBA54CGU6, STM32WBA54CGU6TR, STM32WBA54CGU7, STM32WBA54CGU7TR, STM32WBA54KEU6, STM32WBA54KEU6TR, STM32WBA54KEU7, STM32WBA54KEU7TR, STM32WBA54KGU6, STM32WBA54KGU6TR, STM32WBA54KGU7, STM32WBA54KGU7TR, STM32WBA55CEU6, STM32WBA55CEU6TR, STM32WBA55CEU7, STM32WBA55CEU7TR, STM32WBA55CGU6, STM32WBA55CGU6TR, STM32WBA55CGU6U, STM32WBA55CGU7, STM32WBA55CGU7TR, STM32WBA55G-DK1, STM32WBA55HEF6, STM32WBA55HEF7, STM32WBA55HGF6, STM32WBA55HGF7, STM32WBA55UEI6, STM32WBA55UEI6TR, STM32WBA55UEI7, STM32WBA55UEI7TR, STM32WBA55UGI6, STM32WBA55UGI6TR, STM32WBA55UGI7, STM32WBA55UGI7TR, STM32WBA5MJGH6TR, STM32WBA5MJGH6U, STM32WL33C8V6, STM32WL33C8V6TR, STM32WL33C8V7, STM32WL33C8V7TR, STM32WL33CBV6, STM32WL33CBV6TR, STM32WL33CBV7, STM32WL33CBV7TR, STM32WL33CCV6, STM32WL33CCV6TR, STM32WL33CCV7, STM32WL33CCV7A, STM32WL33CCV7ATR, STM32WL33CCV7TR, STM32WL33K8V6, STM32WL33K8V6TR, STM32WL33K8V7, STM32WL33K8V7TR, STM32WL33KBV6, STM32WL33KBV6TR, STM32WL33KBV7, STM32WL33KBV7TR, STM32WL33KCV6, STM32WL33KCV6TR, STM32WL33KCV7, STM32WL33KCV7TR, STM32WL5MOCH6, STM32WL5MOCH6TR]
2025-03-03 08:40:44,060 [INFO] ApiDb:668 - CubeFinder database Data Model version=2.1
2025-03-03 08:40:44,060 [INFO] ApiDb:669 - CubeFinder database Configuration version=3.0.39
2025-03-03 08:40:44,060 [INFO] ApiDb:670 - CubeFinder database generation date=2025-02-18 (1739885696)
2025-03-03 08:40:44,060 [INFO] ApiDb:671 - CubeFinder database FW Pack versions=[FP-ATR-ASTRA1_V2.0.0, FP-SNS-FLIGHT1_V5.0.2, FP-SNS-MOTENV1_V5.0.0, FP-SNS-MOTENVWB1_V1.4.0, FP-SNS-SMARTAG2_V1.2.0, FP-SNS-STBOX1_V2.0.0, STM32Cube_FW_C0_V1.4.0, STM32Cube_FW_F4_V1.28.1, STM32Cube_FW_F7_V1.17.2, STM32Cube_FW_G0_V1.6.2, STM32Cube_FW_G4_V1.6.1, STM32Cube_FW_H5_V1.5.0, STM32Cube_FW_H7RS_V1.2.0, STM32Cube_FW_H7_V1.12.1, STM32Cube_FW_L0_V1.12.2, STM32Cube_FW_L4_V1.18.1, STM32Cube_FW_L5_V1.5.1, STM32Cube_FW_N6_V1.1.0, STM32Cube_FW_U0_V1.2.0, STM32Cube_FW_U3_V1.1.0, STM32Cube_FW_U5_V1.7.0, STM32Cube_FW_WB0_V1.2.0, STM32Cube_FW_WBA_V1.6.0, STM32Cube_FW_WB_V1.22.0, STM32Cube_FW_WL3_V1.1.0, STM32Cube_FW_WL_V1.3.1, X-CUBE-ALGOBUILD_V1.4.0, X-CUBE-ALS_V1.0.2, X-CUBE-AZRTOS-F4_V1.1.0, X-CUBE-AZRTOS-F7_V1.1.0, X-CUBE-AZRTOS-G0_V1.1.0, X-CUBE-AZRTOS-G4_V2.0.0, X-CUBE-AZRTOS-H7RS_V1.0.0, X-CUBE-AZRTOS-H7_V3.3.0, X-CUBE-AZRTOS-L4_V2.0.0, X-CUBE-AZRTOS-L5_V2.0.0, X-CUBE-AZRTOS-WB_V2.0.0, X-CUBE-AZRTOS-WL_V2.0.0, X-CUBE-BLE1_V7.0.0, X-CUBE-BLE2_V3.3.0, X-CUBE-BLEMGR_V4.0.0, X-CUBE-EEPRMA1_V5.1.0, X-CUBE-FREERTOS_V1.3.0, X-CUBE-GNSS1_V6.0.0, X-CUBE-MEMS1_V11.1.0, X-CUBE-NFC4_V3.0.0, X-CUBE-NFC7_V1.0.1, X-CUBE-SFXS2LP1_V4.0.0, X-CUBE-SUBG2_V5.0.0, X-CUBE-TOF1_V3.4.2]
2025-03-03 08:40:45,217 [INFO] ApiDb:240 - Found 858 in-development CPN: [B-G473E-ZEST1S, B-WB1M-WPAN1, B-WBA5M-WPAN, B-WL5M-SUBG1, NUCLEO-C031C6, NUCLEO-C051C8, NUCLEO-C071RB, NUCLEO-C092RC, NUCLEO-H503RB, NUCLEO-H533RE, NUCLEO-H563ZI, NUCLEO-H7S3L8, NUCLEO-N657X0-Q, NUCLEO-U031R8, NUCLEO-U083RC, NUCLEO-U385RG-Q, NUCLEO-U545RE-Q, NUCLEO-U5A5ZJ-Q, NUCLEO-WB05KZ, NUCLEO-WB07CC, NUCLEO-WB09KE, NUCLEO-WBA52CG, NUCLEO-WBA55CG, NUCLEO-WL33CC1, NUCLEO-WL33CC2, STEVAL-PROTEUS1, STEVAL-SMARTAG2, STEVAL-STWINBX1, STM320518-EVAL, STM32C0116-DK, STM32C011D6Y3TR, STM32C011D6Y6TR, STM32C011F4P3, STM32C011F4P6, STM32C011F4U3, STM32C011F4U6TR, STM32C011F6P3, STM32C011F6P6, STM32C011F6U3, STM32C011F6U6TR, STM32C011J4M3, STM32C011J4M6, STM32C011J6M3, STM32C011J6M6, STM32C0316-DK, STM32C031C4T3, STM32C031C4T6, STM32C031C4U3, STM32C031C4U6, STM32C031C6T3, STM32C031C6T6, STM32C031C6U3, STM32C031C6U6, STM32C031F4P3, STM32C031F4P6, STM32C031F6P3, STM32C031F6P6, STM32C031G4U3, STM32C031G4U6, STM32C031G6U3, STM32C031G6U6, STM32C031K4T3, STM32C031K4T6, STM32C031K4U3, STM32C031K4U6, STM32C031K6T3, STM32C031K6T6, STM32C031K6U3, STM32C031K6U6, STM32C051C6T6, STM32C051C6U6, STM32C051C8T6, STM32C051C8U6, STM32C051D8Y6TR, STM32C051F6P6, STM32C051F8P6, STM32C051G6U6, STM32C051G8U6, STM32C051K6T6, STM32C051K6U6, STM32C051K8T6, STM32C071C8T6, STM32C071C8T6N, STM32C071C8U6, STM32C071C8U6N, STM32C071CBT6, STM32C071CBT6N, STM32C071CBU6, STM32C071CBU6N, STM32C071F8P6, STM32C071F8P6N, STM32C071FBP6, STM32C071FBP6N, STM32C071FBY6TR, STM32C071G8U6, STM32C071G8U6N, STM32C071GBU6, STM32C071GBU6N, STM32C071K8T6, STM32C071K8T6N, STM32C071K8U6, STM32C071K8U6N, STM32C071KBT6, STM32C071KBT6N, STM32C071KBU6, STM32C071KBU6N, STM32C071R8T6, STM32C071R8T6N, STM32C071RBI6N, STM32C071RBT6, STM32C071RBT6N, STM32C091CBT6, STM32C091CBU6, STM32C091CCT6, STM32C091CCU6, STM32C091ECY6TR, STM32C091FBP6, STM32C091FCP6, STM32C091GBU6, STM32C091GCU6, STM32C091KBT6, STM32C091KBU6, STM32C091KCT6, STM32C091KCU6, STM32C091RBT6, STM32C091RCI6, STM32C091RCT6, STM32C092CBT6, STM32C092CBU6, STM32C092CCT6, STM32C092CCU6, STM32C092ECY6TR, STM32C092FBP6, STM32C092FCP6, STM32C092GBU6, STM32C092GCU6, STM32C092KBT6, STM32C092KBU6, STM32C092KCT6, STM32C092KCU6, STM32C092RBT6, STM32C092RCI6, STM32C092RCT6, STM32G071K8TXN, STM32G071K8UXN, STM32G081GBU6N, STM32G081KBT6N, STM32G081KBUXN, STM32G0B1CCT6N, STM32G0B1KCT6, STM32G0B1NEY6TR, STM32G0B1RCT6N, STM32G0C1CCT6, STM32G0C1CCT6N, STM32G0C1CCU6N, STM32G0C1CET6N, STM32G0C1CEU6N, STM32G0C1KCT6, STM32G0C1NEY6TR, STM32G0C1RCI6N, STM32G0C1RCT6N, STM32G0C1REI6N, STM32G0C1RET6N, STM32G0C1VCI6, STM32G0C1VEI6, STM32G411C6T3, STM32G411C6T6, STM32G411C6U3, STM32G411C6U6, STM32G411C8T3, STM32G411C8T6, STM32G411C8U3, STM32G411C8U6, STM32G411CBT3, STM32G411CBT6, STM32G411CBU3, STM32G411CBU6, STM32G411CCT3, STM32G411CCT6, STM32G411CCU3, STM32G411CCU6, STM32G411K6T3, STM32G411K6T6, STM32G411K6U3, STM32G411K6U6, STM32G411K8T3, STM32G411K8T6, STM32G411K8U3, STM32G411K8U6, STM32G411KBT3, STM32G411KBT6, STM32G411KBU3, STM32G411KBU6, STM32G411M6T3, STM32G411M6T6, STM32G411M8T3, STM32G411M8T6, STM32G411MBT3, STM32G411MBT6, STM32G411MCT3, STM32G411MCT6, STM32G411R6T3, STM32G411R6T6, STM32G411R8T3, STM32G411R8T6, STM32G411RBT3, STM32G411RBT6, STM32G411RCT3, STM32G411RCT6, STM32G414CBT3, STM32G414CBT6, STM32G414CBU3, STM32G414CBU6, STM32G414CCT3, STM32G414CCT6, STM32G414CCU3, STM32G414CCU6, STM32G414MBT3, STM32G414MBT6, STM32G414MCT3, STM32G414MCT6, STM32G414RBT3, STM32G414RBT6, STM32G414RCT3, STM32G414RCT6, STM32G414VBT3, STM32G414VBT6, STM32G414VCT3, STM32G414VCT6, STM32G431CBT3Z, STM32G431RBT3Z, STM32G471CCT6, STM32G471CCU6, STM32G471CET3, STM32G471CET6, STM32G471CEU3, STM32G471CEU6, STM32G471MCT6, STM32G471MET3, STM32G471MET6, STM32G471MEY6TR, STM32G471QCT6, STM32G471QET3, STM32G471RCT6, STM32G471RET3, STM32G471RET6, STM32G471VCH6, STM32G471VCI6, STM32G471VCT6, STM32G471VEH3, STM32G471VEH6, STM32G471VEI3, STM32G471VEI6, STM32G471VET3, STM32G471VET6, STM32G473QET3Z, STM32G473RET3Z, STM32G474CCT6, STM32G491RET3Z, STM32H503CBT6, STM32H503CBU6, STM32H503EBY6TR, STM32H503KBU6, STM32H503RBT6, STM32H523CCT6, STM32H523CCU6, STM32H523CET6, STM32H523CEU6, STM32H523HEY6TR, STM32H523RCT6, STM32H523RET6, STM32H523VCI6, STM32H523VCT6, STM32H523VEI6, STM32H523VET6, STM32H523ZCJ6, STM32H523ZCT6, STM32H523ZEJ6, STM32H523ZET6, STM32H533CET6, STM32H533CEU6, STM32H533HEY6TR, STM32H533RET6, STM32H533VEI6, STM32H533VET6, STM32H533ZEJ6, STM32H533ZET6, STM32H562AGI6, STM32H562AII6, STM32H562IGK6, STM32H562IGT6, STM32H562IIK6, STM32H562IIT6, STM32H562RGT6, STM32H562RGV6, STM32H562RIT6, STM32H562RIV6, STM32H562VGT6, STM32H562VIT6, STM32H562ZGT6, STM32H562ZIT6, STM32H563AGI6, STM32H563AII3Q, STM32H563AII6, STM32H563IGK6, STM32H563IGT6, STM32H563IIK3Q, STM32H563IIK6, STM32H563IIT3Q, STM32H563IIT6, STM32H563MIY3QTR, STM32H563RGT6, STM32H563RGV6, STM32H563RIT6, STM32H563RIV6, STM32H563VGT6, STM32H563VIT3Q, STM32H563VIT6, STM32H563ZGT6, STM32H563ZIT3Q, STM32H563ZIT6, STM32H573AII3Q, STM32H573AII6, STM32H573I-DK, STM32H573IIK3Q, STM32H573IIK6, STM32H573IIT3Q, STM32H573IIT6, STM32H573MIY3QTR, STM32H573RIT6, STM32H573RIV6, STM32H573VIT3Q, STM32H573VIT6, STM32H573ZIT3Q, STM32H573ZIT6, STM32H7R3A8I6, STM32H7R3I8K6, STM32H7R3I8T6, STM32H7R3L8H6, STM32H7R3L8H6H, STM32H7R3R8V6, STM32H7R3V8H6, STM32H7R3V8T6, STM32H7R3V8Y6TR, STM32H7R3Z8J6, STM32H7R3Z8T6, STM32H7R7A8I6, STM32H7R7I8K6, STM32H7R7I8T6, STM32H7R7L8H6, STM32H7R7L8H6H, STM32H7R7Z8J6, STM32H7S3A8I6, STM32H7S3I8K6, STM32H7S3I8T6, STM32H7S3L8H6, STM32H7S3L8H6H, STM32H7S3R8V6, STM32H7S3V8H6, STM32H7S3V8T6, STM32H7S3V8Y6TR, STM32H7S3Z8J6, STM32H7S3Z8T6, STM32H7S78-DK, STM32H7S7A8I6, STM32H7S7I8K6, STM32H7S7I8T6, STM32H7S7L8H6, STM32H7S7L8H6H, STM32H7S7Z8J6, STM32L4R5QGI6STR, STM32MP131AAE3, STM32MP131AAF3, STM32MP131AAG3, STM32MP131CAE3, STM32MP131CAF3, STM32MP131CAG3, STM32MP131DAE7, STM32MP131DAF7, STM32MP131DAG7, STM32MP131FAE7, STM32MP131FAF7, STM32MP131FAG7, STM32MP133AAE3, STM32MP133AAF3, STM32MP133AAG3, STM32MP133CAE3, STM32MP133CAF3, STM32MP133CAG3, STM32MP133DAE7, STM32MP133DAF7, STM32MP133DAG7, STM32MP133FAE7, STM32MP133FAF7, STM32MP133FAG7, STM32MP135AAE3, STM32MP135AAF3, STM32MP135AAG3, STM32MP135CAE3, STM32MP135CAF3, STM32MP135CAG3, STM32MP135DAE7, STM32MP135DAF7, STM32MP135DAG7, STM32MP135F-DK, STM32MP135FAE7, STM32MP135FAF7, STM32MP135FAF7T, STM32MP135FAF7U, STM32MP135FAG7, STM32MP231AAJ3, STM32MP231AAK3, STM32MP231AAL3, STM32MP231CAJ3, STM32MP231CAK3, STM32MP231CAL3, STM32MP231DAJ3, STM32MP231DAK3, STM32MP231DAL3, STM32MP231FAJ3, STM32MP231FAK3, STM32MP231FAL3, STM32MP233AAJ3, STM32MP233AAK3, STM32MP233AAL3, STM32MP233CAJ3, STM32MP233CAK3, STM32MP233CAL3, STM32MP233DAJ3, STM32MP233DAK3, STM32MP233DAL3, STM32MP233FAJ3, STM32MP233FAK3, STM32MP233FAL3, STM32MP235AAJ3, STM32MP235AAK3, STM32MP235AAL3, STM32MP235CAJ3, STM32MP235CAK3, STM32MP235CAL3, STM32MP235DAJ3, STM32MP235DAK3, STM32MP235DAL3, STM32MP235FAJ3, STM32MP235FAK3, STM32MP235FAL3, STM32MP251AAI3, STM32MP251AAJ3, STM32MP251AAK3, STM32MP251AAL3, STM32MP251CAI3, STM32MP251CAJ3, STM32MP251CAK3, STM32MP251CAL3, STM32MP251DAI3, STM32MP251DAJ3, STM32MP251DAK3, STM32MP251DAL3, STM32MP251FAI3, STM32MP251FAJ3, STM32MP251FAK3, STM32MP251FAL3, STM32MP253AAI3, STM32MP253AAJ3, STM32MP253AAK3, STM32MP253AAL3, STM32MP253CAI3, STM32MP253CAJ3, STM32MP253CAK3, STM32MP253CAL3, STM32MP253DAI3, STM32MP253DAJ3, STM32MP253DAK3, STM32MP253DAL3, STM32MP253FAI3, STM32MP253FAJ3, STM32MP253FAK3, STM32MP253FAL3, STM32MP255AAI3, STM32MP255AAJ3, STM32MP255AAK3, STM32MP255AAL3, STM32MP255CAI3, STM32MP255CAJ3, STM32MP255CAK3, STM32MP255CAL3, STM32MP255DAI3, STM32MP255DAJ3, STM32MP255DAK3, STM32MP255DAL3, STM32MP255FAI3, STM32MP255FAJ3, STM32MP255FAK3, STM32MP255FAL3, STM32MP257AAI3, STM32MP257AAJ3, STM32MP257AAK3, STM32MP257AAL3, STM32MP257CAI3, STM32MP257CAJ3, STM32MP257CAK3, STM32MP257CAL3, STM32MP257DAI3, STM32MP257DAJ3, STM32MP257DAK3, STM32MP257DAL3, STM32MP257F-DK, STM32MP257F-EV1, STM32MP257FAI3, STM32MP257FAJ3, STM32MP257FAK3, STM32MP257FAL3, STM32N645A0H3Q, STM32N645B0H3Q, STM32N645I0H3Q, STM32N645L0H3Q, STM32N645X0H3Q, STM32N645Z0H3Q, STM32N647A0H3Q, STM32N647B0H3Q, STM32N647I0H3Q, STM32N647L0H3Q, STM32N647X0H3Q, STM32N647Z0H3Q, STM32N655A0H3Q, STM32N655B0H3Q, STM32N655I0H3Q, STM32N655L0H3Q, STM32N655X0H3Q, STM32N655Z0H3Q, STM32N6570-DK, STM32N657A0H3Q, STM32N657B0H3Q, STM32N657I0H3Q, STM32N657L0H3Q, STM32N657X0H3Q, STM32N657Z0H3Q, STM32U031C6T6, STM32U031C6U6, STM32U031C8T6, STM32U031C8U6, STM32U031F4P6, STM32U031F6P6, STM32U031F8P6, STM32U031G6Y6TR, STM32U031G8Y6TR, STM32U031K4U6, STM32U031K6U6, STM32U031K8U6, STM32U031R6I6, STM32U031R6T6, STM32U031R8I6, STM32U031R8T6, STM32U073C8T6, STM32U073C8U6, STM32U073CBT6, STM32U073CBU6, STM32U073CCT6, STM32U073CCU6, STM32U073H8Y6TR, STM32U073HBY6TR, STM32U073HCY6TR, STM32U073K8U6, STM32U073KBU6, STM32U073KCU6, STM32U073M8I6, STM32U073M8T6, STM32U073MBI6, STM32U073MBT6, STM32U073MCI6, STM32U073MCT6, STM32U073R8I6, STM32U073R8T6, STM32U073RBI6, STM32U073RBT6, STM32U073RCI6, STM32U073RCT6, STM32U083C-DK, STM32U083CCT6, STM32U083CCU6, STM32U083HCY6TR, STM32U083KCU6, STM32U083MCI6, STM32U083MCT6, STM32U083RCI6, STM32U083RCT6, STM32U375CET6, STM32U375CET6Q, STM32U375CEU6, STM32U375CEU6Q, STM32U375CEY6QTR, STM32U375CGT6, STM32U375CGT6Q, STM32U375CGU6, STM32U375CGU6Q, STM32U375CGY6QTR, STM32U375KEU6, STM32U375KGU6, STM32U375REI6, STM32U375REI6Q, STM32U375RET6, STM32U375RET6Q, STM32U375REY6GTR, STM32U375REY6QTR, STM32U375RGI6, STM32U375RGI6Q, STM32U375RGT6, STM32U375RGT6Q, STM32U375RGY6GTR, STM32U375RGY6QTR, STM32U375VEI6, STM32U375VEI6Q, STM32U375VET6, STM32U375VET6Q, STM32U375VGI6, STM32U375VGI6Q, STM32U375VGT6, STM32U375VGT6Q, STM32U385CGT6, STM32U385CGT6Q, STM32U385CGU6, STM32U385CGU6Q, STM32U385CGY6QTR, STM32U385KGU6, STM32U385RGI6, STM32U385RGI6Q, STM32U385RGT6, STM32U385RGT6Q, STM32U385RGY6GTR, STM32U385RGY6QTR, STM32U385VGI6, STM32U385VGI6Q, STM32U385VGT6, STM32U385VGT6Q, STM32U535CBT6, STM32U535CBT6Q, STM32U535CBU6, STM32U535CBU6Q, STM32U535CCT6, STM32U535CCT6Q, STM32U535CCU6, STM32U535CCU6Q, STM32U535CET6, STM32U535CET6Q, STM32U535CEU6, STM32U535CEU6Q, STM32U535JEY6QTR, STM32U535NCY6QTR, STM32U535NEY6QTR, STM32U535RBI6, STM32U535RBI6Q, STM32U535RBT6, STM32U535RBT6Q, STM32U535RCI6, STM32U535RCI6Q, STM32U535RCT6, STM32U535RCT6Q, STM32U535REI6, STM32U535REI6Q, STM32U535RET6, STM32U535RET6Q, STM32U535VCI6, STM32U535VCI6Q, STM32U535VCT6, STM32U535VCT6Q, STM32U535VEI6, STM32U535VEI6Q, STM32U535VET6, STM32U535VET6Q, STM32U545CET6, STM32U545CET6Q, STM32U545CEU6, STM32U545CEU6Q, STM32U545JEY6QTR, STM32U545NEY6QTR, STM32U545REI6, STM32U545REI6Q, STM32U545RET6, STM32U545RET6Q, STM32U545VEI6, STM32U545VEI6Q, STM32U545VET6, STM32U545VET6Q, STM32U595AIH6, STM32U595AIH6Q, STM32U595AJH6, STM32U595AJH6Q, STM32U595QII6, STM32U595QII6Q, STM32U595QJI6, STM32U595QJI6Q, STM32U595RIT6, STM32U595RIT6Q, STM32U595RJT6, STM32U595RJT6Q, STM32U595VIT6, STM32U595VIT6Q, STM32U595VJT6, STM32U595VJT6Q, STM32U595ZIT6, STM32U595ZIT6Q, STM32U595ZIY6QTR, STM32U595ZJT6, STM32U595ZJT6Q, STM32U595ZJY6QTR, STM32U599BJY6QTR, STM32U599NIH6Q, STM32U599NJH6Q, STM32U599VIT6Q, STM32U599VJT6, STM32U599VJT6Q, STM32U599ZIT6Q, STM32U599ZIY6QTR, STM32U599ZJT6Q, STM32U599ZJY6QTR, STM32U5A5AJH6, STM32U5A5AJH6Q, STM32U5A5QII3Q , STM32U5A5QJI6, STM32U5A5QJI6Q, STM32U5A5RJT6, STM32U5A5RJT6Q, STM32U5A5VJT6, STM32U5A5VJT6Q, STM32U5A5ZJT6, STM32U5A5ZJT6Q, STM32U5A5ZJY6QTR, STM32U5A9BJY6QTR, STM32U5A9J-DK, STM32U5A9NJH6Q, STM32U5A9VJT6Q, STM32U5A9ZJT6Q, STM32U5A9ZJY6QTR, STM32U5F7VIT6, STM32U5F7VIT6Q, STM32U5F7VJT6, STM32U5F7VJT6Q, STM32U5F9BJY6QTR, STM32U5F9NJH6Q, STM32U5F9VIT6Q, STM32U5F9VJT6Q, STM32U5F9ZIJ6QTR, STM32U5F9ZIT6Q, STM32U5F9ZJJ6QTR, STM32U5F9ZJT6Q, STM32U5G7VJT6, STM32U5G7VJT6Q, STM32U5G9BJY6QTR, STM32U5G9J-DK1, STM32U5G9J-DK2, STM32U5G9NJH6Q, STM32U5G9VJT6Q, STM32U5G9ZJJ6QTR, STM32U5G9ZJT6Q, STM32WB05KZV6TR, STM32WB05KZV7TR, STM32WB05TZF6TR, STM32WB05TZF7TR, STM32WB06CCF6TR, STM32WB06CCF7TR, STM32WB06CCV6TR, STM32WB06CCV7TR, STM32WB06KCV6TR, STM32WB06KCV7TR, STM32WB07CCF6TR, STM32WB07CCF7TR, STM32WB07CCV6TR, STM32WB07CCV7TR, STM32WB07KCV6TR, STM32WB07KCV7TR, STM32WB09KEV6TR, STM32WB09KEV7TR, STM32WB09TEF6TR, STM32WB09TEF7TR, STM32WB1MMCH6, STM32WBA50KGU6, STM32WBA50KGU6TR, STM32WBA52CEU6, STM32WBA52CEU6TR, STM32WBA52CEU7, STM32WBA52CEU7TR, STM32WBA52CGU6, STM32WBA52CGU6TR, STM32WBA52CGU6U, STM32WBA52CGU7, STM32WBA52CGU7TR, STM32WBA52KEU6, STM32WBA52KEU6TR, STM32WBA52KGU6, STM32WBA52KGU6TR, STM32WBA54CEU6, STM32WBA54CEU6TR, STM32WBA54CEU7, STM32WBA54CEU7TR, STM32WBA54CGU6, STM32WBA54CGU6TR, STM32WBA54CGU7, STM32WBA54CGU7TR, STM32WBA54KEU6, STM32WBA54KEU6TR, STM32WBA54KEU7, STM32WBA54KEU7TR, STM32WBA54KGU6, STM32WBA54KGU6TR, STM32WBA54KGU7, STM32WBA54KGU7TR, STM32WBA55CEU6, STM32WBA55CEU6TR, STM32WBA55CEU7, STM32WBA55CEU7TR, STM32WBA55CGU6, STM32WBA55CGU6TR, STM32WBA55CGU6U, STM32WBA55CGU7, STM32WBA55CGU7TR, STM32WBA55G-DK1, STM32WBA55HEF6, STM32WBA55HEF7, STM32WBA55HGF6, STM32WBA55HGF7, STM32WBA55UEI6, STM32WBA55UEI6TR, STM32WBA55UEI7, STM32WBA55UEI7TR, STM32WBA55UGI6, STM32WBA55UGI6TR, STM32WBA55UGI7, STM32WBA55UGI7TR, STM32WBA5MJGH6TR, STM32WBA5MJGH6U, STM32WL33C8V6, STM32WL33C8V6TR, STM32WL33C8V7, STM32WL33C8V7TR, STM32WL33CBV6, STM32WL33CBV6TR, STM32WL33CBV7, STM32WL33CBV7TR, STM32WL33CCV6, STM32WL33CCV6TR, STM32WL33CCV7, STM32WL33CCV7A, STM32WL33CCV7ATR, STM32WL33CCV7TR, STM32WL33K8V6, STM32WL33K8V6TR, STM32WL33K8V7, STM32WL33K8V7TR, STM32WL33KBV6, STM32WL33KBV6TR, STM32WL33KBV7, STM32WL33KBV7TR, STM32WL33KCV6, STM32WL33KCV6TR, STM32WL33KCV7, STM32WL33KCV7TR, STM32WL5MOCH6, STM32WL5MOCH6TR]
2025-03-03 08:40:45,266 [INFO] DbMcus:218 - Found 4670 MCUs, 4670 are supported
2025-03-03 08:40:45,278 [INFO] ApiDb:423 - Load user favorites file /Users/mauricewashington/.stm32cubeide/favorites.mcus.txt: 0 item(s)
2025-03-03 08:40:45,279 [INFO] ApiDb:427 - User favorites MCUs=[]
2025-03-03 08:40:45,279 [INFO] DbMcus:224 - Set 0 / 0 favorites MCUs
2025-03-03 08:40:45,592 [INFO] BoardInfo:889 - No configuration file found for board P-NUCLEO-WB55
2025-03-03 08:40:45,593 [INFO] DbBoards:161 - Kit is not supported: P-NUCLEO-WB55
2025-03-03 08:40:45,596 [INFO] BoardInfo:889 - No configuration file found for board STEVAL-BFA001V1B
2025-03-03 08:40:45,597 [INFO] DbBoards:161 - Kit is not supported: STEVAL-BFA001V1B
2025-03-03 08:40:45,597 [INFO] BoardInfo:889 - No configuration file found for board STEVAL-BFA001V2B
2025-03-03 08:40:45,597 [INFO] DbBoards:161 - Kit is not supported: STEVAL-BFA001V2B
2025-03-03 08:40:45,684 [INFO] DbBoards:168 - Found 209 boards, 206 are supported
2025-03-03 08:40:45,684 [INFO] DbBoards:169 - Found 209 boards, 42 of them is supported for  Bsp
2025-03-03 08:40:45,687 [INFO] ApiDb:423 - Load user favorites file /Users/mauricewashington/.stm32cubeide/favorites.boards.txt: 1 item(s)
2025-03-03 08:40:45,688 [INFO] ApiDb:427 - User favorites Boards=[STM32F407G-DISC1]
2025-03-03 08:40:45,690 [INFO] DbBoards:198 - Set 1 / 1 favorites Boards
2025-03-03 08:40:45,691 [INFO] McuFinderGlobals:76 - Set McuFinderConnectedMode to true
2025-03-03 08:40:45,732 [INFO] MultiScanPanel:200 - Auto-refresh data requested => check proxy status ongoing
2025-03-03 08:40:45,735 [INFO] FinderPluginLoader:95 - Searching for filters in installed packs
2025-03-03 08:40:47,780 [INFO] LoadUrlFilesThread:185 - End of LoadServerUrlFiles without Thread
2025-03-03 08:40:47,806 [INFO] DetailPanel:341 - Set advertising image to /Users/mauricewashington/STM32Cube/Repository//en.prom-stm32n6-mcu-finder.png
2025-03-03 08:40:56,049 [INFO] MultiScanPanel:200 - Auto-refresh data requested => check proxy status ongoing
2025-03-03 08:40:56,265 [INFO] LoadUrlFilesThread:185 - End of LoadServerUrlFiles without Thread
2025-03-03 08:40:56,266 [INFO] DetailPanel:341 - Set advertising image to /Users/mauricewashington/STM32Cube/Repository//en.prom-stm32n6-mcu-finder.png
2025-03-03 08:40:56,291 [INFO] DbBoards:642 - Loading board mini-images...
2025-03-03 08:40:56,343 [ERROR] DbBoards:659 - Image file not found for board B-WBA5M-WPAN: /Users/mauricewashington/.stmcufinder/plugins/mcufinder//mcu//boards_images/B-WBA5M-WPAN.jpg
2025-03-03 08:40:56,813 [ERROR] DbBoards:659 - Image file not found for board NUCLEO-U385RG-Q: /Users/mauricewashington/.stmcufinder/plugins/mcufinder//mcu//boards_images/NUCLEO-U385RG-Q.jpg
2025-03-03 08:40:58,170 [INFO] DbBoards:665 - Loaded 207 board mini-images
2025-03-03 08:42:08,237 [INFO] McuFinderGlobals:76 - Set McuFinderConnectedMode to true
2025-03-03 08:42:08,259 [INFO] ApiDb:448 - Save user favorites file /Users/mauricewashington/.stm32cubeide/favorites.mcus.txt: 0 item(s)
2025-03-03 08:42:08,260 [INFO] ApiDb:452 - User favorites MCUs=[]
2025-03-03 08:42:08,265 [INFO] ApiDb:448 - Save user favorites file /Users/mauricewashington/.stm32cubeide/favorites.boards.txt: 1 item(s)
2025-03-03 08:42:08,265 [INFO] ApiDb:452 - User favorites Boards=[STM32F407G-DISC1]
2025-03-03 09:24:07,173 [INFO] WebApp:190 - Connection lost
2025-03-03 09:24:07,777 [INFO] WebApp:187 - Connection restablished
2025-03-03 09:25:06,032 [INFO] WebApp:190 - Connection lost
2025-03-03 09:25:06,239 [INFO] WebApp:187 - Connection restablished
2025-03-03 09:25:32,230 [INFO] WebApp:190 - Connection lost
2025-03-03 09:25:32,606 [INFO] WebApp:187 - Connection restablished
2025-03-03 09:25:43,605 [INFO] WebApp:190 - Connection lost
2025-03-03 09:25:43,758 [INFO] WebApp:187 - Connection restablished
2025-03-03 09:25:55,172 [INFO] WebApp:190 - Connection lost
2025-03-03 09:25:55,384 [INFO] WebApp:187 - Connection restablished
2025-03-03 09:26:10,740 [INFO] WebApp:190 - Connection lost
2025-03-03 09:26:10,925 [INFO] WebApp:187 - Connection restablished
2025-03-03 09:26:25,837 [INFO] WebApp:190 - Connection lost
2025-03-03 09:26:26,032 [INFO] WebApp:187 - Connection restablished
2025-03-03 09:26:35,349 [INFO] WebApp:190 - Connection lost
2025-03-03 09:26:35,488 [INFO] WebApp:187 - Connection restablished
2025-03-03 09:26:46,734 [INFO] WebApp:190 - Connection lost
2025-03-03 09:26:47,009 [INFO] WebApp:187 - Connection restablished
2025-03-03 09:27:12,811 [INFO] WebApp:190 - Connection lost
2025-03-03 09:27:13,010 [INFO] WebApp:187 - Connection restablished
2025-03-03 09:27:22,723 [INFO] WebApp:190 - Connection lost
2025-03-03 09:27:22,903 [INFO] WebApp:187 - Connection restablished
2025-03-03 09:27:34,011 [INFO] WebApp:190 - Connection lost
2025-03-03 09:27:34,382 [INFO] WebApp:187 - Connection restablished
2025-03-03 09:27:43,831 [INFO] WebApp:190 - Connection lost
2025-03-03 09:27:44,066 [INFO] WebApp:187 - Connection restablished
2025-03-03 09:27:56,791 [INFO] WebApp:190 - Connection lost
2025-03-03 09:27:57,083 [INFO] WebApp:187 - Connection restablished
2025-03-03 09:28:12,844 [INFO] WebApp:190 - Connection lost
2025-03-03 09:28:13,044 [INFO] WebApp:187 - Connection restablished
2025-03-03 09:28:26,543 [INFO] WebApp:190 - Connection lost
2025-03-03 09:28:26,699 [INFO] WebApp:187 - Connection restablished
2025-03-03 09:28:34,815 [INFO] WebApp:190 - Connection lost
2025-03-03 09:28:35,044 [INFO] WebApp:187 - Connection restablished
2025-03-03 09:28:43,142 [INFO] WebApp:190 - Connection lost
2025-03-03 09:28:43,376 [INFO] WebApp:187 - Connection restablished
2025-03-03 09:28:51,431 [INFO] WebApp:190 - Connection lost
2025-03-03 09:28:51,591 [INFO] WebApp:187 - Connection restablished
2025-03-03 09:29:21,320 [INFO] WebApp:190 - Connection lost
2025-03-03 09:29:21,839 [INFO] WebApp:187 - Connection restablished
2025-03-03 09:29:36,382 [INFO] WebApp:190 - Connection lost
2025-03-03 09:29:36,553 [INFO] WebApp:187 - Connection restablished
2025-03-03 09:29:46,596 [INFO] WebApp:190 - Connection lost
2025-03-03 09:29:47,201 [INFO] WebApp:187 - Connection restablished
2025-03-03 09:30:07,172 [INFO] WebApp:190 - Connection lost
2025-03-03 09:30:07,650 [INFO] WebApp:187 - Connection restablished
2025-03-03 09:30:17,893 [INFO] WebApp:190 - Connection lost
2025-03-03 09:30:18,086 [INFO] WebApp:187 - Connection restablished
2025-03-03 09:30:28,808 [INFO] WebApp:190 - Connection lost
2025-03-03 09:30:29,000 [INFO] WebApp:187 - Connection restablished
2025-03-03 09:30:45,988 [INFO] WebApp:190 - Connection lost
2025-03-03 09:30:46,484 [INFO] WebApp:187 - Connection restablished
2025-03-03 09:30:55,650 [INFO] WebApp:190 - Connection lost
2025-03-03 09:30:56,083 [INFO] WebApp:187 - Connection restablished
2025-03-03 09:31:05,724 [INFO] WebApp:190 - Connection lost
2025-03-03 09:31:05,882 [INFO] WebApp:187 - Connection restablished
2025-03-03 09:31:14,884 [INFO] WebApp:190 - Connection lost
2025-03-03 09:31:15,022 [INFO] WebApp:187 - Connection restablished
2025-03-03 09:31:35,442 [INFO] WebApp:190 - Connection lost
2025-03-03 09:31:35,635 [INFO] WebApp:187 - Connection restablished
2025-03-03 09:31:55,207 [INFO] WebApp:190 - Connection lost
2025-03-03 09:31:55,524 [INFO] WebApp:187 - Connection restablished
2025-03-03 09:32:25,053 [INFO] WebApp:190 - Connection lost
2025-03-03 09:32:25,232 [INFO] WebApp:187 - Connection restablished
2025-03-03 09:33:22,866 [INFO] WebApp:190 - Connection lost
2025-03-03 09:33:23,169 [INFO] WebApp:187 - Connection restablished
2025-03-03 09:49:08,249 [INFO] WebApp:190 - Connection lost
2025-03-03 09:49:08,498 [INFO] WebApp:187 - Connection restablished
2025-03-03 10:04:41,131 [INFO] WebApp:190 - Connection lost
2025-03-03 10:04:43,614 [INFO] WebApp:187 - Connection restablished
2025-03-03 10:21:10,090 [INFO] WebApp:190 - Connection lost
2025-03-03 10:21:11,263 [INFO] WebApp:187 - Connection restablished
2025-03-03 10:36:36,118 [INFO] WebApp:190 - Connection lost
2025-03-03 10:36:36,958 [INFO] WebApp:187 - Connection restablished
2025-03-03 10:36:42,069 [INFO] WebApp:190 - Connection lost
2025-03-03 10:36:43,065 [INFO] WebApp:187 - Connection restablished
2025-03-03 10:36:50,565 [INFO] WebApp:190 - Connection lost
2025-03-03 10:36:50,829 [INFO] WebApp:187 - Connection restablished
2025-03-03 10:50:50,039 [INFO] WebApp:190 - Connection lost
2025-03-03 10:50:50,276 [INFO] WebApp:187 - Connection restablished
2025-03-03 10:50:58,268 [INFO] WebApp:190 - Connection lost
2025-03-03 10:50:59,072 [INFO] WebApp:187 - Connection restablished
2025-03-03 10:53:50,061 [INFO] WebApp:190 - Connection lost
2025-03-03 10:53:50,216 [INFO] WebApp:187 - Connection restablished
2025-03-03 10:55:37,677 [INFO] WebApp:190 - Connection lost
2025-03-03 10:55:37,870 [INFO] WebApp:187 - Connection restablished
2025-03-03 10:56:22,254 [INFO] WebApp:190 - Connection lost
2025-03-03 10:56:22,480 [INFO] WebApp:187 - Connection restablished
2025-03-03 10:58:45,308 [INFO] WebApp:190 - Connection lost
2025-03-03 10:58:45,506 [INFO] WebApp:187 - Connection restablished
2025-03-03 11:05:26,046 [INFO] WebApp:190 - Connection lost
2025-03-03 11:05:26,255 [INFO] WebApp:187 - Connection restablished
2025-03-03 11:06:10,599 [INFO] WebApp:190 - Connection lost
2025-03-03 11:06:10,795 [INFO] WebApp:187 - Connection restablished
2025-03-03 11:18:51,519 [INFO] WebApp:190 - Connection lost
2025-03-03 11:18:51,711 [INFO] WebApp:187 - Connection restablished
2025-03-03 11:21:48,664 [INFO] WebApp:190 - Connection lost
2025-03-03 11:21:49,189 [INFO] WebApp:187 - Connection restablished
2025-03-03 11:21:56,882 [INFO] WebApp:190 - Connection lost
2025-03-03 11:21:57,053 [INFO] WebApp:187 - Connection restablished
2025-03-03 11:25:35,121 [INFO] WebApp:190 - Connection lost
2025-03-03 11:25:35,385 [INFO] WebApp:187 - Connection restablished
2025-03-03 11:30:13,316 [INFO] WebApp:190 - Connection lost
2025-03-03 11:30:13,519 [INFO] WebApp:187 - Connection restablished
2025-03-03 11:30:28,628 [INFO] WebApp:190 - Connection lost
2025-03-03 11:30:29,195 [INFO] WebApp:187 - Connection restablished
2025-03-03 11:31:22,290 [INFO] WebApp:190 - Connection lost
2025-03-03 11:31:22,494 [INFO] WebApp:187 - Connection restablished
2025-03-03 11:46:57,359 [INFO] WebApp:190 - Connection lost
2025-03-03 11:46:57,560 [INFO] WebApp:187 - Connection restablished
2025-03-03 11:47:58,350 [INFO] WebApp:190 - Connection lost
2025-03-03 11:47:58,546 [INFO] WebApp:187 - Connection restablished
2025-03-03 11:50:10,666 [INFO] WebApp:190 - Connection lost
2025-03-03 11:50:11,213 [INFO] WebApp:187 - Connection restablished
2025-03-03 11:50:18,908 [INFO] WebApp:190 - Connection lost
2025-03-03 11:50:19,134 [INFO] WebApp:187 - Connection restablished
2025-03-03 11:58:15,664 [INFO] WebApp:190 - Connection lost
2025-03-03 11:58:15,864 [INFO] WebApp:187 - Connection restablished
2025-03-03 11:59:00,800 [INFO] WebApp:190 - Connection lost
2025-03-03 11:59:01,080 [INFO] WebApp:187 - Connection restablished
2025-03-03 11:59:02,055 [INFO] WebApp:190 - Connection lost
2025-03-03 11:59:02,814 [INFO] WebApp:187 - Connection restablished
2025-03-03 11:59:17,310 [INFO] WebApp:190 - Connection lost
2025-03-03 11:59:17,484 [INFO] WebApp:187 - Connection restablished
2025-03-03 11:59:25,529 [INFO] WebApp:190 - Connection lost
2025-03-03 11:59:25,697 [INFO] WebApp:187 - Connection restablished
2025-03-03 12:00:50,908 [INFO] WebApp:190 - Connection lost
2025-03-03 12:00:51,166 [INFO] WebApp:187 - Connection restablished
2025-03-03 12:04:27,020 [INFO] WebApp:190 - Connection lost
2025-03-03 12:04:27,270 [INFO] WebApp:187 - Connection restablished
2025-03-03 12:21:49,018 [INFO] WebApp:190 - Connection lost
2025-03-03 12:21:49,291 [INFO] WebApp:187 - Connection restablished
2025-03-03 12:47:35,376 [INFO] WebApp:190 - Connection lost
2025-03-03 12:47:35,639 [INFO] WebApp:187 - Connection restablished
2025-03-03 12:47:52,075 [INFO] WebApp:190 - Connection lost
2025-03-03 12:47:52,371 [INFO] WebApp:187 - Connection restablished
2025-03-03 12:48:52,805 [INFO] WebApp:190 - Connection lost
2025-03-03 12:48:53,017 [INFO] WebApp:187 - Connection restablished
2025-03-03 12:49:00,999 [INFO] WebApp:190 - Connection lost
2025-03-03 12:49:01,233 [INFO] WebApp:187 - Connection restablished
2025-03-03 12:49:09,299 [INFO] WebApp:190 - Connection lost
2025-03-03 12:49:09,560 [INFO] WebApp:187 - Connection restablished
2025-03-03 12:49:17,583 [INFO] WebApp:190 - Connection lost
2025-03-03 12:49:18,040 [INFO] WebApp:187 - Connection restablished
2025-03-03 12:51:05,571 [INFO] WebApp:190 - Connection lost
2025-03-03 12:51:05,833 [INFO] WebApp:187 - Connection restablished
2025-03-03 13:00:25,789 [INFO] WebApp:190 - Connection lost
2025-03-03 13:00:26,037 [INFO] WebApp:187 - Connection restablished
2025-03-03 13:00:52,706 [INFO] WebApp:190 - Connection lost
2025-03-03 13:00:52,970 [INFO] WebApp:187 - Connection restablished
2025-03-03 13:01:06,136 [INFO] WebApp:190 - Connection lost
2025-03-03 13:01:06,663 [INFO] WebApp:187 - Connection restablished
2025-03-03 13:01:23,956 [INFO] WebApp:190 - Connection lost
2025-03-03 13:01:24,247 [INFO] WebApp:187 - Connection restablished
2025-03-03 13:01:33,167 [INFO] WebApp:190 - Connection lost
2025-03-03 13:01:33,426 [INFO] WebApp:187 - Connection restablished
2025-03-03 13:02:35,025 [INFO] WebApp:190 - Connection lost
2025-03-03 13:02:35,306 [INFO] WebApp:187 - Connection restablished
2025-03-03 13:03:07,583 [INFO] WebApp:190 - Connection lost
2025-03-03 13:03:07,982 [INFO] WebApp:187 - Connection restablished
2025-03-03 13:03:17,321 [INFO] WebApp:190 - Connection lost
2025-03-03 13:03:17,641 [INFO] WebApp:187 - Connection restablished
2025-03-03 13:03:30,966 [INFO] WebApp:190 - Connection lost
2025-03-03 13:03:31,362 [INFO] WebApp:187 - Connection restablished
2025-03-03 13:03:50,713 [INFO] WebApp:190 - Connection lost
2025-03-03 13:03:51,358 [INFO] WebApp:187 - Connection restablished
2025-03-03 13:04:03,603 [INFO] WebApp:190 - Connection lost
2025-03-03 13:04:03,833 [INFO] WebApp:187 - Connection restablished
2025-03-03 13:04:06,154 [INFO] WebApp:190 - Connection lost
2025-03-03 13:04:08,180 [INFO] WebApp:187 - Connection restablished
2025-03-03 13:07:27,082 [INFO] WebApp:190 - Connection lost
2025-03-03 13:07:27,318 [INFO] WebApp:187 - Connection restablished
2025-03-03 13:14:27,751 [INFO] WebApp:190 - Connection lost
2025-03-03 13:14:29,498 [INFO] WebApp:187 - Connection restablished
2025-03-03 13:14:59,905 [INFO] WebApp:190 - Connection lost
2025-03-03 13:15:00,177 [INFO] WebApp:187 - Connection restablished
2025-03-03 13:15:08,191 [INFO] WebApp:190 - Connection lost
2025-03-03 13:15:08,466 [INFO] WebApp:187 - Connection restablished
2025-03-03 13:15:09,619 [INFO] WebApp:190 - Connection lost
2025-03-03 13:15:11,279 [INFO] WebApp:187 - Connection restablished
2025-03-03 13:16:01,132 [INFO] WebApp:190 - Connection lost
2025-03-03 13:16:01,371 [INFO] WebApp:187 - Connection restablished
2025-03-03 13:25:19,338 [INFO] WebApp:190 - Connection lost
2025-03-03 13:25:19,613 [INFO] WebApp:187 - Connection restablished
2025-03-03 13:25:27,623 [INFO] WebApp:190 - Connection lost
2025-03-03 13:25:27,887 [INFO] WebApp:187 - Connection restablished
2025-03-03 13:25:35,835 [INFO] WebApp:190 - Connection lost
2025-03-03 13:25:36,101 [INFO] WebApp:187 - Connection restablished
2025-03-03 13:25:44,099 [INFO] WebApp:190 - Connection lost
2025-03-03 13:25:44,501 [INFO] WebApp:187 - Connection restablished
2025-03-03 13:43:44,057 [INFO] WebApp:190 - Connection lost
2025-03-03 13:43:44,286 [INFO] WebApp:187 - Connection restablished
2025-03-03 14:08:35,294 [INFO] WebApp:190 - Connection lost
2025-03-03 14:08:35,618 [INFO] WebApp:187 - Connection restablished
2025-03-03 14:11:46,253 [INFO] WebApp:190 - Connection lost
2025-03-03 14:11:46,458 [INFO] WebApp:187 - Connection restablished
2025-03-03 14:13:55,246 [INFO] WebApp:190 - Connection lost
2025-03-03 14:13:55,458 [INFO] WebApp:187 - Connection restablished
2025-03-03 14:14:03,514 [INFO] WebApp:190 - Connection lost
2025-03-03 14:14:03,656 [INFO] WebApp:187 - Connection restablished
2025-03-03 14:14:11,788 [INFO] WebApp:190 - Connection lost
2025-03-03 14:14:11,940 [INFO] WebApp:187 - Connection restablished
2025-03-03 14:28:48,544 [INFO] WebApp:190 - Connection lost
2025-03-03 14:28:48,776 [INFO] WebApp:187 - Connection restablished
2025-03-03 14:29:06,928 [INFO] WebApp:190 - Connection lost
2025-03-03 14:29:07,147 [INFO] WebApp:187 - Connection restablished
2025-03-03 14:29:21,720 [INFO] WebApp:190 - Connection lost
2025-03-03 14:29:22,046 [INFO] WebApp:187 - Connection restablished
2025-03-03 14:29:30,011 [INFO] WebApp:190 - Connection lost
2025-03-03 14:29:30,162 [INFO] WebApp:187 - Connection restablished
2025-03-03 14:29:38,219 [INFO] WebApp:190 - Connection lost
2025-03-03 14:29:38,373 [INFO] WebApp:187 - Connection restablished
2025-03-03 14:29:46,399 [INFO] WebApp:190 - Connection lost
2025-03-03 14:29:46,671 [INFO] WebApp:187 - Connection restablished
2025-03-03 14:29:54,583 [INFO] WebApp:190 - Connection lost
2025-03-03 14:29:54,740 [INFO] WebApp:187 - Connection restablished
2025-03-03 14:30:02,778 [INFO] WebApp:190 - Connection lost
2025-03-03 14:30:03,003 [INFO] WebApp:187 - Connection restablished
2025-03-03 14:30:10,964 [INFO] WebApp:190 - Connection lost
2025-03-03 14:30:11,122 [INFO] WebApp:187 - Connection restablished
2025-03-03 14:30:19,256 [INFO] WebApp:190 - Connection lost
2025-03-03 14:30:19,458 [INFO] WebApp:187 - Connection restablished
2025-03-03 14:30:27,455 [INFO] WebApp:190 - Connection lost
2025-03-03 14:30:27,592 [INFO] WebApp:187 - Connection restablished
2025-03-03 14:32:37,550 [INFO] WebApp:190 - Connection lost
2025-03-03 14:32:37,736 [INFO] WebApp:187 - Connection restablished
2025-03-03 14:32:45,816 [INFO] WebApp:190 - Connection lost
2025-03-03 14:32:45,959 [INFO] WebApp:187 - Connection restablished
2025-03-03 14:34:19,188 [INFO] WebApp:190 - Connection lost
2025-03-03 14:34:19,478 [INFO] WebApp:187 - Connection restablished
2025-03-03 14:34:29,191 [INFO] WebApp:190 - Connection lost
2025-03-03 14:34:29,337 [INFO] WebApp:187 - Connection restablished
2025-03-03 14:34:31,875 [INFO] WebApp:190 - Connection lost
2025-03-03 14:34:32,560 [INFO] WebApp:187 - Connection restablished
2025-03-03 14:34:40,687 [INFO] WebApp:190 - Connection lost
2025-03-03 14:34:40,875 [INFO] WebApp:187 - Connection restablished
2025-03-03 14:39:07,129 [INFO] WebApp:190 - Connection lost
2025-03-03 14:39:07,344 [INFO] WebApp:187 - Connection restablished
2025-03-03 14:39:43,082 [INFO] WebApp:190 - Connection lost
2025-03-03 14:39:43,299 [INFO] WebApp:187 - Connection restablished
2025-03-03 14:40:51,125 [INFO] WebApp:190 - Connection lost
2025-03-03 14:40:51,356 [INFO] WebApp:187 - Connection restablished
2025-03-03 14:40:53,219 [INFO] WebApp:190 - Connection lost
2025-03-03 14:40:54,484 [INFO] WebApp:187 - Connection restablished
2025-03-03 14:42:04,284 [INFO] WebApp:190 - Connection lost
2025-03-03 14:42:04,733 [INFO] WebApp:187 - Connection restablished
2025-03-03 14:42:12,486 [INFO] WebApp:190 - Connection lost
2025-03-03 14:42:12,674 [INFO] WebApp:187 - Connection restablished
2025-03-03 14:42:20,704 [INFO] WebApp:190 - Connection lost
2025-03-03 14:42:20,857 [INFO] WebApp:187 - Connection restablished
2025-03-03 14:42:28,967 [INFO] WebApp:190 - Connection lost
2025-03-03 14:42:29,211 [INFO] WebApp:187 - Connection restablished
2025-03-03 14:44:23,921 [INFO] WebApp:190 - Connection lost
2025-03-03 14:44:24,104 [INFO] WebApp:187 - Connection restablished
2025-03-03 14:44:32,166 [INFO] WebApp:190 - Connection lost
2025-03-03 14:44:32,310 [INFO] WebApp:187 - Connection restablished
2025-03-03 14:58:15,101 [INFO] WebApp:190 - Connection lost
2025-03-03 14:58:15,306 [INFO] WebApp:187 - Connection restablished
2025-03-03 15:09:26,997 [INFO] WebApp:190 - Connection lost
2025-03-03 15:09:27,418 [INFO] WebApp:187 - Connection restablished
2025-03-03 15:11:05,403 [INFO] WebApp:190 - Connection lost
2025-03-03 15:11:05,816 [INFO] WebApp:187 - Connection restablished
2025-03-03 15:28:36,000 [INFO] WebApp:190 - Connection lost
2025-03-03 15:28:36,183 [INFO] WebApp:187 - Connection restablished
2025-03-03 15:33:17,519 [INFO] WebApp:190 - Connection lost
2025-03-03 15:33:17,986 [INFO] WebApp:187 - Connection restablished
2025-03-03 15:33:36,684 [INFO] WebApp:190 - Connection lost
2025-03-03 15:33:36,974 [INFO] WebApp:187 - Connection restablished
2025-03-03 18:53:28,811 [INFO] MainUpdater:2872 - connection check result : 10
2025-03-03 18:53:28,954 [INFO] McuFinderGlobals:76 - Set McuFinderConnectedMode to true
2025-03-03 18:53:28,958 [INFO] MultiScanPanel:200 - Auto-refresh data requested => check proxy status ongoing
2025-03-03 18:53:28,958 [INFO] FinderPluginLoader:95 - Searching for filters in installed packs
2025-03-03 18:53:30,119 [INFO] LoadUrlFilesThread:185 - End of LoadServerUrlFiles without Thread
2025-03-03 18:53:30,120 [INFO] DetailPanel:341 - Set advertising image to /Users/mauricewashington/STM32Cube/Repository//en.prom-stm32n6-mcu-finder.png
2025-03-03 18:53:33,115 [INFO] MultiScanPanel:200 - Auto-refresh data requested => check proxy status ongoing
2025-03-03 18:53:33,275 [INFO] LoadUrlFilesThread:185 - End of LoadServerUrlFiles without Thread
2025-03-03 18:53:33,275 [INFO] DetailPanel:341 - Set advertising image to /Users/mauricewashington/STM32Cube/Repository//en.prom-stm32n6-mcu-finder.png
2025-03-03 18:55:05,209 [INFO] McuFinderGlobals:76 - Set McuFinderConnectedMode to true
2025-03-03 18:55:05,219 [INFO] ApiDb:448 - Save user favorites file /Users/mauricewashington/.stm32cubeide/favorites.mcus.txt: 0 item(s)
2025-03-03 18:55:05,220 [INFO] ApiDb:452 - User favorites MCUs=[]
2025-03-03 18:55:05,229 [INFO] ApiDb:448 - Save user favorites file /Users/mauricewashington/.stm32cubeide/favorites.boards.txt: 1 item(s)
2025-03-03 18:55:05,229 [INFO] ApiDb:452 - User favorites Boards=[STM32F407G-DISC1]
2025-03-03 21:57:40,566 [ERROR] LogOutputStream:75 - [STDERR_REDIRECT] 
