2025-06-30 08:48:58,965 [INFO] Activator:176 - 


2025-06-30 08:48:58,968 [INFO] Activator:177 - !SESSION log4j initialized
2025-06-30 08:49:03,134 [ERROR] LogOutputStream:75 - [STDERR_REDIRECT] 
2025-06-30 08:49:03,562 [INFO] LogOutputStream:77 - [STDOUT_REDIRECT] 
2025-06-30 08:49:04,805 [INFO] LogOutputStream:77 - [STDOUT_REDIRECT] 
2025-06-30 08:49:05,764 [INFO] ApplicationProperties:184 - Using Application install path: /Applications/STM32CubeIDE.app/Contents/Eclipse/plugins/com.st.stm32cube.common.mx_6.14.1.202504091515
2025-06-30 08:49:05,775 [INFO] DbMcusXml:78 - Set database path to: /Applications/STM32CubeIDE.app/Contents/Eclipse/plugins/com.st.stm32cube.common.mx_6.14.1.202504091515//db//mcu/
2025-06-30 08:49:05,775 [INFO] ApiDb:274 - Set plugin database path to: /Applications/STM32CubeIDE.app/Contents/Eclipse/plugins/com.st.stm32cube.common.mx_6.14.1.202504091515//db//plugins/boardmanager/
2025-06-30 08:49:05,776 [WARN] ApiDb:259 - Overriding images path with different value:  => /Applications/STM32CubeIDE.app/Contents/Eclipse/plugins/com.st.stm32cube.common.mx_6.14.1.202504091515//db//plugins/mcufinder/images/
2025-06-30 08:49:05,781 [INFO] ApiDb:250 - Set database path to: /Users/mauricewashington/.stmcufinder/plugins/mcufinder//mcu/
2025-06-30 08:49:05,782 [INFO] DbMcusAds:125 - Set database path to: /Users/mauricewashington/.stmcufinder/plugins/mcufinder//mcu/
2025-06-30 08:49:05,783 [INFO] CrossReferenceDbSqlite:203 - Set database path to: /Users/mauricewashington/.stmcufinder/plugins/mcufinder//mcu/cs/
2025-06-30 08:49:05,874 [INFO] RulesReader:64 - Compatibility file has been processed (302 Rules)
2025-06-30 08:49:05,938 [INFO] DbMcusXml:78 - Set database path to: /Applications/STM32CubeIDE.app/Contents/Eclipse/plugins/com.st.stm32cube.common.mx_6.14.1.202504091515//db//mcu/
2025-06-30 08:49:05,939 [INFO] ApiDb:274 - Set plugin database path to: /Applications/STM32CubeIDE.app/Contents/Eclipse/plugins/com.st.stm32cube.common.mx_6.14.1.202504091515//db//plugins/boardmanager/
2025-06-30 08:49:05,939 [INFO] ApiDb:261 - Set plugin images path to: /Applications/STM32CubeIDE.app/Contents/Eclipse/plugins/com.st.stm32cube.common.mx_6.14.1.202504091515//db//plugins/mcufinder/images/
2025-06-30 08:49:05,939 [WARN] DbFile:41 - Overriding database path with different value: /Users/mauricewashington/.stmcufinder/plugins/mcufinder/ => /Users/mauricewashington/.stmcufinder/plugins/mcufinder
2025-06-30 08:49:05,939 [INFO] ApiDb:250 - Set database path to: /Users/mauricewashington/.stmcufinder/plugins/mcufinder//mcu/
2025-06-30 08:49:05,939 [WARN] DbFile:41 - Overriding database path with different value: /Users/mauricewashington/.stmcufinder/plugins/mcufinder/ => /Users/mauricewashington/.stmcufinder/plugins/mcufinder
2025-06-30 08:49:05,939 [INFO] DbMcusAds:125 - Set database path to: /Users/mauricewashington/.stmcufinder/plugins/mcufinder//mcu/
2025-06-30 08:49:05,939 [WARN] DbFile:41 - Overriding database path with different value: /Users/mauricewashington/.stmcufinder/plugins/mcufinder/ => /Users/mauricewashington/.stmcufinder/plugins/mcufinder
2025-06-30 08:49:05,939 [WARN] DbFile:41 - Overriding database path with different value: /Users/mauricewashington/.stmcufinder/plugins/mcufinder/ => /Users/mauricewashington/.stmcufinder/plugins/mcufinder
2025-06-30 08:49:05,940 [INFO] CrossReferenceDbSqlite:203 - Set database path to: /Users/mauricewashington/.stmcufinder/plugins/mcufinder//mcu/cs/
2025-06-30 08:49:05,997 [INFO] MainPanel:272 - HeapMemory: 268435456
2025-06-30 08:49:06,253 [INFO] DbMcusXml:78 - Set database path to: /Applications/STM32CubeIDE.app/Contents/Eclipse/plugins/com.st.stm32cube.common.mx_6.14.1.202504091515//db//mcu/
2025-06-30 08:49:06,253 [INFO] ApiDb:274 - Set plugin database path to: /Applications/STM32CubeIDE.app/Contents/Eclipse/plugins/com.st.stm32cube.common.mx_6.14.1.202504091515//db//plugins/boardmanager/
2025-06-30 08:49:06,253 [INFO] ApiDb:261 - Set plugin images path to: /Applications/STM32CubeIDE.app/Contents/Eclipse/plugins/com.st.stm32cube.common.mx_6.14.1.202504091515//db//plugins/mcufinder/images/
2025-06-30 08:49:06,253 [WARN] DbFile:41 - Overriding database path with different value: /Users/mauricewashington/.stmcufinder/plugins/mcufinder/ => /Users/mauricewashington/.stmcufinder/plugins/mcufinder
2025-06-30 08:49:06,253 [INFO] ApiDb:250 - Set database path to: /Users/mauricewashington/.stmcufinder/plugins/mcufinder//mcu/
2025-06-30 08:49:06,253 [WARN] DbFile:41 - Overriding database path with different value: /Users/mauricewashington/.stmcufinder/plugins/mcufinder/ => /Users/mauricewashington/.stmcufinder/plugins/mcufinder
2025-06-30 08:49:06,253 [INFO] DbMcusAds:125 - Set database path to: /Users/mauricewashington/.stmcufinder/plugins/mcufinder//mcu/
2025-06-30 08:49:06,253 [WARN] DbFile:41 - Overriding database path with different value: /Users/mauricewashington/.stmcufinder/plugins/mcufinder/ => /Users/mauricewashington/.stmcufinder/plugins/mcufinder
2025-06-30 08:49:06,254 [WARN] DbFile:41 - Overriding database path with different value: /Users/mauricewashington/.stmcufinder/plugins/mcufinder/ => /Users/mauricewashington/.stmcufinder/plugins/mcufinder
2025-06-30 08:49:06,254 [INFO] CrossReferenceDbSqlite:203 - Set database path to: /Users/mauricewashington/.stmcufinder/plugins/mcufinder//mcu/cs/
2025-06-30 08:49:06,267 [INFO] ApplicationProperties:184 - Using Application install path: /Applications/STM32CubeIDE.app/Contents/Eclipse/plugins/com.st.stm32cube.common.mx_6.14.1.202504091515
2025-06-30 08:49:06,268 [INFO] PluginManage:196 - Search for loadable plugins [exclusion list=, ]
2025-06-30 08:49:06,270 [INFO] PluginManage:310 - Check plugin analytics
2025-06-30 08:49:06,399 [INFO] AnalyticsPlugin:253 - Accepted Software Licenses: 
2025-06-30 08:49:06,400 [INFO] AnalyticsPlugin:255 - Accepted CMSIS Pack Licenses: 
2025-06-30 08:49:06,400 [INFO] AnalyticsPlugin:257 - Accepted Firmware Licenses: 
2025-06-30 08:49:06,406 [INFO] PluginManage:359 - Loaded plugin analytics (category:tool,tabindex:-1)
2025-06-30 08:49:06,407 [INFO] PluginManage:310 - Check plugin cadmodel
2025-06-30 08:49:06,417 [INFO] CADModel:105 - Init CAD model plugin
2025-06-30 08:49:06,418 [INFO] PluginManage:359 - Loaded plugin cadmodel (category:power,tabindex:5)
2025-06-30 08:49:06,418 [INFO] PluginManage:310 - Check plugin clock
2025-06-30 08:49:06,425 [INFO] PluginManage:359 - Loaded plugin clock (category:base,tabindex:2)
2025-06-30 08:49:06,425 [INFO] PluginManage:310 - Check plugin ddr
2025-06-30 08:49:06,427 [INFO] PluginManage:359 - Loaded plugin ddr (category:tool,tabindex:6)
2025-06-30 08:49:06,427 [INFO] PluginManage:310 - Check plugin filemanager
2025-06-30 08:49:06,539 [INFO] PluginManage:359 - Loaded plugin filemanager (category:base,tabindex:10)
2025-06-30 08:49:06,539 [INFO] PluginManage:310 - Check plugin ipmanager
2025-06-30 08:49:06,545 [INFO] PluginManage:359 - Loaded plugin ipmanager (category:base,tabindex:5)
2025-06-30 08:49:06,545 [INFO] PluginManage:310 - Check plugin lpbam
2025-06-30 08:49:06,552 [INFO] PluginManage:359 - Loaded plugin lpbam (category:base,tabindex:0)
2025-06-30 08:49:06,552 [INFO] PluginManage:310 - Check plugin memorymap
2025-06-30 08:49:06,560 [INFO] PluginManage:359 - Loaded plugin memorymap (category:base,tabindex:4)
2025-06-30 08:49:06,561 [INFO] PluginManage:310 - Check plugin pinoutandconfiguration
2025-06-30 08:49:06,566 [INFO] PluginManage:359 - Loaded plugin pinoutandconfiguration (category:base,tabindex:1)
2025-06-30 08:49:06,566 [INFO] PluginManage:310 - Check plugin pinoutconfig
2025-06-30 08:49:06,630 [WARN] SupportedApi:132 - Cannot load RTOS API schema: s4s-elt-must-match.1: The content of 'definitions' must match (annotation?, (simpleType | complexType)?, (unique | key | keyref)*)). A problem was found starting at: attribute.
2025-06-30 08:49:06,756 [INFO] PluginManage:359 - Loaded plugin pinoutconfig (category:base,tabindex:0)
2025-06-30 08:49:06,757 [INFO] PluginManage:310 - Check plugin power
2025-06-30 08:49:06,766 [INFO] PluginManage:359 - Loaded plugin power (category:power,tabindex:4)
2025-06-30 08:49:06,766 [INFO] PluginManage:310 - Check plugin projectmanager
2025-06-30 08:49:06,791 [INFO] PluginManage:359 - Loaded plugin projectmanager (category:projectmanager,tabindex:4)
2025-06-30 08:49:06,792 [INFO] PluginManage:310 - Check plugin rif
2025-06-30 08:49:06,797 [INFO] PluginManage:359 - Loaded plugin rif (category:base,tabindex:3)
2025-06-30 08:49:06,797 [INFO] PluginManage:310 - Check plugin thirdparty
2025-06-30 08:49:06,928 [INFO] PluginManage:359 - Loaded plugin thirdparty (category:base,tabindex:-1)
2025-06-30 08:49:06,928 [WARN] IntegrityCheckThread:84 - waiting for thirdparty lock release [integrity check]
2025-06-30 08:49:06,928 [INFO] PluginManage:310 - Check plugin tools
2025-06-30 08:49:06,928 [INFO] IntegrityCheckThread:86 - entering critical section [integrity check]
2025-06-30 08:49:06,930 [INFO] ThirdPartyUpdaterWithRetryManager:70 - Updater plugin not ready yet. [1/15]
2025-06-30 08:49:06,931 [INFO] PluginManage:359 - Loaded plugin tools (category:base,tabindex:7)
2025-06-30 08:49:06,931 [INFO] PluginManage:310 - Check plugin tutovideos
2025-06-30 08:49:07,060 [INFO] PluginManage:359 - Loaded plugin tutovideos (category:base,tabindex:-1)
2025-06-30 08:49:07,060 [INFO] PluginManage:310 - Check plugin updater
2025-06-30 08:49:07,080 [INFO] PluginManage:359 - Loaded plugin updater (category:base,tabindex:12)
2025-06-30 08:49:07,080 [INFO] PluginManage:310 - Check plugin userauth
2025-06-30 08:49:07,085 [INFO] UserAuth:118 - Init User Auth plugin
2025-06-30 08:49:07,086 [INFO] PluginManage:359 - Loaded plugin userauth (category:base,tabindex:14)
2025-06-30 08:49:07,087 [INFO] PluginManage:283 - PluginManage : Loaded plugins [18]
2025-06-30 08:49:07,266 [INFO] PinOutPanel:1589 - setPackage(No Configuration,No Configuration)
2025-06-30 08:49:07,332 [INFO] CADModel:165 - CPN selected for project level
2025-06-30 08:49:07,332 [INFO] CADModel:114 - Register for checkConnection events
2025-06-30 08:49:07,344 [INFO] IPUIPlugin:80 - create IPUIPlugin
2025-06-30 08:49:07,345 [INFO] PluginManager:220 - loadIPPluginJar : add mdma
2025-06-30 08:49:07,352 [INFO] IPUIPlugin:80 - create IPUIPlugin
2025-06-30 08:49:07,352 [INFO] PluginManager:220 - loadIPPluginJar : add freertos
2025-06-30 08:49:07,355 [INFO] IPUIPlugin:80 - create IPUIPlugin
2025-06-30 08:49:07,355 [INFO] PluginManager:220 - loadIPPluginJar : add gic
2025-06-30 08:49:07,362 [INFO] IPUIPlugin:80 - create IPUIPlugin
2025-06-30 08:49:07,362 [INFO] PluginManager:220 - loadIPPluginJar : add adc
2025-06-30 08:49:07,364 [INFO] IPUIPlugin:80 - create IPUIPlugin
2025-06-30 08:49:07,365 [INFO] PluginManager:220 - loadIPPluginJar : add gtzc
2025-06-30 08:49:07,366 [INFO] IPUIPlugin:80 - create IPUIPlugin
2025-06-30 08:49:07,366 [INFO] PluginManager:220 - loadIPPluginJar : add quadspi
2025-06-30 08:49:07,367 [INFO] IPUIPlugin:80 - create IPUIPlugin
2025-06-30 08:49:07,367 [INFO] PluginManager:220 - loadIPPluginJar : add aes
2025-06-30 08:49:07,368 [INFO] IPUIPlugin:80 - create IPUIPlugin
2025-06-30 08:49:07,368 [INFO] PluginManager:220 - loadIPPluginJar : add pdm2pcm
2025-06-30 08:49:07,369 [INFO] IPUIPlugin:80 - create IPUIPlugin
2025-06-30 08:49:07,369 [INFO] PluginManager:220 - loadIPPluginJar : add hash
2025-06-30 08:49:07,370 [INFO] IPUIPlugin:80 - create IPUIPlugin
2025-06-30 08:49:07,370 [INFO] PluginManager:220 - loadIPPluginJar : add tim
2025-06-30 08:49:07,371 [INFO] IPUIPlugin:80 - create IPUIPlugin
2025-06-30 08:49:07,371 [INFO] PluginManager:220 - loadIPPluginJar : add tsc
2025-06-30 08:49:07,373 [INFO] IPUIPlugin:80 - create IPUIPlugin
2025-06-30 08:49:07,374 [INFO] PluginManager:220 - loadIPPluginJar : add extmemmanager
2025-06-30 08:49:07,375 [INFO] IPUIPlugin:80 - create IPUIPlugin
2025-06-30 08:49:07,375 [INFO] PluginManager:220 - loadIPPluginJar : add ts
2025-06-30 08:49:07,376 [INFO] IPUIPlugin:80 - create IPUIPlugin
2025-06-30 08:49:07,376 [INFO] PluginManager:220 - loadIPPluginJar : add radio
2025-06-30 08:49:07,378 [INFO] IPUIPlugin:80 - create IPUIPlugin
2025-06-30 08:49:07,378 [INFO] PluginManager:220 - loadIPPluginJar : add can
2025-06-30 08:49:07,379 [INFO] IPUIPlugin:80 - create IPUIPlugin
2025-06-30 08:49:07,379 [INFO] PluginManager:220 - loadIPPluginJar : add dma3
2025-06-30 08:49:07,379 [INFO] IPUIPlugin:80 - create IPUIPlugin
2025-06-30 08:49:07,379 [INFO] PluginManager:220 - loadIPPluginJar : add dfsdm
2025-06-30 08:49:07,380 [INFO] IPUIPlugin:80 - create IPUIPlugin
2025-06-30 08:49:07,380 [INFO] PluginManager:220 - loadIPPluginJar : add spi
2025-06-30 08:49:07,381 [INFO] IPUIPlugin:80 - create IPUIPlugin
2025-06-30 08:49:07,381 [INFO] PluginManager:220 - loadIPPluginJar : add gfxmmu
2025-06-30 08:49:07,382 [INFO] IPUIPlugin:80 - create IPUIPlugin
2025-06-30 08:49:07,383 [INFO] PluginManager:220 - loadIPPluginJar : add genericplugin
2025-06-30 08:49:07,384 [INFO] IPUIPlugin:80 - create IPUIPlugin
2025-06-30 08:49:07,384 [INFO] PluginManager:220 - loadIPPluginJar : add cryp
2025-06-30 08:49:07,386 [INFO] IPUIPlugin:80 - create IPUIPlugin
2025-06-30 08:49:07,386 [INFO] PluginManager:220 - loadIPPluginJar : add gpio
2025-06-30 08:49:07,388 [INFO] IPUIPlugin:80 - create IPUIPlugin
2025-06-30 08:49:07,388 [INFO] PluginManager:220 - loadIPPluginJar : add ddr_ctrl_phy
2025-06-30 08:49:07,389 [INFO] IPUIPlugin:80 - create IPUIPlugin
2025-06-30 08:49:07,389 [INFO] PluginManager:220 - loadIPPluginJar : add comp
2025-06-30 08:49:07,391 [INFO] IPUIPlugin:80 - create IPUIPlugin
2025-06-30 08:49:07,391 [INFO] PluginManager:220 - loadIPPluginJar : add tracer_emb
2025-06-30 08:49:07,393 [INFO] IPUIPlugin:80 - create IPUIPlugin
2025-06-30 08:49:07,393 [INFO] PluginManager:220 - loadIPPluginJar : add openamp
2025-06-30 08:49:07,396 [INFO] IPUIPlugin:80 - create IPUIPlugin
2025-06-30 08:49:07,396 [INFO] PluginManager:220 - loadIPPluginJar : add stm32_wpan
2025-06-30 08:49:07,399 [INFO] IPUIPlugin:80 - create IPUIPlugin
2025-06-30 08:49:07,401 [INFO] PluginManager:220 - loadIPPluginJar : add plateformsettings
2025-06-30 08:49:07,403 [INFO] IPUIPlugin:80 - create IPUIPlugin
2025-06-30 08:49:07,403 [INFO] PluginManager:220 - loadIPPluginJar : add ipddr
2025-06-30 08:49:07,406 [INFO] IPUIPlugin:80 - create IPUIPlugin
2025-06-30 08:49:07,406 [INFO] PluginManager:220 - loadIPPluginJar : add usart
2025-06-30 08:49:07,407 [INFO] IPUIPlugin:80 - create IPUIPlugin
2025-06-30 08:49:07,407 [INFO] PluginManager:220 - loadIPPluginJar : add ltdc
2025-06-30 08:49:07,409 [INFO] IPUIPlugin:80 - create IPUIPlugin
2025-06-30 08:49:07,409 [INFO] PluginManager:220 - loadIPPluginJar : add nvic
2025-06-30 08:49:07,410 [INFO] IPUIPlugin:80 - create IPUIPlugin
2025-06-30 08:49:07,410 [INFO] PluginManager:220 - loadIPPluginJar : add fatfs
2025-06-30 08:49:07,414 [INFO] IPUIPlugin:80 - create IPUIPlugin
2025-06-30 08:49:07,415 [INFO] PluginManager:220 - loadIPPluginJar : add linkedlist
2025-06-30 08:49:07,420 [INFO] IPUIPlugin:80 - create IPUIPlugin
2025-06-30 08:49:07,421 [INFO] PluginManager:220 - loadIPPluginJar : add dma
2025-06-30 08:49:07,422 [INFO] IPUIPlugin:80 - create IPUIPlugin
2025-06-30 08:49:07,422 [INFO] PluginManager:220 - loadIPPluginJar : add fmc
2025-06-30 08:49:07,423 [INFO] IPUIPlugin:80 - create IPUIPlugin
2025-06-30 08:49:07,423 [INFO] PluginManager:220 - loadIPPluginJar : add i2s
2025-06-30 08:49:07,424 [INFO] IPUIPlugin:80 - create IPUIPlugin
2025-06-30 08:49:07,424 [INFO] PluginManager:220 - loadIPPluginJar : add ucpd
2025-06-30 08:49:07,425 [INFO] IPUIPlugin:80 - create IPUIPlugin
2025-06-30 08:49:07,425 [INFO] PluginManager:220 - loadIPPluginJar : add lorawan
2025-06-30 08:49:07,426 [INFO] IPUIPlugin:80 - create IPUIPlugin
2025-06-30 08:49:07,427 [INFO] PluginManager:220 - loadIPPluginJar : add opamp
2025-06-30 08:49:07,428 [INFO] IPUIPlugin:80 - create IPUIPlugin
2025-06-30 08:49:07,428 [INFO] PluginManager:220 - loadIPPluginJar : add i3c
2025-06-30 08:49:07,429 [INFO] IPUIPlugin:80 - create IPUIPlugin
2025-06-30 08:49:07,430 [INFO] PluginManager:220 - loadIPPluginJar : add touchsensing
2025-06-30 08:49:07,431 [INFO] IPUIPlugin:80 - create IPUIPlugin
2025-06-30 08:49:07,431 [INFO] PluginManager:220 - loadIPPluginJar : add i2c
2025-06-30 08:49:07,432 [INFO] IPUIPlugin:80 - create IPUIPlugin
2025-06-30 08:49:07,432 [INFO] PluginManager:220 - loadIPPluginJar : add resmgrutility
2025-06-30 08:49:07,434 [INFO] IPUIPlugin:80 - create IPUIPlugin
2025-06-30 08:49:07,434 [INFO] PluginManager:220 - loadIPPluginJar : add sai
2025-06-30 08:49:07,435 [INFO] IPUIPlugin:80 - create IPUIPlugin
2025-06-30 08:49:07,435 [INFO] PluginManager:220 - loadIPPluginJar : add usbx
2025-06-30 08:49:07,540 [FATAL] Updater:351 - Updater called before beeing initialized
2025-06-30 08:49:07,578 [INFO] RulesReader:64 - Compatibility file has been processed (302 Rules)
2025-06-30 08:49:07,597 [INFO] RulesReader:64 - Compatibility file has been processed (302 Rules)
2025-06-30 08:49:07,608 [INFO] CADModel:165 - CPN selected for project level
2025-06-30 08:49:07,608 [INFO] CADModel:114 - Register for checkConnection events
2025-06-30 08:49:07,608 [FATAL] Updater:351 - Updater called before beeing initialized
2025-06-30 08:49:07,608 [ERROR] CADModel:125 - Updater not yet initialized, retry later 
2025-06-30 08:49:07,786 [FATAL] Updater:351 - Updater called before beeing initialized
2025-06-30 08:49:07,787 [INFO] CADModel:165 - CPN selected for project level
2025-06-30 08:49:07,787 [INFO] CADModel:114 - Register for checkConnection events
2025-06-30 08:49:07,787 [FATAL] Updater:351 - Updater called before beeing initialized
2025-06-30 08:49:07,787 [ERROR] CADModel:125 - Updater not yet initialized, retry later 
2025-06-30 08:49:07,790 [FATAL] Updater:351 - Updater called before beeing initialized
2025-06-30 08:49:07,946 [FATAL] Updater:351 - Updater called before beeing initialized
2025-06-30 08:49:07,949 [INFO] DbMcusAds:53 - JSON generation date=Wed May 07 02:07:55 PDT 2025 (1746608875484)
2025-06-30 08:49:07,949 [FATAL] Updater:351 - Updater called before beeing initialized
2025-06-30 08:49:08,000 [WARN] DetailPanel:346 - Failed to get advertising image, set to default
2025-06-30 08:49:08,167 [FATAL] Updater:351 - Updater called before beeing initialized
2025-06-30 08:49:08,171 [FATAL] Updater:351 - Updater called before beeing initialized
2025-06-30 08:49:08,171 [FATAL] Updater:351 - Updater called before beeing initialized
2025-06-30 08:49:08,171 [WARN] DetailPanel:346 - Failed to get advertising image, set to default
2025-06-30 08:49:08,178 [FATAL] Updater:351 - Updater called before beeing initialized
2025-06-30 08:49:08,229 [ERROR] Updater:1198 - MainUpdater not yet initialized. External WinMGr cannot be set.
2025-06-30 08:49:08,259 [INFO] Updater:1134 - Updater Version found : 6.14.1
2025-06-30 08:49:08,272 [INFO] ApplicationProperties:184 - Using Application install path: /Applications/STM32CubeIDE.app/Contents/Eclipse/plugins/com.st.stm32cube.common.mx_6.14.1.202504091515
2025-06-30 08:49:08,602 [INFO] MainUpdater:2872 - connection check result : 10
2025-06-30 08:49:08,602 [INFO] MainUpdater:3566 - Updater definition file requires update
2025-06-30 08:49:08,602 [INFO] MainUpdater:289 - Updater Check For Update Now.
2025-06-30 08:49:08,602 [INFO] MicroXplorer:498 - Change Database Version : DB.6.0.141
2025-06-30 08:49:08,608 [INFO] McuFinderGlobals:63 - Set McuFinder mode to 2 (CubeIDE integrated)
2025-06-30 08:49:08,609 [INFO] UserAuth:484 - Internet connection configuration mode: 1
2025-06-30 08:49:08,621 [INFO] JxBrowserEngine:152 - Initiate JxBrowser Engine with user profile folder
2025-06-30 08:49:08,714 [INFO] ServerAccessManage:473 - Download File updaters.zip
2025-06-30 08:49:08,836 [INFO] FileExtend:242 - Unzip File : updaters.zip
2025-06-30 08:49:08,836 [INFO] FileExtend:257 - Standard Zip Deflate
2025-06-30 08:49:09,183 [INFO] ServerAccessManage:473 - Download File PacksControlFlags.xml
2025-06-30 08:49:09,285 [INFO] ServerAccessManage:473 - Download File cubemx.pidx
2025-06-30 08:49:09,438 [INFO] LoadServerUpdatesThread:375 - End of LoadServerUpdate Thread
2025-06-30 08:49:09,628 [INFO] CheckServerUpdateThread:120 - End of CheckServer Thread
2025-06-30 08:49:10,102 [WARN] PackLoader:240 - Cannot read IP mode file for STMicroelectronics.FP-SNS-MOTENVWB1.1.4.0
2025-06-30 08:49:10,120 [WARN] PackLoader:240 - Cannot read IP mode file for STMicroelectronics.FP-ATR-ASTRA1.2.0.2
2025-06-30 08:49:10,130 [WARN] PackLoader:240 - Cannot read IP mode file for STMicroelectronics.FP-ATR-ASTRA1.2.0.1
2025-06-30 08:49:10,140 [WARN] PackLoader:240 - Cannot read IP mode file for STMicroelectronics.X-CUBE-SMBUS.2.1.0
2025-06-30 08:49:10,148 [WARN] PackLoader:240 - Cannot read IP mode file for STMicroelectronics.X-CUBE-WB05N.1.1.0
2025-06-30 08:49:10,153 [WARN] PackLoader:240 - Cannot read IP mode file for STMicroelectronics.X-CUBE-ST60.1.0.0
2025-06-30 08:49:10,192 [WARN] PackLoader:240 - Cannot read IP mode file for STMicroelectronics.X-CUBE-AZRTOS-F7.1.1.0
2025-06-30 08:49:10,216 [WARN] PackLoader:240 - Cannot read IP mode file for STMicroelectronics.FP-SNS-FLIGHT1.5.0.2
2025-06-30 08:49:10,257 [WARN] PackLoader:240 - Cannot read IP mode file for Infineon.AIROC-Wi-Fi-Bluetooth-STM32.1.7.0
2025-06-30 08:49:10,282 [WARN] PackLoader:240 - Cannot read IP mode file for STMicroelectronics.X-CUBE-DISPLAY.3.0.0
2025-06-30 08:49:10,312 [WARN] PackLoader:240 - Cannot read IP mode file for STMicroelectronics.X-CUBE-BLE1.7.0.0
2025-06-30 08:49:10,326 [WARN] PackLoader:240 - Cannot read IP mode file for STMicroelectronics.X-CUBE-NFC10.1.0.0
2025-06-30 08:49:10,346 [WARN] PackLoader:240 - Cannot read IP mode file for STMicroelectronics.X-CUBE-BLEMGR.4.0.0
2025-06-30 08:49:10,365 [WARN] PackLoader:240 - Cannot read IP mode file for emotas.I-CUBE-CANOPEN.1.3.0
2025-06-30 08:49:10,375 [WARN] PackLoader:240 - Cannot read IP mode file for STMicroelectronics.X-CUBE-AI.10.0.0
2025-06-30 08:49:10,382 [WARN] PackLoader:240 - Cannot read IP mode file for STMicroelectronics.FP-SNS-SMARTAG2.1.2.0
2025-06-30 08:49:10,385 [WARN] PackLoader:240 - Cannot read IP mode file for STMicroelectronics.FP-SNS-FLIGHT1.5.1.0
2025-06-30 08:49:10,468 [WARN] PackLoader:240 - Cannot read IP mode file for STMicroelectronics.X-CUBE-MEMS1.11.1.0
2025-06-30 08:49:10,565 [INFO] LogOutputStream:77 - [STDOUT_REDIRECT] 1 : Invalid condition id : UX_CORESTACK_Condition cause : null
2025-06-30 08:49:10,565 [INFO] LogOutputStream:77 - [STDOUT_REDIRECT] 1 : Invalid condition id : UX_CORESTACK_Condition cause : null
2025-06-30 08:49:10,566 [INFO] LogOutputStream:77 - [STDOUT_REDIRECT] 1 : Invalid condition id : UX_CORESTACK_Condition cause : null
2025-06-30 08:49:10,566 [INFO] LogOutputStream:77 - [STDOUT_REDIRECT] 1 : Invalid condition id : UX_CORESTACK_Condition cause : null
2025-06-30 08:49:10,566 [INFO] LogOutputStream:77 - [STDOUT_REDIRECT] 1 : Invalid condition id : UX_CORESTACK_Condition cause : null
2025-06-30 08:49:10,571 [WARN] PackLoader:240 - Cannot read IP mode file for STMicroelectronics.X-CUBE-AZRTOS-WL.2.0.0
2025-06-30 08:49:10,588 [WARN] PackLoader:240 - Cannot read IP mode file for STMicroelectronics.FP-SNS-MOTENV1.5.0.0
2025-06-30 08:49:10,596 [WARN] PackLoader:240 - Cannot read IP mode file for wolfSSL.I-CUBE-wolfMQTT.1.19.0
2025-06-30 08:49:10,603 [WARN] PackLoader:240 - Cannot read IP mode file for WES.I-CUBE-Cesium.1.3.0
2025-06-30 08:49:10,609 [WARN] PackLoader:240 - Cannot read IP mode file for STMicroelectronics.X-CUBE-BLE2.3.3.0
2025-06-30 08:49:10,615 [WARN] PackLoader:240 - Cannot read IP mode file for STMicroelectronics.X-CUBE-NFC9.1.0.0
2025-06-30 08:49:10,620 [WARN] PackLoader:240 - Cannot read IP mode file for STMicroelectronics.X-CUBE-BLE1.7.1.0
2025-06-30 08:49:10,624 [WARN] PackLoader:240 - Cannot read IP mode file for STMicroelectronics.X-CUBE-AI.10.1.0
2025-06-30 08:49:10,673 [WARN] PackLoader:240 - Cannot read IP mode file for STMicroelectronics.X-CUBE-MEMS1.11.2.0
2025-06-30 08:49:10,766 [WARN] PackLoader:240 - Cannot read IP mode file for STMicroelectronics.X-CUBE-AZRTOS-G0.1.1.0
2025-06-30 08:49:10,781 [WARN] PackLoader:240 - Cannot read IP mode file for STMicroelectronics.X-CUBE-SAFEA1.1.2.2
2025-06-30 08:49:10,791 [WARN] PackLoader:240 - Cannot read IP mode file for STMicroelectronics.X-CUBE-NFC4.3.0.0
2025-06-30 08:49:10,803 [WARN] PackLoader:240 - Cannot read IP mode file for EmbeddedOffice.I-CUBE-FS-RTOS.1.0.1
2025-06-30 08:49:10,811 [WARN] PackLoader:240 - Cannot read IP mode file for STMicroelectronics.X-CUBE-WB05N.2.0.0
2025-06-30 08:49:10,819 [WARN] PackLoader:240 - Cannot read IP mode file for STMicroelectronics.X-CUBE-TCPP.4.2.0
2025-06-30 08:49:10,833 [WARN] PackLoader:240 - Cannot read IP mode file for RealThread.X-CUBE-RT-Thread_Nano.4.1.1
2025-06-30 08:49:10,836 [WARN] PackLoader:240 - Cannot read IP mode file for STMicroelectronics.FP-ATR-SIGFOX1.3.2.0
2025-06-30 08:49:10,840 [WARN] ConditionMgr:438 - getConditionDescription Invalid condition id : Cortex-A Device cause : null
2025-06-30 08:49:10,861 [WARN] ConditionMgr:1044 - genDependencies : Invalid condition id : Cortex-A Device cause : null
2025-06-30 08:49:10,862 [WARN] ConditionMgr:1044 - genDependencies : Invalid condition id : Cortex-A Device cause : null
2025-06-30 08:49:10,862 [WARN] ConditionMgr:1044 - genDependencies : Invalid condition id : Cortex-A Device cause : null
2025-06-30 08:49:10,870 [WARN] PackLoader:240 - Cannot read IP mode file for STMicroelectronics.X-CUBE-EEPRMA1.5.1.0
2025-06-30 08:49:10,876 [WARN] PackLoader:240 - Cannot read IP mode file for wolfSSL.I-CUBE-wolfSSL.5.7.6
2025-06-30 08:49:10,885 [WARN] PackLoader:240 - Cannot read IP mode file for ITTIA_DB.I-CUBE-ITTIADB.8.9.0
2025-06-30 08:49:10,896 [WARN] PackLoader:240 - Cannot read IP mode file for STMicroelectronics.X-CUBE-ST67W61.1.0.0
2025-06-30 08:49:10,951 [WARN] PackLoader:240 - Cannot read IP mode file for SEGGER.I-CUBE-embOS.1.3.1
2025-06-30 08:49:10,980 [WARN] PackLoader:240 - Cannot read IP mode file for STMicroelectronics.X-CUBE-ALGOBUILD.1.4.0
2025-06-30 08:49:11,033 [WARN] PackLoader:240 - Cannot read IP mode file for STMicroelectronics.X-CUBE-MEMS1.11.3.0
2025-06-30 08:49:11,093 [WARN] PackLoader:240 - Cannot read IP mode file for STMicroelectronics.X-CUBE-PM33A1.1.0.0
2025-06-30 08:49:11,117 [WARN] PackLoader:240 - Cannot read IP mode file for STMicroelectronics.X-CUBE-AZRTOS-F4.1.1.0
2025-06-30 08:49:11,124 [WARN] PackLoader:240 - Cannot read IP mode file for Avnet-IotConnect.X-CUBE-IoTC-DA16k-PMOD.1.0.0
2025-06-30 08:49:11,130 [WARN] PackLoader:240 - Cannot read IP mode file for STMicroelectronics.X-CUBE-ISPU.2.1.0
2025-06-30 08:49:11,146 [WARN] PackLoader:240 - Cannot read IP mode file for STMicroelectronics.X-CUBE-AZRTOS-L5.2.0.0
2025-06-30 08:49:11,156 [WARN] PackLoader:240 - Cannot read IP mode file for STMicroelectronics.X-CUBE-NFC6.3.1.0
2025-06-30 08:49:11,163 [WARN] PackLoader:240 - Cannot read IP mode file for STMicroelectronics.X-CUBE-DPower.1.2.0
2025-06-30 08:49:11,180 [WARN] PackLoader:240 - Cannot read IP mode file for STMicroelectronics.X-CUBE-FREERTOS.1.3.1
2025-06-30 08:49:11,193 [WARN] PackLoader:240 - Cannot read IP mode file for STMicroelectronics.X-CUBE-FREERTOS.1.3.0
2025-06-30 08:49:11,198 [WARN] PackLoader:240 - Cannot read IP mode file for STMicroelectronics.X-CUBE-NFC7.1.0.1
2025-06-30 08:49:11,203 [WARN] PackLoader:240 - Cannot read IP mode file for STMicroelectronics.FP-SNS-STAIOTCFT.1.0.0
2025-06-30 08:49:11,207 [WARN] PackLoader:240 - Cannot read IP mode file for STMicroelectronics.X-CUBE-DPower.1.3.0
2025-06-30 08:49:11,223 [WARN] ConditionMgr:438 - getConditionDescription Invalid condition id : LAN8742 Phy interface Condition cause : null
2025-06-30 08:49:11,224 [WARN] PackLoader:240 - Cannot read IP mode file for STMicroelectronics.X-CUBE-AZRTOS-L4.2.0.0
2025-06-30 08:49:11,226 [WARN] ConditionMgr:1044 - genDependencies : Invalid condition id : LAN8742 Phy interface Condition cause : null
2025-06-30 08:49:11,227 [WARN] ConditionMgr:1044 - genDependencies : Invalid condition id : LAN8742 Phy interface Condition cause : null
2025-06-30 08:49:11,227 [WARN] ConditionMgr:1044 - genDependencies : Invalid condition id : LAN8742 Phy interface Condition cause : null
2025-06-30 08:49:11,233 [WARN] PackLoader:240 - Cannot read IP mode file for STMicroelectronics.X-CUBE-SFXS2LP1.4.0.0
2025-06-30 08:49:11,254 [WARN] PackLoader:240 - Cannot read IP mode file for STMicroelectronics.X-CUBE-AZRTOS-H7.3.3.0
2025-06-30 08:49:11,273 [WARN] ConditionMgr:438 - getConditionDescription Invalid condition id : UX DEVICE CLASS RTOS Condition cause : null
2025-06-30 08:49:11,274 [WARN] ConditionMgr:438 - getConditionDescription Invalid condition id : UX DEVICE CLASS RTOS Condition cause : null
2025-06-30 08:49:11,277 [WARN] PackLoader:240 - Cannot read IP mode file for STMicroelectronics.X-CUBE-AZRTOS-WB.2.0.0
2025-06-30 08:49:11,278 [WARN] ConditionMgr:1044 - genDependencies : Invalid condition id : UX DEVICE CLASS RTOS Condition cause : null
2025-06-30 08:49:11,278 [WARN] ConditionMgr:1044 - genDependencies : Invalid condition id : UX DEVICE CLASS RTOS Condition cause : null
2025-06-30 08:49:11,280 [WARN] ConditionMgr:1044 - genDependencies : Invalid condition id : UX DEVICE CLASS RTOS Condition cause : null
2025-06-30 08:49:11,281 [WARN] ConditionMgr:1044 - genDependencies : Invalid condition id : UX DEVICE CLASS RTOS Condition cause : null
2025-06-30 08:49:11,281 [WARN] ConditionMgr:1044 - genDependencies : Invalid condition id : UX DEVICE CLASS RTOS Condition cause : null
2025-06-30 08:49:11,288 [WARN] PackLoader:240 - Cannot read IP mode file for STMicroelectronics.X-CUBE-GNSS1.7.0.1
2025-06-30 08:49:11,293 [WARN] PackLoader:240 - Cannot read IP mode file for STMicroelectronics.X-CUBE-TOUCHGFX.4.25.0
2025-06-30 08:49:11,297 [WARN] PackLoader:240 - Cannot read IP mode file for STMicroelectronics.FP-SNS-STBOX1.2.0.0
2025-06-30 08:49:11,310 [WARN] PackLoader:240 - Cannot read IP mode file for STMicroelectronics.X-CUBE-SUBG2.5.0.0
2025-06-30 08:49:11,339 [WARN] PackLoader:240 - Cannot read IP mode file for STMicroelectronics.X-CUBE-AZRTOS-H7RS.1.1.0
2025-06-30 08:49:11,347 [WARN] PackLoader:240 - Cannot read IP mode file for Cesanta.I-CUBE-Mongoose.7.13.0
2025-06-30 08:49:11,357 [WARN] PackLoader:240 - Cannot read IP mode file for STMicroelectronics.X-CUBE-AZRTOS-G4.2.0.0
2025-06-30 08:49:11,364 [WARN] PackLoader:240 - Cannot read IP mode file for STMicroelectronics.X-CUBE-NFC7.2.0.0
2025-06-30 08:49:11,372 [WARN] PackLoader:240 - Cannot read IP mode file for STMicroelectronics.X-CUBE-IPS.3.1.0
2025-06-30 08:49:11,377 [WARN] PackLoader:240 - Cannot read IP mode file for STMicroelectronics.X-CUBE-ALS.1.0.2
2025-06-30 08:49:11,378 [WARN] PackLoader:240 - Cannot read IP mode file for STMicroelectronics.X-CUBE-TOUCHGFX.4.24.2
2025-06-30 08:49:11,379 [WARN] PackLoader:240 - Cannot read IP mode file for wolfSSL.I-CUBE-wolfTPM.3.4.0
2025-06-30 08:49:11,383 [WARN] PackLoader:240 - Cannot read IP mode file for portGmbH.I-Cube-SoM-uGOAL.1.1.0
2025-06-30 08:49:11,401 [WARN] PackLoader:240 - Cannot read IP mode file for STMicroelectronics.X-CUBE-AZRTOS-H7RS.1.0.0
2025-06-30 08:49:11,418 [WARN] PackLoader:240 - Cannot read IP mode file for STMicroelectronics.X-CUBE-TOF1.3.4.2
2025-06-30 08:49:11,432 [WARN] PackLoader:240 - Cannot read IP mode file for STMicroelectronics.X-CUBE-TOF1.3.4.3
2025-06-30 08:49:11,438 [WARN] PackLoader:240 - Cannot read IP mode file for wolfSSL.I-CUBE-wolfSSH.1.4.17
2025-06-30 08:49:11,439 [INFO] ThirdParty:978 - Integrity check success = true
2025-06-30 08:49:11,439 [INFO] IntegrityCheckThread:100 - exiting critical section [integrity check]
2025-06-30 08:49:11,439 [INFO] IntegrityCheckThread:103 - End integrity checks thread
2025-06-30 08:49:13,116 [INFO] WebApp:169 - Instantiating new browser for Auth
2025-06-30 08:49:14,310 [INFO] WebApp:463 - Apply proxy settings
2025-06-30 08:49:14,317 [INFO] WebApp:508 - Chromium authenticates against Manually configured proxy
2025-06-30 08:49:14,333 [INFO] WebApp:516 - Username used for proxy authentication: 
2025-06-30 08:49:14,373 [INFO] WebApp:894 - Register for checkConnection events
2025-06-30 08:49:14,373 [INFO] WebApp:463 - Apply proxy settings
2025-06-30 08:49:14,376 [INFO] WebApp:508 - Chromium authenticates against Manually configured proxy
2025-06-30 08:49:14,376 [INFO] WebApp:516 - Username used for proxy authentication: 
2025-06-30 08:49:14,498 [INFO] WebApp:225 - Starting web application
2025-06-30 08:49:14,498 [INFO] WebApp:593 - Web application path used /Applications/STM32CubeIDE.app/Contents/Eclipse/plugins/com.st.stm32cube.common.mx_6.14.1.202504091515/db/plugins/mcufinder/reactClient1/index.html
2025-06-30 08:49:14,951 [INFO] WebApp:191 - Connection restablished
2025-06-30 08:49:15,126 [INFO] UserAuth:484 - Internet connection configuration mode: 1
2025-06-30 10:39:31,407 [INFO] WebApp:194 - Connection lost
2025-06-30 10:39:32,366 [INFO] WebApp:191 - Connection restablished
2025-06-30 10:55:41,177 [INFO] WebApp:194 - Connection lost
2025-06-30 10:55:41,531 [INFO] WebApp:191 - Connection restablished
2025-06-30 11:15:48,193 [INFO] WebApp:194 - Connection lost
2025-06-30 11:15:48,673 [INFO] WebApp:191 - Connection restablished
2025-06-30 12:24:28,184 [INFO] WebApp:194 - Connection lost
2025-06-30 12:24:28,783 [INFO] WebApp:191 - Connection restablished
2025-06-30 12:28:58,065 [INFO] WebApp:194 - Connection lost
2025-06-30 12:28:58,542 [INFO] WebApp:191 - Connection restablished
2025-06-30 12:45:12,147 [INFO] WebApp:194 - Connection lost
2025-06-30 12:45:12,452 [INFO] WebApp:191 - Connection restablished
2025-06-30 13:02:53,128 [INFO] WebApp:194 - Connection lost
2025-06-30 13:02:53,509 [INFO] WebApp:191 - Connection restablished
2025-06-30 14:05:02,512 [INFO] WebApp:194 - Connection lost
2025-06-30 14:05:03,178 [INFO] WebApp:191 - Connection restablished
2025-06-30 17:02:08,235 [INFO] WebApp:194 - Connection lost
2025-06-30 17:02:08,907 [INFO] WebApp:191 - Connection restablished
2025-06-30 17:06:11,273 [INFO] WebApp:194 - Connection lost
2025-06-30 17:06:11,688 [INFO] WebApp:191 - Connection restablished
