2025-05-21 11:15:27,000 [INFO] Activator:176 - 


2025-05-21 11:15:27,004 [INFO] Activator:177 - !SESSION log4j initialized
2025-05-21 11:15:31,169 [INFO] LogOutputStream:77 - [STDOUT_REDIRECT] 
2025-05-21 11:15:32,114 [ERROR] LogOutputStream:75 - [STDERR_REDIRECT] 
2025-05-21 11:15:35,277 [INFO] LogOutputStream:77 - [STDOUT_REDIRECT] 
2025-05-21 11:15:37,007 [INFO] ApplicationProperties:184 - Using Application install path: /Applications/STM32CubeIDE.app/Contents/Eclipse/plugins/com.st.stm32cube.common.mx_6.14.1.202504091515
2025-05-21 11:15:37,017 [INFO] DbMcusXml:78 - Set database path to: /Applications/STM32CubeIDE.app/Contents/Eclipse/plugins/com.st.stm32cube.common.mx_6.14.1.202504091515//db//mcu/
2025-05-21 11:15:37,018 [INFO] ApiDb:274 - Set plugin database path to: /Applications/STM32CubeIDE.app/Contents/Eclipse/plugins/com.st.stm32cube.common.mx_6.14.1.202504091515//db//plugins/boardmanager/
2025-05-21 11:15:37,018 [WARN] ApiDb:259 - Overriding images path with different value:  => /Applications/STM32CubeIDE.app/Contents/Eclipse/plugins/com.st.stm32cube.common.mx_6.14.1.202504091515//db//plugins/mcufinder/images/
2025-05-21 11:15:37,025 [INFO] ApiDb:250 - Set database path to: /Users/mauricewashington/.stmcufinder/plugins/mcufinder//mcu/
2025-05-21 11:15:37,025 [INFO] DbMcusAds:125 - Set database path to: /Users/mauricewashington/.stmcufinder/plugins/mcufinder//mcu/
2025-05-21 11:15:37,027 [INFO] CrossReferenceDbSqlite:203 - Set database path to: /Users/mauricewashington/.stmcufinder/plugins/mcufinder//mcu/cs/
2025-05-21 11:15:37,125 [INFO] RulesReader:64 - Compatibility file has been processed (302 Rules)
2025-05-21 11:15:37,186 [INFO] DbMcusXml:78 - Set database path to: /Applications/STM32CubeIDE.app/Contents/Eclipse/plugins/com.st.stm32cube.common.mx_6.14.1.202504091515//db//mcu/
2025-05-21 11:15:37,187 [INFO] ApiDb:274 - Set plugin database path to: /Applications/STM32CubeIDE.app/Contents/Eclipse/plugins/com.st.stm32cube.common.mx_6.14.1.202504091515//db//plugins/boardmanager/
2025-05-21 11:15:37,187 [INFO] ApiDb:261 - Set plugin images path to: /Applications/STM32CubeIDE.app/Contents/Eclipse/plugins/com.st.stm32cube.common.mx_6.14.1.202504091515//db//plugins/mcufinder/images/
2025-05-21 11:15:37,187 [WARN] DbFile:41 - Overriding database path with different value: /Users/mauricewashington/.stmcufinder/plugins/mcufinder/ => /Users/mauricewashington/.stmcufinder/plugins/mcufinder
2025-05-21 11:15:37,187 [INFO] ApiDb:250 - Set database path to: /Users/mauricewashington/.stmcufinder/plugins/mcufinder//mcu/
2025-05-21 11:15:37,187 [WARN] DbFile:41 - Overriding database path with different value: /Users/mauricewashington/.stmcufinder/plugins/mcufinder/ => /Users/mauricewashington/.stmcufinder/plugins/mcufinder
2025-05-21 11:15:37,187 [INFO] DbMcusAds:125 - Set database path to: /Users/mauricewashington/.stmcufinder/plugins/mcufinder//mcu/
2025-05-21 11:15:37,187 [WARN] DbFile:41 - Overriding database path with different value: /Users/mauricewashington/.stmcufinder/plugins/mcufinder/ => /Users/mauricewashington/.stmcufinder/plugins/mcufinder
2025-05-21 11:15:37,187 [WARN] DbFile:41 - Overriding database path with different value: /Users/mauricewashington/.stmcufinder/plugins/mcufinder/ => /Users/mauricewashington/.stmcufinder/plugins/mcufinder
2025-05-21 11:15:37,187 [INFO] CrossReferenceDbSqlite:203 - Set database path to: /Users/mauricewashington/.stmcufinder/plugins/mcufinder//mcu/cs/
2025-05-21 11:15:37,241 [INFO] MainPanel:272 - HeapMemory: 268435456
2025-05-21 11:15:37,662 [INFO] DbMcusXml:78 - Set database path to: /Applications/STM32CubeIDE.app/Contents/Eclipse/plugins/com.st.stm32cube.common.mx_6.14.1.202504091515//db//mcu/
2025-05-21 11:15:37,662 [INFO] ApiDb:274 - Set plugin database path to: /Applications/STM32CubeIDE.app/Contents/Eclipse/plugins/com.st.stm32cube.common.mx_6.14.1.202504091515//db//plugins/boardmanager/
2025-05-21 11:15:37,662 [INFO] ApiDb:261 - Set plugin images path to: /Applications/STM32CubeIDE.app/Contents/Eclipse/plugins/com.st.stm32cube.common.mx_6.14.1.202504091515//db//plugins/mcufinder/images/
2025-05-21 11:15:37,662 [WARN] DbFile:41 - Overriding database path with different value: /Users/mauricewashington/.stmcufinder/plugins/mcufinder/ => /Users/mauricewashington/.stmcufinder/plugins/mcufinder
2025-05-21 11:15:37,662 [INFO] ApiDb:250 - Set database path to: /Users/mauricewashington/.stmcufinder/plugins/mcufinder//mcu/
2025-05-21 11:15:37,662 [WARN] DbFile:41 - Overriding database path with different value: /Users/mauricewashington/.stmcufinder/plugins/mcufinder/ => /Users/mauricewashington/.stmcufinder/plugins/mcufinder
2025-05-21 11:15:37,662 [INFO] DbMcusAds:125 - Set database path to: /Users/mauricewashington/.stmcufinder/plugins/mcufinder//mcu/
2025-05-21 11:15:37,662 [WARN] DbFile:41 - Overriding database path with different value: /Users/mauricewashington/.stmcufinder/plugins/mcufinder/ => /Users/mauricewashington/.stmcufinder/plugins/mcufinder
2025-05-21 11:15:37,662 [WARN] DbFile:41 - Overriding database path with different value: /Users/mauricewashington/.stmcufinder/plugins/mcufinder/ => /Users/mauricewashington/.stmcufinder/plugins/mcufinder
2025-05-21 11:15:37,663 [INFO] CrossReferenceDbSqlite:203 - Set database path to: /Users/mauricewashington/.stmcufinder/plugins/mcufinder//mcu/cs/
2025-05-21 11:15:37,675 [INFO] ApplicationProperties:184 - Using Application install path: /Applications/STM32CubeIDE.app/Contents/Eclipse/plugins/com.st.stm32cube.common.mx_6.14.1.202504091515
2025-05-21 11:15:37,676 [INFO] PluginManage:196 - Search for loadable plugins [exclusion list=, ]
2025-05-21 11:15:37,677 [INFO] PluginManage:310 - Check plugin analytics
2025-05-21 11:15:37,808 [INFO] AnalyticsPlugin:253 - Accepted Software Licenses: 
2025-05-21 11:15:37,808 [INFO] AnalyticsPlugin:255 - Accepted CMSIS Pack Licenses: 
2025-05-21 11:15:37,808 [INFO] AnalyticsPlugin:257 - Accepted Firmware Licenses: 
2025-05-21 11:15:37,815 [INFO] PluginManage:359 - Loaded plugin analytics (category:tool,tabindex:-1)
2025-05-21 11:15:37,816 [INFO] PluginManage:310 - Check plugin cadmodel
2025-05-21 11:15:37,829 [INFO] CADModel:105 - Init CAD model plugin
2025-05-21 11:15:37,829 [INFO] PluginManage:359 - Loaded plugin cadmodel (category:power,tabindex:5)
2025-05-21 11:15:37,830 [INFO] PluginManage:310 - Check plugin clock
2025-05-21 11:15:37,836 [INFO] PluginManage:359 - Loaded plugin clock (category:base,tabindex:2)
2025-05-21 11:15:37,836 [INFO] PluginManage:310 - Check plugin ddr
2025-05-21 11:15:37,837 [INFO] PluginManage:359 - Loaded plugin ddr (category:tool,tabindex:6)
2025-05-21 11:15:37,838 [INFO] PluginManage:310 - Check plugin filemanager
2025-05-21 11:15:37,949 [INFO] PluginManage:359 - Loaded plugin filemanager (category:base,tabindex:10)
2025-05-21 11:15:37,950 [INFO] PluginManage:310 - Check plugin ipmanager
2025-05-21 11:15:37,954 [INFO] PluginManage:359 - Loaded plugin ipmanager (category:base,tabindex:5)
2025-05-21 11:15:37,954 [INFO] PluginManage:310 - Check plugin lpbam
2025-05-21 11:15:37,963 [INFO] PluginManage:359 - Loaded plugin lpbam (category:base,tabindex:0)
2025-05-21 11:15:37,963 [INFO] PluginManage:310 - Check plugin memorymap
2025-05-21 11:15:37,971 [INFO] PluginManage:359 - Loaded plugin memorymap (category:base,tabindex:4)
2025-05-21 11:15:37,971 [INFO] PluginManage:310 - Check plugin pinoutandconfiguration
2025-05-21 11:15:37,977 [INFO] PluginManage:359 - Loaded plugin pinoutandconfiguration (category:base,tabindex:1)
2025-05-21 11:15:37,977 [INFO] PluginManage:310 - Check plugin pinoutconfig
2025-05-21 11:15:38,043 [WARN] SupportedApi:132 - Cannot load RTOS API schema: s4s-elt-must-match.1: The content of 'definitions' must match (annotation?, (simpleType | complexType)?, (unique | key | keyref)*)). A problem was found starting at: attribute.
2025-05-21 11:15:38,145 [INFO] PluginManage:359 - Loaded plugin pinoutconfig (category:base,tabindex:0)
2025-05-21 11:15:38,145 [INFO] PluginManage:310 - Check plugin power
2025-05-21 11:15:38,154 [INFO] PluginManage:359 - Loaded plugin power (category:power,tabindex:4)
2025-05-21 11:15:38,154 [INFO] PluginManage:310 - Check plugin projectmanager
2025-05-21 11:15:38,174 [INFO] PluginManage:359 - Loaded plugin projectmanager (category:projectmanager,tabindex:4)
2025-05-21 11:15:38,174 [INFO] PluginManage:310 - Check plugin rif
2025-05-21 11:15:38,179 [INFO] PluginManage:359 - Loaded plugin rif (category:base,tabindex:3)
2025-05-21 11:15:38,179 [INFO] PluginManage:310 - Check plugin thirdparty
2025-05-21 11:15:38,292 [INFO] PluginManage:359 - Loaded plugin thirdparty (category:base,tabindex:-1)
2025-05-21 11:15:38,292 [INFO] PluginManage:310 - Check plugin tools
2025-05-21 11:15:38,292 [WARN] IntegrityCheckThread:84 - waiting for thirdparty lock release [integrity check]
2025-05-21 11:15:38,293 [INFO] IntegrityCheckThread:86 - entering critical section [integrity check]
2025-05-21 11:15:38,293 [INFO] ThirdPartyUpdaterWithRetryManager:70 - Updater plugin not ready yet. [1/15]
2025-05-21 11:15:38,294 [INFO] PluginManage:359 - Loaded plugin tools (category:base,tabindex:7)
2025-05-21 11:15:38,294 [INFO] PluginManage:310 - Check plugin tutovideos
2025-05-21 11:15:38,409 [INFO] PluginManage:359 - Loaded plugin tutovideos (category:base,tabindex:-1)
2025-05-21 11:15:38,409 [INFO] PluginManage:310 - Check plugin updater
2025-05-21 11:15:38,434 [INFO] PluginManage:359 - Loaded plugin updater (category:base,tabindex:12)
2025-05-21 11:15:38,434 [INFO] PluginManage:310 - Check plugin userauth
2025-05-21 11:15:38,438 [INFO] UserAuth:118 - Init User Auth plugin
2025-05-21 11:15:38,439 [INFO] PluginManage:359 - Loaded plugin userauth (category:base,tabindex:14)
2025-05-21 11:15:38,440 [INFO] PluginManage:283 - PluginManage : Loaded plugins [18]
2025-05-21 11:15:38,603 [INFO] PinOutPanel:1589 - setPackage(No Configuration,No Configuration)
2025-05-21 11:15:38,654 [INFO] CADModel:165 - CPN selected for project level
2025-05-21 11:15:38,655 [INFO] CADModel:114 - Register for checkConnection events
2025-05-21 11:15:38,663 [INFO] IPUIPlugin:80 - create IPUIPlugin
2025-05-21 11:15:38,664 [INFO] PluginManager:220 - loadIPPluginJar : add mdma
2025-05-21 11:15:38,668 [INFO] IPUIPlugin:80 - create IPUIPlugin
2025-05-21 11:15:38,668 [INFO] PluginManager:220 - loadIPPluginJar : add freertos
2025-05-21 11:15:38,670 [INFO] IPUIPlugin:80 - create IPUIPlugin
2025-05-21 11:15:38,670 [INFO] PluginManager:220 - loadIPPluginJar : add gic
2025-05-21 11:15:38,677 [INFO] IPUIPlugin:80 - create IPUIPlugin
2025-05-21 11:15:38,678 [INFO] PluginManager:220 - loadIPPluginJar : add adc
2025-05-21 11:15:38,679 [INFO] IPUIPlugin:80 - create IPUIPlugin
2025-05-21 11:15:38,679 [INFO] PluginManager:220 - loadIPPluginJar : add gtzc
2025-05-21 11:15:38,680 [INFO] IPUIPlugin:80 - create IPUIPlugin
2025-05-21 11:15:38,680 [INFO] PluginManager:220 - loadIPPluginJar : add quadspi
2025-05-21 11:15:38,681 [INFO] IPUIPlugin:80 - create IPUIPlugin
2025-05-21 11:15:38,681 [INFO] PluginManager:220 - loadIPPluginJar : add aes
2025-05-21 11:15:38,682 [INFO] IPUIPlugin:80 - create IPUIPlugin
2025-05-21 11:15:38,682 [INFO] PluginManager:220 - loadIPPluginJar : add pdm2pcm
2025-05-21 11:15:38,683 [INFO] IPUIPlugin:80 - create IPUIPlugin
2025-05-21 11:15:38,683 [INFO] PluginManager:220 - loadIPPluginJar : add hash
2025-05-21 11:15:38,684 [INFO] IPUIPlugin:80 - create IPUIPlugin
2025-05-21 11:15:38,684 [INFO] PluginManager:220 - loadIPPluginJar : add tim
2025-05-21 11:15:38,684 [INFO] IPUIPlugin:80 - create IPUIPlugin
2025-05-21 11:15:38,684 [INFO] PluginManager:220 - loadIPPluginJar : add tsc
2025-05-21 11:15:38,686 [INFO] IPUIPlugin:80 - create IPUIPlugin
2025-05-21 11:15:38,686 [INFO] PluginManager:220 - loadIPPluginJar : add extmemmanager
2025-05-21 11:15:38,688 [INFO] IPUIPlugin:80 - create IPUIPlugin
2025-05-21 11:15:38,688 [INFO] PluginManager:220 - loadIPPluginJar : add ts
2025-05-21 11:15:38,689 [INFO] IPUIPlugin:80 - create IPUIPlugin
2025-05-21 11:15:38,689 [INFO] PluginManager:220 - loadIPPluginJar : add radio
2025-05-21 11:15:38,690 [INFO] IPUIPlugin:80 - create IPUIPlugin
2025-05-21 11:15:38,690 [INFO] PluginManager:220 - loadIPPluginJar : add can
2025-05-21 11:15:38,691 [INFO] IPUIPlugin:80 - create IPUIPlugin
2025-05-21 11:15:38,691 [INFO] PluginManager:220 - loadIPPluginJar : add dma3
2025-05-21 11:15:38,691 [INFO] IPUIPlugin:80 - create IPUIPlugin
2025-05-21 11:15:38,692 [INFO] PluginManager:220 - loadIPPluginJar : add dfsdm
2025-05-21 11:15:38,692 [INFO] IPUIPlugin:80 - create IPUIPlugin
2025-05-21 11:15:38,692 [INFO] PluginManager:220 - loadIPPluginJar : add spi
2025-05-21 11:15:38,693 [INFO] IPUIPlugin:80 - create IPUIPlugin
2025-05-21 11:15:38,694 [INFO] PluginManager:220 - loadIPPluginJar : add gfxmmu
2025-05-21 11:15:38,695 [INFO] IPUIPlugin:80 - create IPUIPlugin
2025-05-21 11:15:38,695 [INFO] PluginManager:220 - loadIPPluginJar : add genericplugin
2025-05-21 11:15:38,696 [INFO] IPUIPlugin:80 - create IPUIPlugin
2025-05-21 11:15:38,696 [INFO] PluginManager:220 - loadIPPluginJar : add cryp
2025-05-21 11:15:38,698 [INFO] IPUIPlugin:80 - create IPUIPlugin
2025-05-21 11:15:38,698 [INFO] PluginManager:220 - loadIPPluginJar : add gpio
2025-05-21 11:15:38,700 [INFO] IPUIPlugin:80 - create IPUIPlugin
2025-05-21 11:15:38,700 [INFO] PluginManager:220 - loadIPPluginJar : add ddr_ctrl_phy
2025-05-21 11:15:38,701 [INFO] IPUIPlugin:80 - create IPUIPlugin
2025-05-21 11:15:38,701 [INFO] PluginManager:220 - loadIPPluginJar : add comp
2025-05-21 11:15:38,703 [INFO] IPUIPlugin:80 - create IPUIPlugin
2025-05-21 11:15:38,703 [INFO] PluginManager:220 - loadIPPluginJar : add tracer_emb
2025-05-21 11:15:38,704 [INFO] IPUIPlugin:80 - create IPUIPlugin
2025-05-21 11:15:38,705 [INFO] PluginManager:220 - loadIPPluginJar : add openamp
2025-05-21 11:15:38,707 [INFO] IPUIPlugin:80 - create IPUIPlugin
2025-05-21 11:15:38,707 [INFO] PluginManager:220 - loadIPPluginJar : add stm32_wpan
2025-05-21 11:15:38,710 [INFO] IPUIPlugin:80 - create IPUIPlugin
2025-05-21 11:15:38,713 [INFO] PluginManager:220 - loadIPPluginJar : add plateformsettings
2025-05-21 11:15:38,715 [INFO] IPUIPlugin:80 - create IPUIPlugin
2025-05-21 11:15:38,715 [INFO] PluginManager:220 - loadIPPluginJar : add ipddr
2025-05-21 11:15:38,716 [INFO] IPUIPlugin:80 - create IPUIPlugin
2025-05-21 11:15:38,717 [INFO] PluginManager:220 - loadIPPluginJar : add usart
2025-05-21 11:15:38,717 [INFO] IPUIPlugin:80 - create IPUIPlugin
2025-05-21 11:15:38,717 [INFO] PluginManager:220 - loadIPPluginJar : add ltdc
2025-05-21 11:15:38,719 [INFO] IPUIPlugin:80 - create IPUIPlugin
2025-05-21 11:15:38,719 [INFO] PluginManager:220 - loadIPPluginJar : add nvic
2025-05-21 11:15:38,719 [INFO] IPUIPlugin:80 - create IPUIPlugin
2025-05-21 11:15:38,720 [INFO] PluginManager:220 - loadIPPluginJar : add fatfs
2025-05-21 11:15:38,723 [INFO] IPUIPlugin:80 - create IPUIPlugin
2025-05-21 11:15:38,724 [INFO] PluginManager:220 - loadIPPluginJar : add linkedlist
2025-05-21 11:15:38,726 [INFO] IPUIPlugin:80 - create IPUIPlugin
2025-05-21 11:15:38,726 [INFO] PluginManager:220 - loadIPPluginJar : add dma
2025-05-21 11:15:38,728 [INFO] IPUIPlugin:80 - create IPUIPlugin
2025-05-21 11:15:38,728 [INFO] PluginManager:220 - loadIPPluginJar : add fmc
2025-05-21 11:15:38,729 [INFO] IPUIPlugin:80 - create IPUIPlugin
2025-05-21 11:15:38,729 [INFO] PluginManager:220 - loadIPPluginJar : add i2s
2025-05-21 11:15:38,729 [INFO] IPUIPlugin:80 - create IPUIPlugin
2025-05-21 11:15:38,729 [INFO] PluginManager:220 - loadIPPluginJar : add ucpd
2025-05-21 11:15:38,730 [INFO] IPUIPlugin:80 - create IPUIPlugin
2025-05-21 11:15:38,730 [INFO] PluginManager:220 - loadIPPluginJar : add lorawan
2025-05-21 11:15:38,731 [INFO] IPUIPlugin:80 - create IPUIPlugin
2025-05-21 11:15:38,731 [INFO] PluginManager:220 - loadIPPluginJar : add opamp
2025-05-21 11:15:38,733 [INFO] IPUIPlugin:80 - create IPUIPlugin
2025-05-21 11:15:38,733 [INFO] PluginManager:220 - loadIPPluginJar : add i3c
2025-05-21 11:15:38,734 [INFO] IPUIPlugin:80 - create IPUIPlugin
2025-05-21 11:15:38,734 [INFO] PluginManager:220 - loadIPPluginJar : add touchsensing
2025-05-21 11:15:38,736 [INFO] IPUIPlugin:80 - create IPUIPlugin
2025-05-21 11:15:38,736 [INFO] PluginManager:220 - loadIPPluginJar : add i2c
2025-05-21 11:15:38,737 [INFO] IPUIPlugin:80 - create IPUIPlugin
2025-05-21 11:15:38,737 [INFO] PluginManager:220 - loadIPPluginJar : add resmgrutility
2025-05-21 11:15:38,738 [INFO] IPUIPlugin:80 - create IPUIPlugin
2025-05-21 11:15:38,738 [INFO] PluginManager:220 - loadIPPluginJar : add sai
2025-05-21 11:15:38,740 [INFO] IPUIPlugin:80 - create IPUIPlugin
2025-05-21 11:15:38,740 [INFO] PluginManager:220 - loadIPPluginJar : add usbx
2025-05-21 11:15:38,837 [FATAL] Updater:351 - Updater called before beeing initialized
2025-05-21 11:15:38,874 [INFO] RulesReader:64 - Compatibility file has been processed (302 Rules)
2025-05-21 11:15:38,893 [INFO] RulesReader:64 - Compatibility file has been processed (302 Rules)
2025-05-21 11:15:38,903 [INFO] CADModel:165 - CPN selected for project level
2025-05-21 11:15:38,903 [INFO] CADModel:114 - Register for checkConnection events
2025-05-21 11:15:38,903 [FATAL] Updater:351 - Updater called before beeing initialized
2025-05-21 11:15:38,903 [ERROR] CADModel:125 - Updater not yet initialized, retry later 
2025-05-21 11:15:39,080 [FATAL] Updater:351 - Updater called before beeing initialized
2025-05-21 11:15:39,081 [INFO] CADModel:165 - CPN selected for project level
2025-05-21 11:15:39,082 [INFO] CADModel:114 - Register for checkConnection events
2025-05-21 11:15:39,082 [FATAL] Updater:351 - Updater called before beeing initialized
2025-05-21 11:15:39,082 [ERROR] CADModel:125 - Updater not yet initialized, retry later 
2025-05-21 11:15:39,084 [FATAL] Updater:351 - Updater called before beeing initialized
2025-05-21 11:15:39,192 [FATAL] Updater:351 - Updater called before beeing initialized
2025-05-21 11:15:39,195 [INFO] DbMcusAds:53 - JSON generation date=Wed May 07 02:07:55 PDT 2025 (1746608875679)
2025-05-21 11:15:39,195 [FATAL] Updater:351 - Updater called before beeing initialized
2025-05-21 11:15:39,637 [WARN] DetailPanel:346 - Failed to get advertising image, set to default
2025-05-21 11:15:39,795 [FATAL] Updater:351 - Updater called before beeing initialized
2025-05-21 11:15:39,799 [FATAL] Updater:351 - Updater called before beeing initialized
2025-05-21 11:15:39,799 [FATAL] Updater:351 - Updater called before beeing initialized
2025-05-21 11:15:39,799 [WARN] DetailPanel:346 - Failed to get advertising image, set to default
2025-05-21 11:15:39,805 [FATAL] Updater:351 - Updater called before beeing initialized
2025-05-21 11:15:39,851 [ERROR] Updater:1198 - MainUpdater not yet initialized. External WinMGr cannot be set.
2025-05-21 11:15:39,881 [INFO] Updater:1134 - Updater Version found : 6.14.1
2025-05-21 11:15:39,893 [INFO] ApplicationProperties:184 - Using Application install path: /Applications/STM32CubeIDE.app/Contents/Eclipse/plugins/com.st.stm32cube.common.mx_6.14.1.202504091515
2025-05-21 11:15:40,484 [INFO] MainUpdater:2872 - connection check result : 10
2025-05-21 11:15:40,484 [INFO] MainUpdater:289 - Updater Check For Update Now.
2025-05-21 11:15:40,485 [INFO] MicroXplorer:498 - Change Database Version : DB.6.0.141
2025-05-21 11:15:40,489 [INFO] McuFinderGlobals:63 - Set McuFinder mode to 2 (CubeIDE integrated)
2025-05-21 11:15:40,489 [INFO] UserAuth:171 - activating auth plugin
2025-05-21 11:15:40,525 [INFO] UserAuth:484 - Internet connection configuration mode: 1
2025-05-21 11:15:40,543 [INFO] JxBrowserEngine:152 - Initiate JxBrowser Engine with user profile folder
2025-05-21 11:15:40,760 [INFO] CheckServerUpdateThread:120 - End of CheckServer Thread
2025-05-21 11:15:41,414 [WARN] PackLoader:240 - Cannot read IP mode file for STMicroelectronics.FP-SNS-MOTENVWB1.1.4.0
2025-05-21 11:15:41,429 [WARN] PackLoader:240 - Cannot read IP mode file for STMicroelectronics.FP-ATR-ASTRA1.2.0.2
2025-05-21 11:15:41,440 [WARN] PackLoader:240 - Cannot read IP mode file for STMicroelectronics.FP-ATR-ASTRA1.2.0.1
2025-05-21 11:15:41,449 [WARN] PackLoader:240 - Cannot read IP mode file for STMicroelectronics.X-CUBE-SMBUS.2.1.0
2025-05-21 11:15:41,460 [WARN] PackLoader:240 - Cannot read IP mode file for STMicroelectronics.X-CUBE-WB05N.1.1.0
2025-05-21 11:15:41,509 [WARN] PackLoader:240 - Cannot read IP mode file for STMicroelectronics.X-CUBE-AZRTOS-F7.1.1.0
2025-05-21 11:15:41,548 [WARN] PackLoader:240 - Cannot read IP mode file for STMicroelectronics.FP-SNS-FLIGHT1.5.0.2
2025-05-21 11:15:41,597 [WARN] PackLoader:240 - Cannot read IP mode file for Infineon.AIROC-Wi-Fi-Bluetooth-STM32.1.7.0
2025-05-21 11:15:41,624 [WARN] PackLoader:240 - Cannot read IP mode file for STMicroelectronics.X-CUBE-DISPLAY.3.0.0
2025-05-21 11:15:41,647 [WARN] PackLoader:240 - Cannot read IP mode file for STMicroelectronics.X-CUBE-BLE1.7.0.0
2025-05-21 11:15:41,668 [WARN] PackLoader:240 - Cannot read IP mode file for STMicroelectronics.X-CUBE-NFC10.1.0.0
2025-05-21 11:15:41,695 [WARN] PackLoader:240 - Cannot read IP mode file for STMicroelectronics.X-CUBE-BLEMGR.4.0.0
2025-05-21 11:15:41,715 [WARN] PackLoader:240 - Cannot read IP mode file for emotas.I-CUBE-CANOPEN.1.3.0
2025-05-21 11:15:41,731 [WARN] PackLoader:240 - Cannot read IP mode file for STMicroelectronics.X-CUBE-AI.10.0.0
2025-05-21 11:15:41,736 [WARN] PackLoader:240 - Cannot read IP mode file for STMicroelectronics.FP-SNS-SMARTAG2.1.2.0
2025-05-21 11:15:41,740 [WARN] PackLoader:240 - Cannot read IP mode file for STMicroelectronics.FP-SNS-FLIGHT1.5.1.0
2025-05-21 11:15:41,860 [WARN] PackLoader:240 - Cannot read IP mode file for STMicroelectronics.X-CUBE-MEMS1.11.1.0
2025-05-21 11:15:41,971 [INFO] LogOutputStream:77 - [STDOUT_REDIRECT] 1 : Invalid condition id : UX_CORESTACK_Condition cause : null
2025-05-21 11:15:41,972 [INFO] LogOutputStream:77 - [STDOUT_REDIRECT] 1 : Invalid condition id : UX_CORESTACK_Condition cause : null
2025-05-21 11:15:41,972 [INFO] LogOutputStream:77 - [STDOUT_REDIRECT] 1 : Invalid condition id : UX_CORESTACK_Condition cause : null
2025-05-21 11:15:41,973 [INFO] LogOutputStream:77 - [STDOUT_REDIRECT] 1 : Invalid condition id : UX_CORESTACK_Condition cause : null
2025-05-21 11:15:41,974 [INFO] LogOutputStream:77 - [STDOUT_REDIRECT] 1 : Invalid condition id : UX_CORESTACK_Condition cause : null
2025-05-21 11:15:41,979 [WARN] PackLoader:240 - Cannot read IP mode file for STMicroelectronics.X-CUBE-AZRTOS-WL.2.0.0
2025-05-21 11:15:41,999 [WARN] PackLoader:240 - Cannot read IP mode file for STMicroelectronics.FP-SNS-MOTENV1.5.0.0
2025-05-21 11:15:42,004 [WARN] PackLoader:240 - Cannot read IP mode file for wolfSSL.I-CUBE-wolfMQTT.1.19.0
2025-05-21 11:15:42,014 [WARN] PackLoader:240 - Cannot read IP mode file for WES.I-CUBE-Cesium.1.3.0
2025-05-21 11:15:42,021 [WARN] PackLoader:240 - Cannot read IP mode file for STMicroelectronics.X-CUBE-BLE2.3.3.0
2025-05-21 11:15:42,026 [WARN] PackLoader:240 - Cannot read IP mode file for STMicroelectronics.X-CUBE-NFC9.1.0.0
2025-05-21 11:15:42,030 [WARN] PackLoader:240 - Cannot read IP mode file for STMicroelectronics.X-CUBE-BLE1.7.1.0
2025-05-21 11:15:42,181 [WARN] PackLoader:240 - Cannot read IP mode file for STMicroelectronics.X-CUBE-MEMS1.11.2.0
2025-05-21 11:15:42,349 [WARN] PackLoader:240 - Cannot read IP mode file for STMicroelectronics.X-CUBE-AZRTOS-G0.1.1.0
2025-05-21 11:15:42,378 [WARN] PackLoader:240 - Cannot read IP mode file for STMicroelectronics.X-CUBE-SAFEA1.1.2.2
2025-05-21 11:15:42,387 [WARN] PackLoader:240 - Cannot read IP mode file for STMicroelectronics.X-CUBE-NFC4.3.0.0
2025-05-21 11:15:42,405 [WARN] PackLoader:240 - Cannot read IP mode file for EmbeddedOffice.I-CUBE-FS-RTOS.1.0.1
2025-05-21 11:15:42,413 [WARN] PackLoader:240 - Cannot read IP mode file for STMicroelectronics.X-CUBE-WB05N.2.0.0
2025-05-21 11:15:42,424 [WARN] PackLoader:240 - Cannot read IP mode file for STMicroelectronics.X-CUBE-TCPP.4.2.0
2025-05-21 11:15:42,428 [WARN] PackLoader:240 - Cannot read IP mode file for RealThread.X-CUBE-RT-Thread_Nano.4.1.1
2025-05-21 11:15:42,431 [WARN] PackLoader:240 - Cannot read IP mode file for STMicroelectronics.FP-ATR-SIGFOX1.3.2.0
2025-05-21 11:15:42,434 [WARN] ConditionMgr:438 - getConditionDescription Invalid condition id : Cortex-A Device cause : null
2025-05-21 11:15:42,516 [WARN] ConditionMgr:1044 - genDependencies : Invalid condition id : Cortex-A Device cause : null
2025-05-21 11:15:42,516 [WARN] ConditionMgr:1044 - genDependencies : Invalid condition id : Cortex-A Device cause : null
2025-05-21 11:15:42,516 [WARN] ConditionMgr:1044 - genDependencies : Invalid condition id : Cortex-A Device cause : null
2025-05-21 11:15:42,530 [WARN] PackLoader:240 - Cannot read IP mode file for STMicroelectronics.X-CUBE-EEPRMA1.5.1.0
2025-05-21 11:15:42,535 [WARN] PackLoader:240 - Cannot read IP mode file for wolfSSL.I-CUBE-wolfSSL.5.7.6
2025-05-21 11:15:42,539 [WARN] PackLoader:240 - Cannot read IP mode file for ITTIA_DB.I-CUBE-ITTIADB.8.9.0
2025-05-21 11:15:42,572 [WARN] PackLoader:240 - Cannot read IP mode file for SEGGER.I-CUBE-embOS.1.3.1
2025-05-21 11:15:42,617 [WARN] PackLoader:240 - Cannot read IP mode file for STMicroelectronics.X-CUBE-ALGOBUILD.1.4.0
2025-05-21 11:15:42,640 [WARN] PackLoader:240 - Cannot read IP mode file for STMicroelectronics.X-CUBE-AZRTOS-F4.1.1.0
2025-05-21 11:15:42,647 [WARN] PackLoader:240 - Cannot read IP mode file for Avnet-IotConnect.X-CUBE-IoTC-DA16k-PMOD.1.0.0
2025-05-21 11:15:42,669 [WARN] PackLoader:240 - Cannot read IP mode file for STMicroelectronics.X-CUBE-ISPU.2.1.0
2025-05-21 11:15:42,689 [WARN] PackLoader:240 - Cannot read IP mode file for STMicroelectronics.X-CUBE-AZRTOS-L5.2.0.0
2025-05-21 11:15:42,700 [WARN] PackLoader:240 - Cannot read IP mode file for STMicroelectronics.X-CUBE-NFC6.3.1.0
2025-05-21 11:15:42,706 [WARN] PackLoader:240 - Cannot read IP mode file for STMicroelectronics.X-CUBE-DPower.1.2.0
2025-05-21 11:15:42,711 [WARN] PackLoader:240 - Cannot read IP mode file for STMicroelectronics.X-CUBE-FREERTOS.1.3.1
2025-05-21 11:15:42,714 [WARN] PackLoader:240 - Cannot read IP mode file for STMicroelectronics.X-CUBE-FREERTOS.1.3.0
2025-05-21 11:15:42,718 [WARN] PackLoader:240 - Cannot read IP mode file for STMicroelectronics.X-CUBE-NFC7.1.0.1
2025-05-21 11:15:42,725 [WARN] PackLoader:240 - Cannot read IP mode file for STMicroelectronics.X-CUBE-DPower.1.3.0
2025-05-21 11:15:42,743 [WARN] ConditionMgr:438 - getConditionDescription Invalid condition id : LAN8742 Phy interface Condition cause : null
2025-05-21 11:15:42,746 [WARN] PackLoader:240 - Cannot read IP mode file for STMicroelectronics.X-CUBE-AZRTOS-L4.2.0.0
2025-05-21 11:15:42,748 [WARN] ConditionMgr:1044 - genDependencies : Invalid condition id : LAN8742 Phy interface Condition cause : null
2025-05-21 11:15:42,748 [WARN] ConditionMgr:1044 - genDependencies : Invalid condition id : LAN8742 Phy interface Condition cause : null
2025-05-21 11:15:42,749 [WARN] ConditionMgr:1044 - genDependencies : Invalid condition id : LAN8742 Phy interface Condition cause : null
2025-05-21 11:15:42,758 [WARN] PackLoader:240 - Cannot read IP mode file for STMicroelectronics.X-CUBE-SFXS2LP1.4.0.0
2025-05-21 11:15:42,778 [WARN] PackLoader:240 - Cannot read IP mode file for STMicroelectronics.X-CUBE-AZRTOS-H7.3.3.0
2025-05-21 11:15:42,792 [WARN] ConditionMgr:438 - getConditionDescription Invalid condition id : UX DEVICE CLASS RTOS Condition cause : null
2025-05-21 11:15:42,793 [WARN] ConditionMgr:438 - getConditionDescription Invalid condition id : UX DEVICE CLASS RTOS Condition cause : null
2025-05-21 11:15:42,795 [WARN] PackLoader:240 - Cannot read IP mode file for STMicroelectronics.X-CUBE-AZRTOS-WB.2.0.0
2025-05-21 11:15:42,796 [WARN] ConditionMgr:1044 - genDependencies : Invalid condition id : UX DEVICE CLASS RTOS Condition cause : null
2025-05-21 11:15:42,796 [WARN] ConditionMgr:1044 - genDependencies : Invalid condition id : UX DEVICE CLASS RTOS Condition cause : null
2025-05-21 11:15:42,796 [WARN] ConditionMgr:1044 - genDependencies : Invalid condition id : UX DEVICE CLASS RTOS Condition cause : null
2025-05-21 11:15:42,797 [WARN] ConditionMgr:1044 - genDependencies : Invalid condition id : UX DEVICE CLASS RTOS Condition cause : null
2025-05-21 11:15:42,797 [WARN] ConditionMgr:1044 - genDependencies : Invalid condition id : UX DEVICE CLASS RTOS Condition cause : null
2025-05-21 11:15:42,801 [WARN] PackLoader:240 - Cannot read IP mode file for STMicroelectronics.X-CUBE-GNSS1.7.0.1
2025-05-21 11:15:42,808 [WARN] PackLoader:240 - Cannot read IP mode file for STMicroelectronics.X-CUBE-TOUCHGFX.4.25.0
2025-05-21 11:15:42,812 [WARN] PackLoader:240 - Cannot read IP mode file for STMicroelectronics.FP-SNS-STBOX1.2.0.0
2025-05-21 11:15:42,824 [WARN] PackLoader:240 - Cannot read IP mode file for STMicroelectronics.X-CUBE-SUBG2.5.0.0
2025-05-21 11:15:42,846 [WARN] PackLoader:240 - Cannot read IP mode file for STMicroelectronics.X-CUBE-AZRTOS-H7RS.1.1.0
2025-05-21 11:15:42,854 [WARN] PackLoader:240 - Cannot read IP mode file for Cesanta.I-CUBE-Mongoose.7.13.0
2025-05-21 11:15:42,871 [WARN] PackLoader:240 - Cannot read IP mode file for STMicroelectronics.X-CUBE-AZRTOS-G4.2.0.0
2025-05-21 11:15:42,879 [WARN] PackLoader:240 - Cannot read IP mode file for STMicroelectronics.X-CUBE-NFC7.2.0.0
2025-05-21 11:15:42,891 [WARN] PackLoader:240 - Cannot read IP mode file for STMicroelectronics.X-CUBE-IPS.3.1.0
2025-05-21 11:15:42,899 [WARN] PackLoader:240 - Cannot read IP mode file for STMicroelectronics.X-CUBE-ALS.1.0.2
2025-05-21 11:15:42,901 [WARN] PackLoader:240 - Cannot read IP mode file for STMicroelectronics.X-CUBE-TOUCHGFX.4.24.2
2025-05-21 11:15:42,902 [WARN] PackLoader:240 - Cannot read IP mode file for wolfSSL.I-CUBE-wolfTPM.3.4.0
2025-05-21 11:15:42,907 [WARN] PackLoader:240 - Cannot read IP mode file for portGmbH.I-Cube-SoM-uGOAL.1.1.0
2025-05-21 11:15:42,922 [WARN] PackLoader:240 - Cannot read IP mode file for STMicroelectronics.X-CUBE-AZRTOS-H7RS.1.0.0
2025-05-21 11:15:42,936 [WARN] PackLoader:240 - Cannot read IP mode file for STMicroelectronics.X-CUBE-TOF1.3.4.2
2025-05-21 11:15:42,954 [WARN] PackLoader:240 - Cannot read IP mode file for STMicroelectronics.X-CUBE-TOF1.3.4.3
2025-05-21 11:15:42,962 [WARN] PackLoader:240 - Cannot read IP mode file for wolfSSL.I-CUBE-wolfSSH.1.4.17
2025-05-21 11:15:42,963 [INFO] ThirdParty:978 - Integrity check success = true
2025-05-21 11:15:42,963 [INFO] IntegrityCheckThread:100 - exiting critical section [integrity check]
2025-05-21 11:15:42,963 [INFO] IntegrityCheckThread:103 - End integrity checks thread
2025-05-21 11:15:45,208 [INFO] WebApp:169 - Instantiating new browser for Auth
2025-05-21 11:15:46,330 [INFO] WebApp:463 - Apply proxy settings
2025-05-21 11:15:46,340 [INFO] WebApp:508 - Chromium authenticates against Manually configured proxy
2025-05-21 11:15:46,352 [INFO] WebApp:516 - Username used for proxy authentication: 
2025-05-21 11:15:46,394 [INFO] WebApp:894 - Register for checkConnection events
2025-05-21 11:15:46,394 [INFO] WebApp:463 - Apply proxy settings
2025-05-21 11:15:46,397 [INFO] WebApp:508 - Chromium authenticates against Manually configured proxy
2025-05-21 11:15:46,397 [INFO] WebApp:516 - Username used for proxy authentication: 
2025-05-21 11:15:46,523 [INFO] WebApp:225 - Starting web application
2025-05-21 11:15:46,523 [INFO] WebApp:593 - Web application path used /Applications/STM32CubeIDE.app/Contents/Eclipse/plugins/com.st.stm32cube.common.mx_6.14.1.202504091515/db/plugins/mcufinder/reactClient1/index.html
2025-05-21 11:15:47,042 [INFO] WebApp:191 - Connection restablished
2025-05-21 11:43:54,599 [INFO] WebApp:194 - Connection lost
2025-05-21 11:43:55,412 [INFO] WebApp:191 - Connection restablished
2025-05-21 12:01:05,793 [INFO] WebApp:194 - Connection lost
2025-05-21 12:01:06,658 [INFO] WebApp:191 - Connection restablished
2025-05-21 13:31:51,788 [INFO] WebApp:194 - Connection lost
2025-05-21 13:31:52,376 [INFO] WebApp:191 - Connection restablished
2025-05-21 13:50:44,271 [INFO] WebApp:194 - Connection lost
2025-05-21 13:50:44,955 [INFO] WebApp:191 - Connection restablished
2025-05-21 13:56:33,801 [INFO] WebApp:194 - Connection lost
2025-05-21 13:56:34,150 [INFO] WebApp:191 - Connection restablished
2025-05-21 14:07:31,018 [INFO] WebApp:194 - Connection lost
2025-05-21 14:07:31,736 [INFO] WebApp:191 - Connection restablished
2025-05-21 14:17:24,633 [INFO] WebApp:194 - Connection lost
2025-05-21 14:17:25,300 [INFO] WebApp:191 - Connection restablished
2025-05-21 15:29:07,221 [INFO] WebApp:194 - Connection lost
2025-05-21 15:29:07,720 [INFO] WebApp:191 - Connection restablished
2025-05-21 16:52:00,234 [INFO] WebApp:194 - Connection lost
2025-05-21 16:52:00,910 [INFO] WebApp:191 - Connection restablished
2025-05-21 17:25:53,157 [INFO] WebApp:194 - Connection lost
2025-05-21 17:25:53,813 [INFO] WebApp:191 - Connection restablished
2025-05-21 18:41:06,521 [INFO] WebApp:194 - Connection lost
2025-05-21 18:41:07,148 [INFO] WebApp:191 - Connection restablished
2025-05-21 19:57:59,313 [INFO] WebApp:194 - Connection lost
2025-05-21 19:57:59,926 [INFO] WebApp:191 - Connection restablished
2025-05-21 20:32:35,793 [ERROR] LogOutputStream:75 - [STDERR_REDIRECT] 
