2025-07-17 16:50:42,653 [INFO] Activator:176 - 


2025-07-17 16:50:42,657 [INFO] Activator:177 - !SESSION log4j initialized
2025-07-17 16:50:46,875 [INFO] LogOutputStream:77 - [STDOUT_REDIRECT] 
2025-07-17 16:50:47,216 [ERROR] LogOutputStream:75 - [STDERR_REDIRECT] 
2025-07-17 16:50:49,024 [INFO] LogOutputStream:77 - [STDOUT_REDIRECT] 
2025-07-17 16:50:50,340 [INFO] ApplicationProperties:184 - Using Application install path: /Applications/STM32CubeIDE.app/Contents/Eclipse/plugins/com.st.stm32cube.common.mx_6.14.1.202504091515
2025-07-17 16:50:50,351 [INFO] DbMcusXml:78 - Set database path to: /Applications/STM32CubeIDE.app/Contents/Eclipse/plugins/com.st.stm32cube.common.mx_6.14.1.202504091515//db//mcu/
2025-07-17 16:50:50,351 [INFO] ApiDb:274 - Set plugin database path to: /Applications/STM32CubeIDE.app/Contents/Eclipse/plugins/com.st.stm32cube.common.mx_6.14.1.202504091515//db//plugins/boardmanager/
2025-07-17 16:50:50,351 [WARN] ApiDb:259 - Overriding images path with different value:  => /Applications/STM32CubeIDE.app/Contents/Eclipse/plugins/com.st.stm32cube.common.mx_6.14.1.202504091515//db//plugins/mcufinder/images/
2025-07-17 16:50:50,357 [INFO] ApiDb:250 - Set database path to: /Users/mauricewashington/.stmcufinder/plugins/mcufinder//mcu/
2025-07-17 16:50:50,358 [INFO] DbMcusAds:125 - Set database path to: /Users/mauricewashington/.stmcufinder/plugins/mcufinder//mcu/
2025-07-17 16:50:50,359 [INFO] CrossReferenceDbSqlite:203 - Set database path to: /Users/mauricewashington/.stmcufinder/plugins/mcufinder//mcu/cs/
2025-07-17 16:50:50,461 [INFO] RulesReader:64 - Compatibility file has been processed (302 Rules)
2025-07-17 16:50:50,520 [INFO] DbMcusXml:78 - Set database path to: /Applications/STM32CubeIDE.app/Contents/Eclipse/plugins/com.st.stm32cube.common.mx_6.14.1.202504091515//db//mcu/
2025-07-17 16:50:50,520 [INFO] ApiDb:274 - Set plugin database path to: /Applications/STM32CubeIDE.app/Contents/Eclipse/plugins/com.st.stm32cube.common.mx_6.14.1.202504091515//db//plugins/boardmanager/
2025-07-17 16:50:50,520 [INFO] ApiDb:261 - Set plugin images path to: /Applications/STM32CubeIDE.app/Contents/Eclipse/plugins/com.st.stm32cube.common.mx_6.14.1.202504091515//db//plugins/mcufinder/images/
2025-07-17 16:50:50,521 [WARN] DbFile:41 - Overriding database path with different value: /Users/mauricewashington/.stmcufinder/plugins/mcufinder/ => /Users/mauricewashington/.stmcufinder/plugins/mcufinder
2025-07-17 16:50:50,521 [INFO] ApiDb:250 - Set database path to: /Users/mauricewashington/.stmcufinder/plugins/mcufinder//mcu/
2025-07-17 16:50:50,521 [WARN] DbFile:41 - Overriding database path with different value: /Users/mauricewashington/.stmcufinder/plugins/mcufinder/ => /Users/mauricewashington/.stmcufinder/plugins/mcufinder
2025-07-17 16:50:50,521 [INFO] DbMcusAds:125 - Set database path to: /Users/mauricewashington/.stmcufinder/plugins/mcufinder//mcu/
2025-07-17 16:50:50,521 [WARN] DbFile:41 - Overriding database path with different value: /Users/mauricewashington/.stmcufinder/plugins/mcufinder/ => /Users/mauricewashington/.stmcufinder/plugins/mcufinder
2025-07-17 16:50:50,521 [WARN] DbFile:41 - Overriding database path with different value: /Users/mauricewashington/.stmcufinder/plugins/mcufinder/ => /Users/mauricewashington/.stmcufinder/plugins/mcufinder
2025-07-17 16:50:50,521 [INFO] CrossReferenceDbSqlite:203 - Set database path to: /Users/mauricewashington/.stmcufinder/plugins/mcufinder//mcu/cs/
2025-07-17 16:50:50,572 [INFO] MainPanel:272 - HeapMemory: 268435456
2025-07-17 16:50:50,805 [INFO] DbMcusXml:78 - Set database path to: /Applications/STM32CubeIDE.app/Contents/Eclipse/plugins/com.st.stm32cube.common.mx_6.14.1.202504091515//db//mcu/
2025-07-17 16:50:50,805 [INFO] ApiDb:274 - Set plugin database path to: /Applications/STM32CubeIDE.app/Contents/Eclipse/plugins/com.st.stm32cube.common.mx_6.14.1.202504091515//db//plugins/boardmanager/
2025-07-17 16:50:50,805 [INFO] ApiDb:261 - Set plugin images path to: /Applications/STM32CubeIDE.app/Contents/Eclipse/plugins/com.st.stm32cube.common.mx_6.14.1.202504091515//db//plugins/mcufinder/images/
2025-07-17 16:50:50,806 [WARN] DbFile:41 - Overriding database path with different value: /Users/mauricewashington/.stmcufinder/plugins/mcufinder/ => /Users/mauricewashington/.stmcufinder/plugins/mcufinder
2025-07-17 16:50:50,806 [INFO] ApiDb:250 - Set database path to: /Users/mauricewashington/.stmcufinder/plugins/mcufinder//mcu/
2025-07-17 16:50:50,806 [WARN] DbFile:41 - Overriding database path with different value: /Users/mauricewashington/.stmcufinder/plugins/mcufinder/ => /Users/mauricewashington/.stmcufinder/plugins/mcufinder
2025-07-17 16:50:50,806 [INFO] DbMcusAds:125 - Set database path to: /Users/mauricewashington/.stmcufinder/plugins/mcufinder//mcu/
2025-07-17 16:50:50,806 [WARN] DbFile:41 - Overriding database path with different value: /Users/mauricewashington/.stmcufinder/plugins/mcufinder/ => /Users/mauricewashington/.stmcufinder/plugins/mcufinder
2025-07-17 16:50:50,806 [WARN] DbFile:41 - Overriding database path with different value: /Users/mauricewashington/.stmcufinder/plugins/mcufinder/ => /Users/mauricewashington/.stmcufinder/plugins/mcufinder
2025-07-17 16:50:50,806 [INFO] CrossReferenceDbSqlite:203 - Set database path to: /Users/mauricewashington/.stmcufinder/plugins/mcufinder//mcu/cs/
2025-07-17 16:50:50,819 [INFO] ApplicationProperties:184 - Using Application install path: /Applications/STM32CubeIDE.app/Contents/Eclipse/plugins/com.st.stm32cube.common.mx_6.14.1.202504091515
2025-07-17 16:50:50,820 [INFO] PluginManage:196 - Search for loadable plugins [exclusion list=, ]
2025-07-17 16:50:50,822 [INFO] PluginManage:310 - Check plugin analytics
2025-07-17 16:50:50,958 [INFO] AnalyticsPlugin:253 - Accepted Software Licenses: 
2025-07-17 16:50:50,958 [INFO] AnalyticsPlugin:255 - Accepted CMSIS Pack Licenses: 
2025-07-17 16:50:50,959 [INFO] AnalyticsPlugin:257 - Accepted Firmware Licenses: 
2025-07-17 16:50:50,971 [INFO] PluginManage:359 - Loaded plugin analytics (category:tool,tabindex:-1)
2025-07-17 16:50:50,972 [INFO] PluginManage:310 - Check plugin cadmodel
2025-07-17 16:50:50,983 [INFO] CADModel:105 - Init CAD model plugin
2025-07-17 16:50:50,984 [INFO] PluginManage:359 - Loaded plugin cadmodel (category:power,tabindex:5)
2025-07-17 16:50:50,984 [INFO] PluginManage:310 - Check plugin clock
2025-07-17 16:50:50,991 [INFO] PluginManage:359 - Loaded plugin clock (category:base,tabindex:2)
2025-07-17 16:50:50,991 [INFO] PluginManage:310 - Check plugin ddr
2025-07-17 16:50:50,993 [INFO] PluginManage:359 - Loaded plugin ddr (category:tool,tabindex:6)
2025-07-17 16:50:50,993 [INFO] PluginManage:310 - Check plugin filemanager
2025-07-17 16:50:51,114 [INFO] PluginManage:359 - Loaded plugin filemanager (category:base,tabindex:10)
2025-07-17 16:50:51,114 [INFO] PluginManage:310 - Check plugin ipmanager
2025-07-17 16:50:51,120 [INFO] PluginManage:359 - Loaded plugin ipmanager (category:base,tabindex:5)
2025-07-17 16:50:51,120 [INFO] PluginManage:310 - Check plugin lpbam
2025-07-17 16:50:51,126 [INFO] PluginManage:359 - Loaded plugin lpbam (category:base,tabindex:0)
2025-07-17 16:50:51,127 [INFO] PluginManage:310 - Check plugin memorymap
2025-07-17 16:50:51,133 [INFO] PluginManage:359 - Loaded plugin memorymap (category:base,tabindex:4)
2025-07-17 16:50:51,133 [INFO] PluginManage:310 - Check plugin pinoutandconfiguration
2025-07-17 16:50:51,139 [INFO] PluginManage:359 - Loaded plugin pinoutandconfiguration (category:base,tabindex:1)
2025-07-17 16:50:51,139 [INFO] PluginManage:310 - Check plugin pinoutconfig
2025-07-17 16:50:51,197 [WARN] SupportedApi:132 - Cannot load RTOS API schema: s4s-elt-must-match.1: The content of 'definitions' must match (annotation?, (simpleType | complexType)?, (unique | key | keyref)*)). A problem was found starting at: attribute.
2025-07-17 16:50:51,310 [INFO] PluginManage:359 - Loaded plugin pinoutconfig (category:base,tabindex:0)
2025-07-17 16:50:51,310 [INFO] PluginManage:310 - Check plugin power
2025-07-17 16:50:51,318 [INFO] PluginManage:359 - Loaded plugin power (category:power,tabindex:4)
2025-07-17 16:50:51,318 [INFO] PluginManage:310 - Check plugin projectmanager
2025-07-17 16:50:51,339 [INFO] PluginManage:359 - Loaded plugin projectmanager (category:projectmanager,tabindex:4)
2025-07-17 16:50:51,339 [INFO] PluginManage:310 - Check plugin rif
2025-07-17 16:50:51,345 [INFO] PluginManage:359 - Loaded plugin rif (category:base,tabindex:3)
2025-07-17 16:50:51,345 [INFO] PluginManage:310 - Check plugin thirdparty
2025-07-17 16:50:51,467 [INFO] PluginManage:359 - Loaded plugin thirdparty (category:base,tabindex:-1)
2025-07-17 16:50:51,467 [INFO] PluginManage:310 - Check plugin tools
2025-07-17 16:50:51,467 [WARN] IntegrityCheckThread:84 - waiting for thirdparty lock release [integrity check]
2025-07-17 16:50:51,468 [INFO] IntegrityCheckThread:86 - entering critical section [integrity check]
2025-07-17 16:50:51,468 [INFO] ThirdPartyUpdaterWithRetryManager:70 - Updater plugin not ready yet. [1/15]
2025-07-17 16:50:51,469 [INFO] PluginManage:359 - Loaded plugin tools (category:base,tabindex:7)
2025-07-17 16:50:51,469 [INFO] PluginManage:310 - Check plugin tutovideos
2025-07-17 16:50:51,595 [INFO] PluginManage:359 - Loaded plugin tutovideos (category:base,tabindex:-1)
2025-07-17 16:50:51,595 [INFO] PluginManage:310 - Check plugin updater
2025-07-17 16:50:51,616 [INFO] PluginManage:359 - Loaded plugin updater (category:base,tabindex:12)
2025-07-17 16:50:51,616 [INFO] PluginManage:310 - Check plugin userauth
2025-07-17 16:50:51,621 [INFO] UserAuth:118 - Init User Auth plugin
2025-07-17 16:50:51,621 [INFO] PluginManage:359 - Loaded plugin userauth (category:base,tabindex:14)
2025-07-17 16:50:51,622 [INFO] PluginManage:283 - PluginManage : Loaded plugins [18]
2025-07-17 16:50:51,793 [INFO] PinOutPanel:1589 - setPackage(No Configuration,No Configuration)
2025-07-17 16:50:51,852 [INFO] CADModel:165 - CPN selected for project level
2025-07-17 16:50:51,853 [INFO] CADModel:114 - Register for checkConnection events
2025-07-17 16:50:51,862 [INFO] IPUIPlugin:80 - create IPUIPlugin
2025-07-17 16:50:51,863 [INFO] PluginManager:220 - loadIPPluginJar : add mdma
2025-07-17 16:50:51,867 [INFO] IPUIPlugin:80 - create IPUIPlugin
2025-07-17 16:50:51,867 [INFO] PluginManager:220 - loadIPPluginJar : add freertos
2025-07-17 16:50:51,870 [INFO] IPUIPlugin:80 - create IPUIPlugin
2025-07-17 16:50:51,870 [INFO] PluginManager:220 - loadIPPluginJar : add gic
2025-07-17 16:50:51,877 [INFO] IPUIPlugin:80 - create IPUIPlugin
2025-07-17 16:50:51,877 [INFO] PluginManager:220 - loadIPPluginJar : add adc
2025-07-17 16:50:51,878 [INFO] IPUIPlugin:80 - create IPUIPlugin
2025-07-17 16:50:51,878 [INFO] PluginManager:220 - loadIPPluginJar : add gtzc
2025-07-17 16:50:51,879 [INFO] IPUIPlugin:80 - create IPUIPlugin
2025-07-17 16:50:51,879 [INFO] PluginManager:220 - loadIPPluginJar : add quadspi
2025-07-17 16:50:51,880 [INFO] IPUIPlugin:80 - create IPUIPlugin
2025-07-17 16:50:51,880 [INFO] PluginManager:220 - loadIPPluginJar : add aes
2025-07-17 16:50:51,881 [INFO] IPUIPlugin:80 - create IPUIPlugin
2025-07-17 16:50:51,882 [INFO] PluginManager:220 - loadIPPluginJar : add pdm2pcm
2025-07-17 16:50:51,882 [INFO] IPUIPlugin:80 - create IPUIPlugin
2025-07-17 16:50:51,883 [INFO] PluginManager:220 - loadIPPluginJar : add hash
2025-07-17 16:50:51,883 [INFO] IPUIPlugin:80 - create IPUIPlugin
2025-07-17 16:50:51,884 [INFO] PluginManager:220 - loadIPPluginJar : add tim
2025-07-17 16:50:51,884 [INFO] IPUIPlugin:80 - create IPUIPlugin
2025-07-17 16:50:51,884 [INFO] PluginManager:220 - loadIPPluginJar : add tsc
2025-07-17 16:50:51,886 [INFO] IPUIPlugin:80 - create IPUIPlugin
2025-07-17 16:50:51,886 [INFO] PluginManager:220 - loadIPPluginJar : add extmemmanager
2025-07-17 16:50:51,888 [INFO] IPUIPlugin:80 - create IPUIPlugin
2025-07-17 16:50:51,888 [INFO] PluginManager:220 - loadIPPluginJar : add ts
2025-07-17 16:50:51,889 [INFO] IPUIPlugin:80 - create IPUIPlugin
2025-07-17 16:50:51,889 [INFO] PluginManager:220 - loadIPPluginJar : add radio
2025-07-17 16:50:51,890 [INFO] IPUIPlugin:80 - create IPUIPlugin
2025-07-17 16:50:51,890 [INFO] PluginManager:220 - loadIPPluginJar : add can
2025-07-17 16:50:51,891 [INFO] IPUIPlugin:80 - create IPUIPlugin
2025-07-17 16:50:51,891 [INFO] PluginManager:220 - loadIPPluginJar : add dma3
2025-07-17 16:50:51,892 [INFO] IPUIPlugin:80 - create IPUIPlugin
2025-07-17 16:50:51,892 [INFO] PluginManager:220 - loadIPPluginJar : add dfsdm
2025-07-17 16:50:51,892 [INFO] IPUIPlugin:80 - create IPUIPlugin
2025-07-17 16:50:51,893 [INFO] PluginManager:220 - loadIPPluginJar : add spi
2025-07-17 16:50:51,893 [INFO] IPUIPlugin:80 - create IPUIPlugin
2025-07-17 16:50:51,893 [INFO] PluginManager:220 - loadIPPluginJar : add gfxmmu
2025-07-17 16:50:51,895 [INFO] IPUIPlugin:80 - create IPUIPlugin
2025-07-17 16:50:51,895 [INFO] PluginManager:220 - loadIPPluginJar : add genericplugin
2025-07-17 16:50:51,896 [INFO] IPUIPlugin:80 - create IPUIPlugin
2025-07-17 16:50:51,896 [INFO] PluginManager:220 - loadIPPluginJar : add cryp
2025-07-17 16:50:51,898 [INFO] IPUIPlugin:80 - create IPUIPlugin
2025-07-17 16:50:51,898 [INFO] PluginManager:220 - loadIPPluginJar : add gpio
2025-07-17 16:50:51,900 [INFO] IPUIPlugin:80 - create IPUIPlugin
2025-07-17 16:50:51,900 [INFO] PluginManager:220 - loadIPPluginJar : add ddr_ctrl_phy
2025-07-17 16:50:51,901 [INFO] IPUIPlugin:80 - create IPUIPlugin
2025-07-17 16:50:51,901 [INFO] PluginManager:220 - loadIPPluginJar : add comp
2025-07-17 16:50:51,903 [INFO] IPUIPlugin:80 - create IPUIPlugin
2025-07-17 16:50:51,904 [INFO] PluginManager:220 - loadIPPluginJar : add tracer_emb
2025-07-17 16:50:51,905 [INFO] IPUIPlugin:80 - create IPUIPlugin
2025-07-17 16:50:51,905 [INFO] PluginManager:220 - loadIPPluginJar : add openamp
2025-07-17 16:50:51,908 [INFO] IPUIPlugin:80 - create IPUIPlugin
2025-07-17 16:50:51,909 [INFO] PluginManager:220 - loadIPPluginJar : add stm32_wpan
2025-07-17 16:50:51,913 [INFO] IPUIPlugin:80 - create IPUIPlugin
2025-07-17 16:50:51,915 [INFO] PluginManager:220 - loadIPPluginJar : add plateformsettings
2025-07-17 16:50:51,917 [INFO] IPUIPlugin:80 - create IPUIPlugin
2025-07-17 16:50:51,917 [INFO] PluginManager:220 - loadIPPluginJar : add ipddr
2025-07-17 16:50:51,918 [INFO] IPUIPlugin:80 - create IPUIPlugin
2025-07-17 16:50:51,918 [INFO] PluginManager:220 - loadIPPluginJar : add usart
2025-07-17 16:50:51,919 [INFO] IPUIPlugin:80 - create IPUIPlugin
2025-07-17 16:50:51,919 [INFO] PluginManager:220 - loadIPPluginJar : add ltdc
2025-07-17 16:50:51,920 [INFO] IPUIPlugin:80 - create IPUIPlugin
2025-07-17 16:50:51,920 [INFO] PluginManager:220 - loadIPPluginJar : add nvic
2025-07-17 16:50:51,921 [INFO] IPUIPlugin:80 - create IPUIPlugin
2025-07-17 16:50:51,921 [INFO] PluginManager:220 - loadIPPluginJar : add fatfs
2025-07-17 16:50:51,925 [INFO] IPUIPlugin:80 - create IPUIPlugin
2025-07-17 16:50:51,926 [INFO] PluginManager:220 - loadIPPluginJar : add linkedlist
2025-07-17 16:50:51,929 [INFO] IPUIPlugin:80 - create IPUIPlugin
2025-07-17 16:50:51,929 [INFO] PluginManager:220 - loadIPPluginJar : add dma
2025-07-17 16:50:51,931 [INFO] IPUIPlugin:80 - create IPUIPlugin
2025-07-17 16:50:51,931 [INFO] PluginManager:220 - loadIPPluginJar : add fmc
2025-07-17 16:50:51,932 [INFO] IPUIPlugin:80 - create IPUIPlugin
2025-07-17 16:50:51,932 [INFO] PluginManager:220 - loadIPPluginJar : add i2s
2025-07-17 16:50:51,932 [INFO] IPUIPlugin:80 - create IPUIPlugin
2025-07-17 16:50:51,932 [INFO] PluginManager:220 - loadIPPluginJar : add ucpd
2025-07-17 16:50:51,933 [INFO] IPUIPlugin:80 - create IPUIPlugin
2025-07-17 16:50:51,933 [INFO] PluginManager:220 - loadIPPluginJar : add lorawan
2025-07-17 16:50:51,934 [INFO] IPUIPlugin:80 - create IPUIPlugin
2025-07-17 16:50:51,935 [INFO] PluginManager:220 - loadIPPluginJar : add opamp
2025-07-17 16:50:51,936 [INFO] IPUIPlugin:80 - create IPUIPlugin
2025-07-17 16:50:51,936 [INFO] PluginManager:220 - loadIPPluginJar : add i3c
2025-07-17 16:50:51,937 [INFO] IPUIPlugin:80 - create IPUIPlugin
2025-07-17 16:50:51,938 [INFO] PluginManager:220 - loadIPPluginJar : add touchsensing
2025-07-17 16:50:51,939 [INFO] IPUIPlugin:80 - create IPUIPlugin
2025-07-17 16:50:51,939 [INFO] PluginManager:220 - loadIPPluginJar : add i2c
2025-07-17 16:50:51,941 [INFO] IPUIPlugin:80 - create IPUIPlugin
2025-07-17 16:50:51,941 [INFO] PluginManager:220 - loadIPPluginJar : add resmgrutility
2025-07-17 16:50:51,942 [INFO] IPUIPlugin:80 - create IPUIPlugin
2025-07-17 16:50:51,942 [INFO] PluginManager:220 - loadIPPluginJar : add sai
2025-07-17 16:50:51,943 [INFO] IPUIPlugin:80 - create IPUIPlugin
2025-07-17 16:50:51,943 [INFO] PluginManager:220 - loadIPPluginJar : add usbx
2025-07-17 16:50:52,046 [FATAL] Updater:351 - Updater called before beeing initialized
2025-07-17 16:50:52,080 [INFO] RulesReader:64 - Compatibility file has been processed (302 Rules)
2025-07-17 16:50:52,088 [INFO] RulesReader:64 - Compatibility file has been processed (302 Rules)
2025-07-17 16:50:52,097 [INFO] CADModel:165 - CPN selected for project level
2025-07-17 16:50:52,097 [INFO] CADModel:114 - Register for checkConnection events
2025-07-17 16:50:52,097 [FATAL] Updater:351 - Updater called before beeing initialized
2025-07-17 16:50:52,097 [ERROR] CADModel:125 - Updater not yet initialized, retry later 
2025-07-17 16:50:52,277 [FATAL] Updater:351 - Updater called before beeing initialized
2025-07-17 16:50:52,278 [INFO] CADModel:165 - CPN selected for project level
2025-07-17 16:50:52,278 [INFO] CADModel:114 - Register for checkConnection events
2025-07-17 16:50:52,279 [FATAL] Updater:351 - Updater called before beeing initialized
2025-07-17 16:50:52,279 [ERROR] CADModel:125 - Updater not yet initialized, retry later 
2025-07-17 16:50:52,281 [FATAL] Updater:351 - Updater called before beeing initialized
2025-07-17 16:50:52,389 [FATAL] Updater:351 - Updater called before beeing initialized
2025-07-17 16:50:52,392 [INFO] DbMcusAds:53 - JSON generation date=Wed May 07 02:07:55 PDT 2025 (1746608875484)
2025-07-17 16:50:52,392 [FATAL] Updater:351 - Updater called before beeing initialized
2025-07-17 16:50:52,817 [WARN] DetailPanel:346 - Failed to get advertising image, set to default
2025-07-17 16:50:52,982 [FATAL] Updater:351 - Updater called before beeing initialized
2025-07-17 16:50:52,986 [FATAL] Updater:351 - Updater called before beeing initialized
2025-07-17 16:50:52,986 [FATAL] Updater:351 - Updater called before beeing initialized
2025-07-17 16:50:52,986 [WARN] DetailPanel:346 - Failed to get advertising image, set to default
2025-07-17 16:50:52,990 [FATAL] Updater:351 - Updater called before beeing initialized
2025-07-17 16:50:53,046 [ERROR] Updater:1198 - MainUpdater not yet initialized. External WinMGr cannot be set.
2025-07-17 16:50:53,076 [INFO] Updater:1134 - Updater Version found : 6.14.1
2025-07-17 16:50:53,089 [INFO] ApplicationProperties:184 - Using Application install path: /Applications/STM32CubeIDE.app/Contents/Eclipse/plugins/com.st.stm32cube.common.mx_6.14.1.202504091515
2025-07-17 16:50:53,420 [INFO] MainUpdater:2872 - connection check result : 10
2025-07-17 16:50:53,421 [INFO] MainUpdater:3566 - Updater definition file requires update
2025-07-17 16:50:53,421 [INFO] MainUpdater:289 - Updater Check For Update Now.
2025-07-17 16:50:53,421 [INFO] MicroXplorer:498 - Change Database Version : DB.6.0.141
2025-07-17 16:50:53,426 [INFO] McuFinderGlobals:63 - Set McuFinder mode to 2 (CubeIDE integrated)
2025-07-17 16:50:53,428 [INFO] UserAuth:484 - Internet connection configuration mode: 1
2025-07-17 16:50:53,440 [INFO] JxBrowserEngine:152 - Initiate JxBrowser Engine with user profile folder
2025-07-17 16:50:53,543 [INFO] ServerAccessManage:473 - Download File updaters.zip
2025-07-17 16:50:53,665 [INFO] FileExtend:242 - Unzip File : updaters.zip
2025-07-17 16:50:53,665 [INFO] FileExtend:257 - Standard Zip Deflate
2025-07-17 16:50:54,056 [INFO] ServerAccessManage:473 - Download File PacksControlFlags.xml
2025-07-17 16:50:54,161 [INFO] ServerAccessManage:473 - Download File cubemx.pidx
2025-07-17 16:50:54,476 [WARN] MainUpdater:1193 - Updater busy. Cannot search thirdparties
2025-07-17 16:50:54,477 [INFO] ThirdPartyUpdaterWithRetryManager:96 - Updater plugin is busy. [1/15]
2025-07-17 16:50:54,802 [INFO] ServerAccessManage:473 - Download File STMicroelectronics.X-CUBE-BLEMGR.pdsc
2025-07-17 16:50:55,372 [ERROR] ServerAccessManage:1089 - Problem, file not found on Server
2025-07-17 16:50:55,944 [INFO] ServerAccessManage:473 - Download File STMicroelectronics.X-CUBE-EEPRMA1.pdsc
2025-07-17 16:50:56,530 [ERROR] ServerAccessManage:1089 - Problem, file not found on Server
2025-07-17 16:50:56,865 [ERROR] ServerAccessManage:1089 - Problem, file not found on Server
2025-07-17 16:50:57,251 [INFO] ServerAccessManage:473 - Download File STMicroelectronics.X-CUBE-NFC12.pdsc
2025-07-17 16:50:57,480 [WARN] MainUpdater:1193 - Updater busy. Cannot search thirdparties
2025-07-17 16:50:57,480 [INFO] ThirdPartyUpdaterWithRetryManager:96 - Updater plugin is busy. [2/15]
2025-07-17 16:50:57,845 [WARN] PackLoader:240 - Cannot read IP mode file for STMicroelectronics.X-CUBE-BLEMGR.4.1.0
2025-07-17 16:50:57,903 [WARN] PackLoader:240 - Cannot read IP mode file for STMicroelectronics.X-CUBE-EEPRMA1.5.2.0
2025-07-17 16:50:57,931 [WARN] PackLoader:240 - Cannot read IP mode file for STMicroelectronics.X-CUBE-NFC12.1.0.0
2025-07-17 16:50:57,944 [INFO] PopulateThirdPartyThread:66 - Ending populate Thread
2025-07-17 16:50:57,949 [INFO] ThirdParty:1030 - CMSIS Pack Vendor :STMicroelectronics X-CUBE-BLEMGR 4.1.0
2025-07-17 16:50:57,950 [INFO] ThirdParty:1030 - CMSIS Pack Vendor :STMicroelectronics X-CUBE-EEPRMA1 5.2.0
2025-07-17 16:50:57,950 [INFO] ThirdParty:1030 - CMSIS Pack Vendor :STMicroelectronics X-CUBE-NFC12 1.0.0
2025-07-17 16:50:57,950 [INFO] LoadServerUpdatesThread:375 - End of LoadServerUpdate Thread
2025-07-17 16:50:57,995 [INFO] CheckServerUpdateThread:120 - End of CheckServer Thread
2025-07-17 16:50:58,249 [INFO] WebApp:169 - Instantiating new browser for Auth
2025-07-17 16:50:59,460 [INFO] WebApp:463 - Apply proxy settings
2025-07-17 16:50:59,468 [INFO] WebApp:508 - Chromium authenticates against Manually configured proxy
2025-07-17 16:50:59,482 [INFO] WebApp:516 - Username used for proxy authentication: 
2025-07-17 16:50:59,520 [INFO] WebApp:894 - Register for checkConnection events
2025-07-17 16:50:59,520 [INFO] WebApp:463 - Apply proxy settings
2025-07-17 16:50:59,523 [INFO] WebApp:508 - Chromium authenticates against Manually configured proxy
2025-07-17 16:50:59,523 [INFO] WebApp:516 - Username used for proxy authentication: 
2025-07-17 16:50:59,644 [INFO] WebApp:225 - Starting web application
2025-07-17 16:50:59,644 [INFO] WebApp:593 - Web application path used /Applications/STM32CubeIDE.app/Contents/Eclipse/plugins/com.st.stm32cube.common.mx_6.14.1.202504091515/db/plugins/mcufinder/reactClient1/index.html
2025-07-17 16:51:00,110 [INFO] WebApp:191 - Connection restablished
2025-07-17 16:51:00,275 [INFO] UserAuth:484 - Internet connection configuration mode: 1
2025-07-17 16:51:00,595 [WARN] PackLoader:240 - Cannot read IP mode file for STMicroelectronics.FP-SNS-MOTENVWB1.1.4.0
2025-07-17 16:51:00,607 [WARN] PackLoader:240 - Cannot read IP mode file for STMicroelectronics.FP-ATR-ASTRA1.2.0.2
2025-07-17 16:51:00,611 [WARN] PackLoader:240 - Cannot read IP mode file for STMicroelectronics.FP-ATR-ASTRA1.2.0.1
2025-07-17 16:51:00,615 [WARN] PackLoader:240 - Cannot read IP mode file for STMicroelectronics.X-CUBE-SMBUS.2.1.0
2025-07-17 16:51:00,621 [WARN] PackLoader:240 - Cannot read IP mode file for STMicroelectronics.X-CUBE-WB05N.1.1.0
2025-07-17 16:51:00,644 [WARN] PackLoader:240 - Cannot read IP mode file for STMicroelectronics.X-CUBE-ST60.1.0.0
2025-07-17 16:51:00,693 [WARN] PackLoader:240 - Cannot read IP mode file for STMicroelectronics.X-CUBE-AZRTOS-F7.1.1.0
2025-07-17 16:51:00,720 [WARN] PackLoader:240 - Cannot read IP mode file for STMicroelectronics.FP-SNS-FLIGHT1.5.0.2
2025-07-17 16:51:00,766 [WARN] PackLoader:240 - Cannot read IP mode file for Infineon.AIROC-Wi-Fi-Bluetooth-STM32.1.7.0
2025-07-17 16:51:00,816 [WARN] PackLoader:240 - Cannot read IP mode file for STMicroelectronics.X-CUBE-AZRTOS-H7.3.4.0
2025-07-17 16:51:00,843 [WARN] PackLoader:240 - Cannot read IP mode file for STMicroelectronics.X-CUBE-DISPLAY.3.0.0
2025-07-17 16:51:00,857 [WARN] PackLoader:240 - Cannot read IP mode file for STMicroelectronics.X-CUBE-BLE1.7.0.0
2025-07-17 16:51:00,871 [WARN] PackLoader:240 - Cannot read IP mode file for STMicroelectronics.X-CUBE-NFC10.1.0.0
2025-07-17 16:51:00,886 [WARN] PackLoader:240 - Cannot read IP mode file for STMicroelectronics.X-CUBE-BLEMGR.4.0.0
2025-07-17 16:51:00,898 [WARN] PackLoader:240 - Cannot read IP mode file for emotas.I-CUBE-CANOPEN.1.3.0
2025-07-17 16:51:00,902 [WARN] PackLoader:240 - Cannot read IP mode file for STMicroelectronics.X-CUBE-AI.10.0.0
2025-07-17 16:51:00,908 [WARN] PackLoader:240 - Cannot read IP mode file for STMicroelectronics.FP-SNS-SMARTAG2.1.2.0
2025-07-17 16:51:00,915 [WARN] PackLoader:240 - Cannot read IP mode file for STMicroelectronics.FP-SNS-FLIGHT1.5.1.0
2025-07-17 16:51:00,974 [WARN] PackLoader:240 - Cannot read IP mode file for STMicroelectronics.X-CUBE-MEMS1.11.1.0
2025-07-17 16:51:01,068 [INFO] LogOutputStream:77 - [STDOUT_REDIRECT] 1 : Invalid condition id : UX_CORESTACK_Condition cause : null
2025-07-17 16:51:01,069 [INFO] LogOutputStream:77 - [STDOUT_REDIRECT] 1 : Invalid condition id : UX_CORESTACK_Condition cause : null
2025-07-17 16:51:01,069 [INFO] LogOutputStream:77 - [STDOUT_REDIRECT] 1 : Invalid condition id : UX_CORESTACK_Condition cause : null
2025-07-17 16:51:01,070 [INFO] LogOutputStream:77 - [STDOUT_REDIRECT] 1 : Invalid condition id : UX_CORESTACK_Condition cause : null
2025-07-17 16:51:01,070 [INFO] LogOutputStream:77 - [STDOUT_REDIRECT] 1 : Invalid condition id : UX_CORESTACK_Condition cause : null
2025-07-17 16:51:01,074 [WARN] PackLoader:240 - Cannot read IP mode file for STMicroelectronics.X-CUBE-AZRTOS-WL.2.0.0
2025-07-17 16:51:01,087 [WARN] PackLoader:240 - Cannot read IP mode file for STMicroelectronics.FP-SNS-MOTENV1.5.0.0
2025-07-17 16:51:01,091 [WARN] PackLoader:240 - Cannot read IP mode file for wolfSSL.I-CUBE-wolfMQTT.1.19.0
2025-07-17 16:51:01,095 [WARN] PackLoader:240 - Cannot read IP mode file for WES.I-CUBE-Cesium.1.3.0
2025-07-17 16:51:01,100 [WARN] PackLoader:240 - Cannot read IP mode file for STMicroelectronics.X-CUBE-BLE2.3.3.0
2025-07-17 16:51:01,107 [WARN] PackLoader:240 - Cannot read IP mode file for STMicroelectronics.X-CUBE-NFC9.1.0.0
2025-07-17 16:51:01,113 [WARN] PackLoader:240 - Cannot read IP mode file for STMicroelectronics.X-CUBE-BLE1.7.1.0
2025-07-17 16:51:01,117 [WARN] PackLoader:240 - Cannot read IP mode file for STMicroelectronics.X-CUBE-EEPRMA1.5.2.0
2025-07-17 16:51:01,120 [WARN] PackLoader:240 - Cannot read IP mode file for STMicroelectronics.X-CUBE-AI.10.1.0
2025-07-17 16:51:01,170 [WARN] PackLoader:240 - Cannot read IP mode file for STMicroelectronics.X-CUBE-MEMS1.11.2.0
2025-07-17 16:51:01,236 [WARN] PackLoader:240 - Cannot read IP mode file for STMicroelectronics.X-CUBE-AZRTOS-G0.1.1.0
2025-07-17 16:51:01,246 [WARN] PackLoader:240 - Cannot read IP mode file for STMicroelectronics.X-CUBE-SAFEA1.1.2.2
2025-07-17 16:51:01,251 [WARN] PackLoader:240 - Cannot read IP mode file for STMicroelectronics.X-CUBE-NFC4.3.0.0
2025-07-17 16:51:01,260 [WARN] PackLoader:240 - Cannot read IP mode file for EmbeddedOffice.I-CUBE-FS-RTOS.1.0.1
2025-07-17 16:51:01,265 [WARN] PackLoader:240 - Cannot read IP mode file for STMicroelectronics.X-CUBE-WB05N.2.0.0
2025-07-17 16:51:01,269 [WARN] PackLoader:240 - Cannot read IP mode file for STMicroelectronics.X-CUBE-TCPP.4.2.0
2025-07-17 16:51:01,272 [WARN] PackLoader:240 - Cannot read IP mode file for RealThread.X-CUBE-RT-Thread_Nano.4.1.1
2025-07-17 16:51:01,285 [WARN] PackLoader:240 - Cannot read IP mode file for STMicroelectronics.FP-ATR-SIGFOX1.3.2.0
2025-07-17 16:51:01,297 [WARN] ConditionMgr:438 - getConditionDescription Invalid condition id : Cortex-A Device cause : null
2025-07-17 16:51:01,317 [WARN] ConditionMgr:1044 - genDependencies : Invalid condition id : Cortex-A Device cause : null
2025-07-17 16:51:01,318 [WARN] ConditionMgr:1044 - genDependencies : Invalid condition id : Cortex-A Device cause : null
2025-07-17 16:51:01,318 [WARN] ConditionMgr:1044 - genDependencies : Invalid condition id : Cortex-A Device cause : null
2025-07-17 16:51:01,326 [WARN] PackLoader:240 - Cannot read IP mode file for STMicroelectronics.X-CUBE-EEPRMA1.5.1.0
2025-07-17 16:51:01,334 [WARN] PackLoader:240 - Cannot read IP mode file for wolfSSL.I-CUBE-wolfSSL.5.7.6
2025-07-17 16:51:01,339 [WARN] PackLoader:240 - Cannot read IP mode file for ITTIA_DB.I-CUBE-ITTIADB.8.9.0
2025-07-17 16:51:01,344 [WARN] PackLoader:240 - Cannot read IP mode file for STMicroelectronics.X-CUBE-ST67W61.1.0.0
2025-07-17 16:51:01,374 [WARN] PackLoader:240 - Cannot read IP mode file for SEGGER.I-CUBE-embOS.1.3.1
2025-07-17 16:51:01,399 [WARN] PackLoader:240 - Cannot read IP mode file for STMicroelectronics.X-CUBE-ALGOBUILD.1.4.0
2025-07-17 16:51:01,447 [WARN] PackLoader:240 - Cannot read IP mode file for STMicroelectronics.X-CUBE-MEMS1.11.3.0
2025-07-17 16:51:01,505 [WARN] PackLoader:240 - Cannot read IP mode file for STMicroelectronics.X-CUBE-PM33A1.1.0.0
2025-07-17 16:51:01,519 [WARN] PackLoader:240 - Cannot read IP mode file for STMicroelectronics.X-CUBE-AZRTOS-F4.1.1.0
2025-07-17 16:51:01,525 [WARN] PackLoader:240 - Cannot read IP mode file for Avnet-IotConnect.X-CUBE-IoTC-DA16k-PMOD.1.0.0
2025-07-17 16:51:01,527 [WARN] PackLoader:240 - Cannot read IP mode file for STMicroelectronics.X-CUBE-ISPU.2.1.0
2025-07-17 16:51:01,535 [WARN] PackLoader:240 - Cannot read IP mode file for STMicroelectronics.X-CUBE-NFC12.1.0.0
2025-07-17 16:51:01,562 [WARN] PackLoader:240 - Cannot read IP mode file for STMicroelectronics.X-CUBE-AZRTOS-L5.2.0.0
2025-07-17 16:51:01,577 [WARN] PackLoader:240 - Cannot read IP mode file for STMicroelectronics.X-CUBE-NFC6.3.1.0
2025-07-17 16:51:01,583 [WARN] PackLoader:240 - Cannot read IP mode file for STMicroelectronics.X-CUBE-DPower.1.2.0
2025-07-17 16:51:01,588 [WARN] PackLoader:240 - Cannot read IP mode file for STMicroelectronics.X-CUBE-FREERTOS.1.3.1
2025-07-17 16:51:01,593 [WARN] PackLoader:240 - Cannot read IP mode file for STMicroelectronics.X-CUBE-FREERTOS.1.3.0
2025-07-17 16:51:01,597 [WARN] PackLoader:240 - Cannot read IP mode file for STMicroelectronics.X-CUBE-NFC7.1.0.1
2025-07-17 16:51:01,601 [WARN] PackLoader:240 - Cannot read IP mode file for STMicroelectronics.FP-SNS-STAIOTCFT.1.0.0
2025-07-17 16:51:01,607 [WARN] PackLoader:240 - Cannot read IP mode file for STMicroelectronics.X-CUBE-DPower.1.3.0
2025-07-17 16:51:01,622 [WARN] ConditionMgr:438 - getConditionDescription Invalid condition id : LAN8742 Phy interface Condition cause : null
2025-07-17 16:51:01,623 [WARN] PackLoader:240 - Cannot read IP mode file for STMicroelectronics.X-CUBE-AZRTOS-L4.2.0.0
2025-07-17 16:51:01,626 [WARN] ConditionMgr:1044 - genDependencies : Invalid condition id : LAN8742 Phy interface Condition cause : null
2025-07-17 16:51:01,627 [WARN] ConditionMgr:1044 - genDependencies : Invalid condition id : LAN8742 Phy interface Condition cause : null
2025-07-17 16:51:01,628 [WARN] ConditionMgr:1044 - genDependencies : Invalid condition id : LAN8742 Phy interface Condition cause : null
2025-07-17 16:51:01,638 [WARN] PackLoader:240 - Cannot read IP mode file for STMicroelectronics.X-CUBE-SFXS2LP1.4.0.0
2025-07-17 16:51:01,657 [WARN] PackLoader:240 - Cannot read IP mode file for STMicroelectronics.X-CUBE-AZRTOS-H7.3.3.0
2025-07-17 16:51:01,673 [WARN] PackLoader:240 - Cannot read IP mode file for STMicroelectronics.X-CUBE-BLEMGR.4.1.0
2025-07-17 16:51:01,685 [WARN] ConditionMgr:438 - getConditionDescription Invalid condition id : UX DEVICE CLASS RTOS Condition cause : null
2025-07-17 16:51:01,685 [WARN] ConditionMgr:438 - getConditionDescription Invalid condition id : UX DEVICE CLASS RTOS Condition cause : null
2025-07-17 16:51:01,688 [WARN] PackLoader:240 - Cannot read IP mode file for STMicroelectronics.X-CUBE-AZRTOS-WB.2.0.0
2025-07-17 16:51:01,689 [WARN] ConditionMgr:1044 - genDependencies : Invalid condition id : UX DEVICE CLASS RTOS Condition cause : null
2025-07-17 16:51:01,689 [WARN] ConditionMgr:1044 - genDependencies : Invalid condition id : UX DEVICE CLASS RTOS Condition cause : null
2025-07-17 16:51:01,689 [WARN] ConditionMgr:1044 - genDependencies : Invalid condition id : UX DEVICE CLASS RTOS Condition cause : null
2025-07-17 16:51:01,689 [WARN] ConditionMgr:1044 - genDependencies : Invalid condition id : UX DEVICE CLASS RTOS Condition cause : null
2025-07-17 16:51:01,689 [WARN] ConditionMgr:1044 - genDependencies : Invalid condition id : UX DEVICE CLASS RTOS Condition cause : null
2025-07-17 16:51:01,693 [WARN] PackLoader:240 - Cannot read IP mode file for STMicroelectronics.X-CUBE-GNSS1.7.0.1
2025-07-17 16:51:01,696 [WARN] PackLoader:240 - Cannot read IP mode file for STMicroelectronics.X-CUBE-TOUCHGFX.4.25.0
2025-07-17 16:51:01,700 [WARN] PackLoader:240 - Cannot read IP mode file for STMicroelectronics.FP-SNS-STBOX1.2.0.0
2025-07-17 16:51:01,710 [WARN] PackLoader:240 - Cannot read IP mode file for STMicroelectronics.X-CUBE-SUBG2.5.0.0
2025-07-17 16:51:01,731 [WARN] PackLoader:240 - Cannot read IP mode file for STMicroelectronics.X-CUBE-AZRTOS-H7RS.1.1.0
2025-07-17 16:51:01,739 [WARN] PackLoader:240 - Cannot read IP mode file for Cesanta.I-CUBE-Mongoose.7.13.0
2025-07-17 16:51:01,751 [WARN] PackLoader:240 - Cannot read IP mode file for STMicroelectronics.X-CUBE-AZRTOS-G4.2.0.0
2025-07-17 16:51:01,756 [WARN] PackLoader:240 - Cannot read IP mode file for STMicroelectronics.X-CUBE-NFC7.2.0.0
2025-07-17 16:51:01,763 [WARN] PackLoader:240 - Cannot read IP mode file for STMicroelectronics.X-CUBE-IPS.3.1.0
2025-07-17 16:51:01,769 [WARN] PackLoader:240 - Cannot read IP mode file for STMicroelectronics.X-CUBE-ALS.1.0.2
2025-07-17 16:51:01,773 [WARN] PackLoader:240 - Cannot read IP mode file for STMicroelectronics.X-CUBE-TOUCHGFX.4.24.2
2025-07-17 16:51:01,775 [WARN] PackLoader:240 - Cannot read IP mode file for wolfSSL.I-CUBE-wolfTPM.3.4.0
2025-07-17 16:51:01,778 [WARN] PackLoader:240 - Cannot read IP mode file for portGmbH.I-Cube-SoM-uGOAL.1.1.0
2025-07-17 16:51:01,883 [WARN] PackLoader:240 - Cannot read IP mode file for STMicroelectronics.X-CUBE-AZRTOS-H7RS.1.0.0
2025-07-17 16:51:02,021 [WARN] PackLoader:240 - Cannot read IP mode file for STMicroelectronics.X-CUBE-TOF1.3.4.2
2025-07-17 16:51:02,050 [WARN] PackLoader:240 - Cannot read IP mode file for STMicroelectronics.X-CUBE-TOF1.3.4.3
2025-07-17 16:51:02,060 [WARN] PackLoader:240 - Cannot read IP mode file for wolfSSL.I-CUBE-wolfSSH.1.4.17
2025-07-17 16:51:02,078 [INFO] ThirdParty:978 - Integrity check success = true
2025-07-17 16:51:02,079 [INFO] IntegrityCheckThread:100 - exiting critical section [integrity check]
2025-07-17 16:51:02,079 [INFO] IntegrityCheckThread:103 - End integrity checks thread
2025-07-17 18:23:05,463 [ERROR] LogOutputStream:75 - [STDERR_REDIRECT] 
