2025-03-13 14:09:31,686 [INFO] Activator:176 - 


2025-03-13 14:09:31,690 [INFO] Activator:177 - !SESSION log4j initialized
2025-03-13 14:09:35,369 [ERROR] LogOutputStream:75 - [STDERR_REDIRECT] 
2025-03-13 14:09:35,752 [INFO] LogOutputStream:77 - [STDOUT_REDIRECT] 
2025-03-13 14:09:37,435 [INFO] LogOutputStream:77 - [STDOUT_REDIRECT] 
2025-03-13 14:09:38,240 [INFO] ApplicationProperties:184 - Using Application install path: /Applications/STM32CubeIDE.app/Contents/Eclipse/plugins/com.st.stm32cube.common.mx_6.13.0.202411220809
2025-03-13 14:09:38,252 [INFO] DbMcusXml:78 - Set database path to: /Applications/STM32CubeIDE.app/Contents/Eclipse/plugins/com.st.stm32cube.common.mx_6.13.0.202411220809//db//mcu/
2025-03-13 14:09:38,252 [INFO] ApiDb:274 - Set plugin database path to: /Applications/STM32CubeIDE.app/Contents/Eclipse/plugins/com.st.stm32cube.common.mx_6.13.0.202411220809//db//plugins/boardmanager/
2025-03-13 14:09:38,253 [WARN] ApiDb:259 - Overriding images path with different value:  => /Applications/STM32CubeIDE.app/Contents/Eclipse/plugins/com.st.stm32cube.common.mx_6.13.0.202411220809//db//plugins/mcufinder/images/
2025-03-13 14:09:38,258 [INFO] ApiDb:250 - Set database path to: /Users/mauricewashington/.stmcufinder/plugins/mcufinder//mcu/
2025-03-13 14:09:38,259 [INFO] DbMcusAds:125 - Set database path to: /Users/mauricewashington/.stmcufinder/plugins/mcufinder//mcu/
2025-03-13 14:09:38,260 [INFO] CrossReferenceDbSqlite:203 - Set database path to: /Users/mauricewashington/.stmcufinder/plugins/mcufinder//mcu/cs/
2025-03-13 14:09:38,383 [INFO] RulesReader:64 - Compatibility file has been processed (297 Rules)
2025-03-13 14:09:38,459 [INFO] DbMcusXml:78 - Set database path to: /Applications/STM32CubeIDE.app/Contents/Eclipse/plugins/com.st.stm32cube.common.mx_6.13.0.202411220809//db//mcu/
2025-03-13 14:09:38,459 [INFO] ApiDb:274 - Set plugin database path to: /Applications/STM32CubeIDE.app/Contents/Eclipse/plugins/com.st.stm32cube.common.mx_6.13.0.202411220809//db//plugins/boardmanager/
2025-03-13 14:09:38,459 [INFO] ApiDb:261 - Set plugin images path to: /Applications/STM32CubeIDE.app/Contents/Eclipse/plugins/com.st.stm32cube.common.mx_6.13.0.202411220809//db//plugins/mcufinder/images/
2025-03-13 14:09:38,460 [WARN] DbFile:41 - Overriding database path with different value: /Users/mauricewashington/.stmcufinder/plugins/mcufinder/ => /Users/mauricewashington/.stmcufinder/plugins/mcufinder
2025-03-13 14:09:38,460 [INFO] ApiDb:250 - Set database path to: /Users/mauricewashington/.stmcufinder/plugins/mcufinder//mcu/
2025-03-13 14:09:38,460 [WARN] DbFile:41 - Overriding database path with different value: /Users/mauricewashington/.stmcufinder/plugins/mcufinder/ => /Users/mauricewashington/.stmcufinder/plugins/mcufinder
2025-03-13 14:09:38,460 [INFO] DbMcusAds:125 - Set database path to: /Users/mauricewashington/.stmcufinder/plugins/mcufinder//mcu/
2025-03-13 14:09:38,460 [WARN] DbFile:41 - Overriding database path with different value: /Users/mauricewashington/.stmcufinder/plugins/mcufinder/ => /Users/mauricewashington/.stmcufinder/plugins/mcufinder
2025-03-13 14:09:38,460 [WARN] DbFile:41 - Overriding database path with different value: /Users/mauricewashington/.stmcufinder/plugins/mcufinder/ => /Users/mauricewashington/.stmcufinder/plugins/mcufinder
2025-03-13 14:09:38,460 [INFO] CrossReferenceDbSqlite:203 - Set database path to: /Users/mauricewashington/.stmcufinder/plugins/mcufinder//mcu/cs/
2025-03-13 14:09:38,663 [INFO] MainPanel:272 - HeapMemory: 314572800
2025-03-13 14:09:38,744 [ERROR] LogOutputStream:75 - [STDERR_REDIRECT] [Fatal Error] :2:10: DOCTYPE is disallowed when the feature "http://apache.org/xml/features/disallow-doctype-decl" set to true.
2025-03-13 14:09:38,745 [ERROR] LogOutputStream:75 - [STDERR_REDIRECT] 
2025-03-13 14:09:39,257 [INFO] DbMcusXml:78 - Set database path to: /Applications/STM32CubeIDE.app/Contents/Eclipse/plugins/com.st.stm32cube.common.mx_6.13.0.202411220809//db//mcu/
2025-03-13 14:09:39,257 [INFO] ApiDb:274 - Set plugin database path to: /Applications/STM32CubeIDE.app/Contents/Eclipse/plugins/com.st.stm32cube.common.mx_6.13.0.202411220809//db//plugins/boardmanager/
2025-03-13 14:09:39,257 [INFO] ApiDb:261 - Set plugin images path to: /Applications/STM32CubeIDE.app/Contents/Eclipse/plugins/com.st.stm32cube.common.mx_6.13.0.202411220809//db//plugins/mcufinder/images/
2025-03-13 14:09:39,257 [WARN] DbFile:41 - Overriding database path with different value: /Users/mauricewashington/.stmcufinder/plugins/mcufinder/ => /Users/mauricewashington/.stmcufinder/plugins/mcufinder
2025-03-13 14:09:39,258 [INFO] ApiDb:250 - Set database path to: /Users/mauricewashington/.stmcufinder/plugins/mcufinder//mcu/
2025-03-13 14:09:39,258 [WARN] DbFile:41 - Overriding database path with different value: /Users/mauricewashington/.stmcufinder/plugins/mcufinder/ => /Users/mauricewashington/.stmcufinder/plugins/mcufinder
2025-03-13 14:09:39,258 [INFO] DbMcusAds:125 - Set database path to: /Users/mauricewashington/.stmcufinder/plugins/mcufinder//mcu/
2025-03-13 14:09:39,258 [WARN] DbFile:41 - Overriding database path with different value: /Users/mauricewashington/.stmcufinder/plugins/mcufinder/ => /Users/mauricewashington/.stmcufinder/plugins/mcufinder
2025-03-13 14:09:39,258 [WARN] DbFile:41 - Overriding database path with different value: /Users/mauricewashington/.stmcufinder/plugins/mcufinder/ => /Users/mauricewashington/.stmcufinder/plugins/mcufinder
2025-03-13 14:09:39,258 [INFO] CrossReferenceDbSqlite:203 - Set database path to: /Users/mauricewashington/.stmcufinder/plugins/mcufinder//mcu/cs/
2025-03-13 14:09:39,275 [INFO] ApplicationProperties:184 - Using Application install path: /Applications/STM32CubeIDE.app/Contents/Eclipse/plugins/com.st.stm32cube.common.mx_6.13.0.202411220809
2025-03-13 14:09:39,276 [INFO] PluginManage:196 - Search for loadable plugins [exclusion list=, ]
2025-03-13 14:09:39,278 [INFO] PluginManage:310 - Check plugin analytics
2025-03-13 14:09:39,464 [INFO] AnalyticsPlugin:253 - Accepted Software Licenses: 
2025-03-13 14:09:39,464 [INFO] AnalyticsPlugin:255 - Accepted CMSIS Pack Licenses: 
2025-03-13 14:09:39,464 [INFO] AnalyticsPlugin:257 - Accepted Firmware Licenses: 
2025-03-13 14:09:39,474 [INFO] PluginManage:359 - Loaded plugin analytics (category:tool,tabindex:-1)
2025-03-13 14:09:39,475 [INFO] PluginManage:310 - Check plugin cadmodel
2025-03-13 14:09:39,484 [INFO] CADModel:105 - Init CAD model plugin
2025-03-13 14:09:39,484 [INFO] PluginManage:359 - Loaded plugin cadmodel (category:power,tabindex:5)
2025-03-13 14:09:39,485 [INFO] PluginManage:310 - Check plugin clock
2025-03-13 14:09:39,492 [INFO] PluginManage:359 - Loaded plugin clock (category:base,tabindex:2)
2025-03-13 14:09:39,493 [INFO] PluginManage:310 - Check plugin ddr
2025-03-13 14:09:39,494 [INFO] PluginManage:359 - Loaded plugin ddr (category:tool,tabindex:6)
2025-03-13 14:09:39,494 [INFO] PluginManage:310 - Check plugin filemanager
2025-03-13 14:09:39,671 [INFO] PluginManage:359 - Loaded plugin filemanager (category:base,tabindex:10)
2025-03-13 14:09:39,672 [INFO] PluginManage:310 - Check plugin ipmanager
2025-03-13 14:09:39,685 [INFO] PluginManage:359 - Loaded plugin ipmanager (category:base,tabindex:5)
2025-03-13 14:09:39,686 [INFO] PluginManage:310 - Check plugin lpbam
2025-03-13 14:09:39,705 [INFO] PluginManage:359 - Loaded plugin lpbam (category:base,tabindex:0)
2025-03-13 14:09:39,706 [INFO] PluginManage:310 - Check plugin memorymap
2025-03-13 14:09:39,715 [INFO] PluginManage:359 - Loaded plugin memorymap (category:base,tabindex:4)
2025-03-13 14:09:39,716 [INFO] PluginManage:310 - Check plugin pinoutandconfiguration
2025-03-13 14:09:39,722 [INFO] PluginManage:359 - Loaded plugin pinoutandconfiguration (category:base,tabindex:1)
2025-03-13 14:09:39,722 [INFO] PluginManage:310 - Check plugin pinoutconfig
2025-03-13 14:09:39,809 [WARN] SupportedApi:132 - Cannot load RTOS API schema: s4s-elt-must-match.1: The content of 'definitions' must match (annotation?, (simpleType | complexType)?, (unique | key | keyref)*)). A problem was found starting at: attribute.
2025-03-13 14:09:39,981 [INFO] PluginManage:359 - Loaded plugin pinoutconfig (category:base,tabindex:0)
2025-03-13 14:09:39,981 [INFO] PluginManage:310 - Check plugin power
2025-03-13 14:09:39,994 [INFO] PluginManage:359 - Loaded plugin power (category:power,tabindex:4)
2025-03-13 14:09:39,994 [INFO] PluginManage:310 - Check plugin projectmanager
2025-03-13 14:09:40,031 [INFO] PluginManage:359 - Loaded plugin projectmanager (category:projectmanager,tabindex:4)
2025-03-13 14:09:40,031 [INFO] PluginManage:310 - Check plugin rif
2025-03-13 14:09:40,038 [INFO] PluginManage:359 - Loaded plugin rif (category:base,tabindex:3)
2025-03-13 14:09:40,038 [INFO] PluginManage:310 - Check plugin thirdparty
2025-03-13 14:09:40,200 [WARN] IntegrityCheckThread:84 - waiting for thirdparty lock release [integrity check]
2025-03-13 14:09:40,201 [INFO] PluginManage:359 - Loaded plugin thirdparty (category:base,tabindex:-1)
2025-03-13 14:09:40,201 [INFO] IntegrityCheckThread:86 - entering critical section [integrity check]
2025-03-13 14:09:40,201 [INFO] PluginManage:310 - Check plugin tools
2025-03-13 14:09:40,202 [INFO] ThirdPartyUpdaterWithRetryManager:70 - Updater plugin not ready yet. [1/15]
2025-03-13 14:09:40,204 [INFO] PluginManage:359 - Loaded plugin tools (category:base,tabindex:7)
2025-03-13 14:09:40,204 [INFO] PluginManage:310 - Check plugin tutovideos
2025-03-13 14:09:40,352 [INFO] PluginManage:359 - Loaded plugin tutovideos (category:base,tabindex:-1)
2025-03-13 14:09:40,352 [INFO] PluginManage:310 - Check plugin updater
2025-03-13 14:09:40,374 [INFO] PluginManage:359 - Loaded plugin updater (category:base,tabindex:12)
2025-03-13 14:09:40,374 [INFO] PluginManage:310 - Check plugin userauth
2025-03-13 14:09:40,378 [INFO] UserAuth:118 - Init User Auth plugin
2025-03-13 14:09:40,380 [INFO] PluginManage:359 - Loaded plugin userauth (category:base,tabindex:14)
2025-03-13 14:09:40,381 [INFO] PluginManage:283 - PluginManage : Loaded plugins [18]
2025-03-13 14:09:40,602 [INFO] PinOutPanel:1589 - setPackage(No Configuration,No Configuration)
2025-03-13 14:09:40,673 [INFO] CADModel:165 - CPN selected for project level
2025-03-13 14:09:40,673 [INFO] CADModel:114 - Register for checkConnection events
2025-03-13 14:09:40,684 [INFO] IPUIPlugin:80 - create IPUIPlugin
2025-03-13 14:09:40,685 [INFO] PluginManager:220 - loadIPPluginJar : add mdma
2025-03-13 14:09:40,690 [INFO] IPUIPlugin:80 - create IPUIPlugin
2025-03-13 14:09:40,690 [INFO] PluginManager:220 - loadIPPluginJar : add freertos
2025-03-13 14:09:40,693 [INFO] IPUIPlugin:80 - create IPUIPlugin
2025-03-13 14:09:40,694 [INFO] PluginManager:220 - loadIPPluginJar : add gic
2025-03-13 14:09:40,701 [INFO] IPUIPlugin:80 - create IPUIPlugin
2025-03-13 14:09:40,701 [INFO] PluginManager:220 - loadIPPluginJar : add adc
2025-03-13 14:09:40,703 [INFO] IPUIPlugin:80 - create IPUIPlugin
2025-03-13 14:09:40,703 [INFO] PluginManager:220 - loadIPPluginJar : add gtzc
2025-03-13 14:09:40,704 [INFO] IPUIPlugin:80 - create IPUIPlugin
2025-03-13 14:09:40,704 [INFO] PluginManager:220 - loadIPPluginJar : add quadspi
2025-03-13 14:09:40,705 [INFO] IPUIPlugin:80 - create IPUIPlugin
2025-03-13 14:09:40,705 [INFO] PluginManager:220 - loadIPPluginJar : add aes
2025-03-13 14:09:40,707 [INFO] IPUIPlugin:80 - create IPUIPlugin
2025-03-13 14:09:40,707 [INFO] PluginManager:220 - loadIPPluginJar : add pdm2pcm
2025-03-13 14:09:40,708 [INFO] IPUIPlugin:80 - create IPUIPlugin
2025-03-13 14:09:40,708 [INFO] PluginManager:220 - loadIPPluginJar : add hash
2025-03-13 14:09:40,709 [INFO] IPUIPlugin:80 - create IPUIPlugin
2025-03-13 14:09:40,709 [INFO] PluginManager:220 - loadIPPluginJar : add tim
2025-03-13 14:09:40,710 [INFO] IPUIPlugin:80 - create IPUIPlugin
2025-03-13 14:09:40,710 [INFO] PluginManager:220 - loadIPPluginJar : add tsc
2025-03-13 14:09:40,712 [INFO] IPUIPlugin:80 - create IPUIPlugin
2025-03-13 14:09:40,712 [INFO] PluginManager:220 - loadIPPluginJar : add extmemmanager
2025-03-13 14:09:40,714 [INFO] IPUIPlugin:80 - create IPUIPlugin
2025-03-13 14:09:40,714 [INFO] PluginManager:220 - loadIPPluginJar : add ts
2025-03-13 14:09:40,715 [INFO] IPUIPlugin:80 - create IPUIPlugin
2025-03-13 14:09:40,715 [INFO] PluginManager:220 - loadIPPluginJar : add radio
2025-03-13 14:09:40,716 [INFO] IPUIPlugin:80 - create IPUIPlugin
2025-03-13 14:09:40,716 [INFO] PluginManager:220 - loadIPPluginJar : add can
2025-03-13 14:09:40,717 [INFO] IPUIPlugin:80 - create IPUIPlugin
2025-03-13 14:09:40,717 [INFO] PluginManager:220 - loadIPPluginJar : add dma3
2025-03-13 14:09:40,718 [INFO] IPUIPlugin:80 - create IPUIPlugin
2025-03-13 14:09:40,719 [INFO] PluginManager:220 - loadIPPluginJar : add dfsdm
2025-03-13 14:09:40,721 [INFO] IPUIPlugin:80 - create IPUIPlugin
2025-03-13 14:09:40,721 [INFO] PluginManager:220 - loadIPPluginJar : add spi
2025-03-13 14:09:40,723 [INFO] IPUIPlugin:80 - create IPUIPlugin
2025-03-13 14:09:40,723 [INFO] PluginManager:220 - loadIPPluginJar : add gfxmmu
2025-03-13 14:09:40,725 [INFO] IPUIPlugin:80 - create IPUIPlugin
2025-03-13 14:09:40,725 [INFO] PluginManager:220 - loadIPPluginJar : add genericplugin
2025-03-13 14:09:40,727 [INFO] IPUIPlugin:80 - create IPUIPlugin
2025-03-13 14:09:40,727 [INFO] PluginManager:220 - loadIPPluginJar : add cryp
2025-03-13 14:09:40,730 [INFO] IPUIPlugin:80 - create IPUIPlugin
2025-03-13 14:09:40,731 [INFO] PluginManager:220 - loadIPPluginJar : add gpio
2025-03-13 14:09:40,732 [INFO] IPUIPlugin:80 - create IPUIPlugin
2025-03-13 14:09:40,732 [INFO] PluginManager:220 - loadIPPluginJar : add ddr_ctrl_phy
2025-03-13 14:09:40,733 [INFO] IPUIPlugin:80 - create IPUIPlugin
2025-03-13 14:09:40,734 [INFO] PluginManager:220 - loadIPPluginJar : add comp
2025-03-13 14:09:40,735 [INFO] IPUIPlugin:80 - create IPUIPlugin
2025-03-13 14:09:40,736 [INFO] PluginManager:220 - loadIPPluginJar : add tracer_emb
2025-03-13 14:09:40,737 [INFO] IPUIPlugin:80 - create IPUIPlugin
2025-03-13 14:09:40,738 [INFO] PluginManager:220 - loadIPPluginJar : add openamp
2025-03-13 14:09:40,741 [INFO] IPUIPlugin:80 - create IPUIPlugin
2025-03-13 14:09:40,741 [INFO] PluginManager:220 - loadIPPluginJar : add stm32_wpan
2025-03-13 14:09:40,745 [INFO] IPUIPlugin:80 - create IPUIPlugin
2025-03-13 14:09:40,748 [INFO] PluginManager:220 - loadIPPluginJar : add plateformsettings
2025-03-13 14:09:40,750 [INFO] IPUIPlugin:80 - create IPUIPlugin
2025-03-13 14:09:40,750 [INFO] PluginManager:220 - loadIPPluginJar : add ipddr
2025-03-13 14:09:40,751 [INFO] IPUIPlugin:80 - create IPUIPlugin
2025-03-13 14:09:40,751 [INFO] PluginManager:220 - loadIPPluginJar : add usart
2025-03-13 14:09:40,752 [INFO] IPUIPlugin:80 - create IPUIPlugin
2025-03-13 14:09:40,752 [INFO] PluginManager:220 - loadIPPluginJar : add ltdc
2025-03-13 14:09:40,754 [INFO] IPUIPlugin:80 - create IPUIPlugin
2025-03-13 14:09:40,754 [INFO] PluginManager:220 - loadIPPluginJar : add nvic
2025-03-13 14:09:40,755 [INFO] IPUIPlugin:80 - create IPUIPlugin
2025-03-13 14:09:40,755 [INFO] PluginManager:220 - loadIPPluginJar : add fatfs
2025-03-13 14:09:40,760 [INFO] IPUIPlugin:80 - create IPUIPlugin
2025-03-13 14:09:40,760 [INFO] PluginManager:220 - loadIPPluginJar : add linkedlist
2025-03-13 14:09:40,763 [INFO] IPUIPlugin:80 - create IPUIPlugin
2025-03-13 14:09:40,763 [INFO] PluginManager:220 - loadIPPluginJar : add dma
2025-03-13 14:09:40,765 [INFO] IPUIPlugin:80 - create IPUIPlugin
2025-03-13 14:09:40,765 [INFO] PluginManager:220 - loadIPPluginJar : add fmc
2025-03-13 14:09:40,766 [INFO] IPUIPlugin:80 - create IPUIPlugin
2025-03-13 14:09:40,766 [INFO] PluginManager:220 - loadIPPluginJar : add i2s
2025-03-13 14:09:40,767 [INFO] IPUIPlugin:80 - create IPUIPlugin
2025-03-13 14:09:40,767 [INFO] PluginManager:220 - loadIPPluginJar : add ucpd
2025-03-13 14:09:40,769 [INFO] IPUIPlugin:80 - create IPUIPlugin
2025-03-13 14:09:40,769 [INFO] PluginManager:220 - loadIPPluginJar : add lorawan
2025-03-13 14:09:40,770 [INFO] IPUIPlugin:80 - create IPUIPlugin
2025-03-13 14:09:40,770 [INFO] PluginManager:220 - loadIPPluginJar : add opamp
2025-03-13 14:09:40,772 [INFO] IPUIPlugin:80 - create IPUIPlugin
2025-03-13 14:09:40,772 [INFO] PluginManager:220 - loadIPPluginJar : add i3c
2025-03-13 14:09:40,773 [INFO] IPUIPlugin:80 - create IPUIPlugin
2025-03-13 14:09:40,774 [INFO] PluginManager:220 - loadIPPluginJar : add touchsensing
2025-03-13 14:09:40,775 [INFO] IPUIPlugin:80 - create IPUIPlugin
2025-03-13 14:09:40,775 [INFO] PluginManager:220 - loadIPPluginJar : add i2c
2025-03-13 14:09:40,777 [INFO] IPUIPlugin:80 - create IPUIPlugin
2025-03-13 14:09:40,777 [INFO] PluginManager:220 - loadIPPluginJar : add resmgrutility
2025-03-13 14:09:40,778 [INFO] IPUIPlugin:80 - create IPUIPlugin
2025-03-13 14:09:40,778 [INFO] PluginManager:220 - loadIPPluginJar : add sai
2025-03-13 14:09:40,780 [INFO] IPUIPlugin:80 - create IPUIPlugin
2025-03-13 14:09:40,780 [INFO] PluginManager:220 - loadIPPluginJar : add usbx
2025-03-13 14:09:40,886 [FATAL] Updater:351 - Updater called before beeing initialized
2025-03-13 14:09:40,927 [INFO] RulesReader:64 - Compatibility file has been processed (297 Rules)
2025-03-13 14:09:40,938 [INFO] RulesReader:64 - Compatibility file has been processed (297 Rules)
2025-03-13 14:09:40,949 [INFO] CADModel:165 - CPN selected for project level
2025-03-13 14:09:40,949 [INFO] CADModel:114 - Register for checkConnection events
2025-03-13 14:09:40,949 [FATAL] Updater:351 - Updater called before beeing initialized
2025-03-13 14:09:40,949 [ERROR] CADModel:125 - Updater not yet initialized, retry later 
2025-03-13 14:09:41,336 [FATAL] Updater:351 - Updater called before beeing initialized
2025-03-13 14:09:41,345 [INFO] CADModel:165 - CPN selected for project level
2025-03-13 14:09:41,348 [INFO] CADModel:114 - Register for checkConnection events
2025-03-13 14:09:41,348 [FATAL] Updater:351 - Updater called before beeing initialized
2025-03-13 14:09:41,348 [ERROR] CADModel:125 - Updater not yet initialized, retry later 
2025-03-13 14:09:41,354 [FATAL] Updater:351 - Updater called before beeing initialized
2025-03-13 14:09:41,590 [FATAL] Updater:351 - Updater called before beeing initialized
2025-03-13 14:09:41,601 [INFO] DbMcusAds:53 - JSON generation date=Tue Dec 17 08:01:15 PST 2024 (1734451275143)
2025-03-13 14:09:41,602 [FATAL] Updater:351 - Updater called before beeing initialized
2025-03-13 14:09:41,661 [WARN] DetailPanel:346 - Failed to get advertising image, set to default
2025-03-13 14:09:41,811 [FATAL] Updater:351 - Updater called before beeing initialized
2025-03-13 14:09:41,813 [FATAL] Updater:351 - Updater called before beeing initialized
2025-03-13 14:09:41,813 [FATAL] Updater:351 - Updater called before beeing initialized
2025-03-13 14:09:41,813 [WARN] DetailPanel:346 - Failed to get advertising image, set to default
2025-03-13 14:09:41,814 [FATAL] Updater:351 - Updater called before beeing initialized
2025-03-13 14:09:41,882 [ERROR] Updater:1198 - MainUpdater not yet initialized. External WinMGr cannot be set.
2025-03-13 14:09:41,969 [INFO] Updater:1134 - Updater Version found : 6.13.0
2025-03-13 14:09:41,986 [INFO] ApplicationProperties:184 - Using Application install path: /Applications/STM32CubeIDE.app/Contents/Eclipse/plugins/com.st.stm32cube.common.mx_6.13.0.202411220809
2025-03-13 14:09:42,588 [INFO] MainUpdater:2872 - connection check result : 10
2025-03-13 14:09:42,590 [INFO] MainUpdater:289 - Updater Check For Update Now.
2025-03-13 14:09:42,590 [INFO] MicroXplorer:498 - Change Database Version : DB.6.0.130
2025-03-13 14:09:42,598 [INFO] McuFinderGlobals:63 - Set McuFinder mode to 2 (CubeIDE integrated)
2025-03-13 14:09:42,598 [INFO] UserAuth:171 - activating auth plugin
2025-03-13 14:09:42,615 [INFO] UserAuth:486 - Internet connection configuration mode: 1
2025-03-13 14:09:42,629 [INFO] JxBrowserEngine:152 - Initiate JxBrowser Engine with user profile folder
2025-03-13 14:09:42,844 [INFO] CheckServerUpdateThread:120 - End of CheckServer Thread
2025-03-13 14:09:43,347 [WARN] PackLoader:240 - Cannot read IP mode file for STMicroelectronics.FP-SNS-MOTENVWB1.1.4.0
2025-03-13 14:09:43,367 [WARN] PackLoader:240 - Cannot read IP mode file for STMicroelectronics.FP-ATR-ASTRA1.2.0.2
2025-03-13 14:09:43,381 [WARN] PackLoader:240 - Cannot read IP mode file for STMicroelectronics.FP-ATR-ASTRA1.2.0.1
2025-03-13 14:09:43,393 [WARN] PackLoader:240 - Cannot read IP mode file for STMicroelectronics.X-CUBE-SMBUS.2.1.0
2025-03-13 14:09:43,406 [WARN] PackLoader:240 - Cannot read IP mode file for STMicroelectronics.X-CUBE-WB05N.1.1.0
2025-03-13 14:09:43,447 [WARN] PackLoader:240 - Cannot read IP mode file for STMicroelectronics.X-CUBE-AZRTOS-F7.1.1.0
2025-03-13 14:09:43,478 [WARN] PackLoader:240 - Cannot read IP mode file for STMicroelectronics.FP-SNS-FLIGHT1.5.0.2
2025-03-13 14:09:43,524 [WARN] PackLoader:240 - Cannot read IP mode file for Infineon.AIROC-Wi-Fi-Bluetooth-STM32.1.7.0
2025-03-13 14:09:43,554 [WARN] PackLoader:240 - Cannot read IP mode file for STMicroelectronics.X-CUBE-DISPLAY.3.0.0
2025-03-13 14:09:43,577 [WARN] PackLoader:240 - Cannot read IP mode file for STMicroelectronics.X-CUBE-BLE1.7.0.0
2025-03-13 14:09:43,593 [WARN] PackLoader:240 - Cannot read IP mode file for STMicroelectronics.X-CUBE-NFC10.1.0.0
2025-03-13 14:09:43,623 [WARN] PackLoader:240 - Cannot read IP mode file for STMicroelectronics.X-CUBE-BLEMGR.4.0.0
2025-03-13 14:09:43,650 [WARN] PackLoader:240 - Cannot read IP mode file for emotas.I-CUBE-CANOPEN.1.3.0
2025-03-13 14:09:43,666 [WARN] PackLoader:240 - Cannot read IP mode file for STMicroelectronics.X-CUBE-AI.10.0.0
2025-03-13 14:09:43,671 [WARN] PackLoader:240 - Cannot read IP mode file for STMicroelectronics.FP-SNS-SMARTAG2.1.2.0
2025-03-13 14:09:43,676 [WARN] PackLoader:240 - Cannot read IP mode file for STMicroelectronics.FP-SNS-FLIGHT1.5.1.0
2025-03-13 14:09:43,756 [WARN] PackLoader:240 - Cannot read IP mode file for STMicroelectronics.X-CUBE-MEMS1.11.1.0
2025-03-13 14:09:43,855 [INFO] LogOutputStream:77 - [STDOUT_REDIRECT] 1 : Invalid condition id : UX_CORESTACK_Condition cause : null
2025-03-13 14:09:43,856 [INFO] LogOutputStream:77 - [STDOUT_REDIRECT] 1 : Invalid condition id : UX_CORESTACK_Condition cause : null
2025-03-13 14:09:43,857 [INFO] LogOutputStream:77 - [STDOUT_REDIRECT] 1 : Invalid condition id : UX_CORESTACK_Condition cause : null
2025-03-13 14:09:43,857 [INFO] LogOutputStream:77 - [STDOUT_REDIRECT] 1 : Invalid condition id : UX_CORESTACK_Condition cause : null
2025-03-13 14:09:43,858 [INFO] LogOutputStream:77 - [STDOUT_REDIRECT] 1 : Invalid condition id : UX_CORESTACK_Condition cause : null
2025-03-13 14:09:43,864 [WARN] PackLoader:240 - Cannot read IP mode file for STMicroelectronics.X-CUBE-AZRTOS-WL.2.0.0
2025-03-13 14:09:43,882 [WARN] PackLoader:240 - Cannot read IP mode file for STMicroelectronics.FP-SNS-MOTENV1.5.0.0
2025-03-13 14:09:43,890 [WARN] PackLoader:240 - Cannot read IP mode file for wolfSSL.I-CUBE-wolfMQTT.1.19.0
2025-03-13 14:09:43,899 [WARN] PackLoader:240 - Cannot read IP mode file for WES.I-CUBE-Cesium.1.3.0
2025-03-13 14:09:43,904 [WARN] PackLoader:240 - Cannot read IP mode file for STMicroelectronics.X-CUBE-BLE2.3.3.0
2025-03-13 14:09:43,924 [WARN] PackLoader:240 - Cannot read IP mode file for STMicroelectronics.X-CUBE-NFC9.1.0.0
2025-03-13 14:09:43,941 [WARN] PackLoader:240 - Cannot read IP mode file for STMicroelectronics.X-CUBE-BLE1.7.1.0
2025-03-13 14:09:43,957 [WARN] PackLoader:240 - Cannot read IP mode file for STMicroelectronics.X-CUBE-AZRTOS-G0.1.1.0
2025-03-13 14:09:43,967 [WARN] PackLoader:240 - Cannot read IP mode file for STMicroelectronics.X-CUBE-SAFEA1.1.2.2
2025-03-13 14:09:43,973 [WARN] PackLoader:240 - Cannot read IP mode file for STMicroelectronics.X-CUBE-NFC4.3.0.0
2025-03-13 14:09:43,983 [WARN] PackLoader:240 - Cannot read IP mode file for EmbeddedOffice.I-CUBE-FS-RTOS.1.0.1
2025-03-13 14:09:43,991 [WARN] PackLoader:240 - Cannot read IP mode file for STMicroelectronics.X-CUBE-TCPP.4.2.0
2025-03-13 14:09:43,998 [WARN] PackLoader:240 - Cannot read IP mode file for RealThread.X-CUBE-RT-Thread_Nano.4.1.1
2025-03-13 14:09:44,001 [WARN] PackLoader:240 - Cannot read IP mode file for STMicroelectronics.FP-ATR-SIGFOX1.3.2.0
2025-03-13 14:09:44,004 [WARN] ConditionMgr:438 - getConditionDescription Invalid condition id : Cortex-A Device cause : null
2025-03-13 14:09:44,019 [WARN] ConditionMgr:1044 - genDependencies : Invalid condition id : Cortex-A Device cause : null
2025-03-13 14:09:44,019 [WARN] ConditionMgr:1044 - genDependencies : Invalid condition id : Cortex-A Device cause : null
2025-03-13 14:09:44,020 [WARN] ConditionMgr:1044 - genDependencies : Invalid condition id : Cortex-A Device cause : null
2025-03-13 14:09:44,027 [WARN] PackLoader:240 - Cannot read IP mode file for STMicroelectronics.X-CUBE-EEPRMA1.5.1.0
2025-03-13 14:09:44,031 [WARN] PackLoader:240 - Cannot read IP mode file for wolfSSL.I-CUBE-wolfSSL.5.7.6
2025-03-13 14:09:44,034 [WARN] PackLoader:240 - Cannot read IP mode file for ITTIA_DB.I-CUBE-ITTIADB.8.9.0
2025-03-13 14:09:44,066 [WARN] PackLoader:240 - Cannot read IP mode file for SEGGER.I-CUBE-embOS.1.3.1
2025-03-13 14:09:44,093 [WARN] PackLoader:240 - Cannot read IP mode file for STMicroelectronics.X-CUBE-ALGOBUILD.1.4.0
2025-03-13 14:09:44,111 [WARN] PackLoader:240 - Cannot read IP mode file for STMicroelectronics.X-CUBE-AZRTOS-F4.1.1.0
2025-03-13 14:09:44,138 [WARN] PackLoader:240 - Cannot read IP mode file for STMicroelectronics.X-CUBE-ISPU.2.1.0
2025-03-13 14:09:44,161 [WARN] PackLoader:240 - Cannot read IP mode file for STMicroelectronics.X-CUBE-AZRTOS-L5.2.0.0
2025-03-13 14:09:44,176 [WARN] PackLoader:240 - Cannot read IP mode file for STMicroelectronics.X-CUBE-NFC6.3.1.0
2025-03-13 14:09:44,185 [WARN] PackLoader:240 - Cannot read IP mode file for STMicroelectronics.X-CUBE-DPower.1.2.0
2025-03-13 14:09:44,190 [WARN] PackLoader:240 - Cannot read IP mode file for STMicroelectronics.X-CUBE-FREERTOS.1.3.0
2025-03-13 14:09:44,197 [WARN] PackLoader:240 - Cannot read IP mode file for STMicroelectronics.X-CUBE-NFC7.1.0.1
2025-03-13 14:09:44,212 [WARN] ConditionMgr:438 - getConditionDescription Invalid condition id : LAN8742 Phy interface Condition cause : null
2025-03-13 14:09:44,214 [WARN] PackLoader:240 - Cannot read IP mode file for STMicroelectronics.X-CUBE-AZRTOS-L4.2.0.0
2025-03-13 14:09:44,215 [WARN] ConditionMgr:1044 - genDependencies : Invalid condition id : LAN8742 Phy interface Condition cause : null
2025-03-13 14:09:44,215 [WARN] ConditionMgr:1044 - genDependencies : Invalid condition id : LAN8742 Phy interface Condition cause : null
2025-03-13 14:09:44,216 [WARN] ConditionMgr:1044 - genDependencies : Invalid condition id : LAN8742 Phy interface Condition cause : null
2025-03-13 14:09:44,236 [WARN] PackLoader:240 - Cannot read IP mode file for STMicroelectronics.X-CUBE-SFXS2LP1.4.0.0
2025-03-13 14:09:44,259 [WARN] PackLoader:240 - Cannot read IP mode file for STMicroelectronics.X-CUBE-AZRTOS-H7.3.3.0
2025-03-13 14:09:44,271 [WARN] ConditionMgr:438 - getConditionDescription Invalid condition id : UX DEVICE CLASS RTOS Condition cause : null
2025-03-13 14:09:44,271 [WARN] ConditionMgr:438 - getConditionDescription Invalid condition id : UX DEVICE CLASS RTOS Condition cause : null
2025-03-13 14:09:44,273 [WARN] PackLoader:240 - Cannot read IP mode file for STMicroelectronics.X-CUBE-AZRTOS-WB.2.0.0
2025-03-13 14:09:44,274 [WARN] ConditionMgr:1044 - genDependencies : Invalid condition id : UX DEVICE CLASS RTOS Condition cause : null
2025-03-13 14:09:44,274 [WARN] ConditionMgr:1044 - genDependencies : Invalid condition id : UX DEVICE CLASS RTOS Condition cause : null
2025-03-13 14:09:44,274 [WARN] ConditionMgr:1044 - genDependencies : Invalid condition id : UX DEVICE CLASS RTOS Condition cause : null
2025-03-13 14:09:44,275 [WARN] ConditionMgr:1044 - genDependencies : Invalid condition id : UX DEVICE CLASS RTOS Condition cause : null
2025-03-13 14:09:44,275 [WARN] ConditionMgr:1044 - genDependencies : Invalid condition id : UX DEVICE CLASS RTOS Condition cause : null
2025-03-13 14:09:44,279 [WARN] PackLoader:240 - Cannot read IP mode file for STMicroelectronics.X-CUBE-GNSS1.7.0.1
2025-03-13 14:09:44,282 [WARN] PackLoader:240 - Cannot read IP mode file for STMicroelectronics.X-CUBE-TOUCHGFX.4.25.0
2025-03-13 14:09:44,287 [WARN] PackLoader:240 - Cannot read IP mode file for STMicroelectronics.FP-SNS-STBOX1.2.0.0
2025-03-13 14:09:44,303 [WARN] PackLoader:240 - Cannot read IP mode file for STMicroelectronics.X-CUBE-SUBG2.5.0.0
2025-03-13 14:09:44,314 [WARN] PackLoader:240 - Cannot read IP mode file for Cesanta.I-CUBE-Mongoose.7.13.0
2025-03-13 14:09:44,325 [WARN] PackLoader:240 - Cannot read IP mode file for STMicroelectronics.X-CUBE-AZRTOS-G4.2.0.0
2025-03-13 14:09:44,338 [WARN] PackLoader:240 - Cannot read IP mode file for STMicroelectronics.X-CUBE-IPS.3.1.0
2025-03-13 14:09:44,444 [WARN] PackLoader:240 - Cannot read IP mode file for STMicroelectronics.X-CUBE-ALS.1.0.2
2025-03-13 14:09:44,548 [WARN] PackLoader:240 - Cannot read IP mode file for STMicroelectronics.X-CUBE-TOUCHGFX.4.24.2
2025-03-13 14:09:44,567 [WARN] PackLoader:240 - Cannot read IP mode file for wolfSSL.I-CUBE-wolfTPM.3.4.0
2025-03-13 14:09:44,572 [WARN] PackLoader:240 - Cannot read IP mode file for portGmbH.I-Cube-SoM-uGOAL.1.1.0
2025-03-13 14:09:44,592 [WARN] PackLoader:240 - Cannot read IP mode file for STMicroelectronics.X-CUBE-AZRTOS-H7RS.1.0.0
2025-03-13 14:09:44,604 [WARN] PackLoader:240 - Cannot read IP mode file for STMicroelectronics.X-CUBE-TOF1.3.4.2
2025-03-13 14:09:44,611 [WARN] PackLoader:240 - Cannot read IP mode file for wolfSSL.I-CUBE-wolfSSH.1.4.17
2025-03-13 14:09:44,629 [INFO] ThirdParty:978 - Integrity check success = true
2025-03-13 14:09:44,629 [INFO] IntegrityCheckThread:100 - exiting critical section [integrity check]
2025-03-13 14:09:44,629 [INFO] IntegrityCheckThread:103 - End integrity checks thread
2025-03-13 14:09:47,209 [INFO] WebApp:168 - Instantiating new browser for Auth
2025-03-13 14:09:48,430 [INFO] WebApp:449 - Apply proxy settings
2025-03-13 14:09:48,442 [INFO] WebApp:494 - Chromium authenticates against Manually configured proxy
2025-03-13 14:09:48,458 [INFO] WebApp:502 - Username used for proxy authentication: 
2025-03-13 14:09:48,504 [INFO] WebApp:880 - Register for checkConnection events
2025-03-13 14:09:48,505 [INFO] WebApp:449 - Apply proxy settings
2025-03-13 14:09:48,508 [INFO] WebApp:494 - Chromium authenticates against Manually configured proxy
2025-03-13 14:09:48,509 [INFO] WebApp:502 - Username used for proxy authentication: 
2025-03-13 14:09:48,644 [INFO] WebApp:221 - Starting web application
2025-03-13 14:09:48,644 [INFO] WebApp:579 - Web application path used /Applications/STM32CubeIDE.app/Contents/Eclipse/plugins/com.st.stm32cube.common.mx_6.13.0.202411220809/db/plugins/mcufinder/reactClient1/index.html
2025-03-13 14:09:49,058 [INFO] WebApp:187 - Connection restablished
2025-03-13 21:28:05,019 [INFO] WebApp:190 - Connection lost
2025-03-13 21:33:20,643 [ERROR] ConfigurationRetriever:142 - IOException on connection: sw-center.st.com
2025-03-13 21:33:20,646 [ERROR] ConfigurationRetriever:142 - IOException on connection: sw-center.st.com
2025-03-13 21:33:20,648 [ERROR] ConfigurationRetriever:142 - IOException on connection: sw-center.st.com
2025-03-13 21:33:22,014 [ERROR] LogOutputStream:75 - [STDERR_REDIRECT] 
