2025-06-09 17:30:27,637 [INFO] Activator:176 - 


2025-06-09 17:30:27,641 [INFO] Activator:177 - !SESSION log4j initialized
2025-06-09 17:30:31,234 [INFO] LogOutputStream:77 - [STDOUT_REDIRECT] 
2025-06-09 17:30:31,524 [ERROR] LogOutputStream:75 - [STDERR_REDIRECT] 
2025-06-09 17:30:33,320 [INFO] LogOutputStream:77 - [STDOUT_REDIRECT] 
2025-06-09 17:30:34,649 [INFO] ApplicationProperties:184 - Using Application install path: /Applications/STM32CubeIDE.app/Contents/Eclipse/plugins/com.st.stm32cube.common.mx_6.14.1.202504091515
2025-06-09 17:30:34,659 [INFO] DbMcusXml:78 - Set database path to: /Applications/STM32CubeIDE.app/Contents/Eclipse/plugins/com.st.stm32cube.common.mx_6.14.1.202504091515//db//mcu/
2025-06-09 17:30:34,659 [INFO] ApiDb:274 - Set plugin database path to: /Applications/STM32CubeIDE.app/Contents/Eclipse/plugins/com.st.stm32cube.common.mx_6.14.1.202504091515//db//plugins/boardmanager/
2025-06-09 17:30:34,659 [WARN] ApiDb:259 - Overriding images path with different value:  => /Applications/STM32CubeIDE.app/Contents/Eclipse/plugins/com.st.stm32cube.common.mx_6.14.1.202504091515//db//plugins/mcufinder/images/
2025-06-09 17:30:34,667 [INFO] ApiDb:250 - Set database path to: /Users/mauricewashington/.stmcufinder/plugins/mcufinder//mcu/
2025-06-09 17:30:34,667 [INFO] DbMcusAds:125 - Set database path to: /Users/mauricewashington/.stmcufinder/plugins/mcufinder//mcu/
2025-06-09 17:30:34,668 [INFO] CrossReferenceDbSqlite:203 - Set database path to: /Users/mauricewashington/.stmcufinder/plugins/mcufinder//mcu/cs/
2025-06-09 17:30:34,774 [INFO] RulesReader:64 - Compatibility file has been processed (302 Rules)
2025-06-09 17:30:34,830 [INFO] DbMcusXml:78 - Set database path to: /Applications/STM32CubeIDE.app/Contents/Eclipse/plugins/com.st.stm32cube.common.mx_6.14.1.202504091515//db//mcu/
2025-06-09 17:30:34,830 [INFO] ApiDb:274 - Set plugin database path to: /Applications/STM32CubeIDE.app/Contents/Eclipse/plugins/com.st.stm32cube.common.mx_6.14.1.202504091515//db//plugins/boardmanager/
2025-06-09 17:30:34,830 [INFO] ApiDb:261 - Set plugin images path to: /Applications/STM32CubeIDE.app/Contents/Eclipse/plugins/com.st.stm32cube.common.mx_6.14.1.202504091515//db//plugins/mcufinder/images/
2025-06-09 17:30:34,830 [WARN] DbFile:41 - Overriding database path with different value: /Users/mauricewashington/.stmcufinder/plugins/mcufinder/ => /Users/mauricewashington/.stmcufinder/plugins/mcufinder
2025-06-09 17:30:34,831 [INFO] ApiDb:250 - Set database path to: /Users/mauricewashington/.stmcufinder/plugins/mcufinder//mcu/
2025-06-09 17:30:34,831 [WARN] DbFile:41 - Overriding database path with different value: /Users/mauricewashington/.stmcufinder/plugins/mcufinder/ => /Users/mauricewashington/.stmcufinder/plugins/mcufinder
2025-06-09 17:30:34,831 [INFO] DbMcusAds:125 - Set database path to: /Users/mauricewashington/.stmcufinder/plugins/mcufinder//mcu/
2025-06-09 17:30:34,831 [WARN] DbFile:41 - Overriding database path with different value: /Users/mauricewashington/.stmcufinder/plugins/mcufinder/ => /Users/mauricewashington/.stmcufinder/plugins/mcufinder
2025-06-09 17:30:34,831 [WARN] DbFile:41 - Overriding database path with different value: /Users/mauricewashington/.stmcufinder/plugins/mcufinder/ => /Users/mauricewashington/.stmcufinder/plugins/mcufinder
2025-06-09 17:30:34,831 [INFO] CrossReferenceDbSqlite:203 - Set database path to: /Users/mauricewashington/.stmcufinder/plugins/mcufinder//mcu/cs/
2025-06-09 17:30:34,885 [INFO] MainPanel:272 - HeapMemory: 268435456
2025-06-09 17:30:35,268 [INFO] DbMcusXml:78 - Set database path to: /Applications/STM32CubeIDE.app/Contents/Eclipse/plugins/com.st.stm32cube.common.mx_6.14.1.202504091515//db//mcu/
2025-06-09 17:30:35,268 [INFO] ApiDb:274 - Set plugin database path to: /Applications/STM32CubeIDE.app/Contents/Eclipse/plugins/com.st.stm32cube.common.mx_6.14.1.202504091515//db//plugins/boardmanager/
2025-06-09 17:30:35,268 [INFO] ApiDb:261 - Set plugin images path to: /Applications/STM32CubeIDE.app/Contents/Eclipse/plugins/com.st.stm32cube.common.mx_6.14.1.202504091515//db//plugins/mcufinder/images/
2025-06-09 17:30:35,268 [WARN] DbFile:41 - Overriding database path with different value: /Users/mauricewashington/.stmcufinder/plugins/mcufinder/ => /Users/mauricewashington/.stmcufinder/plugins/mcufinder
2025-06-09 17:30:35,268 [INFO] ApiDb:250 - Set database path to: /Users/mauricewashington/.stmcufinder/plugins/mcufinder//mcu/
2025-06-09 17:30:35,268 [WARN] DbFile:41 - Overriding database path with different value: /Users/mauricewashington/.stmcufinder/plugins/mcufinder/ => /Users/mauricewashington/.stmcufinder/plugins/mcufinder
2025-06-09 17:30:35,269 [INFO] DbMcusAds:125 - Set database path to: /Users/mauricewashington/.stmcufinder/plugins/mcufinder//mcu/
2025-06-09 17:30:35,269 [WARN] DbFile:41 - Overriding database path with different value: /Users/mauricewashington/.stmcufinder/plugins/mcufinder/ => /Users/mauricewashington/.stmcufinder/plugins/mcufinder
2025-06-09 17:30:35,269 [WARN] DbFile:41 - Overriding database path with different value: /Users/mauricewashington/.stmcufinder/plugins/mcufinder/ => /Users/mauricewashington/.stmcufinder/plugins/mcufinder
2025-06-09 17:30:35,269 [INFO] CrossReferenceDbSqlite:203 - Set database path to: /Users/mauricewashington/.stmcufinder/plugins/mcufinder//mcu/cs/
2025-06-09 17:30:35,282 [INFO] ApplicationProperties:184 - Using Application install path: /Applications/STM32CubeIDE.app/Contents/Eclipse/plugins/com.st.stm32cube.common.mx_6.14.1.202504091515
2025-06-09 17:30:35,283 [INFO] PluginManage:196 - Search for loadable plugins [exclusion list=, ]
2025-06-09 17:30:35,284 [INFO] PluginManage:310 - Check plugin analytics
2025-06-09 17:30:35,688 [INFO] AnalyticsPlugin:253 - Accepted Software Licenses: 
2025-06-09 17:30:35,691 [INFO] AnalyticsPlugin:255 - Accepted CMSIS Pack Licenses: 
2025-06-09 17:30:35,692 [INFO] AnalyticsPlugin:257 - Accepted Firmware Licenses: 
2025-06-09 17:30:35,708 [INFO] PluginManage:359 - Loaded plugin analytics (category:tool,tabindex:-1)
2025-06-09 17:30:35,711 [INFO] PluginManage:310 - Check plugin cadmodel
2025-06-09 17:30:35,746 [INFO] CADModel:105 - Init CAD model plugin
2025-06-09 17:30:35,747 [INFO] PluginManage:359 - Loaded plugin cadmodel (category:power,tabindex:5)
2025-06-09 17:30:35,748 [INFO] PluginManage:310 - Check plugin clock
2025-06-09 17:30:35,757 [INFO] PluginManage:359 - Loaded plugin clock (category:base,tabindex:2)
2025-06-09 17:30:35,757 [INFO] PluginManage:310 - Check plugin ddr
2025-06-09 17:30:35,759 [INFO] PluginManage:359 - Loaded plugin ddr (category:tool,tabindex:6)
2025-06-09 17:30:35,759 [INFO] PluginManage:310 - Check plugin filemanager
2025-06-09 17:30:35,903 [INFO] PluginManage:359 - Loaded plugin filemanager (category:base,tabindex:10)
2025-06-09 17:30:35,903 [INFO] PluginManage:310 - Check plugin ipmanager
2025-06-09 17:30:35,910 [INFO] PluginManage:359 - Loaded plugin ipmanager (category:base,tabindex:5)
2025-06-09 17:30:35,910 [INFO] PluginManage:310 - Check plugin lpbam
2025-06-09 17:30:35,918 [INFO] PluginManage:359 - Loaded plugin lpbam (category:base,tabindex:0)
2025-06-09 17:30:35,918 [INFO] PluginManage:310 - Check plugin memorymap
2025-06-09 17:30:35,927 [INFO] PluginManage:359 - Loaded plugin memorymap (category:base,tabindex:4)
2025-06-09 17:30:35,927 [INFO] PluginManage:310 - Check plugin pinoutandconfiguration
2025-06-09 17:30:35,931 [INFO] PluginManage:359 - Loaded plugin pinoutandconfiguration (category:base,tabindex:1)
2025-06-09 17:30:35,931 [INFO] PluginManage:310 - Check plugin pinoutconfig
2025-06-09 17:30:35,997 [WARN] SupportedApi:132 - Cannot load RTOS API schema: s4s-elt-must-match.1: The content of 'definitions' must match (annotation?, (simpleType | complexType)?, (unique | key | keyref)*)). A problem was found starting at: attribute.
2025-06-09 17:30:36,113 [INFO] PluginManage:359 - Loaded plugin pinoutconfig (category:base,tabindex:0)
2025-06-09 17:30:36,113 [INFO] PluginManage:310 - Check plugin power
2025-06-09 17:30:36,122 [INFO] PluginManage:359 - Loaded plugin power (category:power,tabindex:4)
2025-06-09 17:30:36,122 [INFO] PluginManage:310 - Check plugin projectmanager
2025-06-09 17:30:36,140 [INFO] PluginManage:359 - Loaded plugin projectmanager (category:projectmanager,tabindex:4)
2025-06-09 17:30:36,140 [INFO] PluginManage:310 - Check plugin rif
2025-06-09 17:30:36,145 [INFO] PluginManage:359 - Loaded plugin rif (category:base,tabindex:3)
2025-06-09 17:30:36,145 [INFO] PluginManage:310 - Check plugin thirdparty
2025-06-09 17:30:36,272 [INFO] PluginManage:359 - Loaded plugin thirdparty (category:base,tabindex:-1)
2025-06-09 17:30:36,272 [WARN] IntegrityCheckThread:84 - waiting for thirdparty lock release [integrity check]
2025-06-09 17:30:36,273 [INFO] PluginManage:310 - Check plugin tools
2025-06-09 17:30:36,273 [INFO] IntegrityCheckThread:86 - entering critical section [integrity check]
2025-06-09 17:30:36,274 [INFO] ThirdPartyUpdaterWithRetryManager:70 - Updater plugin not ready yet. [1/15]
2025-06-09 17:30:36,276 [INFO] PluginManage:359 - Loaded plugin tools (category:base,tabindex:7)
2025-06-09 17:30:36,276 [INFO] PluginManage:310 - Check plugin tutovideos
2025-06-09 17:30:36,403 [INFO] PluginManage:359 - Loaded plugin tutovideos (category:base,tabindex:-1)
2025-06-09 17:30:36,403 [INFO] PluginManage:310 - Check plugin updater
2025-06-09 17:30:36,424 [INFO] PluginManage:359 - Loaded plugin updater (category:base,tabindex:12)
2025-06-09 17:30:36,424 [INFO] PluginManage:310 - Check plugin userauth
2025-06-09 17:30:36,427 [INFO] UserAuth:118 - Init User Auth plugin
2025-06-09 17:30:36,429 [INFO] PluginManage:359 - Loaded plugin userauth (category:base,tabindex:14)
2025-06-09 17:30:36,430 [INFO] PluginManage:283 - PluginManage : Loaded plugins [18]
2025-06-09 17:30:36,597 [INFO] PinOutPanel:1589 - setPackage(No Configuration,No Configuration)
2025-06-09 17:30:36,657 [INFO] CADModel:165 - CPN selected for project level
2025-06-09 17:30:36,657 [INFO] CADModel:114 - Register for checkConnection events
2025-06-09 17:30:36,665 [INFO] IPUIPlugin:80 - create IPUIPlugin
2025-06-09 17:30:36,666 [INFO] PluginManager:220 - loadIPPluginJar : add mdma
2025-06-09 17:30:36,670 [INFO] IPUIPlugin:80 - create IPUIPlugin
2025-06-09 17:30:36,670 [INFO] PluginManager:220 - loadIPPluginJar : add freertos
2025-06-09 17:30:36,672 [INFO] IPUIPlugin:80 - create IPUIPlugin
2025-06-09 17:30:36,672 [INFO] PluginManager:220 - loadIPPluginJar : add gic
2025-06-09 17:30:36,678 [INFO] IPUIPlugin:80 - create IPUIPlugin
2025-06-09 17:30:36,678 [INFO] PluginManager:220 - loadIPPluginJar : add adc
2025-06-09 17:30:36,679 [INFO] IPUIPlugin:80 - create IPUIPlugin
2025-06-09 17:30:36,679 [INFO] PluginManager:220 - loadIPPluginJar : add gtzc
2025-06-09 17:30:36,680 [INFO] IPUIPlugin:80 - create IPUIPlugin
2025-06-09 17:30:36,680 [INFO] PluginManager:220 - loadIPPluginJar : add quadspi
2025-06-09 17:30:36,681 [INFO] IPUIPlugin:80 - create IPUIPlugin
2025-06-09 17:30:36,681 [INFO] PluginManager:220 - loadIPPluginJar : add aes
2025-06-09 17:30:36,682 [INFO] IPUIPlugin:80 - create IPUIPlugin
2025-06-09 17:30:36,683 [INFO] PluginManager:220 - loadIPPluginJar : add pdm2pcm
2025-06-09 17:30:36,683 [INFO] IPUIPlugin:80 - create IPUIPlugin
2025-06-09 17:30:36,683 [INFO] PluginManager:220 - loadIPPluginJar : add hash
2025-06-09 17:30:36,684 [INFO] IPUIPlugin:80 - create IPUIPlugin
2025-06-09 17:30:36,684 [INFO] PluginManager:220 - loadIPPluginJar : add tim
2025-06-09 17:30:36,685 [INFO] IPUIPlugin:80 - create IPUIPlugin
2025-06-09 17:30:36,685 [INFO] PluginManager:220 - loadIPPluginJar : add tsc
2025-06-09 17:30:36,687 [INFO] IPUIPlugin:80 - create IPUIPlugin
2025-06-09 17:30:36,687 [INFO] PluginManager:220 - loadIPPluginJar : add extmemmanager
2025-06-09 17:30:36,688 [INFO] IPUIPlugin:80 - create IPUIPlugin
2025-06-09 17:30:36,688 [INFO] PluginManager:220 - loadIPPluginJar : add ts
2025-06-09 17:30:36,689 [INFO] IPUIPlugin:80 - create IPUIPlugin
2025-06-09 17:30:36,689 [INFO] PluginManager:220 - loadIPPluginJar : add radio
2025-06-09 17:30:36,690 [INFO] IPUIPlugin:80 - create IPUIPlugin
2025-06-09 17:30:36,690 [INFO] PluginManager:220 - loadIPPluginJar : add can
2025-06-09 17:30:36,691 [INFO] IPUIPlugin:80 - create IPUIPlugin
2025-06-09 17:30:36,691 [INFO] PluginManager:220 - loadIPPluginJar : add dma3
2025-06-09 17:30:36,692 [INFO] IPUIPlugin:80 - create IPUIPlugin
2025-06-09 17:30:36,692 [INFO] PluginManager:220 - loadIPPluginJar : add dfsdm
2025-06-09 17:30:36,694 [INFO] IPUIPlugin:80 - create IPUIPlugin
2025-06-09 17:30:36,694 [INFO] PluginManager:220 - loadIPPluginJar : add spi
2025-06-09 17:30:36,695 [INFO] IPUIPlugin:80 - create IPUIPlugin
2025-06-09 17:30:36,695 [INFO] PluginManager:220 - loadIPPluginJar : add gfxmmu
2025-06-09 17:30:36,696 [INFO] IPUIPlugin:80 - create IPUIPlugin
2025-06-09 17:30:36,696 [INFO] PluginManager:220 - loadIPPluginJar : add genericplugin
2025-06-09 17:30:36,697 [INFO] IPUIPlugin:80 - create IPUIPlugin
2025-06-09 17:30:36,697 [INFO] PluginManager:220 - loadIPPluginJar : add cryp
2025-06-09 17:30:36,699 [INFO] IPUIPlugin:80 - create IPUIPlugin
2025-06-09 17:30:36,699 [INFO] PluginManager:220 - loadIPPluginJar : add gpio
2025-06-09 17:30:36,701 [INFO] IPUIPlugin:80 - create IPUIPlugin
2025-06-09 17:30:36,701 [INFO] PluginManager:220 - loadIPPluginJar : add ddr_ctrl_phy
2025-06-09 17:30:36,702 [INFO] IPUIPlugin:80 - create IPUIPlugin
2025-06-09 17:30:36,702 [INFO] PluginManager:220 - loadIPPluginJar : add comp
2025-06-09 17:30:36,703 [INFO] IPUIPlugin:80 - create IPUIPlugin
2025-06-09 17:30:36,704 [INFO] PluginManager:220 - loadIPPluginJar : add tracer_emb
2025-06-09 17:30:36,705 [INFO] IPUIPlugin:80 - create IPUIPlugin
2025-06-09 17:30:36,705 [INFO] PluginManager:220 - loadIPPluginJar : add openamp
2025-06-09 17:30:36,708 [INFO] IPUIPlugin:80 - create IPUIPlugin
2025-06-09 17:30:36,708 [INFO] PluginManager:220 - loadIPPluginJar : add stm32_wpan
2025-06-09 17:30:36,711 [INFO] IPUIPlugin:80 - create IPUIPlugin
2025-06-09 17:30:36,713 [INFO] PluginManager:220 - loadIPPluginJar : add plateformsettings
2025-06-09 17:30:36,714 [INFO] IPUIPlugin:80 - create IPUIPlugin
2025-06-09 17:30:36,714 [INFO] PluginManager:220 - loadIPPluginJar : add ipddr
2025-06-09 17:30:36,716 [INFO] IPUIPlugin:80 - create IPUIPlugin
2025-06-09 17:30:36,716 [INFO] PluginManager:220 - loadIPPluginJar : add usart
2025-06-09 17:30:36,717 [INFO] IPUIPlugin:80 - create IPUIPlugin
2025-06-09 17:30:36,717 [INFO] PluginManager:220 - loadIPPluginJar : add ltdc
2025-06-09 17:30:36,718 [INFO] IPUIPlugin:80 - create IPUIPlugin
2025-06-09 17:30:36,718 [INFO] PluginManager:220 - loadIPPluginJar : add nvic
2025-06-09 17:30:36,719 [INFO] IPUIPlugin:80 - create IPUIPlugin
2025-06-09 17:30:36,719 [INFO] PluginManager:220 - loadIPPluginJar : add fatfs
2025-06-09 17:30:36,722 [INFO] IPUIPlugin:80 - create IPUIPlugin
2025-06-09 17:30:36,723 [INFO] PluginManager:220 - loadIPPluginJar : add linkedlist
2025-06-09 17:30:36,725 [INFO] IPUIPlugin:80 - create IPUIPlugin
2025-06-09 17:30:36,726 [INFO] PluginManager:220 - loadIPPluginJar : add dma
2025-06-09 17:30:36,727 [INFO] IPUIPlugin:80 - create IPUIPlugin
2025-06-09 17:30:36,727 [INFO] PluginManager:220 - loadIPPluginJar : add fmc
2025-06-09 17:30:36,728 [INFO] IPUIPlugin:80 - create IPUIPlugin
2025-06-09 17:30:36,728 [INFO] PluginManager:220 - loadIPPluginJar : add i2s
2025-06-09 17:30:36,729 [INFO] IPUIPlugin:80 - create IPUIPlugin
2025-06-09 17:30:36,729 [INFO] PluginManager:220 - loadIPPluginJar : add ucpd
2025-06-09 17:30:36,730 [INFO] IPUIPlugin:80 - create IPUIPlugin
2025-06-09 17:30:36,730 [INFO] PluginManager:220 - loadIPPluginJar : add lorawan
2025-06-09 17:30:36,731 [INFO] IPUIPlugin:80 - create IPUIPlugin
2025-06-09 17:30:36,731 [INFO] PluginManager:220 - loadIPPluginJar : add opamp
2025-06-09 17:30:36,732 [INFO] IPUIPlugin:80 - create IPUIPlugin
2025-06-09 17:30:36,732 [INFO] PluginManager:220 - loadIPPluginJar : add i3c
2025-06-09 17:30:36,734 [INFO] IPUIPlugin:80 - create IPUIPlugin
2025-06-09 17:30:36,734 [INFO] PluginManager:220 - loadIPPluginJar : add touchsensing
2025-06-09 17:30:36,735 [INFO] IPUIPlugin:80 - create IPUIPlugin
2025-06-09 17:30:36,735 [INFO] PluginManager:220 - loadIPPluginJar : add i2c
2025-06-09 17:30:36,736 [INFO] IPUIPlugin:80 - create IPUIPlugin
2025-06-09 17:30:36,736 [INFO] PluginManager:220 - loadIPPluginJar : add resmgrutility
2025-06-09 17:30:36,737 [INFO] IPUIPlugin:80 - create IPUIPlugin
2025-06-09 17:30:36,737 [INFO] PluginManager:220 - loadIPPluginJar : add sai
2025-06-09 17:30:36,738 [INFO] IPUIPlugin:80 - create IPUIPlugin
2025-06-09 17:30:36,739 [INFO] PluginManager:220 - loadIPPluginJar : add usbx
2025-06-09 17:30:36,848 [FATAL] Updater:351 - Updater called before beeing initialized
2025-06-09 17:30:36,888 [INFO] RulesReader:64 - Compatibility file has been processed (302 Rules)
2025-06-09 17:30:36,907 [INFO] RulesReader:64 - Compatibility file has been processed (302 Rules)
2025-06-09 17:30:36,916 [INFO] CADModel:165 - CPN selected for project level
2025-06-09 17:30:36,916 [INFO] CADModel:114 - Register for checkConnection events
2025-06-09 17:30:36,916 [FATAL] Updater:351 - Updater called before beeing initialized
2025-06-09 17:30:36,916 [ERROR] CADModel:125 - Updater not yet initialized, retry later 
2025-06-09 17:30:37,085 [FATAL] Updater:351 - Updater called before beeing initialized
2025-06-09 17:30:37,086 [INFO] CADModel:165 - CPN selected for project level
2025-06-09 17:30:37,086 [INFO] CADModel:114 - Register for checkConnection events
2025-06-09 17:30:37,086 [FATAL] Updater:351 - Updater called before beeing initialized
2025-06-09 17:30:37,086 [ERROR] CADModel:125 - Updater not yet initialized, retry later 
2025-06-09 17:30:37,088 [FATAL] Updater:351 - Updater called before beeing initialized
2025-06-09 17:30:37,276 [FATAL] Updater:351 - Updater called before beeing initialized
2025-06-09 17:30:37,280 [INFO] DbMcusAds:53 - JSON generation date=Wed May 07 02:07:55 PDT 2025 (1746608875679)
2025-06-09 17:30:37,280 [FATAL] Updater:351 - Updater called before beeing initialized
2025-06-09 17:30:37,652 [WARN] DetailPanel:346 - Failed to get advertising image, set to default
2025-06-09 17:30:37,806 [FATAL] Updater:351 - Updater called before beeing initialized
2025-06-09 17:30:37,811 [FATAL] Updater:351 - Updater called before beeing initialized
2025-06-09 17:30:37,811 [FATAL] Updater:351 - Updater called before beeing initialized
2025-06-09 17:30:37,811 [WARN] DetailPanel:346 - Failed to get advertising image, set to default
2025-06-09 17:30:37,816 [FATAL] Updater:351 - Updater called before beeing initialized
2025-06-09 17:30:37,856 [ERROR] Updater:1198 - MainUpdater not yet initialized. External WinMGr cannot be set.
2025-06-09 17:30:37,872 [INFO] Updater:1134 - Updater Version found : 6.14.1
2025-06-09 17:30:37,884 [INFO] ApplicationProperties:184 - Using Application install path: /Applications/STM32CubeIDE.app/Contents/Eclipse/plugins/com.st.stm32cube.common.mx_6.14.1.202504091515
2025-06-09 17:30:38,281 [INFO] MainUpdater:2872 - connection check result : 10
2025-06-09 17:30:38,281 [INFO] MainUpdater:3566 - Updater definition file requires update
2025-06-09 17:30:38,282 [INFO] MainUpdater:289 - Updater Check For Update Now.
2025-06-09 17:30:38,282 [INFO] MicroXplorer:498 - Change Database Version : DB.6.0.141
2025-06-09 17:30:38,287 [INFO] McuFinderGlobals:63 - Set McuFinder mode to 2 (CubeIDE integrated)
2025-06-09 17:30:38,287 [INFO] UserAuth:171 - activating auth plugin
2025-06-09 17:30:38,292 [INFO] UserAuth:484 - Internet connection configuration mode: 1
2025-06-09 17:30:38,316 [INFO] JxBrowserEngine:152 - Initiate JxBrowser Engine with user profile folder
2025-06-09 17:30:38,427 [INFO] ServerAccessManage:473 - Download File updaters.zip
2025-06-09 17:30:38,519 [INFO] FileExtend:242 - Unzip File : updaters.zip
2025-06-09 17:30:38,520 [INFO] FileExtend:257 - Standard Zip Deflate
2025-06-09 17:30:39,091 [INFO] ServerAccessManage:473 - Download File PacksControlFlags.xml
2025-06-09 17:30:39,241 [INFO] ServerAccessManage:473 - Download File cubemx.pidx
2025-06-09 17:30:39,281 [WARN] MainUpdater:1193 - Updater busy. Cannot search thirdparties
2025-06-09 17:30:39,282 [INFO] ThirdPartyUpdaterWithRetryManager:96 - Updater plugin is busy. [1/15]
2025-06-09 17:30:40,062 [INFO] ServerAccessManage:473 - Download File STMicroelectronics.X-CUBE-AI.pdsc
2025-06-09 17:30:41,619 [INFO] ServerAccessManage:473 - Download File STMicroelectronics.X-CUBE-MEMS1.pdsc
2025-06-09 17:30:42,290 [WARN] MainUpdater:1193 - Updater busy. Cannot search thirdparties
2025-06-09 17:30:42,291 [INFO] ThirdPartyUpdaterWithRetryManager:96 - Updater plugin is busy. [2/15]
2025-06-09 17:30:43,148 [INFO] WebApp:169 - Instantiating new browser for Auth
2025-06-09 17:30:43,191 [INFO] ServerAccessManage:473 - Download File STMicroelectronics.X-CUBE-ST67W61.pdsc
2025-06-09 17:30:43,867 [WARN] PackLoader:240 - Cannot read IP mode file for STMicroelectronics.X-CUBE-AI.10.1.0
2025-06-09 17:30:44,085 [WARN] PackLoader:240 - Cannot read IP mode file for STMicroelectronics.X-CUBE-MEMS1.11.3.0
2025-06-09 17:30:44,100 [INFO] CheckServerUpdateThread:120 - End of CheckServer Thread
2025-06-09 17:30:44,256 [WARN] PackLoader:240 - Cannot read IP mode file for STMicroelectronics.X-CUBE-ST67W61.1.0.0
2025-06-09 17:30:44,270 [INFO] PopulateThirdPartyThread:66 - Ending populate Thread
2025-06-09 17:30:44,279 [INFO] ThirdParty:1030 - CMSIS Pack Vendor :STMicroelectronics X-CUBE-AI 10.1.0
2025-06-09 17:30:44,283 [INFO] ThirdParty:1030 - CMSIS Pack Vendor :STMicroelectronics X-CUBE-ST67W61 1.0.0
2025-06-09 17:30:44,287 [INFO] ThirdParty:1030 - CMSIS Pack Vendor :STMicroelectronics X-CUBE-MEMS1 11.3.0
2025-06-09 17:30:44,290 [INFO] LoadServerUpdatesThread:375 - End of LoadServerUpdate Thread
2025-06-09 17:30:44,517 [INFO] WebApp:463 - Apply proxy settings
2025-06-09 17:30:44,523 [INFO] WebApp:508 - Chromium authenticates against Manually configured proxy
2025-06-09 17:30:44,537 [INFO] WebApp:516 - Username used for proxy authentication: 
2025-06-09 17:30:44,576 [INFO] WebApp:894 - Register for checkConnection events
2025-06-09 17:30:44,576 [INFO] WebApp:463 - Apply proxy settings
2025-06-09 17:30:44,579 [INFO] WebApp:508 - Chromium authenticates against Manually configured proxy
2025-06-09 17:30:44,579 [INFO] WebApp:516 - Username used for proxy authentication: 
2025-06-09 17:30:44,697 [INFO] WebApp:225 - Starting web application
2025-06-09 17:30:44,697 [INFO] WebApp:593 - Web application path used /Applications/STM32CubeIDE.app/Contents/Eclipse/plugins/com.st.stm32cube.common.mx_6.14.1.202504091515/db/plugins/mcufinder/reactClient1/index.html
2025-06-09 17:30:45,171 [INFO] WebApp:191 - Connection restablished
2025-06-09 17:30:45,430 [WARN] PackLoader:240 - Cannot read IP mode file for STMicroelectronics.FP-SNS-MOTENVWB1.1.4.0
2025-06-09 17:30:45,451 [WARN] PackLoader:240 - Cannot read IP mode file for STMicroelectronics.FP-ATR-ASTRA1.2.0.2
2025-06-09 17:30:45,457 [WARN] PackLoader:240 - Cannot read IP mode file for STMicroelectronics.FP-ATR-ASTRA1.2.0.1
2025-06-09 17:30:45,462 [WARN] PackLoader:240 - Cannot read IP mode file for STMicroelectronics.X-CUBE-SMBUS.2.1.0
2025-06-09 17:30:45,471 [WARN] PackLoader:240 - Cannot read IP mode file for STMicroelectronics.X-CUBE-WB05N.1.1.0
2025-06-09 17:30:45,477 [WARN] PackLoader:240 - Cannot read IP mode file for STMicroelectronics.X-CUBE-ST60.1.0.0
2025-06-09 17:30:45,505 [WARN] PackLoader:240 - Cannot read IP mode file for STMicroelectronics.X-CUBE-AZRTOS-F7.1.1.0
2025-06-09 17:30:45,514 [WARN] PackLoader:240 - Cannot read IP mode file for STMicroelectronics.FP-SNS-FLIGHT1.5.0.2
2025-06-09 17:30:45,547 [WARN] PackLoader:240 - Cannot read IP mode file for Infineon.AIROC-Wi-Fi-Bluetooth-STM32.1.7.0
2025-06-09 17:30:45,560 [WARN] PackLoader:240 - Cannot read IP mode file for STMicroelectronics.X-CUBE-DISPLAY.3.0.0
2025-06-09 17:30:45,567 [WARN] PackLoader:240 - Cannot read IP mode file for STMicroelectronics.X-CUBE-BLE1.7.0.0
2025-06-09 17:30:45,576 [WARN] PackLoader:240 - Cannot read IP mode file for STMicroelectronics.X-CUBE-NFC10.1.0.0
2025-06-09 17:30:45,596 [WARN] PackLoader:240 - Cannot read IP mode file for STMicroelectronics.X-CUBE-BLEMGR.4.0.0
2025-06-09 17:30:45,614 [WARN] PackLoader:240 - Cannot read IP mode file for emotas.I-CUBE-CANOPEN.1.3.0
2025-06-09 17:30:45,624 [WARN] PackLoader:240 - Cannot read IP mode file for STMicroelectronics.X-CUBE-AI.10.0.0
2025-06-09 17:30:45,635 [WARN] PackLoader:240 - Cannot read IP mode file for STMicroelectronics.FP-SNS-SMARTAG2.1.2.0
2025-06-09 17:30:45,639 [WARN] PackLoader:240 - Cannot read IP mode file for STMicroelectronics.FP-SNS-FLIGHT1.5.1.0
2025-06-09 17:30:45,693 [WARN] PackLoader:240 - Cannot read IP mode file for STMicroelectronics.X-CUBE-MEMS1.11.1.0
2025-06-09 17:30:45,770 [INFO] LogOutputStream:77 - [STDOUT_REDIRECT] 1 : Invalid condition id : UX_CORESTACK_Condition cause : null
2025-06-09 17:30:45,771 [INFO] LogOutputStream:77 - [STDOUT_REDIRECT] 1 : Invalid condition id : UX_CORESTACK_Condition cause : null
2025-06-09 17:30:45,771 [INFO] LogOutputStream:77 - [STDOUT_REDIRECT] 1 : Invalid condition id : UX_CORESTACK_Condition cause : null
2025-06-09 17:30:45,771 [INFO] LogOutputStream:77 - [STDOUT_REDIRECT] 1 : Invalid condition id : UX_CORESTACK_Condition cause : null
2025-06-09 17:30:45,771 [INFO] LogOutputStream:77 - [STDOUT_REDIRECT] 1 : Invalid condition id : UX_CORESTACK_Condition cause : null
2025-06-09 17:30:45,776 [WARN] PackLoader:240 - Cannot read IP mode file for STMicroelectronics.X-CUBE-AZRTOS-WL.2.0.0
2025-06-09 17:30:45,787 [WARN] PackLoader:240 - Cannot read IP mode file for STMicroelectronics.FP-SNS-MOTENV1.5.0.0
2025-06-09 17:30:45,806 [WARN] PackLoader:240 - Cannot read IP mode file for wolfSSL.I-CUBE-wolfMQTT.1.19.0
2025-06-09 17:30:45,820 [WARN] PackLoader:240 - Cannot read IP mode file for WES.I-CUBE-Cesium.1.3.0
2025-06-09 17:30:45,826 [WARN] PackLoader:240 - Cannot read IP mode file for STMicroelectronics.X-CUBE-BLE2.3.3.0
2025-06-09 17:30:45,833 [WARN] PackLoader:240 - Cannot read IP mode file for STMicroelectronics.X-CUBE-NFC9.1.0.0
2025-06-09 17:30:45,842 [WARN] PackLoader:240 - Cannot read IP mode file for STMicroelectronics.X-CUBE-BLE1.7.1.0
2025-06-09 17:30:45,847 [WARN] PackLoader:240 - Cannot read IP mode file for STMicroelectronics.X-CUBE-AI.10.1.0
2025-06-09 17:30:45,899 [WARN] PackLoader:240 - Cannot read IP mode file for STMicroelectronics.X-CUBE-MEMS1.11.2.0
2025-06-09 17:30:45,971 [WARN] PackLoader:240 - Cannot read IP mode file for STMicroelectronics.X-CUBE-AZRTOS-G0.1.1.0
2025-06-09 17:30:45,979 [WARN] PackLoader:240 - Cannot read IP mode file for STMicroelectronics.X-CUBE-SAFEA1.1.2.2
2025-06-09 17:30:45,984 [WARN] PackLoader:240 - Cannot read IP mode file for STMicroelectronics.X-CUBE-NFC4.3.0.0
2025-06-09 17:30:45,993 [WARN] PackLoader:240 - Cannot read IP mode file for EmbeddedOffice.I-CUBE-FS-RTOS.1.0.1
2025-06-09 17:30:46,001 [WARN] PackLoader:240 - Cannot read IP mode file for STMicroelectronics.X-CUBE-WB05N.2.0.0
2025-06-09 17:30:46,007 [WARN] PackLoader:240 - Cannot read IP mode file for STMicroelectronics.X-CUBE-TCPP.4.2.0
2025-06-09 17:30:46,010 [WARN] PackLoader:240 - Cannot read IP mode file for RealThread.X-CUBE-RT-Thread_Nano.4.1.1
2025-06-09 17:30:46,013 [WARN] PackLoader:240 - Cannot read IP mode file for STMicroelectronics.FP-ATR-SIGFOX1.3.2.0
2025-06-09 17:30:46,015 [WARN] ConditionMgr:438 - getConditionDescription Invalid condition id : Cortex-A Device cause : null
2025-06-09 17:30:46,039 [WARN] ConditionMgr:1044 - genDependencies : Invalid condition id : Cortex-A Device cause : null
2025-06-09 17:30:46,039 [WARN] ConditionMgr:1044 - genDependencies : Invalid condition id : Cortex-A Device cause : null
2025-06-09 17:30:46,039 [WARN] ConditionMgr:1044 - genDependencies : Invalid condition id : Cortex-A Device cause : null
2025-06-09 17:30:46,043 [WARN] PackLoader:240 - Cannot read IP mode file for STMicroelectronics.X-CUBE-EEPRMA1.5.1.0
2025-06-09 17:30:46,046 [WARN] PackLoader:240 - Cannot read IP mode file for wolfSSL.I-CUBE-wolfSSL.5.7.6
2025-06-09 17:30:46,049 [WARN] PackLoader:240 - Cannot read IP mode file for ITTIA_DB.I-CUBE-ITTIADB.8.9.0
2025-06-09 17:30:46,053 [WARN] PackLoader:240 - Cannot read IP mode file for STMicroelectronics.X-CUBE-ST67W61.1.0.0
2025-06-09 17:30:46,087 [WARN] PackLoader:240 - Cannot read IP mode file for SEGGER.I-CUBE-embOS.1.3.1
2025-06-09 17:30:46,111 [WARN] PackLoader:240 - Cannot read IP mode file for STMicroelectronics.X-CUBE-ALGOBUILD.1.4.0
2025-06-09 17:30:46,159 [WARN] PackLoader:240 - Cannot read IP mode file for STMicroelectronics.X-CUBE-MEMS1.11.3.0
2025-06-09 17:30:46,229 [WARN] PackLoader:240 - Cannot read IP mode file for STMicroelectronics.X-CUBE-AZRTOS-F4.1.1.0
2025-06-09 17:30:46,235 [WARN] PackLoader:240 - Cannot read IP mode file for Avnet-IotConnect.X-CUBE-IoTC-DA16k-PMOD.1.0.0
2025-06-09 17:30:46,241 [WARN] PackLoader:240 - Cannot read IP mode file for STMicroelectronics.X-CUBE-ISPU.2.1.0
2025-06-09 17:30:46,273 [WARN] PackLoader:240 - Cannot read IP mode file for STMicroelectronics.X-CUBE-AZRTOS-L5.2.0.0
2025-06-09 17:30:46,289 [WARN] PackLoader:240 - Cannot read IP mode file for STMicroelectronics.X-CUBE-NFC6.3.1.0
2025-06-09 17:30:46,295 [WARN] PackLoader:240 - Cannot read IP mode file for STMicroelectronics.X-CUBE-DPower.1.2.0
2025-06-09 17:30:46,302 [WARN] PackLoader:240 - Cannot read IP mode file for STMicroelectronics.X-CUBE-FREERTOS.1.3.1
2025-06-09 17:30:46,305 [WARN] PackLoader:240 - Cannot read IP mode file for STMicroelectronics.X-CUBE-FREERTOS.1.3.0
2025-06-09 17:30:46,308 [WARN] PackLoader:240 - Cannot read IP mode file for STMicroelectronics.X-CUBE-NFC7.1.0.1
2025-06-09 17:30:46,315 [WARN] PackLoader:240 - Cannot read IP mode file for STMicroelectronics.X-CUBE-DPower.1.3.0
2025-06-09 17:30:46,331 [WARN] ConditionMgr:438 - getConditionDescription Invalid condition id : LAN8742 Phy interface Condition cause : null
2025-06-09 17:30:46,332 [WARN] PackLoader:240 - Cannot read IP mode file for STMicroelectronics.X-CUBE-AZRTOS-L4.2.0.0
2025-06-09 17:30:46,334 [WARN] ConditionMgr:1044 - genDependencies : Invalid condition id : LAN8742 Phy interface Condition cause : null
2025-06-09 17:30:46,334 [WARN] ConditionMgr:1044 - genDependencies : Invalid condition id : LAN8742 Phy interface Condition cause : null
2025-06-09 17:30:46,335 [WARN] ConditionMgr:1044 - genDependencies : Invalid condition id : LAN8742 Phy interface Condition cause : null
2025-06-09 17:30:46,343 [WARN] PackLoader:240 - Cannot read IP mode file for STMicroelectronics.X-CUBE-SFXS2LP1.4.0.0
2025-06-09 17:30:46,361 [WARN] PackLoader:240 - Cannot read IP mode file for STMicroelectronics.X-CUBE-AZRTOS-H7.3.3.0
2025-06-09 17:30:46,374 [WARN] ConditionMgr:438 - getConditionDescription Invalid condition id : UX DEVICE CLASS RTOS Condition cause : null
2025-06-09 17:30:46,375 [WARN] ConditionMgr:438 - getConditionDescription Invalid condition id : UX DEVICE CLASS RTOS Condition cause : null
2025-06-09 17:30:46,378 [WARN] PackLoader:240 - Cannot read IP mode file for STMicroelectronics.X-CUBE-AZRTOS-WB.2.0.0
2025-06-09 17:30:46,378 [WARN] ConditionMgr:1044 - genDependencies : Invalid condition id : UX DEVICE CLASS RTOS Condition cause : null
2025-06-09 17:30:46,378 [WARN] ConditionMgr:1044 - genDependencies : Invalid condition id : UX DEVICE CLASS RTOS Condition cause : null
2025-06-09 17:30:46,379 [WARN] ConditionMgr:1044 - genDependencies : Invalid condition id : UX DEVICE CLASS RTOS Condition cause : null
2025-06-09 17:30:46,379 [WARN] ConditionMgr:1044 - genDependencies : Invalid condition id : UX DEVICE CLASS RTOS Condition cause : null
2025-06-09 17:30:46,379 [WARN] ConditionMgr:1044 - genDependencies : Invalid condition id : UX DEVICE CLASS RTOS Condition cause : null
2025-06-09 17:30:46,386 [WARN] PackLoader:240 - Cannot read IP mode file for STMicroelectronics.X-CUBE-GNSS1.7.0.1
2025-06-09 17:30:46,389 [WARN] PackLoader:240 - Cannot read IP mode file for STMicroelectronics.X-CUBE-TOUCHGFX.4.25.0
2025-06-09 17:30:46,394 [WARN] PackLoader:240 - Cannot read IP mode file for STMicroelectronics.FP-SNS-STBOX1.2.0.0
2025-06-09 17:30:46,409 [WARN] PackLoader:240 - Cannot read IP mode file for STMicroelectronics.X-CUBE-SUBG2.5.0.0
2025-06-09 17:30:46,438 [WARN] PackLoader:240 - Cannot read IP mode file for STMicroelectronics.X-CUBE-AZRTOS-H7RS.1.1.0
2025-06-09 17:30:46,444 [WARN] PackLoader:240 - Cannot read IP mode file for Cesanta.I-CUBE-Mongoose.7.13.0
2025-06-09 17:30:46,455 [WARN] PackLoader:240 - Cannot read IP mode file for STMicroelectronics.X-CUBE-AZRTOS-G4.2.0.0
2025-06-09 17:30:46,466 [WARN] PackLoader:240 - Cannot read IP mode file for STMicroelectronics.X-CUBE-NFC7.2.0.0
2025-06-09 17:30:46,476 [WARN] PackLoader:240 - Cannot read IP mode file for STMicroelectronics.X-CUBE-IPS.3.1.0
2025-06-09 17:30:46,482 [WARN] PackLoader:240 - Cannot read IP mode file for STMicroelectronics.X-CUBE-ALS.1.0.2
2025-06-09 17:30:46,484 [WARN] PackLoader:240 - Cannot read IP mode file for STMicroelectronics.X-CUBE-TOUCHGFX.4.24.2
2025-06-09 17:30:46,486 [WARN] PackLoader:240 - Cannot read IP mode file for wolfSSL.I-CUBE-wolfTPM.3.4.0
2025-06-09 17:30:46,490 [WARN] PackLoader:240 - Cannot read IP mode file for portGmbH.I-Cube-SoM-uGOAL.1.1.0
2025-06-09 17:30:46,506 [WARN] PackLoader:240 - Cannot read IP mode file for STMicroelectronics.X-CUBE-AZRTOS-H7RS.1.0.0
2025-06-09 17:30:46,517 [WARN] PackLoader:240 - Cannot read IP mode file for STMicroelectronics.X-CUBE-TOF1.3.4.2
2025-06-09 17:30:46,532 [WARN] PackLoader:240 - Cannot read IP mode file for STMicroelectronics.X-CUBE-TOF1.3.4.3
2025-06-09 17:30:46,541 [WARN] PackLoader:240 - Cannot read IP mode file for wolfSSL.I-CUBE-wolfSSH.1.4.17
2025-06-09 17:30:46,542 [INFO] ThirdParty:978 - Integrity check success = true
2025-06-09 17:30:46,542 [INFO] IntegrityCheckThread:100 - exiting critical section [integrity check]
2025-06-09 17:30:46,543 [INFO] IntegrityCheckThread:103 - End integrity checks thread
2025-06-09 18:37:55,892 [INFO] WebApp:194 - Connection lost
2025-06-09 18:37:56,837 [INFO] WebApp:191 - Connection restablished
2025-06-09 18:56:54,664 [ERROR] LogOutputStream:75 - [STDERR_REDIRECT] 
