2025-05-29 17:08:08,492 [INFO] Activator:176 - 


2025-05-29 17:08:08,497 [INFO] Activator:177 - !SESSION log4j initialized
2025-05-29 17:08:10,337 [ERROR] LogOutputStream:75 - [STDERR_REDIRECT] 
2025-05-29 17:08:10,682 [INFO] LogOutputStream:77 - [STDOUT_REDIRECT] 
2025-05-29 17:08:11,867 [INFO] LogOutputStream:77 - [STDOUT_REDIRECT] 
2025-05-29 17:08:13,051 [INFO] ApplicationProperties:184 - Using Application install path: /Applications/STM32CubeIDE.app/Contents/Eclipse/plugins/com.st.stm32cube.common.mx_6.14.1.202504091515
2025-05-29 17:08:13,060 [INFO] DbMcusXml:78 - Set database path to: /Applications/STM32CubeIDE.app/Contents/Eclipse/plugins/com.st.stm32cube.common.mx_6.14.1.202504091515//db//mcu/
2025-05-29 17:08:13,060 [INFO] ApiDb:274 - Set plugin database path to: /Applications/STM32CubeIDE.app/Contents/Eclipse/plugins/com.st.stm32cube.common.mx_6.14.1.202504091515//db//plugins/boardmanager/
2025-05-29 17:08:13,061 [WARN] ApiDb:259 - Overriding images path with different value:  => /Applications/STM32CubeIDE.app/Contents/Eclipse/plugins/com.st.stm32cube.common.mx_6.14.1.202504091515//db//plugins/mcufinder/images/
2025-05-29 17:08:13,065 [INFO] ApiDb:250 - Set database path to: /Users/mauricewashington/.stmcufinder/plugins/mcufinder//mcu/
2025-05-29 17:08:13,066 [INFO] DbMcusAds:125 - Set database path to: /Users/mauricewashington/.stmcufinder/plugins/mcufinder//mcu/
2025-05-29 17:08:13,067 [INFO] CrossReferenceDbSqlite:203 - Set database path to: /Users/mauricewashington/.stmcufinder/plugins/mcufinder//mcu/cs/
2025-05-29 17:08:13,158 [INFO] RulesReader:64 - Compatibility file has been processed (302 Rules)
2025-05-29 17:08:13,215 [INFO] DbMcusXml:78 - Set database path to: /Applications/STM32CubeIDE.app/Contents/Eclipse/plugins/com.st.stm32cube.common.mx_6.14.1.202504091515//db//mcu/
2025-05-29 17:08:13,215 [INFO] ApiDb:274 - Set plugin database path to: /Applications/STM32CubeIDE.app/Contents/Eclipse/plugins/com.st.stm32cube.common.mx_6.14.1.202504091515//db//plugins/boardmanager/
2025-05-29 17:08:13,216 [INFO] ApiDb:261 - Set plugin images path to: /Applications/STM32CubeIDE.app/Contents/Eclipse/plugins/com.st.stm32cube.common.mx_6.14.1.202504091515//db//plugins/mcufinder/images/
2025-05-29 17:08:13,217 [WARN] DbFile:41 - Overriding database path with different value: /Users/mauricewashington/.stmcufinder/plugins/mcufinder/ => /Users/mauricewashington/.stmcufinder/plugins/mcufinder
2025-05-29 17:08:13,217 [INFO] ApiDb:250 - Set database path to: /Users/mauricewashington/.stmcufinder/plugins/mcufinder//mcu/
2025-05-29 17:08:13,217 [WARN] DbFile:41 - Overriding database path with different value: /Users/mauricewashington/.stmcufinder/plugins/mcufinder/ => /Users/mauricewashington/.stmcufinder/plugins/mcufinder
2025-05-29 17:08:13,217 [INFO] DbMcusAds:125 - Set database path to: /Users/mauricewashington/.stmcufinder/plugins/mcufinder//mcu/
2025-05-29 17:08:13,217 [WARN] DbFile:41 - Overriding database path with different value: /Users/mauricewashington/.stmcufinder/plugins/mcufinder/ => /Users/mauricewashington/.stmcufinder/plugins/mcufinder
2025-05-29 17:08:13,217 [WARN] DbFile:41 - Overriding database path with different value: /Users/mauricewashington/.stmcufinder/plugins/mcufinder/ => /Users/mauricewashington/.stmcufinder/plugins/mcufinder
2025-05-29 17:08:13,217 [INFO] CrossReferenceDbSqlite:203 - Set database path to: /Users/mauricewashington/.stmcufinder/plugins/mcufinder//mcu/cs/
2025-05-29 17:08:13,265 [INFO] MainPanel:272 - HeapMemory: 268435456
2025-05-29 17:08:13,671 [INFO] DbMcusXml:78 - Set database path to: /Applications/STM32CubeIDE.app/Contents/Eclipse/plugins/com.st.stm32cube.common.mx_6.14.1.202504091515//db//mcu/
2025-05-29 17:08:13,671 [INFO] ApiDb:274 - Set plugin database path to: /Applications/STM32CubeIDE.app/Contents/Eclipse/plugins/com.st.stm32cube.common.mx_6.14.1.202504091515//db//plugins/boardmanager/
2025-05-29 17:08:13,672 [INFO] ApiDb:261 - Set plugin images path to: /Applications/STM32CubeIDE.app/Contents/Eclipse/plugins/com.st.stm32cube.common.mx_6.14.1.202504091515//db//plugins/mcufinder/images/
2025-05-29 17:08:13,672 [WARN] DbFile:41 - Overriding database path with different value: /Users/mauricewashington/.stmcufinder/plugins/mcufinder/ => /Users/mauricewashington/.stmcufinder/plugins/mcufinder
2025-05-29 17:08:13,672 [INFO] ApiDb:250 - Set database path to: /Users/mauricewashington/.stmcufinder/plugins/mcufinder//mcu/
2025-05-29 17:08:13,672 [WARN] DbFile:41 - Overriding database path with different value: /Users/mauricewashington/.stmcufinder/plugins/mcufinder/ => /Users/mauricewashington/.stmcufinder/plugins/mcufinder
2025-05-29 17:08:13,672 [INFO] DbMcusAds:125 - Set database path to: /Users/mauricewashington/.stmcufinder/plugins/mcufinder//mcu/
2025-05-29 17:08:13,672 [WARN] DbFile:41 - Overriding database path with different value: /Users/mauricewashington/.stmcufinder/plugins/mcufinder/ => /Users/mauricewashington/.stmcufinder/plugins/mcufinder
2025-05-29 17:08:13,672 [WARN] DbFile:41 - Overriding database path with different value: /Users/mauricewashington/.stmcufinder/plugins/mcufinder/ => /Users/mauricewashington/.stmcufinder/plugins/mcufinder
2025-05-29 17:08:13,672 [INFO] CrossReferenceDbSqlite:203 - Set database path to: /Users/mauricewashington/.stmcufinder/plugins/mcufinder//mcu/cs/
2025-05-29 17:08:13,687 [INFO] ApplicationProperties:184 - Using Application install path: /Applications/STM32CubeIDE.app/Contents/Eclipse/plugins/com.st.stm32cube.common.mx_6.14.1.202504091515
2025-05-29 17:08:13,688 [INFO] PluginManage:196 - Search for loadable plugins [exclusion list=, ]
2025-05-29 17:08:13,690 [INFO] PluginManage:310 - Check plugin analytics
2025-05-29 17:08:13,852 [INFO] AnalyticsPlugin:253 - Accepted Software Licenses: 
2025-05-29 17:08:13,852 [INFO] AnalyticsPlugin:255 - Accepted CMSIS Pack Licenses: 
2025-05-29 17:08:13,852 [INFO] AnalyticsPlugin:257 - Accepted Firmware Licenses: 
2025-05-29 17:08:13,860 [INFO] PluginManage:359 - Loaded plugin analytics (category:tool,tabindex:-1)
2025-05-29 17:08:13,861 [INFO] PluginManage:310 - Check plugin cadmodel
2025-05-29 17:08:13,870 [INFO] CADModel:105 - Init CAD model plugin
2025-05-29 17:08:13,870 [INFO] PluginManage:359 - Loaded plugin cadmodel (category:power,tabindex:5)
2025-05-29 17:08:13,870 [INFO] PluginManage:310 - Check plugin clock
2025-05-29 17:08:13,878 [INFO] PluginManage:359 - Loaded plugin clock (category:base,tabindex:2)
2025-05-29 17:08:13,878 [INFO] PluginManage:310 - Check plugin ddr
2025-05-29 17:08:13,880 [INFO] PluginManage:359 - Loaded plugin ddr (category:tool,tabindex:6)
2025-05-29 17:08:13,881 [INFO] PluginManage:310 - Check plugin filemanager
2025-05-29 17:08:13,989 [INFO] PluginManage:359 - Loaded plugin filemanager (category:base,tabindex:10)
2025-05-29 17:08:13,989 [INFO] PluginManage:310 - Check plugin ipmanager
2025-05-29 17:08:13,996 [INFO] PluginManage:359 - Loaded plugin ipmanager (category:base,tabindex:5)
2025-05-29 17:08:13,996 [INFO] PluginManage:310 - Check plugin lpbam
2025-05-29 17:08:14,003 [INFO] PluginManage:359 - Loaded plugin lpbam (category:base,tabindex:0)
2025-05-29 17:08:14,004 [INFO] PluginManage:310 - Check plugin memorymap
2025-05-29 17:08:14,029 [INFO] PluginManage:359 - Loaded plugin memorymap (category:base,tabindex:4)
2025-05-29 17:08:14,030 [INFO] PluginManage:310 - Check plugin pinoutandconfiguration
2025-05-29 17:08:14,036 [INFO] PluginManage:359 - Loaded plugin pinoutandconfiguration (category:base,tabindex:1)
2025-05-29 17:08:14,037 [INFO] PluginManage:310 - Check plugin pinoutconfig
2025-05-29 17:08:14,316 [WARN] SupportedApi:132 - Cannot load RTOS API schema: s4s-elt-must-match.1: The content of 'definitions' must match (annotation?, (simpleType | complexType)?, (unique | key | keyref)*)). A problem was found starting at: attribute.
2025-05-29 17:08:14,457 [INFO] PluginManage:359 - Loaded plugin pinoutconfig (category:base,tabindex:0)
2025-05-29 17:08:14,458 [INFO] PluginManage:310 - Check plugin power
2025-05-29 17:08:14,478 [INFO] PluginManage:359 - Loaded plugin power (category:power,tabindex:4)
2025-05-29 17:08:14,479 [INFO] PluginManage:310 - Check plugin projectmanager
2025-05-29 17:08:14,509 [INFO] PluginManage:359 - Loaded plugin projectmanager (category:projectmanager,tabindex:4)
2025-05-29 17:08:14,509 [INFO] PluginManage:310 - Check plugin rif
2025-05-29 17:08:14,514 [INFO] PluginManage:359 - Loaded plugin rif (category:base,tabindex:3)
2025-05-29 17:08:14,515 [INFO] PluginManage:310 - Check plugin thirdparty
2025-05-29 17:08:14,640 [INFO] PluginManage:359 - Loaded plugin thirdparty (category:base,tabindex:-1)
2025-05-29 17:08:14,640 [INFO] PluginManage:310 - Check plugin tools
2025-05-29 17:08:14,643 [INFO] PluginManage:359 - Loaded plugin tools (category:base,tabindex:7)
2025-05-29 17:08:14,643 [INFO] PluginManage:310 - Check plugin tutovideos
2025-05-29 17:08:14,640 [WARN] IntegrityCheckThread:84 - waiting for thirdparty lock release [integrity check]
2025-05-29 17:08:14,643 [INFO] IntegrityCheckThread:86 - entering critical section [integrity check]
2025-05-29 17:08:14,644 [INFO] ThirdPartyUpdaterWithRetryManager:70 - Updater plugin not ready yet. [1/15]
2025-05-29 17:08:14,767 [INFO] PluginManage:359 - Loaded plugin tutovideos (category:base,tabindex:-1)
2025-05-29 17:08:14,767 [INFO] PluginManage:310 - Check plugin updater
2025-05-29 17:08:14,787 [INFO] PluginManage:359 - Loaded plugin updater (category:base,tabindex:12)
2025-05-29 17:08:14,788 [INFO] PluginManage:310 - Check plugin userauth
2025-05-29 17:08:14,791 [INFO] UserAuth:118 - Init User Auth plugin
2025-05-29 17:08:14,792 [INFO] PluginManage:359 - Loaded plugin userauth (category:base,tabindex:14)
2025-05-29 17:08:14,794 [INFO] PluginManage:283 - PluginManage : Loaded plugins [18]
2025-05-29 17:08:14,970 [INFO] PinOutPanel:1589 - setPackage(No Configuration,No Configuration)
2025-05-29 17:08:15,017 [INFO] CADModel:165 - CPN selected for project level
2025-05-29 17:08:15,017 [INFO] CADModel:114 - Register for checkConnection events
2025-05-29 17:08:15,027 [INFO] IPUIPlugin:80 - create IPUIPlugin
2025-05-29 17:08:15,027 [INFO] PluginManager:220 - loadIPPluginJar : add mdma
2025-05-29 17:08:15,031 [INFO] IPUIPlugin:80 - create IPUIPlugin
2025-05-29 17:08:15,031 [INFO] PluginManager:220 - loadIPPluginJar : add freertos
2025-05-29 17:08:15,033 [INFO] IPUIPlugin:80 - create IPUIPlugin
2025-05-29 17:08:15,033 [INFO] PluginManager:220 - loadIPPluginJar : add gic
2025-05-29 17:08:15,038 [INFO] IPUIPlugin:80 - create IPUIPlugin
2025-05-29 17:08:15,038 [INFO] PluginManager:220 - loadIPPluginJar : add adc
2025-05-29 17:08:15,039 [INFO] IPUIPlugin:80 - create IPUIPlugin
2025-05-29 17:08:15,039 [INFO] PluginManager:220 - loadIPPluginJar : add gtzc
2025-05-29 17:08:15,040 [INFO] IPUIPlugin:80 - create IPUIPlugin
2025-05-29 17:08:15,040 [INFO] PluginManager:220 - loadIPPluginJar : add quadspi
2025-05-29 17:08:15,041 [INFO] IPUIPlugin:80 - create IPUIPlugin
2025-05-29 17:08:15,041 [INFO] PluginManager:220 - loadIPPluginJar : add aes
2025-05-29 17:08:15,042 [INFO] IPUIPlugin:80 - create IPUIPlugin
2025-05-29 17:08:15,042 [INFO] PluginManager:220 - loadIPPluginJar : add pdm2pcm
2025-05-29 17:08:15,043 [INFO] IPUIPlugin:80 - create IPUIPlugin
2025-05-29 17:08:15,043 [INFO] PluginManager:220 - loadIPPluginJar : add hash
2025-05-29 17:08:15,043 [INFO] IPUIPlugin:80 - create IPUIPlugin
2025-05-29 17:08:15,044 [INFO] PluginManager:220 - loadIPPluginJar : add tim
2025-05-29 17:08:15,044 [INFO] IPUIPlugin:80 - create IPUIPlugin
2025-05-29 17:08:15,044 [INFO] PluginManager:220 - loadIPPluginJar : add tsc
2025-05-29 17:08:15,046 [INFO] IPUIPlugin:80 - create IPUIPlugin
2025-05-29 17:08:15,047 [INFO] PluginManager:220 - loadIPPluginJar : add extmemmanager
2025-05-29 17:08:15,048 [INFO] IPUIPlugin:80 - create IPUIPlugin
2025-05-29 17:08:15,048 [INFO] PluginManager:220 - loadIPPluginJar : add ts
2025-05-29 17:08:15,049 [INFO] IPUIPlugin:80 - create IPUIPlugin
2025-05-29 17:08:15,049 [INFO] PluginManager:220 - loadIPPluginJar : add radio
2025-05-29 17:08:15,050 [INFO] IPUIPlugin:80 - create IPUIPlugin
2025-05-29 17:08:15,050 [INFO] PluginManager:220 - loadIPPluginJar : add can
2025-05-29 17:08:15,051 [INFO] IPUIPlugin:80 - create IPUIPlugin
2025-05-29 17:08:15,051 [INFO] PluginManager:220 - loadIPPluginJar : add dma3
2025-05-29 17:08:15,052 [INFO] IPUIPlugin:80 - create IPUIPlugin
2025-05-29 17:08:15,052 [INFO] PluginManager:220 - loadIPPluginJar : add dfsdm
2025-05-29 17:08:15,053 [INFO] IPUIPlugin:80 - create IPUIPlugin
2025-05-29 17:08:15,053 [INFO] PluginManager:220 - loadIPPluginJar : add spi
2025-05-29 17:08:15,054 [INFO] IPUIPlugin:80 - create IPUIPlugin
2025-05-29 17:08:15,054 [INFO] PluginManager:220 - loadIPPluginJar : add gfxmmu
2025-05-29 17:08:15,055 [INFO] IPUIPlugin:80 - create IPUIPlugin
2025-05-29 17:08:15,055 [INFO] PluginManager:220 - loadIPPluginJar : add genericplugin
2025-05-29 17:08:15,056 [INFO] IPUIPlugin:80 - create IPUIPlugin
2025-05-29 17:08:15,056 [INFO] PluginManager:220 - loadIPPluginJar : add cryp
2025-05-29 17:08:15,059 [INFO] IPUIPlugin:80 - create IPUIPlugin
2025-05-29 17:08:15,059 [INFO] PluginManager:220 - loadIPPluginJar : add gpio
2025-05-29 17:08:15,061 [INFO] IPUIPlugin:80 - create IPUIPlugin
2025-05-29 17:08:15,061 [INFO] PluginManager:220 - loadIPPluginJar : add ddr_ctrl_phy
2025-05-29 17:08:15,062 [INFO] IPUIPlugin:80 - create IPUIPlugin
2025-05-29 17:08:15,062 [INFO] PluginManager:220 - loadIPPluginJar : add comp
2025-05-29 17:08:15,064 [INFO] IPUIPlugin:80 - create IPUIPlugin
2025-05-29 17:08:15,064 [INFO] PluginManager:220 - loadIPPluginJar : add tracer_emb
2025-05-29 17:08:15,065 [INFO] IPUIPlugin:80 - create IPUIPlugin
2025-05-29 17:08:15,065 [INFO] PluginManager:220 - loadIPPluginJar : add openamp
2025-05-29 17:08:15,068 [INFO] IPUIPlugin:80 - create IPUIPlugin
2025-05-29 17:08:15,068 [INFO] PluginManager:220 - loadIPPluginJar : add stm32_wpan
2025-05-29 17:08:15,070 [INFO] IPUIPlugin:80 - create IPUIPlugin
2025-05-29 17:08:15,072 [INFO] PluginManager:220 - loadIPPluginJar : add plateformsettings
2025-05-29 17:08:15,074 [INFO] IPUIPlugin:80 - create IPUIPlugin
2025-05-29 17:08:15,074 [INFO] PluginManager:220 - loadIPPluginJar : add ipddr
2025-05-29 17:08:15,076 [INFO] IPUIPlugin:80 - create IPUIPlugin
2025-05-29 17:08:15,076 [INFO] PluginManager:220 - loadIPPluginJar : add usart
2025-05-29 17:08:15,076 [INFO] IPUIPlugin:80 - create IPUIPlugin
2025-05-29 17:08:15,076 [INFO] PluginManager:220 - loadIPPluginJar : add ltdc
2025-05-29 17:08:15,078 [INFO] IPUIPlugin:80 - create IPUIPlugin
2025-05-29 17:08:15,078 [INFO] PluginManager:220 - loadIPPluginJar : add nvic
2025-05-29 17:08:15,078 [INFO] IPUIPlugin:80 - create IPUIPlugin
2025-05-29 17:08:15,078 [INFO] PluginManager:220 - loadIPPluginJar : add fatfs
2025-05-29 17:08:15,082 [INFO] IPUIPlugin:80 - create IPUIPlugin
2025-05-29 17:08:15,083 [INFO] PluginManager:220 - loadIPPluginJar : add linkedlist
2025-05-29 17:08:15,086 [INFO] IPUIPlugin:80 - create IPUIPlugin
2025-05-29 17:08:15,086 [INFO] PluginManager:220 - loadIPPluginJar : add dma
2025-05-29 17:08:15,087 [INFO] IPUIPlugin:80 - create IPUIPlugin
2025-05-29 17:08:15,087 [INFO] PluginManager:220 - loadIPPluginJar : add fmc
2025-05-29 17:08:15,088 [INFO] IPUIPlugin:80 - create IPUIPlugin
2025-05-29 17:08:15,088 [INFO] PluginManager:220 - loadIPPluginJar : add i2s
2025-05-29 17:08:15,088 [INFO] IPUIPlugin:80 - create IPUIPlugin
2025-05-29 17:08:15,089 [INFO] PluginManager:220 - loadIPPluginJar : add ucpd
2025-05-29 17:08:15,089 [INFO] IPUIPlugin:80 - create IPUIPlugin
2025-05-29 17:08:15,089 [INFO] PluginManager:220 - loadIPPluginJar : add lorawan
2025-05-29 17:08:15,090 [INFO] IPUIPlugin:80 - create IPUIPlugin
2025-05-29 17:08:15,090 [INFO] PluginManager:220 - loadIPPluginJar : add opamp
2025-05-29 17:08:15,092 [INFO] IPUIPlugin:80 - create IPUIPlugin
2025-05-29 17:08:15,092 [INFO] PluginManager:220 - loadIPPluginJar : add i3c
2025-05-29 17:08:15,093 [INFO] IPUIPlugin:80 - create IPUIPlugin
2025-05-29 17:08:15,093 [INFO] PluginManager:220 - loadIPPluginJar : add touchsensing
2025-05-29 17:08:15,094 [INFO] IPUIPlugin:80 - create IPUIPlugin
2025-05-29 17:08:15,094 [INFO] PluginManager:220 - loadIPPluginJar : add i2c
2025-05-29 17:08:15,096 [INFO] IPUIPlugin:80 - create IPUIPlugin
2025-05-29 17:08:15,096 [INFO] PluginManager:220 - loadIPPluginJar : add resmgrutility
2025-05-29 17:08:15,097 [INFO] IPUIPlugin:80 - create IPUIPlugin
2025-05-29 17:08:15,097 [INFO] PluginManager:220 - loadIPPluginJar : add sai
2025-05-29 17:08:15,098 [INFO] IPUIPlugin:80 - create IPUIPlugin
2025-05-29 17:08:15,098 [INFO] PluginManager:220 - loadIPPluginJar : add usbx
2025-05-29 17:08:15,199 [FATAL] Updater:351 - Updater called before beeing initialized
2025-05-29 17:08:15,250 [INFO] RulesReader:64 - Compatibility file has been processed (302 Rules)
2025-05-29 17:08:15,262 [INFO] RulesReader:64 - Compatibility file has been processed (302 Rules)
2025-05-29 17:08:15,269 [INFO] CADModel:165 - CPN selected for project level
2025-05-29 17:08:15,269 [INFO] CADModel:114 - Register for checkConnection events
2025-05-29 17:08:15,269 [FATAL] Updater:351 - Updater called before beeing initialized
2025-05-29 17:08:15,269 [ERROR] CADModel:125 - Updater not yet initialized, retry later 
2025-05-29 17:08:15,439 [FATAL] Updater:351 - Updater called before beeing initialized
2025-05-29 17:08:15,441 [INFO] CADModel:165 - CPN selected for project level
2025-05-29 17:08:15,441 [INFO] CADModel:114 - Register for checkConnection events
2025-05-29 17:08:15,441 [FATAL] Updater:351 - Updater called before beeing initialized
2025-05-29 17:08:15,441 [ERROR] CADModel:125 - Updater not yet initialized, retry later 
2025-05-29 17:08:15,443 [FATAL] Updater:351 - Updater called before beeing initialized
2025-05-29 17:08:15,553 [FATAL] Updater:351 - Updater called before beeing initialized
2025-05-29 17:08:15,557 [INFO] DbMcusAds:53 - JSON generation date=Wed May 07 02:07:55 PDT 2025 (1746608875679)
2025-05-29 17:08:15,557 [FATAL] Updater:351 - Updater called before beeing initialized
2025-05-29 17:08:15,616 [WARN] DetailPanel:346 - Failed to get advertising image, set to default
2025-05-29 17:08:15,757 [FATAL] Updater:351 - Updater called before beeing initialized
2025-05-29 17:08:15,760 [FATAL] Updater:351 - Updater called before beeing initialized
2025-05-29 17:08:15,760 [FATAL] Updater:351 - Updater called before beeing initialized
2025-05-29 17:08:15,760 [WARN] DetailPanel:346 - Failed to get advertising image, set to default
2025-05-29 17:08:15,761 [FATAL] Updater:351 - Updater called before beeing initialized
2025-05-29 17:08:15,819 [ERROR] Updater:1198 - MainUpdater not yet initialized. External WinMGr cannot be set.
2025-05-29 17:08:15,875 [INFO] Updater:1134 - Updater Version found : 6.14.1
2025-05-29 17:08:15,886 [INFO] ApplicationProperties:184 - Using Application install path: /Applications/STM32CubeIDE.app/Contents/Eclipse/plugins/com.st.stm32cube.common.mx_6.14.1.202504091515
2025-05-29 17:08:16,287 [INFO] MainUpdater:2872 - connection check result : 10
2025-05-29 17:08:16,288 [INFO] MainUpdater:289 - Updater Check For Update Now.
2025-05-29 17:08:16,289 [INFO] MicroXplorer:498 - Change Database Version : DB.6.0.141
2025-05-29 17:08:16,294 [INFO] McuFinderGlobals:63 - Set McuFinder mode to 2 (CubeIDE integrated)
2025-05-29 17:08:16,294 [INFO] UserAuth:171 - activating auth plugin
2025-05-29 17:08:16,303 [INFO] UserAuth:484 - Internet connection configuration mode: 1
2025-05-29 17:08:16,315 [INFO] JxBrowserEngine:152 - Initiate JxBrowser Engine with user profile folder
2025-05-29 17:08:16,513 [INFO] CheckServerUpdateThread:120 - End of CheckServer Thread
2025-05-29 17:08:17,788 [WARN] PackLoader:240 - Cannot read IP mode file for STMicroelectronics.FP-SNS-MOTENVWB1.1.4.0
2025-05-29 17:08:17,805 [WARN] PackLoader:240 - Cannot read IP mode file for STMicroelectronics.FP-ATR-ASTRA1.2.0.2
2025-05-29 17:08:17,812 [WARN] PackLoader:240 - Cannot read IP mode file for STMicroelectronics.FP-ATR-ASTRA1.2.0.1
2025-05-29 17:08:17,821 [WARN] PackLoader:240 - Cannot read IP mode file for STMicroelectronics.X-CUBE-SMBUS.2.1.0
2025-05-29 17:08:17,827 [WARN] PackLoader:240 - Cannot read IP mode file for STMicroelectronics.X-CUBE-WB05N.1.1.0
2025-05-29 17:08:17,831 [WARN] PackLoader:240 - Cannot read IP mode file for STMicroelectronics.X-CUBE-ST60.1.0.0
2025-05-29 17:08:17,865 [WARN] PackLoader:240 - Cannot read IP mode file for STMicroelectronics.X-CUBE-AZRTOS-F7.1.1.0
2025-05-29 17:08:17,882 [WARN] PackLoader:240 - Cannot read IP mode file for STMicroelectronics.FP-SNS-FLIGHT1.5.0.2
2025-05-29 17:08:17,921 [WARN] PackLoader:240 - Cannot read IP mode file for Infineon.AIROC-Wi-Fi-Bluetooth-STM32.1.7.0
2025-05-29 17:08:17,941 [WARN] PackLoader:240 - Cannot read IP mode file for STMicroelectronics.X-CUBE-DISPLAY.3.0.0
2025-05-29 17:08:17,953 [WARN] PackLoader:240 - Cannot read IP mode file for STMicroelectronics.X-CUBE-BLE1.7.0.0
2025-05-29 17:08:17,962 [WARN] PackLoader:240 - Cannot read IP mode file for STMicroelectronics.X-CUBE-NFC10.1.0.0
2025-05-29 17:08:17,989 [WARN] PackLoader:240 - Cannot read IP mode file for STMicroelectronics.X-CUBE-BLEMGR.4.0.0
2025-05-29 17:08:18,009 [WARN] PackLoader:240 - Cannot read IP mode file for emotas.I-CUBE-CANOPEN.1.3.0
2025-05-29 17:08:18,017 [WARN] PackLoader:240 - Cannot read IP mode file for STMicroelectronics.X-CUBE-AI.10.0.0
2025-05-29 17:08:18,021 [WARN] PackLoader:240 - Cannot read IP mode file for STMicroelectronics.FP-SNS-SMARTAG2.1.2.0
2025-05-29 17:08:18,026 [WARN] PackLoader:240 - Cannot read IP mode file for STMicroelectronics.FP-SNS-FLIGHT1.5.1.0
2025-05-29 17:08:18,147 [WARN] PackLoader:240 - Cannot read IP mode file for STMicroelectronics.X-CUBE-MEMS1.11.1.0
2025-05-29 17:08:18,257 [INFO] LogOutputStream:77 - [STDOUT_REDIRECT] 1 : Invalid condition id : UX_CORESTACK_Condition cause : null
2025-05-29 17:08:18,258 [INFO] LogOutputStream:77 - [STDOUT_REDIRECT] 1 : Invalid condition id : UX_CORESTACK_Condition cause : null
2025-05-29 17:08:18,259 [INFO] LogOutputStream:77 - [STDOUT_REDIRECT] 1 : Invalid condition id : UX_CORESTACK_Condition cause : null
2025-05-29 17:08:18,259 [INFO] LogOutputStream:77 - [STDOUT_REDIRECT] 1 : Invalid condition id : UX_CORESTACK_Condition cause : null
2025-05-29 17:08:18,261 [INFO] LogOutputStream:77 - [STDOUT_REDIRECT] 1 : Invalid condition id : UX_CORESTACK_Condition cause : null
2025-05-29 17:08:18,265 [WARN] PackLoader:240 - Cannot read IP mode file for STMicroelectronics.X-CUBE-AZRTOS-WL.2.0.0
2025-05-29 17:08:18,276 [WARN] PackLoader:240 - Cannot read IP mode file for STMicroelectronics.FP-SNS-MOTENV1.5.0.0
2025-05-29 17:08:18,285 [WARN] PackLoader:240 - Cannot read IP mode file for wolfSSL.I-CUBE-wolfMQTT.1.19.0
2025-05-29 17:08:18,294 [WARN] PackLoader:240 - Cannot read IP mode file for WES.I-CUBE-Cesium.1.3.0
2025-05-29 17:08:18,302 [WARN] PackLoader:240 - Cannot read IP mode file for STMicroelectronics.X-CUBE-BLE2.3.3.0
2025-05-29 17:08:18,316 [WARN] PackLoader:240 - Cannot read IP mode file for STMicroelectronics.X-CUBE-NFC9.1.0.0
2025-05-29 17:08:18,323 [WARN] PackLoader:240 - Cannot read IP mode file for STMicroelectronics.X-CUBE-BLE1.7.1.0
2025-05-29 17:08:18,544 [WARN] PackLoader:240 - Cannot read IP mode file for STMicroelectronics.X-CUBE-MEMS1.11.2.0
2025-05-29 17:08:18,662 [WARN] PackLoader:240 - Cannot read IP mode file for STMicroelectronics.X-CUBE-AZRTOS-G0.1.1.0
2025-05-29 17:08:18,688 [WARN] PackLoader:240 - Cannot read IP mode file for STMicroelectronics.X-CUBE-SAFEA1.1.2.2
2025-05-29 17:08:18,693 [WARN] PackLoader:240 - Cannot read IP mode file for STMicroelectronics.X-CUBE-NFC4.3.0.0
2025-05-29 17:08:18,710 [WARN] PackLoader:240 - Cannot read IP mode file for EmbeddedOffice.I-CUBE-FS-RTOS.1.0.1
2025-05-29 17:08:18,724 [WARN] PackLoader:240 - Cannot read IP mode file for STMicroelectronics.X-CUBE-WB05N.2.0.0
2025-05-29 17:08:18,732 [WARN] PackLoader:240 - Cannot read IP mode file for STMicroelectronics.X-CUBE-TCPP.4.2.0
2025-05-29 17:08:18,738 [WARN] PackLoader:240 - Cannot read IP mode file for RealThread.X-CUBE-RT-Thread_Nano.4.1.1
2025-05-29 17:08:18,742 [WARN] PackLoader:240 - Cannot read IP mode file for STMicroelectronics.FP-ATR-SIGFOX1.3.2.0
2025-05-29 17:08:18,746 [WARN] ConditionMgr:438 - getConditionDescription Invalid condition id : Cortex-A Device cause : null
2025-05-29 17:08:18,802 [WARN] ConditionMgr:1044 - genDependencies : Invalid condition id : Cortex-A Device cause : null
2025-05-29 17:08:18,802 [WARN] ConditionMgr:1044 - genDependencies : Invalid condition id : Cortex-A Device cause : null
2025-05-29 17:08:18,802 [WARN] ConditionMgr:1044 - genDependencies : Invalid condition id : Cortex-A Device cause : null
2025-05-29 17:08:18,812 [WARN] PackLoader:240 - Cannot read IP mode file for STMicroelectronics.X-CUBE-EEPRMA1.5.1.0
2025-05-29 17:08:18,818 [WARN] PackLoader:240 - Cannot read IP mode file for wolfSSL.I-CUBE-wolfSSL.5.7.6
2025-05-29 17:08:18,825 [WARN] PackLoader:240 - Cannot read IP mode file for ITTIA_DB.I-CUBE-ITTIADB.8.9.0
2025-05-29 17:08:18,856 [WARN] PackLoader:240 - Cannot read IP mode file for SEGGER.I-CUBE-embOS.1.3.1
2025-05-29 17:08:18,881 [WARN] PackLoader:240 - Cannot read IP mode file for STMicroelectronics.X-CUBE-ALGOBUILD.1.4.0
2025-05-29 17:08:18,896 [WARN] PackLoader:240 - Cannot read IP mode file for STMicroelectronics.X-CUBE-AZRTOS-F4.1.1.0
2025-05-29 17:08:18,920 [WARN] PackLoader:240 - Cannot read IP mode file for Avnet-IotConnect.X-CUBE-IoTC-DA16k-PMOD.1.0.0
2025-05-29 17:08:18,927 [WARN] PackLoader:240 - Cannot read IP mode file for STMicroelectronics.X-CUBE-ISPU.2.1.0
2025-05-29 17:08:18,941 [WARN] PackLoader:240 - Cannot read IP mode file for STMicroelectronics.X-CUBE-AZRTOS-L5.2.0.0
2025-05-29 17:08:18,950 [WARN] PackLoader:240 - Cannot read IP mode file for STMicroelectronics.X-CUBE-NFC6.3.1.0
2025-05-29 17:08:18,956 [WARN] PackLoader:240 - Cannot read IP mode file for STMicroelectronics.X-CUBE-DPower.1.2.0
2025-05-29 17:08:18,962 [WARN] PackLoader:240 - Cannot read IP mode file for STMicroelectronics.X-CUBE-FREERTOS.1.3.1
2025-05-29 17:08:18,965 [WARN] PackLoader:240 - Cannot read IP mode file for STMicroelectronics.X-CUBE-FREERTOS.1.3.0
2025-05-29 17:08:18,969 [WARN] PackLoader:240 - Cannot read IP mode file for STMicroelectronics.X-CUBE-NFC7.1.0.1
2025-05-29 17:08:18,976 [WARN] PackLoader:240 - Cannot read IP mode file for STMicroelectronics.X-CUBE-DPower.1.3.0
2025-05-29 17:08:18,993 [WARN] ConditionMgr:438 - getConditionDescription Invalid condition id : LAN8742 Phy interface Condition cause : null
2025-05-29 17:08:18,994 [WARN] PackLoader:240 - Cannot read IP mode file for STMicroelectronics.X-CUBE-AZRTOS-L4.2.0.0
2025-05-29 17:08:18,996 [WARN] ConditionMgr:1044 - genDependencies : Invalid condition id : LAN8742 Phy interface Condition cause : null
2025-05-29 17:08:18,996 [WARN] ConditionMgr:1044 - genDependencies : Invalid condition id : LAN8742 Phy interface Condition cause : null
2025-05-29 17:08:18,997 [WARN] ConditionMgr:1044 - genDependencies : Invalid condition id : LAN8742 Phy interface Condition cause : null
2025-05-29 17:08:19,004 [WARN] PackLoader:240 - Cannot read IP mode file for STMicroelectronics.X-CUBE-SFXS2LP1.4.0.0
2025-05-29 17:08:19,030 [WARN] PackLoader:240 - Cannot read IP mode file for STMicroelectronics.X-CUBE-AZRTOS-H7.3.3.0
2025-05-29 17:08:19,050 [WARN] ConditionMgr:438 - getConditionDescription Invalid condition id : UX DEVICE CLASS RTOS Condition cause : null
2025-05-29 17:08:19,050 [WARN] ConditionMgr:438 - getConditionDescription Invalid condition id : UX DEVICE CLASS RTOS Condition cause : null
2025-05-29 17:08:19,053 [WARN] PackLoader:240 - Cannot read IP mode file for STMicroelectronics.X-CUBE-AZRTOS-WB.2.0.0
2025-05-29 17:08:19,054 [WARN] ConditionMgr:1044 - genDependencies : Invalid condition id : UX DEVICE CLASS RTOS Condition cause : null
2025-05-29 17:08:19,054 [WARN] ConditionMgr:1044 - genDependencies : Invalid condition id : UX DEVICE CLASS RTOS Condition cause : null
2025-05-29 17:08:19,054 [WARN] ConditionMgr:1044 - genDependencies : Invalid condition id : UX DEVICE CLASS RTOS Condition cause : null
2025-05-29 17:08:19,054 [WARN] ConditionMgr:1044 - genDependencies : Invalid condition id : UX DEVICE CLASS RTOS Condition cause : null
2025-05-29 17:08:19,055 [WARN] ConditionMgr:1044 - genDependencies : Invalid condition id : UX DEVICE CLASS RTOS Condition cause : null
2025-05-29 17:08:19,061 [WARN] PackLoader:240 - Cannot read IP mode file for STMicroelectronics.X-CUBE-GNSS1.7.0.1
2025-05-29 17:08:19,068 [WARN] PackLoader:240 - Cannot read IP mode file for STMicroelectronics.X-CUBE-TOUCHGFX.4.25.0
2025-05-29 17:08:19,074 [WARN] PackLoader:240 - Cannot read IP mode file for STMicroelectronics.FP-SNS-STBOX1.2.0.0
2025-05-29 17:08:19,088 [WARN] PackLoader:240 - Cannot read IP mode file for STMicroelectronics.X-CUBE-SUBG2.5.0.0
2025-05-29 17:08:19,111 [WARN] PackLoader:240 - Cannot read IP mode file for STMicroelectronics.X-CUBE-AZRTOS-H7RS.1.1.0
2025-05-29 17:08:19,118 [WARN] PackLoader:240 - Cannot read IP mode file for Cesanta.I-CUBE-Mongoose.7.13.0
2025-05-29 17:08:19,161 [WARN] PackLoader:240 - Cannot read IP mode file for STMicroelectronics.X-CUBE-AZRTOS-G4.2.0.0
2025-05-29 17:08:19,166 [WARN] PackLoader:240 - Cannot read IP mode file for STMicroelectronics.X-CUBE-NFC7.2.0.0
2025-05-29 17:08:19,175 [WARN] PackLoader:240 - Cannot read IP mode file for STMicroelectronics.X-CUBE-IPS.3.1.0
2025-05-29 17:08:19,180 [WARN] PackLoader:240 - Cannot read IP mode file for STMicroelectronics.X-CUBE-ALS.1.0.2
2025-05-29 17:08:19,182 [WARN] PackLoader:240 - Cannot read IP mode file for STMicroelectronics.X-CUBE-TOUCHGFX.4.24.2
2025-05-29 17:08:19,183 [WARN] PackLoader:240 - Cannot read IP mode file for wolfSSL.I-CUBE-wolfTPM.3.4.0
2025-05-29 17:08:19,186 [WARN] PackLoader:240 - Cannot read IP mode file for portGmbH.I-Cube-SoM-uGOAL.1.1.0
2025-05-29 17:08:19,209 [WARN] PackLoader:240 - Cannot read IP mode file for STMicroelectronics.X-CUBE-AZRTOS-H7RS.1.0.0
2025-05-29 17:08:19,224 [WARN] PackLoader:240 - Cannot read IP mode file for STMicroelectronics.X-CUBE-TOF1.3.4.2
2025-05-29 17:08:19,240 [WARN] PackLoader:240 - Cannot read IP mode file for STMicroelectronics.X-CUBE-TOF1.3.4.3
2025-05-29 17:08:19,247 [WARN] PackLoader:240 - Cannot read IP mode file for wolfSSL.I-CUBE-wolfSSH.1.4.17
2025-05-29 17:08:19,248 [INFO] ThirdParty:978 - Integrity check success = true
2025-05-29 17:08:19,248 [INFO] IntegrityCheckThread:100 - exiting critical section [integrity check]
2025-05-29 17:08:19,248 [INFO] IntegrityCheckThread:103 - End integrity checks thread
2025-05-29 17:08:20,905 [INFO] WebApp:169 - Instantiating new browser for Auth
2025-05-29 17:08:22,125 [INFO] WebApp:463 - Apply proxy settings
2025-05-29 17:08:22,136 [INFO] WebApp:508 - Chromium authenticates against Manually configured proxy
2025-05-29 17:08:22,150 [INFO] WebApp:516 - Username used for proxy authentication: 
2025-05-29 17:08:22,188 [INFO] WebApp:894 - Register for checkConnection events
2025-05-29 17:08:22,189 [INFO] WebApp:463 - Apply proxy settings
2025-05-29 17:08:22,192 [INFO] WebApp:508 - Chromium authenticates against Manually configured proxy
2025-05-29 17:08:22,192 [INFO] WebApp:516 - Username used for proxy authentication: 
2025-05-29 17:08:22,471 [INFO] WebApp:225 - Starting web application
2025-05-29 17:08:22,480 [INFO] WebApp:593 - Web application path used /Applications/STM32CubeIDE.app/Contents/Eclipse/plugins/com.st.stm32cube.common.mx_6.14.1.202504091515/db/plugins/mcufinder/reactClient1/index.html
2025-05-29 17:08:22,745 [INFO] WebApp:191 - Connection restablished
2025-05-29 17:09:28,883 [ERROR] LogOutputStream:75 - [STDERR_REDIRECT] 
2025-05-29 18:01:11,602 [INFO] Activator:176 - 


2025-05-29 18:01:11,603 [INFO] Activator:177 - !SESSION log4j initialized
2025-05-29 18:01:13,369 [ERROR] LogOutputStream:75 - [STDERR_REDIRECT] 
2025-05-29 18:01:13,759 [INFO] LogOutputStream:77 - [STDOUT_REDIRECT] 
2025-05-29 18:01:14,880 [INFO] LogOutputStream:77 - [STDOUT_REDIRECT] 
2025-05-29 18:01:16,125 [INFO] ApplicationProperties:184 - Using Application install path: /Applications/STM32CubeIDE.app/Contents/Eclipse/plugins/com.st.stm32cube.common.mx_6.14.1.202504091515
2025-05-29 18:01:16,135 [INFO] DbMcusXml:78 - Set database path to: /Applications/STM32CubeIDE.app/Contents/Eclipse/plugins/com.st.stm32cube.common.mx_6.14.1.202504091515//db//mcu/
2025-05-29 18:01:16,135 [INFO] ApiDb:274 - Set plugin database path to: /Applications/STM32CubeIDE.app/Contents/Eclipse/plugins/com.st.stm32cube.common.mx_6.14.1.202504091515//db//plugins/boardmanager/
2025-05-29 18:01:16,136 [WARN] ApiDb:259 - Overriding images path with different value:  => /Applications/STM32CubeIDE.app/Contents/Eclipse/plugins/com.st.stm32cube.common.mx_6.14.1.202504091515//db//plugins/mcufinder/images/
2025-05-29 18:01:16,139 [INFO] ApiDb:250 - Set database path to: /Users/mauricewashington/.stmcufinder/plugins/mcufinder//mcu/
2025-05-29 18:01:16,139 [INFO] DbMcusAds:125 - Set database path to: /Users/mauricewashington/.stmcufinder/plugins/mcufinder//mcu/
2025-05-29 18:01:16,140 [INFO] CrossReferenceDbSqlite:203 - Set database path to: /Users/mauricewashington/.stmcufinder/plugins/mcufinder//mcu/cs/
2025-05-29 18:01:16,234 [INFO] RulesReader:64 - Compatibility file has been processed (302 Rules)
2025-05-29 18:01:16,282 [INFO] DbMcusXml:78 - Set database path to: /Applications/STM32CubeIDE.app/Contents/Eclipse/plugins/com.st.stm32cube.common.mx_6.14.1.202504091515//db//mcu/
2025-05-29 18:01:16,283 [INFO] ApiDb:274 - Set plugin database path to: /Applications/STM32CubeIDE.app/Contents/Eclipse/plugins/com.st.stm32cube.common.mx_6.14.1.202504091515//db//plugins/boardmanager/
2025-05-29 18:01:16,283 [INFO] ApiDb:261 - Set plugin images path to: /Applications/STM32CubeIDE.app/Contents/Eclipse/plugins/com.st.stm32cube.common.mx_6.14.1.202504091515//db//plugins/mcufinder/images/
2025-05-29 18:01:16,283 [WARN] DbFile:41 - Overriding database path with different value: /Users/mauricewashington/.stmcufinder/plugins/mcufinder/ => /Users/mauricewashington/.stmcufinder/plugins/mcufinder
2025-05-29 18:01:16,283 [INFO] ApiDb:250 - Set database path to: /Users/mauricewashington/.stmcufinder/plugins/mcufinder//mcu/
2025-05-29 18:01:16,283 [WARN] DbFile:41 - Overriding database path with different value: /Users/mauricewashington/.stmcufinder/plugins/mcufinder/ => /Users/mauricewashington/.stmcufinder/plugins/mcufinder
2025-05-29 18:01:16,283 [INFO] DbMcusAds:125 - Set database path to: /Users/mauricewashington/.stmcufinder/plugins/mcufinder//mcu/
2025-05-29 18:01:16,283 [WARN] DbFile:41 - Overriding database path with different value: /Users/mauricewashington/.stmcufinder/plugins/mcufinder/ => /Users/mauricewashington/.stmcufinder/plugins/mcufinder
2025-05-29 18:01:16,283 [WARN] DbFile:41 - Overriding database path with different value: /Users/mauricewashington/.stmcufinder/plugins/mcufinder/ => /Users/mauricewashington/.stmcufinder/plugins/mcufinder
2025-05-29 18:01:16,283 [INFO] CrossReferenceDbSqlite:203 - Set database path to: /Users/mauricewashington/.stmcufinder/plugins/mcufinder//mcu/cs/
2025-05-29 18:01:16,331 [INFO] MainPanel:272 - HeapMemory: 268435456
2025-05-29 18:01:16,538 [INFO] DbMcusXml:78 - Set database path to: /Applications/STM32CubeIDE.app/Contents/Eclipse/plugins/com.st.stm32cube.common.mx_6.14.1.202504091515//db//mcu/
2025-05-29 18:01:16,538 [INFO] ApiDb:274 - Set plugin database path to: /Applications/STM32CubeIDE.app/Contents/Eclipse/plugins/com.st.stm32cube.common.mx_6.14.1.202504091515//db//plugins/boardmanager/
2025-05-29 18:01:16,538 [INFO] ApiDb:261 - Set plugin images path to: /Applications/STM32CubeIDE.app/Contents/Eclipse/plugins/com.st.stm32cube.common.mx_6.14.1.202504091515//db//plugins/mcufinder/images/
2025-05-29 18:01:16,538 [WARN] DbFile:41 - Overriding database path with different value: /Users/mauricewashington/.stmcufinder/plugins/mcufinder/ => /Users/mauricewashington/.stmcufinder/plugins/mcufinder
2025-05-29 18:01:16,539 [INFO] ApiDb:250 - Set database path to: /Users/mauricewashington/.stmcufinder/plugins/mcufinder//mcu/
2025-05-29 18:01:16,539 [WARN] DbFile:41 - Overriding database path with different value: /Users/mauricewashington/.stmcufinder/plugins/mcufinder/ => /Users/mauricewashington/.stmcufinder/plugins/mcufinder
2025-05-29 18:01:16,539 [INFO] DbMcusAds:125 - Set database path to: /Users/mauricewashington/.stmcufinder/plugins/mcufinder//mcu/
2025-05-29 18:01:16,539 [WARN] DbFile:41 - Overriding database path with different value: /Users/mauricewashington/.stmcufinder/plugins/mcufinder/ => /Users/mauricewashington/.stmcufinder/plugins/mcufinder
2025-05-29 18:01:16,539 [WARN] DbFile:41 - Overriding database path with different value: /Users/mauricewashington/.stmcufinder/plugins/mcufinder/ => /Users/mauricewashington/.stmcufinder/plugins/mcufinder
2025-05-29 18:01:16,539 [INFO] CrossReferenceDbSqlite:203 - Set database path to: /Users/mauricewashington/.stmcufinder/plugins/mcufinder//mcu/cs/
2025-05-29 18:01:16,556 [INFO] ApplicationProperties:184 - Using Application install path: /Applications/STM32CubeIDE.app/Contents/Eclipse/plugins/com.st.stm32cube.common.mx_6.14.1.202504091515
2025-05-29 18:01:16,557 [INFO] PluginManage:196 - Search for loadable plugins [exclusion list=, ]
2025-05-29 18:01:16,558 [INFO] PluginManage:310 - Check plugin analytics
2025-05-29 18:01:16,707 [INFO] AnalyticsPlugin:253 - Accepted Software Licenses: 
2025-05-29 18:01:16,707 [INFO] AnalyticsPlugin:255 - Accepted CMSIS Pack Licenses: 
2025-05-29 18:01:16,707 [INFO] AnalyticsPlugin:257 - Accepted Firmware Licenses: 
2025-05-29 18:01:16,716 [INFO] PluginManage:359 - Loaded plugin analytics (category:tool,tabindex:-1)
2025-05-29 18:01:16,717 [INFO] PluginManage:310 - Check plugin cadmodel
2025-05-29 18:01:16,728 [INFO] CADModel:105 - Init CAD model plugin
2025-05-29 18:01:16,728 [INFO] PluginManage:359 - Loaded plugin cadmodel (category:power,tabindex:5)
2025-05-29 18:01:16,728 [INFO] PluginManage:310 - Check plugin clock
2025-05-29 18:01:16,735 [INFO] PluginManage:359 - Loaded plugin clock (category:base,tabindex:2)
2025-05-29 18:01:16,735 [INFO] PluginManage:310 - Check plugin ddr
2025-05-29 18:01:16,736 [INFO] PluginManage:359 - Loaded plugin ddr (category:tool,tabindex:6)
2025-05-29 18:01:16,736 [INFO] PluginManage:310 - Check plugin filemanager
2025-05-29 18:01:16,847 [INFO] PluginManage:359 - Loaded plugin filemanager (category:base,tabindex:10)
2025-05-29 18:01:16,847 [INFO] PluginManage:310 - Check plugin ipmanager
2025-05-29 18:01:16,853 [INFO] PluginManage:359 - Loaded plugin ipmanager (category:base,tabindex:5)
2025-05-29 18:01:16,853 [INFO] PluginManage:310 - Check plugin lpbam
2025-05-29 18:01:16,860 [INFO] PluginManage:359 - Loaded plugin lpbam (category:base,tabindex:0)
2025-05-29 18:01:16,860 [INFO] PluginManage:310 - Check plugin memorymap
2025-05-29 18:01:16,867 [INFO] PluginManage:359 - Loaded plugin memorymap (category:base,tabindex:4)
2025-05-29 18:01:16,867 [INFO] PluginManage:310 - Check plugin pinoutandconfiguration
2025-05-29 18:01:16,871 [INFO] PluginManage:359 - Loaded plugin pinoutandconfiguration (category:base,tabindex:1)
2025-05-29 18:01:16,871 [INFO] PluginManage:310 - Check plugin pinoutconfig
2025-05-29 18:01:17,074 [WARN] SupportedApi:132 - Cannot load RTOS API schema: s4s-elt-must-match.1: The content of 'definitions' must match (annotation?, (simpleType | complexType)?, (unique | key | keyref)*)). A problem was found starting at: attribute.
2025-05-29 18:01:17,268 [INFO] PluginManage:359 - Loaded plugin pinoutconfig (category:base,tabindex:0)
2025-05-29 18:01:17,269 [INFO] PluginManage:310 - Check plugin power
2025-05-29 18:01:17,301 [INFO] PluginManage:359 - Loaded plugin power (category:power,tabindex:4)
2025-05-29 18:01:17,302 [INFO] PluginManage:310 - Check plugin projectmanager
2025-05-29 18:01:17,354 [INFO] PluginManage:359 - Loaded plugin projectmanager (category:projectmanager,tabindex:4)
2025-05-29 18:01:17,354 [INFO] PluginManage:310 - Check plugin rif
2025-05-29 18:01:17,361 [INFO] PluginManage:359 - Loaded plugin rif (category:base,tabindex:3)
2025-05-29 18:01:17,361 [INFO] PluginManage:310 - Check plugin thirdparty
2025-05-29 18:01:17,487 [INFO] PluginManage:359 - Loaded plugin thirdparty (category:base,tabindex:-1)
2025-05-29 18:01:17,487 [INFO] PluginManage:310 - Check plugin tools
2025-05-29 18:01:17,489 [INFO] PluginManage:359 - Loaded plugin tools (category:base,tabindex:7)
2025-05-29 18:01:17,489 [INFO] PluginManage:310 - Check plugin tutovideos
2025-05-29 18:01:17,487 [WARN] IntegrityCheckThread:84 - waiting for thirdparty lock release [integrity check]
2025-05-29 18:01:17,490 [INFO] IntegrityCheckThread:86 - entering critical section [integrity check]
2025-05-29 18:01:17,492 [INFO] ThirdPartyUpdaterWithRetryManager:70 - Updater plugin not ready yet. [1/15]
2025-05-29 18:01:17,608 [INFO] PluginManage:359 - Loaded plugin tutovideos (category:base,tabindex:-1)
2025-05-29 18:01:17,608 [INFO] PluginManage:310 - Check plugin updater
2025-05-29 18:01:17,628 [INFO] PluginManage:359 - Loaded plugin updater (category:base,tabindex:12)
2025-05-29 18:01:17,628 [INFO] PluginManage:310 - Check plugin userauth
2025-05-29 18:01:17,631 [INFO] UserAuth:118 - Init User Auth plugin
2025-05-29 18:01:17,632 [INFO] PluginManage:359 - Loaded plugin userauth (category:base,tabindex:14)
2025-05-29 18:01:17,633 [INFO] PluginManage:283 - PluginManage : Loaded plugins [18]
2025-05-29 18:01:17,807 [INFO] PinOutPanel:1589 - setPackage(No Configuration,No Configuration)
2025-05-29 18:01:17,859 [INFO] CADModel:165 - CPN selected for project level
2025-05-29 18:01:17,859 [INFO] CADModel:114 - Register for checkConnection events
2025-05-29 18:01:17,867 [INFO] IPUIPlugin:80 - create IPUIPlugin
2025-05-29 18:01:17,868 [INFO] PluginManager:220 - loadIPPluginJar : add mdma
2025-05-29 18:01:17,872 [INFO] IPUIPlugin:80 - create IPUIPlugin
2025-05-29 18:01:17,872 [INFO] PluginManager:220 - loadIPPluginJar : add freertos
2025-05-29 18:01:17,874 [INFO] IPUIPlugin:80 - create IPUIPlugin
2025-05-29 18:01:17,874 [INFO] PluginManager:220 - loadIPPluginJar : add gic
2025-05-29 18:01:17,880 [INFO] IPUIPlugin:80 - create IPUIPlugin
2025-05-29 18:01:17,881 [INFO] PluginManager:220 - loadIPPluginJar : add adc
2025-05-29 18:01:17,882 [INFO] IPUIPlugin:80 - create IPUIPlugin
2025-05-29 18:01:17,882 [INFO] PluginManager:220 - loadIPPluginJar : add gtzc
2025-05-29 18:01:17,882 [INFO] IPUIPlugin:80 - create IPUIPlugin
2025-05-29 18:01:17,882 [INFO] PluginManager:220 - loadIPPluginJar : add quadspi
2025-05-29 18:01:17,883 [INFO] IPUIPlugin:80 - create IPUIPlugin
2025-05-29 18:01:17,883 [INFO] PluginManager:220 - loadIPPluginJar : add aes
2025-05-29 18:01:17,884 [INFO] IPUIPlugin:80 - create IPUIPlugin
2025-05-29 18:01:17,884 [INFO] PluginManager:220 - loadIPPluginJar : add pdm2pcm
2025-05-29 18:01:17,884 [INFO] IPUIPlugin:80 - create IPUIPlugin
2025-05-29 18:01:17,884 [INFO] PluginManager:220 - loadIPPluginJar : add hash
2025-05-29 18:01:17,885 [INFO] IPUIPlugin:80 - create IPUIPlugin
2025-05-29 18:01:17,885 [INFO] PluginManager:220 - loadIPPluginJar : add tim
2025-05-29 18:01:17,886 [INFO] IPUIPlugin:80 - create IPUIPlugin
2025-05-29 18:01:17,886 [INFO] PluginManager:220 - loadIPPluginJar : add tsc
2025-05-29 18:01:17,888 [INFO] IPUIPlugin:80 - create IPUIPlugin
2025-05-29 18:01:17,888 [INFO] PluginManager:220 - loadIPPluginJar : add extmemmanager
2025-05-29 18:01:17,889 [INFO] IPUIPlugin:80 - create IPUIPlugin
2025-05-29 18:01:17,889 [INFO] PluginManager:220 - loadIPPluginJar : add ts
2025-05-29 18:01:17,891 [INFO] IPUIPlugin:80 - create IPUIPlugin
2025-05-29 18:01:17,891 [INFO] PluginManager:220 - loadIPPluginJar : add radio
2025-05-29 18:01:17,892 [INFO] IPUIPlugin:80 - create IPUIPlugin
2025-05-29 18:01:17,892 [INFO] PluginManager:220 - loadIPPluginJar : add can
2025-05-29 18:01:17,892 [INFO] IPUIPlugin:80 - create IPUIPlugin
2025-05-29 18:01:17,893 [INFO] PluginManager:220 - loadIPPluginJar : add dma3
2025-05-29 18:01:17,893 [INFO] IPUIPlugin:80 - create IPUIPlugin
2025-05-29 18:01:17,893 [INFO] PluginManager:220 - loadIPPluginJar : add dfsdm
2025-05-29 18:01:17,894 [INFO] IPUIPlugin:80 - create IPUIPlugin
2025-05-29 18:01:17,894 [INFO] PluginManager:220 - loadIPPluginJar : add spi
2025-05-29 18:01:17,895 [INFO] IPUIPlugin:80 - create IPUIPlugin
2025-05-29 18:01:17,895 [INFO] PluginManager:220 - loadIPPluginJar : add gfxmmu
2025-05-29 18:01:17,896 [INFO] IPUIPlugin:80 - create IPUIPlugin
2025-05-29 18:01:17,896 [INFO] PluginManager:220 - loadIPPluginJar : add genericplugin
2025-05-29 18:01:17,897 [INFO] IPUIPlugin:80 - create IPUIPlugin
2025-05-29 18:01:17,897 [INFO] PluginManager:220 - loadIPPluginJar : add cryp
2025-05-29 18:01:17,900 [INFO] IPUIPlugin:80 - create IPUIPlugin
2025-05-29 18:01:17,900 [INFO] PluginManager:220 - loadIPPluginJar : add gpio
2025-05-29 18:01:17,901 [INFO] IPUIPlugin:80 - create IPUIPlugin
2025-05-29 18:01:17,902 [INFO] PluginManager:220 - loadIPPluginJar : add ddr_ctrl_phy
2025-05-29 18:01:17,903 [INFO] IPUIPlugin:80 - create IPUIPlugin
2025-05-29 18:01:17,903 [INFO] PluginManager:220 - loadIPPluginJar : add comp
2025-05-29 18:01:17,904 [INFO] IPUIPlugin:80 - create IPUIPlugin
2025-05-29 18:01:17,905 [INFO] PluginManager:220 - loadIPPluginJar : add tracer_emb
2025-05-29 18:01:17,906 [INFO] IPUIPlugin:80 - create IPUIPlugin
2025-05-29 18:01:17,906 [INFO] PluginManager:220 - loadIPPluginJar : add openamp
2025-05-29 18:01:17,908 [INFO] IPUIPlugin:80 - create IPUIPlugin
2025-05-29 18:01:17,908 [INFO] PluginManager:220 - loadIPPluginJar : add stm32_wpan
2025-05-29 18:01:17,910 [INFO] IPUIPlugin:80 - create IPUIPlugin
2025-05-29 18:01:17,914 [INFO] PluginManager:220 - loadIPPluginJar : add plateformsettings
2025-05-29 18:01:17,915 [INFO] IPUIPlugin:80 - create IPUIPlugin
2025-05-29 18:01:17,915 [INFO] PluginManager:220 - loadIPPluginJar : add ipddr
2025-05-29 18:01:17,916 [INFO] IPUIPlugin:80 - create IPUIPlugin
2025-05-29 18:01:17,916 [INFO] PluginManager:220 - loadIPPluginJar : add usart
2025-05-29 18:01:17,916 [INFO] IPUIPlugin:80 - create IPUIPlugin
2025-05-29 18:01:17,916 [INFO] PluginManager:220 - loadIPPluginJar : add ltdc
2025-05-29 18:01:17,918 [INFO] IPUIPlugin:80 - create IPUIPlugin
2025-05-29 18:01:17,918 [INFO] PluginManager:220 - loadIPPluginJar : add nvic
2025-05-29 18:01:17,918 [INFO] IPUIPlugin:80 - create IPUIPlugin
2025-05-29 18:01:17,918 [INFO] PluginManager:220 - loadIPPluginJar : add fatfs
2025-05-29 18:01:17,921 [INFO] IPUIPlugin:80 - create IPUIPlugin
2025-05-29 18:01:17,921 [INFO] PluginManager:220 - loadIPPluginJar : add linkedlist
2025-05-29 18:01:17,924 [INFO] IPUIPlugin:80 - create IPUIPlugin
2025-05-29 18:01:17,924 [INFO] PluginManager:220 - loadIPPluginJar : add dma
2025-05-29 18:01:17,927 [INFO] IPUIPlugin:80 - create IPUIPlugin
2025-05-29 18:01:17,927 [INFO] PluginManager:220 - loadIPPluginJar : add fmc
2025-05-29 18:01:17,928 [INFO] IPUIPlugin:80 - create IPUIPlugin
2025-05-29 18:01:17,928 [INFO] PluginManager:220 - loadIPPluginJar : add i2s
2025-05-29 18:01:17,928 [INFO] IPUIPlugin:80 - create IPUIPlugin
2025-05-29 18:01:17,928 [INFO] PluginManager:220 - loadIPPluginJar : add ucpd
2025-05-29 18:01:17,929 [INFO] IPUIPlugin:80 - create IPUIPlugin
2025-05-29 18:01:17,929 [INFO] PluginManager:220 - loadIPPluginJar : add lorawan
2025-05-29 18:01:17,930 [INFO] IPUIPlugin:80 - create IPUIPlugin
2025-05-29 18:01:17,930 [INFO] PluginManager:220 - loadIPPluginJar : add opamp
2025-05-29 18:01:17,932 [INFO] IPUIPlugin:80 - create IPUIPlugin
2025-05-29 18:01:17,932 [INFO] PluginManager:220 - loadIPPluginJar : add i3c
2025-05-29 18:01:17,933 [INFO] IPUIPlugin:80 - create IPUIPlugin
2025-05-29 18:01:17,935 [INFO] PluginManager:220 - loadIPPluginJar : add touchsensing
2025-05-29 18:01:17,936 [INFO] IPUIPlugin:80 - create IPUIPlugin
2025-05-29 18:01:17,936 [INFO] PluginManager:220 - loadIPPluginJar : add i2c
2025-05-29 18:01:17,938 [INFO] IPUIPlugin:80 - create IPUIPlugin
2025-05-29 18:01:17,938 [INFO] PluginManager:220 - loadIPPluginJar : add resmgrutility
2025-05-29 18:01:17,939 [INFO] IPUIPlugin:80 - create IPUIPlugin
2025-05-29 18:01:17,939 [INFO] PluginManager:220 - loadIPPluginJar : add sai
2025-05-29 18:01:17,940 [INFO] IPUIPlugin:80 - create IPUIPlugin
2025-05-29 18:01:17,940 [INFO] PluginManager:220 - loadIPPluginJar : add usbx
2025-05-29 18:01:18,052 [FATAL] Updater:351 - Updater called before beeing initialized
2025-05-29 18:01:18,094 [INFO] RulesReader:64 - Compatibility file has been processed (302 Rules)
2025-05-29 18:01:18,103 [INFO] RulesReader:64 - Compatibility file has been processed (302 Rules)
2025-05-29 18:01:18,112 [INFO] CADModel:165 - CPN selected for project level
2025-05-29 18:01:18,112 [INFO] CADModel:114 - Register for checkConnection events
2025-05-29 18:01:18,112 [FATAL] Updater:351 - Updater called before beeing initialized
2025-05-29 18:01:18,112 [ERROR] CADModel:125 - Updater not yet initialized, retry later 
2025-05-29 18:01:18,274 [FATAL] Updater:351 - Updater called before beeing initialized
2025-05-29 18:01:18,276 [INFO] CADModel:165 - CPN selected for project level
2025-05-29 18:01:18,276 [INFO] CADModel:114 - Register for checkConnection events
2025-05-29 18:01:18,276 [FATAL] Updater:351 - Updater called before beeing initialized
2025-05-29 18:01:18,276 [ERROR] CADModel:125 - Updater not yet initialized, retry later 
2025-05-29 18:01:18,278 [FATAL] Updater:351 - Updater called before beeing initialized
2025-05-29 18:01:18,401 [FATAL] Updater:351 - Updater called before beeing initialized
2025-05-29 18:01:18,404 [INFO] DbMcusAds:53 - JSON generation date=Wed May 07 02:07:55 PDT 2025 (1746608875679)
2025-05-29 18:01:18,404 [FATAL] Updater:351 - Updater called before beeing initialized
2025-05-29 18:01:18,441 [WARN] DetailPanel:346 - Failed to get advertising image, set to default
2025-05-29 18:01:18,583 [FATAL] Updater:351 - Updater called before beeing initialized
2025-05-29 18:01:18,586 [FATAL] Updater:351 - Updater called before beeing initialized
2025-05-29 18:01:18,586 [FATAL] Updater:351 - Updater called before beeing initialized
2025-05-29 18:01:18,586 [WARN] DetailPanel:346 - Failed to get advertising image, set to default
2025-05-29 18:01:18,587 [FATAL] Updater:351 - Updater called before beeing initialized
2025-05-29 18:01:18,663 [ERROR] Updater:1198 - MainUpdater not yet initialized. External WinMGr cannot be set.
2025-05-29 18:01:18,750 [INFO] Updater:1134 - Updater Version found : 6.14.1
2025-05-29 18:01:18,761 [INFO] ApplicationProperties:184 - Using Application install path: /Applications/STM32CubeIDE.app/Contents/Eclipse/plugins/com.st.stm32cube.common.mx_6.14.1.202504091515
2025-05-29 18:01:19,353 [INFO] MainUpdater:2872 - connection check result : 10
2025-05-29 18:01:19,354 [INFO] MainUpdater:289 - Updater Check For Update Now.
2025-05-29 18:01:19,354 [INFO] MicroXplorer:498 - Change Database Version : DB.6.0.141
2025-05-29 18:01:19,359 [INFO] McuFinderGlobals:63 - Set McuFinder mode to 2 (CubeIDE integrated)
2025-05-29 18:01:19,359 [INFO] UserAuth:171 - activating auth plugin
2025-05-29 18:01:19,371 [INFO] UserAuth:484 - Internet connection configuration mode: 1
2025-05-29 18:01:19,381 [INFO] JxBrowserEngine:152 - Initiate JxBrowser Engine with user profile folder
2025-05-29 18:01:19,589 [INFO] CheckServerUpdateThread:120 - End of CheckServer Thread
2025-05-29 18:01:20,616 [WARN] PackLoader:240 - Cannot read IP mode file for STMicroelectronics.FP-SNS-MOTENVWB1.1.4.0
2025-05-29 18:01:20,634 [WARN] PackLoader:240 - Cannot read IP mode file for STMicroelectronics.FP-ATR-ASTRA1.2.0.2
2025-05-29 18:01:20,640 [WARN] PackLoader:240 - Cannot read IP mode file for STMicroelectronics.FP-ATR-ASTRA1.2.0.1
2025-05-29 18:01:20,650 [WARN] PackLoader:240 - Cannot read IP mode file for STMicroelectronics.X-CUBE-SMBUS.2.1.0
2025-05-29 18:01:20,657 [WARN] PackLoader:240 - Cannot read IP mode file for STMicroelectronics.X-CUBE-WB05N.1.1.0
2025-05-29 18:01:20,661 [WARN] PackLoader:240 - Cannot read IP mode file for STMicroelectronics.X-CUBE-ST60.1.0.0
2025-05-29 18:01:20,696 [WARN] PackLoader:240 - Cannot read IP mode file for STMicroelectronics.X-CUBE-AZRTOS-F7.1.1.0
2025-05-29 18:01:20,713 [WARN] PackLoader:240 - Cannot read IP mode file for STMicroelectronics.FP-SNS-FLIGHT1.5.0.2
2025-05-29 18:01:20,741 [WARN] PackLoader:240 - Cannot read IP mode file for Infineon.AIROC-Wi-Fi-Bluetooth-STM32.1.7.0
2025-05-29 18:01:20,753 [WARN] PackLoader:240 - Cannot read IP mode file for STMicroelectronics.X-CUBE-DISPLAY.3.0.0
2025-05-29 18:01:20,770 [WARN] PackLoader:240 - Cannot read IP mode file for STMicroelectronics.X-CUBE-BLE1.7.0.0
2025-05-29 18:01:20,780 [WARN] PackLoader:240 - Cannot read IP mode file for STMicroelectronics.X-CUBE-NFC10.1.0.0
2025-05-29 18:01:20,808 [WARN] PackLoader:240 - Cannot read IP mode file for STMicroelectronics.X-CUBE-BLEMGR.4.0.0
2025-05-29 18:01:20,830 [WARN] PackLoader:240 - Cannot read IP mode file for emotas.I-CUBE-CANOPEN.1.3.0
2025-05-29 18:01:20,838 [WARN] PackLoader:240 - Cannot read IP mode file for STMicroelectronics.X-CUBE-AI.10.0.0
2025-05-29 18:01:20,843 [WARN] PackLoader:240 - Cannot read IP mode file for STMicroelectronics.FP-SNS-SMARTAG2.1.2.0
2025-05-29 18:01:20,846 [WARN] PackLoader:240 - Cannot read IP mode file for STMicroelectronics.FP-SNS-FLIGHT1.5.1.0
2025-05-29 18:01:20,942 [WARN] PackLoader:240 - Cannot read IP mode file for STMicroelectronics.X-CUBE-MEMS1.11.1.0
2025-05-29 18:01:21,062 [INFO] LogOutputStream:77 - [STDOUT_REDIRECT] 1 : Invalid condition id : UX_CORESTACK_Condition cause : null
2025-05-29 18:01:21,065 [INFO] LogOutputStream:77 - [STDOUT_REDIRECT] 1 : Invalid condition id : UX_CORESTACK_Condition cause : null
2025-05-29 18:01:21,065 [INFO] LogOutputStream:77 - [STDOUT_REDIRECT] 1 : Invalid condition id : UX_CORESTACK_Condition cause : null
2025-05-29 18:01:21,065 [INFO] LogOutputStream:77 - [STDOUT_REDIRECT] 1 : Invalid condition id : UX_CORESTACK_Condition cause : null
2025-05-29 18:01:21,066 [INFO] LogOutputStream:77 - [STDOUT_REDIRECT] 1 : Invalid condition id : UX_CORESTACK_Condition cause : null
2025-05-29 18:01:21,071 [WARN] PackLoader:240 - Cannot read IP mode file for STMicroelectronics.X-CUBE-AZRTOS-WL.2.0.0
2025-05-29 18:01:21,082 [WARN] PackLoader:240 - Cannot read IP mode file for STMicroelectronics.FP-SNS-MOTENV1.5.0.0
2025-05-29 18:01:21,087 [WARN] PackLoader:240 - Cannot read IP mode file for wolfSSL.I-CUBE-wolfMQTT.1.19.0
2025-05-29 18:01:21,094 [WARN] PackLoader:240 - Cannot read IP mode file for WES.I-CUBE-Cesium.1.3.0
2025-05-29 18:01:21,100 [WARN] PackLoader:240 - Cannot read IP mode file for STMicroelectronics.X-CUBE-BLE2.3.3.0
2025-05-29 18:01:21,109 [WARN] PackLoader:240 - Cannot read IP mode file for STMicroelectronics.X-CUBE-NFC9.1.0.0
2025-05-29 18:01:21,113 [WARN] PackLoader:240 - Cannot read IP mode file for STMicroelectronics.X-CUBE-BLE1.7.1.0
2025-05-29 18:01:21,316 [WARN] PackLoader:240 - Cannot read IP mode file for STMicroelectronics.X-CUBE-MEMS1.11.2.0
2025-05-29 18:01:21,492 [WARN] PackLoader:240 - Cannot read IP mode file for STMicroelectronics.X-CUBE-AZRTOS-G0.1.1.0
2025-05-29 18:01:21,521 [WARN] PackLoader:240 - Cannot read IP mode file for STMicroelectronics.X-CUBE-SAFEA1.1.2.2
2025-05-29 18:01:21,528 [WARN] PackLoader:240 - Cannot read IP mode file for STMicroelectronics.X-CUBE-NFC4.3.0.0
2025-05-29 18:01:21,543 [WARN] PackLoader:240 - Cannot read IP mode file for EmbeddedOffice.I-CUBE-FS-RTOS.1.0.1
2025-05-29 18:01:21,556 [WARN] PackLoader:240 - Cannot read IP mode file for STMicroelectronics.X-CUBE-WB05N.2.0.0
2025-05-29 18:01:21,568 [WARN] PackLoader:240 - Cannot read IP mode file for STMicroelectronics.X-CUBE-TCPP.4.2.0
2025-05-29 18:01:21,572 [WARN] PackLoader:240 - Cannot read IP mode file for RealThread.X-CUBE-RT-Thread_Nano.4.1.1
2025-05-29 18:01:21,576 [WARN] PackLoader:240 - Cannot read IP mode file for STMicroelectronics.FP-ATR-SIGFOX1.3.2.0
2025-05-29 18:01:21,579 [WARN] ConditionMgr:438 - getConditionDescription Invalid condition id : Cortex-A Device cause : null
2025-05-29 18:01:21,671 [WARN] ConditionMgr:1044 - genDependencies : Invalid condition id : Cortex-A Device cause : null
2025-05-29 18:01:21,672 [WARN] ConditionMgr:1044 - genDependencies : Invalid condition id : Cortex-A Device cause : null
2025-05-29 18:01:21,672 [WARN] ConditionMgr:1044 - genDependencies : Invalid condition id : Cortex-A Device cause : null
2025-05-29 18:01:21,692 [WARN] PackLoader:240 - Cannot read IP mode file for STMicroelectronics.X-CUBE-EEPRMA1.5.1.0
2025-05-29 18:01:21,710 [WARN] PackLoader:240 - Cannot read IP mode file for wolfSSL.I-CUBE-wolfSSL.5.7.6
2025-05-29 18:01:21,724 [WARN] PackLoader:240 - Cannot read IP mode file for ITTIA_DB.I-CUBE-ITTIADB.8.9.0
2025-05-29 18:01:21,788 [WARN] PackLoader:240 - Cannot read IP mode file for SEGGER.I-CUBE-embOS.1.3.1
2025-05-29 18:01:21,846 [WARN] PackLoader:240 - Cannot read IP mode file for STMicroelectronics.X-CUBE-ALGOBUILD.1.4.0
2025-05-29 18:01:21,871 [WARN] PackLoader:240 - Cannot read IP mode file for STMicroelectronics.X-CUBE-AZRTOS-F4.1.1.0
2025-05-29 18:01:21,903 [WARN] PackLoader:240 - Cannot read IP mode file for Avnet-IotConnect.X-CUBE-IoTC-DA16k-PMOD.1.0.0
2025-05-29 18:01:21,910 [WARN] PackLoader:240 - Cannot read IP mode file for STMicroelectronics.X-CUBE-ISPU.2.1.0
2025-05-29 18:01:21,934 [WARN] PackLoader:240 - Cannot read IP mode file for STMicroelectronics.X-CUBE-AZRTOS-L5.2.0.0
2025-05-29 18:01:21,953 [WARN] PackLoader:240 - Cannot read IP mode file for STMicroelectronics.X-CUBE-NFC6.3.1.0
2025-05-29 18:01:21,962 [WARN] PackLoader:240 - Cannot read IP mode file for STMicroelectronics.X-CUBE-DPower.1.2.0
2025-05-29 18:01:21,970 [WARN] PackLoader:240 - Cannot read IP mode file for STMicroelectronics.X-CUBE-FREERTOS.1.3.1
2025-05-29 18:01:21,978 [WARN] PackLoader:240 - Cannot read IP mode file for STMicroelectronics.X-CUBE-FREERTOS.1.3.0
2025-05-29 18:01:21,985 [WARN] PackLoader:240 - Cannot read IP mode file for STMicroelectronics.X-CUBE-NFC7.1.0.1
2025-05-29 18:01:22,002 [WARN] PackLoader:240 - Cannot read IP mode file for STMicroelectronics.X-CUBE-DPower.1.3.0
2025-05-29 18:01:22,023 [WARN] ConditionMgr:438 - getConditionDescription Invalid condition id : LAN8742 Phy interface Condition cause : null
2025-05-29 18:01:22,024 [WARN] PackLoader:240 - Cannot read IP mode file for STMicroelectronics.X-CUBE-AZRTOS-L4.2.0.0
2025-05-29 18:01:22,026 [WARN] ConditionMgr:1044 - genDependencies : Invalid condition id : LAN8742 Phy interface Condition cause : null
2025-05-29 18:01:22,026 [WARN] ConditionMgr:1044 - genDependencies : Invalid condition id : LAN8742 Phy interface Condition cause : null
2025-05-29 18:01:22,027 [WARN] ConditionMgr:1044 - genDependencies : Invalid condition id : LAN8742 Phy interface Condition cause : null
2025-05-29 18:01:22,038 [WARN] PackLoader:240 - Cannot read IP mode file for STMicroelectronics.X-CUBE-SFXS2LP1.4.0.0
2025-05-29 18:01:22,081 [WARN] PackLoader:240 - Cannot read IP mode file for STMicroelectronics.X-CUBE-AZRTOS-H7.3.3.0
2025-05-29 18:01:22,104 [WARN] ConditionMgr:438 - getConditionDescription Invalid condition id : UX DEVICE CLASS RTOS Condition cause : null
2025-05-29 18:01:22,104 [WARN] ConditionMgr:438 - getConditionDescription Invalid condition id : UX DEVICE CLASS RTOS Condition cause : null
2025-05-29 18:01:22,107 [WARN] PackLoader:240 - Cannot read IP mode file for STMicroelectronics.X-CUBE-AZRTOS-WB.2.0.0
2025-05-29 18:01:22,108 [WARN] ConditionMgr:1044 - genDependencies : Invalid condition id : UX DEVICE CLASS RTOS Condition cause : null
2025-05-29 18:01:22,108 [WARN] ConditionMgr:1044 - genDependencies : Invalid condition id : UX DEVICE CLASS RTOS Condition cause : null
2025-05-29 18:01:22,109 [WARN] ConditionMgr:1044 - genDependencies : Invalid condition id : UX DEVICE CLASS RTOS Condition cause : null
2025-05-29 18:01:22,110 [WARN] ConditionMgr:1044 - genDependencies : Invalid condition id : UX DEVICE CLASS RTOS Condition cause : null
2025-05-29 18:01:22,110 [WARN] ConditionMgr:1044 - genDependencies : Invalid condition id : UX DEVICE CLASS RTOS Condition cause : null
2025-05-29 18:01:22,115 [WARN] PackLoader:240 - Cannot read IP mode file for STMicroelectronics.X-CUBE-GNSS1.7.0.1
2025-05-29 18:01:22,118 [WARN] PackLoader:240 - Cannot read IP mode file for STMicroelectronics.X-CUBE-TOUCHGFX.4.25.0
2025-05-29 18:01:22,124 [WARN] PackLoader:240 - Cannot read IP mode file for STMicroelectronics.FP-SNS-STBOX1.2.0.0
2025-05-29 18:01:22,133 [WARN] PackLoader:240 - Cannot read IP mode file for STMicroelectronics.X-CUBE-SUBG2.5.0.0
2025-05-29 18:01:22,153 [WARN] PackLoader:240 - Cannot read IP mode file for STMicroelectronics.X-CUBE-AZRTOS-H7RS.1.1.0
2025-05-29 18:01:22,162 [WARN] PackLoader:240 - Cannot read IP mode file for Cesanta.I-CUBE-Mongoose.7.13.0
2025-05-29 18:01:22,179 [WARN] PackLoader:240 - Cannot read IP mode file for STMicroelectronics.X-CUBE-AZRTOS-G4.2.0.0
2025-05-29 18:01:22,187 [WARN] PackLoader:240 - Cannot read IP mode file for STMicroelectronics.X-CUBE-NFC7.2.0.0
2025-05-29 18:01:22,197 [WARN] PackLoader:240 - Cannot read IP mode file for STMicroelectronics.X-CUBE-IPS.3.1.0
2025-05-29 18:01:22,203 [WARN] PackLoader:240 - Cannot read IP mode file for STMicroelectronics.X-CUBE-ALS.1.0.2
2025-05-29 18:01:22,205 [WARN] PackLoader:240 - Cannot read IP mode file for STMicroelectronics.X-CUBE-TOUCHGFX.4.24.2
2025-05-29 18:01:22,206 [WARN] PackLoader:240 - Cannot read IP mode file for wolfSSL.I-CUBE-wolfTPM.3.4.0
2025-05-29 18:01:22,209 [WARN] PackLoader:240 - Cannot read IP mode file for portGmbH.I-Cube-SoM-uGOAL.1.1.0
2025-05-29 18:01:22,225 [WARN] PackLoader:240 - Cannot read IP mode file for STMicroelectronics.X-CUBE-AZRTOS-H7RS.1.0.0
2025-05-29 18:01:22,237 [WARN] PackLoader:240 - Cannot read IP mode file for STMicroelectronics.X-CUBE-TOF1.3.4.2
2025-05-29 18:01:22,252 [WARN] PackLoader:240 - Cannot read IP mode file for STMicroelectronics.X-CUBE-TOF1.3.4.3
2025-05-29 18:01:22,259 [WARN] PackLoader:240 - Cannot read IP mode file for wolfSSL.I-CUBE-wolfSSH.1.4.17
2025-05-29 18:01:22,260 [INFO] ThirdParty:978 - Integrity check success = true
2025-05-29 18:01:22,260 [INFO] IntegrityCheckThread:100 - exiting critical section [integrity check]
2025-05-29 18:01:22,260 [INFO] IntegrityCheckThread:103 - End integrity checks thread
2025-05-29 18:01:23,259 [INFO] WebApp:169 - Instantiating new browser for Auth
2025-05-29 18:01:24,476 [INFO] WebApp:463 - Apply proxy settings
2025-05-29 18:01:24,532 [INFO] WebApp:508 - Chromium authenticates against Manually configured proxy
2025-05-29 18:01:24,597 [INFO] WebApp:516 - Username used for proxy authentication: 
2025-05-29 18:01:24,637 [INFO] WebApp:894 - Register for checkConnection events
2025-05-29 18:01:24,638 [INFO] WebApp:463 - Apply proxy settings
2025-05-29 18:01:24,642 [INFO] WebApp:508 - Chromium authenticates against Manually configured proxy
2025-05-29 18:01:24,643 [INFO] WebApp:516 - Username used for proxy authentication: 
2025-05-29 18:01:24,787 [INFO] WebApp:225 - Starting web application
2025-05-29 18:01:24,787 [INFO] WebApp:593 - Web application path used /Applications/STM32CubeIDE.app/Contents/Eclipse/plugins/com.st.stm32cube.common.mx_6.14.1.202504091515/db/plugins/mcufinder/reactClient1/index.html
2025-05-29 18:01:25,160 [INFO] WebApp:191 - Connection restablished
