2025-05-28 17:18:00,808 [INFO] Activator:176 - 


2025-05-28 17:18:00,813 [INFO] Activator:177 - !SESSION log4j initialized
2025-05-28 17:18:05,246 [INFO] LogOutputStream:77 - [STDOUT_REDIRECT] 
2025-05-28 17:18:05,707 [ERROR] LogOutputStream:75 - [STDERR_REDIRECT] 
2025-05-28 17:18:08,365 [INFO] LogOutputStream:77 - [STDOUT_REDIRECT] 
2025-05-28 17:18:10,094 [INFO] ApplicationProperties:184 - Using Application install path: /Applications/STM32CubeIDE.app/Contents/Eclipse/plugins/com.st.stm32cube.common.mx_6.14.1.202504091515
2025-05-28 17:18:10,105 [INFO] DbMcusXml:78 - Set database path to: /Applications/STM32CubeIDE.app/Contents/Eclipse/plugins/com.st.stm32cube.common.mx_6.14.1.202504091515//db//mcu/
2025-05-28 17:18:10,106 [INFO] ApiDb:274 - Set plugin database path to: /Applications/STM32CubeIDE.app/Contents/Eclipse/plugins/com.st.stm32cube.common.mx_6.14.1.202504091515//db//plugins/boardmanager/
2025-05-28 17:18:10,106 [WARN] ApiDb:259 - Overriding images path with different value:  => /Applications/STM32CubeIDE.app/Contents/Eclipse/plugins/com.st.stm32cube.common.mx_6.14.1.202504091515//db//plugins/mcufinder/images/
2025-05-28 17:18:10,112 [INFO] ApiDb:250 - Set database path to: /Users/mauricewashington/.stmcufinder/plugins/mcufinder//mcu/
2025-05-28 17:18:10,112 [INFO] DbMcusAds:125 - Set database path to: /Users/mauricewashington/.stmcufinder/plugins/mcufinder//mcu/
2025-05-28 17:18:10,113 [INFO] CrossReferenceDbSqlite:203 - Set database path to: /Users/mauricewashington/.stmcufinder/plugins/mcufinder//mcu/cs/
2025-05-28 17:18:10,213 [INFO] RulesReader:64 - Compatibility file has been processed (302 Rules)
2025-05-28 17:18:10,288 [INFO] DbMcusXml:78 - Set database path to: /Applications/STM32CubeIDE.app/Contents/Eclipse/plugins/com.st.stm32cube.common.mx_6.14.1.202504091515//db//mcu/
2025-05-28 17:18:10,288 [INFO] ApiDb:274 - Set plugin database path to: /Applications/STM32CubeIDE.app/Contents/Eclipse/plugins/com.st.stm32cube.common.mx_6.14.1.202504091515//db//plugins/boardmanager/
2025-05-28 17:18:10,288 [INFO] ApiDb:261 - Set plugin images path to: /Applications/STM32CubeIDE.app/Contents/Eclipse/plugins/com.st.stm32cube.common.mx_6.14.1.202504091515//db//plugins/mcufinder/images/
2025-05-28 17:18:10,288 [WARN] DbFile:41 - Overriding database path with different value: /Users/mauricewashington/.stmcufinder/plugins/mcufinder/ => /Users/mauricewashington/.stmcufinder/plugins/mcufinder
2025-05-28 17:18:10,288 [INFO] ApiDb:250 - Set database path to: /Users/mauricewashington/.stmcufinder/plugins/mcufinder//mcu/
2025-05-28 17:18:10,288 [WARN] DbFile:41 - Overriding database path with different value: /Users/mauricewashington/.stmcufinder/plugins/mcufinder/ => /Users/mauricewashington/.stmcufinder/plugins/mcufinder
2025-05-28 17:18:10,288 [INFO] DbMcusAds:125 - Set database path to: /Users/mauricewashington/.stmcufinder/plugins/mcufinder//mcu/
2025-05-28 17:18:10,289 [WARN] DbFile:41 - Overriding database path with different value: /Users/mauricewashington/.stmcufinder/plugins/mcufinder/ => /Users/mauricewashington/.stmcufinder/plugins/mcufinder
2025-05-28 17:18:10,289 [WARN] DbFile:41 - Overriding database path with different value: /Users/mauricewashington/.stmcufinder/plugins/mcufinder/ => /Users/mauricewashington/.stmcufinder/plugins/mcufinder
2025-05-28 17:18:10,289 [INFO] CrossReferenceDbSqlite:203 - Set database path to: /Users/mauricewashington/.stmcufinder/plugins/mcufinder//mcu/cs/
2025-05-28 17:18:10,347 [INFO] MainPanel:272 - HeapMemory: 268435456
2025-05-28 17:18:10,802 [INFO] DbMcusXml:78 - Set database path to: /Applications/STM32CubeIDE.app/Contents/Eclipse/plugins/com.st.stm32cube.common.mx_6.14.1.202504091515//db//mcu/
2025-05-28 17:18:10,802 [INFO] ApiDb:274 - Set plugin database path to: /Applications/STM32CubeIDE.app/Contents/Eclipse/plugins/com.st.stm32cube.common.mx_6.14.1.202504091515//db//plugins/boardmanager/
2025-05-28 17:18:10,802 [INFO] ApiDb:261 - Set plugin images path to: /Applications/STM32CubeIDE.app/Contents/Eclipse/plugins/com.st.stm32cube.common.mx_6.14.1.202504091515//db//plugins/mcufinder/images/
2025-05-28 17:18:10,803 [WARN] DbFile:41 - Overriding database path with different value: /Users/mauricewashington/.stmcufinder/plugins/mcufinder/ => /Users/mauricewashington/.stmcufinder/plugins/mcufinder
2025-05-28 17:18:10,803 [INFO] ApiDb:250 - Set database path to: /Users/mauricewashington/.stmcufinder/plugins/mcufinder//mcu/
2025-05-28 17:18:10,803 [WARN] DbFile:41 - Overriding database path with different value: /Users/mauricewashington/.stmcufinder/plugins/mcufinder/ => /Users/mauricewashington/.stmcufinder/plugins/mcufinder
2025-05-28 17:18:10,803 [INFO] DbMcusAds:125 - Set database path to: /Users/mauricewashington/.stmcufinder/plugins/mcufinder//mcu/
2025-05-28 17:18:10,803 [WARN] DbFile:41 - Overriding database path with different value: /Users/mauricewashington/.stmcufinder/plugins/mcufinder/ => /Users/mauricewashington/.stmcufinder/plugins/mcufinder
2025-05-28 17:18:10,803 [WARN] DbFile:41 - Overriding database path with different value: /Users/mauricewashington/.stmcufinder/plugins/mcufinder/ => /Users/mauricewashington/.stmcufinder/plugins/mcufinder
2025-05-28 17:18:10,803 [INFO] CrossReferenceDbSqlite:203 - Set database path to: /Users/mauricewashington/.stmcufinder/plugins/mcufinder//mcu/cs/
2025-05-28 17:18:10,818 [INFO] ApplicationProperties:184 - Using Application install path: /Applications/STM32CubeIDE.app/Contents/Eclipse/plugins/com.st.stm32cube.common.mx_6.14.1.202504091515
2025-05-28 17:18:10,819 [INFO] PluginManage:196 - Search for loadable plugins [exclusion list=, ]
2025-05-28 17:18:10,820 [INFO] PluginManage:310 - Check plugin analytics
2025-05-28 17:18:10,962 [INFO] AnalyticsPlugin:253 - Accepted Software Licenses: 
2025-05-28 17:18:10,962 [INFO] AnalyticsPlugin:255 - Accepted CMSIS Pack Licenses: 
2025-05-28 17:18:10,962 [INFO] AnalyticsPlugin:257 - Accepted Firmware Licenses: 
2025-05-28 17:18:10,970 [INFO] PluginManage:359 - Loaded plugin analytics (category:tool,tabindex:-1)
2025-05-28 17:18:10,971 [INFO] PluginManage:310 - Check plugin cadmodel
2025-05-28 17:18:10,983 [INFO] CADModel:105 - Init CAD model plugin
2025-05-28 17:18:10,983 [INFO] PluginManage:359 - Loaded plugin cadmodel (category:power,tabindex:5)
2025-05-28 17:18:10,984 [INFO] PluginManage:310 - Check plugin clock
2025-05-28 17:18:10,991 [INFO] PluginManage:359 - Loaded plugin clock (category:base,tabindex:2)
2025-05-28 17:18:10,991 [INFO] PluginManage:310 - Check plugin ddr
2025-05-28 17:18:10,994 [INFO] PluginManage:359 - Loaded plugin ddr (category:tool,tabindex:6)
2025-05-28 17:18:10,994 [INFO] PluginManage:310 - Check plugin filemanager
2025-05-28 17:18:11,112 [INFO] PluginManage:359 - Loaded plugin filemanager (category:base,tabindex:10)
2025-05-28 17:18:11,113 [INFO] PluginManage:310 - Check plugin ipmanager
2025-05-28 17:18:11,118 [INFO] PluginManage:359 - Loaded plugin ipmanager (category:base,tabindex:5)
2025-05-28 17:18:11,118 [INFO] PluginManage:310 - Check plugin lpbam
2025-05-28 17:18:11,129 [INFO] PluginManage:359 - Loaded plugin lpbam (category:base,tabindex:0)
2025-05-28 17:18:11,129 [INFO] PluginManage:310 - Check plugin memorymap
2025-05-28 17:18:11,138 [INFO] PluginManage:359 - Loaded plugin memorymap (category:base,tabindex:4)
2025-05-28 17:18:11,138 [INFO] PluginManage:310 - Check plugin pinoutandconfiguration
2025-05-28 17:18:11,145 [INFO] PluginManage:359 - Loaded plugin pinoutandconfiguration (category:base,tabindex:1)
2025-05-28 17:18:11,145 [INFO] PluginManage:310 - Check plugin pinoutconfig
2025-05-28 17:18:11,217 [WARN] SupportedApi:132 - Cannot load RTOS API schema: s4s-elt-must-match.1: The content of 'definitions' must match (annotation?, (simpleType | complexType)?, (unique | key | keyref)*)). A problem was found starting at: attribute.
2025-05-28 17:18:11,336 [INFO] PluginManage:359 - Loaded plugin pinoutconfig (category:base,tabindex:0)
2025-05-28 17:18:11,337 [INFO] PluginManage:310 - Check plugin power
2025-05-28 17:18:11,350 [INFO] PluginManage:359 - Loaded plugin power (category:power,tabindex:4)
2025-05-28 17:18:11,350 [INFO] PluginManage:310 - Check plugin projectmanager
2025-05-28 17:18:11,374 [INFO] PluginManage:359 - Loaded plugin projectmanager (category:projectmanager,tabindex:4)
2025-05-28 17:18:11,375 [INFO] PluginManage:310 - Check plugin rif
2025-05-28 17:18:11,380 [INFO] PluginManage:359 - Loaded plugin rif (category:base,tabindex:3)
2025-05-28 17:18:11,380 [INFO] PluginManage:310 - Check plugin thirdparty
2025-05-28 17:18:11,503 [INFO] PluginManage:359 - Loaded plugin thirdparty (category:base,tabindex:-1)
2025-05-28 17:18:11,503 [INFO] PluginManage:310 - Check plugin tools
2025-05-28 17:18:11,503 [WARN] IntegrityCheckThread:84 - waiting for thirdparty lock release [integrity check]
2025-05-28 17:18:11,504 [INFO] IntegrityCheckThread:86 - entering critical section [integrity check]
2025-05-28 17:18:11,504 [INFO] ThirdPartyUpdaterWithRetryManager:70 - Updater plugin not ready yet. [1/15]
2025-05-28 17:18:11,505 [INFO] PluginManage:359 - Loaded plugin tools (category:base,tabindex:7)
2025-05-28 17:18:11,505 [INFO] PluginManage:310 - Check plugin tutovideos
2025-05-28 17:18:11,629 [INFO] PluginManage:359 - Loaded plugin tutovideos (category:base,tabindex:-1)
2025-05-28 17:18:11,629 [INFO] PluginManage:310 - Check plugin updater
2025-05-28 17:18:11,653 [INFO] PluginManage:359 - Loaded plugin updater (category:base,tabindex:12)
2025-05-28 17:18:11,653 [INFO] PluginManage:310 - Check plugin userauth
2025-05-28 17:18:11,657 [INFO] UserAuth:118 - Init User Auth plugin
2025-05-28 17:18:11,658 [INFO] PluginManage:359 - Loaded plugin userauth (category:base,tabindex:14)
2025-05-28 17:18:11,660 [INFO] PluginManage:283 - PluginManage : Loaded plugins [18]
2025-05-28 17:18:11,860 [INFO] PinOutPanel:1589 - setPackage(No Configuration,No Configuration)
2025-05-28 17:18:11,923 [INFO] CADModel:165 - CPN selected for project level
2025-05-28 17:18:11,923 [INFO] CADModel:114 - Register for checkConnection events
2025-05-28 17:18:11,934 [INFO] IPUIPlugin:80 - create IPUIPlugin
2025-05-28 17:18:11,934 [INFO] PluginManager:220 - loadIPPluginJar : add mdma
2025-05-28 17:18:11,940 [INFO] IPUIPlugin:80 - create IPUIPlugin
2025-05-28 17:18:11,940 [INFO] PluginManager:220 - loadIPPluginJar : add freertos
2025-05-28 17:18:11,943 [INFO] IPUIPlugin:80 - create IPUIPlugin
2025-05-28 17:18:11,943 [INFO] PluginManager:220 - loadIPPluginJar : add gic
2025-05-28 17:18:11,951 [INFO] IPUIPlugin:80 - create IPUIPlugin
2025-05-28 17:18:11,951 [INFO] PluginManager:220 - loadIPPluginJar : add adc
2025-05-28 17:18:11,953 [INFO] IPUIPlugin:80 - create IPUIPlugin
2025-05-28 17:18:11,953 [INFO] PluginManager:220 - loadIPPluginJar : add gtzc
2025-05-28 17:18:11,953 [INFO] IPUIPlugin:80 - create IPUIPlugin
2025-05-28 17:18:11,954 [INFO] PluginManager:220 - loadIPPluginJar : add quadspi
2025-05-28 17:18:11,956 [INFO] IPUIPlugin:80 - create IPUIPlugin
2025-05-28 17:18:11,956 [INFO] PluginManager:220 - loadIPPluginJar : add aes
2025-05-28 17:18:11,958 [INFO] IPUIPlugin:80 - create IPUIPlugin
2025-05-28 17:18:11,958 [INFO] PluginManager:220 - loadIPPluginJar : add pdm2pcm
2025-05-28 17:18:11,959 [INFO] IPUIPlugin:80 - create IPUIPlugin
2025-05-28 17:18:11,960 [INFO] PluginManager:220 - loadIPPluginJar : add hash
2025-05-28 17:18:11,960 [INFO] IPUIPlugin:80 - create IPUIPlugin
2025-05-28 17:18:11,961 [INFO] PluginManager:220 - loadIPPluginJar : add tim
2025-05-28 17:18:11,961 [INFO] IPUIPlugin:80 - create IPUIPlugin
2025-05-28 17:18:11,961 [INFO] PluginManager:220 - loadIPPluginJar : add tsc
2025-05-28 17:18:11,964 [INFO] IPUIPlugin:80 - create IPUIPlugin
2025-05-28 17:18:11,964 [INFO] PluginManager:220 - loadIPPluginJar : add extmemmanager
2025-05-28 17:18:11,966 [INFO] IPUIPlugin:80 - create IPUIPlugin
2025-05-28 17:18:11,966 [INFO] PluginManager:220 - loadIPPluginJar : add ts
2025-05-28 17:18:11,967 [INFO] IPUIPlugin:80 - create IPUIPlugin
2025-05-28 17:18:11,968 [INFO] PluginManager:220 - loadIPPluginJar : add radio
2025-05-28 17:18:11,969 [INFO] IPUIPlugin:80 - create IPUIPlugin
2025-05-28 17:18:11,969 [INFO] PluginManager:220 - loadIPPluginJar : add can
2025-05-28 17:18:11,970 [INFO] IPUIPlugin:80 - create IPUIPlugin
2025-05-28 17:18:11,970 [INFO] PluginManager:220 - loadIPPluginJar : add dma3
2025-05-28 17:18:11,972 [INFO] IPUIPlugin:80 - create IPUIPlugin
2025-05-28 17:18:11,972 [INFO] PluginManager:220 - loadIPPluginJar : add dfsdm
2025-05-28 17:18:11,973 [INFO] IPUIPlugin:80 - create IPUIPlugin
2025-05-28 17:18:11,973 [INFO] PluginManager:220 - loadIPPluginJar : add spi
2025-05-28 17:18:11,974 [INFO] IPUIPlugin:80 - create IPUIPlugin
2025-05-28 17:18:11,974 [INFO] PluginManager:220 - loadIPPluginJar : add gfxmmu
2025-05-28 17:18:11,975 [INFO] IPUIPlugin:80 - create IPUIPlugin
2025-05-28 17:18:11,975 [INFO] PluginManager:220 - loadIPPluginJar : add genericplugin
2025-05-28 17:18:11,976 [INFO] IPUIPlugin:80 - create IPUIPlugin
2025-05-28 17:18:11,976 [INFO] PluginManager:220 - loadIPPluginJar : add cryp
2025-05-28 17:18:11,979 [INFO] IPUIPlugin:80 - create IPUIPlugin
2025-05-28 17:18:11,980 [INFO] PluginManager:220 - loadIPPluginJar : add gpio
2025-05-28 17:18:11,981 [INFO] IPUIPlugin:80 - create IPUIPlugin
2025-05-28 17:18:11,982 [INFO] PluginManager:220 - loadIPPluginJar : add ddr_ctrl_phy
2025-05-28 17:18:11,983 [INFO] IPUIPlugin:80 - create IPUIPlugin
2025-05-28 17:18:11,983 [INFO] PluginManager:220 - loadIPPluginJar : add comp
2025-05-28 17:18:11,985 [INFO] IPUIPlugin:80 - create IPUIPlugin
2025-05-28 17:18:11,985 [INFO] PluginManager:220 - loadIPPluginJar : add tracer_emb
2025-05-28 17:18:11,987 [INFO] IPUIPlugin:80 - create IPUIPlugin
2025-05-28 17:18:11,987 [INFO] PluginManager:220 - loadIPPluginJar : add openamp
2025-05-28 17:18:11,991 [INFO] IPUIPlugin:80 - create IPUIPlugin
2025-05-28 17:18:11,991 [INFO] PluginManager:220 - loadIPPluginJar : add stm32_wpan
2025-05-28 17:18:11,996 [INFO] IPUIPlugin:80 - create IPUIPlugin
2025-05-28 17:18:11,999 [INFO] PluginManager:220 - loadIPPluginJar : add plateformsettings
2025-05-28 17:18:12,002 [INFO] IPUIPlugin:80 - create IPUIPlugin
2025-05-28 17:18:12,002 [INFO] PluginManager:220 - loadIPPluginJar : add ipddr
2025-05-28 17:18:12,005 [INFO] IPUIPlugin:80 - create IPUIPlugin
2025-05-28 17:18:12,005 [INFO] PluginManager:220 - loadIPPluginJar : add usart
2025-05-28 17:18:12,006 [INFO] IPUIPlugin:80 - create IPUIPlugin
2025-05-28 17:18:12,007 [INFO] PluginManager:220 - loadIPPluginJar : add ltdc
2025-05-28 17:18:12,010 [INFO] IPUIPlugin:80 - create IPUIPlugin
2025-05-28 17:18:12,010 [INFO] PluginManager:220 - loadIPPluginJar : add nvic
2025-05-28 17:18:12,011 [INFO] IPUIPlugin:80 - create IPUIPlugin
2025-05-28 17:18:12,011 [INFO] PluginManager:220 - loadIPPluginJar : add fatfs
2025-05-28 17:18:12,016 [INFO] IPUIPlugin:80 - create IPUIPlugin
2025-05-28 17:18:12,016 [INFO] PluginManager:220 - loadIPPluginJar : add linkedlist
2025-05-28 17:18:12,020 [INFO] IPUIPlugin:80 - create IPUIPlugin
2025-05-28 17:18:12,020 [INFO] PluginManager:220 - loadIPPluginJar : add dma
2025-05-28 17:18:12,024 [INFO] IPUIPlugin:80 - create IPUIPlugin
2025-05-28 17:18:12,024 [INFO] PluginManager:220 - loadIPPluginJar : add fmc
2025-05-28 17:18:12,025 [INFO] IPUIPlugin:80 - create IPUIPlugin
2025-05-28 17:18:12,025 [INFO] PluginManager:220 - loadIPPluginJar : add i2s
2025-05-28 17:18:12,025 [INFO] IPUIPlugin:80 - create IPUIPlugin
2025-05-28 17:18:12,026 [INFO] PluginManager:220 - loadIPPluginJar : add ucpd
2025-05-28 17:18:12,027 [INFO] IPUIPlugin:80 - create IPUIPlugin
2025-05-28 17:18:12,027 [INFO] PluginManager:220 - loadIPPluginJar : add lorawan
2025-05-28 17:18:12,029 [INFO] IPUIPlugin:80 - create IPUIPlugin
2025-05-28 17:18:12,029 [INFO] PluginManager:220 - loadIPPluginJar : add opamp
2025-05-28 17:18:12,030 [INFO] IPUIPlugin:80 - create IPUIPlugin
2025-05-28 17:18:12,030 [INFO] PluginManager:220 - loadIPPluginJar : add i3c
2025-05-28 17:18:12,032 [INFO] IPUIPlugin:80 - create IPUIPlugin
2025-05-28 17:18:12,032 [INFO] PluginManager:220 - loadIPPluginJar : add touchsensing
2025-05-28 17:18:12,034 [INFO] IPUIPlugin:80 - create IPUIPlugin
2025-05-28 17:18:12,034 [INFO] PluginManager:220 - loadIPPluginJar : add i2c
2025-05-28 17:18:12,036 [INFO] IPUIPlugin:80 - create IPUIPlugin
2025-05-28 17:18:12,036 [INFO] PluginManager:220 - loadIPPluginJar : add resmgrutility
2025-05-28 17:18:12,038 [INFO] IPUIPlugin:80 - create IPUIPlugin
2025-05-28 17:18:12,038 [INFO] PluginManager:220 - loadIPPluginJar : add sai
2025-05-28 17:18:12,039 [INFO] IPUIPlugin:80 - create IPUIPlugin
2025-05-28 17:18:12,039 [INFO] PluginManager:220 - loadIPPluginJar : add usbx
2025-05-28 17:18:12,145 [FATAL] Updater:351 - Updater called before beeing initialized
2025-05-28 17:18:12,185 [INFO] RulesReader:64 - Compatibility file has been processed (302 Rules)
2025-05-28 17:18:12,202 [INFO] RulesReader:64 - Compatibility file has been processed (302 Rules)
2025-05-28 17:18:12,213 [INFO] CADModel:165 - CPN selected for project level
2025-05-28 17:18:12,214 [INFO] CADModel:114 - Register for checkConnection events
2025-05-28 17:18:12,214 [FATAL] Updater:351 - Updater called before beeing initialized
2025-05-28 17:18:12,215 [ERROR] CADModel:125 - Updater not yet initialized, retry later 
2025-05-28 17:18:12,403 [FATAL] Updater:351 - Updater called before beeing initialized
2025-05-28 17:18:12,404 [INFO] CADModel:165 - CPN selected for project level
2025-05-28 17:18:12,404 [INFO] CADModel:114 - Register for checkConnection events
2025-05-28 17:18:12,404 [FATAL] Updater:351 - Updater called before beeing initialized
2025-05-28 17:18:12,404 [ERROR] CADModel:125 - Updater not yet initialized, retry later 
2025-05-28 17:18:12,407 [FATAL] Updater:351 - Updater called before beeing initialized
2025-05-28 17:18:12,540 [FATAL] Updater:351 - Updater called before beeing initialized
2025-05-28 17:18:12,543 [INFO] DbMcusAds:53 - JSON generation date=Wed May 07 02:07:55 PDT 2025 (1746608875679)
2025-05-28 17:18:12,543 [FATAL] Updater:351 - Updater called before beeing initialized
2025-05-28 17:18:13,129 [WARN] DetailPanel:346 - Failed to get advertising image, set to default
2025-05-28 17:18:13,298 [FATAL] Updater:351 - Updater called before beeing initialized
2025-05-28 17:18:13,303 [FATAL] Updater:351 - Updater called before beeing initialized
2025-05-28 17:18:13,303 [FATAL] Updater:351 - Updater called before beeing initialized
2025-05-28 17:18:13,303 [WARN] DetailPanel:346 - Failed to get advertising image, set to default
2025-05-28 17:18:13,306 [FATAL] Updater:351 - Updater called before beeing initialized
2025-05-28 17:18:13,359 [ERROR] Updater:1198 - MainUpdater not yet initialized. External WinMGr cannot be set.
2025-05-28 17:18:13,391 [INFO] Updater:1134 - Updater Version found : 6.14.1
2025-05-28 17:18:13,404 [INFO] ApplicationProperties:184 - Using Application install path: /Applications/STM32CubeIDE.app/Contents/Eclipse/plugins/com.st.stm32cube.common.mx_6.14.1.202504091515
2025-05-28 17:18:14,057 [INFO] MainUpdater:2872 - connection check result : 10
2025-05-28 17:18:14,057 [INFO] MainUpdater:3566 - Updater definition file requires update
2025-05-28 17:18:14,058 [INFO] MainUpdater:289 - Updater Check For Update Now.
2025-05-28 17:18:14,058 [INFO] MicroXplorer:498 - Change Database Version : DB.6.0.141
2025-05-28 17:18:14,064 [INFO] McuFinderGlobals:63 - Set McuFinder mode to 2 (CubeIDE integrated)
2025-05-28 17:18:14,064 [INFO] UserAuth:171 - activating auth plugin
2025-05-28 17:18:14,070 [INFO] UserAuth:484 - Internet connection configuration mode: 1
2025-05-28 17:18:14,084 [INFO] JxBrowserEngine:152 - Initiate JxBrowser Engine with user profile folder
2025-05-28 17:18:14,216 [INFO] ServerAccessManage:473 - Download File updaters.zip
2025-05-28 17:18:14,510 [WARN] MainUpdater:1193 - Updater busy. Cannot search thirdparties
2025-05-28 17:18:14,510 [INFO] ThirdPartyUpdaterWithRetryManager:96 - Updater plugin is busy. [1/15]
2025-05-28 17:18:14,548 [INFO] FileExtend:242 - Unzip File : updaters.zip
2025-05-28 17:18:14,549 [INFO] FileExtend:257 - Standard Zip Deflate
2025-05-28 17:18:14,999 [INFO] ServerAccessManage:473 - Download File PacksControlFlags.xml
2025-05-28 17:18:15,105 [INFO] ServerAccessManage:473 - Download File cubemx.pidx
2025-05-28 17:18:16,086 [INFO] ServerAccessManage:473 - Download File STMicroelectronics.X-CUBE-ST60.pdsc
2025-05-28 17:18:16,660 [WARN] PackLoader:240 - Cannot read IP mode file for STMicroelectronics.X-CUBE-ST60.1.0.0
2025-05-28 17:18:16,686 [INFO] PopulateThirdPartyThread:66 - Ending populate Thread
2025-05-28 17:18:16,692 [INFO] ThirdParty:1030 - CMSIS Pack Vendor :STMicroelectronics X-CUBE-ST60 1.0.0
2025-05-28 17:18:16,693 [INFO] LoadServerUpdatesThread:375 - End of LoadServerUpdate Thread
2025-05-28 17:18:16,802 [INFO] CheckServerUpdateThread:120 - End of CheckServer Thread
2025-05-28 17:18:17,685 [WARN] PackLoader:240 - Cannot read IP mode file for STMicroelectronics.FP-SNS-MOTENVWB1.1.4.0
2025-05-28 17:18:17,691 [WARN] PackLoader:240 - Cannot read IP mode file for STMicroelectronics.FP-ATR-ASTRA1.2.0.2
2025-05-28 17:18:17,698 [WARN] PackLoader:240 - Cannot read IP mode file for STMicroelectronics.FP-ATR-ASTRA1.2.0.1
2025-05-28 17:18:17,707 [WARN] PackLoader:240 - Cannot read IP mode file for STMicroelectronics.X-CUBE-SMBUS.2.1.0
2025-05-28 17:18:17,714 [WARN] PackLoader:240 - Cannot read IP mode file for STMicroelectronics.X-CUBE-WB05N.1.1.0
2025-05-28 17:18:17,721 [WARN] PackLoader:240 - Cannot read IP mode file for STMicroelectronics.X-CUBE-ST60.1.0.0
2025-05-28 17:18:17,758 [WARN] PackLoader:240 - Cannot read IP mode file for STMicroelectronics.X-CUBE-AZRTOS-F7.1.1.0
2025-05-28 17:18:17,776 [WARN] PackLoader:240 - Cannot read IP mode file for STMicroelectronics.FP-SNS-FLIGHT1.5.0.2
2025-05-28 17:18:17,822 [WARN] PackLoader:240 - Cannot read IP mode file for Infineon.AIROC-Wi-Fi-Bluetooth-STM32.1.7.0
2025-05-28 17:18:17,839 [WARN] PackLoader:240 - Cannot read IP mode file for STMicroelectronics.X-CUBE-DISPLAY.3.0.0
2025-05-28 17:18:17,863 [WARN] PackLoader:240 - Cannot read IP mode file for STMicroelectronics.X-CUBE-BLE1.7.0.0
2025-05-28 17:18:17,872 [WARN] PackLoader:240 - Cannot read IP mode file for STMicroelectronics.X-CUBE-NFC10.1.0.0
2025-05-28 17:18:17,895 [WARN] PackLoader:240 - Cannot read IP mode file for STMicroelectronics.X-CUBE-BLEMGR.4.0.0
2025-05-28 17:18:17,918 [WARN] PackLoader:240 - Cannot read IP mode file for emotas.I-CUBE-CANOPEN.1.3.0
2025-05-28 17:18:17,927 [WARN] PackLoader:240 - Cannot read IP mode file for STMicroelectronics.X-CUBE-AI.10.0.0
2025-05-28 17:18:17,931 [WARN] PackLoader:240 - Cannot read IP mode file for STMicroelectronics.FP-SNS-SMARTAG2.1.2.0
2025-05-28 17:18:17,935 [WARN] PackLoader:240 - Cannot read IP mode file for STMicroelectronics.FP-SNS-FLIGHT1.5.1.0
2025-05-28 17:18:18,022 [WARN] PackLoader:240 - Cannot read IP mode file for STMicroelectronics.X-CUBE-MEMS1.11.1.0
2025-05-28 17:18:18,119 [INFO] LogOutputStream:77 - [STDOUT_REDIRECT] 1 : Invalid condition id : UX_CORESTACK_Condition cause : null
2025-05-28 17:18:18,120 [INFO] LogOutputStream:77 - [STDOUT_REDIRECT] 1 : Invalid condition id : UX_CORESTACK_Condition cause : null
2025-05-28 17:18:18,120 [INFO] LogOutputStream:77 - [STDOUT_REDIRECT] 1 : Invalid condition id : UX_CORESTACK_Condition cause : null
2025-05-28 17:18:18,120 [INFO] LogOutputStream:77 - [STDOUT_REDIRECT] 1 : Invalid condition id : UX_CORESTACK_Condition cause : null
2025-05-28 17:18:18,120 [INFO] LogOutputStream:77 - [STDOUT_REDIRECT] 1 : Invalid condition id : UX_CORESTACK_Condition cause : null
2025-05-28 17:18:18,125 [WARN] PackLoader:240 - Cannot read IP mode file for STMicroelectronics.X-CUBE-AZRTOS-WL.2.0.0
2025-05-28 17:18:18,140 [WARN] PackLoader:240 - Cannot read IP mode file for STMicroelectronics.FP-SNS-MOTENV1.5.0.0
2025-05-28 17:18:18,145 [WARN] PackLoader:240 - Cannot read IP mode file for wolfSSL.I-CUBE-wolfMQTT.1.19.0
2025-05-28 17:18:18,150 [WARN] PackLoader:240 - Cannot read IP mode file for WES.I-CUBE-Cesium.1.3.0
2025-05-28 17:18:18,155 [WARN] PackLoader:240 - Cannot read IP mode file for STMicroelectronics.X-CUBE-BLE2.3.3.0
2025-05-28 17:18:18,163 [WARN] PackLoader:240 - Cannot read IP mode file for STMicroelectronics.X-CUBE-NFC9.1.0.0
2025-05-28 17:18:18,174 [WARN] PackLoader:240 - Cannot read IP mode file for STMicroelectronics.X-CUBE-BLE1.7.1.0
2025-05-28 17:18:18,230 [WARN] PackLoader:240 - Cannot read IP mode file for STMicroelectronics.X-CUBE-MEMS1.11.2.0
2025-05-28 17:18:18,304 [WARN] PackLoader:240 - Cannot read IP mode file for STMicroelectronics.X-CUBE-AZRTOS-G0.1.1.0
2025-05-28 17:18:18,318 [WARN] PackLoader:240 - Cannot read IP mode file for STMicroelectronics.X-CUBE-SAFEA1.1.2.2
2025-05-28 17:18:18,329 [WARN] PackLoader:240 - Cannot read IP mode file for STMicroelectronics.X-CUBE-NFC4.3.0.0
2025-05-28 17:18:18,344 [WARN] PackLoader:240 - Cannot read IP mode file for EmbeddedOffice.I-CUBE-FS-RTOS.1.0.1
2025-05-28 17:18:18,360 [WARN] PackLoader:240 - Cannot read IP mode file for STMicroelectronics.X-CUBE-WB05N.2.0.0
2025-05-28 17:18:18,368 [WARN] PackLoader:240 - Cannot read IP mode file for STMicroelectronics.X-CUBE-TCPP.4.2.0
2025-05-28 17:18:18,373 [WARN] PackLoader:240 - Cannot read IP mode file for RealThread.X-CUBE-RT-Thread_Nano.4.1.1
2025-05-28 17:18:18,376 [WARN] PackLoader:240 - Cannot read IP mode file for STMicroelectronics.FP-ATR-SIGFOX1.3.2.0
2025-05-28 17:18:18,380 [WARN] ConditionMgr:438 - getConditionDescription Invalid condition id : Cortex-A Device cause : null
2025-05-28 17:18:18,402 [WARN] ConditionMgr:1044 - genDependencies : Invalid condition id : Cortex-A Device cause : null
2025-05-28 17:18:18,403 [WARN] ConditionMgr:1044 - genDependencies : Invalid condition id : Cortex-A Device cause : null
2025-05-28 17:18:18,403 [WARN] ConditionMgr:1044 - genDependencies : Invalid condition id : Cortex-A Device cause : null
2025-05-28 17:18:18,410 [WARN] PackLoader:240 - Cannot read IP mode file for STMicroelectronics.X-CUBE-EEPRMA1.5.1.0
2025-05-28 17:18:18,418 [WARN] PackLoader:240 - Cannot read IP mode file for wolfSSL.I-CUBE-wolfSSL.5.7.6
2025-05-28 17:18:18,423 [WARN] PackLoader:240 - Cannot read IP mode file for ITTIA_DB.I-CUBE-ITTIADB.8.9.0
2025-05-28 17:18:18,462 [WARN] PackLoader:240 - Cannot read IP mode file for SEGGER.I-CUBE-embOS.1.3.1
2025-05-28 17:18:18,493 [WARN] PackLoader:240 - Cannot read IP mode file for STMicroelectronics.X-CUBE-ALGOBUILD.1.4.0
2025-05-28 17:18:18,513 [WARN] PackLoader:240 - Cannot read IP mode file for STMicroelectronics.X-CUBE-AZRTOS-F4.1.1.0
2025-05-28 17:18:18,525 [WARN] PackLoader:240 - Cannot read IP mode file for Avnet-IotConnect.X-CUBE-IoTC-DA16k-PMOD.1.0.0
2025-05-28 17:18:18,529 [WARN] PackLoader:240 - Cannot read IP mode file for STMicroelectronics.X-CUBE-ISPU.2.1.0
2025-05-28 17:18:18,546 [WARN] PackLoader:240 - Cannot read IP mode file for STMicroelectronics.X-CUBE-AZRTOS-L5.2.0.0
2025-05-28 17:18:18,557 [WARN] PackLoader:240 - Cannot read IP mode file for STMicroelectronics.X-CUBE-NFC6.3.1.0
2025-05-28 17:18:18,565 [WARN] PackLoader:240 - Cannot read IP mode file for STMicroelectronics.X-CUBE-DPower.1.2.0
2025-05-28 17:18:18,573 [WARN] PackLoader:240 - Cannot read IP mode file for STMicroelectronics.X-CUBE-FREERTOS.1.3.1
2025-05-28 17:18:18,583 [WARN] PackLoader:240 - Cannot read IP mode file for STMicroelectronics.X-CUBE-FREERTOS.1.3.0
2025-05-28 17:18:18,588 [WARN] PackLoader:240 - Cannot read IP mode file for STMicroelectronics.X-CUBE-NFC7.1.0.1
2025-05-28 17:18:18,599 [WARN] PackLoader:240 - Cannot read IP mode file for STMicroelectronics.X-CUBE-DPower.1.3.0
2025-05-28 17:18:18,632 [WARN] ConditionMgr:438 - getConditionDescription Invalid condition id : LAN8742 Phy interface Condition cause : null
2025-05-28 17:18:18,633 [WARN] PackLoader:240 - Cannot read IP mode file for STMicroelectronics.X-CUBE-AZRTOS-L4.2.0.0
2025-05-28 17:18:18,637 [WARN] ConditionMgr:1044 - genDependencies : Invalid condition id : LAN8742 Phy interface Condition cause : null
2025-05-28 17:18:18,637 [WARN] ConditionMgr:1044 - genDependencies : Invalid condition id : LAN8742 Phy interface Condition cause : null
2025-05-28 17:18:18,639 [WARN] ConditionMgr:1044 - genDependencies : Invalid condition id : LAN8742 Phy interface Condition cause : null
2025-05-28 17:18:18,653 [WARN] PackLoader:240 - Cannot read IP mode file for STMicroelectronics.X-CUBE-SFXS2LP1.4.0.0
2025-05-28 17:18:18,681 [WARN] PackLoader:240 - Cannot read IP mode file for STMicroelectronics.X-CUBE-AZRTOS-H7.3.3.0
2025-05-28 17:18:18,713 [WARN] ConditionMgr:438 - getConditionDescription Invalid condition id : UX DEVICE CLASS RTOS Condition cause : null
2025-05-28 17:18:18,713 [WARN] ConditionMgr:438 - getConditionDescription Invalid condition id : UX DEVICE CLASS RTOS Condition cause : null
2025-05-28 17:18:18,717 [WARN] PackLoader:240 - Cannot read IP mode file for STMicroelectronics.X-CUBE-AZRTOS-WB.2.0.0
2025-05-28 17:18:18,719 [WARN] ConditionMgr:1044 - genDependencies : Invalid condition id : UX DEVICE CLASS RTOS Condition cause : null
2025-05-28 17:18:18,719 [WARN] ConditionMgr:1044 - genDependencies : Invalid condition id : UX DEVICE CLASS RTOS Condition cause : null
2025-05-28 17:18:18,720 [WARN] ConditionMgr:1044 - genDependencies : Invalid condition id : UX DEVICE CLASS RTOS Condition cause : null
2025-05-28 17:18:18,720 [WARN] ConditionMgr:1044 - genDependencies : Invalid condition id : UX DEVICE CLASS RTOS Condition cause : null
2025-05-28 17:18:18,720 [WARN] ConditionMgr:1044 - genDependencies : Invalid condition id : UX DEVICE CLASS RTOS Condition cause : null
2025-05-28 17:18:18,732 [WARN] PackLoader:240 - Cannot read IP mode file for STMicroelectronics.X-CUBE-GNSS1.7.0.1
2025-05-28 17:18:18,742 [WARN] PackLoader:240 - Cannot read IP mode file for STMicroelectronics.X-CUBE-TOUCHGFX.4.25.0
2025-05-28 17:18:18,754 [WARN] PackLoader:240 - Cannot read IP mode file for STMicroelectronics.FP-SNS-STBOX1.2.0.0
2025-05-28 17:18:18,773 [WARN] PackLoader:240 - Cannot read IP mode file for STMicroelectronics.X-CUBE-SUBG2.5.0.0
2025-05-28 17:18:18,809 [WARN] PackLoader:240 - Cannot read IP mode file for STMicroelectronics.X-CUBE-AZRTOS-H7RS.1.1.0
2025-05-28 17:18:18,830 [WARN] PackLoader:240 - Cannot read IP mode file for Cesanta.I-CUBE-Mongoose.7.13.0
2025-05-28 17:18:18,866 [WARN] PackLoader:240 - Cannot read IP mode file for STMicroelectronics.X-CUBE-AZRTOS-G4.2.0.0
2025-05-28 17:18:18,876 [WARN] PackLoader:240 - Cannot read IP mode file for STMicroelectronics.X-CUBE-NFC7.2.0.0
2025-05-28 17:18:18,894 [WARN] PackLoader:240 - Cannot read IP mode file for STMicroelectronics.X-CUBE-IPS.3.1.0
2025-05-28 17:18:18,903 [WARN] PackLoader:240 - Cannot read IP mode file for STMicroelectronics.X-CUBE-ALS.1.0.2
2025-05-28 17:18:18,908 [WARN] PackLoader:240 - Cannot read IP mode file for STMicroelectronics.X-CUBE-TOUCHGFX.4.24.2
2025-05-28 17:18:18,912 [WARN] PackLoader:240 - Cannot read IP mode file for wolfSSL.I-CUBE-wolfTPM.3.4.0
2025-05-28 17:18:18,931 [WARN] PackLoader:240 - Cannot read IP mode file for portGmbH.I-Cube-SoM-uGOAL.1.1.0
2025-05-28 17:18:18,950 [INFO] WebApp:169 - Instantiating new browser for Auth
2025-05-28 17:18:18,954 [WARN] PackLoader:240 - Cannot read IP mode file for STMicroelectronics.X-CUBE-AZRTOS-H7RS.1.0.0
2025-05-28 17:18:18,977 [WARN] PackLoader:240 - Cannot read IP mode file for STMicroelectronics.X-CUBE-TOF1.3.4.2
2025-05-28 17:18:18,997 [WARN] PackLoader:240 - Cannot read IP mode file for STMicroelectronics.X-CUBE-TOF1.3.4.3
2025-05-28 17:18:19,017 [WARN] PackLoader:240 - Cannot read IP mode file for wolfSSL.I-CUBE-wolfSSH.1.4.17
2025-05-28 17:18:19,022 [INFO] ThirdParty:978 - Integrity check success = true
2025-05-28 17:18:19,027 [INFO] IntegrityCheckThread:100 - exiting critical section [integrity check]
2025-05-28 17:18:19,031 [INFO] IntegrityCheckThread:103 - End integrity checks thread
2025-05-28 17:18:20,126 [INFO] WebApp:463 - Apply proxy settings
2025-05-28 17:18:20,133 [INFO] WebApp:508 - Chromium authenticates against Manually configured proxy
2025-05-28 17:18:20,145 [INFO] WebApp:516 - Username used for proxy authentication: 
2025-05-28 17:18:20,181 [INFO] WebApp:894 - Register for checkConnection events
2025-05-28 17:18:20,182 [INFO] WebApp:463 - Apply proxy settings
2025-05-28 17:18:20,184 [INFO] WebApp:508 - Chromium authenticates against Manually configured proxy
2025-05-28 17:18:20,185 [INFO] WebApp:516 - Username used for proxy authentication: 
2025-05-28 17:18:20,300 [INFO] WebApp:225 - Starting web application
2025-05-28 17:18:20,300 [INFO] WebApp:593 - Web application path used /Applications/STM32CubeIDE.app/Contents/Eclipse/plugins/com.st.stm32cube.common.mx_6.14.1.202504091515/db/plugins/mcufinder/reactClient1/index.html
2025-05-28 17:18:21,120 [INFO] WebApp:191 - Connection restablished
2025-05-28 19:14:30,997 [ERROR] LogOutputStream:75 - [STDERR_REDIRECT] 
