2025-08-12 10:42:34,767 [INFO] Activator:176 - 


2025-08-12 10:42:34,771 [INFO] Activator:177 - !SESSION log4j initialized
2025-08-12 10:42:38,882 [ERROR] LogOutputStream:75 - [STDERR_REDIRECT] 
2025-08-12 10:42:39,125 [INFO] LogOutputStream:77 - [STDOUT_REDIRECT] 
2025-08-12 10:42:40,532 [INFO] LogOutputStream:77 - [STDOUT_REDIRECT] 
2025-08-12 10:42:41,440 [INFO] ApplicationProperties:184 - Using Application install path: /Applications/STM32CubeIDE.app/Contents/Eclipse/plugins/com.st.stm32cube.common.mx_6.14.1.202504091515
2025-08-12 10:42:41,450 [INFO] DbMcusXml:78 - Set database path to: /Applications/STM32CubeIDE.app/Contents/Eclipse/plugins/com.st.stm32cube.common.mx_6.14.1.202504091515//db//mcu/
2025-08-12 10:42:41,451 [INFO] ApiDb:274 - Set plugin database path to: /Applications/STM32CubeIDE.app/Contents/Eclipse/plugins/com.st.stm32cube.common.mx_6.14.1.202504091515//db//plugins/boardmanager/
2025-08-12 10:42:41,451 [WARN] ApiDb:259 - Overriding images path with different value:  => /Applications/STM32CubeIDE.app/Contents/Eclipse/plugins/com.st.stm32cube.common.mx_6.14.1.202504091515//db//plugins/mcufinder/images/
2025-08-12 10:42:41,460 [INFO] ApiDb:250 - Set database path to: /Users/mauricewashington/.stmcufinder/plugins/mcufinder//mcu/
2025-08-12 10:42:41,460 [INFO] DbMcusAds:125 - Set database path to: /Users/mauricewashington/.stmcufinder/plugins/mcufinder//mcu/
2025-08-12 10:42:41,461 [INFO] CrossReferenceDbSqlite:203 - Set database path to: /Users/mauricewashington/.stmcufinder/plugins/mcufinder//mcu/cs/
2025-08-12 10:42:41,559 [INFO] RulesReader:64 - Compatibility file has been processed (302 Rules)
2025-08-12 10:42:41,624 [INFO] DbMcusXml:78 - Set database path to: /Applications/STM32CubeIDE.app/Contents/Eclipse/plugins/com.st.stm32cube.common.mx_6.14.1.202504091515//db//mcu/
2025-08-12 10:42:41,624 [INFO] ApiDb:274 - Set plugin database path to: /Applications/STM32CubeIDE.app/Contents/Eclipse/plugins/com.st.stm32cube.common.mx_6.14.1.202504091515//db//plugins/boardmanager/
2025-08-12 10:42:41,624 [INFO] ApiDb:261 - Set plugin images path to: /Applications/STM32CubeIDE.app/Contents/Eclipse/plugins/com.st.stm32cube.common.mx_6.14.1.202504091515//db//plugins/mcufinder/images/
2025-08-12 10:42:41,625 [WARN] DbFile:41 - Overriding database path with different value: /Users/mauricewashington/.stmcufinder/plugins/mcufinder/ => /Users/mauricewashington/.stmcufinder/plugins/mcufinder
2025-08-12 10:42:41,625 [INFO] ApiDb:250 - Set database path to: /Users/mauricewashington/.stmcufinder/plugins/mcufinder//mcu/
2025-08-12 10:42:41,625 [WARN] DbFile:41 - Overriding database path with different value: /Users/mauricewashington/.stmcufinder/plugins/mcufinder/ => /Users/mauricewashington/.stmcufinder/plugins/mcufinder
2025-08-12 10:42:41,625 [INFO] DbMcusAds:125 - Set database path to: /Users/mauricewashington/.stmcufinder/plugins/mcufinder//mcu/
2025-08-12 10:42:41,625 [WARN] DbFile:41 - Overriding database path with different value: /Users/mauricewashington/.stmcufinder/plugins/mcufinder/ => /Users/mauricewashington/.stmcufinder/plugins/mcufinder
2025-08-12 10:42:41,625 [WARN] DbFile:41 - Overriding database path with different value: /Users/mauricewashington/.stmcufinder/plugins/mcufinder/ => /Users/mauricewashington/.stmcufinder/plugins/mcufinder
2025-08-12 10:42:41,625 [INFO] CrossReferenceDbSqlite:203 - Set database path to: /Users/mauricewashington/.stmcufinder/plugins/mcufinder//mcu/cs/
2025-08-12 10:42:41,685 [INFO] MainPanel:272 - HeapMemory: 268435456
2025-08-12 10:42:41,917 [INFO] DbMcusXml:78 - Set database path to: /Applications/STM32CubeIDE.app/Contents/Eclipse/plugins/com.st.stm32cube.common.mx_6.14.1.202504091515//db//mcu/
2025-08-12 10:42:41,917 [INFO] ApiDb:274 - Set plugin database path to: /Applications/STM32CubeIDE.app/Contents/Eclipse/plugins/com.st.stm32cube.common.mx_6.14.1.202504091515//db//plugins/boardmanager/
2025-08-12 10:42:41,918 [INFO] ApiDb:261 - Set plugin images path to: /Applications/STM32CubeIDE.app/Contents/Eclipse/plugins/com.st.stm32cube.common.mx_6.14.1.202504091515//db//plugins/mcufinder/images/
2025-08-12 10:42:41,918 [WARN] DbFile:41 - Overriding database path with different value: /Users/mauricewashington/.stmcufinder/plugins/mcufinder/ => /Users/mauricewashington/.stmcufinder/plugins/mcufinder
2025-08-12 10:42:41,918 [INFO] ApiDb:250 - Set database path to: /Users/mauricewashington/.stmcufinder/plugins/mcufinder//mcu/
2025-08-12 10:42:41,918 [WARN] DbFile:41 - Overriding database path with different value: /Users/mauricewashington/.stmcufinder/plugins/mcufinder/ => /Users/mauricewashington/.stmcufinder/plugins/mcufinder
2025-08-12 10:42:41,918 [INFO] DbMcusAds:125 - Set database path to: /Users/mauricewashington/.stmcufinder/plugins/mcufinder//mcu/
2025-08-12 10:42:41,918 [WARN] DbFile:41 - Overriding database path with different value: /Users/mauricewashington/.stmcufinder/plugins/mcufinder/ => /Users/mauricewashington/.stmcufinder/plugins/mcufinder
2025-08-12 10:42:41,918 [WARN] DbFile:41 - Overriding database path with different value: /Users/mauricewashington/.stmcufinder/plugins/mcufinder/ => /Users/mauricewashington/.stmcufinder/plugins/mcufinder
2025-08-12 10:42:41,918 [INFO] CrossReferenceDbSqlite:203 - Set database path to: /Users/mauricewashington/.stmcufinder/plugins/mcufinder//mcu/cs/
2025-08-12 10:42:41,931 [INFO] ApplicationProperties:184 - Using Application install path: /Applications/STM32CubeIDE.app/Contents/Eclipse/plugins/com.st.stm32cube.common.mx_6.14.1.202504091515
2025-08-12 10:42:41,932 [INFO] PluginManage:196 - Search for loadable plugins [exclusion list=, ]
2025-08-12 10:42:41,933 [INFO] PluginManage:310 - Check plugin analytics
2025-08-12 10:42:42,065 [INFO] AnalyticsPlugin:253 - Accepted Software Licenses: 
2025-08-12 10:42:42,065 [INFO] AnalyticsPlugin:255 - Accepted CMSIS Pack Licenses: 
2025-08-12 10:42:42,065 [INFO] AnalyticsPlugin:257 - Accepted Firmware Licenses: 
2025-08-12 10:42:42,072 [INFO] PluginManage:359 - Loaded plugin analytics (category:tool,tabindex:-1)
2025-08-12 10:42:42,074 [INFO] PluginManage:310 - Check plugin cadmodel
2025-08-12 10:42:42,084 [INFO] CADModel:105 - Init CAD model plugin
2025-08-12 10:42:42,085 [INFO] PluginManage:359 - Loaded plugin cadmodel (category:power,tabindex:5)
2025-08-12 10:42:42,085 [INFO] PluginManage:310 - Check plugin clock
2025-08-12 10:42:42,093 [INFO] PluginManage:359 - Loaded plugin clock (category:base,tabindex:2)
2025-08-12 10:42:42,094 [INFO] PluginManage:310 - Check plugin ddr
2025-08-12 10:42:42,095 [INFO] PluginManage:359 - Loaded plugin ddr (category:tool,tabindex:6)
2025-08-12 10:42:42,095 [INFO] PluginManage:310 - Check plugin filemanager
2025-08-12 10:42:42,208 [INFO] PluginManage:359 - Loaded plugin filemanager (category:base,tabindex:10)
2025-08-12 10:42:42,208 [INFO] PluginManage:310 - Check plugin ipmanager
2025-08-12 10:42:42,212 [INFO] PluginManage:359 - Loaded plugin ipmanager (category:base,tabindex:5)
2025-08-12 10:42:42,212 [INFO] PluginManage:310 - Check plugin lpbam
2025-08-12 10:42:42,219 [INFO] PluginManage:359 - Loaded plugin lpbam (category:base,tabindex:0)
2025-08-12 10:42:42,219 [INFO] PluginManage:310 - Check plugin memorymap
2025-08-12 10:42:42,234 [INFO] PluginManage:359 - Loaded plugin memorymap (category:base,tabindex:4)
2025-08-12 10:42:42,234 [INFO] PluginManage:310 - Check plugin pinoutandconfiguration
2025-08-12 10:42:42,239 [INFO] PluginManage:359 - Loaded plugin pinoutandconfiguration (category:base,tabindex:1)
2025-08-12 10:42:42,240 [INFO] PluginManage:310 - Check plugin pinoutconfig
2025-08-12 10:42:42,305 [WARN] SupportedApi:132 - Cannot load RTOS API schema: s4s-elt-must-match.1: The content of 'definitions' must match (annotation?, (simpleType | complexType)?, (unique | key | keyref)*)). A problem was found starting at: attribute.
2025-08-12 10:42:42,420 [INFO] PluginManage:359 - Loaded plugin pinoutconfig (category:base,tabindex:0)
2025-08-12 10:42:42,420 [INFO] PluginManage:310 - Check plugin power
2025-08-12 10:42:42,432 [INFO] PluginManage:359 - Loaded plugin power (category:power,tabindex:4)
2025-08-12 10:42:42,432 [INFO] PluginManage:310 - Check plugin projectmanager
2025-08-12 10:42:42,454 [INFO] PluginManage:359 - Loaded plugin projectmanager (category:projectmanager,tabindex:4)
2025-08-12 10:42:42,455 [INFO] PluginManage:310 - Check plugin rif
2025-08-12 10:42:42,459 [INFO] PluginManage:359 - Loaded plugin rif (category:base,tabindex:3)
2025-08-12 10:42:42,460 [INFO] PluginManage:310 - Check plugin thirdparty
2025-08-12 10:42:42,585 [INFO] PluginManage:359 - Loaded plugin thirdparty (category:base,tabindex:-1)
2025-08-12 10:42:42,585 [INFO] PluginManage:310 - Check plugin tools
2025-08-12 10:42:42,585 [WARN] IntegrityCheckThread:84 - waiting for thirdparty lock release [integrity check]
2025-08-12 10:42:42,588 [INFO] PluginManage:359 - Loaded plugin tools (category:base,tabindex:7)
2025-08-12 10:42:42,588 [INFO] IntegrityCheckThread:86 - entering critical section [integrity check]
2025-08-12 10:42:42,588 [INFO] PluginManage:310 - Check plugin tutovideos
2025-08-12 10:42:42,588 [INFO] ThirdPartyUpdaterWithRetryManager:70 - Updater plugin not ready yet. [1/15]
2025-08-12 10:42:42,705 [INFO] PluginManage:359 - Loaded plugin tutovideos (category:base,tabindex:-1)
2025-08-12 10:42:42,705 [INFO] PluginManage:310 - Check plugin updater
2025-08-12 10:42:42,724 [INFO] PluginManage:359 - Loaded plugin updater (category:base,tabindex:12)
2025-08-12 10:42:42,725 [INFO] PluginManage:310 - Check plugin userauth
2025-08-12 10:42:42,728 [INFO] UserAuth:118 - Init User Auth plugin
2025-08-12 10:42:42,729 [INFO] PluginManage:359 - Loaded plugin userauth (category:base,tabindex:14)
2025-08-12 10:42:42,730 [INFO] PluginManage:283 - PluginManage : Loaded plugins [18]
2025-08-12 10:42:42,908 [INFO] PinOutPanel:1589 - setPackage(No Configuration,No Configuration)
2025-08-12 10:42:42,988 [INFO] CADModel:165 - CPN selected for project level
2025-08-12 10:42:42,989 [INFO] CADModel:114 - Register for checkConnection events
2025-08-12 10:42:42,998 [INFO] IPUIPlugin:80 - create IPUIPlugin
2025-08-12 10:42:42,998 [INFO] PluginManager:220 - loadIPPluginJar : add mdma
2025-08-12 10:42:43,003 [INFO] IPUIPlugin:80 - create IPUIPlugin
2025-08-12 10:42:43,003 [INFO] PluginManager:220 - loadIPPluginJar : add freertos
2025-08-12 10:42:43,005 [INFO] IPUIPlugin:80 - create IPUIPlugin
2025-08-12 10:42:43,006 [INFO] PluginManager:220 - loadIPPluginJar : add gic
2025-08-12 10:42:43,013 [INFO] IPUIPlugin:80 - create IPUIPlugin
2025-08-12 10:42:43,013 [INFO] PluginManager:220 - loadIPPluginJar : add adc
2025-08-12 10:42:43,014 [INFO] IPUIPlugin:80 - create IPUIPlugin
2025-08-12 10:42:43,014 [INFO] PluginManager:220 - loadIPPluginJar : add gtzc
2025-08-12 10:42:43,015 [INFO] IPUIPlugin:80 - create IPUIPlugin
2025-08-12 10:42:43,015 [INFO] PluginManager:220 - loadIPPluginJar : add quadspi
2025-08-12 10:42:43,016 [INFO] IPUIPlugin:80 - create IPUIPlugin
2025-08-12 10:42:43,016 [INFO] PluginManager:220 - loadIPPluginJar : add aes
2025-08-12 10:42:43,018 [INFO] IPUIPlugin:80 - create IPUIPlugin
2025-08-12 10:42:43,018 [INFO] PluginManager:220 - loadIPPluginJar : add pdm2pcm
2025-08-12 10:42:43,018 [INFO] IPUIPlugin:80 - create IPUIPlugin
2025-08-12 10:42:43,019 [INFO] PluginManager:220 - loadIPPluginJar : add hash
2025-08-12 10:42:43,019 [INFO] IPUIPlugin:80 - create IPUIPlugin
2025-08-12 10:42:43,019 [INFO] PluginManager:220 - loadIPPluginJar : add tim
2025-08-12 10:42:43,020 [INFO] IPUIPlugin:80 - create IPUIPlugin
2025-08-12 10:42:43,020 [INFO] PluginManager:220 - loadIPPluginJar : add tsc
2025-08-12 10:42:43,022 [INFO] IPUIPlugin:80 - create IPUIPlugin
2025-08-12 10:42:43,022 [INFO] PluginManager:220 - loadIPPluginJar : add extmemmanager
2025-08-12 10:42:43,023 [INFO] IPUIPlugin:80 - create IPUIPlugin
2025-08-12 10:42:43,023 [INFO] PluginManager:220 - loadIPPluginJar : add ts
2025-08-12 10:42:43,024 [INFO] IPUIPlugin:80 - create IPUIPlugin
2025-08-12 10:42:43,024 [INFO] PluginManager:220 - loadIPPluginJar : add radio
2025-08-12 10:42:43,026 [INFO] IPUIPlugin:80 - create IPUIPlugin
2025-08-12 10:42:43,026 [INFO] PluginManager:220 - loadIPPluginJar : add can
2025-08-12 10:42:43,027 [INFO] IPUIPlugin:80 - create IPUIPlugin
2025-08-12 10:42:43,027 [INFO] PluginManager:220 - loadIPPluginJar : add dma3
2025-08-12 10:42:43,028 [INFO] IPUIPlugin:80 - create IPUIPlugin
2025-08-12 10:42:43,028 [INFO] PluginManager:220 - loadIPPluginJar : add dfsdm
2025-08-12 10:42:43,029 [INFO] IPUIPlugin:80 - create IPUIPlugin
2025-08-12 10:42:43,029 [INFO] PluginManager:220 - loadIPPluginJar : add spi
2025-08-12 10:42:43,031 [INFO] IPUIPlugin:80 - create IPUIPlugin
2025-08-12 10:42:43,031 [INFO] PluginManager:220 - loadIPPluginJar : add gfxmmu
2025-08-12 10:42:43,033 [INFO] IPUIPlugin:80 - create IPUIPlugin
2025-08-12 10:42:43,033 [INFO] PluginManager:220 - loadIPPluginJar : add genericplugin
2025-08-12 10:42:43,034 [INFO] IPUIPlugin:80 - create IPUIPlugin
2025-08-12 10:42:43,034 [INFO] PluginManager:220 - loadIPPluginJar : add cryp
2025-08-12 10:42:43,037 [INFO] IPUIPlugin:80 - create IPUIPlugin
2025-08-12 10:42:43,037 [INFO] PluginManager:220 - loadIPPluginJar : add gpio
2025-08-12 10:42:43,039 [INFO] IPUIPlugin:80 - create IPUIPlugin
2025-08-12 10:42:43,039 [INFO] PluginManager:220 - loadIPPluginJar : add ddr_ctrl_phy
2025-08-12 10:42:43,041 [INFO] IPUIPlugin:80 - create IPUIPlugin
2025-08-12 10:42:43,041 [INFO] PluginManager:220 - loadIPPluginJar : add comp
2025-08-12 10:42:43,043 [INFO] IPUIPlugin:80 - create IPUIPlugin
2025-08-12 10:42:43,043 [INFO] PluginManager:220 - loadIPPluginJar : add tracer_emb
2025-08-12 10:42:43,044 [INFO] IPUIPlugin:80 - create IPUIPlugin
2025-08-12 10:42:43,044 [INFO] PluginManager:220 - loadIPPluginJar : add openamp
2025-08-12 10:42:43,047 [INFO] IPUIPlugin:80 - create IPUIPlugin
2025-08-12 10:42:43,047 [INFO] PluginManager:220 - loadIPPluginJar : add stm32_wpan
2025-08-12 10:42:43,051 [INFO] IPUIPlugin:80 - create IPUIPlugin
2025-08-12 10:42:43,054 [INFO] PluginManager:220 - loadIPPluginJar : add plateformsettings
2025-08-12 10:42:43,056 [INFO] IPUIPlugin:80 - create IPUIPlugin
2025-08-12 10:42:43,056 [INFO] PluginManager:220 - loadIPPluginJar : add ipddr
2025-08-12 10:42:43,057 [INFO] IPUIPlugin:80 - create IPUIPlugin
2025-08-12 10:42:43,057 [INFO] PluginManager:220 - loadIPPluginJar : add usart
2025-08-12 10:42:43,057 [INFO] IPUIPlugin:80 - create IPUIPlugin
2025-08-12 10:42:43,057 [INFO] PluginManager:220 - loadIPPluginJar : add ltdc
2025-08-12 10:42:43,059 [INFO] IPUIPlugin:80 - create IPUIPlugin
2025-08-12 10:42:43,059 [INFO] PluginManager:220 - loadIPPluginJar : add nvic
2025-08-12 10:42:43,059 [INFO] IPUIPlugin:80 - create IPUIPlugin
2025-08-12 10:42:43,060 [INFO] PluginManager:220 - loadIPPluginJar : add fatfs
2025-08-12 10:42:43,064 [INFO] IPUIPlugin:80 - create IPUIPlugin
2025-08-12 10:42:43,064 [INFO] PluginManager:220 - loadIPPluginJar : add linkedlist
2025-08-12 10:42:43,067 [INFO] IPUIPlugin:80 - create IPUIPlugin
2025-08-12 10:42:43,067 [INFO] PluginManager:220 - loadIPPluginJar : add dma
2025-08-12 10:42:43,069 [INFO] IPUIPlugin:80 - create IPUIPlugin
2025-08-12 10:42:43,069 [INFO] PluginManager:220 - loadIPPluginJar : add fmc
2025-08-12 10:42:43,071 [INFO] IPUIPlugin:80 - create IPUIPlugin
2025-08-12 10:42:43,071 [INFO] PluginManager:220 - loadIPPluginJar : add i2s
2025-08-12 10:42:43,072 [INFO] IPUIPlugin:80 - create IPUIPlugin
2025-08-12 10:42:43,072 [INFO] PluginManager:220 - loadIPPluginJar : add ucpd
2025-08-12 10:42:43,073 [INFO] IPUIPlugin:80 - create IPUIPlugin
2025-08-12 10:42:43,073 [INFO] PluginManager:220 - loadIPPluginJar : add lorawan
2025-08-12 10:42:43,075 [INFO] IPUIPlugin:80 - create IPUIPlugin
2025-08-12 10:42:43,075 [INFO] PluginManager:220 - loadIPPluginJar : add opamp
2025-08-12 10:42:43,076 [INFO] IPUIPlugin:80 - create IPUIPlugin
2025-08-12 10:42:43,076 [INFO] PluginManager:220 - loadIPPluginJar : add i3c
2025-08-12 10:42:43,077 [INFO] IPUIPlugin:80 - create IPUIPlugin
2025-08-12 10:42:43,078 [INFO] PluginManager:220 - loadIPPluginJar : add touchsensing
2025-08-12 10:42:43,079 [INFO] IPUIPlugin:80 - create IPUIPlugin
2025-08-12 10:42:43,079 [INFO] PluginManager:220 - loadIPPluginJar : add i2c
2025-08-12 10:42:43,081 [INFO] IPUIPlugin:80 - create IPUIPlugin
2025-08-12 10:42:43,081 [INFO] PluginManager:220 - loadIPPluginJar : add resmgrutility
2025-08-12 10:42:43,082 [INFO] IPUIPlugin:80 - create IPUIPlugin
2025-08-12 10:42:43,082 [INFO] PluginManager:220 - loadIPPluginJar : add sai
2025-08-12 10:42:43,083 [INFO] IPUIPlugin:80 - create IPUIPlugin
2025-08-12 10:42:43,083 [INFO] PluginManager:220 - loadIPPluginJar : add usbx
2025-08-12 10:42:43,184 [FATAL] Updater:351 - Updater called before beeing initialized
2025-08-12 10:42:43,221 [INFO] RulesReader:64 - Compatibility file has been processed (302 Rules)
2025-08-12 10:42:43,232 [INFO] RulesReader:64 - Compatibility file has been processed (302 Rules)
2025-08-12 10:42:43,241 [INFO] CADModel:165 - CPN selected for project level
2025-08-12 10:42:43,241 [INFO] CADModel:114 - Register for checkConnection events
2025-08-12 10:42:43,241 [FATAL] Updater:351 - Updater called before beeing initialized
2025-08-12 10:42:43,242 [ERROR] CADModel:125 - Updater not yet initialized, retry later 
2025-08-12 10:42:43,418 [FATAL] Updater:351 - Updater called before beeing initialized
2025-08-12 10:42:43,419 [INFO] CADModel:165 - CPN selected for project level
2025-08-12 10:42:43,419 [INFO] CADModel:114 - Register for checkConnection events
2025-08-12 10:42:43,419 [FATAL] Updater:351 - Updater called before beeing initialized
2025-08-12 10:42:43,419 [ERROR] CADModel:125 - Updater not yet initialized, retry later 
2025-08-12 10:42:43,423 [FATAL] Updater:351 - Updater called before beeing initialized
2025-08-12 10:42:43,552 [FATAL] Updater:351 - Updater called before beeing initialized
2025-08-12 10:42:43,556 [INFO] DbMcusAds:53 - JSON generation date=Tue Jul 08 01:14:23 PDT 2025 (1751962463582)
2025-08-12 10:42:43,556 [FATAL] Updater:351 - Updater called before beeing initialized
2025-08-12 10:42:43,606 [WARN] DetailPanel:346 - Failed to get advertising image, set to default
2025-08-12 10:42:43,767 [FATAL] Updater:351 - Updater called before beeing initialized
2025-08-12 10:42:43,771 [FATAL] Updater:351 - Updater called before beeing initialized
2025-08-12 10:42:43,771 [FATAL] Updater:351 - Updater called before beeing initialized
2025-08-12 10:42:43,771 [WARN] DetailPanel:346 - Failed to get advertising image, set to default
2025-08-12 10:42:43,774 [FATAL] Updater:351 - Updater called before beeing initialized
2025-08-12 10:42:43,829 [ERROR] Updater:1198 - MainUpdater not yet initialized. External WinMGr cannot be set.
2025-08-12 10:42:43,858 [INFO] Updater:1134 - Updater Version found : 6.14.1
2025-08-12 10:42:43,870 [INFO] ApplicationProperties:184 - Using Application install path: /Applications/STM32CubeIDE.app/Contents/Eclipse/plugins/com.st.stm32cube.common.mx_6.14.1.202504091515
2025-08-12 10:42:44,254 [INFO] MainUpdater:2872 - connection check result : 10
2025-08-12 10:42:44,255 [INFO] MainUpdater:289 - Updater Check For Update Now.
2025-08-12 10:42:44,255 [INFO] MicroXplorer:498 - Change Database Version : DB.6.0.141
2025-08-12 10:42:44,258 [INFO] McuFinderGlobals:63 - Set McuFinder mode to 2 (CubeIDE integrated)
2025-08-12 10:42:44,259 [INFO] UserAuth:484 - Internet connection configuration mode: 1
2025-08-12 10:42:44,274 [INFO] JxBrowserEngine:152 - Initiate JxBrowser Engine with user profile folder
2025-08-12 10:42:44,505 [INFO] CheckServerUpdateThread:120 - End of CheckServer Thread
2025-08-12 10:42:45,744 [WARN] PackLoader:240 - Cannot read IP mode file for STMicroelectronics.FP-SNS-MOTENVWB1.1.4.0
2025-08-12 10:42:45,759 [WARN] PackLoader:240 - Cannot read IP mode file for STMicroelectronics.FP-ATR-ASTRA1.2.0.2
2025-08-12 10:42:45,770 [WARN] PackLoader:240 - Cannot read IP mode file for STMicroelectronics.FP-ATR-ASTRA1.2.0.1
2025-08-12 10:42:45,779 [WARN] PackLoader:240 - Cannot read IP mode file for STMicroelectronics.X-CUBE-SMBUS.2.1.0
2025-08-12 10:42:45,791 [WARN] PackLoader:240 - Cannot read IP mode file for STMicroelectronics.X-CUBE-WB05N.1.1.0
2025-08-12 10:42:45,798 [WARN] PackLoader:240 - Cannot read IP mode file for STMicroelectronics.X-CUBE-ST60.1.0.0
2025-08-12 10:42:45,845 [WARN] PackLoader:240 - Cannot read IP mode file for STMicroelectronics.X-CUBE-AZRTOS-F7.1.1.0
2025-08-12 10:42:45,873 [WARN] PackLoader:240 - Cannot read IP mode file for STMicroelectronics.FP-SNS-FLIGHT1.5.0.2
2025-08-12 10:42:45,922 [WARN] PackLoader:240 - Cannot read IP mode file for Infineon.AIROC-Wi-Fi-Bluetooth-STM32.1.7.0
2025-08-12 10:42:45,979 [WARN] PackLoader:240 - Cannot read IP mode file for STMicroelectronics.X-CUBE-AZRTOS-H7.3.4.0
2025-08-12 10:42:46,008 [WARN] PackLoader:240 - Cannot read IP mode file for STMicroelectronics.X-CUBE-DISPLAY.3.0.0
2025-08-12 10:42:46,036 [WARN] PackLoader:240 - Cannot read IP mode file for STMicroelectronics.X-CUBE-BLE1.7.0.0
2025-08-12 10:42:46,065 [WARN] PackLoader:240 - Cannot read IP mode file for STMicroelectronics.X-CUBE-NFC10.1.0.0
2025-08-12 10:42:46,097 [WARN] PackLoader:240 - Cannot read IP mode file for STMicroelectronics.X-CUBE-BLEMGR.4.0.0
2025-08-12 10:42:46,115 [WARN] PackLoader:240 - Cannot read IP mode file for emotas.I-CUBE-CANOPEN.1.3.0
2025-08-12 10:42:46,119 [WARN] PackLoader:240 - Cannot read IP mode file for STMicroelectronics.X-CUBE-AI.10.0.0
2025-08-12 10:42:46,131 [ERROR] Engine:466 - /Users/mauricewashington/.stm32cubemx/thirdparties/pdsc/STMicroelectronics.FP-SNS-STBOX1.2.1.0.pdsc: PDSC version is not supported
2025-08-12 10:42:46,136 [WARN] PackLoader:240 - Cannot read IP mode file for STMicroelectronics.FP-SNS-SMARTAG2.1.2.0
2025-08-12 10:42:46,140 [WARN] PackLoader:240 - Cannot read IP mode file for STMicroelectronics.FP-SNS-FLIGHT1.5.1.0
2025-08-12 10:42:46,208 [WARN] PackLoader:240 - Cannot read IP mode file for STMicroelectronics.X-CUBE-MEMS1.11.1.0
2025-08-12 10:42:46,301 [INFO] LogOutputStream:77 - [STDOUT_REDIRECT] 1 : Invalid condition id : UX_CORESTACK_Condition cause : null
2025-08-12 10:42:46,302 [INFO] LogOutputStream:77 - [STDOUT_REDIRECT] 1 : Invalid condition id : UX_CORESTACK_Condition cause : null
2025-08-12 10:42:46,302 [INFO] LogOutputStream:77 - [STDOUT_REDIRECT] 1 : Invalid condition id : UX_CORESTACK_Condition cause : null
2025-08-12 10:42:46,303 [INFO] LogOutputStream:77 - [STDOUT_REDIRECT] 1 : Invalid condition id : UX_CORESTACK_Condition cause : null
2025-08-12 10:42:46,303 [INFO] LogOutputStream:77 - [STDOUT_REDIRECT] 1 : Invalid condition id : UX_CORESTACK_Condition cause : null
2025-08-12 10:42:46,308 [WARN] PackLoader:240 - Cannot read IP mode file for STMicroelectronics.X-CUBE-AZRTOS-WL.2.0.0
2025-08-12 10:42:46,322 [WARN] PackLoader:240 - Cannot read IP mode file for STMicroelectronics.FP-SNS-MOTENV1.5.0.0
2025-08-12 10:42:46,327 [WARN] PackLoader:240 - Cannot read IP mode file for wolfSSL.I-CUBE-wolfMQTT.1.19.0
2025-08-12 10:42:46,335 [WARN] PackLoader:240 - Cannot read IP mode file for WES.I-CUBE-Cesium.1.3.0
2025-08-12 10:42:46,340 [WARN] PackLoader:240 - Cannot read IP mode file for STMicroelectronics.X-CUBE-BLE2.3.3.0
2025-08-12 10:42:46,349 [WARN] PackLoader:240 - Cannot read IP mode file for STMicroelectronics.X-CUBE-NFC9.1.0.0
2025-08-12 10:42:46,357 [WARN] PackLoader:240 - Cannot read IP mode file for STMicroelectronics.X-CUBE-BLE1.7.1.0
2025-08-12 10:42:46,364 [WARN] PackLoader:240 - Cannot read IP mode file for STMicroelectronics.X-CUBE-EEPRMA1.5.2.0
2025-08-12 10:42:46,367 [WARN] PackLoader:240 - Cannot read IP mode file for STMicroelectronics.X-CUBE-AI.10.1.0
2025-08-12 10:42:46,553 [WARN] PackLoader:240 - Cannot read IP mode file for STMicroelectronics.X-CUBE-MEMS1.11.2.0
2025-08-12 10:42:46,702 [WARN] PackLoader:240 - Cannot read IP mode file for STMicroelectronics.X-CUBE-AZRTOS-G0.1.1.0
2025-08-12 10:42:46,730 [WARN] PackLoader:240 - Cannot read IP mode file for STMicroelectronics.X-CUBE-SAFEA1.1.2.2
2025-08-12 10:42:46,739 [WARN] PackLoader:240 - Cannot read IP mode file for STMicroelectronics.X-CUBE-NFC4.3.0.0
2025-08-12 10:42:46,759 [WARN] PackLoader:240 - Cannot read IP mode file for EmbeddedOffice.I-CUBE-FS-RTOS.1.0.1
2025-08-12 10:42:46,771 [WARN] PackLoader:240 - Cannot read IP mode file for STMicroelectronics.X-CUBE-WB05N.2.0.0
2025-08-12 10:42:46,778 [WARN] PackLoader:240 - Cannot read IP mode file for STMicroelectronics.X-CUBE-TCPP.4.2.0
2025-08-12 10:42:46,782 [WARN] PackLoader:240 - Cannot read IP mode file for RealThread.X-CUBE-RT-Thread_Nano.4.1.1
2025-08-12 10:42:46,785 [WARN] PackLoader:240 - Cannot read IP mode file for STMicroelectronics.FP-ATR-SIGFOX1.3.2.0
2025-08-12 10:42:46,790 [WARN] ConditionMgr:438 - getConditionDescription Invalid condition id : Cortex-A Device cause : null
2025-08-12 10:42:46,849 [WARN] ConditionMgr:1044 - genDependencies : Invalid condition id : Cortex-A Device cause : null
2025-08-12 10:42:46,849 [WARN] ConditionMgr:1044 - genDependencies : Invalid condition id : Cortex-A Device cause : null
2025-08-12 10:42:46,849 [WARN] ConditionMgr:1044 - genDependencies : Invalid condition id : Cortex-A Device cause : null
2025-08-12 10:42:46,859 [WARN] PackLoader:240 - Cannot read IP mode file for STMicroelectronics.X-CUBE-EEPRMA1.5.1.0
2025-08-12 10:42:46,865 [WARN] PackLoader:240 - Cannot read IP mode file for wolfSSL.I-CUBE-wolfSSL.5.7.6
2025-08-12 10:42:46,887 [WARN] PackLoader:240 - Cannot read IP mode file for ITTIA_DB.I-CUBE-ITTIADB.8.9.0
2025-08-12 10:42:46,897 [WARN] PackLoader:240 - Cannot read IP mode file for STMicroelectronics.X-CUBE-ST67W61.1.0.0
2025-08-12 10:42:46,911 [WARN] PackLoader:240 - Cannot read IP mode file for STMicroelectronics.X-CUBE-AI.10.2.0
2025-08-12 10:42:46,952 [WARN] PackLoader:240 - Cannot read IP mode file for SEGGER.I-CUBE-embOS.1.3.1
2025-08-12 10:42:46,981 [WARN] PackLoader:240 - Cannot read IP mode file for STMicroelectronics.X-CUBE-ALGOBUILD.1.4.0
2025-08-12 10:42:47,040 [WARN] PackLoader:240 - Cannot read IP mode file for STMicroelectronics.X-CUBE-MEMS1.11.3.0
2025-08-12 10:42:47,121 [WARN] PackLoader:240 - Cannot read IP mode file for STMicroelectronics.X-CUBE-PM33A1.1.0.0
2025-08-12 10:42:47,144 [WARN] PackLoader:240 - Cannot read IP mode file for STMicroelectronics.X-CUBE-AZRTOS-F4.1.1.0
2025-08-12 10:42:47,153 [WARN] PackLoader:240 - Cannot read IP mode file for Avnet-IotConnect.X-CUBE-IoTC-DA16k-PMOD.1.0.0
2025-08-12 10:42:47,156 [WARN] PackLoader:240 - Cannot read IP mode file for STMicroelectronics.X-CUBE-ISPU.2.1.0
2025-08-12 10:42:47,162 [WARN] PackLoader:240 - Cannot read IP mode file for STMicroelectronics.X-CUBE-NFC12.1.0.0
2025-08-12 10:42:47,185 [WARN] PackLoader:240 - Cannot read IP mode file for STMicroelectronics.X-CUBE-AZRTOS-L5.2.0.0
2025-08-12 10:42:47,196 [WARN] PackLoader:240 - Cannot read IP mode file for STMicroelectronics.X-CUBE-NFC6.3.1.0
2025-08-12 10:42:47,206 [WARN] PackLoader:240 - Cannot read IP mode file for STMicroelectronics.X-CUBE-DPower.1.2.0
2025-08-12 10:42:47,211 [WARN] PackLoader:240 - Cannot read IP mode file for STMicroelectronics.X-CUBE-FREERTOS.1.3.1
2025-08-12 10:42:47,214 [WARN] PackLoader:240 - Cannot read IP mode file for STMicroelectronics.X-CUBE-FREERTOS.1.3.0
2025-08-12 10:42:47,221 [WARN] PackLoader:240 - Cannot read IP mode file for STMicroelectronics.X-CUBE-NFC7.1.0.1
2025-08-12 10:42:47,226 [WARN] PackLoader:240 - Cannot read IP mode file for STMicroelectronics.FP-SNS-STAIOTCFT.1.0.0
2025-08-12 10:42:47,231 [WARN] PackLoader:240 - Cannot read IP mode file for STMicroelectronics.X-CUBE-DPower.1.3.0
2025-08-12 10:42:47,249 [WARN] ConditionMgr:438 - getConditionDescription Invalid condition id : LAN8742 Phy interface Condition cause : null
2025-08-12 10:42:47,250 [WARN] PackLoader:240 - Cannot read IP mode file for STMicroelectronics.X-CUBE-AZRTOS-L4.2.0.0
2025-08-12 10:42:47,252 [WARN] ConditionMgr:1044 - genDependencies : Invalid condition id : LAN8742 Phy interface Condition cause : null
2025-08-12 10:42:47,253 [WARN] ConditionMgr:1044 - genDependencies : Invalid condition id : LAN8742 Phy interface Condition cause : null
2025-08-12 10:42:47,253 [WARN] ConditionMgr:1044 - genDependencies : Invalid condition id : LAN8742 Phy interface Condition cause : null
2025-08-12 10:42:47,262 [WARN] PackLoader:240 - Cannot read IP mode file for STMicroelectronics.X-CUBE-SFXS2LP1.4.0.0
2025-08-12 10:42:47,281 [WARN] PackLoader:240 - Cannot read IP mode file for STMicroelectronics.X-CUBE-AZRTOS-H7.3.3.0
2025-08-12 10:42:47,303 [WARN] PackLoader:240 - Cannot read IP mode file for STMicroelectronics.X-CUBE-BLEMGR.4.1.0
2025-08-12 10:42:47,319 [WARN] ConditionMgr:438 - getConditionDescription Invalid condition id : UX DEVICE CLASS RTOS Condition cause : null
2025-08-12 10:42:47,319 [WARN] ConditionMgr:438 - getConditionDescription Invalid condition id : UX DEVICE CLASS RTOS Condition cause : null
2025-08-12 10:42:47,322 [WARN] PackLoader:240 - Cannot read IP mode file for STMicroelectronics.X-CUBE-AZRTOS-WB.2.0.0
2025-08-12 10:42:47,322 [WARN] ConditionMgr:1044 - genDependencies : Invalid condition id : UX DEVICE CLASS RTOS Condition cause : null
2025-08-12 10:42:47,323 [WARN] ConditionMgr:1044 - genDependencies : Invalid condition id : UX DEVICE CLASS RTOS Condition cause : null
2025-08-12 10:42:47,323 [WARN] ConditionMgr:1044 - genDependencies : Invalid condition id : UX DEVICE CLASS RTOS Condition cause : null
2025-08-12 10:42:47,323 [WARN] ConditionMgr:1044 - genDependencies : Invalid condition id : UX DEVICE CLASS RTOS Condition cause : null
2025-08-12 10:42:47,323 [WARN] ConditionMgr:1044 - genDependencies : Invalid condition id : UX DEVICE CLASS RTOS Condition cause : null
2025-08-12 10:42:47,328 [WARN] PackLoader:240 - Cannot read IP mode file for STMicroelectronics.X-CUBE-GNSS1.7.0.1
2025-08-12 10:42:47,333 [WARN] PackLoader:240 - Cannot read IP mode file for STMicroelectronics.X-CUBE-TOUCHGFX.4.25.0
2025-08-12 10:42:47,338 [WARN] PackLoader:240 - Cannot read IP mode file for STMicroelectronics.FP-SNS-STBOX1.2.0.0
2025-08-12 10:42:47,353 [WARN] PackLoader:240 - Cannot read IP mode file for STMicroelectronics.X-CUBE-SUBG2.5.0.0
2025-08-12 10:42:47,418 [WARN] PackLoader:240 - Cannot read IP mode file for STMicroelectronics.X-CUBE-AZRTOS-H7RS.1.1.0
2025-08-12 10:42:47,527 [WARN] PackLoader:240 - Cannot read IP mode file for Cesanta.I-CUBE-Mongoose.7.13.0
2025-08-12 10:42:47,556 [WARN] PackLoader:240 - Cannot read IP mode file for STMicroelectronics.X-CUBE-AZRTOS-G4.2.0.0
2025-08-12 10:42:47,562 [WARN] PackLoader:240 - Cannot read IP mode file for STMicroelectronics.X-CUBE-NFC7.2.0.0
2025-08-12 10:42:47,571 [WARN] PackLoader:240 - Cannot read IP mode file for STMicroelectronics.X-CUBE-IPS.3.1.0
2025-08-12 10:42:47,577 [WARN] PackLoader:240 - Cannot read IP mode file for STMicroelectronics.X-CUBE-ALS.1.0.2
2025-08-12 10:42:47,579 [WARN] PackLoader:240 - Cannot read IP mode file for STMicroelectronics.X-CUBE-TOUCHGFX.4.24.2
2025-08-12 10:42:47,582 [WARN] PackLoader:240 - Cannot read IP mode file for wolfSSL.I-CUBE-wolfTPM.3.4.0
2025-08-12 10:42:47,585 [WARN] PackLoader:240 - Cannot read IP mode file for portGmbH.I-Cube-SoM-uGOAL.1.1.0
2025-08-12 10:42:47,601 [WARN] PackLoader:240 - Cannot read IP mode file for STMicroelectronics.X-CUBE-AZRTOS-H7RS.1.0.0
2025-08-12 10:42:47,614 [WARN] PackLoader:240 - Cannot read IP mode file for STMicroelectronics.X-CUBE-TOF1.3.4.2
2025-08-12 10:42:47,631 [WARN] PackLoader:240 - Cannot read IP mode file for STMicroelectronics.X-CUBE-TOF1.3.4.3
2025-08-12 10:42:47,639 [WARN] PackLoader:240 - Cannot read IP mode file for wolfSSL.I-CUBE-wolfSSH.1.4.17
2025-08-12 10:42:47,672 [INFO] ThirdParty:978 - Integrity check success = true
2025-08-12 10:42:47,672 [INFO] IntegrityCheckThread:100 - exiting critical section [integrity check]
2025-08-12 10:42:47,672 [INFO] IntegrityCheckThread:103 - End integrity checks thread
2025-08-12 10:42:48,825 [INFO] WebApp:169 - Instantiating new browser for Auth
2025-08-12 10:42:49,917 [INFO] WebApp:463 - Apply proxy settings
2025-08-12 10:42:49,931 [INFO] WebApp:508 - Chromium authenticates against Manually configured proxy
2025-08-12 10:42:49,944 [INFO] WebApp:516 - Username used for proxy authentication: 
2025-08-12 10:42:49,981 [INFO] WebApp:894 - Register for checkConnection events
2025-08-12 10:42:49,982 [INFO] WebApp:463 - Apply proxy settings
2025-08-12 10:42:49,985 [INFO] WebApp:508 - Chromium authenticates against Manually configured proxy
2025-08-12 10:42:49,986 [INFO] WebApp:516 - Username used for proxy authentication: 
2025-08-12 10:42:50,120 [INFO] WebApp:225 - Starting web application
2025-08-12 10:42:50,121 [INFO] WebApp:593 - Web application path used /Applications/STM32CubeIDE.app/Contents/Eclipse/plugins/com.st.stm32cube.common.mx_6.14.1.202504091515/db/plugins/mcufinder/reactClient1/index.html
2025-08-12 10:42:50,554 [INFO] WebApp:191 - Connection restablished
2025-08-12 10:42:50,724 [INFO] UserAuth:484 - Internet connection configuration mode: 1
2025-08-12 10:45:37,583 [INFO] WebApp:194 - Connection lost
2025-08-12 10:45:38,123 [INFO] WebApp:191 - Connection restablished
2025-08-12 12:22:19,477 [INFO] WebApp:194 - Connection lost
2025-08-12 12:22:20,403 [INFO] WebApp:191 - Connection restablished
2025-08-12 12:42:14,591 [INFO] WebApp:194 - Connection lost
2025-08-12 12:42:15,148 [INFO] WebApp:191 - Connection restablished
2025-08-12 12:58:43,425 [INFO] WebApp:194 - Connection lost
2025-08-12 12:58:43,934 [INFO] WebApp:191 - Connection restablished
2025-08-12 13:10:56,313 [INFO] WebApp:194 - Connection lost
2025-08-12 13:10:56,623 [INFO] WebApp:191 - Connection restablished
2025-08-12 15:17:45,833 [INFO] WebApp:194 - Connection lost
2025-08-12 15:17:46,252 [INFO] WebApp:191 - Connection restablished
2025-08-12 17:54:37,844 [ERROR] LogOutputStream:75 - [STDERR_REDIRECT] Exception in thread "SWV client thread" java.lang.NullPointerException: Cannot invoke "com.st.stm32cube.ide.mcu.debug.swv.core.SWVPlugin.isDebugging()" because "com.st.stm32cube.ide.mcu.debug.swv.core.SWVPlugin.plugin" is null
2025-08-12 17:54:37,844 [INFO] LogOutputStream:77 - [STDOUT_REDIRECT] ***WARNING: Display must be created on main thread due to Cocoa restrictions. Use vmarg -XstartOnFirstThread
2025-08-12 17:54:37,853 [ERROR] LogOutputStream:75 - [STDERR_REDIRECT] 	at com.st.stm32cube.ide.mcu.debug.swv.core.SWVPlugin.debugTrace(SWVPlugin.java:85)
2025-08-12 17:54:37,853 [ERROR] LogOutputStream:75 - [STDERR_REDIRECT] 	at com.st.stm32cube.ide.mcu.debug.swv.core.SWVClient.TRACE(SWVClient.java:768)
2025-08-12 17:54:37,854 [ERROR] LogOutputStream:75 - [STDERR_REDIRECT] 	at com.st.stm32cube.ide.mcu.debug.swv.core.SWVClient.readByte(SWVClient.java:296)
2025-08-12 17:54:37,857 [ERROR] LogOutputStream:75 - [STDERR_REDIRECT] 	at com.st.stm32cube.ide.mcu.debug.swv.core.SWVClient.getNextByte(SWVClient.java:277)
2025-08-12 17:54:37,857 [ERROR] LogOutputStream:75 - [STDERR_REDIRECT] 	at com.st.stm32cube.ide.mcu.debug.swv.core.SWVClient.run(SWVClient.java:313)
2025-08-12 17:54:38,541 [ERROR] LogOutputStream:75 - [STDERR_REDIRECT] 
