2025-07-09 17:33:16,819 [INFO] Activator:176 - 


2025-07-09 17:33:16,823 [INFO] Activator:177 - !SESSION log4j initialized
2025-07-09 17:33:20,976 [ERROR] LogOutputStream:75 - [STDERR_REDIRECT] 
2025-07-09 17:33:21,052 [INFO] LogOutputStream:77 - [STDOUT_REDIRECT] 
2025-07-09 17:33:22,622 [INFO] LogOutputStream:77 - [STDOUT_REDIRECT] 
2025-07-09 17:33:23,639 [INFO] ApplicationProperties:184 - Using Application install path: /Applications/STM32CubeIDE.app/Contents/Eclipse/plugins/com.st.stm32cube.common.mx_6.14.1.202504091515
2025-07-09 17:33:23,650 [INFO] DbMcusXml:78 - Set database path to: /Applications/STM32CubeIDE.app/Contents/Eclipse/plugins/com.st.stm32cube.common.mx_6.14.1.202504091515//db//mcu/
2025-07-09 17:33:23,650 [INFO] ApiDb:274 - Set plugin database path to: /Applications/STM32CubeIDE.app/Contents/Eclipse/plugins/com.st.stm32cube.common.mx_6.14.1.202504091515//db//plugins/boardmanager/
2025-07-09 17:33:23,650 [WARN] ApiDb:259 - Overriding images path with different value:  => /Applications/STM32CubeIDE.app/Contents/Eclipse/plugins/com.st.stm32cube.common.mx_6.14.1.202504091515//db//plugins/mcufinder/images/
2025-07-09 17:33:23,657 [INFO] ApiDb:250 - Set database path to: /Users/mauricewashington/.stmcufinder/plugins/mcufinder//mcu/
2025-07-09 17:33:23,659 [INFO] DbMcusAds:125 - Set database path to: /Users/mauricewashington/.stmcufinder/plugins/mcufinder//mcu/
2025-07-09 17:33:23,660 [INFO] CrossReferenceDbSqlite:203 - Set database path to: /Users/mauricewashington/.stmcufinder/plugins/mcufinder//mcu/cs/
2025-07-09 17:33:23,756 [INFO] RulesReader:64 - Compatibility file has been processed (302 Rules)
2025-07-09 17:33:23,816 [INFO] DbMcusXml:78 - Set database path to: /Applications/STM32CubeIDE.app/Contents/Eclipse/plugins/com.st.stm32cube.common.mx_6.14.1.202504091515//db//mcu/
2025-07-09 17:33:23,816 [INFO] ApiDb:274 - Set plugin database path to: /Applications/STM32CubeIDE.app/Contents/Eclipse/plugins/com.st.stm32cube.common.mx_6.14.1.202504091515//db//plugins/boardmanager/
2025-07-09 17:33:23,817 [INFO] ApiDb:261 - Set plugin images path to: /Applications/STM32CubeIDE.app/Contents/Eclipse/plugins/com.st.stm32cube.common.mx_6.14.1.202504091515//db//plugins/mcufinder/images/
2025-07-09 17:33:23,817 [WARN] DbFile:41 - Overriding database path with different value: /Users/mauricewashington/.stmcufinder/plugins/mcufinder/ => /Users/mauricewashington/.stmcufinder/plugins/mcufinder
2025-07-09 17:33:23,817 [INFO] ApiDb:250 - Set database path to: /Users/mauricewashington/.stmcufinder/plugins/mcufinder//mcu/
2025-07-09 17:33:23,817 [WARN] DbFile:41 - Overriding database path with different value: /Users/mauricewashington/.stmcufinder/plugins/mcufinder/ => /Users/mauricewashington/.stmcufinder/plugins/mcufinder
2025-07-09 17:33:23,817 [INFO] DbMcusAds:125 - Set database path to: /Users/mauricewashington/.stmcufinder/plugins/mcufinder//mcu/
2025-07-09 17:33:23,817 [WARN] DbFile:41 - Overriding database path with different value: /Users/mauricewashington/.stmcufinder/plugins/mcufinder/ => /Users/mauricewashington/.stmcufinder/plugins/mcufinder
2025-07-09 17:33:23,817 [WARN] DbFile:41 - Overriding database path with different value: /Users/mauricewashington/.stmcufinder/plugins/mcufinder/ => /Users/mauricewashington/.stmcufinder/plugins/mcufinder
2025-07-09 17:33:23,817 [INFO] CrossReferenceDbSqlite:203 - Set database path to: /Users/mauricewashington/.stmcufinder/plugins/mcufinder//mcu/cs/
2025-07-09 17:33:23,872 [INFO] MainPanel:272 - HeapMemory: 268435456
2025-07-09 17:33:24,128 [INFO] DbMcusXml:78 - Set database path to: /Applications/STM32CubeIDE.app/Contents/Eclipse/plugins/com.st.stm32cube.common.mx_6.14.1.202504091515//db//mcu/
2025-07-09 17:33:24,129 [INFO] ApiDb:274 - Set plugin database path to: /Applications/STM32CubeIDE.app/Contents/Eclipse/plugins/com.st.stm32cube.common.mx_6.14.1.202504091515//db//plugins/boardmanager/
2025-07-09 17:33:24,129 [INFO] ApiDb:261 - Set plugin images path to: /Applications/STM32CubeIDE.app/Contents/Eclipse/plugins/com.st.stm32cube.common.mx_6.14.1.202504091515//db//plugins/mcufinder/images/
2025-07-09 17:33:24,129 [WARN] DbFile:41 - Overriding database path with different value: /Users/mauricewashington/.stmcufinder/plugins/mcufinder/ => /Users/mauricewashington/.stmcufinder/plugins/mcufinder
2025-07-09 17:33:24,129 [INFO] ApiDb:250 - Set database path to: /Users/mauricewashington/.stmcufinder/plugins/mcufinder//mcu/
2025-07-09 17:33:24,129 [WARN] DbFile:41 - Overriding database path with different value: /Users/mauricewashington/.stmcufinder/plugins/mcufinder/ => /Users/mauricewashington/.stmcufinder/plugins/mcufinder
2025-07-09 17:33:24,129 [INFO] DbMcusAds:125 - Set database path to: /Users/mauricewashington/.stmcufinder/plugins/mcufinder//mcu/
2025-07-09 17:33:24,129 [WARN] DbFile:41 - Overriding database path with different value: /Users/mauricewashington/.stmcufinder/plugins/mcufinder/ => /Users/mauricewashington/.stmcufinder/plugins/mcufinder
2025-07-09 17:33:24,129 [WARN] DbFile:41 - Overriding database path with different value: /Users/mauricewashington/.stmcufinder/plugins/mcufinder/ => /Users/mauricewashington/.stmcufinder/plugins/mcufinder
2025-07-09 17:33:24,129 [INFO] CrossReferenceDbSqlite:203 - Set database path to: /Users/mauricewashington/.stmcufinder/plugins/mcufinder//mcu/cs/
2025-07-09 17:33:24,143 [INFO] ApplicationProperties:184 - Using Application install path: /Applications/STM32CubeIDE.app/Contents/Eclipse/plugins/com.st.stm32cube.common.mx_6.14.1.202504091515
2025-07-09 17:33:24,144 [INFO] PluginManage:196 - Search for loadable plugins [exclusion list=, ]
2025-07-09 17:33:24,145 [INFO] PluginManage:310 - Check plugin analytics
2025-07-09 17:33:24,289 [INFO] AnalyticsPlugin:253 - Accepted Software Licenses: 
2025-07-09 17:33:24,289 [INFO] AnalyticsPlugin:255 - Accepted CMSIS Pack Licenses: 
2025-07-09 17:33:24,289 [INFO] AnalyticsPlugin:257 - Accepted Firmware Licenses: 
2025-07-09 17:33:24,294 [INFO] PluginManage:359 - Loaded plugin analytics (category:tool,tabindex:-1)
2025-07-09 17:33:24,297 [INFO] PluginManage:310 - Check plugin cadmodel
2025-07-09 17:33:24,308 [INFO] CADModel:105 - Init CAD model plugin
2025-07-09 17:33:24,308 [INFO] PluginManage:359 - Loaded plugin cadmodel (category:power,tabindex:5)
2025-07-09 17:33:24,308 [INFO] PluginManage:310 - Check plugin clock
2025-07-09 17:33:24,315 [INFO] PluginManage:359 - Loaded plugin clock (category:base,tabindex:2)
2025-07-09 17:33:24,315 [INFO] PluginManage:310 - Check plugin ddr
2025-07-09 17:33:24,317 [INFO] PluginManage:359 - Loaded plugin ddr (category:tool,tabindex:6)
2025-07-09 17:33:24,317 [INFO] PluginManage:310 - Check plugin filemanager
2025-07-09 17:33:24,436 [INFO] PluginManage:359 - Loaded plugin filemanager (category:base,tabindex:10)
2025-07-09 17:33:24,437 [INFO] PluginManage:310 - Check plugin ipmanager
2025-07-09 17:33:24,442 [INFO] PluginManage:359 - Loaded plugin ipmanager (category:base,tabindex:5)
2025-07-09 17:33:24,442 [INFO] PluginManage:310 - Check plugin lpbam
2025-07-09 17:33:24,449 [INFO] PluginManage:359 - Loaded plugin lpbam (category:base,tabindex:0)
2025-07-09 17:33:24,449 [INFO] PluginManage:310 - Check plugin memorymap
2025-07-09 17:33:24,457 [INFO] PluginManage:359 - Loaded plugin memorymap (category:base,tabindex:4)
2025-07-09 17:33:24,457 [INFO] PluginManage:310 - Check plugin pinoutandconfiguration
2025-07-09 17:33:24,461 [INFO] PluginManage:359 - Loaded plugin pinoutandconfiguration (category:base,tabindex:1)
2025-07-09 17:33:24,461 [INFO] PluginManage:310 - Check plugin pinoutconfig
2025-07-09 17:33:24,525 [WARN] SupportedApi:132 - Cannot load RTOS API schema: s4s-elt-must-match.1: The content of 'definitions' must match (annotation?, (simpleType | complexType)?, (unique | key | keyref)*)). A problem was found starting at: attribute.
2025-07-09 17:33:24,640 [INFO] PluginManage:359 - Loaded plugin pinoutconfig (category:base,tabindex:0)
2025-07-09 17:33:24,640 [INFO] PluginManage:310 - Check plugin power
2025-07-09 17:33:24,649 [INFO] PluginManage:359 - Loaded plugin power (category:power,tabindex:4)
2025-07-09 17:33:24,649 [INFO] PluginManage:310 - Check plugin projectmanager
2025-07-09 17:33:24,671 [INFO] PluginManage:359 - Loaded plugin projectmanager (category:projectmanager,tabindex:4)
2025-07-09 17:33:24,671 [INFO] PluginManage:310 - Check plugin rif
2025-07-09 17:33:24,676 [INFO] PluginManage:359 - Loaded plugin rif (category:base,tabindex:3)
2025-07-09 17:33:24,676 [INFO] PluginManage:310 - Check plugin thirdparty
2025-07-09 17:33:24,799 [INFO] PluginManage:359 - Loaded plugin thirdparty (category:base,tabindex:-1)
2025-07-09 17:33:24,799 [INFO] PluginManage:310 - Check plugin tools
2025-07-09 17:33:24,799 [WARN] IntegrityCheckThread:84 - waiting for thirdparty lock release [integrity check]
2025-07-09 17:33:24,800 [INFO] IntegrityCheckThread:86 - entering critical section [integrity check]
2025-07-09 17:33:24,800 [INFO] ThirdPartyUpdaterWithRetryManager:70 - Updater plugin not ready yet. [1/15]
2025-07-09 17:33:24,801 [INFO] PluginManage:359 - Loaded plugin tools (category:base,tabindex:7)
2025-07-09 17:33:24,801 [INFO] PluginManage:310 - Check plugin tutovideos
2025-07-09 17:33:24,927 [INFO] PluginManage:359 - Loaded plugin tutovideos (category:base,tabindex:-1)
2025-07-09 17:33:24,927 [INFO] PluginManage:310 - Check plugin updater
2025-07-09 17:33:24,948 [INFO] PluginManage:359 - Loaded plugin updater (category:base,tabindex:12)
2025-07-09 17:33:24,948 [INFO] PluginManage:310 - Check plugin userauth
2025-07-09 17:33:24,952 [INFO] UserAuth:118 - Init User Auth plugin
2025-07-09 17:33:24,953 [INFO] PluginManage:359 - Loaded plugin userauth (category:base,tabindex:14)
2025-07-09 17:33:24,954 [INFO] PluginManage:283 - PluginManage : Loaded plugins [18]
2025-07-09 17:33:25,139 [INFO] PinOutPanel:1589 - setPackage(No Configuration,No Configuration)
2025-07-09 17:33:25,191 [INFO] CADModel:165 - CPN selected for project level
2025-07-09 17:33:25,191 [INFO] CADModel:114 - Register for checkConnection events
2025-07-09 17:33:25,199 [INFO] IPUIPlugin:80 - create IPUIPlugin
2025-07-09 17:33:25,199 [INFO] PluginManager:220 - loadIPPluginJar : add mdma
2025-07-09 17:33:25,203 [INFO] IPUIPlugin:80 - create IPUIPlugin
2025-07-09 17:33:25,203 [INFO] PluginManager:220 - loadIPPluginJar : add freertos
2025-07-09 17:33:25,206 [INFO] IPUIPlugin:80 - create IPUIPlugin
2025-07-09 17:33:25,206 [INFO] PluginManager:220 - loadIPPluginJar : add gic
2025-07-09 17:33:25,213 [INFO] IPUIPlugin:80 - create IPUIPlugin
2025-07-09 17:33:25,213 [INFO] PluginManager:220 - loadIPPluginJar : add adc
2025-07-09 17:33:25,215 [INFO] IPUIPlugin:80 - create IPUIPlugin
2025-07-09 17:33:25,215 [INFO] PluginManager:220 - loadIPPluginJar : add gtzc
2025-07-09 17:33:25,216 [INFO] IPUIPlugin:80 - create IPUIPlugin
2025-07-09 17:33:25,216 [INFO] PluginManager:220 - loadIPPluginJar : add quadspi
2025-07-09 17:33:25,217 [INFO] IPUIPlugin:80 - create IPUIPlugin
2025-07-09 17:33:25,217 [INFO] PluginManager:220 - loadIPPluginJar : add aes
2025-07-09 17:33:25,218 [INFO] IPUIPlugin:80 - create IPUIPlugin
2025-07-09 17:33:25,218 [INFO] PluginManager:220 - loadIPPluginJar : add pdm2pcm
2025-07-09 17:33:25,219 [INFO] IPUIPlugin:80 - create IPUIPlugin
2025-07-09 17:33:25,219 [INFO] PluginManager:220 - loadIPPluginJar : add hash
2025-07-09 17:33:25,220 [INFO] IPUIPlugin:80 - create IPUIPlugin
2025-07-09 17:33:25,220 [INFO] PluginManager:220 - loadIPPluginJar : add tim
2025-07-09 17:33:25,221 [INFO] IPUIPlugin:80 - create IPUIPlugin
2025-07-09 17:33:25,221 [INFO] PluginManager:220 - loadIPPluginJar : add tsc
2025-07-09 17:33:25,223 [INFO] IPUIPlugin:80 - create IPUIPlugin
2025-07-09 17:33:25,224 [INFO] PluginManager:220 - loadIPPluginJar : add extmemmanager
2025-07-09 17:33:25,225 [INFO] IPUIPlugin:80 - create IPUIPlugin
2025-07-09 17:33:25,225 [INFO] PluginManager:220 - loadIPPluginJar : add ts
2025-07-09 17:33:25,225 [INFO] IPUIPlugin:80 - create IPUIPlugin
2025-07-09 17:33:25,225 [INFO] PluginManager:220 - loadIPPluginJar : add radio
2025-07-09 17:33:25,226 [INFO] IPUIPlugin:80 - create IPUIPlugin
2025-07-09 17:33:25,226 [INFO] PluginManager:220 - loadIPPluginJar : add can
2025-07-09 17:33:25,227 [INFO] IPUIPlugin:80 - create IPUIPlugin
2025-07-09 17:33:25,227 [INFO] PluginManager:220 - loadIPPluginJar : add dma3
2025-07-09 17:33:25,228 [INFO] IPUIPlugin:80 - create IPUIPlugin
2025-07-09 17:33:25,228 [INFO] PluginManager:220 - loadIPPluginJar : add dfsdm
2025-07-09 17:33:25,228 [INFO] IPUIPlugin:80 - create IPUIPlugin
2025-07-09 17:33:25,228 [INFO] PluginManager:220 - loadIPPluginJar : add spi
2025-07-09 17:33:25,229 [INFO] IPUIPlugin:80 - create IPUIPlugin
2025-07-09 17:33:25,229 [INFO] PluginManager:220 - loadIPPluginJar : add gfxmmu
2025-07-09 17:33:25,230 [INFO] IPUIPlugin:80 - create IPUIPlugin
2025-07-09 17:33:25,230 [INFO] PluginManager:220 - loadIPPluginJar : add genericplugin
2025-07-09 17:33:25,231 [INFO] IPUIPlugin:80 - create IPUIPlugin
2025-07-09 17:33:25,231 [INFO] PluginManager:220 - loadIPPluginJar : add cryp
2025-07-09 17:33:25,233 [INFO] IPUIPlugin:80 - create IPUIPlugin
2025-07-09 17:33:25,234 [INFO] PluginManager:220 - loadIPPluginJar : add gpio
2025-07-09 17:33:25,235 [INFO] IPUIPlugin:80 - create IPUIPlugin
2025-07-09 17:33:25,236 [INFO] PluginManager:220 - loadIPPluginJar : add ddr_ctrl_phy
2025-07-09 17:33:25,237 [INFO] IPUIPlugin:80 - create IPUIPlugin
2025-07-09 17:33:25,237 [INFO] PluginManager:220 - loadIPPluginJar : add comp
2025-07-09 17:33:25,239 [INFO] IPUIPlugin:80 - create IPUIPlugin
2025-07-09 17:33:25,239 [INFO] PluginManager:220 - loadIPPluginJar : add tracer_emb
2025-07-09 17:33:25,240 [INFO] IPUIPlugin:80 - create IPUIPlugin
2025-07-09 17:33:25,241 [INFO] PluginManager:220 - loadIPPluginJar : add openamp
2025-07-09 17:33:25,243 [INFO] IPUIPlugin:80 - create IPUIPlugin
2025-07-09 17:33:25,243 [INFO] PluginManager:220 - loadIPPluginJar : add stm32_wpan
2025-07-09 17:33:25,246 [INFO] IPUIPlugin:80 - create IPUIPlugin
2025-07-09 17:33:25,248 [INFO] PluginManager:220 - loadIPPluginJar : add plateformsettings
2025-07-09 17:33:25,250 [INFO] IPUIPlugin:80 - create IPUIPlugin
2025-07-09 17:33:25,250 [INFO] PluginManager:220 - loadIPPluginJar : add ipddr
2025-07-09 17:33:25,251 [INFO] IPUIPlugin:80 - create IPUIPlugin
2025-07-09 17:33:25,251 [INFO] PluginManager:220 - loadIPPluginJar : add usart
2025-07-09 17:33:25,252 [INFO] IPUIPlugin:80 - create IPUIPlugin
2025-07-09 17:33:25,252 [INFO] PluginManager:220 - loadIPPluginJar : add ltdc
2025-07-09 17:33:25,254 [INFO] IPUIPlugin:80 - create IPUIPlugin
2025-07-09 17:33:25,254 [INFO] PluginManager:220 - loadIPPluginJar : add nvic
2025-07-09 17:33:25,255 [INFO] IPUIPlugin:80 - create IPUIPlugin
2025-07-09 17:33:25,255 [INFO] PluginManager:220 - loadIPPluginJar : add fatfs
2025-07-09 17:33:25,258 [INFO] IPUIPlugin:80 - create IPUIPlugin
2025-07-09 17:33:25,259 [INFO] PluginManager:220 - loadIPPluginJar : add linkedlist
2025-07-09 17:33:25,261 [INFO] IPUIPlugin:80 - create IPUIPlugin
2025-07-09 17:33:25,262 [INFO] PluginManager:220 - loadIPPluginJar : add dma
2025-07-09 17:33:25,263 [INFO] IPUIPlugin:80 - create IPUIPlugin
2025-07-09 17:33:25,263 [INFO] PluginManager:220 - loadIPPluginJar : add fmc
2025-07-09 17:33:25,264 [INFO] IPUIPlugin:80 - create IPUIPlugin
2025-07-09 17:33:25,264 [INFO] PluginManager:220 - loadIPPluginJar : add i2s
2025-07-09 17:33:25,265 [INFO] IPUIPlugin:80 - create IPUIPlugin
2025-07-09 17:33:25,265 [INFO] PluginManager:220 - loadIPPluginJar : add ucpd
2025-07-09 17:33:25,265 [INFO] IPUIPlugin:80 - create IPUIPlugin
2025-07-09 17:33:25,265 [INFO] PluginManager:220 - loadIPPluginJar : add lorawan
2025-07-09 17:33:25,267 [INFO] IPUIPlugin:80 - create IPUIPlugin
2025-07-09 17:33:25,267 [INFO] PluginManager:220 - loadIPPluginJar : add opamp
2025-07-09 17:33:25,268 [INFO] IPUIPlugin:80 - create IPUIPlugin
2025-07-09 17:33:25,268 [INFO] PluginManager:220 - loadIPPluginJar : add i3c
2025-07-09 17:33:25,269 [INFO] IPUIPlugin:80 - create IPUIPlugin
2025-07-09 17:33:25,269 [INFO] PluginManager:220 - loadIPPluginJar : add touchsensing
2025-07-09 17:33:25,270 [INFO] IPUIPlugin:80 - create IPUIPlugin
2025-07-09 17:33:25,270 [INFO] PluginManager:220 - loadIPPluginJar : add i2c
2025-07-09 17:33:25,272 [INFO] IPUIPlugin:80 - create IPUIPlugin
2025-07-09 17:33:25,272 [INFO] PluginManager:220 - loadIPPluginJar : add resmgrutility
2025-07-09 17:33:25,273 [INFO] IPUIPlugin:80 - create IPUIPlugin
2025-07-09 17:33:25,273 [INFO] PluginManager:220 - loadIPPluginJar : add sai
2025-07-09 17:33:25,274 [INFO] IPUIPlugin:80 - create IPUIPlugin
2025-07-09 17:33:25,274 [INFO] PluginManager:220 - loadIPPluginJar : add usbx
2025-07-09 17:33:25,378 [FATAL] Updater:351 - Updater called before beeing initialized
2025-07-09 17:33:25,417 [INFO] RulesReader:64 - Compatibility file has been processed (302 Rules)
2025-07-09 17:33:25,427 [INFO] RulesReader:64 - Compatibility file has been processed (302 Rules)
2025-07-09 17:33:25,436 [INFO] CADModel:165 - CPN selected for project level
2025-07-09 17:33:25,436 [INFO] CADModel:114 - Register for checkConnection events
2025-07-09 17:33:25,436 [FATAL] Updater:351 - Updater called before beeing initialized
2025-07-09 17:33:25,436 [ERROR] CADModel:125 - Updater not yet initialized, retry later 
2025-07-09 17:33:25,606 [FATAL] Updater:351 - Updater called before beeing initialized
2025-07-09 17:33:25,607 [INFO] CADModel:165 - CPN selected for project level
2025-07-09 17:33:25,608 [INFO] CADModel:114 - Register for checkConnection events
2025-07-09 17:33:25,608 [FATAL] Updater:351 - Updater called before beeing initialized
2025-07-09 17:33:25,608 [ERROR] CADModel:125 - Updater not yet initialized, retry later 
2025-07-09 17:33:25,611 [FATAL] Updater:351 - Updater called before beeing initialized
2025-07-09 17:33:25,736 [FATAL] Updater:351 - Updater called before beeing initialized
2025-07-09 17:33:25,739 [INFO] DbMcusAds:53 - JSON generation date=Wed May 07 02:07:55 PDT 2025 (1746608875484)
2025-07-09 17:33:25,739 [FATAL] Updater:351 - Updater called before beeing initialized
2025-07-09 17:33:26,151 [WARN] DetailPanel:346 - Failed to get advertising image, set to default
2025-07-09 17:33:26,321 [FATAL] Updater:351 - Updater called before beeing initialized
2025-07-09 17:33:26,326 [FATAL] Updater:351 - Updater called before beeing initialized
2025-07-09 17:33:26,326 [FATAL] Updater:351 - Updater called before beeing initialized
2025-07-09 17:33:26,326 [WARN] DetailPanel:346 - Failed to get advertising image, set to default
2025-07-09 17:33:26,332 [FATAL] Updater:351 - Updater called before beeing initialized
2025-07-09 17:33:26,381 [ERROR] Updater:1198 - MainUpdater not yet initialized. External WinMGr cannot be set.
2025-07-09 17:33:26,415 [INFO] Updater:1134 - Updater Version found : 6.14.1
2025-07-09 17:33:26,428 [INFO] ApplicationProperties:184 - Using Application install path: /Applications/STM32CubeIDE.app/Contents/Eclipse/plugins/com.st.stm32cube.common.mx_6.14.1.202504091515
2025-07-09 17:33:26,844 [INFO] MainUpdater:2872 - connection check result : 10
2025-07-09 17:33:26,845 [INFO] MainUpdater:289 - Updater Check For Update Now.
2025-07-09 17:33:26,845 [INFO] MicroXplorer:498 - Change Database Version : DB.6.0.141
2025-07-09 17:33:26,850 [INFO] McuFinderGlobals:63 - Set McuFinder mode to 2 (CubeIDE integrated)
2025-07-09 17:33:26,854 [INFO] UserAuth:484 - Internet connection configuration mode: 1
2025-07-09 17:33:26,869 [INFO] JxBrowserEngine:152 - Initiate JxBrowser Engine with user profile folder
2025-07-09 17:33:27,094 [INFO] CheckServerUpdateThread:120 - End of CheckServer Thread
2025-07-09 17:33:28,000 [WARN] PackLoader:240 - Cannot read IP mode file for STMicroelectronics.FP-SNS-MOTENVWB1.1.4.0
2025-07-09 17:33:28,016 [WARN] PackLoader:240 - Cannot read IP mode file for STMicroelectronics.FP-ATR-ASTRA1.2.0.2
2025-07-09 17:33:28,026 [WARN] PackLoader:240 - Cannot read IP mode file for STMicroelectronics.FP-ATR-ASTRA1.2.0.1
2025-07-09 17:33:28,036 [WARN] PackLoader:240 - Cannot read IP mode file for STMicroelectronics.X-CUBE-SMBUS.2.1.0
2025-07-09 17:33:28,047 [WARN] PackLoader:240 - Cannot read IP mode file for STMicroelectronics.X-CUBE-WB05N.1.1.0
2025-07-09 17:33:28,056 [WARN] PackLoader:240 - Cannot read IP mode file for STMicroelectronics.X-CUBE-ST60.1.0.0
2025-07-09 17:33:28,105 [WARN] PackLoader:240 - Cannot read IP mode file for STMicroelectronics.X-CUBE-AZRTOS-F7.1.1.0
2025-07-09 17:33:28,138 [WARN] PackLoader:240 - Cannot read IP mode file for STMicroelectronics.FP-SNS-FLIGHT1.5.0.2
2025-07-09 17:33:28,185 [WARN] PackLoader:240 - Cannot read IP mode file for Infineon.AIROC-Wi-Fi-Bluetooth-STM32.1.7.0
2025-07-09 17:33:28,254 [WARN] PackLoader:240 - Cannot read IP mode file for STMicroelectronics.X-CUBE-AZRTOS-H7.3.4.0
2025-07-09 17:33:28,294 [WARN] PackLoader:240 - Cannot read IP mode file for STMicroelectronics.X-CUBE-DISPLAY.3.0.0
2025-07-09 17:33:28,316 [WARN] PackLoader:240 - Cannot read IP mode file for STMicroelectronics.X-CUBE-BLE1.7.0.0
2025-07-09 17:33:28,328 [WARN] PackLoader:240 - Cannot read IP mode file for STMicroelectronics.X-CUBE-NFC10.1.0.0
2025-07-09 17:33:28,347 [WARN] PackLoader:240 - Cannot read IP mode file for STMicroelectronics.X-CUBE-BLEMGR.4.0.0
2025-07-09 17:33:28,364 [WARN] PackLoader:240 - Cannot read IP mode file for emotas.I-CUBE-CANOPEN.1.3.0
2025-07-09 17:33:28,368 [WARN] PackLoader:240 - Cannot read IP mode file for STMicroelectronics.X-CUBE-AI.10.0.0
2025-07-09 17:33:28,379 [WARN] PackLoader:240 - Cannot read IP mode file for STMicroelectronics.FP-SNS-SMARTAG2.1.2.0
2025-07-09 17:33:28,383 [WARN] PackLoader:240 - Cannot read IP mode file for STMicroelectronics.FP-SNS-FLIGHT1.5.1.0
2025-07-09 17:33:28,453 [WARN] PackLoader:240 - Cannot read IP mode file for STMicroelectronics.X-CUBE-MEMS1.11.1.0
2025-07-09 17:33:28,547 [INFO] LogOutputStream:77 - [STDOUT_REDIRECT] 1 : Invalid condition id : UX_CORESTACK_Condition cause : null
2025-07-09 17:33:28,549 [INFO] LogOutputStream:77 - [STDOUT_REDIRECT] 1 : Invalid condition id : UX_CORESTACK_Condition cause : null
2025-07-09 17:33:28,549 [INFO] LogOutputStream:77 - [STDOUT_REDIRECT] 1 : Invalid condition id : UX_CORESTACK_Condition cause : null
2025-07-09 17:33:28,550 [INFO] LogOutputStream:77 - [STDOUT_REDIRECT] 1 : Invalid condition id : UX_CORESTACK_Condition cause : null
2025-07-09 17:33:28,551 [INFO] LogOutputStream:77 - [STDOUT_REDIRECT] 1 : Invalid condition id : UX_CORESTACK_Condition cause : null
2025-07-09 17:33:28,634 [WARN] PackLoader:240 - Cannot read IP mode file for STMicroelectronics.X-CUBE-AZRTOS-WL.2.0.0
2025-07-09 17:33:28,760 [WARN] PackLoader:240 - Cannot read IP mode file for STMicroelectronics.FP-SNS-MOTENV1.5.0.0
2025-07-09 17:33:28,778 [WARN] PackLoader:240 - Cannot read IP mode file for wolfSSL.I-CUBE-wolfMQTT.1.19.0
2025-07-09 17:33:28,798 [WARN] PackLoader:240 - Cannot read IP mode file for WES.I-CUBE-Cesium.1.3.0
2025-07-09 17:33:28,803 [WARN] PackLoader:240 - Cannot read IP mode file for STMicroelectronics.X-CUBE-BLE2.3.3.0
2025-07-09 17:33:28,811 [WARN] PackLoader:240 - Cannot read IP mode file for STMicroelectronics.X-CUBE-NFC9.1.0.0
2025-07-09 17:33:28,815 [WARN] PackLoader:240 - Cannot read IP mode file for STMicroelectronics.X-CUBE-BLE1.7.1.0
2025-07-09 17:33:28,818 [WARN] PackLoader:240 - Cannot read IP mode file for STMicroelectronics.X-CUBE-AI.10.1.0
2025-07-09 17:33:28,871 [WARN] PackLoader:240 - Cannot read IP mode file for STMicroelectronics.X-CUBE-MEMS1.11.2.0
2025-07-09 17:33:28,936 [WARN] PackLoader:240 - Cannot read IP mode file for STMicroelectronics.X-CUBE-AZRTOS-G0.1.1.0
2025-07-09 17:33:28,946 [WARN] PackLoader:240 - Cannot read IP mode file for STMicroelectronics.X-CUBE-SAFEA1.1.2.2
2025-07-09 17:33:28,952 [WARN] PackLoader:240 - Cannot read IP mode file for STMicroelectronics.X-CUBE-NFC4.3.0.0
2025-07-09 17:33:28,961 [WARN] PackLoader:240 - Cannot read IP mode file for EmbeddedOffice.I-CUBE-FS-RTOS.1.0.1
2025-07-09 17:33:28,980 [WARN] PackLoader:240 - Cannot read IP mode file for STMicroelectronics.X-CUBE-WB05N.2.0.0
2025-07-09 17:33:28,990 [WARN] PackLoader:240 - Cannot read IP mode file for STMicroelectronics.X-CUBE-TCPP.4.2.0
2025-07-09 17:33:28,996 [WARN] PackLoader:240 - Cannot read IP mode file for RealThread.X-CUBE-RT-Thread_Nano.4.1.1
2025-07-09 17:33:28,999 [WARN] PackLoader:240 - Cannot read IP mode file for STMicroelectronics.FP-ATR-SIGFOX1.3.2.0
2025-07-09 17:33:29,002 [WARN] ConditionMgr:438 - getConditionDescription Invalid condition id : Cortex-A Device cause : null
2025-07-09 17:33:29,052 [WARN] ConditionMgr:1044 - genDependencies : Invalid condition id : Cortex-A Device cause : null
2025-07-09 17:33:29,053 [WARN] ConditionMgr:1044 - genDependencies : Invalid condition id : Cortex-A Device cause : null
2025-07-09 17:33:29,053 [WARN] ConditionMgr:1044 - genDependencies : Invalid condition id : Cortex-A Device cause : null
2025-07-09 17:33:29,058 [WARN] PackLoader:240 - Cannot read IP mode file for STMicroelectronics.X-CUBE-EEPRMA1.5.1.0
2025-07-09 17:33:29,061 [WARN] PackLoader:240 - Cannot read IP mode file for wolfSSL.I-CUBE-wolfSSL.5.7.6
2025-07-09 17:33:29,067 [WARN] PackLoader:240 - Cannot read IP mode file for ITTIA_DB.I-CUBE-ITTIADB.8.9.0
2025-07-09 17:33:29,076 [WARN] PackLoader:240 - Cannot read IP mode file for STMicroelectronics.X-CUBE-ST67W61.1.0.0
2025-07-09 17:33:29,132 [WARN] PackLoader:240 - Cannot read IP mode file for SEGGER.I-CUBE-embOS.1.3.1
2025-07-09 17:33:29,159 [WARN] PackLoader:240 - Cannot read IP mode file for STMicroelectronics.X-CUBE-ALGOBUILD.1.4.0
2025-07-09 17:33:29,211 [WARN] PackLoader:240 - Cannot read IP mode file for STMicroelectronics.X-CUBE-MEMS1.11.3.0
2025-07-09 17:33:29,283 [WARN] PackLoader:240 - Cannot read IP mode file for STMicroelectronics.X-CUBE-PM33A1.1.0.0
2025-07-09 17:33:29,322 [WARN] PackLoader:240 - Cannot read IP mode file for STMicroelectronics.X-CUBE-AZRTOS-F4.1.1.0
2025-07-09 17:33:29,331 [WARN] PackLoader:240 - Cannot read IP mode file for Avnet-IotConnect.X-CUBE-IoTC-DA16k-PMOD.1.0.0
2025-07-09 17:33:29,341 [WARN] PackLoader:240 - Cannot read IP mode file for STMicroelectronics.X-CUBE-ISPU.2.1.0
2025-07-09 17:33:29,364 [WARN] PackLoader:240 - Cannot read IP mode file for STMicroelectronics.X-CUBE-AZRTOS-L5.2.0.0
2025-07-09 17:33:29,377 [WARN] PackLoader:240 - Cannot read IP mode file for STMicroelectronics.X-CUBE-NFC6.3.1.0
2025-07-09 17:33:29,384 [WARN] PackLoader:240 - Cannot read IP mode file for STMicroelectronics.X-CUBE-DPower.1.2.0
2025-07-09 17:33:29,390 [WARN] PackLoader:240 - Cannot read IP mode file for STMicroelectronics.X-CUBE-FREERTOS.1.3.1
2025-07-09 17:33:29,393 [WARN] PackLoader:240 - Cannot read IP mode file for STMicroelectronics.X-CUBE-FREERTOS.1.3.0
2025-07-09 17:33:29,396 [WARN] PackLoader:240 - Cannot read IP mode file for STMicroelectronics.X-CUBE-NFC7.1.0.1
2025-07-09 17:33:29,401 [WARN] PackLoader:240 - Cannot read IP mode file for STMicroelectronics.FP-SNS-STAIOTCFT.1.0.0
2025-07-09 17:33:29,404 [WARN] PackLoader:240 - Cannot read IP mode file for STMicroelectronics.X-CUBE-DPower.1.3.0
2025-07-09 17:33:29,420 [WARN] ConditionMgr:438 - getConditionDescription Invalid condition id : LAN8742 Phy interface Condition cause : null
2025-07-09 17:33:29,421 [WARN] PackLoader:240 - Cannot read IP mode file for STMicroelectronics.X-CUBE-AZRTOS-L4.2.0.0
2025-07-09 17:33:29,423 [WARN] ConditionMgr:1044 - genDependencies : Invalid condition id : LAN8742 Phy interface Condition cause : null
2025-07-09 17:33:29,423 [WARN] ConditionMgr:1044 - genDependencies : Invalid condition id : LAN8742 Phy interface Condition cause : null
2025-07-09 17:33:29,424 [WARN] ConditionMgr:1044 - genDependencies : Invalid condition id : LAN8742 Phy interface Condition cause : null
2025-07-09 17:33:29,434 [WARN] PackLoader:240 - Cannot read IP mode file for STMicroelectronics.X-CUBE-SFXS2LP1.4.0.0
2025-07-09 17:33:29,458 [WARN] PackLoader:240 - Cannot read IP mode file for STMicroelectronics.X-CUBE-AZRTOS-H7.3.3.0
2025-07-09 17:33:29,471 [WARN] ConditionMgr:438 - getConditionDescription Invalid condition id : UX DEVICE CLASS RTOS Condition cause : null
2025-07-09 17:33:29,472 [WARN] ConditionMgr:438 - getConditionDescription Invalid condition id : UX DEVICE CLASS RTOS Condition cause : null
2025-07-09 17:33:29,475 [WARN] PackLoader:240 - Cannot read IP mode file for STMicroelectronics.X-CUBE-AZRTOS-WB.2.0.0
2025-07-09 17:33:29,476 [WARN] ConditionMgr:1044 - genDependencies : Invalid condition id : UX DEVICE CLASS RTOS Condition cause : null
2025-07-09 17:33:29,476 [WARN] ConditionMgr:1044 - genDependencies : Invalid condition id : UX DEVICE CLASS RTOS Condition cause : null
2025-07-09 17:33:29,476 [WARN] ConditionMgr:1044 - genDependencies : Invalid condition id : UX DEVICE CLASS RTOS Condition cause : null
2025-07-09 17:33:29,477 [WARN] ConditionMgr:1044 - genDependencies : Invalid condition id : UX DEVICE CLASS RTOS Condition cause : null
2025-07-09 17:33:29,477 [WARN] ConditionMgr:1044 - genDependencies : Invalid condition id : UX DEVICE CLASS RTOS Condition cause : null
2025-07-09 17:33:29,482 [WARN] PackLoader:240 - Cannot read IP mode file for STMicroelectronics.X-CUBE-GNSS1.7.0.1
2025-07-09 17:33:29,486 [WARN] PackLoader:240 - Cannot read IP mode file for STMicroelectronics.X-CUBE-TOUCHGFX.4.25.0
2025-07-09 17:33:29,491 [WARN] PackLoader:240 - Cannot read IP mode file for STMicroelectronics.FP-SNS-STBOX1.2.0.0
2025-07-09 17:33:29,502 [WARN] PackLoader:240 - Cannot read IP mode file for STMicroelectronics.X-CUBE-SUBG2.5.0.0
2025-07-09 17:33:29,605 [WARN] PackLoader:240 - Cannot read IP mode file for STMicroelectronics.X-CUBE-AZRTOS-H7RS.1.1.0
2025-07-09 17:33:29,695 [WARN] PackLoader:240 - Cannot read IP mode file for Cesanta.I-CUBE-Mongoose.7.13.0
2025-07-09 17:33:29,717 [WARN] PackLoader:240 - Cannot read IP mode file for STMicroelectronics.X-CUBE-AZRTOS-G4.2.0.0
2025-07-09 17:33:29,725 [WARN] PackLoader:240 - Cannot read IP mode file for STMicroelectronics.X-CUBE-NFC7.2.0.0
2025-07-09 17:33:29,741 [WARN] PackLoader:240 - Cannot read IP mode file for STMicroelectronics.X-CUBE-IPS.3.1.0
2025-07-09 17:33:29,747 [WARN] PackLoader:240 - Cannot read IP mode file for STMicroelectronics.X-CUBE-ALS.1.0.2
2025-07-09 17:33:29,750 [WARN] PackLoader:240 - Cannot read IP mode file for STMicroelectronics.X-CUBE-TOUCHGFX.4.24.2
2025-07-09 17:33:29,756 [WARN] PackLoader:240 - Cannot read IP mode file for wolfSSL.I-CUBE-wolfTPM.3.4.0
2025-07-09 17:33:29,760 [WARN] PackLoader:240 - Cannot read IP mode file for portGmbH.I-Cube-SoM-uGOAL.1.1.0
2025-07-09 17:33:29,776 [WARN] PackLoader:240 - Cannot read IP mode file for STMicroelectronics.X-CUBE-AZRTOS-H7RS.1.0.0
2025-07-09 17:33:29,788 [WARN] PackLoader:240 - Cannot read IP mode file for STMicroelectronics.X-CUBE-TOF1.3.4.2
2025-07-09 17:33:29,805 [WARN] PackLoader:240 - Cannot read IP mode file for STMicroelectronics.X-CUBE-TOF1.3.4.3
2025-07-09 17:33:29,812 [WARN] PackLoader:240 - Cannot read IP mode file for wolfSSL.I-CUBE-wolfSSH.1.4.17
2025-07-09 17:33:29,829 [INFO] ThirdParty:978 - Integrity check success = true
2025-07-09 17:33:29,829 [INFO] IntegrityCheckThread:100 - exiting critical section [integrity check]
2025-07-09 17:33:29,829 [INFO] IntegrityCheckThread:103 - End integrity checks thread
2025-07-09 17:33:31,503 [INFO] WebApp:169 - Instantiating new browser for Auth
2025-07-09 17:33:32,700 [INFO] WebApp:463 - Apply proxy settings
2025-07-09 17:33:32,713 [INFO] WebApp:508 - Chromium authenticates against Manually configured proxy
2025-07-09 17:33:32,727 [INFO] WebApp:516 - Username used for proxy authentication: 
2025-07-09 17:33:32,766 [INFO] WebApp:894 - Register for checkConnection events
2025-07-09 17:33:32,767 [INFO] WebApp:463 - Apply proxy settings
2025-07-09 17:33:32,770 [INFO] WebApp:508 - Chromium authenticates against Manually configured proxy
2025-07-09 17:33:32,771 [INFO] WebApp:516 - Username used for proxy authentication: 
2025-07-09 17:33:32,897 [INFO] WebApp:225 - Starting web application
2025-07-09 17:33:32,897 [INFO] WebApp:593 - Web application path used /Applications/STM32CubeIDE.app/Contents/Eclipse/plugins/com.st.stm32cube.common.mx_6.14.1.202504091515/db/plugins/mcufinder/reactClient1/index.html
2025-07-09 17:33:33,363 [INFO] WebApp:191 - Connection restablished
2025-07-09 17:33:33,525 [INFO] UserAuth:484 - Internet connection configuration mode: 1
2025-07-09 17:34:06,016 [ERROR] LogOutputStream:75 - [STDERR_REDIRECT] 
