2025-02-25 16:35:26,556 [INFO] Activator:176 - 


2025-02-25 16:35:26,561 [INFO] Activator:177 - !SESSION log4j initialized
2025-02-25 16:35:30,221 [ERROR] LogOutputStream:75 - [STDERR_REDIRECT] 
2025-02-25 16:35:30,599 [INFO] LogOutputStream:77 - [STDOUT_REDIRECT] 
2025-02-25 16:35:32,037 [INFO] LogOutputStream:77 - [STDOUT_REDIRECT] 
2025-02-25 16:35:33,512 [ERROR] LogOutputStream:75 - [STDERR_REDIRECT] [Fatal Error] :2:10: DOCTYPE is disallowed when the feature "http://apache.org/xml/features/disallow-doctype-decl" set to true.
2025-02-25 16:35:33,521 [ERROR] LogOutputStream:75 - [STDERR_REDIRECT] 
2025-02-25 16:35:34,003 [INFO] ApplicationProperties:184 - Using Application install path: /Applications/STM32CubeIDE.app/Contents/Eclipse/plugins/com.st.stm32cube.common.mx_6.13.0.202411220809
2025-02-25 16:35:34,013 [INFO] DbMcusXml:78 - Set database path to: /Applications/STM32CubeIDE.app/Contents/Eclipse/plugins/com.st.stm32cube.common.mx_6.13.0.202411220809//db//mcu/
2025-02-25 16:35:34,013 [INFO] ApiDb:274 - Set plugin database path to: /Applications/STM32CubeIDE.app/Contents/Eclipse/plugins/com.st.stm32cube.common.mx_6.13.0.202411220809//db//plugins/boardmanager/
2025-02-25 16:35:34,014 [WARN] ApiDb:259 - Overriding images path with different value:  => /Applications/STM32CubeIDE.app/Contents/Eclipse/plugins/com.st.stm32cube.common.mx_6.13.0.202411220809//db//plugins/mcufinder/images/
2025-02-25 16:35:34,020 [INFO] ApiDb:250 - Set database path to: /Users/mauricewashington/.stmcufinder/plugins/mcufinder//mcu/
2025-02-25 16:35:34,020 [INFO] DbMcusAds:125 - Set database path to: /Users/mauricewashington/.stmcufinder/plugins/mcufinder//mcu/
2025-02-25 16:35:34,021 [INFO] CrossReferenceDbSqlite:203 - Set database path to: /Users/mauricewashington/.stmcufinder/plugins/mcufinder//mcu/cs/
2025-02-25 16:35:34,115 [INFO] RulesReader:64 - Compatibility file has been processed (297 Rules)
2025-02-25 16:35:34,178 [INFO] DbMcusXml:78 - Set database path to: /Applications/STM32CubeIDE.app/Contents/Eclipse/plugins/com.st.stm32cube.common.mx_6.13.0.202411220809//db//mcu/
2025-02-25 16:35:34,178 [INFO] ApiDb:274 - Set plugin database path to: /Applications/STM32CubeIDE.app/Contents/Eclipse/plugins/com.st.stm32cube.common.mx_6.13.0.202411220809//db//plugins/boardmanager/
2025-02-25 16:35:34,178 [INFO] ApiDb:261 - Set plugin images path to: /Applications/STM32CubeIDE.app/Contents/Eclipse/plugins/com.st.stm32cube.common.mx_6.13.0.202411220809//db//plugins/mcufinder/images/
2025-02-25 16:35:34,178 [WARN] DbFile:41 - Overriding database path with different value: /Users/mauricewashington/.stmcufinder/plugins/mcufinder/ => /Users/mauricewashington/.stmcufinder/plugins/mcufinder
2025-02-25 16:35:34,178 [INFO] ApiDb:250 - Set database path to: /Users/mauricewashington/.stmcufinder/plugins/mcufinder//mcu/
2025-02-25 16:35:34,178 [WARN] DbFile:41 - Overriding database path with different value: /Users/mauricewashington/.stmcufinder/plugins/mcufinder/ => /Users/mauricewashington/.stmcufinder/plugins/mcufinder
2025-02-25 16:35:34,178 [INFO] DbMcusAds:125 - Set database path to: /Users/mauricewashington/.stmcufinder/plugins/mcufinder//mcu/
2025-02-25 16:35:34,178 [WARN] DbFile:41 - Overriding database path with different value: /Users/mauricewashington/.stmcufinder/plugins/mcufinder/ => /Users/mauricewashington/.stmcufinder/plugins/mcufinder
2025-02-25 16:35:34,178 [WARN] DbFile:41 - Overriding database path with different value: /Users/mauricewashington/.stmcufinder/plugins/mcufinder/ => /Users/mauricewashington/.stmcufinder/plugins/mcufinder
2025-02-25 16:35:34,179 [INFO] CrossReferenceDbSqlite:203 - Set database path to: /Users/mauricewashington/.stmcufinder/plugins/mcufinder//mcu/cs/
2025-02-25 16:35:34,229 [INFO] MainPanel:272 - HeapMemory: 301989888
2025-02-25 16:35:34,601 [INFO] DbMcusXml:78 - Set database path to: /Applications/STM32CubeIDE.app/Contents/Eclipse/plugins/com.st.stm32cube.common.mx_6.13.0.202411220809//db//mcu/
2025-02-25 16:35:34,602 [INFO] ApiDb:274 - Set plugin database path to: /Applications/STM32CubeIDE.app/Contents/Eclipse/plugins/com.st.stm32cube.common.mx_6.13.0.202411220809//db//plugins/boardmanager/
2025-02-25 16:35:34,602 [INFO] ApiDb:261 - Set plugin images path to: /Applications/STM32CubeIDE.app/Contents/Eclipse/plugins/com.st.stm32cube.common.mx_6.13.0.202411220809//db//plugins/mcufinder/images/
2025-02-25 16:35:34,602 [WARN] DbFile:41 - Overriding database path with different value: /Users/mauricewashington/.stmcufinder/plugins/mcufinder/ => /Users/mauricewashington/.stmcufinder/plugins/mcufinder
2025-02-25 16:35:34,602 [INFO] ApiDb:250 - Set database path to: /Users/mauricewashington/.stmcufinder/plugins/mcufinder//mcu/
2025-02-25 16:35:34,602 [WARN] DbFile:41 - Overriding database path with different value: /Users/mauricewashington/.stmcufinder/plugins/mcufinder/ => /Users/mauricewashington/.stmcufinder/plugins/mcufinder
2025-02-25 16:35:34,602 [INFO] DbMcusAds:125 - Set database path to: /Users/mauricewashington/.stmcufinder/plugins/mcufinder//mcu/
2025-02-25 16:35:34,602 [WARN] DbFile:41 - Overriding database path with different value: /Users/mauricewashington/.stmcufinder/plugins/mcufinder/ => /Users/mauricewashington/.stmcufinder/plugins/mcufinder
2025-02-25 16:35:34,602 [WARN] DbFile:41 - Overriding database path with different value: /Users/mauricewashington/.stmcufinder/plugins/mcufinder/ => /Users/mauricewashington/.stmcufinder/plugins/mcufinder
2025-02-25 16:35:34,602 [INFO] CrossReferenceDbSqlite:203 - Set database path to: /Users/mauricewashington/.stmcufinder/plugins/mcufinder//mcu/cs/
2025-02-25 16:35:34,615 [INFO] ApplicationProperties:184 - Using Application install path: /Applications/STM32CubeIDE.app/Contents/Eclipse/plugins/com.st.stm32cube.common.mx_6.13.0.202411220809
2025-02-25 16:35:34,616 [INFO] PluginManage:196 - Search for loadable plugins [exclusion list=, ]
2025-02-25 16:35:34,617 [INFO] PluginManage:310 - Check plugin analytics
2025-02-25 16:35:34,753 [INFO] AnalyticsPlugin:253 - Accepted Software Licenses: 
2025-02-25 16:35:34,754 [INFO] AnalyticsPlugin:255 - Accepted CMSIS Pack Licenses: 
2025-02-25 16:35:34,754 [INFO] AnalyticsPlugin:257 - Accepted Firmware Licenses: 
2025-02-25 16:35:34,763 [INFO] PluginManage:359 - Loaded plugin analytics (category:tool,tabindex:-1)
2025-02-25 16:35:34,764 [INFO] PluginManage:310 - Check plugin cadmodel
2025-02-25 16:35:34,774 [INFO] CADModel:105 - Init CAD model plugin
2025-02-25 16:35:34,774 [INFO] PluginManage:359 - Loaded plugin cadmodel (category:power,tabindex:5)
2025-02-25 16:35:34,775 [INFO] PluginManage:310 - Check plugin clock
2025-02-25 16:35:34,782 [INFO] PluginManage:359 - Loaded plugin clock (category:base,tabindex:2)
2025-02-25 16:35:34,782 [INFO] PluginManage:310 - Check plugin ddr
2025-02-25 16:35:34,784 [INFO] PluginManage:359 - Loaded plugin ddr (category:tool,tabindex:6)
2025-02-25 16:35:34,784 [INFO] PluginManage:310 - Check plugin filemanager
2025-02-25 16:35:34,909 [INFO] PluginManage:359 - Loaded plugin filemanager (category:base,tabindex:10)
2025-02-25 16:35:34,910 [INFO] PluginManage:310 - Check plugin ipmanager
2025-02-25 16:35:34,918 [INFO] PluginManage:359 - Loaded plugin ipmanager (category:base,tabindex:5)
2025-02-25 16:35:34,918 [INFO] PluginManage:310 - Check plugin lpbam
2025-02-25 16:35:34,924 [INFO] PluginManage:359 - Loaded plugin lpbam (category:base,tabindex:0)
2025-02-25 16:35:34,924 [INFO] PluginManage:310 - Check plugin memorymap
2025-02-25 16:35:34,931 [INFO] PluginManage:359 - Loaded plugin memorymap (category:base,tabindex:4)
2025-02-25 16:35:34,932 [INFO] PluginManage:310 - Check plugin pinoutandconfiguration
2025-02-25 16:35:34,936 [INFO] PluginManage:359 - Loaded plugin pinoutandconfiguration (category:base,tabindex:1)
2025-02-25 16:35:34,936 [INFO] PluginManage:310 - Check plugin pinoutconfig
2025-02-25 16:35:35,003 [WARN] SupportedApi:132 - Cannot load RTOS API schema: s4s-elt-must-match.1: The content of 'definitions' must match (annotation?, (simpleType | complexType)?, (unique | key | keyref)*)). A problem was found starting at: attribute.
2025-02-25 16:35:35,124 [INFO] PluginManage:359 - Loaded plugin pinoutconfig (category:base,tabindex:0)
2025-02-25 16:35:35,125 [INFO] PluginManage:310 - Check plugin power
2025-02-25 16:35:35,137 [INFO] PluginManage:359 - Loaded plugin power (category:power,tabindex:4)
2025-02-25 16:35:35,138 [INFO] PluginManage:310 - Check plugin projectmanager
2025-02-25 16:35:35,158 [INFO] PluginManage:359 - Loaded plugin projectmanager (category:projectmanager,tabindex:4)
2025-02-25 16:35:35,158 [INFO] PluginManage:310 - Check plugin rif
2025-02-25 16:35:35,164 [INFO] PluginManage:359 - Loaded plugin rif (category:base,tabindex:3)
2025-02-25 16:35:35,164 [INFO] PluginManage:310 - Check plugin thirdparty
2025-02-25 16:35:35,267 [INFO] PluginManage:359 - Loaded plugin thirdparty (category:base,tabindex:-1)
2025-02-25 16:35:35,267 [WARN] IntegrityCheckThread:84 - waiting for thirdparty lock release [integrity check]
2025-02-25 16:35:35,267 [INFO] PluginManage:310 - Check plugin tools
2025-02-25 16:35:35,267 [INFO] IntegrityCheckThread:86 - entering critical section [integrity check]
2025-02-25 16:35:35,268 [INFO] ThirdPartyUpdaterWithRetryManager:70 - Updater plugin not ready yet. [1/15]
2025-02-25 16:35:35,270 [INFO] PluginManage:359 - Loaded plugin tools (category:base,tabindex:7)
2025-02-25 16:35:35,270 [INFO] PluginManage:310 - Check plugin tutovideos
2025-02-25 16:35:35,390 [INFO] PluginManage:359 - Loaded plugin tutovideos (category:base,tabindex:-1)
2025-02-25 16:35:35,391 [INFO] PluginManage:310 - Check plugin updater
2025-02-25 16:35:35,413 [INFO] PluginManage:359 - Loaded plugin updater (category:base,tabindex:12)
2025-02-25 16:35:35,413 [INFO] PluginManage:310 - Check plugin userauth
2025-02-25 16:35:35,417 [INFO] UserAuth:118 - Init User Auth plugin
2025-02-25 16:35:35,419 [INFO] PluginManage:359 - Loaded plugin userauth (category:base,tabindex:14)
2025-02-25 16:35:35,419 [INFO] PluginManage:283 - PluginManage : Loaded plugins [18]
2025-02-25 16:35:35,588 [INFO] PinOutPanel:1589 - setPackage(No Configuration,No Configuration)
2025-02-25 16:35:35,640 [INFO] CADModel:165 - CPN selected for project level
2025-02-25 16:35:35,640 [INFO] CADModel:114 - Register for checkConnection events
2025-02-25 16:35:35,649 [INFO] IPUIPlugin:80 - create IPUIPlugin
2025-02-25 16:35:35,649 [INFO] PluginManager:220 - loadIPPluginJar : add mdma
2025-02-25 16:35:35,653 [INFO] IPUIPlugin:80 - create IPUIPlugin
2025-02-25 16:35:35,653 [INFO] PluginManager:220 - loadIPPluginJar : add freertos
2025-02-25 16:35:35,655 [INFO] IPUIPlugin:80 - create IPUIPlugin
2025-02-25 16:35:35,655 [INFO] PluginManager:220 - loadIPPluginJar : add gic
2025-02-25 16:35:35,660 [INFO] IPUIPlugin:80 - create IPUIPlugin
2025-02-25 16:35:35,660 [INFO] PluginManager:220 - loadIPPluginJar : add adc
2025-02-25 16:35:35,661 [INFO] IPUIPlugin:80 - create IPUIPlugin
2025-02-25 16:35:35,661 [INFO] PluginManager:220 - loadIPPluginJar : add gtzc
2025-02-25 16:35:35,662 [INFO] IPUIPlugin:80 - create IPUIPlugin
2025-02-25 16:35:35,662 [INFO] PluginManager:220 - loadIPPluginJar : add quadspi
2025-02-25 16:35:35,663 [INFO] IPUIPlugin:80 - create IPUIPlugin
2025-02-25 16:35:35,663 [INFO] PluginManager:220 - loadIPPluginJar : add aes
2025-02-25 16:35:35,664 [INFO] IPUIPlugin:80 - create IPUIPlugin
2025-02-25 16:35:35,664 [INFO] PluginManager:220 - loadIPPluginJar : add pdm2pcm
2025-02-25 16:35:35,665 [INFO] IPUIPlugin:80 - create IPUIPlugin
2025-02-25 16:35:35,665 [INFO] PluginManager:220 - loadIPPluginJar : add hash
2025-02-25 16:35:35,666 [INFO] IPUIPlugin:80 - create IPUIPlugin
2025-02-25 16:35:35,666 [INFO] PluginManager:220 - loadIPPluginJar : add tim
2025-02-25 16:35:35,667 [INFO] IPUIPlugin:80 - create IPUIPlugin
2025-02-25 16:35:35,667 [INFO] PluginManager:220 - loadIPPluginJar : add tsc
2025-02-25 16:35:35,669 [INFO] IPUIPlugin:80 - create IPUIPlugin
2025-02-25 16:35:35,669 [INFO] PluginManager:220 - loadIPPluginJar : add extmemmanager
2025-02-25 16:35:35,670 [INFO] IPUIPlugin:80 - create IPUIPlugin
2025-02-25 16:35:35,670 [INFO] PluginManager:220 - loadIPPluginJar : add ts
2025-02-25 16:35:35,671 [INFO] IPUIPlugin:80 - create IPUIPlugin
2025-02-25 16:35:35,671 [INFO] PluginManager:220 - loadIPPluginJar : add radio
2025-02-25 16:35:35,672 [INFO] IPUIPlugin:80 - create IPUIPlugin
2025-02-25 16:35:35,672 [INFO] PluginManager:220 - loadIPPluginJar : add can
2025-02-25 16:35:35,674 [INFO] IPUIPlugin:80 - create IPUIPlugin
2025-02-25 16:35:35,674 [INFO] PluginManager:220 - loadIPPluginJar : add dma3
2025-02-25 16:35:35,674 [INFO] IPUIPlugin:80 - create IPUIPlugin
2025-02-25 16:35:35,675 [INFO] PluginManager:220 - loadIPPluginJar : add dfsdm
2025-02-25 16:35:35,676 [INFO] IPUIPlugin:80 - create IPUIPlugin
2025-02-25 16:35:35,676 [INFO] PluginManager:220 - loadIPPluginJar : add spi
2025-02-25 16:35:35,677 [INFO] IPUIPlugin:80 - create IPUIPlugin
2025-02-25 16:35:35,677 [INFO] PluginManager:220 - loadIPPluginJar : add gfxmmu
2025-02-25 16:35:35,678 [INFO] IPUIPlugin:80 - create IPUIPlugin
2025-02-25 16:35:35,678 [INFO] PluginManager:220 - loadIPPluginJar : add genericplugin
2025-02-25 16:35:35,680 [INFO] IPUIPlugin:80 - create IPUIPlugin
2025-02-25 16:35:35,680 [INFO] PluginManager:220 - loadIPPluginJar : add cryp
2025-02-25 16:35:35,682 [INFO] IPUIPlugin:80 - create IPUIPlugin
2025-02-25 16:35:35,682 [INFO] PluginManager:220 - loadIPPluginJar : add gpio
2025-02-25 16:35:35,683 [INFO] IPUIPlugin:80 - create IPUIPlugin
2025-02-25 16:35:35,684 [INFO] PluginManager:220 - loadIPPluginJar : add ddr_ctrl_phy
2025-02-25 16:35:35,684 [INFO] IPUIPlugin:80 - create IPUIPlugin
2025-02-25 16:35:35,684 [INFO] PluginManager:220 - loadIPPluginJar : add comp
2025-02-25 16:35:35,685 [INFO] IPUIPlugin:80 - create IPUIPlugin
2025-02-25 16:35:35,686 [INFO] PluginManager:220 - loadIPPluginJar : add tracer_emb
2025-02-25 16:35:35,687 [INFO] IPUIPlugin:80 - create IPUIPlugin
2025-02-25 16:35:35,687 [INFO] PluginManager:220 - loadIPPluginJar : add openamp
2025-02-25 16:35:35,690 [INFO] IPUIPlugin:80 - create IPUIPlugin
2025-02-25 16:35:35,690 [INFO] PluginManager:220 - loadIPPluginJar : add stm32_wpan
2025-02-25 16:35:35,693 [INFO] IPUIPlugin:80 - create IPUIPlugin
2025-02-25 16:35:35,695 [INFO] PluginManager:220 - loadIPPluginJar : add plateformsettings
2025-02-25 16:35:35,696 [INFO] IPUIPlugin:80 - create IPUIPlugin
2025-02-25 16:35:35,696 [INFO] PluginManager:220 - loadIPPluginJar : add ipddr
2025-02-25 16:35:35,697 [INFO] IPUIPlugin:80 - create IPUIPlugin
2025-02-25 16:35:35,697 [INFO] PluginManager:220 - loadIPPluginJar : add usart
2025-02-25 16:35:35,698 [INFO] IPUIPlugin:80 - create IPUIPlugin
2025-02-25 16:35:35,698 [INFO] PluginManager:220 - loadIPPluginJar : add ltdc
2025-02-25 16:35:35,699 [INFO] IPUIPlugin:80 - create IPUIPlugin
2025-02-25 16:35:35,699 [INFO] PluginManager:220 - loadIPPluginJar : add nvic
2025-02-25 16:35:35,700 [INFO] IPUIPlugin:80 - create IPUIPlugin
2025-02-25 16:35:35,700 [INFO] PluginManager:220 - loadIPPluginJar : add fatfs
2025-02-25 16:35:35,704 [INFO] IPUIPlugin:80 - create IPUIPlugin
2025-02-25 16:35:35,704 [INFO] PluginManager:220 - loadIPPluginJar : add linkedlist
2025-02-25 16:35:35,707 [INFO] IPUIPlugin:80 - create IPUIPlugin
2025-02-25 16:35:35,707 [INFO] PluginManager:220 - loadIPPluginJar : add dma
2025-02-25 16:35:35,709 [INFO] IPUIPlugin:80 - create IPUIPlugin
2025-02-25 16:35:35,709 [INFO] PluginManager:220 - loadIPPluginJar : add fmc
2025-02-25 16:35:35,710 [INFO] IPUIPlugin:80 - create IPUIPlugin
2025-02-25 16:35:35,710 [INFO] PluginManager:220 - loadIPPluginJar : add i2s
2025-02-25 16:35:35,711 [INFO] IPUIPlugin:80 - create IPUIPlugin
2025-02-25 16:35:35,711 [INFO] PluginManager:220 - loadIPPluginJar : add ucpd
2025-02-25 16:35:35,712 [INFO] IPUIPlugin:80 - create IPUIPlugin
2025-02-25 16:35:35,712 [INFO] PluginManager:220 - loadIPPluginJar : add lorawan
2025-02-25 16:35:35,713 [INFO] IPUIPlugin:80 - create IPUIPlugin
2025-02-25 16:35:35,713 [INFO] PluginManager:220 - loadIPPluginJar : add opamp
2025-02-25 16:35:35,714 [INFO] IPUIPlugin:80 - create IPUIPlugin
2025-02-25 16:35:35,715 [INFO] PluginManager:220 - loadIPPluginJar : add i3c
2025-02-25 16:35:35,716 [INFO] IPUIPlugin:80 - create IPUIPlugin
2025-02-25 16:35:35,716 [INFO] PluginManager:220 - loadIPPluginJar : add touchsensing
2025-02-25 16:35:35,717 [INFO] IPUIPlugin:80 - create IPUIPlugin
2025-02-25 16:35:35,718 [INFO] PluginManager:220 - loadIPPluginJar : add i2c
2025-02-25 16:35:35,720 [INFO] IPUIPlugin:80 - create IPUIPlugin
2025-02-25 16:35:35,720 [INFO] PluginManager:220 - loadIPPluginJar : add resmgrutility
2025-02-25 16:35:35,721 [INFO] IPUIPlugin:80 - create IPUIPlugin
2025-02-25 16:35:35,721 [INFO] PluginManager:220 - loadIPPluginJar : add sai
2025-02-25 16:35:35,722 [INFO] IPUIPlugin:80 - create IPUIPlugin
2025-02-25 16:35:35,722 [INFO] PluginManager:220 - loadIPPluginJar : add usbx
2025-02-25 16:35:35,825 [FATAL] Updater:351 - Updater called before beeing initialized
2025-02-25 16:35:35,866 [INFO] RulesReader:64 - Compatibility file has been processed (297 Rules)
2025-02-25 16:35:35,875 [INFO] RulesReader:64 - Compatibility file has been processed (297 Rules)
2025-02-25 16:35:35,884 [INFO] CADModel:165 - CPN selected for project level
2025-02-25 16:35:35,885 [INFO] CADModel:114 - Register for checkConnection events
2025-02-25 16:35:35,885 [FATAL] Updater:351 - Updater called before beeing initialized
2025-02-25 16:35:35,885 [ERROR] CADModel:125 - Updater not yet initialized, retry later 
2025-02-25 16:35:36,066 [FATAL] Updater:351 - Updater called before beeing initialized
2025-02-25 16:35:36,068 [INFO] CADModel:165 - CPN selected for project level
2025-02-25 16:35:36,068 [INFO] CADModel:114 - Register for checkConnection events
2025-02-25 16:35:36,068 [FATAL] Updater:351 - Updater called before beeing initialized
2025-02-25 16:35:36,068 [ERROR] CADModel:125 - Updater not yet initialized, retry later 
2025-02-25 16:35:36,071 [FATAL] Updater:351 - Updater called before beeing initialized
2025-02-25 16:35:36,181 [FATAL] Updater:351 - Updater called before beeing initialized
2025-02-25 16:35:36,184 [INFO] DbMcusAds:53 - JSON generation date=Tue Dec 17 08:01:15 PST 2024 (1734451275111)
2025-02-25 16:35:36,184 [FATAL] Updater:351 - Updater called before beeing initialized
2025-02-25 16:35:36,237 [WARN] DetailPanel:346 - Failed to get advertising image, set to default
2025-02-25 16:35:36,377 [FATAL] Updater:351 - Updater called before beeing initialized
2025-02-25 16:35:36,379 [FATAL] Updater:351 - Updater called before beeing initialized
2025-02-25 16:35:36,379 [FATAL] Updater:351 - Updater called before beeing initialized
2025-02-25 16:35:36,379 [WARN] DetailPanel:346 - Failed to get advertising image, set to default
2025-02-25 16:35:36,380 [FATAL] Updater:351 - Updater called before beeing initialized
2025-02-25 16:35:36,424 [ERROR] Updater:1198 - MainUpdater not yet initialized. External WinMGr cannot be set.
2025-02-25 16:35:36,449 [INFO] Updater:1134 - Updater Version found : 6.13.0
2025-02-25 16:35:36,461 [INFO] ApplicationProperties:184 - Using Application install path: /Applications/STM32CubeIDE.app/Contents/Eclipse/plugins/com.st.stm32cube.common.mx_6.13.0.202411220809
2025-02-25 16:35:36,752 [INFO] MainUpdater:2872 - connection check result : 10
2025-02-25 16:35:36,753 [INFO] MainUpdater:289 - Updater Check For Update Now.
2025-02-25 16:35:36,753 [INFO] MicroXplorer:498 - Change Database Version : DB.6.0.130
2025-02-25 16:35:36,761 [INFO] McuFinderGlobals:63 - Set McuFinder mode to 2 (CubeIDE integrated)
2025-02-25 16:35:36,761 [INFO] UserAuth:171 - activating auth plugin
2025-02-25 16:35:36,774 [INFO] UserAuth:486 - Internet connection configuration mode: 1
2025-02-25 16:35:36,787 [INFO] JxBrowserEngine:152 - Initiate JxBrowser Engine with user profile folder
2025-02-25 16:35:36,996 [INFO] CheckServerUpdateThread:120 - End of CheckServer Thread
2025-02-25 16:35:38,430 [WARN] PackLoader:240 - Cannot read IP mode file for STMicroelectronics.FP-SNS-MOTENVWB1.1.4.0
2025-02-25 16:35:38,442 [WARN] PackLoader:240 - Cannot read IP mode file for STMicroelectronics.FP-ATR-ASTRA1.2.0.1
2025-02-25 16:35:38,451 [WARN] PackLoader:240 - Cannot read IP mode file for STMicroelectronics.X-CUBE-SMBUS.2.1.0
2025-02-25 16:35:38,461 [WARN] PackLoader:240 - Cannot read IP mode file for STMicroelectronics.X-CUBE-WB05N.1.1.0
2025-02-25 16:35:38,505 [WARN] PackLoader:240 - Cannot read IP mode file for STMicroelectronics.X-CUBE-AZRTOS-F7.1.1.0
2025-02-25 16:35:38,531 [WARN] PackLoader:240 - Cannot read IP mode file for STMicroelectronics.FP-SNS-FLIGHT1.5.0.2
2025-02-25 16:35:38,575 [WARN] PackLoader:240 - Cannot read IP mode file for Infineon.AIROC-Wi-Fi-Bluetooth-STM32.1.7.0
2025-02-25 16:35:38,610 [WARN] PackLoader:240 - Cannot read IP mode file for STMicroelectronics.X-CUBE-DISPLAY.3.0.0
2025-02-25 16:35:38,629 [WARN] PackLoader:240 - Cannot read IP mode file for STMicroelectronics.X-CUBE-BLE1.7.0.0
2025-02-25 16:35:38,667 [WARN] PackLoader:240 - Cannot read IP mode file for STMicroelectronics.X-CUBE-NFC10.1.0.0
2025-02-25 16:35:38,687 [WARN] PackLoader:240 - Cannot read IP mode file for STMicroelectronics.X-CUBE-BLEMGR.4.0.0
2025-02-25 16:35:38,708 [WARN] PackLoader:240 - Cannot read IP mode file for emotas.I-CUBE-CANOPEN.1.3.0
2025-02-25 16:35:38,717 [WARN] PackLoader:240 - Cannot read IP mode file for STMicroelectronics.X-CUBE-AI.10.0.0
2025-02-25 16:35:38,722 [WARN] PackLoader:240 - Cannot read IP mode file for STMicroelectronics.FP-SNS-SMARTAG2.1.2.0
2025-02-25 16:35:38,902 [WARN] PackLoader:240 - Cannot read IP mode file for STMicroelectronics.X-CUBE-MEMS1.11.1.0
2025-02-25 16:35:39,099 [INFO] LogOutputStream:77 - [STDOUT_REDIRECT] 1 : Invalid condition id : UX_CORESTACK_Condition cause : null
2025-02-25 16:35:39,106 [INFO] LogOutputStream:77 - [STDOUT_REDIRECT] 1 : Invalid condition id : UX_CORESTACK_Condition cause : null
2025-02-25 16:35:39,107 [INFO] LogOutputStream:77 - [STDOUT_REDIRECT] 1 : Invalid condition id : UX_CORESTACK_Condition cause : null
2025-02-25 16:35:39,107 [INFO] LogOutputStream:77 - [STDOUT_REDIRECT] 1 : Invalid condition id : UX_CORESTACK_Condition cause : null
2025-02-25 16:35:39,107 [INFO] LogOutputStream:77 - [STDOUT_REDIRECT] 1 : Invalid condition id : UX_CORESTACK_Condition cause : null
2025-02-25 16:35:39,113 [WARN] PackLoader:240 - Cannot read IP mode file for STMicroelectronics.X-CUBE-AZRTOS-WL.2.0.0
2025-02-25 16:35:39,146 [WARN] PackLoader:240 - Cannot read IP mode file for STMicroelectronics.FP-SNS-MOTENV1.5.0.0
2025-02-25 16:35:39,153 [WARN] PackLoader:240 - Cannot read IP mode file for wolfSSL.I-CUBE-wolfMQTT.1.19.0
2025-02-25 16:35:39,175 [WARN] PackLoader:240 - Cannot read IP mode file for WES.I-CUBE-Cesium.1.3.0
2025-02-25 16:35:39,187 [WARN] PackLoader:240 - Cannot read IP mode file for STMicroelectronics.X-CUBE-BLE2.3.3.0
2025-02-25 16:35:39,194 [WARN] PackLoader:240 - Cannot read IP mode file for STMicroelectronics.X-CUBE-NFC9.1.0.0
2025-02-25 16:35:39,213 [WARN] PackLoader:240 - Cannot read IP mode file for STMicroelectronics.X-CUBE-AZRTOS-G0.1.1.0
2025-02-25 16:35:39,224 [WARN] PackLoader:240 - Cannot read IP mode file for STMicroelectronics.X-CUBE-SAFEA1.1.2.2
2025-02-25 16:35:39,230 [WARN] PackLoader:240 - Cannot read IP mode file for STMicroelectronics.X-CUBE-NFC4.3.0.0
2025-02-25 16:35:39,240 [WARN] PackLoader:240 - Cannot read IP mode file for EmbeddedOffice.I-CUBE-FS-RTOS.1.0.1
2025-02-25 16:35:39,252 [WARN] PackLoader:240 - Cannot read IP mode file for STMicroelectronics.X-CUBE-TCPP.4.2.0
2025-02-25 16:35:39,257 [WARN] PackLoader:240 - Cannot read IP mode file for RealThread.X-CUBE-RT-Thread_Nano.4.1.1
2025-02-25 16:35:39,259 [WARN] PackLoader:240 - Cannot read IP mode file for STMicroelectronics.FP-ATR-SIGFOX1.3.2.0
2025-02-25 16:35:39,266 [WARN] ConditionMgr:438 - getConditionDescription Invalid condition id : Cortex-A Device cause : null
2025-02-25 16:35:39,312 [WARN] ConditionMgr:1044 - genDependencies : Invalid condition id : Cortex-A Device cause : null
2025-02-25 16:35:39,312 [WARN] ConditionMgr:1044 - genDependencies : Invalid condition id : Cortex-A Device cause : null
2025-02-25 16:35:39,313 [WARN] ConditionMgr:1044 - genDependencies : Invalid condition id : Cortex-A Device cause : null
2025-02-25 16:35:39,321 [WARN] PackLoader:240 - Cannot read IP mode file for STMicroelectronics.X-CUBE-EEPRMA1.5.1.0
2025-02-25 16:35:39,324 [WARN] PackLoader:240 - Cannot read IP mode file for wolfSSL.I-CUBE-wolfSSL.5.7.6
2025-02-25 16:35:39,329 [WARN] PackLoader:240 - Cannot read IP mode file for ITTIA_DB.I-CUBE-ITTIADB.8.9.0
2025-02-25 16:35:39,358 [WARN] PackLoader:240 - Cannot read IP mode file for SEGGER.I-CUBE-embOS.1.3.1
2025-02-25 16:35:39,379 [WARN] PackLoader:240 - Cannot read IP mode file for STMicroelectronics.X-CUBE-ALGOBUILD.1.4.0
2025-02-25 16:35:39,394 [WARN] PackLoader:240 - Cannot read IP mode file for STMicroelectronics.X-CUBE-AZRTOS-F4.1.1.0
2025-02-25 16:35:39,403 [WARN] PackLoader:240 - Cannot read IP mode file for STMicroelectronics.X-CUBE-ISPU.2.1.0
2025-02-25 16:35:39,416 [WARN] PackLoader:240 - Cannot read IP mode file for STMicroelectronics.X-CUBE-AZRTOS-L5.2.0.0
2025-02-25 16:35:39,433 [WARN] PackLoader:240 - Cannot read IP mode file for STMicroelectronics.X-CUBE-NFC6.3.1.0
2025-02-25 16:35:39,449 [WARN] PackLoader:240 - Cannot read IP mode file for STMicroelectronics.X-CUBE-DPower.1.2.0
2025-02-25 16:35:39,469 [WARN] PackLoader:240 - Cannot read IP mode file for STMicroelectronics.X-CUBE-FREERTOS.1.3.0
2025-02-25 16:35:39,477 [WARN] PackLoader:240 - Cannot read IP mode file for STMicroelectronics.X-CUBE-NFC7.1.0.1
2025-02-25 16:35:39,497 [WARN] ConditionMgr:438 - getConditionDescription Invalid condition id : LAN8742 Phy interface Condition cause : null
2025-02-25 16:35:39,498 [WARN] PackLoader:240 - Cannot read IP mode file for STMicroelectronics.X-CUBE-AZRTOS-L4.2.0.0
2025-02-25 16:35:39,500 [WARN] ConditionMgr:1044 - genDependencies : Invalid condition id : LAN8742 Phy interface Condition cause : null
2025-02-25 16:35:39,501 [WARN] ConditionMgr:1044 - genDependencies : Invalid condition id : LAN8742 Phy interface Condition cause : null
2025-02-25 16:35:39,502 [WARN] ConditionMgr:1044 - genDependencies : Invalid condition id : LAN8742 Phy interface Condition cause : null
2025-02-25 16:35:39,508 [WARN] PackLoader:240 - Cannot read IP mode file for STMicroelectronics.X-CUBE-SFXS2LP1.4.0.0
2025-02-25 16:35:39,534 [WARN] PackLoader:240 - Cannot read IP mode file for STMicroelectronics.X-CUBE-AZRTOS-H7.3.3.0
2025-02-25 16:35:39,558 [WARN] ConditionMgr:438 - getConditionDescription Invalid condition id : UX DEVICE CLASS RTOS Condition cause : null
2025-02-25 16:35:39,560 [WARN] ConditionMgr:438 - getConditionDescription Invalid condition id : UX DEVICE CLASS RTOS Condition cause : null
2025-02-25 16:35:39,563 [WARN] PackLoader:240 - Cannot read IP mode file for STMicroelectronics.X-CUBE-AZRTOS-WB.2.0.0
2025-02-25 16:35:39,565 [WARN] ConditionMgr:1044 - genDependencies : Invalid condition id : UX DEVICE CLASS RTOS Condition cause : null
2025-02-25 16:35:39,565 [WARN] ConditionMgr:1044 - genDependencies : Invalid condition id : UX DEVICE CLASS RTOS Condition cause : null
2025-02-25 16:35:39,565 [WARN] ConditionMgr:1044 - genDependencies : Invalid condition id : UX DEVICE CLASS RTOS Condition cause : null
2025-02-25 16:35:39,566 [WARN] ConditionMgr:1044 - genDependencies : Invalid condition id : UX DEVICE CLASS RTOS Condition cause : null
2025-02-25 16:35:39,566 [WARN] ConditionMgr:1044 - genDependencies : Invalid condition id : UX DEVICE CLASS RTOS Condition cause : null
2025-02-25 16:35:39,574 [WARN] PackLoader:240 - Cannot read IP mode file for STMicroelectronics.X-CUBE-GNSS1.7.0.1
2025-02-25 16:35:39,582 [WARN] PackLoader:240 - Cannot read IP mode file for STMicroelectronics.FP-SNS-STBOX1.2.0.0
2025-02-25 16:35:39,595 [WARN] PackLoader:240 - Cannot read IP mode file for STMicroelectronics.X-CUBE-SUBG2.5.0.0
2025-02-25 16:35:39,603 [WARN] PackLoader:240 - Cannot read IP mode file for Cesanta.I-CUBE-Mongoose.7.13.0
2025-02-25 16:35:39,614 [WARN] PackLoader:240 - Cannot read IP mode file for STMicroelectronics.X-CUBE-AZRTOS-G4.2.0.0
2025-02-25 16:35:39,627 [WARN] PackLoader:240 - Cannot read IP mode file for STMicroelectronics.X-CUBE-IPS.3.1.0
2025-02-25 16:35:39,639 [WARN] PackLoader:240 - Cannot read IP mode file for STMicroelectronics.X-CUBE-ALS.1.0.2
2025-02-25 16:35:39,644 [WARN] PackLoader:240 - Cannot read IP mode file for STMicroelectronics.X-CUBE-TOUCHGFX.4.24.2
2025-02-25 16:35:39,646 [WARN] PackLoader:240 - Cannot read IP mode file for wolfSSL.I-CUBE-wolfTPM.3.4.0
2025-02-25 16:35:39,650 [WARN] PackLoader:240 - Cannot read IP mode file for portGmbH.I-Cube-SoM-uGOAL.1.1.0
2025-02-25 16:35:39,675 [WARN] PackLoader:240 - Cannot read IP mode file for STMicroelectronics.X-CUBE-AZRTOS-H7RS.1.0.0
2025-02-25 16:35:39,698 [WARN] PackLoader:240 - Cannot read IP mode file for STMicroelectronics.X-CUBE-TOF1.3.4.2
2025-02-25 16:35:39,707 [WARN] PackLoader:240 - Cannot read IP mode file for wolfSSL.I-CUBE-wolfSSH.1.4.17
2025-02-25 16:35:39,709 [INFO] ThirdParty:978 - Integrity check success = true
2025-02-25 16:35:39,709 [INFO] IntegrityCheckThread:100 - exiting critical section [integrity check]
2025-02-25 16:35:39,709 [INFO] IntegrityCheckThread:103 - End integrity checks thread
2025-02-25 16:35:41,578 [INFO] WebApp:168 - Instantiating new browser for Auth
2025-02-25 16:35:42,876 [INFO] WebApp:449 - Apply proxy settings
2025-02-25 16:35:42,885 [INFO] WebApp:494 - Chromium authenticates against Manually configured proxy
2025-02-25 16:35:42,901 [INFO] WebApp:502 - Username used for proxy authentication: 
2025-02-25 16:35:42,956 [INFO] WebApp:880 - Register for checkConnection events
2025-02-25 16:35:42,957 [INFO] WebApp:449 - Apply proxy settings
2025-02-25 16:35:42,959 [INFO] WebApp:494 - Chromium authenticates against Manually configured proxy
2025-02-25 16:35:42,959 [INFO] WebApp:502 - Username used for proxy authentication: 
2025-02-25 16:35:43,081 [INFO] WebApp:221 - Starting web application
2025-02-25 16:35:43,081 [INFO] WebApp:579 - Web application path used /Applications/STM32CubeIDE.app/Contents/Eclipse/plugins/com.st.stm32cube.common.mx_6.13.0.202411220809/db/plugins/mcufinder/reactClient1/index.html
2025-02-25 16:35:43,534 [INFO] WebApp:187 - Connection restablished
