2025-06-28 09:10:03,743 [INFO] Activator:176 - 


2025-06-28 09:10:03,747 [INFO] Activator:177 - !SESSION log4j initialized
2025-06-28 09:10:07,767 [ERROR] LogOutputStream:75 - [STDERR_REDIRECT] 
2025-06-28 09:10:08,276 [INFO] LogOutputStream:77 - [STDOUT_REDIRECT] 
2025-06-28 09:10:09,417 [INFO] LogOutputStream:77 - [STDOUT_REDIRECT] 
2025-06-28 09:10:10,463 [INFO] ApplicationProperties:184 - Using Application install path: /Applications/STM32CubeIDE.app/Contents/Eclipse/plugins/com.st.stm32cube.common.mx_6.14.1.202504091515
2025-06-28 09:10:10,473 [INFO] DbMcusXml:78 - Set database path to: /Applications/STM32CubeIDE.app/Contents/Eclipse/plugins/com.st.stm32cube.common.mx_6.14.1.202504091515//db//mcu/
2025-06-28 09:10:10,474 [INFO] ApiDb:274 - Set plugin database path to: /Applications/STM32CubeIDE.app/Contents/Eclipse/plugins/com.st.stm32cube.common.mx_6.14.1.202504091515//db//plugins/boardmanager/
2025-06-28 09:10:10,474 [WARN] ApiDb:259 - Overriding images path with different value:  => /Applications/STM32CubeIDE.app/Contents/Eclipse/plugins/com.st.stm32cube.common.mx_6.14.1.202504091515//db//plugins/mcufinder/images/
2025-06-28 09:10:10,480 [INFO] ApiDb:250 - Set database path to: /Users/mauricewashington/.stmcufinder/plugins/mcufinder//mcu/
2025-06-28 09:10:10,480 [INFO] DbMcusAds:125 - Set database path to: /Users/mauricewashington/.stmcufinder/plugins/mcufinder//mcu/
2025-06-28 09:10:10,481 [INFO] CrossReferenceDbSqlite:203 - Set database path to: /Users/mauricewashington/.stmcufinder/plugins/mcufinder//mcu/cs/
2025-06-28 09:10:10,583 [INFO] RulesReader:64 - Compatibility file has been processed (302 Rules)
2025-06-28 09:10:10,649 [INFO] DbMcusXml:78 - Set database path to: /Applications/STM32CubeIDE.app/Contents/Eclipse/plugins/com.st.stm32cube.common.mx_6.14.1.202504091515//db//mcu/
2025-06-28 09:10:10,649 [INFO] ApiDb:274 - Set plugin database path to: /Applications/STM32CubeIDE.app/Contents/Eclipse/plugins/com.st.stm32cube.common.mx_6.14.1.202504091515//db//plugins/boardmanager/
2025-06-28 09:10:10,649 [INFO] ApiDb:261 - Set plugin images path to: /Applications/STM32CubeIDE.app/Contents/Eclipse/plugins/com.st.stm32cube.common.mx_6.14.1.202504091515//db//plugins/mcufinder/images/
2025-06-28 09:10:10,650 [WARN] DbFile:41 - Overriding database path with different value: /Users/mauricewashington/.stmcufinder/plugins/mcufinder/ => /Users/mauricewashington/.stmcufinder/plugins/mcufinder
2025-06-28 09:10:10,650 [INFO] ApiDb:250 - Set database path to: /Users/mauricewashington/.stmcufinder/plugins/mcufinder//mcu/
2025-06-28 09:10:10,650 [WARN] DbFile:41 - Overriding database path with different value: /Users/mauricewashington/.stmcufinder/plugins/mcufinder/ => /Users/mauricewashington/.stmcufinder/plugins/mcufinder
2025-06-28 09:10:10,650 [INFO] DbMcusAds:125 - Set database path to: /Users/mauricewashington/.stmcufinder/plugins/mcufinder//mcu/
2025-06-28 09:10:10,650 [WARN] DbFile:41 - Overriding database path with different value: /Users/mauricewashington/.stmcufinder/plugins/mcufinder/ => /Users/mauricewashington/.stmcufinder/plugins/mcufinder
2025-06-28 09:10:10,650 [WARN] DbFile:41 - Overriding database path with different value: /Users/mauricewashington/.stmcufinder/plugins/mcufinder/ => /Users/mauricewashington/.stmcufinder/plugins/mcufinder
2025-06-28 09:10:10,650 [INFO] CrossReferenceDbSqlite:203 - Set database path to: /Users/mauricewashington/.stmcufinder/plugins/mcufinder//mcu/cs/
2025-06-28 09:10:10,707 [INFO] MainPanel:272 - HeapMemory: 268435456
2025-06-28 09:10:10,961 [INFO] DbMcusXml:78 - Set database path to: /Applications/STM32CubeIDE.app/Contents/Eclipse/plugins/com.st.stm32cube.common.mx_6.14.1.202504091515//db//mcu/
2025-06-28 09:10:10,961 [INFO] ApiDb:274 - Set plugin database path to: /Applications/STM32CubeIDE.app/Contents/Eclipse/plugins/com.st.stm32cube.common.mx_6.14.1.202504091515//db//plugins/boardmanager/
2025-06-28 09:10:10,961 [INFO] ApiDb:261 - Set plugin images path to: /Applications/STM32CubeIDE.app/Contents/Eclipse/plugins/com.st.stm32cube.common.mx_6.14.1.202504091515//db//plugins/mcufinder/images/
2025-06-28 09:10:10,962 [WARN] DbFile:41 - Overriding database path with different value: /Users/mauricewashington/.stmcufinder/plugins/mcufinder/ => /Users/mauricewashington/.stmcufinder/plugins/mcufinder
2025-06-28 09:10:10,962 [INFO] ApiDb:250 - Set database path to: /Users/mauricewashington/.stmcufinder/plugins/mcufinder//mcu/
2025-06-28 09:10:10,962 [WARN] DbFile:41 - Overriding database path with different value: /Users/mauricewashington/.stmcufinder/plugins/mcufinder/ => /Users/mauricewashington/.stmcufinder/plugins/mcufinder
2025-06-28 09:10:10,962 [INFO] DbMcusAds:125 - Set database path to: /Users/mauricewashington/.stmcufinder/plugins/mcufinder//mcu/
2025-06-28 09:10:10,962 [WARN] DbFile:41 - Overriding database path with different value: /Users/mauricewashington/.stmcufinder/plugins/mcufinder/ => /Users/mauricewashington/.stmcufinder/plugins/mcufinder
2025-06-28 09:10:10,962 [WARN] DbFile:41 - Overriding database path with different value: /Users/mauricewashington/.stmcufinder/plugins/mcufinder/ => /Users/mauricewashington/.stmcufinder/plugins/mcufinder
2025-06-28 09:10:10,962 [INFO] CrossReferenceDbSqlite:203 - Set database path to: /Users/mauricewashington/.stmcufinder/plugins/mcufinder//mcu/cs/
2025-06-28 09:10:10,976 [INFO] ApplicationProperties:184 - Using Application install path: /Applications/STM32CubeIDE.app/Contents/Eclipse/plugins/com.st.stm32cube.common.mx_6.14.1.202504091515
2025-06-28 09:10:10,977 [INFO] PluginManage:196 - Search for loadable plugins [exclusion list=, ]
2025-06-28 09:10:10,978 [INFO] PluginManage:310 - Check plugin analytics
2025-06-28 09:10:11,117 [INFO] AnalyticsPlugin:253 - Accepted Software Licenses: 
2025-06-28 09:10:11,117 [INFO] AnalyticsPlugin:255 - Accepted CMSIS Pack Licenses: 
2025-06-28 09:10:11,117 [INFO] AnalyticsPlugin:257 - Accepted Firmware Licenses: 
2025-06-28 09:10:11,125 [INFO] PluginManage:359 - Loaded plugin analytics (category:tool,tabindex:-1)
2025-06-28 09:10:11,126 [INFO] PluginManage:310 - Check plugin cadmodel
2025-06-28 09:10:11,137 [INFO] CADModel:105 - Init CAD model plugin
2025-06-28 09:10:11,138 [INFO] PluginManage:359 - Loaded plugin cadmodel (category:power,tabindex:5)
2025-06-28 09:10:11,138 [INFO] PluginManage:310 - Check plugin clock
2025-06-28 09:10:11,145 [INFO] PluginManage:359 - Loaded plugin clock (category:base,tabindex:2)
2025-06-28 09:10:11,148 [INFO] PluginManage:310 - Check plugin ddr
2025-06-28 09:10:11,150 [INFO] PluginManage:359 - Loaded plugin ddr (category:tool,tabindex:6)
2025-06-28 09:10:11,150 [INFO] PluginManage:310 - Check plugin filemanager
2025-06-28 09:10:11,264 [INFO] PluginManage:359 - Loaded plugin filemanager (category:base,tabindex:10)
2025-06-28 09:10:11,264 [INFO] PluginManage:310 - Check plugin ipmanager
2025-06-28 09:10:11,269 [INFO] PluginManage:359 - Loaded plugin ipmanager (category:base,tabindex:5)
2025-06-28 09:10:11,269 [INFO] PluginManage:310 - Check plugin lpbam
2025-06-28 09:10:11,275 [INFO] PluginManage:359 - Loaded plugin lpbam (category:base,tabindex:0)
2025-06-28 09:10:11,275 [INFO] PluginManage:310 - Check plugin memorymap
2025-06-28 09:10:11,282 [INFO] PluginManage:359 - Loaded plugin memorymap (category:base,tabindex:4)
2025-06-28 09:10:11,282 [INFO] PluginManage:310 - Check plugin pinoutandconfiguration
2025-06-28 09:10:11,286 [INFO] PluginManage:359 - Loaded plugin pinoutandconfiguration (category:base,tabindex:1)
2025-06-28 09:10:11,286 [INFO] PluginManage:310 - Check plugin pinoutconfig
2025-06-28 09:10:11,351 [WARN] SupportedApi:132 - Cannot load RTOS API schema: s4s-elt-must-match.1: The content of 'definitions' must match (annotation?, (simpleType | complexType)?, (unique | key | keyref)*)). A problem was found starting at: attribute.
2025-06-28 09:10:11,459 [INFO] PluginManage:359 - Loaded plugin pinoutconfig (category:base,tabindex:0)
2025-06-28 09:10:11,460 [INFO] PluginManage:310 - Check plugin power
2025-06-28 09:10:11,468 [INFO] PluginManage:359 - Loaded plugin power (category:power,tabindex:4)
2025-06-28 09:10:11,468 [INFO] PluginManage:310 - Check plugin projectmanager
2025-06-28 09:10:11,490 [INFO] PluginManage:359 - Loaded plugin projectmanager (category:projectmanager,tabindex:4)
2025-06-28 09:10:11,490 [INFO] PluginManage:310 - Check plugin rif
2025-06-28 09:10:11,495 [INFO] PluginManage:359 - Loaded plugin rif (category:base,tabindex:3)
2025-06-28 09:10:11,495 [INFO] PluginManage:310 - Check plugin thirdparty
2025-06-28 09:10:11,624 [INFO] PluginManage:359 - Loaded plugin thirdparty (category:base,tabindex:-1)
2025-06-28 09:10:11,624 [INFO] PluginManage:310 - Check plugin tools
2025-06-28 09:10:11,624 [WARN] IntegrityCheckThread:84 - waiting for thirdparty lock release [integrity check]
2025-06-28 09:10:11,625 [INFO] IntegrityCheckThread:86 - entering critical section [integrity check]
2025-06-28 09:10:11,626 [INFO] ThirdPartyUpdaterWithRetryManager:70 - Updater plugin not ready yet. [1/15]
2025-06-28 09:10:11,628 [INFO] PluginManage:359 - Loaded plugin tools (category:base,tabindex:7)
2025-06-28 09:10:11,628 [INFO] PluginManage:310 - Check plugin tutovideos
2025-06-28 09:10:11,747 [INFO] PluginManage:359 - Loaded plugin tutovideos (category:base,tabindex:-1)
2025-06-28 09:10:11,747 [INFO] PluginManage:310 - Check plugin updater
2025-06-28 09:10:11,768 [INFO] PluginManage:359 - Loaded plugin updater (category:base,tabindex:12)
2025-06-28 09:10:11,768 [INFO] PluginManage:310 - Check plugin userauth
2025-06-28 09:10:11,772 [INFO] UserAuth:118 - Init User Auth plugin
2025-06-28 09:10:11,773 [INFO] PluginManage:359 - Loaded plugin userauth (category:base,tabindex:14)
2025-06-28 09:10:11,774 [INFO] PluginManage:283 - PluginManage : Loaded plugins [18]
2025-06-28 09:10:11,952 [INFO] PinOutPanel:1589 - setPackage(No Configuration,No Configuration)
2025-06-28 09:10:12,009 [INFO] CADModel:165 - CPN selected for project level
2025-06-28 09:10:12,009 [INFO] CADModel:114 - Register for checkConnection events
2025-06-28 09:10:12,018 [INFO] IPUIPlugin:80 - create IPUIPlugin
2025-06-28 09:10:12,018 [INFO] PluginManager:220 - loadIPPluginJar : add mdma
2025-06-28 09:10:12,022 [INFO] IPUIPlugin:80 - create IPUIPlugin
2025-06-28 09:10:12,023 [INFO] PluginManager:220 - loadIPPluginJar : add freertos
2025-06-28 09:10:12,025 [INFO] IPUIPlugin:80 - create IPUIPlugin
2025-06-28 09:10:12,025 [INFO] PluginManager:220 - loadIPPluginJar : add gic
2025-06-28 09:10:12,031 [INFO] IPUIPlugin:80 - create IPUIPlugin
2025-06-28 09:10:12,031 [INFO] PluginManager:220 - loadIPPluginJar : add adc
2025-06-28 09:10:12,032 [INFO] IPUIPlugin:80 - create IPUIPlugin
2025-06-28 09:10:12,032 [INFO] PluginManager:220 - loadIPPluginJar : add gtzc
2025-06-28 09:10:12,033 [INFO] IPUIPlugin:80 - create IPUIPlugin
2025-06-28 09:10:12,033 [INFO] PluginManager:220 - loadIPPluginJar : add quadspi
2025-06-28 09:10:12,035 [INFO] IPUIPlugin:80 - create IPUIPlugin
2025-06-28 09:10:12,035 [INFO] PluginManager:220 - loadIPPluginJar : add aes
2025-06-28 09:10:12,036 [INFO] IPUIPlugin:80 - create IPUIPlugin
2025-06-28 09:10:12,037 [INFO] PluginManager:220 - loadIPPluginJar : add pdm2pcm
2025-06-28 09:10:12,037 [INFO] IPUIPlugin:80 - create IPUIPlugin
2025-06-28 09:10:12,037 [INFO] PluginManager:220 - loadIPPluginJar : add hash
2025-06-28 09:10:12,038 [INFO] IPUIPlugin:80 - create IPUIPlugin
2025-06-28 09:10:12,038 [INFO] PluginManager:220 - loadIPPluginJar : add tim
2025-06-28 09:10:12,039 [INFO] IPUIPlugin:80 - create IPUIPlugin
2025-06-28 09:10:12,039 [INFO] PluginManager:220 - loadIPPluginJar : add tsc
2025-06-28 09:10:12,042 [INFO] IPUIPlugin:80 - create IPUIPlugin
2025-06-28 09:10:12,042 [INFO] PluginManager:220 - loadIPPluginJar : add extmemmanager
2025-06-28 09:10:12,044 [INFO] IPUIPlugin:80 - create IPUIPlugin
2025-06-28 09:10:12,044 [INFO] PluginManager:220 - loadIPPluginJar : add ts
2025-06-28 09:10:12,045 [INFO] IPUIPlugin:80 - create IPUIPlugin
2025-06-28 09:10:12,045 [INFO] PluginManager:220 - loadIPPluginJar : add radio
2025-06-28 09:10:12,046 [INFO] IPUIPlugin:80 - create IPUIPlugin
2025-06-28 09:10:12,047 [INFO] PluginManager:220 - loadIPPluginJar : add can
2025-06-28 09:10:12,047 [INFO] IPUIPlugin:80 - create IPUIPlugin
2025-06-28 09:10:12,047 [INFO] PluginManager:220 - loadIPPluginJar : add dma3
2025-06-28 09:10:12,048 [INFO] IPUIPlugin:80 - create IPUIPlugin
2025-06-28 09:10:12,048 [INFO] PluginManager:220 - loadIPPluginJar : add dfsdm
2025-06-28 09:10:12,049 [INFO] IPUIPlugin:80 - create IPUIPlugin
2025-06-28 09:10:12,049 [INFO] PluginManager:220 - loadIPPluginJar : add spi
2025-06-28 09:10:12,050 [INFO] IPUIPlugin:80 - create IPUIPlugin
2025-06-28 09:10:12,050 [INFO] PluginManager:220 - loadIPPluginJar : add gfxmmu
2025-06-28 09:10:12,051 [INFO] IPUIPlugin:80 - create IPUIPlugin
2025-06-28 09:10:12,051 [INFO] PluginManager:220 - loadIPPluginJar : add genericplugin
2025-06-28 09:10:12,053 [INFO] IPUIPlugin:80 - create IPUIPlugin
2025-06-28 09:10:12,054 [INFO] PluginManager:220 - loadIPPluginJar : add cryp
2025-06-28 09:10:12,056 [INFO] IPUIPlugin:80 - create IPUIPlugin
2025-06-28 09:10:12,056 [INFO] PluginManager:220 - loadIPPluginJar : add gpio
2025-06-28 09:10:12,057 [INFO] IPUIPlugin:80 - create IPUIPlugin
2025-06-28 09:10:12,058 [INFO] PluginManager:220 - loadIPPluginJar : add ddr_ctrl_phy
2025-06-28 09:10:12,059 [INFO] IPUIPlugin:80 - create IPUIPlugin
2025-06-28 09:10:12,059 [INFO] PluginManager:220 - loadIPPluginJar : add comp
2025-06-28 09:10:12,061 [INFO] IPUIPlugin:80 - create IPUIPlugin
2025-06-28 09:10:12,061 [INFO] PluginManager:220 - loadIPPluginJar : add tracer_emb
2025-06-28 09:10:12,062 [INFO] IPUIPlugin:80 - create IPUIPlugin
2025-06-28 09:10:12,062 [INFO] PluginManager:220 - loadIPPluginJar : add openamp
2025-06-28 09:10:12,065 [INFO] IPUIPlugin:80 - create IPUIPlugin
2025-06-28 09:10:12,065 [INFO] PluginManager:220 - loadIPPluginJar : add stm32_wpan
2025-06-28 09:10:12,068 [INFO] IPUIPlugin:80 - create IPUIPlugin
2025-06-28 09:10:12,073 [INFO] PluginManager:220 - loadIPPluginJar : add plateformsettings
2025-06-28 09:10:12,075 [INFO] IPUIPlugin:80 - create IPUIPlugin
2025-06-28 09:10:12,075 [INFO] PluginManager:220 - loadIPPluginJar : add ipddr
2025-06-28 09:10:12,076 [INFO] IPUIPlugin:80 - create IPUIPlugin
2025-06-28 09:10:12,076 [INFO] PluginManager:220 - loadIPPluginJar : add usart
2025-06-28 09:10:12,077 [INFO] IPUIPlugin:80 - create IPUIPlugin
2025-06-28 09:10:12,077 [INFO] PluginManager:220 - loadIPPluginJar : add ltdc
2025-06-28 09:10:12,079 [INFO] IPUIPlugin:80 - create IPUIPlugin
2025-06-28 09:10:12,079 [INFO] PluginManager:220 - loadIPPluginJar : add nvic
2025-06-28 09:10:12,079 [INFO] IPUIPlugin:80 - create IPUIPlugin
2025-06-28 09:10:12,079 [INFO] PluginManager:220 - loadIPPluginJar : add fatfs
2025-06-28 09:10:12,083 [INFO] IPUIPlugin:80 - create IPUIPlugin
2025-06-28 09:10:12,083 [INFO] PluginManager:220 - loadIPPluginJar : add linkedlist
2025-06-28 09:10:12,086 [INFO] IPUIPlugin:80 - create IPUIPlugin
2025-06-28 09:10:12,087 [INFO] PluginManager:220 - loadIPPluginJar : add dma
2025-06-28 09:10:12,089 [INFO] IPUIPlugin:80 - create IPUIPlugin
2025-06-28 09:10:12,089 [INFO] PluginManager:220 - loadIPPluginJar : add fmc
2025-06-28 09:10:12,090 [INFO] IPUIPlugin:80 - create IPUIPlugin
2025-06-28 09:10:12,090 [INFO] PluginManager:220 - loadIPPluginJar : add i2s
2025-06-28 09:10:12,091 [INFO] IPUIPlugin:80 - create IPUIPlugin
2025-06-28 09:10:12,091 [INFO] PluginManager:220 - loadIPPluginJar : add ucpd
2025-06-28 09:10:12,092 [INFO] IPUIPlugin:80 - create IPUIPlugin
2025-06-28 09:10:12,092 [INFO] PluginManager:220 - loadIPPluginJar : add lorawan
2025-06-28 09:10:12,093 [INFO] IPUIPlugin:80 - create IPUIPlugin
2025-06-28 09:10:12,093 [INFO] PluginManager:220 - loadIPPluginJar : add opamp
2025-06-28 09:10:12,094 [INFO] IPUIPlugin:80 - create IPUIPlugin
2025-06-28 09:10:12,094 [INFO] PluginManager:220 - loadIPPluginJar : add i3c
2025-06-28 09:10:12,095 [INFO] IPUIPlugin:80 - create IPUIPlugin
2025-06-28 09:10:12,097 [INFO] PluginManager:220 - loadIPPluginJar : add touchsensing
2025-06-28 09:10:12,099 [INFO] IPUIPlugin:80 - create IPUIPlugin
2025-06-28 09:10:12,099 [INFO] PluginManager:220 - loadIPPluginJar : add i2c
2025-06-28 09:10:12,101 [INFO] IPUIPlugin:80 - create IPUIPlugin
2025-06-28 09:10:12,101 [INFO] PluginManager:220 - loadIPPluginJar : add resmgrutility
2025-06-28 09:10:12,102 [INFO] IPUIPlugin:80 - create IPUIPlugin
2025-06-28 09:10:12,102 [INFO] PluginManager:220 - loadIPPluginJar : add sai
2025-06-28 09:10:12,104 [INFO] IPUIPlugin:80 - create IPUIPlugin
2025-06-28 09:10:12,104 [INFO] PluginManager:220 - loadIPPluginJar : add usbx
2025-06-28 09:10:12,213 [FATAL] Updater:351 - Updater called before beeing initialized
2025-06-28 09:10:12,249 [INFO] RulesReader:64 - Compatibility file has been processed (302 Rules)
2025-06-28 09:10:12,267 [INFO] RulesReader:64 - Compatibility file has been processed (302 Rules)
2025-06-28 09:10:12,277 [INFO] CADModel:165 - CPN selected for project level
2025-06-28 09:10:12,277 [INFO] CADModel:114 - Register for checkConnection events
2025-06-28 09:10:12,277 [FATAL] Updater:351 - Updater called before beeing initialized
2025-06-28 09:10:12,277 [ERROR] CADModel:125 - Updater not yet initialized, retry later 
2025-06-28 09:10:12,454 [FATAL] Updater:351 - Updater called before beeing initialized
2025-06-28 09:10:12,455 [INFO] CADModel:165 - CPN selected for project level
2025-06-28 09:10:12,455 [INFO] CADModel:114 - Register for checkConnection events
2025-06-28 09:10:12,455 [FATAL] Updater:351 - Updater called before beeing initialized
2025-06-28 09:10:12,455 [ERROR] CADModel:125 - Updater not yet initialized, retry later 
2025-06-28 09:10:12,457 [FATAL] Updater:351 - Updater called before beeing initialized
2025-06-28 09:10:12,578 [FATAL] Updater:351 - Updater called before beeing initialized
2025-06-28 09:10:12,581 [INFO] DbMcusAds:53 - JSON generation date=Wed May 07 02:07:55 PDT 2025 (1746608875484)
2025-06-28 09:10:12,581 [FATAL] Updater:351 - Updater called before beeing initialized
2025-06-28 09:10:12,631 [WARN] DetailPanel:346 - Failed to get advertising image, set to default
2025-06-28 09:10:12,795 [FATAL] Updater:351 - Updater called before beeing initialized
2025-06-28 09:10:12,799 [FATAL] Updater:351 - Updater called before beeing initialized
2025-06-28 09:10:12,799 [FATAL] Updater:351 - Updater called before beeing initialized
2025-06-28 09:10:12,799 [WARN] DetailPanel:346 - Failed to get advertising image, set to default
2025-06-28 09:10:12,802 [FATAL] Updater:351 - Updater called before beeing initialized
2025-06-28 09:10:12,850 [ERROR] Updater:1198 - MainUpdater not yet initialized. External WinMGr cannot be set.
2025-06-28 09:10:12,884 [INFO] Updater:1134 - Updater Version found : 6.14.1
2025-06-28 09:10:12,896 [INFO] ApplicationProperties:184 - Using Application install path: /Applications/STM32CubeIDE.app/Contents/Eclipse/plugins/com.st.stm32cube.common.mx_6.14.1.202504091515
2025-06-28 09:10:13,505 [INFO] MainUpdater:2872 - connection check result : 10
2025-06-28 09:10:13,506 [INFO] MainUpdater:289 - Updater Check For Update Now.
2025-06-28 09:10:13,507 [INFO] MicroXplorer:498 - Change Database Version : DB.6.0.141
2025-06-28 09:10:13,511 [INFO] McuFinderGlobals:63 - Set McuFinder mode to 2 (CubeIDE integrated)
2025-06-28 09:10:13,514 [INFO] UserAuth:484 - Internet connection configuration mode: 1
2025-06-28 09:10:13,530 [INFO] JxBrowserEngine:152 - Initiate JxBrowser Engine with user profile folder
2025-06-28 09:10:13,796 [INFO] CheckServerUpdateThread:120 - End of CheckServer Thread
2025-06-28 09:10:14,772 [WARN] PackLoader:240 - Cannot read IP mode file for STMicroelectronics.FP-SNS-MOTENVWB1.1.4.0
2025-06-28 09:10:14,786 [WARN] PackLoader:240 - Cannot read IP mode file for STMicroelectronics.FP-ATR-ASTRA1.2.0.2
2025-06-28 09:10:14,797 [WARN] PackLoader:240 - Cannot read IP mode file for STMicroelectronics.FP-ATR-ASTRA1.2.0.1
2025-06-28 09:10:14,806 [WARN] PackLoader:240 - Cannot read IP mode file for STMicroelectronics.X-CUBE-SMBUS.2.1.0
2025-06-28 09:10:14,815 [WARN] PackLoader:240 - Cannot read IP mode file for STMicroelectronics.X-CUBE-WB05N.1.1.0
2025-06-28 09:10:14,820 [WARN] PackLoader:240 - Cannot read IP mode file for STMicroelectronics.X-CUBE-ST60.1.0.0
2025-06-28 09:10:14,874 [WARN] PackLoader:240 - Cannot read IP mode file for STMicroelectronics.X-CUBE-AZRTOS-F7.1.1.0
2025-06-28 09:10:14,900 [WARN] PackLoader:240 - Cannot read IP mode file for STMicroelectronics.FP-SNS-FLIGHT1.5.0.2
2025-06-28 09:10:14,947 [WARN] PackLoader:240 - Cannot read IP mode file for Infineon.AIROC-Wi-Fi-Bluetooth-STM32.1.7.0
2025-06-28 09:10:14,980 [WARN] PackLoader:240 - Cannot read IP mode file for STMicroelectronics.X-CUBE-DISPLAY.3.0.0
2025-06-28 09:10:15,001 [WARN] PackLoader:240 - Cannot read IP mode file for STMicroelectronics.X-CUBE-BLE1.7.0.0
2025-06-28 09:10:15,016 [WARN] PackLoader:240 - Cannot read IP mode file for STMicroelectronics.X-CUBE-NFC10.1.0.0
2025-06-28 09:10:15,060 [WARN] PackLoader:240 - Cannot read IP mode file for STMicroelectronics.X-CUBE-BLEMGR.4.0.0
2025-06-28 09:10:15,095 [WARN] PackLoader:240 - Cannot read IP mode file for emotas.I-CUBE-CANOPEN.1.3.0
2025-06-28 09:10:15,106 [WARN] PackLoader:240 - Cannot read IP mode file for STMicroelectronics.X-CUBE-AI.10.0.0
2025-06-28 09:10:15,111 [WARN] PackLoader:240 - Cannot read IP mode file for STMicroelectronics.FP-SNS-SMARTAG2.1.2.0
2025-06-28 09:10:15,120 [WARN] PackLoader:240 - Cannot read IP mode file for STMicroelectronics.FP-SNS-FLIGHT1.5.1.0
2025-06-28 09:10:15,200 [WARN] PackLoader:240 - Cannot read IP mode file for STMicroelectronics.X-CUBE-MEMS1.11.1.0
2025-06-28 09:10:15,289 [INFO] LogOutputStream:77 - [STDOUT_REDIRECT] 1 : Invalid condition id : UX_CORESTACK_Condition cause : null
2025-06-28 09:10:15,291 [INFO] LogOutputStream:77 - [STDOUT_REDIRECT] 1 : Invalid condition id : UX_CORESTACK_Condition cause : null
2025-06-28 09:10:15,291 [INFO] LogOutputStream:77 - [STDOUT_REDIRECT] 1 : Invalid condition id : UX_CORESTACK_Condition cause : null
2025-06-28 09:10:15,291 [INFO] LogOutputStream:77 - [STDOUT_REDIRECT] 1 : Invalid condition id : UX_CORESTACK_Condition cause : null
2025-06-28 09:10:15,291 [INFO] LogOutputStream:77 - [STDOUT_REDIRECT] 1 : Invalid condition id : UX_CORESTACK_Condition cause : null
2025-06-28 09:10:15,297 [WARN] PackLoader:240 - Cannot read IP mode file for STMicroelectronics.X-CUBE-AZRTOS-WL.2.0.0
2025-06-28 09:10:15,312 [WARN] PackLoader:240 - Cannot read IP mode file for STMicroelectronics.FP-SNS-MOTENV1.5.0.0
2025-06-28 09:10:15,318 [WARN] PackLoader:240 - Cannot read IP mode file for wolfSSL.I-CUBE-wolfMQTT.1.19.0
2025-06-28 09:10:15,329 [WARN] PackLoader:240 - Cannot read IP mode file for WES.I-CUBE-Cesium.1.3.0
2025-06-28 09:10:15,337 [WARN] PackLoader:240 - Cannot read IP mode file for STMicroelectronics.X-CUBE-BLE2.3.3.0
2025-06-28 09:10:15,344 [WARN] PackLoader:240 - Cannot read IP mode file for STMicroelectronics.X-CUBE-NFC9.1.0.0
2025-06-28 09:10:15,351 [WARN] PackLoader:240 - Cannot read IP mode file for STMicroelectronics.X-CUBE-BLE1.7.1.0
2025-06-28 09:10:15,355 [WARN] PackLoader:240 - Cannot read IP mode file for STMicroelectronics.X-CUBE-AI.10.1.0
2025-06-28 09:10:15,534 [WARN] PackLoader:240 - Cannot read IP mode file for STMicroelectronics.X-CUBE-MEMS1.11.2.0
2025-06-28 09:10:15,686 [WARN] PackLoader:240 - Cannot read IP mode file for STMicroelectronics.X-CUBE-AZRTOS-G0.1.1.0
2025-06-28 09:10:15,711 [WARN] PackLoader:240 - Cannot read IP mode file for STMicroelectronics.X-CUBE-SAFEA1.1.2.2
2025-06-28 09:10:15,720 [WARN] PackLoader:240 - Cannot read IP mode file for STMicroelectronics.X-CUBE-NFC4.3.0.0
2025-06-28 09:10:15,737 [WARN] PackLoader:240 - Cannot read IP mode file for EmbeddedOffice.I-CUBE-FS-RTOS.1.0.1
2025-06-28 09:10:15,749 [WARN] PackLoader:240 - Cannot read IP mode file for STMicroelectronics.X-CUBE-WB05N.2.0.0
2025-06-28 09:10:15,766 [WARN] PackLoader:240 - Cannot read IP mode file for STMicroelectronics.X-CUBE-TCPP.4.2.0
2025-06-28 09:10:15,774 [WARN] PackLoader:240 - Cannot read IP mode file for RealThread.X-CUBE-RT-Thread_Nano.4.1.1
2025-06-28 09:10:15,780 [WARN] PackLoader:240 - Cannot read IP mode file for STMicroelectronics.FP-ATR-SIGFOX1.3.2.0
2025-06-28 09:10:15,786 [WARN] ConditionMgr:438 - getConditionDescription Invalid condition id : Cortex-A Device cause : null
2025-06-28 09:10:15,843 [WARN] ConditionMgr:1044 - genDependencies : Invalid condition id : Cortex-A Device cause : null
2025-06-28 09:10:15,844 [WARN] ConditionMgr:1044 - genDependencies : Invalid condition id : Cortex-A Device cause : null
2025-06-28 09:10:15,844 [WARN] ConditionMgr:1044 - genDependencies : Invalid condition id : Cortex-A Device cause : null
2025-06-28 09:10:15,850 [WARN] PackLoader:240 - Cannot read IP mode file for STMicroelectronics.X-CUBE-EEPRMA1.5.1.0
2025-06-28 09:10:15,857 [WARN] PackLoader:240 - Cannot read IP mode file for wolfSSL.I-CUBE-wolfSSL.5.7.6
2025-06-28 09:10:15,872 [WARN] PackLoader:240 - Cannot read IP mode file for ITTIA_DB.I-CUBE-ITTIADB.8.9.0
2025-06-28 09:10:15,890 [WARN] PackLoader:240 - Cannot read IP mode file for STMicroelectronics.X-CUBE-ST67W61.1.0.0
2025-06-28 09:10:15,938 [WARN] PackLoader:240 - Cannot read IP mode file for SEGGER.I-CUBE-embOS.1.3.1
2025-06-28 09:10:15,985 [WARN] PackLoader:240 - Cannot read IP mode file for STMicroelectronics.X-CUBE-ALGOBUILD.1.4.0
2025-06-28 09:10:16,042 [WARN] PackLoader:240 - Cannot read IP mode file for STMicroelectronics.X-CUBE-MEMS1.11.3.0
2025-06-28 09:10:16,117 [WARN] PackLoader:240 - Cannot read IP mode file for STMicroelectronics.X-CUBE-PM33A1.1.0.0
2025-06-28 09:10:16,139 [WARN] PackLoader:240 - Cannot read IP mode file for STMicroelectronics.X-CUBE-AZRTOS-F4.1.1.0
2025-06-28 09:10:16,144 [WARN] PackLoader:240 - Cannot read IP mode file for Avnet-IotConnect.X-CUBE-IoTC-DA16k-PMOD.1.0.0
2025-06-28 09:10:16,148 [WARN] PackLoader:240 - Cannot read IP mode file for STMicroelectronics.X-CUBE-ISPU.2.1.0
2025-06-28 09:10:16,164 [WARN] PackLoader:240 - Cannot read IP mode file for STMicroelectronics.X-CUBE-AZRTOS-L5.2.0.0
2025-06-28 09:10:16,178 [WARN] PackLoader:240 - Cannot read IP mode file for STMicroelectronics.X-CUBE-NFC6.3.1.0
2025-06-28 09:10:16,190 [WARN] PackLoader:240 - Cannot read IP mode file for STMicroelectronics.X-CUBE-DPower.1.2.0
2025-06-28 09:10:16,197 [WARN] PackLoader:240 - Cannot read IP mode file for STMicroelectronics.X-CUBE-FREERTOS.1.3.1
2025-06-28 09:10:16,201 [WARN] PackLoader:240 - Cannot read IP mode file for STMicroelectronics.X-CUBE-FREERTOS.1.3.0
2025-06-28 09:10:16,204 [WARN] PackLoader:240 - Cannot read IP mode file for STMicroelectronics.X-CUBE-NFC7.1.0.1
2025-06-28 09:10:16,208 [WARN] PackLoader:240 - Cannot read IP mode file for STMicroelectronics.FP-SNS-STAIOTCFT.1.0.0
2025-06-28 09:10:16,212 [WARN] PackLoader:240 - Cannot read IP mode file for STMicroelectronics.X-CUBE-DPower.1.3.0
2025-06-28 09:10:16,228 [WARN] ConditionMgr:438 - getConditionDescription Invalid condition id : LAN8742 Phy interface Condition cause : null
2025-06-28 09:10:16,229 [WARN] PackLoader:240 - Cannot read IP mode file for STMicroelectronics.X-CUBE-AZRTOS-L4.2.0.0
2025-06-28 09:10:16,230 [WARN] ConditionMgr:1044 - genDependencies : Invalid condition id : LAN8742 Phy interface Condition cause : null
2025-06-28 09:10:16,231 [WARN] ConditionMgr:1044 - genDependencies : Invalid condition id : LAN8742 Phy interface Condition cause : null
2025-06-28 09:10:16,232 [WARN] ConditionMgr:1044 - genDependencies : Invalid condition id : LAN8742 Phy interface Condition cause : null
2025-06-28 09:10:16,239 [WARN] PackLoader:240 - Cannot read IP mode file for STMicroelectronics.X-CUBE-SFXS2LP1.4.0.0
2025-06-28 09:10:16,260 [WARN] PackLoader:240 - Cannot read IP mode file for STMicroelectronics.X-CUBE-AZRTOS-H7.3.3.0
2025-06-28 09:10:16,278 [WARN] ConditionMgr:438 - getConditionDescription Invalid condition id : UX DEVICE CLASS RTOS Condition cause : null
2025-06-28 09:10:16,278 [WARN] ConditionMgr:438 - getConditionDescription Invalid condition id : UX DEVICE CLASS RTOS Condition cause : null
2025-06-28 09:10:16,281 [WARN] PackLoader:240 - Cannot read IP mode file for STMicroelectronics.X-CUBE-AZRTOS-WB.2.0.0
2025-06-28 09:10:16,283 [WARN] ConditionMgr:1044 - genDependencies : Invalid condition id : UX DEVICE CLASS RTOS Condition cause : null
2025-06-28 09:10:16,283 [WARN] ConditionMgr:1044 - genDependencies : Invalid condition id : UX DEVICE CLASS RTOS Condition cause : null
2025-06-28 09:10:16,284 [WARN] ConditionMgr:1044 - genDependencies : Invalid condition id : UX DEVICE CLASS RTOS Condition cause : null
2025-06-28 09:10:16,284 [WARN] ConditionMgr:1044 - genDependencies : Invalid condition id : UX DEVICE CLASS RTOS Condition cause : null
2025-06-28 09:10:16,284 [WARN] ConditionMgr:1044 - genDependencies : Invalid condition id : UX DEVICE CLASS RTOS Condition cause : null
2025-06-28 09:10:16,289 [WARN] PackLoader:240 - Cannot read IP mode file for STMicroelectronics.X-CUBE-GNSS1.7.0.1
2025-06-28 09:10:16,294 [WARN] PackLoader:240 - Cannot read IP mode file for STMicroelectronics.X-CUBE-TOUCHGFX.4.25.0
2025-06-28 09:10:16,299 [WARN] PackLoader:240 - Cannot read IP mode file for STMicroelectronics.FP-SNS-STBOX1.2.0.0
2025-06-28 09:10:16,314 [WARN] PackLoader:240 - Cannot read IP mode file for STMicroelectronics.X-CUBE-SUBG2.5.0.0
2025-06-28 09:10:16,339 [WARN] PackLoader:240 - Cannot read IP mode file for STMicroelectronics.X-CUBE-AZRTOS-H7RS.1.1.0
2025-06-28 09:10:16,349 [WARN] PackLoader:240 - Cannot read IP mode file for Cesanta.I-CUBE-Mongoose.7.13.0
2025-06-28 09:10:16,447 [WARN] PackLoader:240 - Cannot read IP mode file for STMicroelectronics.X-CUBE-AZRTOS-G4.2.0.0
2025-06-28 09:10:16,533 [WARN] PackLoader:240 - Cannot read IP mode file for STMicroelectronics.X-CUBE-NFC7.2.0.0
2025-06-28 09:10:16,551 [WARN] PackLoader:240 - Cannot read IP mode file for STMicroelectronics.X-CUBE-IPS.3.1.0
2025-06-28 09:10:16,557 [WARN] PackLoader:240 - Cannot read IP mode file for STMicroelectronics.X-CUBE-ALS.1.0.2
2025-06-28 09:10:16,560 [WARN] PackLoader:240 - Cannot read IP mode file for STMicroelectronics.X-CUBE-TOUCHGFX.4.24.2
2025-06-28 09:10:16,562 [WARN] PackLoader:240 - Cannot read IP mode file for wolfSSL.I-CUBE-wolfTPM.3.4.0
2025-06-28 09:10:16,568 [WARN] PackLoader:240 - Cannot read IP mode file for portGmbH.I-Cube-SoM-uGOAL.1.1.0
2025-06-28 09:10:16,582 [WARN] PackLoader:240 - Cannot read IP mode file for STMicroelectronics.X-CUBE-AZRTOS-H7RS.1.0.0
2025-06-28 09:10:16,595 [WARN] PackLoader:240 - Cannot read IP mode file for STMicroelectronics.X-CUBE-TOF1.3.4.2
2025-06-28 09:10:16,609 [WARN] PackLoader:240 - Cannot read IP mode file for STMicroelectronics.X-CUBE-TOF1.3.4.3
2025-06-28 09:10:16,615 [WARN] PackLoader:240 - Cannot read IP mode file for wolfSSL.I-CUBE-wolfSSH.1.4.17
2025-06-28 09:10:16,631 [INFO] ThirdParty:978 - Integrity check success = true
2025-06-28 09:10:16,631 [INFO] IntegrityCheckThread:100 - exiting critical section [integrity check]
2025-06-28 09:10:16,631 [INFO] IntegrityCheckThread:103 - End integrity checks thread
2025-06-28 09:10:18,034 [INFO] WebApp:169 - Instantiating new browser for Auth
2025-06-28 09:10:19,135 [INFO] WebApp:463 - Apply proxy settings
2025-06-28 09:10:19,147 [INFO] WebApp:508 - Chromium authenticates against Manually configured proxy
2025-06-28 09:10:19,156 [INFO] WebApp:516 - Username used for proxy authentication: 
2025-06-28 09:10:19,192 [INFO] WebApp:894 - Register for checkConnection events
2025-06-28 09:10:19,192 [INFO] WebApp:463 - Apply proxy settings
2025-06-28 09:10:19,195 [INFO] WebApp:508 - Chromium authenticates against Manually configured proxy
2025-06-28 09:10:19,196 [INFO] WebApp:516 - Username used for proxy authentication: 
2025-06-28 09:10:19,322 [INFO] WebApp:225 - Starting web application
2025-06-28 09:10:19,322 [INFO] WebApp:593 - Web application path used /Applications/STM32CubeIDE.app/Contents/Eclipse/plugins/com.st.stm32cube.common.mx_6.14.1.202504091515/db/plugins/mcufinder/reactClient1/index.html
2025-06-28 09:10:19,771 [INFO] WebApp:191 - Connection restablished
2025-06-28 09:10:19,935 [INFO] UserAuth:484 - Internet connection configuration mode: 1
2025-06-28 09:48:24,594 [INFO] WebApp:194 - Connection lost
2025-06-28 09:48:25,226 [INFO] WebApp:191 - Connection restablished
2025-06-28 10:15:56,168 [INFO] WebApp:194 - Connection lost
2025-06-28 10:15:56,955 [INFO] WebApp:191 - Connection restablished
2025-06-28 11:29:11,360 [ERROR] LogOutputStream:75 - [STDERR_REDIRECT] 
