2025-03-12 16:58:23,675 [INFO] Activator:176 - 


2025-03-12 16:58:23,680 [INFO] Activator:177 - !SESSION log4j initialized
2025-03-12 16:58:27,352 [ERROR] LogOutputStream:75 - [STDERR_REDIRECT] 
2025-03-12 16:58:27,729 [INFO] LogOutputStream:77 - [STDOUT_REDIRECT] 
2025-03-12 16:58:29,452 [INFO] LogOutputStream:77 - [STDOUT_REDIRECT] 
2025-03-12 16:58:30,180 [INFO] ApplicationProperties:184 - Using Application install path: /Applications/STM32CubeIDE.app/Contents/Eclipse/plugins/com.st.stm32cube.common.mx_6.13.0.202411220809
2025-03-12 16:58:30,191 [INFO] DbMcusXml:78 - Set database path to: /Applications/STM32CubeIDE.app/Contents/Eclipse/plugins/com.st.stm32cube.common.mx_6.13.0.202411220809//db//mcu/
2025-03-12 16:58:30,191 [INFO] ApiDb:274 - Set plugin database path to: /Applications/STM32CubeIDE.app/Contents/Eclipse/plugins/com.st.stm32cube.common.mx_6.13.0.202411220809//db//plugins/boardmanager/
2025-03-12 16:58:30,192 [WARN] ApiDb:259 - Overriding images path with different value:  => /Applications/STM32CubeIDE.app/Contents/Eclipse/plugins/com.st.stm32cube.common.mx_6.13.0.202411220809//db//plugins/mcufinder/images/
2025-03-12 16:58:30,198 [INFO] ApiDb:250 - Set database path to: /Users/mauricewashington/.stmcufinder/plugins/mcufinder//mcu/
2025-03-12 16:58:30,199 [INFO] DbMcusAds:125 - Set database path to: /Users/mauricewashington/.stmcufinder/plugins/mcufinder//mcu/
2025-03-12 16:58:30,200 [INFO] CrossReferenceDbSqlite:203 - Set database path to: /Users/mauricewashington/.stmcufinder/plugins/mcufinder//mcu/cs/
2025-03-12 16:58:30,365 [INFO] RulesReader:64 - Compatibility file has been processed (297 Rules)
2025-03-12 16:58:30,440 [ERROR] LogOutputStream:75 - [STDERR_REDIRECT] [Fatal Error] :2:10: DOCTYPE is disallowed when the feature "http://apache.org/xml/features/disallow-doctype-decl" set to true.
2025-03-12 16:58:30,441 [ERROR] LogOutputStream:75 - [STDERR_REDIRECT] 
2025-03-12 16:58:30,442 [INFO] DbMcusXml:78 - Set database path to: /Applications/STM32CubeIDE.app/Contents/Eclipse/plugins/com.st.stm32cube.common.mx_6.13.0.202411220809//db//mcu/
2025-03-12 16:58:30,442 [INFO] ApiDb:274 - Set plugin database path to: /Applications/STM32CubeIDE.app/Contents/Eclipse/plugins/com.st.stm32cube.common.mx_6.13.0.202411220809//db//plugins/boardmanager/
2025-03-12 16:58:30,442 [INFO] ApiDb:261 - Set plugin images path to: /Applications/STM32CubeIDE.app/Contents/Eclipse/plugins/com.st.stm32cube.common.mx_6.13.0.202411220809//db//plugins/mcufinder/images/
2025-03-12 16:58:30,443 [WARN] DbFile:41 - Overriding database path with different value: /Users/mauricewashington/.stmcufinder/plugins/mcufinder/ => /Users/mauricewashington/.stmcufinder/plugins/mcufinder
2025-03-12 16:58:30,443 [INFO] ApiDb:250 - Set database path to: /Users/mauricewashington/.stmcufinder/plugins/mcufinder//mcu/
2025-03-12 16:58:30,443 [WARN] DbFile:41 - Overriding database path with different value: /Users/mauricewashington/.stmcufinder/plugins/mcufinder/ => /Users/mauricewashington/.stmcufinder/plugins/mcufinder
2025-03-12 16:58:30,443 [INFO] DbMcusAds:125 - Set database path to: /Users/mauricewashington/.stmcufinder/plugins/mcufinder//mcu/
2025-03-12 16:58:30,443 [WARN] DbFile:41 - Overriding database path with different value: /Users/mauricewashington/.stmcufinder/plugins/mcufinder/ => /Users/mauricewashington/.stmcufinder/plugins/mcufinder
2025-03-12 16:58:30,443 [WARN] DbFile:41 - Overriding database path with different value: /Users/mauricewashington/.stmcufinder/plugins/mcufinder/ => /Users/mauricewashington/.stmcufinder/plugins/mcufinder
2025-03-12 16:58:30,443 [INFO] CrossReferenceDbSqlite:203 - Set database path to: /Users/mauricewashington/.stmcufinder/plugins/mcufinder//mcu/cs/
2025-03-12 16:58:30,494 [INFO] MainPanel:272 - HeapMemory: 324009984
2025-03-12 16:58:30,901 [INFO] DbMcusXml:78 - Set database path to: /Applications/STM32CubeIDE.app/Contents/Eclipse/plugins/com.st.stm32cube.common.mx_6.13.0.202411220809//db//mcu/
2025-03-12 16:58:30,901 [INFO] ApiDb:274 - Set plugin database path to: /Applications/STM32CubeIDE.app/Contents/Eclipse/plugins/com.st.stm32cube.common.mx_6.13.0.202411220809//db//plugins/boardmanager/
2025-03-12 16:58:30,901 [INFO] ApiDb:261 - Set plugin images path to: /Applications/STM32CubeIDE.app/Contents/Eclipse/plugins/com.st.stm32cube.common.mx_6.13.0.202411220809//db//plugins/mcufinder/images/
2025-03-12 16:58:30,901 [WARN] DbFile:41 - Overriding database path with different value: /Users/mauricewashington/.stmcufinder/plugins/mcufinder/ => /Users/mauricewashington/.stmcufinder/plugins/mcufinder
2025-03-12 16:58:30,901 [INFO] ApiDb:250 - Set database path to: /Users/mauricewashington/.stmcufinder/plugins/mcufinder//mcu/
2025-03-12 16:58:30,901 [WARN] DbFile:41 - Overriding database path with different value: /Users/mauricewashington/.stmcufinder/plugins/mcufinder/ => /Users/mauricewashington/.stmcufinder/plugins/mcufinder
2025-03-12 16:58:30,901 [INFO] DbMcusAds:125 - Set database path to: /Users/mauricewashington/.stmcufinder/plugins/mcufinder//mcu/
2025-03-12 16:58:30,901 [WARN] DbFile:41 - Overriding database path with different value: /Users/mauricewashington/.stmcufinder/plugins/mcufinder/ => /Users/mauricewashington/.stmcufinder/plugins/mcufinder
2025-03-12 16:58:30,902 [WARN] DbFile:41 - Overriding database path with different value: /Users/mauricewashington/.stmcufinder/plugins/mcufinder/ => /Users/mauricewashington/.stmcufinder/plugins/mcufinder
2025-03-12 16:58:30,902 [INFO] CrossReferenceDbSqlite:203 - Set database path to: /Users/mauricewashington/.stmcufinder/plugins/mcufinder//mcu/cs/
2025-03-12 16:58:30,914 [INFO] ApplicationProperties:184 - Using Application install path: /Applications/STM32CubeIDE.app/Contents/Eclipse/plugins/com.st.stm32cube.common.mx_6.13.0.202411220809
2025-03-12 16:58:30,915 [INFO] PluginManage:196 - Search for loadable plugins [exclusion list=, ]
2025-03-12 16:58:30,916 [INFO] PluginManage:310 - Check plugin analytics
2025-03-12 16:58:31,056 [INFO] AnalyticsPlugin:253 - Accepted Software Licenses: 
2025-03-12 16:58:31,056 [INFO] AnalyticsPlugin:255 - Accepted CMSIS Pack Licenses: 
2025-03-12 16:58:31,056 [INFO] AnalyticsPlugin:257 - Accepted Firmware Licenses: 
2025-03-12 16:58:31,066 [INFO] PluginManage:359 - Loaded plugin analytics (category:tool,tabindex:-1)
2025-03-12 16:58:31,067 [INFO] PluginManage:310 - Check plugin cadmodel
2025-03-12 16:58:31,079 [INFO] CADModel:105 - Init CAD model plugin
2025-03-12 16:58:31,079 [INFO] PluginManage:359 - Loaded plugin cadmodel (category:power,tabindex:5)
2025-03-12 16:58:31,079 [INFO] PluginManage:310 - Check plugin clock
2025-03-12 16:58:31,088 [INFO] PluginManage:359 - Loaded plugin clock (category:base,tabindex:2)
2025-03-12 16:58:31,088 [INFO] PluginManage:310 - Check plugin ddr
2025-03-12 16:58:31,090 [INFO] PluginManage:359 - Loaded plugin ddr (category:tool,tabindex:6)
2025-03-12 16:58:31,090 [INFO] PluginManage:310 - Check plugin filemanager
2025-03-12 16:58:31,229 [INFO] PluginManage:359 - Loaded plugin filemanager (category:base,tabindex:10)
2025-03-12 16:58:31,230 [INFO] PluginManage:310 - Check plugin ipmanager
2025-03-12 16:58:31,237 [INFO] PluginManage:359 - Loaded plugin ipmanager (category:base,tabindex:5)
2025-03-12 16:58:31,237 [INFO] PluginManage:310 - Check plugin lpbam
2025-03-12 16:58:31,245 [INFO] PluginManage:359 - Loaded plugin lpbam (category:base,tabindex:0)
2025-03-12 16:58:31,245 [INFO] PluginManage:310 - Check plugin memorymap
2025-03-12 16:58:31,291 [INFO] PluginManage:359 - Loaded plugin memorymap (category:base,tabindex:4)
2025-03-12 16:58:31,291 [INFO] PluginManage:310 - Check plugin pinoutandconfiguration
2025-03-12 16:58:31,298 [INFO] PluginManage:359 - Loaded plugin pinoutandconfiguration (category:base,tabindex:1)
2025-03-12 16:58:31,298 [INFO] PluginManage:310 - Check plugin pinoutconfig
2025-03-12 16:58:31,409 [WARN] SupportedApi:132 - Cannot load RTOS API schema: s4s-elt-must-match.1: The content of 'definitions' must match (annotation?, (simpleType | complexType)?, (unique | key | keyref)*)). A problem was found starting at: attribute.
2025-03-12 16:58:31,519 [INFO] PluginManage:359 - Loaded plugin pinoutconfig (category:base,tabindex:0)
2025-03-12 16:58:31,519 [INFO] PluginManage:310 - Check plugin power
2025-03-12 16:58:31,529 [INFO] PluginManage:359 - Loaded plugin power (category:power,tabindex:4)
2025-03-12 16:58:31,529 [INFO] PluginManage:310 - Check plugin projectmanager
2025-03-12 16:58:31,550 [INFO] PluginManage:359 - Loaded plugin projectmanager (category:projectmanager,tabindex:4)
2025-03-12 16:58:31,551 [INFO] PluginManage:310 - Check plugin rif
2025-03-12 16:58:31,555 [INFO] PluginManage:359 - Loaded plugin rif (category:base,tabindex:3)
2025-03-12 16:58:31,555 [INFO] PluginManage:310 - Check plugin thirdparty
2025-03-12 16:58:31,680 [WARN] IntegrityCheckThread:84 - waiting for thirdparty lock release [integrity check]
2025-03-12 16:58:31,680 [INFO] PluginManage:359 - Loaded plugin thirdparty (category:base,tabindex:-1)
2025-03-12 16:58:31,680 [INFO] IntegrityCheckThread:86 - entering critical section [integrity check]
2025-03-12 16:58:31,681 [INFO] PluginManage:310 - Check plugin tools
2025-03-12 16:58:31,681 [INFO] ThirdPartyUpdaterWithRetryManager:70 - Updater plugin not ready yet. [1/15]
2025-03-12 16:58:31,685 [INFO] PluginManage:359 - Loaded plugin tools (category:base,tabindex:7)
2025-03-12 16:58:31,685 [INFO] PluginManage:310 - Check plugin tutovideos
2025-03-12 16:58:31,831 [INFO] PluginManage:359 - Loaded plugin tutovideos (category:base,tabindex:-1)
2025-03-12 16:58:31,832 [INFO] PluginManage:310 - Check plugin updater
2025-03-12 16:58:31,860 [INFO] PluginManage:359 - Loaded plugin updater (category:base,tabindex:12)
2025-03-12 16:58:31,860 [INFO] PluginManage:310 - Check plugin userauth
2025-03-12 16:58:31,865 [INFO] UserAuth:118 - Init User Auth plugin
2025-03-12 16:58:31,867 [INFO] PluginManage:359 - Loaded plugin userauth (category:base,tabindex:14)
2025-03-12 16:58:31,868 [INFO] PluginManage:283 - PluginManage : Loaded plugins [18]
2025-03-12 16:58:32,048 [INFO] PinOutPanel:1589 - setPackage(No Configuration,No Configuration)
2025-03-12 16:58:32,104 [INFO] CADModel:165 - CPN selected for project level
2025-03-12 16:58:32,104 [INFO] CADModel:114 - Register for checkConnection events
2025-03-12 16:58:32,114 [INFO] IPUIPlugin:80 - create IPUIPlugin
2025-03-12 16:58:32,114 [INFO] PluginManager:220 - loadIPPluginJar : add mdma
2025-03-12 16:58:32,119 [INFO] IPUIPlugin:80 - create IPUIPlugin
2025-03-12 16:58:32,119 [INFO] PluginManager:220 - loadIPPluginJar : add freertos
2025-03-12 16:58:32,122 [INFO] IPUIPlugin:80 - create IPUIPlugin
2025-03-12 16:58:32,122 [INFO] PluginManager:220 - loadIPPluginJar : add gic
2025-03-12 16:58:32,127 [INFO] IPUIPlugin:80 - create IPUIPlugin
2025-03-12 16:58:32,127 [INFO] PluginManager:220 - loadIPPluginJar : add adc
2025-03-12 16:58:32,128 [INFO] IPUIPlugin:80 - create IPUIPlugin
2025-03-12 16:58:32,128 [INFO] PluginManager:220 - loadIPPluginJar : add gtzc
2025-03-12 16:58:32,129 [INFO] IPUIPlugin:80 - create IPUIPlugin
2025-03-12 16:58:32,129 [INFO] PluginManager:220 - loadIPPluginJar : add quadspi
2025-03-12 16:58:32,130 [INFO] IPUIPlugin:80 - create IPUIPlugin
2025-03-12 16:58:32,131 [INFO] PluginManager:220 - loadIPPluginJar : add aes
2025-03-12 16:58:32,132 [INFO] IPUIPlugin:80 - create IPUIPlugin
2025-03-12 16:58:32,132 [INFO] PluginManager:220 - loadIPPluginJar : add pdm2pcm
2025-03-12 16:58:32,133 [INFO] IPUIPlugin:80 - create IPUIPlugin
2025-03-12 16:58:32,133 [INFO] PluginManager:220 - loadIPPluginJar : add hash
2025-03-12 16:58:32,134 [INFO] IPUIPlugin:80 - create IPUIPlugin
2025-03-12 16:58:32,134 [INFO] PluginManager:220 - loadIPPluginJar : add tim
2025-03-12 16:58:32,135 [INFO] IPUIPlugin:80 - create IPUIPlugin
2025-03-12 16:58:32,135 [INFO] PluginManager:220 - loadIPPluginJar : add tsc
2025-03-12 16:58:32,137 [INFO] IPUIPlugin:80 - create IPUIPlugin
2025-03-12 16:58:32,137 [INFO] PluginManager:220 - loadIPPluginJar : add extmemmanager
2025-03-12 16:58:32,138 [INFO] IPUIPlugin:80 - create IPUIPlugin
2025-03-12 16:58:32,138 [INFO] PluginManager:220 - loadIPPluginJar : add ts
2025-03-12 16:58:32,139 [INFO] IPUIPlugin:80 - create IPUIPlugin
2025-03-12 16:58:32,139 [INFO] PluginManager:220 - loadIPPluginJar : add radio
2025-03-12 16:58:32,140 [INFO] IPUIPlugin:80 - create IPUIPlugin
2025-03-12 16:58:32,140 [INFO] PluginManager:220 - loadIPPluginJar : add can
2025-03-12 16:58:32,141 [INFO] IPUIPlugin:80 - create IPUIPlugin
2025-03-12 16:58:32,141 [INFO] PluginManager:220 - loadIPPluginJar : add dma3
2025-03-12 16:58:32,142 [INFO] IPUIPlugin:80 - create IPUIPlugin
2025-03-12 16:58:32,142 [INFO] PluginManager:220 - loadIPPluginJar : add dfsdm
2025-03-12 16:58:32,143 [INFO] IPUIPlugin:80 - create IPUIPlugin
2025-03-12 16:58:32,144 [INFO] PluginManager:220 - loadIPPluginJar : add spi
2025-03-12 16:58:32,145 [INFO] IPUIPlugin:80 - create IPUIPlugin
2025-03-12 16:58:32,145 [INFO] PluginManager:220 - loadIPPluginJar : add gfxmmu
2025-03-12 16:58:32,146 [INFO] IPUIPlugin:80 - create IPUIPlugin
2025-03-12 16:58:32,146 [INFO] PluginManager:220 - loadIPPluginJar : add genericplugin
2025-03-12 16:58:32,147 [INFO] IPUIPlugin:80 - create IPUIPlugin
2025-03-12 16:58:32,147 [INFO] PluginManager:220 - loadIPPluginJar : add cryp
2025-03-12 16:58:32,149 [INFO] IPUIPlugin:80 - create IPUIPlugin
2025-03-12 16:58:32,149 [INFO] PluginManager:220 - loadIPPluginJar : add gpio
2025-03-12 16:58:32,150 [INFO] IPUIPlugin:80 - create IPUIPlugin
2025-03-12 16:58:32,151 [INFO] PluginManager:220 - loadIPPluginJar : add ddr_ctrl_phy
2025-03-12 16:58:32,151 [INFO] IPUIPlugin:80 - create IPUIPlugin
2025-03-12 16:58:32,152 [INFO] PluginManager:220 - loadIPPluginJar : add comp
2025-03-12 16:58:32,153 [INFO] IPUIPlugin:80 - create IPUIPlugin
2025-03-12 16:58:32,154 [INFO] PluginManager:220 - loadIPPluginJar : add tracer_emb
2025-03-12 16:58:32,155 [INFO] IPUIPlugin:80 - create IPUIPlugin
2025-03-12 16:58:32,155 [INFO] PluginManager:220 - loadIPPluginJar : add openamp
2025-03-12 16:58:32,158 [INFO] IPUIPlugin:80 - create IPUIPlugin
2025-03-12 16:58:32,158 [INFO] PluginManager:220 - loadIPPluginJar : add stm32_wpan
2025-03-12 16:58:32,160 [INFO] IPUIPlugin:80 - create IPUIPlugin
2025-03-12 16:58:32,164 [INFO] PluginManager:220 - loadIPPluginJar : add plateformsettings
2025-03-12 16:58:32,166 [INFO] IPUIPlugin:80 - create IPUIPlugin
2025-03-12 16:58:32,166 [INFO] PluginManager:220 - loadIPPluginJar : add ipddr
2025-03-12 16:58:32,168 [INFO] IPUIPlugin:80 - create IPUIPlugin
2025-03-12 16:58:32,168 [INFO] PluginManager:220 - loadIPPluginJar : add usart
2025-03-12 16:58:32,169 [INFO] IPUIPlugin:80 - create IPUIPlugin
2025-03-12 16:58:32,169 [INFO] PluginManager:220 - loadIPPluginJar : add ltdc
2025-03-12 16:58:32,170 [INFO] IPUIPlugin:80 - create IPUIPlugin
2025-03-12 16:58:32,170 [INFO] PluginManager:220 - loadIPPluginJar : add nvic
2025-03-12 16:58:32,171 [INFO] IPUIPlugin:80 - create IPUIPlugin
2025-03-12 16:58:32,171 [INFO] PluginManager:220 - loadIPPluginJar : add fatfs
2025-03-12 16:58:32,175 [INFO] IPUIPlugin:80 - create IPUIPlugin
2025-03-12 16:58:32,175 [INFO] PluginManager:220 - loadIPPluginJar : add linkedlist
2025-03-12 16:58:32,177 [INFO] IPUIPlugin:80 - create IPUIPlugin
2025-03-12 16:58:32,177 [INFO] PluginManager:220 - loadIPPluginJar : add dma
2025-03-12 16:58:32,179 [INFO] IPUIPlugin:80 - create IPUIPlugin
2025-03-12 16:58:32,179 [INFO] PluginManager:220 - loadIPPluginJar : add fmc
2025-03-12 16:58:32,180 [INFO] IPUIPlugin:80 - create IPUIPlugin
2025-03-12 16:58:32,180 [INFO] PluginManager:220 - loadIPPluginJar : add i2s
2025-03-12 16:58:32,181 [INFO] IPUIPlugin:80 - create IPUIPlugin
2025-03-12 16:58:32,181 [INFO] PluginManager:220 - loadIPPluginJar : add ucpd
2025-03-12 16:58:32,182 [INFO] IPUIPlugin:80 - create IPUIPlugin
2025-03-12 16:58:32,182 [INFO] PluginManager:220 - loadIPPluginJar : add lorawan
2025-03-12 16:58:32,183 [INFO] IPUIPlugin:80 - create IPUIPlugin
2025-03-12 16:58:32,184 [INFO] PluginManager:220 - loadIPPluginJar : add opamp
2025-03-12 16:58:32,185 [INFO] IPUIPlugin:80 - create IPUIPlugin
2025-03-12 16:58:32,185 [INFO] PluginManager:220 - loadIPPluginJar : add i3c
2025-03-12 16:58:32,187 [INFO] IPUIPlugin:80 - create IPUIPlugin
2025-03-12 16:58:32,187 [INFO] PluginManager:220 - loadIPPluginJar : add touchsensing
2025-03-12 16:58:32,188 [INFO] IPUIPlugin:80 - create IPUIPlugin
2025-03-12 16:58:32,188 [INFO] PluginManager:220 - loadIPPluginJar : add i2c
2025-03-12 16:58:32,190 [INFO] IPUIPlugin:80 - create IPUIPlugin
2025-03-12 16:58:32,190 [INFO] PluginManager:220 - loadIPPluginJar : add resmgrutility
2025-03-12 16:58:32,191 [INFO] IPUIPlugin:80 - create IPUIPlugin
2025-03-12 16:58:32,191 [INFO] PluginManager:220 - loadIPPluginJar : add sai
2025-03-12 16:58:32,192 [INFO] IPUIPlugin:80 - create IPUIPlugin
2025-03-12 16:58:32,193 [INFO] PluginManager:220 - loadIPPluginJar : add usbx
2025-03-12 16:58:32,301 [FATAL] Updater:351 - Updater called before beeing initialized
2025-03-12 16:58:32,344 [INFO] RulesReader:64 - Compatibility file has been processed (297 Rules)
2025-03-12 16:58:32,352 [INFO] RulesReader:64 - Compatibility file has been processed (297 Rules)
2025-03-12 16:58:32,364 [INFO] CADModel:165 - CPN selected for project level
2025-03-12 16:58:32,364 [INFO] CADModel:114 - Register for checkConnection events
2025-03-12 16:58:32,364 [FATAL] Updater:351 - Updater called before beeing initialized
2025-03-12 16:58:32,364 [ERROR] CADModel:125 - Updater not yet initialized, retry later 
2025-03-12 16:58:32,708 [FATAL] Updater:351 - Updater called before beeing initialized
2025-03-12 16:58:32,717 [INFO] CADModel:165 - CPN selected for project level
2025-03-12 16:58:32,718 [INFO] CADModel:114 - Register for checkConnection events
2025-03-12 16:58:32,718 [FATAL] Updater:351 - Updater called before beeing initialized
2025-03-12 16:58:32,718 [ERROR] CADModel:125 - Updater not yet initialized, retry later 
2025-03-12 16:58:32,722 [FATAL] Updater:351 - Updater called before beeing initialized
2025-03-12 16:58:32,901 [FATAL] Updater:351 - Updater called before beeing initialized
2025-03-12 16:58:32,910 [INFO] DbMcusAds:53 - JSON generation date=Tue Dec 17 08:01:15 PST 2024 (1734451275143)
2025-03-12 16:58:32,911 [FATAL] Updater:351 - Updater called before beeing initialized
2025-03-12 16:58:32,970 [WARN] DetailPanel:346 - Failed to get advertising image, set to default
2025-03-12 16:58:33,125 [FATAL] Updater:351 - Updater called before beeing initialized
2025-03-12 16:58:33,127 [FATAL] Updater:351 - Updater called before beeing initialized
2025-03-12 16:58:33,127 [FATAL] Updater:351 - Updater called before beeing initialized
2025-03-12 16:58:33,127 [WARN] DetailPanel:346 - Failed to get advertising image, set to default
2025-03-12 16:58:33,128 [FATAL] Updater:351 - Updater called before beeing initialized
2025-03-12 16:58:33,202 [ERROR] Updater:1198 - MainUpdater not yet initialized. External WinMGr cannot be set.
2025-03-12 16:58:33,275 [INFO] Updater:1134 - Updater Version found : 6.13.0
2025-03-12 16:58:33,288 [INFO] ApplicationProperties:184 - Using Application install path: /Applications/STM32CubeIDE.app/Contents/Eclipse/plugins/com.st.stm32cube.common.mx_6.13.0.202411220809
2025-03-12 16:58:33,650 [INFO] MainUpdater:2872 - connection check result : 10
2025-03-12 16:58:33,650 [INFO] MainUpdater:3566 - Updater definition file requires update
2025-03-12 16:58:33,650 [INFO] MainUpdater:289 - Updater Check For Update Now.
2025-03-12 16:58:33,651 [INFO] MicroXplorer:498 - Change Database Version : DB.6.0.130
2025-03-12 16:58:33,654 [INFO] McuFinderGlobals:63 - Set McuFinder mode to 2 (CubeIDE integrated)
2025-03-12 16:58:33,654 [INFO] UserAuth:171 - activating auth plugin
2025-03-12 16:58:33,664 [INFO] UserAuth:486 - Internet connection configuration mode: 1
2025-03-12 16:58:33,674 [INFO] JxBrowserEngine:152 - Initiate JxBrowser Engine with user profile folder
2025-03-12 16:58:33,723 [INFO] ServerAccessManage:473 - Download File updaters.zip
2025-03-12 16:58:33,823 [INFO] FileExtend:240 - Unzip File : updaters.zip
2025-03-12 16:58:33,823 [INFO] FileExtend:255 - Standard Zip Deflate
2025-03-12 16:58:34,046 [INFO] ServerAccessManage:473 - Download File PacksControlFlags.xml
2025-03-12 16:58:34,154 [INFO] ServerAccessManage:473 - Download File cubemx.pidx
2025-03-12 16:58:34,645 [INFO] ServerAccessManage:473 - Download File STMicroelectronics.FP-SNS-FLIGHT1.pdsc
2025-03-12 16:58:34,687 [WARN] MainUpdater:1193 - Updater busy. Cannot search thirdparties
2025-03-12 16:58:34,687 [INFO] ThirdPartyUpdaterWithRetryManager:96 - Updater plugin is busy. [1/15]
2025-03-12 16:58:35,917 [WARN] PackLoader:240 - Cannot read IP mode file for STMicroelectronics.FP-SNS-FLIGHT1.5.1.0
2025-03-12 16:58:35,932 [INFO] PopulateThirdPartyThread:66 - Ending populate Thread
2025-03-12 16:58:35,936 [INFO] ThirdParty:1030 - CMSIS Pack Vendor :STMicroelectronics FP-SNS-FLIGHT1 5.1.0
2025-03-12 16:58:35,936 [INFO] LoadServerUpdatesThread:375 - End of LoadServerUpdate Thread
2025-03-12 16:58:36,065 [INFO] CheckServerUpdateThread:120 - End of CheckServer Thread
2025-03-12 16:58:37,782 [WARN] PackLoader:240 - Cannot read IP mode file for STMicroelectronics.FP-SNS-MOTENVWB1.1.4.0
2025-03-12 16:58:37,791 [WARN] PackLoader:240 - Cannot read IP mode file for STMicroelectronics.FP-ATR-ASTRA1.2.0.2
2025-03-12 16:58:37,805 [WARN] PackLoader:240 - Cannot read IP mode file for STMicroelectronics.FP-ATR-ASTRA1.2.0.1
2025-03-12 16:58:37,819 [WARN] PackLoader:240 - Cannot read IP mode file for STMicroelectronics.X-CUBE-SMBUS.2.1.0
2025-03-12 16:58:37,835 [WARN] PackLoader:240 - Cannot read IP mode file for STMicroelectronics.X-CUBE-WB05N.1.1.0
2025-03-12 16:58:37,881 [WARN] PackLoader:240 - Cannot read IP mode file for STMicroelectronics.X-CUBE-AZRTOS-F7.1.1.0
2025-03-12 16:58:37,905 [WARN] PackLoader:240 - Cannot read IP mode file for STMicroelectronics.FP-SNS-FLIGHT1.5.0.2
2025-03-12 16:58:37,967 [WARN] PackLoader:240 - Cannot read IP mode file for Infineon.AIROC-Wi-Fi-Bluetooth-STM32.1.7.0
2025-03-12 16:58:38,002 [WARN] PackLoader:240 - Cannot read IP mode file for STMicroelectronics.X-CUBE-DISPLAY.3.0.0
2025-03-12 16:58:38,034 [WARN] PackLoader:240 - Cannot read IP mode file for STMicroelectronics.X-CUBE-BLE1.7.0.0
2025-03-12 16:58:38,052 [WARN] PackLoader:240 - Cannot read IP mode file for STMicroelectronics.X-CUBE-NFC10.1.0.0
2025-03-12 16:58:38,081 [WARN] PackLoader:240 - Cannot read IP mode file for STMicroelectronics.X-CUBE-BLEMGR.4.0.0
2025-03-12 16:58:38,091 [INFO] WebApp:168 - Instantiating new browser for Auth
2025-03-12 16:58:38,108 [WARN] PackLoader:240 - Cannot read IP mode file for emotas.I-CUBE-CANOPEN.1.3.0
2025-03-12 16:58:38,124 [WARN] PackLoader:240 - Cannot read IP mode file for STMicroelectronics.X-CUBE-AI.10.0.0
2025-03-12 16:58:38,151 [WARN] PackLoader:240 - Cannot read IP mode file for STMicroelectronics.FP-SNS-SMARTAG2.1.2.0
2025-03-12 16:58:38,167 [WARN] PackLoader:240 - Cannot read IP mode file for STMicroelectronics.FP-SNS-FLIGHT1.5.1.0
2025-03-12 16:58:38,242 [WARN] PackLoader:240 - Cannot read IP mode file for STMicroelectronics.X-CUBE-MEMS1.11.1.0
2025-03-12 16:58:38,343 [INFO] LogOutputStream:77 - [STDOUT_REDIRECT] 1 : Invalid condition id : UX_CORESTACK_Condition cause : null
2025-03-12 16:58:38,344 [INFO] LogOutputStream:77 - [STDOUT_REDIRECT] 1 : Invalid condition id : UX_CORESTACK_Condition cause : null
2025-03-12 16:58:38,345 [INFO] LogOutputStream:77 - [STDOUT_REDIRECT] 1 : Invalid condition id : UX_CORESTACK_Condition cause : null
2025-03-12 16:58:38,347 [INFO] LogOutputStream:77 - [STDOUT_REDIRECT] 1 : Invalid condition id : UX_CORESTACK_Condition cause : null
2025-03-12 16:58:38,347 [INFO] LogOutputStream:77 - [STDOUT_REDIRECT] 1 : Invalid condition id : UX_CORESTACK_Condition cause : null
2025-03-12 16:58:38,352 [WARN] PackLoader:240 - Cannot read IP mode file for STMicroelectronics.X-CUBE-AZRTOS-WL.2.0.0
2025-03-12 16:58:38,370 [WARN] PackLoader:240 - Cannot read IP mode file for STMicroelectronics.FP-SNS-MOTENV1.5.0.0
2025-03-12 16:58:38,377 [WARN] PackLoader:240 - Cannot read IP mode file for wolfSSL.I-CUBE-wolfMQTT.1.19.0
2025-03-12 16:58:38,383 [WARN] PackLoader:240 - Cannot read IP mode file for WES.I-CUBE-Cesium.1.3.0
2025-03-12 16:58:38,388 [WARN] PackLoader:240 - Cannot read IP mode file for STMicroelectronics.X-CUBE-BLE2.3.3.0
2025-03-12 16:58:38,395 [WARN] PackLoader:240 - Cannot read IP mode file for STMicroelectronics.X-CUBE-NFC9.1.0.0
2025-03-12 16:58:38,400 [WARN] PackLoader:240 - Cannot read IP mode file for STMicroelectronics.X-CUBE-BLE1.7.1.0
2025-03-12 16:58:38,413 [WARN] PackLoader:240 - Cannot read IP mode file for STMicroelectronics.X-CUBE-AZRTOS-G0.1.1.0
2025-03-12 16:58:38,426 [WARN] PackLoader:240 - Cannot read IP mode file for STMicroelectronics.X-CUBE-SAFEA1.1.2.2
2025-03-12 16:58:38,431 [WARN] PackLoader:240 - Cannot read IP mode file for STMicroelectronics.X-CUBE-NFC4.3.0.0
2025-03-12 16:58:38,438 [WARN] PackLoader:240 - Cannot read IP mode file for EmbeddedOffice.I-CUBE-FS-RTOS.1.0.1
2025-03-12 16:58:38,444 [WARN] PackLoader:240 - Cannot read IP mode file for STMicroelectronics.X-CUBE-TCPP.4.2.0
2025-03-12 16:58:38,449 [WARN] PackLoader:240 - Cannot read IP mode file for RealThread.X-CUBE-RT-Thread_Nano.4.1.1
2025-03-12 16:58:38,451 [WARN] PackLoader:240 - Cannot read IP mode file for STMicroelectronics.FP-ATR-SIGFOX1.3.2.0
2025-03-12 16:58:38,455 [WARN] ConditionMgr:438 - getConditionDescription Invalid condition id : Cortex-A Device cause : null
2025-03-12 16:58:38,482 [WARN] ConditionMgr:1044 - genDependencies : Invalid condition id : Cortex-A Device cause : null
2025-03-12 16:58:38,482 [WARN] ConditionMgr:1044 - genDependencies : Invalid condition id : Cortex-A Device cause : null
2025-03-12 16:58:38,483 [WARN] ConditionMgr:1044 - genDependencies : Invalid condition id : Cortex-A Device cause : null
2025-03-12 16:58:38,489 [WARN] PackLoader:240 - Cannot read IP mode file for STMicroelectronics.X-CUBE-EEPRMA1.5.1.0
2025-03-12 16:58:38,492 [WARN] PackLoader:240 - Cannot read IP mode file for wolfSSL.I-CUBE-wolfSSL.5.7.6
2025-03-12 16:58:38,500 [WARN] PackLoader:240 - Cannot read IP mode file for ITTIA_DB.I-CUBE-ITTIADB.8.9.0
2025-03-12 16:58:38,541 [WARN] PackLoader:240 - Cannot read IP mode file for SEGGER.I-CUBE-embOS.1.3.1
2025-03-12 16:58:38,573 [WARN] PackLoader:240 - Cannot read IP mode file for STMicroelectronics.X-CUBE-ALGOBUILD.1.4.0
2025-03-12 16:58:38,607 [WARN] PackLoader:240 - Cannot read IP mode file for STMicroelectronics.X-CUBE-AZRTOS-F4.1.1.0
2025-03-12 16:58:38,626 [WARN] PackLoader:240 - Cannot read IP mode file for STMicroelectronics.X-CUBE-ISPU.2.1.0
2025-03-12 16:58:38,655 [WARN] PackLoader:240 - Cannot read IP mode file for STMicroelectronics.X-CUBE-AZRTOS-L5.2.0.0
2025-03-12 16:58:38,667 [WARN] PackLoader:240 - Cannot read IP mode file for STMicroelectronics.X-CUBE-NFC6.3.1.0
2025-03-12 16:58:38,682 [WARN] PackLoader:240 - Cannot read IP mode file for STMicroelectronics.X-CUBE-DPower.1.2.0
2025-03-12 16:58:38,694 [WARN] PackLoader:240 - Cannot read IP mode file for STMicroelectronics.X-CUBE-FREERTOS.1.3.0
2025-03-12 16:58:38,699 [WARN] PackLoader:240 - Cannot read IP mode file for STMicroelectronics.X-CUBE-NFC7.1.0.1
2025-03-12 16:58:38,740 [WARN] ConditionMgr:438 - getConditionDescription Invalid condition id : LAN8742 Phy interface Condition cause : null
2025-03-12 16:58:38,742 [WARN] PackLoader:240 - Cannot read IP mode file for STMicroelectronics.X-CUBE-AZRTOS-L4.2.0.0
2025-03-12 16:58:38,746 [WARN] ConditionMgr:1044 - genDependencies : Invalid condition id : LAN8742 Phy interface Condition cause : null
2025-03-12 16:58:38,746 [WARN] ConditionMgr:1044 - genDependencies : Invalid condition id : LAN8742 Phy interface Condition cause : null
2025-03-12 16:58:38,746 [WARN] ConditionMgr:1044 - genDependencies : Invalid condition id : LAN8742 Phy interface Condition cause : null
2025-03-12 16:58:38,768 [WARN] PackLoader:240 - Cannot read IP mode file for STMicroelectronics.X-CUBE-SFXS2LP1.4.0.0
2025-03-12 16:58:38,788 [WARN] PackLoader:240 - Cannot read IP mode file for STMicroelectronics.X-CUBE-AZRTOS-H7.3.3.0
2025-03-12 16:58:38,801 [WARN] ConditionMgr:438 - getConditionDescription Invalid condition id : UX DEVICE CLASS RTOS Condition cause : null
2025-03-12 16:58:38,801 [WARN] ConditionMgr:438 - getConditionDescription Invalid condition id : UX DEVICE CLASS RTOS Condition cause : null
2025-03-12 16:58:38,803 [WARN] PackLoader:240 - Cannot read IP mode file for STMicroelectronics.X-CUBE-AZRTOS-WB.2.0.0
2025-03-12 16:58:38,804 [WARN] ConditionMgr:1044 - genDependencies : Invalid condition id : UX DEVICE CLASS RTOS Condition cause : null
2025-03-12 16:58:38,804 [WARN] ConditionMgr:1044 - genDependencies : Invalid condition id : UX DEVICE CLASS RTOS Condition cause : null
2025-03-12 16:58:38,805 [WARN] ConditionMgr:1044 - genDependencies : Invalid condition id : UX DEVICE CLASS RTOS Condition cause : null
2025-03-12 16:58:38,805 [WARN] ConditionMgr:1044 - genDependencies : Invalid condition id : UX DEVICE CLASS RTOS Condition cause : null
2025-03-12 16:58:38,805 [WARN] ConditionMgr:1044 - genDependencies : Invalid condition id : UX DEVICE CLASS RTOS Condition cause : null
2025-03-12 16:58:38,817 [WARN] PackLoader:240 - Cannot read IP mode file for STMicroelectronics.X-CUBE-GNSS1.7.0.1
2025-03-12 16:58:38,825 [WARN] PackLoader:240 - Cannot read IP mode file for STMicroelectronics.X-CUBE-TOUCHGFX.4.25.0
2025-03-12 16:58:38,833 [WARN] PackLoader:240 - Cannot read IP mode file for STMicroelectronics.FP-SNS-STBOX1.2.0.0
2025-03-12 16:58:38,844 [WARN] PackLoader:240 - Cannot read IP mode file for STMicroelectronics.X-CUBE-SUBG2.5.0.0
2025-03-12 16:58:38,856 [WARN] PackLoader:240 - Cannot read IP mode file for Cesanta.I-CUBE-Mongoose.7.13.0
2025-03-12 16:58:38,867 [WARN] PackLoader:240 - Cannot read IP mode file for STMicroelectronics.X-CUBE-AZRTOS-G4.2.0.0
2025-03-12 16:58:38,879 [WARN] PackLoader:240 - Cannot read IP mode file for STMicroelectronics.X-CUBE-IPS.3.1.0
2025-03-12 16:58:38,887 [WARN] PackLoader:240 - Cannot read IP mode file for STMicroelectronics.X-CUBE-ALS.1.0.2
2025-03-12 16:58:38,892 [WARN] PackLoader:240 - Cannot read IP mode file for STMicroelectronics.X-CUBE-TOUCHGFX.4.24.2
2025-03-12 16:58:38,895 [WARN] PackLoader:240 - Cannot read IP mode file for wolfSSL.I-CUBE-wolfTPM.3.4.0
2025-03-12 16:58:38,898 [WARN] PackLoader:240 - Cannot read IP mode file for portGmbH.I-Cube-SoM-uGOAL.1.1.0
2025-03-12 16:58:38,921 [WARN] PackLoader:240 - Cannot read IP mode file for STMicroelectronics.X-CUBE-AZRTOS-H7RS.1.0.0
2025-03-12 16:58:38,935 [WARN] PackLoader:240 - Cannot read IP mode file for STMicroelectronics.X-CUBE-TOF1.3.4.2
2025-03-12 16:58:38,943 [WARN] PackLoader:240 - Cannot read IP mode file for wolfSSL.I-CUBE-wolfSSH.1.4.17
2025-03-12 16:58:38,943 [INFO] ThirdParty:978 - Integrity check success = true
2025-03-12 16:58:38,943 [INFO] IntegrityCheckThread:100 - exiting critical section [integrity check]
2025-03-12 16:58:38,943 [INFO] IntegrityCheckThread:103 - End integrity checks thread
2025-03-12 16:58:39,424 [INFO] WebApp:449 - Apply proxy settings
2025-03-12 16:58:39,428 [INFO] WebApp:494 - Chromium authenticates against Manually configured proxy
2025-03-12 16:58:39,444 [INFO] WebApp:502 - Username used for proxy authentication: 
2025-03-12 16:58:39,492 [INFO] WebApp:880 - Register for checkConnection events
2025-03-12 16:58:39,492 [INFO] WebApp:449 - Apply proxy settings
2025-03-12 16:58:39,493 [INFO] WebApp:494 - Chromium authenticates against Manually configured proxy
2025-03-12 16:58:39,494 [INFO] WebApp:502 - Username used for proxy authentication: 
2025-03-12 16:58:39,603 [INFO] WebApp:221 - Starting web application
2025-03-12 16:58:39,603 [INFO] WebApp:579 - Web application path used /Applications/STM32CubeIDE.app/Contents/Eclipse/plugins/com.st.stm32cube.common.mx_6.13.0.202411220809/db/plugins/mcufinder/reactClient1/index.html
2025-03-12 16:58:40,065 [INFO] WebApp:187 - Connection restablished
2025-03-12 17:33:15,424 [INFO] WebApp:190 - Connection lost
2025-03-12 17:33:16,154 [INFO] WebApp:187 - Connection restablished
2025-03-12 17:50:18,910 [INFO] WebApp:190 - Connection lost
2025-03-12 17:50:19,777 [INFO] WebApp:187 - Connection restablished
2025-03-12 18:05:37,991 [INFO] WebApp:190 - Connection lost
2025-03-12 18:05:38,622 [INFO] WebApp:187 - Connection restablished
2025-03-12 18:21:51,016 [INFO] WebApp:190 - Connection lost
2025-03-12 18:21:51,513 [INFO] WebApp:187 - Connection restablished
2025-03-12 18:39:48,993 [INFO] WebApp:190 - Connection lost
2025-03-12 18:39:49,280 [INFO] WebApp:187 - Connection restablished
2025-03-12 18:51:42,319 [INFO] WebApp:190 - Connection lost
2025-03-12 18:51:42,791 [INFO] WebApp:187 - Connection restablished
2025-03-12 18:53:47,550 [INFO] WebApp:190 - Connection lost
2025-03-12 18:53:47,783 [INFO] WebApp:187 - Connection restablished
2025-03-12 19:03:48,973 [INFO] WebApp:190 - Connection lost
2025-03-12 19:03:49,208 [INFO] WebApp:187 - Connection restablished
2025-03-12 19:11:18,708 [INFO] WebApp:190 - Connection lost
2025-03-12 19:11:18,912 [INFO] WebApp:187 - Connection restablished
2025-03-12 19:17:38,189 [INFO] WebApp:190 - Connection lost
2025-03-12 19:17:38,415 [INFO] WebApp:187 - Connection restablished
2025-03-12 19:17:46,786 [INFO] WebApp:190 - Connection lost
2025-03-12 19:17:46,931 [INFO] WebApp:187 - Connection restablished
2025-03-12 19:18:27,547 [INFO] WebApp:190 - Connection lost
2025-03-12 19:18:27,785 [INFO] WebApp:187 - Connection restablished
2025-03-12 19:18:42,908 [INFO] WebApp:190 - Connection lost
2025-03-12 19:18:43,110 [INFO] WebApp:187 - Connection restablished
2025-03-12 19:19:31,953 [INFO] WebApp:190 - Connection lost
2025-03-12 19:19:32,122 [INFO] WebApp:187 - Connection restablished
2025-03-12 19:19:57,959 [INFO] WebApp:190 - Connection lost
2025-03-12 19:19:58,177 [INFO] WebApp:187 - Connection restablished
2025-03-12 19:20:07,304 [INFO] WebApp:190 - Connection lost
2025-03-12 19:20:07,564 [INFO] WebApp:187 - Connection restablished
2025-03-12 19:20:09,643 [INFO] WebApp:190 - Connection lost
2025-03-12 19:20:11,100 [INFO] WebApp:187 - Connection restablished
2025-03-12 19:22:24,800 [INFO] WebApp:190 - Connection lost
2025-03-12 19:22:25,657 [INFO] WebApp:187 - Connection restablished
2025-03-12 19:28:03,380 [INFO] WebApp:190 - Connection lost
2025-03-12 19:28:03,602 [INFO] WebApp:187 - Connection restablished
2025-03-12 19:45:19,027 [INFO] WebApp:190 - Connection lost
2025-03-12 19:45:19,312 [INFO] WebApp:187 - Connection restablished
2025-03-12 19:51:41,526 [INFO] WebApp:190 - Connection lost
2025-03-12 19:51:42,183 [INFO] WebApp:187 - Connection restablished
2025-03-12 19:58:54,999 [INFO] WebApp:190 - Connection lost
2025-03-12 19:58:55,201 [INFO] WebApp:187 - Connection restablished
2025-03-12 19:58:56,421 [INFO] WebApp:190 - Connection lost
2025-03-12 19:58:56,795 [INFO] WebApp:187 - Connection restablished
2025-03-12 20:10:51,192 [INFO] WebApp:190 - Connection lost
2025-03-12 20:10:51,344 [INFO] WebApp:187 - Connection restablished
2025-03-12 20:11:04,721 [ERROR] LogOutputStream:75 - [STDERR_REDIRECT] 
