2025-08-04 16:39:15,396 [INFO] Activator:176 - 


2025-08-04 16:39:15,401 [INFO] Activator:177 - !SESSION log4j initialized
2025-08-04 16:39:19,636 [ERROR] LogOutputStream:75 - [STDERR_REDIRECT] 
2025-08-04 16:39:20,099 [INFO] LogOutputStream:77 - [STDOUT_REDIRECT] 
2025-08-04 16:39:21,398 [INFO] LogOutputStream:77 - [STDOUT_REDIRECT] 
2025-08-04 16:39:22,336 [INFO] ApplicationProperties:184 - Using Application install path: /Applications/STM32CubeIDE.app/Contents/Eclipse/plugins/com.st.stm32cube.common.mx_6.14.1.202504091515
2025-08-04 16:39:22,348 [INFO] DbMcusXml:78 - Set database path to: /Applications/STM32CubeIDE.app/Contents/Eclipse/plugins/com.st.stm32cube.common.mx_6.14.1.202504091515//db//mcu/
2025-08-04 16:39:22,348 [INFO] ApiDb:274 - Set plugin database path to: /Applications/STM32CubeIDE.app/Contents/Eclipse/plugins/com.st.stm32cube.common.mx_6.14.1.202504091515//db//plugins/boardmanager/
2025-08-04 16:39:22,349 [WARN] ApiDb:259 - Overriding images path with different value:  => /Applications/STM32CubeIDE.app/Contents/Eclipse/plugins/com.st.stm32cube.common.mx_6.14.1.202504091515//db//plugins/mcufinder/images/
2025-08-04 16:39:22,355 [INFO] ApiDb:250 - Set database path to: /Users/mauricewashington/.stmcufinder/plugins/mcufinder//mcu/
2025-08-04 16:39:22,356 [INFO] DbMcusAds:125 - Set database path to: /Users/mauricewashington/.stmcufinder/plugins/mcufinder//mcu/
2025-08-04 16:39:22,357 [INFO] CrossReferenceDbSqlite:203 - Set database path to: /Users/mauricewashington/.stmcufinder/plugins/mcufinder//mcu/cs/
2025-08-04 16:39:22,465 [INFO] RulesReader:64 - Compatibility file has been processed (302 Rules)
2025-08-04 16:39:22,537 [INFO] DbMcusXml:78 - Set database path to: /Applications/STM32CubeIDE.app/Contents/Eclipse/plugins/com.st.stm32cube.common.mx_6.14.1.202504091515//db//mcu/
2025-08-04 16:39:22,538 [INFO] ApiDb:274 - Set plugin database path to: /Applications/STM32CubeIDE.app/Contents/Eclipse/plugins/com.st.stm32cube.common.mx_6.14.1.202504091515//db//plugins/boardmanager/
2025-08-04 16:39:22,538 [INFO] ApiDb:261 - Set plugin images path to: /Applications/STM32CubeIDE.app/Contents/Eclipse/plugins/com.st.stm32cube.common.mx_6.14.1.202504091515//db//plugins/mcufinder/images/
2025-08-04 16:39:22,539 [WARN] DbFile:41 - Overriding database path with different value: /Users/mauricewashington/.stmcufinder/plugins/mcufinder/ => /Users/mauricewashington/.stmcufinder/plugins/mcufinder
2025-08-04 16:39:22,539 [INFO] ApiDb:250 - Set database path to: /Users/mauricewashington/.stmcufinder/plugins/mcufinder//mcu/
2025-08-04 16:39:22,539 [WARN] DbFile:41 - Overriding database path with different value: /Users/mauricewashington/.stmcufinder/plugins/mcufinder/ => /Users/mauricewashington/.stmcufinder/plugins/mcufinder
2025-08-04 16:39:22,539 [INFO] DbMcusAds:125 - Set database path to: /Users/mauricewashington/.stmcufinder/plugins/mcufinder//mcu/
2025-08-04 16:39:22,539 [WARN] DbFile:41 - Overriding database path with different value: /Users/mauricewashington/.stmcufinder/plugins/mcufinder/ => /Users/mauricewashington/.stmcufinder/plugins/mcufinder
2025-08-04 16:39:22,539 [WARN] DbFile:41 - Overriding database path with different value: /Users/mauricewashington/.stmcufinder/plugins/mcufinder/ => /Users/mauricewashington/.stmcufinder/plugins/mcufinder
2025-08-04 16:39:22,539 [INFO] CrossReferenceDbSqlite:203 - Set database path to: /Users/mauricewashington/.stmcufinder/plugins/mcufinder//mcu/cs/
2025-08-04 16:39:22,599 [INFO] MainPanel:272 - HeapMemory: 268435456
2025-08-04 16:39:22,852 [INFO] DbMcusXml:78 - Set database path to: /Applications/STM32CubeIDE.app/Contents/Eclipse/plugins/com.st.stm32cube.common.mx_6.14.1.202504091515//db//mcu/
2025-08-04 16:39:22,852 [INFO] ApiDb:274 - Set plugin database path to: /Applications/STM32CubeIDE.app/Contents/Eclipse/plugins/com.st.stm32cube.common.mx_6.14.1.202504091515//db//plugins/boardmanager/
2025-08-04 16:39:22,852 [INFO] ApiDb:261 - Set plugin images path to: /Applications/STM32CubeIDE.app/Contents/Eclipse/plugins/com.st.stm32cube.common.mx_6.14.1.202504091515//db//plugins/mcufinder/images/
2025-08-04 16:39:22,852 [WARN] DbFile:41 - Overriding database path with different value: /Users/mauricewashington/.stmcufinder/plugins/mcufinder/ => /Users/mauricewashington/.stmcufinder/plugins/mcufinder
2025-08-04 16:39:22,852 [INFO] ApiDb:250 - Set database path to: /Users/mauricewashington/.stmcufinder/plugins/mcufinder//mcu/
2025-08-04 16:39:22,853 [WARN] DbFile:41 - Overriding database path with different value: /Users/mauricewashington/.stmcufinder/plugins/mcufinder/ => /Users/mauricewashington/.stmcufinder/plugins/mcufinder
2025-08-04 16:39:22,853 [INFO] DbMcusAds:125 - Set database path to: /Users/mauricewashington/.stmcufinder/plugins/mcufinder//mcu/
2025-08-04 16:39:22,853 [WARN] DbFile:41 - Overriding database path with different value: /Users/mauricewashington/.stmcufinder/plugins/mcufinder/ => /Users/mauricewashington/.stmcufinder/plugins/mcufinder
2025-08-04 16:39:22,853 [WARN] DbFile:41 - Overriding database path with different value: /Users/mauricewashington/.stmcufinder/plugins/mcufinder/ => /Users/mauricewashington/.stmcufinder/plugins/mcufinder
2025-08-04 16:39:22,853 [INFO] CrossReferenceDbSqlite:203 - Set database path to: /Users/mauricewashington/.stmcufinder/plugins/mcufinder//mcu/cs/
2025-08-04 16:39:22,867 [INFO] ApplicationProperties:184 - Using Application install path: /Applications/STM32CubeIDE.app/Contents/Eclipse/plugins/com.st.stm32cube.common.mx_6.14.1.202504091515
2025-08-04 16:39:22,868 [INFO] PluginManage:196 - Search for loadable plugins [exclusion list=, ]
2025-08-04 16:39:22,869 [INFO] PluginManage:310 - Check plugin analytics
2025-08-04 16:39:23,008 [INFO] AnalyticsPlugin:253 - Accepted Software Licenses: 
2025-08-04 16:39:23,008 [INFO] AnalyticsPlugin:255 - Accepted CMSIS Pack Licenses: 
2025-08-04 16:39:23,008 [INFO] AnalyticsPlugin:257 - Accepted Firmware Licenses: 
2025-08-04 16:39:23,019 [INFO] PluginManage:359 - Loaded plugin analytics (category:tool,tabindex:-1)
2025-08-04 16:39:23,020 [INFO] PluginManage:310 - Check plugin cadmodel
2025-08-04 16:39:23,032 [INFO] CADModel:105 - Init CAD model plugin
2025-08-04 16:39:23,032 [INFO] PluginManage:359 - Loaded plugin cadmodel (category:power,tabindex:5)
2025-08-04 16:39:23,032 [INFO] PluginManage:310 - Check plugin clock
2025-08-04 16:39:23,039 [INFO] PluginManage:359 - Loaded plugin clock (category:base,tabindex:2)
2025-08-04 16:39:23,039 [INFO] PluginManage:310 - Check plugin ddr
2025-08-04 16:39:23,040 [INFO] PluginManage:359 - Loaded plugin ddr (category:tool,tabindex:6)
2025-08-04 16:39:23,041 [INFO] PluginManage:310 - Check plugin filemanager
2025-08-04 16:39:23,156 [INFO] PluginManage:359 - Loaded plugin filemanager (category:base,tabindex:10)
2025-08-04 16:39:23,156 [INFO] PluginManage:310 - Check plugin ipmanager
2025-08-04 16:39:23,162 [INFO] PluginManage:359 - Loaded plugin ipmanager (category:base,tabindex:5)
2025-08-04 16:39:23,163 [INFO] PluginManage:310 - Check plugin lpbam
2025-08-04 16:39:23,169 [INFO] PluginManage:359 - Loaded plugin lpbam (category:base,tabindex:0)
2025-08-04 16:39:23,169 [INFO] PluginManage:310 - Check plugin memorymap
2025-08-04 16:39:23,176 [INFO] PluginManage:359 - Loaded plugin memorymap (category:base,tabindex:4)
2025-08-04 16:39:23,176 [INFO] PluginManage:310 - Check plugin pinoutandconfiguration
2025-08-04 16:39:23,180 [INFO] PluginManage:359 - Loaded plugin pinoutandconfiguration (category:base,tabindex:1)
2025-08-04 16:39:23,180 [INFO] PluginManage:310 - Check plugin pinoutconfig
2025-08-04 16:39:23,253 [WARN] SupportedApi:132 - Cannot load RTOS API schema: s4s-elt-must-match.1: The content of 'definitions' must match (annotation?, (simpleType | complexType)?, (unique | key | keyref)*)). A problem was found starting at: attribute.
2025-08-04 16:39:23,370 [INFO] PluginManage:359 - Loaded plugin pinoutconfig (category:base,tabindex:0)
2025-08-04 16:39:23,371 [INFO] PluginManage:310 - Check plugin power
2025-08-04 16:39:23,381 [INFO] PluginManage:359 - Loaded plugin power (category:power,tabindex:4)
2025-08-04 16:39:23,381 [INFO] PluginManage:310 - Check plugin projectmanager
2025-08-04 16:39:23,403 [INFO] PluginManage:359 - Loaded plugin projectmanager (category:projectmanager,tabindex:4)
2025-08-04 16:39:23,404 [INFO] PluginManage:310 - Check plugin rif
2025-08-04 16:39:23,409 [INFO] PluginManage:359 - Loaded plugin rif (category:base,tabindex:3)
2025-08-04 16:39:23,409 [INFO] PluginManage:310 - Check plugin thirdparty
2025-08-04 16:39:23,539 [INFO] PluginManage:359 - Loaded plugin thirdparty (category:base,tabindex:-1)
2025-08-04 16:39:23,539 [WARN] IntegrityCheckThread:84 - waiting for thirdparty lock release [integrity check]
2025-08-04 16:39:23,539 [INFO] PluginManage:310 - Check plugin tools
2025-08-04 16:39:23,539 [INFO] IntegrityCheckThread:86 - entering critical section [integrity check]
2025-08-04 16:39:23,540 [INFO] ThirdPartyUpdaterWithRetryManager:70 - Updater plugin not ready yet. [1/15]
2025-08-04 16:39:23,542 [INFO] PluginManage:359 - Loaded plugin tools (category:base,tabindex:7)
2025-08-04 16:39:23,543 [INFO] PluginManage:310 - Check plugin tutovideos
2025-08-04 16:39:23,661 [INFO] PluginManage:359 - Loaded plugin tutovideos (category:base,tabindex:-1)
2025-08-04 16:39:23,661 [INFO] PluginManage:310 - Check plugin updater
2025-08-04 16:39:23,682 [INFO] PluginManage:359 - Loaded plugin updater (category:base,tabindex:12)
2025-08-04 16:39:23,682 [INFO] PluginManage:310 - Check plugin userauth
2025-08-04 16:39:23,686 [INFO] UserAuth:118 - Init User Auth plugin
2025-08-04 16:39:23,686 [INFO] PluginManage:359 - Loaded plugin userauth (category:base,tabindex:14)
2025-08-04 16:39:23,687 [INFO] PluginManage:283 - PluginManage : Loaded plugins [18]
2025-08-04 16:39:23,860 [INFO] PinOutPanel:1589 - setPackage(No Configuration,No Configuration)
2025-08-04 16:39:23,921 [INFO] CADModel:165 - CPN selected for project level
2025-08-04 16:39:23,921 [INFO] CADModel:114 - Register for checkConnection events
2025-08-04 16:39:23,930 [INFO] IPUIPlugin:80 - create IPUIPlugin
2025-08-04 16:39:23,930 [INFO] PluginManager:220 - loadIPPluginJar : add mdma
2025-08-04 16:39:23,935 [INFO] IPUIPlugin:80 - create IPUIPlugin
2025-08-04 16:39:23,935 [INFO] PluginManager:220 - loadIPPluginJar : add freertos
2025-08-04 16:39:23,937 [INFO] IPUIPlugin:80 - create IPUIPlugin
2025-08-04 16:39:23,938 [INFO] PluginManager:220 - loadIPPluginJar : add gic
2025-08-04 16:39:23,944 [INFO] IPUIPlugin:80 - create IPUIPlugin
2025-08-04 16:39:23,945 [INFO] PluginManager:220 - loadIPPluginJar : add adc
2025-08-04 16:39:23,947 [INFO] IPUIPlugin:80 - create IPUIPlugin
2025-08-04 16:39:23,947 [INFO] PluginManager:220 - loadIPPluginJar : add gtzc
2025-08-04 16:39:23,948 [INFO] IPUIPlugin:80 - create IPUIPlugin
2025-08-04 16:39:23,948 [INFO] PluginManager:220 - loadIPPluginJar : add quadspi
2025-08-04 16:39:23,950 [INFO] IPUIPlugin:80 - create IPUIPlugin
2025-08-04 16:39:23,950 [INFO] PluginManager:220 - loadIPPluginJar : add aes
2025-08-04 16:39:23,951 [INFO] IPUIPlugin:80 - create IPUIPlugin
2025-08-04 16:39:23,951 [INFO] PluginManager:220 - loadIPPluginJar : add pdm2pcm
2025-08-04 16:39:23,952 [INFO] IPUIPlugin:80 - create IPUIPlugin
2025-08-04 16:39:23,952 [INFO] PluginManager:220 - loadIPPluginJar : add hash
2025-08-04 16:39:23,952 [INFO] IPUIPlugin:80 - create IPUIPlugin
2025-08-04 16:39:23,952 [INFO] PluginManager:220 - loadIPPluginJar : add tim
2025-08-04 16:39:23,953 [INFO] IPUIPlugin:80 - create IPUIPlugin
2025-08-04 16:39:23,953 [INFO] PluginManager:220 - loadIPPluginJar : add tsc
2025-08-04 16:39:23,955 [INFO] IPUIPlugin:80 - create IPUIPlugin
2025-08-04 16:39:23,956 [INFO] PluginManager:220 - loadIPPluginJar : add extmemmanager
2025-08-04 16:39:23,957 [INFO] IPUIPlugin:80 - create IPUIPlugin
2025-08-04 16:39:23,957 [INFO] PluginManager:220 - loadIPPluginJar : add ts
2025-08-04 16:39:23,958 [INFO] IPUIPlugin:80 - create IPUIPlugin
2025-08-04 16:39:23,958 [INFO] PluginManager:220 - loadIPPluginJar : add radio
2025-08-04 16:39:23,959 [INFO] IPUIPlugin:80 - create IPUIPlugin
2025-08-04 16:39:23,959 [INFO] PluginManager:220 - loadIPPluginJar : add can
2025-08-04 16:39:23,960 [INFO] IPUIPlugin:80 - create IPUIPlugin
2025-08-04 16:39:23,961 [INFO] PluginManager:220 - loadIPPluginJar : add dma3
2025-08-04 16:39:23,962 [INFO] IPUIPlugin:80 - create IPUIPlugin
2025-08-04 16:39:23,962 [INFO] PluginManager:220 - loadIPPluginJar : add dfsdm
2025-08-04 16:39:23,963 [INFO] IPUIPlugin:80 - create IPUIPlugin
2025-08-04 16:39:23,963 [INFO] PluginManager:220 - loadIPPluginJar : add spi
2025-08-04 16:39:23,964 [INFO] IPUIPlugin:80 - create IPUIPlugin
2025-08-04 16:39:23,964 [INFO] PluginManager:220 - loadIPPluginJar : add gfxmmu
2025-08-04 16:39:23,965 [INFO] IPUIPlugin:80 - create IPUIPlugin
2025-08-04 16:39:23,965 [INFO] PluginManager:220 - loadIPPluginJar : add genericplugin
2025-08-04 16:39:23,966 [INFO] IPUIPlugin:80 - create IPUIPlugin
2025-08-04 16:39:23,966 [INFO] PluginManager:220 - loadIPPluginJar : add cryp
2025-08-04 16:39:23,968 [INFO] IPUIPlugin:80 - create IPUIPlugin
2025-08-04 16:39:23,969 [INFO] PluginManager:220 - loadIPPluginJar : add gpio
2025-08-04 16:39:23,970 [INFO] IPUIPlugin:80 - create IPUIPlugin
2025-08-04 16:39:23,971 [INFO] PluginManager:220 - loadIPPluginJar : add ddr_ctrl_phy
2025-08-04 16:39:23,971 [INFO] IPUIPlugin:80 - create IPUIPlugin
2025-08-04 16:39:23,972 [INFO] PluginManager:220 - loadIPPluginJar : add comp
2025-08-04 16:39:23,973 [INFO] IPUIPlugin:80 - create IPUIPlugin
2025-08-04 16:39:23,974 [INFO] PluginManager:220 - loadIPPluginJar : add tracer_emb
2025-08-04 16:39:23,975 [INFO] IPUIPlugin:80 - create IPUIPlugin
2025-08-04 16:39:23,975 [INFO] PluginManager:220 - loadIPPluginJar : add openamp
2025-08-04 16:39:23,978 [INFO] IPUIPlugin:80 - create IPUIPlugin
2025-08-04 16:39:23,979 [INFO] PluginManager:220 - loadIPPluginJar : add stm32_wpan
2025-08-04 16:39:23,985 [INFO] IPUIPlugin:80 - create IPUIPlugin
2025-08-04 16:39:23,987 [INFO] PluginManager:220 - loadIPPluginJar : add plateformsettings
2025-08-04 16:39:23,989 [INFO] IPUIPlugin:80 - create IPUIPlugin
2025-08-04 16:39:23,989 [INFO] PluginManager:220 - loadIPPluginJar : add ipddr
2025-08-04 16:39:23,990 [INFO] IPUIPlugin:80 - create IPUIPlugin
2025-08-04 16:39:23,991 [INFO] PluginManager:220 - loadIPPluginJar : add usart
2025-08-04 16:39:23,991 [INFO] IPUIPlugin:80 - create IPUIPlugin
2025-08-04 16:39:23,991 [INFO] PluginManager:220 - loadIPPluginJar : add ltdc
2025-08-04 16:39:23,995 [INFO] IPUIPlugin:80 - create IPUIPlugin
2025-08-04 16:39:23,995 [INFO] PluginManager:220 - loadIPPluginJar : add nvic
2025-08-04 16:39:23,995 [INFO] IPUIPlugin:80 - create IPUIPlugin
2025-08-04 16:39:23,995 [INFO] PluginManager:220 - loadIPPluginJar : add fatfs
2025-08-04 16:39:24,000 [INFO] IPUIPlugin:80 - create IPUIPlugin
2025-08-04 16:39:24,000 [INFO] PluginManager:220 - loadIPPluginJar : add linkedlist
2025-08-04 16:39:24,004 [INFO] IPUIPlugin:80 - create IPUIPlugin
2025-08-04 16:39:24,004 [INFO] PluginManager:220 - loadIPPluginJar : add dma
2025-08-04 16:39:24,006 [INFO] IPUIPlugin:80 - create IPUIPlugin
2025-08-04 16:39:24,006 [INFO] PluginManager:220 - loadIPPluginJar : add fmc
2025-08-04 16:39:24,006 [INFO] IPUIPlugin:80 - create IPUIPlugin
2025-08-04 16:39:24,006 [INFO] PluginManager:220 - loadIPPluginJar : add i2s
2025-08-04 16:39:24,007 [INFO] IPUIPlugin:80 - create IPUIPlugin
2025-08-04 16:39:24,007 [INFO] PluginManager:220 - loadIPPluginJar : add ucpd
2025-08-04 16:39:24,008 [INFO] IPUIPlugin:80 - create IPUIPlugin
2025-08-04 16:39:24,008 [INFO] PluginManager:220 - loadIPPluginJar : add lorawan
2025-08-04 16:39:24,009 [INFO] IPUIPlugin:80 - create IPUIPlugin
2025-08-04 16:39:24,009 [INFO] PluginManager:220 - loadIPPluginJar : add opamp
2025-08-04 16:39:24,011 [INFO] IPUIPlugin:80 - create IPUIPlugin
2025-08-04 16:39:24,011 [INFO] PluginManager:220 - loadIPPluginJar : add i3c
2025-08-04 16:39:24,012 [INFO] IPUIPlugin:80 - create IPUIPlugin
2025-08-04 16:39:24,012 [INFO] PluginManager:220 - loadIPPluginJar : add touchsensing
2025-08-04 16:39:24,013 [INFO] IPUIPlugin:80 - create IPUIPlugin
2025-08-04 16:39:24,014 [INFO] PluginManager:220 - loadIPPluginJar : add i2c
2025-08-04 16:39:24,015 [INFO] IPUIPlugin:80 - create IPUIPlugin
2025-08-04 16:39:24,015 [INFO] PluginManager:220 - loadIPPluginJar : add resmgrutility
2025-08-04 16:39:24,016 [INFO] IPUIPlugin:80 - create IPUIPlugin
2025-08-04 16:39:24,016 [INFO] PluginManager:220 - loadIPPluginJar : add sai
2025-08-04 16:39:24,018 [INFO] IPUIPlugin:80 - create IPUIPlugin
2025-08-04 16:39:24,018 [INFO] PluginManager:220 - loadIPPluginJar : add usbx
2025-08-04 16:39:24,123 [FATAL] Updater:351 - Updater called before beeing initialized
2025-08-04 16:39:24,159 [INFO] RulesReader:64 - Compatibility file has been processed (302 Rules)
2025-08-04 16:39:24,180 [INFO] RulesReader:64 - Compatibility file has been processed (302 Rules)
2025-08-04 16:39:24,189 [INFO] CADModel:165 - CPN selected for project level
2025-08-04 16:39:24,189 [INFO] CADModel:114 - Register for checkConnection events
2025-08-04 16:39:24,189 [FATAL] Updater:351 - Updater called before beeing initialized
2025-08-04 16:39:24,189 [ERROR] CADModel:125 - Updater not yet initialized, retry later 
2025-08-04 16:39:24,388 [FATAL] Updater:351 - Updater called before beeing initialized
2025-08-04 16:39:24,390 [INFO] CADModel:165 - CPN selected for project level
2025-08-04 16:39:24,390 [INFO] CADModel:114 - Register for checkConnection events
2025-08-04 16:39:24,390 [FATAL] Updater:351 - Updater called before beeing initialized
2025-08-04 16:39:24,390 [ERROR] CADModel:125 - Updater not yet initialized, retry later 
2025-08-04 16:39:24,393 [FATAL] Updater:351 - Updater called before beeing initialized
2025-08-04 16:39:24,529 [FATAL] Updater:351 - Updater called before beeing initialized
2025-08-04 16:39:24,536 [INFO] DbMcusAds:53 - JSON generation date=Wed May 07 02:07:55 PDT 2025 (1746608875484)
2025-08-04 16:39:24,536 [FATAL] Updater:351 - Updater called before beeing initialized
2025-08-04 16:39:24,596 [WARN] DetailPanel:346 - Failed to get advertising image, set to default
2025-08-04 16:39:24,780 [FATAL] Updater:351 - Updater called before beeing initialized
2025-08-04 16:39:24,784 [FATAL] Updater:351 - Updater called before beeing initialized
2025-08-04 16:39:24,784 [FATAL] Updater:351 - Updater called before beeing initialized
2025-08-04 16:39:24,785 [WARN] DetailPanel:346 - Failed to get advertising image, set to default
2025-08-04 16:39:24,791 [FATAL] Updater:351 - Updater called before beeing initialized
2025-08-04 16:39:24,846 [ERROR] Updater:1198 - MainUpdater not yet initialized. External WinMGr cannot be set.
2025-08-04 16:39:24,876 [INFO] Updater:1134 - Updater Version found : 6.14.1
2025-08-04 16:39:24,889 [INFO] ApplicationProperties:184 - Using Application install path: /Applications/STM32CubeIDE.app/Contents/Eclipse/plugins/com.st.stm32cube.common.mx_6.14.1.202504091515
2025-08-04 16:39:25,227 [INFO] MainUpdater:2872 - connection check result : 10
2025-08-04 16:39:25,227 [INFO] MainUpdater:3566 - Updater definition file requires update
2025-08-04 16:39:25,228 [INFO] MainUpdater:289 - Updater Check For Update Now.
2025-08-04 16:39:25,228 [INFO] MicroXplorer:498 - Change Database Version : DB.6.0.141
2025-08-04 16:39:25,233 [INFO] McuFinderGlobals:63 - Set McuFinder mode to 2 (CubeIDE integrated)
2025-08-04 16:39:25,234 [INFO] UserAuth:484 - Internet connection configuration mode: 1
2025-08-04 16:39:25,245 [INFO] JxBrowserEngine:152 - Initiate JxBrowser Engine with user profile folder
2025-08-04 16:39:25,354 [INFO] ServerAccessManage:473 - Download File updaters.zip
2025-08-04 16:39:25,457 [INFO] FileExtend:242 - Unzip File : updaters.zip
2025-08-04 16:39:25,458 [INFO] FileExtend:257 - Standard Zip Deflate
2025-08-04 16:39:25,826 [INFO] ServerAccessManage:473 - Download File PacksControlFlags.xml
2025-08-04 16:39:25,951 [INFO] ServerAccessManage:473 - Download File cubemx.pidx
2025-08-04 16:39:26,396 [INFO] ServerAccessManage:473 - Download File STMicroelectronics.FP-SNS-STBOX1.pdsc
2025-08-04 16:39:26,547 [WARN] MainUpdater:1193 - Updater busy. Cannot search thirdparties
2025-08-04 16:39:26,548 [INFO] ThirdPartyUpdaterWithRetryManager:96 - Updater plugin is busy. [1/15]
2025-08-04 16:39:26,762 [INFO] ServerAccessManage:473 - Download File STMicroelectronics.X-CUBE-AI.pdsc
2025-08-04 16:39:29,066 [WARN] PopulateThirdPartyThread:106 - Error when creating pack: /Users/mauricewashington/.stm32cubemx/thirdparties/pdsc/STMicroelectronics.FP-SNS-STBOX1.pdsc
2025-08-04 16:39:29,105 [WARN] PackLoader:240 - Cannot read IP mode file for STMicroelectronics.X-CUBE-AI.10.2.0
2025-08-04 16:39:29,119 [INFO] PopulateThirdPartyThread:66 - Ending populate Thread
2025-08-04 16:39:29,124 [INFO] ThirdParty:1030 - CMSIS Pack Vendor :STMicroelectronics X-CUBE-AI 10.2.0
2025-08-04 16:39:29,124 [INFO] LoadServerUpdatesThread:375 - End of LoadServerUpdate Thread
2025-08-04 16:39:29,243 [INFO] CheckServerUpdateThread:120 - End of CheckServer Thread
2025-08-04 16:39:29,775 [WARN] PackLoader:240 - Cannot read IP mode file for STMicroelectronics.FP-SNS-MOTENVWB1.1.4.0
2025-08-04 16:39:29,786 [WARN] PackLoader:240 - Cannot read IP mode file for STMicroelectronics.FP-ATR-ASTRA1.2.0.2
2025-08-04 16:39:29,805 [WARN] PackLoader:240 - Cannot read IP mode file for STMicroelectronics.FP-ATR-ASTRA1.2.0.1
2025-08-04 16:39:29,821 [WARN] PackLoader:240 - Cannot read IP mode file for STMicroelectronics.X-CUBE-SMBUS.2.1.0
2025-08-04 16:39:29,827 [INFO] WebApp:169 - Instantiating new browser for Auth
2025-08-04 16:39:29,836 [WARN] PackLoader:240 - Cannot read IP mode file for STMicroelectronics.X-CUBE-WB05N.1.1.0
2025-08-04 16:39:29,853 [WARN] PackLoader:240 - Cannot read IP mode file for STMicroelectronics.X-CUBE-ST60.1.0.0
2025-08-04 16:39:29,911 [WARN] PackLoader:240 - Cannot read IP mode file for STMicroelectronics.X-CUBE-AZRTOS-F7.1.1.0
2025-08-04 16:39:29,942 [WARN] PackLoader:240 - Cannot read IP mode file for STMicroelectronics.FP-SNS-FLIGHT1.5.0.2
2025-08-04 16:39:29,989 [WARN] PackLoader:240 - Cannot read IP mode file for Infineon.AIROC-Wi-Fi-Bluetooth-STM32.1.7.0
2025-08-04 16:39:30,047 [WARN] PackLoader:240 - Cannot read IP mode file for STMicroelectronics.X-CUBE-AZRTOS-H7.3.4.0
2025-08-04 16:39:30,076 [WARN] PackLoader:240 - Cannot read IP mode file for STMicroelectronics.X-CUBE-DISPLAY.3.0.0
2025-08-04 16:39:30,097 [WARN] PackLoader:240 - Cannot read IP mode file for STMicroelectronics.X-CUBE-BLE1.7.0.0
2025-08-04 16:39:30,110 [WARN] PackLoader:240 - Cannot read IP mode file for STMicroelectronics.X-CUBE-NFC10.1.0.0
2025-08-04 16:39:30,130 [WARN] PackLoader:240 - Cannot read IP mode file for STMicroelectronics.X-CUBE-BLEMGR.4.0.0
2025-08-04 16:39:30,144 [WARN] PackLoader:240 - Cannot read IP mode file for emotas.I-CUBE-CANOPEN.1.3.0
2025-08-04 16:39:30,149 [WARN] PackLoader:240 - Cannot read IP mode file for STMicroelectronics.X-CUBE-AI.10.0.0
2025-08-04 16:39:30,153 [ERROR] Engine:466 - /Users/mauricewashington/.stm32cubemx/thirdparties/pdsc/STMicroelectronics.FP-SNS-STBOX1.2.1.0.pdsc: PDSC version is not supported
2025-08-04 16:39:30,159 [WARN] PackLoader:240 - Cannot read IP mode file for STMicroelectronics.FP-SNS-SMARTAG2.1.2.0
2025-08-04 16:39:30,162 [WARN] PackLoader:240 - Cannot read IP mode file for STMicroelectronics.FP-SNS-FLIGHT1.5.1.0
2025-08-04 16:39:30,229 [WARN] PackLoader:240 - Cannot read IP mode file for STMicroelectronics.X-CUBE-MEMS1.11.1.0
2025-08-04 16:39:30,327 [INFO] LogOutputStream:77 - [STDOUT_REDIRECT] 1 : Invalid condition id : UX_CORESTACK_Condition cause : null
2025-08-04 16:39:30,328 [INFO] LogOutputStream:77 - [STDOUT_REDIRECT] 1 : Invalid condition id : UX_CORESTACK_Condition cause : null
2025-08-04 16:39:30,329 [INFO] LogOutputStream:77 - [STDOUT_REDIRECT] 1 : Invalid condition id : UX_CORESTACK_Condition cause : null
2025-08-04 16:39:30,330 [INFO] LogOutputStream:77 - [STDOUT_REDIRECT] 1 : Invalid condition id : UX_CORESTACK_Condition cause : null
2025-08-04 16:39:30,331 [INFO] LogOutputStream:77 - [STDOUT_REDIRECT] 1 : Invalid condition id : UX_CORESTACK_Condition cause : null
2025-08-04 16:39:30,336 [WARN] PackLoader:240 - Cannot read IP mode file for STMicroelectronics.X-CUBE-AZRTOS-WL.2.0.0
2025-08-04 16:39:30,362 [WARN] PackLoader:240 - Cannot read IP mode file for STMicroelectronics.FP-SNS-MOTENV1.5.0.0
2025-08-04 16:39:30,370 [WARN] PackLoader:240 - Cannot read IP mode file for wolfSSL.I-CUBE-wolfMQTT.1.19.0
2025-08-04 16:39:30,375 [WARN] PackLoader:240 - Cannot read IP mode file for WES.I-CUBE-Cesium.1.3.0
2025-08-04 16:39:30,382 [WARN] PackLoader:240 - Cannot read IP mode file for STMicroelectronics.X-CUBE-BLE2.3.3.0
2025-08-04 16:39:30,394 [WARN] PackLoader:240 - Cannot read IP mode file for STMicroelectronics.X-CUBE-NFC9.1.0.0
2025-08-04 16:39:30,401 [WARN] PackLoader:240 - Cannot read IP mode file for STMicroelectronics.X-CUBE-BLE1.7.1.0
2025-08-04 16:39:30,407 [WARN] PackLoader:240 - Cannot read IP mode file for STMicroelectronics.X-CUBE-EEPRMA1.5.2.0
2025-08-04 16:39:30,410 [WARN] PackLoader:240 - Cannot read IP mode file for STMicroelectronics.X-CUBE-AI.10.1.0
2025-08-04 16:39:30,465 [WARN] PackLoader:240 - Cannot read IP mode file for STMicroelectronics.X-CUBE-MEMS1.11.2.0
2025-08-04 16:39:30,551 [WARN] PackLoader:240 - Cannot read IP mode file for STMicroelectronics.X-CUBE-AZRTOS-G0.1.1.0
2025-08-04 16:39:30,562 [WARN] PackLoader:240 - Cannot read IP mode file for STMicroelectronics.X-CUBE-SAFEA1.1.2.2
2025-08-04 16:39:30,568 [WARN] PackLoader:240 - Cannot read IP mode file for STMicroelectronics.X-CUBE-NFC4.3.0.0
2025-08-04 16:39:30,578 [WARN] PackLoader:240 - Cannot read IP mode file for EmbeddedOffice.I-CUBE-FS-RTOS.1.0.1
2025-08-04 16:39:30,585 [WARN] PackLoader:240 - Cannot read IP mode file for STMicroelectronics.X-CUBE-WB05N.2.0.0
2025-08-04 16:39:30,595 [WARN] PackLoader:240 - Cannot read IP mode file for STMicroelectronics.X-CUBE-TCPP.4.2.0
2025-08-04 16:39:30,606 [WARN] PackLoader:240 - Cannot read IP mode file for RealThread.X-CUBE-RT-Thread_Nano.4.1.1
2025-08-04 16:39:30,611 [WARN] PackLoader:240 - Cannot read IP mode file for STMicroelectronics.FP-ATR-SIGFOX1.3.2.0
2025-08-04 16:39:30,614 [WARN] ConditionMgr:438 - getConditionDescription Invalid condition id : Cortex-A Device cause : null
2025-08-04 16:39:30,637 [WARN] ConditionMgr:1044 - genDependencies : Invalid condition id : Cortex-A Device cause : null
2025-08-04 16:39:30,637 [WARN] ConditionMgr:1044 - genDependencies : Invalid condition id : Cortex-A Device cause : null
2025-08-04 16:39:30,637 [WARN] ConditionMgr:1044 - genDependencies : Invalid condition id : Cortex-A Device cause : null
2025-08-04 16:39:30,645 [WARN] PackLoader:240 - Cannot read IP mode file for STMicroelectronics.X-CUBE-EEPRMA1.5.1.0
2025-08-04 16:39:30,650 [WARN] PackLoader:240 - Cannot read IP mode file for wolfSSL.I-CUBE-wolfSSL.5.7.6
2025-08-04 16:39:30,657 [WARN] PackLoader:240 - Cannot read IP mode file for ITTIA_DB.I-CUBE-ITTIADB.8.9.0
2025-08-04 16:39:30,663 [WARN] PackLoader:240 - Cannot read IP mode file for STMicroelectronics.X-CUBE-ST67W61.1.0.0
2025-08-04 16:39:30,667 [WARN] PackLoader:240 - Cannot read IP mode file for STMicroelectronics.X-CUBE-AI.10.2.0
2025-08-04 16:39:30,698 [WARN] PackLoader:240 - Cannot read IP mode file for SEGGER.I-CUBE-embOS.1.3.1
2025-08-04 16:39:30,734 [WARN] PackLoader:240 - Cannot read IP mode file for STMicroelectronics.X-CUBE-ALGOBUILD.1.4.0
2025-08-04 16:39:30,790 [WARN] PackLoader:240 - Cannot read IP mode file for STMicroelectronics.X-CUBE-MEMS1.11.3.0
2025-08-04 16:39:30,864 [WARN] PackLoader:240 - Cannot read IP mode file for STMicroelectronics.X-CUBE-PM33A1.1.0.0
2025-08-04 16:39:30,898 [WARN] PackLoader:240 - Cannot read IP mode file for STMicroelectronics.X-CUBE-AZRTOS-F4.1.1.0
2025-08-04 16:39:30,921 [WARN] PackLoader:240 - Cannot read IP mode file for Avnet-IotConnect.X-CUBE-IoTC-DA16k-PMOD.1.0.0
2025-08-04 16:39:30,938 [WARN] PackLoader:240 - Cannot read IP mode file for STMicroelectronics.X-CUBE-ISPU.2.1.0
2025-08-04 16:39:30,963 [WARN] PackLoader:240 - Cannot read IP mode file for STMicroelectronics.X-CUBE-NFC12.1.0.0
2025-08-04 16:39:30,993 [WARN] PackLoader:240 - Cannot read IP mode file for STMicroelectronics.X-CUBE-AZRTOS-L5.2.0.0
2025-08-04 16:39:31,020 [WARN] PackLoader:240 - Cannot read IP mode file for STMicroelectronics.X-CUBE-NFC6.3.1.0
2025-08-04 16:39:31,034 [WARN] PackLoader:240 - Cannot read IP mode file for STMicroelectronics.X-CUBE-DPower.1.2.0
2025-08-04 16:39:31,045 [WARN] PackLoader:240 - Cannot read IP mode file for STMicroelectronics.X-CUBE-FREERTOS.1.3.1
2025-08-04 16:39:31,052 [WARN] PackLoader:240 - Cannot read IP mode file for STMicroelectronics.X-CUBE-FREERTOS.1.3.0
2025-08-04 16:39:31,061 [WARN] PackLoader:240 - Cannot read IP mode file for STMicroelectronics.X-CUBE-NFC7.1.0.1
2025-08-04 16:39:31,069 [WARN] PackLoader:240 - Cannot read IP mode file for STMicroelectronics.FP-SNS-STAIOTCFT.1.0.0
2025-08-04 16:39:31,077 [WARN] PackLoader:240 - Cannot read IP mode file for STMicroelectronics.X-CUBE-DPower.1.3.0
2025-08-04 16:39:31,098 [WARN] ConditionMgr:438 - getConditionDescription Invalid condition id : LAN8742 Phy interface Condition cause : null
2025-08-04 16:39:31,101 [WARN] PackLoader:240 - Cannot read IP mode file for STMicroelectronics.X-CUBE-AZRTOS-L4.2.0.0
2025-08-04 16:39:31,105 [WARN] ConditionMgr:1044 - genDependencies : Invalid condition id : LAN8742 Phy interface Condition cause : null
2025-08-04 16:39:31,108 [WARN] ConditionMgr:1044 - genDependencies : Invalid condition id : LAN8742 Phy interface Condition cause : null
2025-08-04 16:39:31,109 [WARN] ConditionMgr:1044 - genDependencies : Invalid condition id : LAN8742 Phy interface Condition cause : null
2025-08-04 16:39:31,121 [WARN] PackLoader:240 - Cannot read IP mode file for STMicroelectronics.X-CUBE-SFXS2LP1.4.0.0
2025-08-04 16:39:31,144 [WARN] PackLoader:240 - Cannot read IP mode file for STMicroelectronics.X-CUBE-AZRTOS-H7.3.3.0
2025-08-04 16:39:31,164 [WARN] PackLoader:240 - Cannot read IP mode file for STMicroelectronics.X-CUBE-BLEMGR.4.1.0
2025-08-04 16:39:31,185 [WARN] ConditionMgr:438 - getConditionDescription Invalid condition id : UX DEVICE CLASS RTOS Condition cause : null
2025-08-04 16:39:31,185 [WARN] ConditionMgr:438 - getConditionDescription Invalid condition id : UX DEVICE CLASS RTOS Condition cause : null
2025-08-04 16:39:31,297 [INFO] WebApp:463 - Apply proxy settings
2025-08-04 16:39:31,297 [WARN] PackLoader:240 - Cannot read IP mode file for STMicroelectronics.X-CUBE-AZRTOS-WB.2.0.0
2025-08-04 16:39:31,317 [WARN] ConditionMgr:1044 - genDependencies : Invalid condition id : UX DEVICE CLASS RTOS Condition cause : null
2025-08-04 16:39:31,319 [WARN] ConditionMgr:1044 - genDependencies : Invalid condition id : UX DEVICE CLASS RTOS Condition cause : null
2025-08-04 16:39:31,320 [WARN] ConditionMgr:1044 - genDependencies : Invalid condition id : UX DEVICE CLASS RTOS Condition cause : null
2025-08-04 16:39:31,321 [WARN] ConditionMgr:1044 - genDependencies : Invalid condition id : UX DEVICE CLASS RTOS Condition cause : null
2025-08-04 16:39:31,321 [WARN] ConditionMgr:1044 - genDependencies : Invalid condition id : UX DEVICE CLASS RTOS Condition cause : null
2025-08-04 16:39:31,495 [INFO] WebApp:508 - Chromium authenticates against Manually configured proxy
2025-08-04 16:39:31,522 [WARN] PackLoader:240 - Cannot read IP mode file for STMicroelectronics.X-CUBE-GNSS1.7.0.1
2025-08-04 16:39:31,561 [WARN] PackLoader:240 - Cannot read IP mode file for STMicroelectronics.X-CUBE-TOUCHGFX.4.25.0
2025-08-04 16:39:31,573 [WARN] PackLoader:240 - Cannot read IP mode file for STMicroelectronics.FP-SNS-STBOX1.2.0.0
2025-08-04 16:39:31,575 [INFO] WebApp:516 - Username used for proxy authentication: 
2025-08-04 16:39:31,588 [WARN] PackLoader:240 - Cannot read IP mode file for STMicroelectronics.X-CUBE-SUBG2.5.0.0
2025-08-04 16:39:31,623 [WARN] PackLoader:240 - Cannot read IP mode file for STMicroelectronics.X-CUBE-AZRTOS-H7RS.1.1.0
2025-08-04 16:39:31,633 [WARN] PackLoader:240 - Cannot read IP mode file for Cesanta.I-CUBE-Mongoose.7.13.0
2025-08-04 16:39:31,634 [INFO] WebApp:894 - Register for checkConnection events
2025-08-04 16:39:31,634 [INFO] WebApp:463 - Apply proxy settings
2025-08-04 16:39:31,639 [INFO] WebApp:508 - Chromium authenticates against Manually configured proxy
2025-08-04 16:39:31,639 [INFO] WebApp:516 - Username used for proxy authentication: 
2025-08-04 16:39:31,652 [WARN] PackLoader:240 - Cannot read IP mode file for STMicroelectronics.X-CUBE-AZRTOS-G4.2.0.0
2025-08-04 16:39:31,660 [WARN] PackLoader:240 - Cannot read IP mode file for STMicroelectronics.X-CUBE-NFC7.2.0.0
2025-08-04 16:39:31,669 [WARN] PackLoader:240 - Cannot read IP mode file for STMicroelectronics.X-CUBE-IPS.3.1.0
2025-08-04 16:39:31,676 [WARN] PackLoader:240 - Cannot read IP mode file for STMicroelectronics.X-CUBE-ALS.1.0.2
2025-08-04 16:39:31,679 [WARN] PackLoader:240 - Cannot read IP mode file for STMicroelectronics.X-CUBE-TOUCHGFX.4.24.2
2025-08-04 16:39:31,681 [WARN] PackLoader:240 - Cannot read IP mode file for wolfSSL.I-CUBE-wolfTPM.3.4.0
2025-08-04 16:39:31,685 [WARN] PackLoader:240 - Cannot read IP mode file for portGmbH.I-Cube-SoM-uGOAL.1.1.0
2025-08-04 16:39:31,703 [WARN] PackLoader:240 - Cannot read IP mode file for STMicroelectronics.X-CUBE-AZRTOS-H7RS.1.0.0
2025-08-04 16:39:31,717 [WARN] PackLoader:240 - Cannot read IP mode file for STMicroelectronics.X-CUBE-TOF1.3.4.2
2025-08-04 16:39:31,732 [WARN] PackLoader:240 - Cannot read IP mode file for STMicroelectronics.X-CUBE-TOF1.3.4.3
2025-08-04 16:39:31,740 [WARN] PackLoader:240 - Cannot read IP mode file for wolfSSL.I-CUBE-wolfSSH.1.4.17
2025-08-04 16:39:31,741 [INFO] ThirdParty:978 - Integrity check success = true
2025-08-04 16:39:31,741 [INFO] IntegrityCheckThread:100 - exiting critical section [integrity check]
2025-08-04 16:39:31,741 [INFO] IntegrityCheckThread:103 - End integrity checks thread
2025-08-04 16:39:31,806 [INFO] WebApp:225 - Starting web application
2025-08-04 16:39:31,807 [INFO] WebApp:593 - Web application path used /Applications/STM32CubeIDE.app/Contents/Eclipse/plugins/com.st.stm32cube.common.mx_6.14.1.202504091515/db/plugins/mcufinder/reactClient1/index.html
2025-08-04 16:39:32,344 [INFO] UserAuth:484 - Internet connection configuration mode: 1
2025-08-04 16:39:32,757 [INFO] WebApp:191 - Connection restablished
2025-08-04 17:55:18,099 [ERROR] LogOutputStream:75 - [STDERR_REDIRECT] 
