2025-07-08 11:06:11,045 [INFO] Activator:176 - 


2025-07-08 11:06:11,050 [INFO] Activator:177 - !SESSION log4j initialized
2025-07-08 11:06:14,995 [ERROR] LogOutputStream:75 - [STDERR_REDIRECT] 
2025-07-08 11:06:15,260 [INFO] LogOutputStream:77 - [STDOUT_REDIRECT] 
2025-07-08 11:06:16,712 [INFO] LogOutputStream:77 - [STDOUT_REDIRECT] 
2025-07-08 11:06:17,284 [INFO] ApplicationProperties:184 - Using Application install path: /Applications/STM32CubeIDE.app/Contents/Eclipse/plugins/com.st.stm32cube.common.mx_6.14.1.202504091515
2025-07-08 11:06:17,294 [INFO] DbMcusXml:78 - Set database path to: /Applications/STM32CubeIDE.app/Contents/Eclipse/plugins/com.st.stm32cube.common.mx_6.14.1.202504091515//db//mcu/
2025-07-08 11:06:17,295 [INFO] ApiDb:274 - Set plugin database path to: /Applications/STM32CubeIDE.app/Contents/Eclipse/plugins/com.st.stm32cube.common.mx_6.14.1.202504091515//db//plugins/boardmanager/
2025-07-08 11:06:17,295 [WARN] ApiDb:259 - Overriding images path with different value:  => /Applications/STM32CubeIDE.app/Contents/Eclipse/plugins/com.st.stm32cube.common.mx_6.14.1.202504091515//db//plugins/mcufinder/images/
2025-07-08 11:06:17,302 [INFO] ApiDb:250 - Set database path to: /Users/mauricewashington/.stmcufinder/plugins/mcufinder//mcu/
2025-07-08 11:06:17,302 [INFO] DbMcusAds:125 - Set database path to: /Users/mauricewashington/.stmcufinder/plugins/mcufinder//mcu/
2025-07-08 11:06:17,304 [INFO] CrossReferenceDbSqlite:203 - Set database path to: /Users/mauricewashington/.stmcufinder/plugins/mcufinder//mcu/cs/
2025-07-08 11:06:17,398 [INFO] RulesReader:64 - Compatibility file has been processed (302 Rules)
2025-07-08 11:06:17,458 [INFO] DbMcusXml:78 - Set database path to: /Applications/STM32CubeIDE.app/Contents/Eclipse/plugins/com.st.stm32cube.common.mx_6.14.1.202504091515//db//mcu/
2025-07-08 11:06:17,458 [INFO] ApiDb:274 - Set plugin database path to: /Applications/STM32CubeIDE.app/Contents/Eclipse/plugins/com.st.stm32cube.common.mx_6.14.1.202504091515//db//plugins/boardmanager/
2025-07-08 11:06:17,458 [INFO] ApiDb:261 - Set plugin images path to: /Applications/STM32CubeIDE.app/Contents/Eclipse/plugins/com.st.stm32cube.common.mx_6.14.1.202504091515//db//plugins/mcufinder/images/
2025-07-08 11:06:17,459 [WARN] DbFile:41 - Overriding database path with different value: /Users/mauricewashington/.stmcufinder/plugins/mcufinder/ => /Users/mauricewashington/.stmcufinder/plugins/mcufinder
2025-07-08 11:06:17,459 [INFO] ApiDb:250 - Set database path to: /Users/mauricewashington/.stmcufinder/plugins/mcufinder//mcu/
2025-07-08 11:06:17,459 [WARN] DbFile:41 - Overriding database path with different value: /Users/mauricewashington/.stmcufinder/plugins/mcufinder/ => /Users/mauricewashington/.stmcufinder/plugins/mcufinder
2025-07-08 11:06:17,459 [INFO] DbMcusAds:125 - Set database path to: /Users/mauricewashington/.stmcufinder/plugins/mcufinder//mcu/
2025-07-08 11:06:17,459 [WARN] DbFile:41 - Overriding database path with different value: /Users/mauricewashington/.stmcufinder/plugins/mcufinder/ => /Users/mauricewashington/.stmcufinder/plugins/mcufinder
2025-07-08 11:06:17,459 [WARN] DbFile:41 - Overriding database path with different value: /Users/mauricewashington/.stmcufinder/plugins/mcufinder/ => /Users/mauricewashington/.stmcufinder/plugins/mcufinder
2025-07-08 11:06:17,459 [INFO] CrossReferenceDbSqlite:203 - Set database path to: /Users/mauricewashington/.stmcufinder/plugins/mcufinder//mcu/cs/
2025-07-08 11:06:17,512 [INFO] MainPanel:272 - HeapMemory: 268435456
2025-07-08 11:06:17,758 [INFO] DbMcusXml:78 - Set database path to: /Applications/STM32CubeIDE.app/Contents/Eclipse/plugins/com.st.stm32cube.common.mx_6.14.1.202504091515//db//mcu/
2025-07-08 11:06:17,758 [INFO] ApiDb:274 - Set plugin database path to: /Applications/STM32CubeIDE.app/Contents/Eclipse/plugins/com.st.stm32cube.common.mx_6.14.1.202504091515//db//plugins/boardmanager/
2025-07-08 11:06:17,758 [INFO] ApiDb:261 - Set plugin images path to: /Applications/STM32CubeIDE.app/Contents/Eclipse/plugins/com.st.stm32cube.common.mx_6.14.1.202504091515//db//plugins/mcufinder/images/
2025-07-08 11:06:17,758 [WARN] DbFile:41 - Overriding database path with different value: /Users/mauricewashington/.stmcufinder/plugins/mcufinder/ => /Users/mauricewashington/.stmcufinder/plugins/mcufinder
2025-07-08 11:06:17,759 [INFO] ApiDb:250 - Set database path to: /Users/mauricewashington/.stmcufinder/plugins/mcufinder//mcu/
2025-07-08 11:06:17,759 [WARN] DbFile:41 - Overriding database path with different value: /Users/mauricewashington/.stmcufinder/plugins/mcufinder/ => /Users/mauricewashington/.stmcufinder/plugins/mcufinder
2025-07-08 11:06:17,759 [INFO] DbMcusAds:125 - Set database path to: /Users/mauricewashington/.stmcufinder/plugins/mcufinder//mcu/
2025-07-08 11:06:17,759 [WARN] DbFile:41 - Overriding database path with different value: /Users/mauricewashington/.stmcufinder/plugins/mcufinder/ => /Users/mauricewashington/.stmcufinder/plugins/mcufinder
2025-07-08 11:06:17,759 [WARN] DbFile:41 - Overriding database path with different value: /Users/mauricewashington/.stmcufinder/plugins/mcufinder/ => /Users/mauricewashington/.stmcufinder/plugins/mcufinder
2025-07-08 11:06:17,759 [INFO] CrossReferenceDbSqlite:203 - Set database path to: /Users/mauricewashington/.stmcufinder/plugins/mcufinder//mcu/cs/
2025-07-08 11:06:17,772 [INFO] ApplicationProperties:184 - Using Application install path: /Applications/STM32CubeIDE.app/Contents/Eclipse/plugins/com.st.stm32cube.common.mx_6.14.1.202504091515
2025-07-08 11:06:17,772 [INFO] PluginManage:196 - Search for loadable plugins [exclusion list=, ]
2025-07-08 11:06:17,774 [INFO] PluginManage:310 - Check plugin analytics
2025-07-08 11:06:17,904 [INFO] AnalyticsPlugin:253 - Accepted Software Licenses: 
2025-07-08 11:06:17,904 [INFO] AnalyticsPlugin:255 - Accepted CMSIS Pack Licenses: 
2025-07-08 11:06:17,904 [INFO] AnalyticsPlugin:257 - Accepted Firmware Licenses: 
2025-07-08 11:06:17,912 [INFO] PluginManage:359 - Loaded plugin analytics (category:tool,tabindex:-1)
2025-07-08 11:06:17,914 [INFO] PluginManage:310 - Check plugin cadmodel
2025-07-08 11:06:17,923 [INFO] CADModel:105 - Init CAD model plugin
2025-07-08 11:06:17,923 [INFO] PluginManage:359 - Loaded plugin cadmodel (category:power,tabindex:5)
2025-07-08 11:06:17,923 [INFO] PluginManage:310 - Check plugin clock
2025-07-08 11:06:17,931 [INFO] PluginManage:359 - Loaded plugin clock (category:base,tabindex:2)
2025-07-08 11:06:17,931 [INFO] PluginManage:310 - Check plugin ddr
2025-07-08 11:06:17,932 [INFO] PluginManage:359 - Loaded plugin ddr (category:tool,tabindex:6)
2025-07-08 11:06:17,932 [INFO] PluginManage:310 - Check plugin filemanager
2025-07-08 11:06:18,044 [INFO] PluginManage:359 - Loaded plugin filemanager (category:base,tabindex:10)
2025-07-08 11:06:18,045 [INFO] PluginManage:310 - Check plugin ipmanager
2025-07-08 11:06:18,050 [INFO] PluginManage:359 - Loaded plugin ipmanager (category:base,tabindex:5)
2025-07-08 11:06:18,050 [INFO] PluginManage:310 - Check plugin lpbam
2025-07-08 11:06:18,056 [INFO] PluginManage:359 - Loaded plugin lpbam (category:base,tabindex:0)
2025-07-08 11:06:18,056 [INFO] PluginManage:310 - Check plugin memorymap
2025-07-08 11:06:18,064 [INFO] PluginManage:359 - Loaded plugin memorymap (category:base,tabindex:4)
2025-07-08 11:06:18,064 [INFO] PluginManage:310 - Check plugin pinoutandconfiguration
2025-07-08 11:06:18,068 [INFO] PluginManage:359 - Loaded plugin pinoutandconfiguration (category:base,tabindex:1)
2025-07-08 11:06:18,068 [INFO] PluginManage:310 - Check plugin pinoutconfig
2025-07-08 11:06:18,134 [WARN] SupportedApi:132 - Cannot load RTOS API schema: s4s-elt-must-match.1: The content of 'definitions' must match (annotation?, (simpleType | complexType)?, (unique | key | keyref)*)). A problem was found starting at: attribute.
2025-07-08 11:06:18,248 [INFO] PluginManage:359 - Loaded plugin pinoutconfig (category:base,tabindex:0)
2025-07-08 11:06:18,248 [INFO] PluginManage:310 - Check plugin power
2025-07-08 11:06:18,257 [INFO] PluginManage:359 - Loaded plugin power (category:power,tabindex:4)
2025-07-08 11:06:18,257 [INFO] PluginManage:310 - Check plugin projectmanager
2025-07-08 11:06:18,279 [INFO] PluginManage:359 - Loaded plugin projectmanager (category:projectmanager,tabindex:4)
2025-07-08 11:06:18,279 [INFO] PluginManage:310 - Check plugin rif
2025-07-08 11:06:18,285 [INFO] PluginManage:359 - Loaded plugin rif (category:base,tabindex:3)
2025-07-08 11:06:18,285 [INFO] PluginManage:310 - Check plugin thirdparty
2025-07-08 11:06:18,395 [INFO] PluginManage:359 - Loaded plugin thirdparty (category:base,tabindex:-1)
2025-07-08 11:06:18,396 [INFO] PluginManage:310 - Check plugin tools
2025-07-08 11:06:18,395 [WARN] IntegrityCheckThread:84 - waiting for thirdparty lock release [integrity check]
2025-07-08 11:06:18,396 [INFO] IntegrityCheckThread:86 - entering critical section [integrity check]
2025-07-08 11:06:18,397 [INFO] ThirdPartyUpdaterWithRetryManager:70 - Updater plugin not ready yet. [1/15]
2025-07-08 11:06:18,399 [INFO] PluginManage:359 - Loaded plugin tools (category:base,tabindex:7)
2025-07-08 11:06:18,399 [INFO] PluginManage:310 - Check plugin tutovideos
2025-07-08 11:06:18,519 [INFO] PluginManage:359 - Loaded plugin tutovideos (category:base,tabindex:-1)
2025-07-08 11:06:18,519 [INFO] PluginManage:310 - Check plugin updater
2025-07-08 11:06:18,541 [INFO] PluginManage:359 - Loaded plugin updater (category:base,tabindex:12)
2025-07-08 11:06:18,541 [INFO] PluginManage:310 - Check plugin userauth
2025-07-08 11:06:18,544 [INFO] UserAuth:118 - Init User Auth plugin
2025-07-08 11:06:18,545 [INFO] PluginManage:359 - Loaded plugin userauth (category:base,tabindex:14)
2025-07-08 11:06:18,546 [INFO] PluginManage:283 - PluginManage : Loaded plugins [18]
2025-07-08 11:06:18,702 [INFO] PinOutPanel:1589 - setPackage(No Configuration,No Configuration)
2025-07-08 11:06:18,754 [INFO] CADModel:165 - CPN selected for project level
2025-07-08 11:06:18,754 [INFO] CADModel:114 - Register for checkConnection events
2025-07-08 11:06:18,762 [INFO] IPUIPlugin:80 - create IPUIPlugin
2025-07-08 11:06:18,763 [INFO] PluginManager:220 - loadIPPluginJar : add mdma
2025-07-08 11:06:18,767 [INFO] IPUIPlugin:80 - create IPUIPlugin
2025-07-08 11:06:18,767 [INFO] PluginManager:220 - loadIPPluginJar : add freertos
2025-07-08 11:06:18,769 [INFO] IPUIPlugin:80 - create IPUIPlugin
2025-07-08 11:06:18,769 [INFO] PluginManager:220 - loadIPPluginJar : add gic
2025-07-08 11:06:18,775 [INFO] IPUIPlugin:80 - create IPUIPlugin
2025-07-08 11:06:18,775 [INFO] PluginManager:220 - loadIPPluginJar : add adc
2025-07-08 11:06:18,776 [INFO] IPUIPlugin:80 - create IPUIPlugin
2025-07-08 11:06:18,776 [INFO] PluginManager:220 - loadIPPluginJar : add gtzc
2025-07-08 11:06:18,778 [INFO] IPUIPlugin:80 - create IPUIPlugin
2025-07-08 11:06:18,778 [INFO] PluginManager:220 - loadIPPluginJar : add quadspi
2025-07-08 11:06:18,779 [INFO] IPUIPlugin:80 - create IPUIPlugin
2025-07-08 11:06:18,779 [INFO] PluginManager:220 - loadIPPluginJar : add aes
2025-07-08 11:06:18,780 [INFO] IPUIPlugin:80 - create IPUIPlugin
2025-07-08 11:06:18,780 [INFO] PluginManager:220 - loadIPPluginJar : add pdm2pcm
2025-07-08 11:06:18,781 [INFO] IPUIPlugin:80 - create IPUIPlugin
2025-07-08 11:06:18,781 [INFO] PluginManager:220 - loadIPPluginJar : add hash
2025-07-08 11:06:18,782 [INFO] IPUIPlugin:80 - create IPUIPlugin
2025-07-08 11:06:18,782 [INFO] PluginManager:220 - loadIPPluginJar : add tim
2025-07-08 11:06:18,783 [INFO] IPUIPlugin:80 - create IPUIPlugin
2025-07-08 11:06:18,783 [INFO] PluginManager:220 - loadIPPluginJar : add tsc
2025-07-08 11:06:18,785 [INFO] IPUIPlugin:80 - create IPUIPlugin
2025-07-08 11:06:18,786 [INFO] PluginManager:220 - loadIPPluginJar : add extmemmanager
2025-07-08 11:06:18,787 [INFO] IPUIPlugin:80 - create IPUIPlugin
2025-07-08 11:06:18,787 [INFO] PluginManager:220 - loadIPPluginJar : add ts
2025-07-08 11:06:18,788 [INFO] IPUIPlugin:80 - create IPUIPlugin
2025-07-08 11:06:18,788 [INFO] PluginManager:220 - loadIPPluginJar : add radio
2025-07-08 11:06:18,789 [INFO] IPUIPlugin:80 - create IPUIPlugin
2025-07-08 11:06:18,789 [INFO] PluginManager:220 - loadIPPluginJar : add can
2025-07-08 11:06:18,790 [INFO] IPUIPlugin:80 - create IPUIPlugin
2025-07-08 11:06:18,790 [INFO] PluginManager:220 - loadIPPluginJar : add dma3
2025-07-08 11:06:18,791 [INFO] IPUIPlugin:80 - create IPUIPlugin
2025-07-08 11:06:18,791 [INFO] PluginManager:220 - loadIPPluginJar : add dfsdm
2025-07-08 11:06:18,792 [INFO] IPUIPlugin:80 - create IPUIPlugin
2025-07-08 11:06:18,792 [INFO] PluginManager:220 - loadIPPluginJar : add spi
2025-07-08 11:06:18,793 [INFO] IPUIPlugin:80 - create IPUIPlugin
2025-07-08 11:06:18,793 [INFO] PluginManager:220 - loadIPPluginJar : add gfxmmu
2025-07-08 11:06:18,794 [INFO] IPUIPlugin:80 - create IPUIPlugin
2025-07-08 11:06:18,794 [INFO] PluginManager:220 - loadIPPluginJar : add genericplugin
2025-07-08 11:06:18,794 [INFO] IPUIPlugin:80 - create IPUIPlugin
2025-07-08 11:06:18,795 [INFO] PluginManager:220 - loadIPPluginJar : add cryp
2025-07-08 11:06:18,796 [INFO] IPUIPlugin:80 - create IPUIPlugin
2025-07-08 11:06:18,797 [INFO] PluginManager:220 - loadIPPluginJar : add gpio
2025-07-08 11:06:18,798 [INFO] IPUIPlugin:80 - create IPUIPlugin
2025-07-08 11:06:18,799 [INFO] PluginManager:220 - loadIPPluginJar : add ddr_ctrl_phy
2025-07-08 11:06:18,799 [INFO] IPUIPlugin:80 - create IPUIPlugin
2025-07-08 11:06:18,799 [INFO] PluginManager:220 - loadIPPluginJar : add comp
2025-07-08 11:06:18,801 [INFO] IPUIPlugin:80 - create IPUIPlugin
2025-07-08 11:06:18,801 [INFO] PluginManager:220 - loadIPPluginJar : add tracer_emb
2025-07-08 11:06:18,803 [INFO] IPUIPlugin:80 - create IPUIPlugin
2025-07-08 11:06:18,803 [INFO] PluginManager:220 - loadIPPluginJar : add openamp
2025-07-08 11:06:18,806 [INFO] IPUIPlugin:80 - create IPUIPlugin
2025-07-08 11:06:18,806 [INFO] PluginManager:220 - loadIPPluginJar : add stm32_wpan
2025-07-08 11:06:18,809 [INFO] IPUIPlugin:80 - create IPUIPlugin
2025-07-08 11:06:18,810 [INFO] PluginManager:220 - loadIPPluginJar : add plateformsettings
2025-07-08 11:06:18,812 [INFO] IPUIPlugin:80 - create IPUIPlugin
2025-07-08 11:06:18,812 [INFO] PluginManager:220 - loadIPPluginJar : add ipddr
2025-07-08 11:06:18,813 [INFO] IPUIPlugin:80 - create IPUIPlugin
2025-07-08 11:06:18,813 [INFO] PluginManager:220 - loadIPPluginJar : add usart
2025-07-08 11:06:18,814 [INFO] IPUIPlugin:80 - create IPUIPlugin
2025-07-08 11:06:18,814 [INFO] PluginManager:220 - loadIPPluginJar : add ltdc
2025-07-08 11:06:18,815 [INFO] IPUIPlugin:80 - create IPUIPlugin
2025-07-08 11:06:18,815 [INFO] PluginManager:220 - loadIPPluginJar : add nvic
2025-07-08 11:06:18,816 [INFO] IPUIPlugin:80 - create IPUIPlugin
2025-07-08 11:06:18,816 [INFO] PluginManager:220 - loadIPPluginJar : add fatfs
2025-07-08 11:06:18,820 [INFO] IPUIPlugin:80 - create IPUIPlugin
2025-07-08 11:06:18,820 [INFO] PluginManager:220 - loadIPPluginJar : add linkedlist
2025-07-08 11:06:18,824 [INFO] IPUIPlugin:80 - create IPUIPlugin
2025-07-08 11:06:18,825 [INFO] PluginManager:220 - loadIPPluginJar : add dma
2025-07-08 11:06:18,827 [INFO] IPUIPlugin:80 - create IPUIPlugin
2025-07-08 11:06:18,827 [INFO] PluginManager:220 - loadIPPluginJar : add fmc
2025-07-08 11:06:18,828 [INFO] IPUIPlugin:80 - create IPUIPlugin
2025-07-08 11:06:18,828 [INFO] PluginManager:220 - loadIPPluginJar : add i2s
2025-07-08 11:06:18,828 [INFO] IPUIPlugin:80 - create IPUIPlugin
2025-07-08 11:06:18,828 [INFO] PluginManager:220 - loadIPPluginJar : add ucpd
2025-07-08 11:06:18,829 [INFO] IPUIPlugin:80 - create IPUIPlugin
2025-07-08 11:06:18,829 [INFO] PluginManager:220 - loadIPPluginJar : add lorawan
2025-07-08 11:06:18,831 [INFO] IPUIPlugin:80 - create IPUIPlugin
2025-07-08 11:06:18,831 [INFO] PluginManager:220 - loadIPPluginJar : add opamp
2025-07-08 11:06:18,833 [INFO] IPUIPlugin:80 - create IPUIPlugin
2025-07-08 11:06:18,834 [INFO] PluginManager:220 - loadIPPluginJar : add i3c
2025-07-08 11:06:18,835 [INFO] IPUIPlugin:80 - create IPUIPlugin
2025-07-08 11:06:18,835 [INFO] PluginManager:220 - loadIPPluginJar : add touchsensing
2025-07-08 11:06:18,837 [INFO] IPUIPlugin:80 - create IPUIPlugin
2025-07-08 11:06:18,837 [INFO] PluginManager:220 - loadIPPluginJar : add i2c
2025-07-08 11:06:18,838 [INFO] IPUIPlugin:80 - create IPUIPlugin
2025-07-08 11:06:18,838 [INFO] PluginManager:220 - loadIPPluginJar : add resmgrutility
2025-07-08 11:06:18,839 [INFO] IPUIPlugin:80 - create IPUIPlugin
2025-07-08 11:06:18,839 [INFO] PluginManager:220 - loadIPPluginJar : add sai
2025-07-08 11:06:18,840 [INFO] IPUIPlugin:80 - create IPUIPlugin
2025-07-08 11:06:18,840 [INFO] PluginManager:220 - loadIPPluginJar : add usbx
2025-07-08 11:06:18,945 [FATAL] Updater:351 - Updater called before beeing initialized
2025-07-08 11:06:18,982 [INFO] RulesReader:64 - Compatibility file has been processed (302 Rules)
2025-07-08 11:06:18,992 [INFO] RulesReader:64 - Compatibility file has been processed (302 Rules)
2025-07-08 11:06:19,001 [INFO] CADModel:165 - CPN selected for project level
2025-07-08 11:06:19,001 [INFO] CADModel:114 - Register for checkConnection events
2025-07-08 11:06:19,001 [FATAL] Updater:351 - Updater called before beeing initialized
2025-07-08 11:06:19,001 [ERROR] CADModel:125 - Updater not yet initialized, retry later 
2025-07-08 11:06:19,174 [FATAL] Updater:351 - Updater called before beeing initialized
2025-07-08 11:06:19,176 [INFO] CADModel:165 - CPN selected for project level
2025-07-08 11:06:19,176 [INFO] CADModel:114 - Register for checkConnection events
2025-07-08 11:06:19,176 [FATAL] Updater:351 - Updater called before beeing initialized
2025-07-08 11:06:19,176 [ERROR] CADModel:125 - Updater not yet initialized, retry later 
2025-07-08 11:06:19,179 [FATAL] Updater:351 - Updater called before beeing initialized
2025-07-08 11:06:19,279 [FATAL] Updater:351 - Updater called before beeing initialized
2025-07-08 11:06:19,282 [INFO] DbMcusAds:53 - JSON generation date=Wed May 07 02:07:55 PDT 2025 (1746608875484)
2025-07-08 11:06:19,283 [FATAL] Updater:351 - Updater called before beeing initialized
2025-07-08 11:06:19,330 [WARN] DetailPanel:346 - Failed to get advertising image, set to default
2025-07-08 11:06:19,486 [FATAL] Updater:351 - Updater called before beeing initialized
2025-07-08 11:06:19,490 [FATAL] Updater:351 - Updater called before beeing initialized
2025-07-08 11:06:19,490 [FATAL] Updater:351 - Updater called before beeing initialized
2025-07-08 11:06:19,490 [WARN] DetailPanel:346 - Failed to get advertising image, set to default
2025-07-08 11:06:19,493 [FATAL] Updater:351 - Updater called before beeing initialized
2025-07-08 11:06:19,543 [ERROR] Updater:1198 - MainUpdater not yet initialized. External WinMGr cannot be set.
2025-07-08 11:06:19,573 [INFO] Updater:1134 - Updater Version found : 6.14.1
2025-07-08 11:06:19,586 [INFO] ApplicationProperties:184 - Using Application install path: /Applications/STM32CubeIDE.app/Contents/Eclipse/plugins/com.st.stm32cube.common.mx_6.14.1.202504091515
2025-07-08 11:06:19,864 [INFO] MainUpdater:2872 - connection check result : 10
2025-07-08 11:06:19,865 [INFO] MainUpdater:289 - Updater Check For Update Now.
2025-07-08 11:06:19,865 [INFO] MicroXplorer:498 - Change Database Version : DB.6.0.141
2025-07-08 11:06:19,870 [INFO] McuFinderGlobals:63 - Set McuFinder mode to 2 (CubeIDE integrated)
2025-07-08 11:06:19,871 [INFO] UserAuth:484 - Internet connection configuration mode: 1
2025-07-08 11:06:19,883 [INFO] JxBrowserEngine:152 - Initiate JxBrowser Engine with user profile folder
2025-07-08 11:06:20,099 [INFO] CheckServerUpdateThread:120 - End of CheckServer Thread
2025-07-08 11:06:21,536 [WARN] PackLoader:240 - Cannot read IP mode file for STMicroelectronics.FP-SNS-MOTENVWB1.1.4.0
2025-07-08 11:06:21,550 [WARN] PackLoader:240 - Cannot read IP mode file for STMicroelectronics.FP-ATR-ASTRA1.2.0.2
2025-07-08 11:06:21,559 [WARN] PackLoader:240 - Cannot read IP mode file for STMicroelectronics.FP-ATR-ASTRA1.2.0.1
2025-07-08 11:06:21,568 [WARN] PackLoader:240 - Cannot read IP mode file for STMicroelectronics.X-CUBE-SMBUS.2.1.0
2025-07-08 11:06:21,577 [WARN] PackLoader:240 - Cannot read IP mode file for STMicroelectronics.X-CUBE-WB05N.1.1.0
2025-07-08 11:06:21,581 [WARN] PackLoader:240 - Cannot read IP mode file for STMicroelectronics.X-CUBE-ST60.1.0.0
2025-07-08 11:06:21,612 [WARN] PackLoader:240 - Cannot read IP mode file for STMicroelectronics.X-CUBE-AZRTOS-F7.1.1.0
2025-07-08 11:06:21,626 [WARN] PackLoader:240 - Cannot read IP mode file for STMicroelectronics.FP-SNS-FLIGHT1.5.0.2
2025-07-08 11:06:21,666 [WARN] PackLoader:240 - Cannot read IP mode file for Infineon.AIROC-Wi-Fi-Bluetooth-STM32.1.7.0
2025-07-08 11:06:21,717 [WARN] PackLoader:240 - Cannot read IP mode file for STMicroelectronics.X-CUBE-AZRTOS-H7.3.4.0
2025-07-08 11:06:21,737 [WARN] PackLoader:240 - Cannot read IP mode file for STMicroelectronics.X-CUBE-DISPLAY.3.0.0
2025-07-08 11:06:21,805 [WARN] PackLoader:240 - Cannot read IP mode file for STMicroelectronics.X-CUBE-BLE1.7.0.0
2025-07-08 11:06:21,817 [WARN] PackLoader:240 - Cannot read IP mode file for STMicroelectronics.X-CUBE-NFC10.1.0.0
2025-07-08 11:06:21,833 [WARN] PackLoader:240 - Cannot read IP mode file for STMicroelectronics.X-CUBE-BLEMGR.4.0.0
2025-07-08 11:06:21,846 [WARN] PackLoader:240 - Cannot read IP mode file for emotas.I-CUBE-CANOPEN.1.3.0
2025-07-08 11:06:21,853 [WARN] PackLoader:240 - Cannot read IP mode file for STMicroelectronics.X-CUBE-AI.10.0.0
2025-07-08 11:06:21,864 [WARN] PackLoader:240 - Cannot read IP mode file for STMicroelectronics.FP-SNS-SMARTAG2.1.2.0
2025-07-08 11:06:21,870 [WARN] PackLoader:240 - Cannot read IP mode file for STMicroelectronics.FP-SNS-FLIGHT1.5.1.0
2025-07-08 11:06:21,949 [WARN] PackLoader:240 - Cannot read IP mode file for STMicroelectronics.X-CUBE-MEMS1.11.1.0
2025-07-08 11:06:22,043 [INFO] LogOutputStream:77 - [STDOUT_REDIRECT] 1 : Invalid condition id : UX_CORESTACK_Condition cause : null
2025-07-08 11:06:22,044 [INFO] LogOutputStream:77 - [STDOUT_REDIRECT] 1 : Invalid condition id : UX_CORESTACK_Condition cause : null
2025-07-08 11:06:22,044 [INFO] LogOutputStream:77 - [STDOUT_REDIRECT] 1 : Invalid condition id : UX_CORESTACK_Condition cause : null
2025-07-08 11:06:22,044 [INFO] LogOutputStream:77 - [STDOUT_REDIRECT] 1 : Invalid condition id : UX_CORESTACK_Condition cause : null
2025-07-08 11:06:22,045 [INFO] LogOutputStream:77 - [STDOUT_REDIRECT] 1 : Invalid condition id : UX_CORESTACK_Condition cause : null
2025-07-08 11:06:22,049 [WARN] PackLoader:240 - Cannot read IP mode file for STMicroelectronics.X-CUBE-AZRTOS-WL.2.0.0
2025-07-08 11:06:22,062 [WARN] PackLoader:240 - Cannot read IP mode file for STMicroelectronics.FP-SNS-MOTENV1.5.0.0
2025-07-08 11:06:22,067 [WARN] PackLoader:240 - Cannot read IP mode file for wolfSSL.I-CUBE-wolfMQTT.1.19.0
2025-07-08 11:06:22,076 [WARN] PackLoader:240 - Cannot read IP mode file for WES.I-CUBE-Cesium.1.3.0
2025-07-08 11:06:22,083 [WARN] PackLoader:240 - Cannot read IP mode file for STMicroelectronics.X-CUBE-BLE2.3.3.0
2025-07-08 11:06:22,093 [WARN] PackLoader:240 - Cannot read IP mode file for STMicroelectronics.X-CUBE-NFC9.1.0.0
2025-07-08 11:06:22,102 [WARN] PackLoader:240 - Cannot read IP mode file for STMicroelectronics.X-CUBE-BLE1.7.1.0
2025-07-08 11:06:22,104 [WARN] PackLoader:240 - Cannot read IP mode file for STMicroelectronics.X-CUBE-AI.10.1.0
2025-07-08 11:06:22,325 [WARN] PackLoader:240 - Cannot read IP mode file for STMicroelectronics.X-CUBE-MEMS1.11.2.0
2025-07-08 11:06:22,470 [WARN] PackLoader:240 - Cannot read IP mode file for STMicroelectronics.X-CUBE-AZRTOS-G0.1.1.0
2025-07-08 11:06:22,493 [WARN] PackLoader:240 - Cannot read IP mode file for STMicroelectronics.X-CUBE-SAFEA1.1.2.2
2025-07-08 11:06:22,498 [WARN] PackLoader:240 - Cannot read IP mode file for STMicroelectronics.X-CUBE-NFC4.3.0.0
2025-07-08 11:06:22,508 [WARN] PackLoader:240 - Cannot read IP mode file for EmbeddedOffice.I-CUBE-FS-RTOS.1.0.1
2025-07-08 11:06:22,520 [WARN] PackLoader:240 - Cannot read IP mode file for STMicroelectronics.X-CUBE-WB05N.2.0.0
2025-07-08 11:06:22,529 [WARN] PackLoader:240 - Cannot read IP mode file for STMicroelectronics.X-CUBE-TCPP.4.2.0
2025-07-08 11:06:22,533 [WARN] PackLoader:240 - Cannot read IP mode file for RealThread.X-CUBE-RT-Thread_Nano.4.1.1
2025-07-08 11:06:22,536 [WARN] PackLoader:240 - Cannot read IP mode file for STMicroelectronics.FP-ATR-SIGFOX1.3.2.0
2025-07-08 11:06:22,538 [WARN] ConditionMgr:438 - getConditionDescription Invalid condition id : Cortex-A Device cause : null
2025-07-08 11:06:22,593 [WARN] ConditionMgr:1044 - genDependencies : Invalid condition id : Cortex-A Device cause : null
2025-07-08 11:06:22,593 [WARN] ConditionMgr:1044 - genDependencies : Invalid condition id : Cortex-A Device cause : null
2025-07-08 11:06:22,593 [WARN] ConditionMgr:1044 - genDependencies : Invalid condition id : Cortex-A Device cause : null
2025-07-08 11:06:22,606 [WARN] PackLoader:240 - Cannot read IP mode file for STMicroelectronics.X-CUBE-EEPRMA1.5.1.0
2025-07-08 11:06:22,609 [WARN] PackLoader:240 - Cannot read IP mode file for wolfSSL.I-CUBE-wolfSSL.5.7.6
2025-07-08 11:06:22,616 [WARN] PackLoader:240 - Cannot read IP mode file for ITTIA_DB.I-CUBE-ITTIADB.8.9.0
2025-07-08 11:06:22,621 [WARN] PackLoader:240 - Cannot read IP mode file for STMicroelectronics.X-CUBE-ST67W61.1.0.0
2025-07-08 11:06:22,683 [WARN] PackLoader:240 - Cannot read IP mode file for SEGGER.I-CUBE-embOS.1.3.1
2025-07-08 11:06:22,716 [WARN] PackLoader:240 - Cannot read IP mode file for STMicroelectronics.X-CUBE-ALGOBUILD.1.4.0
2025-07-08 11:06:22,766 [WARN] PackLoader:240 - Cannot read IP mode file for STMicroelectronics.X-CUBE-MEMS1.11.3.0
2025-07-08 11:06:22,833 [WARN] PackLoader:240 - Cannot read IP mode file for STMicroelectronics.X-CUBE-PM33A1.1.0.0
2025-07-08 11:06:22,852 [WARN] PackLoader:240 - Cannot read IP mode file for STMicroelectronics.X-CUBE-AZRTOS-F4.1.1.0
2025-07-08 11:06:22,858 [WARN] PackLoader:240 - Cannot read IP mode file for Avnet-IotConnect.X-CUBE-IoTC-DA16k-PMOD.1.0.0
2025-07-08 11:06:22,865 [WARN] PackLoader:240 - Cannot read IP mode file for STMicroelectronics.X-CUBE-ISPU.2.1.0
2025-07-08 11:06:22,880 [WARN] PackLoader:240 - Cannot read IP mode file for STMicroelectronics.X-CUBE-AZRTOS-L5.2.0.0
2025-07-08 11:06:22,890 [WARN] PackLoader:240 - Cannot read IP mode file for STMicroelectronics.X-CUBE-NFC6.3.1.0
2025-07-08 11:06:22,901 [WARN] PackLoader:240 - Cannot read IP mode file for STMicroelectronics.X-CUBE-DPower.1.2.0
2025-07-08 11:06:22,906 [WARN] PackLoader:240 - Cannot read IP mode file for STMicroelectronics.X-CUBE-FREERTOS.1.3.1
2025-07-08 11:06:22,908 [WARN] PackLoader:240 - Cannot read IP mode file for STMicroelectronics.X-CUBE-FREERTOS.1.3.0
2025-07-08 11:06:22,915 [WARN] PackLoader:240 - Cannot read IP mode file for STMicroelectronics.X-CUBE-NFC7.1.0.1
2025-07-08 11:06:22,920 [WARN] PackLoader:240 - Cannot read IP mode file for STMicroelectronics.FP-SNS-STAIOTCFT.1.0.0
2025-07-08 11:06:22,924 [WARN] PackLoader:240 - Cannot read IP mode file for STMicroelectronics.X-CUBE-DPower.1.3.0
2025-07-08 11:06:22,941 [WARN] ConditionMgr:438 - getConditionDescription Invalid condition id : LAN8742 Phy interface Condition cause : null
2025-07-08 11:06:22,942 [WARN] PackLoader:240 - Cannot read IP mode file for STMicroelectronics.X-CUBE-AZRTOS-L4.2.0.0
2025-07-08 11:06:22,943 [WARN] ConditionMgr:1044 - genDependencies : Invalid condition id : LAN8742 Phy interface Condition cause : null
2025-07-08 11:06:22,944 [WARN] ConditionMgr:1044 - genDependencies : Invalid condition id : LAN8742 Phy interface Condition cause : null
2025-07-08 11:06:22,944 [WARN] ConditionMgr:1044 - genDependencies : Invalid condition id : LAN8742 Phy interface Condition cause : null
2025-07-08 11:06:22,953 [WARN] PackLoader:240 - Cannot read IP mode file for STMicroelectronics.X-CUBE-SFXS2LP1.4.0.0
2025-07-08 11:06:22,971 [WARN] PackLoader:240 - Cannot read IP mode file for STMicroelectronics.X-CUBE-AZRTOS-H7.3.3.0
2025-07-08 11:06:22,984 [WARN] ConditionMgr:438 - getConditionDescription Invalid condition id : UX DEVICE CLASS RTOS Condition cause : null
2025-07-08 11:06:22,984 [WARN] ConditionMgr:438 - getConditionDescription Invalid condition id : UX DEVICE CLASS RTOS Condition cause : null
2025-07-08 11:06:22,987 [WARN] PackLoader:240 - Cannot read IP mode file for STMicroelectronics.X-CUBE-AZRTOS-WB.2.0.0
2025-07-08 11:06:22,987 [WARN] ConditionMgr:1044 - genDependencies : Invalid condition id : UX DEVICE CLASS RTOS Condition cause : null
2025-07-08 11:06:22,988 [WARN] ConditionMgr:1044 - genDependencies : Invalid condition id : UX DEVICE CLASS RTOS Condition cause : null
2025-07-08 11:06:22,989 [WARN] ConditionMgr:1044 - genDependencies : Invalid condition id : UX DEVICE CLASS RTOS Condition cause : null
2025-07-08 11:06:22,990 [WARN] ConditionMgr:1044 - genDependencies : Invalid condition id : UX DEVICE CLASS RTOS Condition cause : null
2025-07-08 11:06:22,990 [WARN] ConditionMgr:1044 - genDependencies : Invalid condition id : UX DEVICE CLASS RTOS Condition cause : null
2025-07-08 11:06:22,994 [WARN] PackLoader:240 - Cannot read IP mode file for STMicroelectronics.X-CUBE-GNSS1.7.0.1
2025-07-08 11:06:22,998 [WARN] PackLoader:240 - Cannot read IP mode file for STMicroelectronics.X-CUBE-TOUCHGFX.4.25.0
2025-07-08 11:06:23,001 [WARN] PackLoader:240 - Cannot read IP mode file for STMicroelectronics.FP-SNS-STBOX1.2.0.0
2025-07-08 11:06:23,010 [WARN] PackLoader:240 - Cannot read IP mode file for STMicroelectronics.X-CUBE-SUBG2.5.0.0
2025-07-08 11:06:23,030 [WARN] PackLoader:240 - Cannot read IP mode file for STMicroelectronics.X-CUBE-AZRTOS-H7RS.1.1.0
2025-07-08 11:06:23,038 [WARN] PackLoader:240 - Cannot read IP mode file for Cesanta.I-CUBE-Mongoose.7.13.0
2025-07-08 11:06:23,052 [WARN] PackLoader:240 - Cannot read IP mode file for STMicroelectronics.X-CUBE-AZRTOS-G4.2.0.0
2025-07-08 11:06:23,070 [WARN] PackLoader:240 - Cannot read IP mode file for STMicroelectronics.X-CUBE-NFC7.2.0.0
2025-07-08 11:06:23,165 [WARN] PackLoader:240 - Cannot read IP mode file for STMicroelectronics.X-CUBE-IPS.3.1.0
2025-07-08 11:06:23,281 [WARN] PackLoader:240 - Cannot read IP mode file for STMicroelectronics.X-CUBE-ALS.1.0.2
2025-07-08 11:06:23,299 [WARN] PackLoader:240 - Cannot read IP mode file for STMicroelectronics.X-CUBE-TOUCHGFX.4.24.2
2025-07-08 11:06:23,307 [WARN] PackLoader:240 - Cannot read IP mode file for wolfSSL.I-CUBE-wolfTPM.3.4.0
2025-07-08 11:06:23,314 [WARN] PackLoader:240 - Cannot read IP mode file for portGmbH.I-Cube-SoM-uGOAL.1.1.0
2025-07-08 11:06:23,340 [WARN] PackLoader:240 - Cannot read IP mode file for STMicroelectronics.X-CUBE-AZRTOS-H7RS.1.0.0
2025-07-08 11:06:23,356 [WARN] PackLoader:240 - Cannot read IP mode file for STMicroelectronics.X-CUBE-TOF1.3.4.2
2025-07-08 11:06:23,374 [WARN] PackLoader:240 - Cannot read IP mode file for STMicroelectronics.X-CUBE-TOF1.3.4.3
2025-07-08 11:06:23,381 [WARN] PackLoader:240 - Cannot read IP mode file for wolfSSL.I-CUBE-wolfSSH.1.4.17
2025-07-08 11:06:23,399 [INFO] ThirdParty:978 - Integrity check success = true
2025-07-08 11:06:23,399 [INFO] IntegrityCheckThread:100 - exiting critical section [integrity check]
2025-07-08 11:06:23,399 [INFO] IntegrityCheckThread:103 - End integrity checks thread
2025-07-08 11:06:24,494 [INFO] WebApp:169 - Instantiating new browser for Auth
2025-07-08 11:06:25,724 [INFO] WebApp:463 - Apply proxy settings
2025-07-08 11:06:25,737 [INFO] WebApp:508 - Chromium authenticates against Manually configured proxy
2025-07-08 11:06:25,751 [INFO] WebApp:516 - Username used for proxy authentication: 
2025-07-08 11:06:25,789 [INFO] WebApp:894 - Register for checkConnection events
2025-07-08 11:06:25,790 [INFO] WebApp:463 - Apply proxy settings
2025-07-08 11:06:25,793 [INFO] WebApp:508 - Chromium authenticates against Manually configured proxy
2025-07-08 11:06:25,794 [INFO] WebApp:516 - Username used for proxy authentication: 
2025-07-08 11:06:25,951 [INFO] WebApp:225 - Starting web application
2025-07-08 11:06:25,951 [INFO] WebApp:593 - Web application path used /Applications/STM32CubeIDE.app/Contents/Eclipse/plugins/com.st.stm32cube.common.mx_6.14.1.202504091515/db/plugins/mcufinder/reactClient1/index.html
2025-07-08 11:06:26,367 [INFO] WebApp:191 - Connection restablished
2025-07-08 11:06:26,568 [INFO] UserAuth:484 - Internet connection configuration mode: 1
2025-07-08 11:11:21,337 [ERROR] LogOutputStream:75 - [STDERR_REDIRECT] 
2025-07-08 11:11:41,733 [INFO] Activator:176 - 


2025-07-08 11:11:41,734 [INFO] Activator:177 - !SESSION log4j initialized
2025-07-08 11:11:45,488 [ERROR] LogOutputStream:75 - [STDERR_REDIRECT] 
2025-07-08 11:11:45,778 [INFO] LogOutputStream:77 - [STDOUT_REDIRECT] 
2025-07-08 11:11:46,999 [INFO] LogOutputStream:77 - [STDOUT_REDIRECT] 
2025-07-08 11:11:48,037 [INFO] ApplicationProperties:184 - Using Application install path: /Applications/STM32CubeIDE.app/Contents/Eclipse/plugins/com.st.stm32cube.common.mx_6.14.1.202504091515
2025-07-08 11:11:48,047 [INFO] DbMcusXml:78 - Set database path to: /Applications/STM32CubeIDE.app/Contents/Eclipse/plugins/com.st.stm32cube.common.mx_6.14.1.202504091515//db//mcu/
2025-07-08 11:11:48,047 [INFO] ApiDb:274 - Set plugin database path to: /Applications/STM32CubeIDE.app/Contents/Eclipse/plugins/com.st.stm32cube.common.mx_6.14.1.202504091515//db//plugins/boardmanager/
2025-07-08 11:11:48,048 [WARN] ApiDb:259 - Overriding images path with different value:  => /Applications/STM32CubeIDE.app/Contents/Eclipse/plugins/com.st.stm32cube.common.mx_6.14.1.202504091515//db//plugins/mcufinder/images/
2025-07-08 11:11:48,053 [INFO] ApiDb:250 - Set database path to: /Users/mauricewashington/.stmcufinder/plugins/mcufinder//mcu/
2025-07-08 11:11:48,053 [INFO] DbMcusAds:125 - Set database path to: /Users/mauricewashington/.stmcufinder/plugins/mcufinder//mcu/
2025-07-08 11:11:48,054 [INFO] CrossReferenceDbSqlite:203 - Set database path to: /Users/mauricewashington/.stmcufinder/plugins/mcufinder//mcu/cs/
2025-07-08 11:11:48,160 [INFO] RulesReader:64 - Compatibility file has been processed (302 Rules)
2025-07-08 11:11:48,222 [INFO] DbMcusXml:78 - Set database path to: /Applications/STM32CubeIDE.app/Contents/Eclipse/plugins/com.st.stm32cube.common.mx_6.14.1.202504091515//db//mcu/
2025-07-08 11:11:48,222 [INFO] ApiDb:274 - Set plugin database path to: /Applications/STM32CubeIDE.app/Contents/Eclipse/plugins/com.st.stm32cube.common.mx_6.14.1.202504091515//db//plugins/boardmanager/
2025-07-08 11:11:48,222 [INFO] ApiDb:261 - Set plugin images path to: /Applications/STM32CubeIDE.app/Contents/Eclipse/plugins/com.st.stm32cube.common.mx_6.14.1.202504091515//db//plugins/mcufinder/images/
2025-07-08 11:11:48,223 [WARN] DbFile:41 - Overriding database path with different value: /Users/mauricewashington/.stmcufinder/plugins/mcufinder/ => /Users/mauricewashington/.stmcufinder/plugins/mcufinder
2025-07-08 11:11:48,223 [INFO] ApiDb:250 - Set database path to: /Users/mauricewashington/.stmcufinder/plugins/mcufinder//mcu/
2025-07-08 11:11:48,223 [WARN] DbFile:41 - Overriding database path with different value: /Users/mauricewashington/.stmcufinder/plugins/mcufinder/ => /Users/mauricewashington/.stmcufinder/plugins/mcufinder
2025-07-08 11:11:48,223 [INFO] DbMcusAds:125 - Set database path to: /Users/mauricewashington/.stmcufinder/plugins/mcufinder//mcu/
2025-07-08 11:11:48,223 [WARN] DbFile:41 - Overriding database path with different value: /Users/mauricewashington/.stmcufinder/plugins/mcufinder/ => /Users/mauricewashington/.stmcufinder/plugins/mcufinder
2025-07-08 11:11:48,223 [WARN] DbFile:41 - Overriding database path with different value: /Users/mauricewashington/.stmcufinder/plugins/mcufinder/ => /Users/mauricewashington/.stmcufinder/plugins/mcufinder
2025-07-08 11:11:48,223 [INFO] CrossReferenceDbSqlite:203 - Set database path to: /Users/mauricewashington/.stmcufinder/plugins/mcufinder//mcu/cs/
2025-07-08 11:11:48,274 [INFO] MainPanel:272 - HeapMemory: 268435456
2025-07-08 11:11:48,483 [INFO] DbMcusXml:78 - Set database path to: /Applications/STM32CubeIDE.app/Contents/Eclipse/plugins/com.st.stm32cube.common.mx_6.14.1.202504091515//db//mcu/
2025-07-08 11:11:48,483 [INFO] ApiDb:274 - Set plugin database path to: /Applications/STM32CubeIDE.app/Contents/Eclipse/plugins/com.st.stm32cube.common.mx_6.14.1.202504091515//db//plugins/boardmanager/
2025-07-08 11:11:48,483 [INFO] ApiDb:261 - Set plugin images path to: /Applications/STM32CubeIDE.app/Contents/Eclipse/plugins/com.st.stm32cube.common.mx_6.14.1.202504091515//db//plugins/mcufinder/images/
2025-07-08 11:11:48,484 [WARN] DbFile:41 - Overriding database path with different value: /Users/mauricewashington/.stmcufinder/plugins/mcufinder/ => /Users/mauricewashington/.stmcufinder/plugins/mcufinder
2025-07-08 11:11:48,484 [INFO] ApiDb:250 - Set database path to: /Users/mauricewashington/.stmcufinder/plugins/mcufinder//mcu/
2025-07-08 11:11:48,484 [WARN] DbFile:41 - Overriding database path with different value: /Users/mauricewashington/.stmcufinder/plugins/mcufinder/ => /Users/mauricewashington/.stmcufinder/plugins/mcufinder
2025-07-08 11:11:48,484 [INFO] DbMcusAds:125 - Set database path to: /Users/mauricewashington/.stmcufinder/plugins/mcufinder//mcu/
2025-07-08 11:11:48,484 [WARN] DbFile:41 - Overriding database path with different value: /Users/mauricewashington/.stmcufinder/plugins/mcufinder/ => /Users/mauricewashington/.stmcufinder/plugins/mcufinder
2025-07-08 11:11:48,484 [WARN] DbFile:41 - Overriding database path with different value: /Users/mauricewashington/.stmcufinder/plugins/mcufinder/ => /Users/mauricewashington/.stmcufinder/plugins/mcufinder
2025-07-08 11:11:48,484 [INFO] CrossReferenceDbSqlite:203 - Set database path to: /Users/mauricewashington/.stmcufinder/plugins/mcufinder//mcu/cs/
2025-07-08 11:11:48,498 [INFO] ApplicationProperties:184 - Using Application install path: /Applications/STM32CubeIDE.app/Contents/Eclipse/plugins/com.st.stm32cube.common.mx_6.14.1.202504091515
2025-07-08 11:11:48,499 [INFO] PluginManage:196 - Search for loadable plugins [exclusion list=, ]
2025-07-08 11:11:48,500 [INFO] PluginManage:310 - Check plugin analytics
2025-07-08 11:11:48,637 [INFO] AnalyticsPlugin:253 - Accepted Software Licenses: 
2025-07-08 11:11:48,637 [INFO] AnalyticsPlugin:255 - Accepted CMSIS Pack Licenses: 
2025-07-08 11:11:48,638 [INFO] AnalyticsPlugin:257 - Accepted Firmware Licenses: 
2025-07-08 11:11:48,644 [INFO] PluginManage:359 - Loaded plugin analytics (category:tool,tabindex:-1)
2025-07-08 11:11:48,645 [INFO] PluginManage:310 - Check plugin cadmodel
2025-07-08 11:11:48,656 [INFO] CADModel:105 - Init CAD model plugin
2025-07-08 11:11:48,657 [INFO] PluginManage:359 - Loaded plugin cadmodel (category:power,tabindex:5)
2025-07-08 11:11:48,657 [INFO] PluginManage:310 - Check plugin clock
2025-07-08 11:11:48,667 [INFO] PluginManage:359 - Loaded plugin clock (category:base,tabindex:2)
2025-07-08 11:11:48,667 [INFO] PluginManage:310 - Check plugin ddr
2025-07-08 11:11:48,669 [INFO] PluginManage:359 - Loaded plugin ddr (category:tool,tabindex:6)
2025-07-08 11:11:48,669 [INFO] PluginManage:310 - Check plugin filemanager
2025-07-08 11:11:48,794 [INFO] PluginManage:359 - Loaded plugin filemanager (category:base,tabindex:10)
2025-07-08 11:11:48,794 [INFO] PluginManage:310 - Check plugin ipmanager
2025-07-08 11:11:48,800 [INFO] PluginManage:359 - Loaded plugin ipmanager (category:base,tabindex:5)
2025-07-08 11:11:48,800 [INFO] PluginManage:310 - Check plugin lpbam
2025-07-08 11:11:48,806 [INFO] PluginManage:359 - Loaded plugin lpbam (category:base,tabindex:0)
2025-07-08 11:11:48,806 [INFO] PluginManage:310 - Check plugin memorymap
2025-07-08 11:11:48,813 [INFO] PluginManage:359 - Loaded plugin memorymap (category:base,tabindex:4)
2025-07-08 11:11:48,814 [INFO] PluginManage:310 - Check plugin pinoutandconfiguration
2025-07-08 11:11:48,817 [INFO] PluginManage:359 - Loaded plugin pinoutandconfiguration (category:base,tabindex:1)
2025-07-08 11:11:48,817 [INFO] PluginManage:310 - Check plugin pinoutconfig
2025-07-08 11:11:48,875 [WARN] SupportedApi:132 - Cannot load RTOS API schema: s4s-elt-must-match.1: The content of 'definitions' must match (annotation?, (simpleType | complexType)?, (unique | key | keyref)*)). A problem was found starting at: attribute.
2025-07-08 11:11:48,971 [INFO] PluginManage:359 - Loaded plugin pinoutconfig (category:base,tabindex:0)
2025-07-08 11:11:48,971 [INFO] PluginManage:310 - Check plugin power
2025-07-08 11:11:48,978 [INFO] PluginManage:359 - Loaded plugin power (category:power,tabindex:4)
2025-07-08 11:11:48,979 [INFO] PluginManage:310 - Check plugin projectmanager
2025-07-08 11:11:49,000 [INFO] PluginManage:359 - Loaded plugin projectmanager (category:projectmanager,tabindex:4)
2025-07-08 11:11:49,000 [INFO] PluginManage:310 - Check plugin rif
2025-07-08 11:11:49,004 [INFO] PluginManage:359 - Loaded plugin rif (category:base,tabindex:3)
2025-07-08 11:11:49,005 [INFO] PluginManage:310 - Check plugin thirdparty
2025-07-08 11:11:49,123 [INFO] PluginManage:359 - Loaded plugin thirdparty (category:base,tabindex:-1)
2025-07-08 11:11:49,123 [WARN] IntegrityCheckThread:84 - waiting for thirdparty lock release [integrity check]
2025-07-08 11:11:49,124 [INFO] PluginManage:310 - Check plugin tools
2025-07-08 11:11:49,125 [INFO] IntegrityCheckThread:86 - entering critical section [integrity check]
2025-07-08 11:11:49,125 [INFO] ThirdPartyUpdaterWithRetryManager:70 - Updater plugin not ready yet. [1/15]
2025-07-08 11:11:49,127 [INFO] PluginManage:359 - Loaded plugin tools (category:base,tabindex:7)
2025-07-08 11:11:49,127 [INFO] PluginManage:310 - Check plugin tutovideos
2025-07-08 11:11:49,297 [INFO] PluginManage:359 - Loaded plugin tutovideos (category:base,tabindex:-1)
2025-07-08 11:11:49,298 [INFO] PluginManage:310 - Check plugin updater
2025-07-08 11:11:49,321 [INFO] PluginManage:359 - Loaded plugin updater (category:base,tabindex:12)
2025-07-08 11:11:49,321 [INFO] PluginManage:310 - Check plugin userauth
2025-07-08 11:11:49,324 [INFO] UserAuth:118 - Init User Auth plugin
2025-07-08 11:11:49,325 [INFO] PluginManage:359 - Loaded plugin userauth (category:base,tabindex:14)
2025-07-08 11:11:49,326 [INFO] PluginManage:283 - PluginManage : Loaded plugins [18]
2025-07-08 11:11:49,520 [INFO] PinOutPanel:1589 - setPackage(No Configuration,No Configuration)
2025-07-08 11:11:49,608 [INFO] CADModel:165 - CPN selected for project level
2025-07-08 11:11:49,609 [INFO] CADModel:114 - Register for checkConnection events
2025-07-08 11:11:49,622 [INFO] IPUIPlugin:80 - create IPUIPlugin
2025-07-08 11:11:49,622 [INFO] PluginManager:220 - loadIPPluginJar : add mdma
2025-07-08 11:11:49,627 [INFO] IPUIPlugin:80 - create IPUIPlugin
2025-07-08 11:11:49,627 [INFO] PluginManager:220 - loadIPPluginJar : add freertos
2025-07-08 11:11:49,629 [INFO] IPUIPlugin:80 - create IPUIPlugin
2025-07-08 11:11:49,629 [INFO] PluginManager:220 - loadIPPluginJar : add gic
2025-07-08 11:11:49,634 [INFO] IPUIPlugin:80 - create IPUIPlugin
2025-07-08 11:11:49,635 [INFO] PluginManager:220 - loadIPPluginJar : add adc
2025-07-08 11:11:49,636 [INFO] IPUIPlugin:80 - create IPUIPlugin
2025-07-08 11:11:49,636 [INFO] PluginManager:220 - loadIPPluginJar : add gtzc
2025-07-08 11:11:49,637 [INFO] IPUIPlugin:80 - create IPUIPlugin
2025-07-08 11:11:49,637 [INFO] PluginManager:220 - loadIPPluginJar : add quadspi
2025-07-08 11:11:49,638 [INFO] IPUIPlugin:80 - create IPUIPlugin
2025-07-08 11:11:49,638 [INFO] PluginManager:220 - loadIPPluginJar : add aes
2025-07-08 11:11:49,639 [INFO] IPUIPlugin:80 - create IPUIPlugin
2025-07-08 11:11:49,639 [INFO] PluginManager:220 - loadIPPluginJar : add pdm2pcm
2025-07-08 11:11:49,641 [INFO] IPUIPlugin:80 - create IPUIPlugin
2025-07-08 11:11:49,641 [INFO] PluginManager:220 - loadIPPluginJar : add hash
2025-07-08 11:11:49,642 [INFO] IPUIPlugin:80 - create IPUIPlugin
2025-07-08 11:11:49,642 [INFO] PluginManager:220 - loadIPPluginJar : add tim
2025-07-08 11:11:49,643 [INFO] IPUIPlugin:80 - create IPUIPlugin
2025-07-08 11:11:49,643 [INFO] PluginManager:220 - loadIPPluginJar : add tsc
2025-07-08 11:11:49,644 [INFO] IPUIPlugin:80 - create IPUIPlugin
2025-07-08 11:11:49,645 [INFO] PluginManager:220 - loadIPPluginJar : add extmemmanager
2025-07-08 11:11:49,646 [INFO] IPUIPlugin:80 - create IPUIPlugin
2025-07-08 11:11:49,646 [INFO] PluginManager:220 - loadIPPluginJar : add ts
2025-07-08 11:11:49,646 [INFO] IPUIPlugin:80 - create IPUIPlugin
2025-07-08 11:11:49,646 [INFO] PluginManager:220 - loadIPPluginJar : add radio
2025-07-08 11:11:49,647 [INFO] IPUIPlugin:80 - create IPUIPlugin
2025-07-08 11:11:49,647 [INFO] PluginManager:220 - loadIPPluginJar : add can
2025-07-08 11:11:49,648 [INFO] IPUIPlugin:80 - create IPUIPlugin
2025-07-08 11:11:49,648 [INFO] PluginManager:220 - loadIPPluginJar : add dma3
2025-07-08 11:11:49,648 [INFO] IPUIPlugin:80 - create IPUIPlugin
2025-07-08 11:11:49,648 [INFO] PluginManager:220 - loadIPPluginJar : add dfsdm
2025-07-08 11:11:49,649 [INFO] IPUIPlugin:80 - create IPUIPlugin
2025-07-08 11:11:49,649 [INFO] PluginManager:220 - loadIPPluginJar : add spi
2025-07-08 11:11:49,650 [INFO] IPUIPlugin:80 - create IPUIPlugin
2025-07-08 11:11:49,650 [INFO] PluginManager:220 - loadIPPluginJar : add gfxmmu
2025-07-08 11:11:49,651 [INFO] IPUIPlugin:80 - create IPUIPlugin
2025-07-08 11:11:49,651 [INFO] PluginManager:220 - loadIPPluginJar : add genericplugin
2025-07-08 11:11:49,652 [INFO] IPUIPlugin:80 - create IPUIPlugin
2025-07-08 11:11:49,652 [INFO] PluginManager:220 - loadIPPluginJar : add cryp
2025-07-08 11:11:49,655 [INFO] IPUIPlugin:80 - create IPUIPlugin
2025-07-08 11:11:49,655 [INFO] PluginManager:220 - loadIPPluginJar : add gpio
2025-07-08 11:11:49,657 [INFO] IPUIPlugin:80 - create IPUIPlugin
2025-07-08 11:11:49,657 [INFO] PluginManager:220 - loadIPPluginJar : add ddr_ctrl_phy
2025-07-08 11:11:49,658 [INFO] IPUIPlugin:80 - create IPUIPlugin
2025-07-08 11:11:49,658 [INFO] PluginManager:220 - loadIPPluginJar : add comp
2025-07-08 11:11:49,659 [INFO] IPUIPlugin:80 - create IPUIPlugin
2025-07-08 11:11:49,659 [INFO] PluginManager:220 - loadIPPluginJar : add tracer_emb
2025-07-08 11:11:49,660 [INFO] IPUIPlugin:80 - create IPUIPlugin
2025-07-08 11:11:49,660 [INFO] PluginManager:220 - loadIPPluginJar : add openamp
2025-07-08 11:11:49,663 [INFO] IPUIPlugin:80 - create IPUIPlugin
2025-07-08 11:11:49,663 [INFO] PluginManager:220 - loadIPPluginJar : add stm32_wpan
2025-07-08 11:11:49,665 [INFO] IPUIPlugin:80 - create IPUIPlugin
2025-07-08 11:11:49,668 [INFO] PluginManager:220 - loadIPPluginJar : add plateformsettings
2025-07-08 11:11:49,670 [INFO] IPUIPlugin:80 - create IPUIPlugin
2025-07-08 11:11:49,670 [INFO] PluginManager:220 - loadIPPluginJar : add ipddr
2025-07-08 11:11:49,671 [INFO] IPUIPlugin:80 - create IPUIPlugin
2025-07-08 11:11:49,671 [INFO] PluginManager:220 - loadIPPluginJar : add usart
2025-07-08 11:11:49,671 [INFO] IPUIPlugin:80 - create IPUIPlugin
2025-07-08 11:11:49,671 [INFO] PluginManager:220 - loadIPPluginJar : add ltdc
2025-07-08 11:11:49,673 [INFO] IPUIPlugin:80 - create IPUIPlugin
2025-07-08 11:11:49,673 [INFO] PluginManager:220 - loadIPPluginJar : add nvic
2025-07-08 11:11:49,673 [INFO] IPUIPlugin:80 - create IPUIPlugin
2025-07-08 11:11:49,673 [INFO] PluginManager:220 - loadIPPluginJar : add fatfs
2025-07-08 11:11:49,677 [INFO] IPUIPlugin:80 - create IPUIPlugin
2025-07-08 11:11:49,677 [INFO] PluginManager:220 - loadIPPluginJar : add linkedlist
2025-07-08 11:11:49,680 [INFO] IPUIPlugin:80 - create IPUIPlugin
2025-07-08 11:11:49,680 [INFO] PluginManager:220 - loadIPPluginJar : add dma
2025-07-08 11:11:49,682 [INFO] IPUIPlugin:80 - create IPUIPlugin
2025-07-08 11:11:49,682 [INFO] PluginManager:220 - loadIPPluginJar : add fmc
2025-07-08 11:11:49,683 [INFO] IPUIPlugin:80 - create IPUIPlugin
2025-07-08 11:11:49,683 [INFO] PluginManager:220 - loadIPPluginJar : add i2s
2025-07-08 11:11:49,683 [INFO] IPUIPlugin:80 - create IPUIPlugin
2025-07-08 11:11:49,683 [INFO] PluginManager:220 - loadIPPluginJar : add ucpd
2025-07-08 11:11:49,684 [INFO] IPUIPlugin:80 - create IPUIPlugin
2025-07-08 11:11:49,684 [INFO] PluginManager:220 - loadIPPluginJar : add lorawan
2025-07-08 11:11:49,685 [INFO] IPUIPlugin:80 - create IPUIPlugin
2025-07-08 11:11:49,685 [INFO] PluginManager:220 - loadIPPluginJar : add opamp
2025-07-08 11:11:49,686 [INFO] IPUIPlugin:80 - create IPUIPlugin
2025-07-08 11:11:49,686 [INFO] PluginManager:220 - loadIPPluginJar : add i3c
2025-07-08 11:11:49,687 [INFO] IPUIPlugin:80 - create IPUIPlugin
2025-07-08 11:11:49,687 [INFO] PluginManager:220 - loadIPPluginJar : add touchsensing
2025-07-08 11:11:49,688 [INFO] IPUIPlugin:80 - create IPUIPlugin
2025-07-08 11:11:49,688 [INFO] PluginManager:220 - loadIPPluginJar : add i2c
2025-07-08 11:11:49,690 [INFO] IPUIPlugin:80 - create IPUIPlugin
2025-07-08 11:11:49,690 [INFO] PluginManager:220 - loadIPPluginJar : add resmgrutility
2025-07-08 11:11:49,692 [INFO] IPUIPlugin:80 - create IPUIPlugin
2025-07-08 11:11:49,692 [INFO] PluginManager:220 - loadIPPluginJar : add sai
2025-07-08 11:11:49,693 [INFO] IPUIPlugin:80 - create IPUIPlugin
2025-07-08 11:11:49,693 [INFO] PluginManager:220 - loadIPPluginJar : add usbx
2025-07-08 11:11:49,795 [FATAL] Updater:351 - Updater called before beeing initialized
2025-07-08 11:11:49,858 [INFO] RulesReader:64 - Compatibility file has been processed (302 Rules)
2025-07-08 11:11:49,882 [INFO] RulesReader:64 - Compatibility file has been processed (302 Rules)
2025-07-08 11:11:49,902 [INFO] CADModel:165 - CPN selected for project level
2025-07-08 11:11:49,902 [INFO] CADModel:114 - Register for checkConnection events
2025-07-08 11:11:49,902 [FATAL] Updater:351 - Updater called before beeing initialized
2025-07-08 11:11:49,902 [ERROR] CADModel:125 - Updater not yet initialized, retry later 
2025-07-08 11:11:50,278 [FATAL] Updater:351 - Updater called before beeing initialized
2025-07-08 11:11:50,279 [INFO] CADModel:165 - CPN selected for project level
2025-07-08 11:11:50,279 [INFO] CADModel:114 - Register for checkConnection events
2025-07-08 11:11:50,279 [FATAL] Updater:351 - Updater called before beeing initialized
2025-07-08 11:11:50,280 [ERROR] CADModel:125 - Updater not yet initialized, retry later 
2025-07-08 11:11:50,281 [FATAL] Updater:351 - Updater called before beeing initialized
2025-07-08 11:11:50,400 [FATAL] Updater:351 - Updater called before beeing initialized
2025-07-08 11:11:50,403 [INFO] DbMcusAds:53 - JSON generation date=Wed May 07 02:07:55 PDT 2025 (1746608875484)
2025-07-08 11:11:50,403 [FATAL] Updater:351 - Updater called before beeing initialized
2025-07-08 11:11:50,454 [WARN] DetailPanel:346 - Failed to get advertising image, set to default
2025-07-08 11:11:50,602 [FATAL] Updater:351 - Updater called before beeing initialized
2025-07-08 11:11:50,604 [FATAL] Updater:351 - Updater called before beeing initialized
2025-07-08 11:11:50,604 [FATAL] Updater:351 - Updater called before beeing initialized
2025-07-08 11:11:50,604 [WARN] DetailPanel:346 - Failed to get advertising image, set to default
2025-07-08 11:11:50,607 [FATAL] Updater:351 - Updater called before beeing initialized
2025-07-08 11:11:50,649 [ERROR] Updater:1198 - MainUpdater not yet initialized. External WinMGr cannot be set.
2025-07-08 11:11:50,669 [INFO] Updater:1134 - Updater Version found : 6.14.1
2025-07-08 11:11:50,680 [INFO] ApplicationProperties:184 - Using Application install path: /Applications/STM32CubeIDE.app/Contents/Eclipse/plugins/com.st.stm32cube.common.mx_6.14.1.202504091515
2025-07-08 11:11:50,983 [INFO] MainUpdater:2872 - connection check result : 10
2025-07-08 11:11:50,984 [INFO] MainUpdater:289 - Updater Check For Update Now.
2025-07-08 11:11:50,984 [INFO] MicroXplorer:498 - Change Database Version : DB.6.0.141
2025-07-08 11:11:50,990 [INFO] McuFinderGlobals:63 - Set McuFinder mode to 2 (CubeIDE integrated)
2025-07-08 11:11:50,991 [INFO] UserAuth:484 - Internet connection configuration mode: 1
2025-07-08 11:11:51,001 [INFO] JxBrowserEngine:152 - Initiate JxBrowser Engine with user profile folder
2025-07-08 11:11:51,198 [INFO] CheckServerUpdateThread:120 - End of CheckServer Thread
2025-07-08 11:11:52,275 [WARN] PackLoader:240 - Cannot read IP mode file for STMicroelectronics.FP-SNS-MOTENVWB1.1.4.0
2025-07-08 11:11:52,296 [WARN] PackLoader:240 - Cannot read IP mode file for STMicroelectronics.FP-ATR-ASTRA1.2.0.2
2025-07-08 11:11:52,303 [WARN] PackLoader:240 - Cannot read IP mode file for STMicroelectronics.FP-ATR-ASTRA1.2.0.1
2025-07-08 11:11:52,316 [WARN] PackLoader:240 - Cannot read IP mode file for STMicroelectronics.X-CUBE-SMBUS.2.1.0
2025-07-08 11:11:52,325 [WARN] PackLoader:240 - Cannot read IP mode file for STMicroelectronics.X-CUBE-WB05N.1.1.0
2025-07-08 11:11:52,331 [WARN] PackLoader:240 - Cannot read IP mode file for STMicroelectronics.X-CUBE-ST60.1.0.0
2025-07-08 11:11:52,373 [WARN] PackLoader:240 - Cannot read IP mode file for STMicroelectronics.X-CUBE-AZRTOS-F7.1.1.0
2025-07-08 11:11:52,392 [WARN] PackLoader:240 - Cannot read IP mode file for STMicroelectronics.FP-SNS-FLIGHT1.5.0.2
2025-07-08 11:11:52,438 [WARN] PackLoader:240 - Cannot read IP mode file for Infineon.AIROC-Wi-Fi-Bluetooth-STM32.1.7.0
2025-07-08 11:11:52,528 [WARN] PackLoader:240 - Cannot read IP mode file for STMicroelectronics.X-CUBE-AZRTOS-H7.3.4.0
2025-07-08 11:11:52,550 [WARN] PackLoader:240 - Cannot read IP mode file for STMicroelectronics.X-CUBE-DISPLAY.3.0.0
2025-07-08 11:11:52,573 [WARN] PackLoader:240 - Cannot read IP mode file for STMicroelectronics.X-CUBE-BLE1.7.0.0
2025-07-08 11:11:52,582 [WARN] PackLoader:240 - Cannot read IP mode file for STMicroelectronics.X-CUBE-NFC10.1.0.0
2025-07-08 11:11:52,603 [WARN] PackLoader:240 - Cannot read IP mode file for STMicroelectronics.X-CUBE-BLEMGR.4.0.0
2025-07-08 11:11:52,642 [WARN] PackLoader:240 - Cannot read IP mode file for emotas.I-CUBE-CANOPEN.1.3.0
2025-07-08 11:11:52,651 [WARN] PackLoader:240 - Cannot read IP mode file for STMicroelectronics.X-CUBE-AI.10.0.0
2025-07-08 11:11:52,658 [WARN] PackLoader:240 - Cannot read IP mode file for STMicroelectronics.FP-SNS-SMARTAG2.1.2.0
2025-07-08 11:11:52,678 [WARN] PackLoader:240 - Cannot read IP mode file for STMicroelectronics.FP-SNS-FLIGHT1.5.1.0
2025-07-08 11:11:52,767 [WARN] PackLoader:240 - Cannot read IP mode file for STMicroelectronics.X-CUBE-MEMS1.11.1.0
2025-07-08 11:11:53,174 [INFO] LogOutputStream:77 - [STDOUT_REDIRECT] 1 : Invalid condition id : UX_CORESTACK_Condition cause : null
2025-07-08 11:11:53,183 [INFO] LogOutputStream:77 - [STDOUT_REDIRECT] 1 : Invalid condition id : UX_CORESTACK_Condition cause : null
2025-07-08 11:11:53,185 [INFO] LogOutputStream:77 - [STDOUT_REDIRECT] 1 : Invalid condition id : UX_CORESTACK_Condition cause : null
2025-07-08 11:11:53,185 [INFO] LogOutputStream:77 - [STDOUT_REDIRECT] 1 : Invalid condition id : UX_CORESTACK_Condition cause : null
2025-07-08 11:11:53,185 [INFO] LogOutputStream:77 - [STDOUT_REDIRECT] 1 : Invalid condition id : UX_CORESTACK_Condition cause : null
2025-07-08 11:11:53,193 [WARN] PackLoader:240 - Cannot read IP mode file for STMicroelectronics.X-CUBE-AZRTOS-WL.2.0.0
2025-07-08 11:11:53,230 [WARN] PackLoader:240 - Cannot read IP mode file for STMicroelectronics.FP-SNS-MOTENV1.5.0.0
2025-07-08 11:11:53,239 [WARN] PackLoader:240 - Cannot read IP mode file for wolfSSL.I-CUBE-wolfMQTT.1.19.0
2025-07-08 11:11:53,255 [WARN] PackLoader:240 - Cannot read IP mode file for WES.I-CUBE-Cesium.1.3.0
2025-07-08 11:11:53,267 [WARN] PackLoader:240 - Cannot read IP mode file for STMicroelectronics.X-CUBE-BLE2.3.3.0
2025-07-08 11:11:53,279 [WARN] PackLoader:240 - Cannot read IP mode file for STMicroelectronics.X-CUBE-NFC9.1.0.0
2025-07-08 11:11:53,290 [WARN] PackLoader:240 - Cannot read IP mode file for STMicroelectronics.X-CUBE-BLE1.7.1.0
2025-07-08 11:11:53,303 [WARN] PackLoader:240 - Cannot read IP mode file for STMicroelectronics.X-CUBE-AI.10.1.0
2025-07-08 11:11:53,362 [WARN] PackLoader:240 - Cannot read IP mode file for STMicroelectronics.X-CUBE-MEMS1.11.2.0
2025-07-08 11:11:53,443 [WARN] PackLoader:240 - Cannot read IP mode file for STMicroelectronics.X-CUBE-AZRTOS-G0.1.1.0
2025-07-08 11:11:53,463 [WARN] PackLoader:240 - Cannot read IP mode file for STMicroelectronics.X-CUBE-SAFEA1.1.2.2
2025-07-08 11:11:53,469 [WARN] PackLoader:240 - Cannot read IP mode file for STMicroelectronics.X-CUBE-NFC4.3.0.0
2025-07-08 11:11:53,484 [WARN] PackLoader:240 - Cannot read IP mode file for EmbeddedOffice.I-CUBE-FS-RTOS.1.0.1
2025-07-08 11:11:53,496 [WARN] PackLoader:240 - Cannot read IP mode file for STMicroelectronics.X-CUBE-WB05N.2.0.0
2025-07-08 11:11:53,506 [WARN] PackLoader:240 - Cannot read IP mode file for STMicroelectronics.X-CUBE-TCPP.4.2.0
2025-07-08 11:11:53,513 [WARN] PackLoader:240 - Cannot read IP mode file for RealThread.X-CUBE-RT-Thread_Nano.4.1.1
2025-07-08 11:11:53,517 [WARN] PackLoader:240 - Cannot read IP mode file for STMicroelectronics.FP-ATR-SIGFOX1.3.2.0
2025-07-08 11:11:53,521 [WARN] ConditionMgr:438 - getConditionDescription Invalid condition id : Cortex-A Device cause : null
2025-07-08 11:11:53,561 [WARN] ConditionMgr:1044 - genDependencies : Invalid condition id : Cortex-A Device cause : null
2025-07-08 11:11:53,561 [WARN] ConditionMgr:1044 - genDependencies : Invalid condition id : Cortex-A Device cause : null
2025-07-08 11:11:53,561 [WARN] ConditionMgr:1044 - genDependencies : Invalid condition id : Cortex-A Device cause : null
2025-07-08 11:11:53,567 [WARN] PackLoader:240 - Cannot read IP mode file for STMicroelectronics.X-CUBE-EEPRMA1.5.1.0
2025-07-08 11:11:53,570 [WARN] PackLoader:240 - Cannot read IP mode file for wolfSSL.I-CUBE-wolfSSL.5.7.6
2025-07-08 11:11:53,576 [WARN] PackLoader:240 - Cannot read IP mode file for ITTIA_DB.I-CUBE-ITTIADB.8.9.0
2025-07-08 11:11:53,582 [WARN] PackLoader:240 - Cannot read IP mode file for STMicroelectronics.X-CUBE-ST67W61.1.0.0
2025-07-08 11:11:53,639 [WARN] PackLoader:240 - Cannot read IP mode file for SEGGER.I-CUBE-embOS.1.3.1
2025-07-08 11:11:53,669 [WARN] PackLoader:240 - Cannot read IP mode file for STMicroelectronics.X-CUBE-ALGOBUILD.1.4.0
2025-07-08 11:11:53,737 [WARN] PackLoader:240 - Cannot read IP mode file for STMicroelectronics.X-CUBE-MEMS1.11.3.0
2025-07-08 11:11:53,807 [WARN] PackLoader:240 - Cannot read IP mode file for STMicroelectronics.X-CUBE-PM33A1.1.0.0
2025-07-08 11:11:53,826 [WARN] PackLoader:240 - Cannot read IP mode file for STMicroelectronics.X-CUBE-AZRTOS-F4.1.1.0
2025-07-08 11:11:53,834 [WARN] PackLoader:240 - Cannot read IP mode file for Avnet-IotConnect.X-CUBE-IoTC-DA16k-PMOD.1.0.0
2025-07-08 11:11:53,840 [WARN] PackLoader:240 - Cannot read IP mode file for STMicroelectronics.X-CUBE-ISPU.2.1.0
2025-07-08 11:11:53,923 [WARN] PackLoader:240 - Cannot read IP mode file for STMicroelectronics.X-CUBE-AZRTOS-L5.2.0.0
2025-07-08 11:11:54,109 [WARN] PackLoader:240 - Cannot read IP mode file for STMicroelectronics.X-CUBE-NFC6.3.1.0
2025-07-08 11:11:54,170 [WARN] PackLoader:240 - Cannot read IP mode file for STMicroelectronics.X-CUBE-DPower.1.2.0
2025-07-08 11:11:54,178 [WARN] PackLoader:240 - Cannot read IP mode file for STMicroelectronics.X-CUBE-FREERTOS.1.3.1
2025-07-08 11:11:54,181 [WARN] PackLoader:240 - Cannot read IP mode file for STMicroelectronics.X-CUBE-FREERTOS.1.3.0
2025-07-08 11:11:54,188 [WARN] PackLoader:240 - Cannot read IP mode file for STMicroelectronics.X-CUBE-NFC7.1.0.1
2025-07-08 11:11:54,194 [WARN] PackLoader:240 - Cannot read IP mode file for STMicroelectronics.FP-SNS-STAIOTCFT.1.0.0
2025-07-08 11:11:54,198 [WARN] PackLoader:240 - Cannot read IP mode file for STMicroelectronics.X-CUBE-DPower.1.3.0
2025-07-08 11:11:54,215 [WARN] ConditionMgr:438 - getConditionDescription Invalid condition id : LAN8742 Phy interface Condition cause : null
2025-07-08 11:11:54,216 [WARN] PackLoader:240 - Cannot read IP mode file for STMicroelectronics.X-CUBE-AZRTOS-L4.2.0.0
2025-07-08 11:11:54,217 [WARN] ConditionMgr:1044 - genDependencies : Invalid condition id : LAN8742 Phy interface Condition cause : null
2025-07-08 11:11:54,217 [WARN] ConditionMgr:1044 - genDependencies : Invalid condition id : LAN8742 Phy interface Condition cause : null
2025-07-08 11:11:54,218 [WARN] ConditionMgr:1044 - genDependencies : Invalid condition id : LAN8742 Phy interface Condition cause : null
2025-07-08 11:11:54,228 [WARN] PackLoader:240 - Cannot read IP mode file for STMicroelectronics.X-CUBE-SFXS2LP1.4.0.0
2025-07-08 11:11:54,248 [WARN] PackLoader:240 - Cannot read IP mode file for STMicroelectronics.X-CUBE-AZRTOS-H7.3.3.0
2025-07-08 11:11:54,259 [WARN] ConditionMgr:438 - getConditionDescription Invalid condition id : UX DEVICE CLASS RTOS Condition cause : null
2025-07-08 11:11:54,259 [WARN] ConditionMgr:438 - getConditionDescription Invalid condition id : UX DEVICE CLASS RTOS Condition cause : null
2025-07-08 11:11:54,262 [WARN] PackLoader:240 - Cannot read IP mode file for STMicroelectronics.X-CUBE-AZRTOS-WB.2.0.0
2025-07-08 11:11:54,262 [WARN] ConditionMgr:1044 - genDependencies : Invalid condition id : UX DEVICE CLASS RTOS Condition cause : null
2025-07-08 11:11:54,262 [WARN] ConditionMgr:1044 - genDependencies : Invalid condition id : UX DEVICE CLASS RTOS Condition cause : null
2025-07-08 11:11:54,263 [WARN] ConditionMgr:1044 - genDependencies : Invalid condition id : UX DEVICE CLASS RTOS Condition cause : null
2025-07-08 11:11:54,263 [WARN] ConditionMgr:1044 - genDependencies : Invalid condition id : UX DEVICE CLASS RTOS Condition cause : null
2025-07-08 11:11:54,263 [WARN] ConditionMgr:1044 - genDependencies : Invalid condition id : UX DEVICE CLASS RTOS Condition cause : null
2025-07-08 11:11:54,269 [WARN] PackLoader:240 - Cannot read IP mode file for STMicroelectronics.X-CUBE-GNSS1.7.0.1
2025-07-08 11:11:54,284 [WARN] PackLoader:240 - Cannot read IP mode file for STMicroelectronics.X-CUBE-TOUCHGFX.4.25.0
2025-07-08 11:11:54,288 [WARN] PackLoader:240 - Cannot read IP mode file for STMicroelectronics.FP-SNS-STBOX1.2.0.0
2025-07-08 11:11:54,296 [WARN] PackLoader:240 - Cannot read IP mode file for STMicroelectronics.X-CUBE-SUBG2.5.0.0
2025-07-08 11:11:54,319 [WARN] PackLoader:240 - Cannot read IP mode file for STMicroelectronics.X-CUBE-AZRTOS-H7RS.1.1.0
2025-07-08 11:11:54,327 [WARN] PackLoader:240 - Cannot read IP mode file for Cesanta.I-CUBE-Mongoose.7.13.0
2025-07-08 11:11:54,342 [WARN] PackLoader:240 - Cannot read IP mode file for STMicroelectronics.X-CUBE-AZRTOS-G4.2.0.0
2025-07-08 11:11:54,357 [WARN] PackLoader:240 - Cannot read IP mode file for STMicroelectronics.X-CUBE-NFC7.2.0.0
2025-07-08 11:11:54,378 [WARN] PackLoader:240 - Cannot read IP mode file for STMicroelectronics.X-CUBE-IPS.3.1.0
2025-07-08 11:11:54,383 [WARN] PackLoader:240 - Cannot read IP mode file for STMicroelectronics.X-CUBE-ALS.1.0.2
2025-07-08 11:11:54,389 [WARN] PackLoader:240 - Cannot read IP mode file for STMicroelectronics.X-CUBE-TOUCHGFX.4.24.2
2025-07-08 11:11:54,395 [WARN] PackLoader:240 - Cannot read IP mode file for wolfSSL.I-CUBE-wolfTPM.3.4.0
2025-07-08 11:11:54,398 [WARN] PackLoader:240 - Cannot read IP mode file for portGmbH.I-Cube-SoM-uGOAL.1.1.0
2025-07-08 11:11:54,412 [WARN] PackLoader:240 - Cannot read IP mode file for STMicroelectronics.X-CUBE-AZRTOS-H7RS.1.0.0
2025-07-08 11:11:54,427 [WARN] PackLoader:240 - Cannot read IP mode file for STMicroelectronics.X-CUBE-TOF1.3.4.2
2025-07-08 11:11:54,449 [WARN] PackLoader:240 - Cannot read IP mode file for STMicroelectronics.X-CUBE-TOF1.3.4.3
2025-07-08 11:11:54,456 [WARN] PackLoader:240 - Cannot read IP mode file for wolfSSL.I-CUBE-wolfSSH.1.4.17
2025-07-08 11:11:54,472 [INFO] ThirdParty:978 - Integrity check success = true
2025-07-08 11:11:54,473 [INFO] IntegrityCheckThread:100 - exiting critical section [integrity check]
2025-07-08 11:11:54,473 [INFO] IntegrityCheckThread:103 - End integrity checks thread
2025-07-08 11:11:54,932 [INFO] WebApp:169 - Instantiating new browser for Auth
2025-07-08 11:11:55,861 [INFO] WebApp:463 - Apply proxy settings
2025-07-08 11:11:55,874 [INFO] WebApp:508 - Chromium authenticates against Manually configured proxy
2025-07-08 11:11:55,884 [INFO] WebApp:516 - Username used for proxy authentication: 
2025-07-08 11:11:55,917 [INFO] WebApp:894 - Register for checkConnection events
2025-07-08 11:11:55,917 [INFO] WebApp:463 - Apply proxy settings
2025-07-08 11:11:55,921 [INFO] WebApp:508 - Chromium authenticates against Manually configured proxy
2025-07-08 11:11:55,921 [INFO] WebApp:516 - Username used for proxy authentication: 
2025-07-08 11:11:56,046 [INFO] WebApp:225 - Starting web application
2025-07-08 11:11:56,047 [INFO] WebApp:593 - Web application path used /Applications/STM32CubeIDE.app/Contents/Eclipse/plugins/com.st.stm32cube.common.mx_6.14.1.202504091515/db/plugins/mcufinder/reactClient1/index.html
2025-07-08 11:11:56,479 [INFO] WebApp:191 - Connection restablished
2025-07-08 11:11:56,623 [INFO] UserAuth:484 - Internet connection configuration mode: 1
2025-07-08 12:36:41,039 [INFO] WebApp:194 - Connection lost
2025-07-08 12:36:41,898 [INFO] WebApp:191 - Connection restablished
2025-07-08 12:52:40,137 [INFO] WebApp:194 - Connection lost
2025-07-08 12:52:40,514 [INFO] WebApp:191 - Connection restablished
2025-07-08 12:57:06,415 [INFO] WebApp:194 - Connection lost
2025-07-08 12:57:06,794 [INFO] WebApp:191 - Connection restablished
2025-07-08 13:05:00,835 [INFO] WebApp:194 - Connection lost
2025-07-08 13:05:01,443 [INFO] WebApp:191 - Connection restablished
2025-07-08 14:22:15,126 [INFO] WebApp:194 - Connection lost
2025-07-08 14:22:15,622 [INFO] WebApp:191 - Connection restablished
2025-07-08 14:38:02,661 [INFO] WebApp:194 - Connection lost
2025-07-08 14:38:03,280 [INFO] WebApp:191 - Connection restablished
2025-07-08 15:00:39,957 [INFO] WebApp:194 - Connection lost
2025-07-08 15:00:40,594 [INFO] WebApp:191 - Connection restablished
2025-07-08 15:31:44,106 [INFO] WebApp:194 - Connection lost
2025-07-08 15:31:44,676 [INFO] WebApp:191 - Connection restablished
2025-07-08 16:22:57,950 [INFO] WebApp:194 - Connection lost
2025-07-08 16:22:58,443 [INFO] WebApp:191 - Connection restablished
2025-07-08 17:15:52,115 [INFO] WebApp:194 - Connection lost
2025-07-08 17:15:52,688 [INFO] WebApp:191 - Connection restablished
2025-07-08 19:38:40,646 [INFO] WebApp:194 - Connection lost
2025-07-08 19:38:41,227 [INFO] WebApp:191 - Connection restablished
2025-07-08 19:56:25,083 [INFO] WebApp:194 - Connection lost
2025-07-08 19:56:25,651 [INFO] WebApp:191 - Connection restablished
2025-07-08 21:55:02,153 [ERROR] LogOutputStream:75 - [STDERR_REDIRECT] 
