2025-06-26 13:48:07,669 [INFO] Activator:176 - 


2025-06-26 13:48:07,674 [INFO] Activator:177 - !SESSION log4j initialized
2025-06-26 13:48:11,469 [ERROR] LogOutputStream:75 - [STDERR_REDIRECT] 
2025-06-26 13:48:11,841 [INFO] LogOutputStream:77 - [STDOUT_REDIRECT] 
2025-06-26 13:48:13,270 [INFO] LogOutputStream:77 - [STDOUT_REDIRECT] 
2025-06-26 13:48:14,187 [INFO] ApplicationProperties:184 - Using Application install path: /Applications/STM32CubeIDE.app/Contents/Eclipse/plugins/com.st.stm32cube.common.mx_6.14.1.202504091515
2025-06-26 13:48:14,199 [INFO] DbMcusXml:78 - Set database path to: /Applications/STM32CubeIDE.app/Contents/Eclipse/plugins/com.st.stm32cube.common.mx_6.14.1.202504091515//db//mcu/
2025-06-26 13:48:14,199 [INFO] ApiDb:274 - Set plugin database path to: /Applications/STM32CubeIDE.app/Contents/Eclipse/plugins/com.st.stm32cube.common.mx_6.14.1.202504091515//db//plugins/boardmanager/
2025-06-26 13:48:14,199 [WARN] ApiDb:259 - Overriding images path with different value:  => /Applications/STM32CubeIDE.app/Contents/Eclipse/plugins/com.st.stm32cube.common.mx_6.14.1.202504091515//db//plugins/mcufinder/images/
2025-06-26 13:48:14,205 [INFO] ApiDb:250 - Set database path to: /Users/mauricewashington/.stmcufinder/plugins/mcufinder//mcu/
2025-06-26 13:48:14,205 [INFO] DbMcusAds:125 - Set database path to: /Users/mauricewashington/.stmcufinder/plugins/mcufinder//mcu/
2025-06-26 13:48:14,206 [INFO] CrossReferenceDbSqlite:203 - Set database path to: /Users/mauricewashington/.stmcufinder/plugins/mcufinder//mcu/cs/
2025-06-26 13:48:14,300 [INFO] RulesReader:64 - Compatibility file has been processed (302 Rules)
2025-06-26 13:48:14,356 [INFO] DbMcusXml:78 - Set database path to: /Applications/STM32CubeIDE.app/Contents/Eclipse/plugins/com.st.stm32cube.common.mx_6.14.1.202504091515//db//mcu/
2025-06-26 13:48:14,356 [INFO] ApiDb:274 - Set plugin database path to: /Applications/STM32CubeIDE.app/Contents/Eclipse/plugins/com.st.stm32cube.common.mx_6.14.1.202504091515//db//plugins/boardmanager/
2025-06-26 13:48:14,356 [INFO] ApiDb:261 - Set plugin images path to: /Applications/STM32CubeIDE.app/Contents/Eclipse/plugins/com.st.stm32cube.common.mx_6.14.1.202504091515//db//plugins/mcufinder/images/
2025-06-26 13:48:14,357 [WARN] DbFile:41 - Overriding database path with different value: /Users/mauricewashington/.stmcufinder/plugins/mcufinder/ => /Users/mauricewashington/.stmcufinder/plugins/mcufinder
2025-06-26 13:48:14,357 [INFO] ApiDb:250 - Set database path to: /Users/mauricewashington/.stmcufinder/plugins/mcufinder//mcu/
2025-06-26 13:48:14,357 [WARN] DbFile:41 - Overriding database path with different value: /Users/mauricewashington/.stmcufinder/plugins/mcufinder/ => /Users/mauricewashington/.stmcufinder/plugins/mcufinder
2025-06-26 13:48:14,357 [INFO] DbMcusAds:125 - Set database path to: /Users/mauricewashington/.stmcufinder/plugins/mcufinder//mcu/
2025-06-26 13:48:14,357 [WARN] DbFile:41 - Overriding database path with different value: /Users/mauricewashington/.stmcufinder/plugins/mcufinder/ => /Users/mauricewashington/.stmcufinder/plugins/mcufinder
2025-06-26 13:48:14,357 [WARN] DbFile:41 - Overriding database path with different value: /Users/mauricewashington/.stmcufinder/plugins/mcufinder/ => /Users/mauricewashington/.stmcufinder/plugins/mcufinder
2025-06-26 13:48:14,357 [INFO] CrossReferenceDbSqlite:203 - Set database path to: /Users/mauricewashington/.stmcufinder/plugins/mcufinder//mcu/cs/
2025-06-26 13:48:14,406 [INFO] MainPanel:272 - HeapMemory: 268435456
2025-06-26 13:48:14,672 [INFO] DbMcusXml:78 - Set database path to: /Applications/STM32CubeIDE.app/Contents/Eclipse/plugins/com.st.stm32cube.common.mx_6.14.1.202504091515//db//mcu/
2025-06-26 13:48:14,673 [INFO] ApiDb:274 - Set plugin database path to: /Applications/STM32CubeIDE.app/Contents/Eclipse/plugins/com.st.stm32cube.common.mx_6.14.1.202504091515//db//plugins/boardmanager/
2025-06-26 13:48:14,673 [INFO] ApiDb:261 - Set plugin images path to: /Applications/STM32CubeIDE.app/Contents/Eclipse/plugins/com.st.stm32cube.common.mx_6.14.1.202504091515//db//plugins/mcufinder/images/
2025-06-26 13:48:14,673 [WARN] DbFile:41 - Overriding database path with different value: /Users/mauricewashington/.stmcufinder/plugins/mcufinder/ => /Users/mauricewashington/.stmcufinder/plugins/mcufinder
2025-06-26 13:48:14,673 [INFO] ApiDb:250 - Set database path to: /Users/mauricewashington/.stmcufinder/plugins/mcufinder//mcu/
2025-06-26 13:48:14,673 [WARN] DbFile:41 - Overriding database path with different value: /Users/mauricewashington/.stmcufinder/plugins/mcufinder/ => /Users/mauricewashington/.stmcufinder/plugins/mcufinder
2025-06-26 13:48:14,673 [INFO] DbMcusAds:125 - Set database path to: /Users/mauricewashington/.stmcufinder/plugins/mcufinder//mcu/
2025-06-26 13:48:14,673 [WARN] DbFile:41 - Overriding database path with different value: /Users/mauricewashington/.stmcufinder/plugins/mcufinder/ => /Users/mauricewashington/.stmcufinder/plugins/mcufinder
2025-06-26 13:48:14,673 [WARN] DbFile:41 - Overriding database path with different value: /Users/mauricewashington/.stmcufinder/plugins/mcufinder/ => /Users/mauricewashington/.stmcufinder/plugins/mcufinder
2025-06-26 13:48:14,673 [INFO] CrossReferenceDbSqlite:203 - Set database path to: /Users/mauricewashington/.stmcufinder/plugins/mcufinder//mcu/cs/
2025-06-26 13:48:14,686 [INFO] ApplicationProperties:184 - Using Application install path: /Applications/STM32CubeIDE.app/Contents/Eclipse/plugins/com.st.stm32cube.common.mx_6.14.1.202504091515
2025-06-26 13:48:14,687 [INFO] PluginManage:196 - Search for loadable plugins [exclusion list=, ]
2025-06-26 13:48:14,688 [INFO] PluginManage:310 - Check plugin analytics
2025-06-26 13:48:14,829 [INFO] AnalyticsPlugin:253 - Accepted Software Licenses: 
2025-06-26 13:48:14,829 [INFO] AnalyticsPlugin:255 - Accepted CMSIS Pack Licenses: 
2025-06-26 13:48:14,829 [INFO] AnalyticsPlugin:257 - Accepted Firmware Licenses: 
2025-06-26 13:48:14,837 [INFO] PluginManage:359 - Loaded plugin analytics (category:tool,tabindex:-1)
2025-06-26 13:48:14,838 [INFO] PluginManage:310 - Check plugin cadmodel
2025-06-26 13:48:14,850 [INFO] CADModel:105 - Init CAD model plugin
2025-06-26 13:48:14,851 [INFO] PluginManage:359 - Loaded plugin cadmodel (category:power,tabindex:5)
2025-06-26 13:48:14,851 [INFO] PluginManage:310 - Check plugin clock
2025-06-26 13:48:14,859 [INFO] PluginManage:359 - Loaded plugin clock (category:base,tabindex:2)
2025-06-26 13:48:14,859 [INFO] PluginManage:310 - Check plugin ddr
2025-06-26 13:48:14,861 [INFO] PluginManage:359 - Loaded plugin ddr (category:tool,tabindex:6)
2025-06-26 13:48:14,861 [INFO] PluginManage:310 - Check plugin filemanager
2025-06-26 13:48:14,986 [INFO] PluginManage:359 - Loaded plugin filemanager (category:base,tabindex:10)
2025-06-26 13:48:14,986 [INFO] PluginManage:310 - Check plugin ipmanager
2025-06-26 13:48:14,992 [INFO] PluginManage:359 - Loaded plugin ipmanager (category:base,tabindex:5)
2025-06-26 13:48:14,992 [INFO] PluginManage:310 - Check plugin lpbam
2025-06-26 13:48:14,999 [INFO] PluginManage:359 - Loaded plugin lpbam (category:base,tabindex:0)
2025-06-26 13:48:14,999 [INFO] PluginManage:310 - Check plugin memorymap
2025-06-26 13:48:15,006 [INFO] PluginManage:359 - Loaded plugin memorymap (category:base,tabindex:4)
2025-06-26 13:48:15,006 [INFO] PluginManage:310 - Check plugin pinoutandconfiguration
2025-06-26 13:48:15,011 [INFO] PluginManage:359 - Loaded plugin pinoutandconfiguration (category:base,tabindex:1)
2025-06-26 13:48:15,011 [INFO] PluginManage:310 - Check plugin pinoutconfig
2025-06-26 13:48:15,092 [WARN] SupportedApi:132 - Cannot load RTOS API schema: s4s-elt-must-match.1: The content of 'definitions' must match (annotation?, (simpleType | complexType)?, (unique | key | keyref)*)). A problem was found starting at: attribute.
2025-06-26 13:48:15,225 [INFO] PluginManage:359 - Loaded plugin pinoutconfig (category:base,tabindex:0)
2025-06-26 13:48:15,226 [INFO] PluginManage:310 - Check plugin power
2025-06-26 13:48:15,236 [INFO] PluginManage:359 - Loaded plugin power (category:power,tabindex:4)
2025-06-26 13:48:15,237 [INFO] PluginManage:310 - Check plugin projectmanager
2025-06-26 13:48:15,259 [INFO] PluginManage:359 - Loaded plugin projectmanager (category:projectmanager,tabindex:4)
2025-06-26 13:48:15,259 [INFO] PluginManage:310 - Check plugin rif
2025-06-26 13:48:15,265 [INFO] PluginManage:359 - Loaded plugin rif (category:base,tabindex:3)
2025-06-26 13:48:15,265 [INFO] PluginManage:310 - Check plugin thirdparty
2025-06-26 13:48:15,381 [INFO] PluginManage:359 - Loaded plugin thirdparty (category:base,tabindex:-1)
2025-06-26 13:48:15,382 [INFO] PluginManage:310 - Check plugin tools
2025-06-26 13:48:15,381 [WARN] IntegrityCheckThread:84 - waiting for thirdparty lock release [integrity check]
2025-06-26 13:48:15,382 [INFO] IntegrityCheckThread:86 - entering critical section [integrity check]
2025-06-26 13:48:15,383 [INFO] ThirdPartyUpdaterWithRetryManager:70 - Updater plugin not ready yet. [1/15]
2025-06-26 13:48:15,384 [INFO] PluginManage:359 - Loaded plugin tools (category:base,tabindex:7)
2025-06-26 13:48:15,384 [INFO] PluginManage:310 - Check plugin tutovideos
2025-06-26 13:48:15,510 [INFO] PluginManage:359 - Loaded plugin tutovideos (category:base,tabindex:-1)
2025-06-26 13:48:15,510 [INFO] PluginManage:310 - Check plugin updater
2025-06-26 13:48:15,533 [INFO] PluginManage:359 - Loaded plugin updater (category:base,tabindex:12)
2025-06-26 13:48:15,533 [INFO] PluginManage:310 - Check plugin userauth
2025-06-26 13:48:15,540 [INFO] UserAuth:118 - Init User Auth plugin
2025-06-26 13:48:15,541 [INFO] PluginManage:359 - Loaded plugin userauth (category:base,tabindex:14)
2025-06-26 13:48:15,542 [INFO] PluginManage:283 - PluginManage : Loaded plugins [18]
2025-06-26 13:48:15,727 [INFO] PinOutPanel:1589 - setPackage(No Configuration,No Configuration)
2025-06-26 13:48:15,773 [INFO] CADModel:165 - CPN selected for project level
2025-06-26 13:48:15,773 [INFO] CADModel:114 - Register for checkConnection events
2025-06-26 13:48:15,782 [INFO] IPUIPlugin:80 - create IPUIPlugin
2025-06-26 13:48:15,782 [INFO] PluginManager:220 - loadIPPluginJar : add mdma
2025-06-26 13:48:15,787 [INFO] IPUIPlugin:80 - create IPUIPlugin
2025-06-26 13:48:15,787 [INFO] PluginManager:220 - loadIPPluginJar : add freertos
2025-06-26 13:48:15,789 [INFO] IPUIPlugin:80 - create IPUIPlugin
2025-06-26 13:48:15,789 [INFO] PluginManager:220 - loadIPPluginJar : add gic
2025-06-26 13:48:15,796 [INFO] IPUIPlugin:80 - create IPUIPlugin
2025-06-26 13:48:15,796 [INFO] PluginManager:220 - loadIPPluginJar : add adc
2025-06-26 13:48:15,797 [INFO] IPUIPlugin:80 - create IPUIPlugin
2025-06-26 13:48:15,797 [INFO] PluginManager:220 - loadIPPluginJar : add gtzc
2025-06-26 13:48:15,799 [INFO] IPUIPlugin:80 - create IPUIPlugin
2025-06-26 13:48:15,799 [INFO] PluginManager:220 - loadIPPluginJar : add quadspi
2025-06-26 13:48:15,800 [INFO] IPUIPlugin:80 - create IPUIPlugin
2025-06-26 13:48:15,800 [INFO] PluginManager:220 - loadIPPluginJar : add aes
2025-06-26 13:48:15,801 [INFO] IPUIPlugin:80 - create IPUIPlugin
2025-06-26 13:48:15,801 [INFO] PluginManager:220 - loadIPPluginJar : add pdm2pcm
2025-06-26 13:48:15,802 [INFO] IPUIPlugin:80 - create IPUIPlugin
2025-06-26 13:48:15,802 [INFO] PluginManager:220 - loadIPPluginJar : add hash
2025-06-26 13:48:15,802 [INFO] IPUIPlugin:80 - create IPUIPlugin
2025-06-26 13:48:15,802 [INFO] PluginManager:220 - loadIPPluginJar : add tim
2025-06-26 13:48:15,803 [INFO] IPUIPlugin:80 - create IPUIPlugin
2025-06-26 13:48:15,803 [INFO] PluginManager:220 - loadIPPluginJar : add tsc
2025-06-26 13:48:15,805 [INFO] IPUIPlugin:80 - create IPUIPlugin
2025-06-26 13:48:15,805 [INFO] PluginManager:220 - loadIPPluginJar : add extmemmanager
2025-06-26 13:48:15,806 [INFO] IPUIPlugin:80 - create IPUIPlugin
2025-06-26 13:48:15,806 [INFO] PluginManager:220 - loadIPPluginJar : add ts
2025-06-26 13:48:15,807 [INFO] IPUIPlugin:80 - create IPUIPlugin
2025-06-26 13:48:15,807 [INFO] PluginManager:220 - loadIPPluginJar : add radio
2025-06-26 13:48:15,808 [INFO] IPUIPlugin:80 - create IPUIPlugin
2025-06-26 13:48:15,808 [INFO] PluginManager:220 - loadIPPluginJar : add can
2025-06-26 13:48:15,808 [INFO] IPUIPlugin:80 - create IPUIPlugin
2025-06-26 13:48:15,809 [INFO] PluginManager:220 - loadIPPluginJar : add dma3
2025-06-26 13:48:15,809 [INFO] IPUIPlugin:80 - create IPUIPlugin
2025-06-26 13:48:15,809 [INFO] PluginManager:220 - loadIPPluginJar : add dfsdm
2025-06-26 13:48:15,810 [INFO] IPUIPlugin:80 - create IPUIPlugin
2025-06-26 13:48:15,810 [INFO] PluginManager:220 - loadIPPluginJar : add spi
2025-06-26 13:48:15,811 [INFO] IPUIPlugin:80 - create IPUIPlugin
2025-06-26 13:48:15,812 [INFO] PluginManager:220 - loadIPPluginJar : add gfxmmu
2025-06-26 13:48:15,812 [INFO] IPUIPlugin:80 - create IPUIPlugin
2025-06-26 13:48:15,812 [INFO] PluginManager:220 - loadIPPluginJar : add genericplugin
2025-06-26 13:48:15,813 [INFO] IPUIPlugin:80 - create IPUIPlugin
2025-06-26 13:48:15,813 [INFO] PluginManager:220 - loadIPPluginJar : add cryp
2025-06-26 13:48:15,815 [INFO] IPUIPlugin:80 - create IPUIPlugin
2025-06-26 13:48:15,815 [INFO] PluginManager:220 - loadIPPluginJar : add gpio
2025-06-26 13:48:15,817 [INFO] IPUIPlugin:80 - create IPUIPlugin
2025-06-26 13:48:15,817 [INFO] PluginManager:220 - loadIPPluginJar : add ddr_ctrl_phy
2025-06-26 13:48:15,818 [INFO] IPUIPlugin:80 - create IPUIPlugin
2025-06-26 13:48:15,818 [INFO] PluginManager:220 - loadIPPluginJar : add comp
2025-06-26 13:48:15,820 [INFO] IPUIPlugin:80 - create IPUIPlugin
2025-06-26 13:48:15,820 [INFO] PluginManager:220 - loadIPPluginJar : add tracer_emb
2025-06-26 13:48:15,822 [INFO] IPUIPlugin:80 - create IPUIPlugin
2025-06-26 13:48:15,822 [INFO] PluginManager:220 - loadIPPluginJar : add openamp
2025-06-26 13:48:15,825 [INFO] IPUIPlugin:80 - create IPUIPlugin
2025-06-26 13:48:15,825 [INFO] PluginManager:220 - loadIPPluginJar : add stm32_wpan
2025-06-26 13:48:15,828 [INFO] IPUIPlugin:80 - create IPUIPlugin
2025-06-26 13:48:15,829 [INFO] PluginManager:220 - loadIPPluginJar : add plateformsettings
2025-06-26 13:48:15,831 [INFO] IPUIPlugin:80 - create IPUIPlugin
2025-06-26 13:48:15,831 [INFO] PluginManager:220 - loadIPPluginJar : add ipddr
2025-06-26 13:48:15,833 [INFO] IPUIPlugin:80 - create IPUIPlugin
2025-06-26 13:48:15,833 [INFO] PluginManager:220 - loadIPPluginJar : add usart
2025-06-26 13:48:15,834 [INFO] IPUIPlugin:80 - create IPUIPlugin
2025-06-26 13:48:15,834 [INFO] PluginManager:220 - loadIPPluginJar : add ltdc
2025-06-26 13:48:15,835 [INFO] IPUIPlugin:80 - create IPUIPlugin
2025-06-26 13:48:15,835 [INFO] PluginManager:220 - loadIPPluginJar : add nvic
2025-06-26 13:48:15,836 [INFO] IPUIPlugin:80 - create IPUIPlugin
2025-06-26 13:48:15,836 [INFO] PluginManager:220 - loadIPPluginJar : add fatfs
2025-06-26 13:48:15,839 [INFO] IPUIPlugin:80 - create IPUIPlugin
2025-06-26 13:48:15,839 [INFO] PluginManager:220 - loadIPPluginJar : add linkedlist
2025-06-26 13:48:15,845 [INFO] IPUIPlugin:80 - create IPUIPlugin
2025-06-26 13:48:15,846 [INFO] PluginManager:220 - loadIPPluginJar : add dma
2025-06-26 13:48:15,849 [INFO] IPUIPlugin:80 - create IPUIPlugin
2025-06-26 13:48:15,849 [INFO] PluginManager:220 - loadIPPluginJar : add fmc
2025-06-26 13:48:15,850 [INFO] IPUIPlugin:80 - create IPUIPlugin
2025-06-26 13:48:15,850 [INFO] PluginManager:220 - loadIPPluginJar : add i2s
2025-06-26 13:48:15,851 [INFO] IPUIPlugin:80 - create IPUIPlugin
2025-06-26 13:48:15,851 [INFO] PluginManager:220 - loadIPPluginJar : add ucpd
2025-06-26 13:48:15,852 [INFO] IPUIPlugin:80 - create IPUIPlugin
2025-06-26 13:48:15,852 [INFO] PluginManager:220 - loadIPPluginJar : add lorawan
2025-06-26 13:48:15,853 [INFO] IPUIPlugin:80 - create IPUIPlugin
2025-06-26 13:48:15,853 [INFO] PluginManager:220 - loadIPPluginJar : add opamp
2025-06-26 13:48:15,854 [INFO] IPUIPlugin:80 - create IPUIPlugin
2025-06-26 13:48:15,854 [INFO] PluginManager:220 - loadIPPluginJar : add i3c
2025-06-26 13:48:15,856 [INFO] IPUIPlugin:80 - create IPUIPlugin
2025-06-26 13:48:15,856 [INFO] PluginManager:220 - loadIPPluginJar : add touchsensing
2025-06-26 13:48:15,857 [INFO] IPUIPlugin:80 - create IPUIPlugin
2025-06-26 13:48:15,858 [INFO] PluginManager:220 - loadIPPluginJar : add i2c
2025-06-26 13:48:15,859 [INFO] IPUIPlugin:80 - create IPUIPlugin
2025-06-26 13:48:15,859 [INFO] PluginManager:220 - loadIPPluginJar : add resmgrutility
2025-06-26 13:48:15,860 [INFO] IPUIPlugin:80 - create IPUIPlugin
2025-06-26 13:48:15,860 [INFO] PluginManager:220 - loadIPPluginJar : add sai
2025-06-26 13:48:15,862 [INFO] IPUIPlugin:80 - create IPUIPlugin
2025-06-26 13:48:15,862 [INFO] PluginManager:220 - loadIPPluginJar : add usbx
2025-06-26 13:48:15,968 [FATAL] Updater:351 - Updater called before beeing initialized
2025-06-26 13:48:16,006 [INFO] RulesReader:64 - Compatibility file has been processed (302 Rules)
2025-06-26 13:48:16,015 [INFO] RulesReader:64 - Compatibility file has been processed (302 Rules)
2025-06-26 13:48:16,024 [INFO] CADModel:165 - CPN selected for project level
2025-06-26 13:48:16,024 [INFO] CADModel:114 - Register for checkConnection events
2025-06-26 13:48:16,024 [FATAL] Updater:351 - Updater called before beeing initialized
2025-06-26 13:48:16,024 [ERROR] CADModel:125 - Updater not yet initialized, retry later 
2025-06-26 13:48:16,216 [FATAL] Updater:351 - Updater called before beeing initialized
2025-06-26 13:48:16,218 [INFO] CADModel:165 - CPN selected for project level
2025-06-26 13:48:16,218 [INFO] CADModel:114 - Register for checkConnection events
2025-06-26 13:48:16,218 [FATAL] Updater:351 - Updater called before beeing initialized
2025-06-26 13:48:16,218 [ERROR] CADModel:125 - Updater not yet initialized, retry later 
2025-06-26 13:48:16,220 [FATAL] Updater:351 - Updater called before beeing initialized
2025-06-26 13:48:16,353 [FATAL] Updater:351 - Updater called before beeing initialized
2025-06-26 13:48:16,357 [INFO] DbMcusAds:53 - JSON generation date=Wed May 07 02:07:55 PDT 2025 (1746608875484)
2025-06-26 13:48:16,357 [FATAL] Updater:351 - Updater called before beeing initialized
2025-06-26 13:48:16,421 [WARN] DetailPanel:346 - Failed to get advertising image, set to default
2025-06-26 13:48:16,577 [FATAL] Updater:351 - Updater called before beeing initialized
2025-06-26 13:48:16,581 [FATAL] Updater:351 - Updater called before beeing initialized
2025-06-26 13:48:16,581 [FATAL] Updater:351 - Updater called before beeing initialized
2025-06-26 13:48:16,581 [WARN] DetailPanel:346 - Failed to get advertising image, set to default
2025-06-26 13:48:16,587 [FATAL] Updater:351 - Updater called before beeing initialized
2025-06-26 13:48:16,635 [ERROR] Updater:1198 - MainUpdater not yet initialized. External WinMGr cannot be set.
2025-06-26 13:48:16,667 [INFO] Updater:1134 - Updater Version found : 6.14.1
2025-06-26 13:48:16,679 [INFO] ApplicationProperties:184 - Using Application install path: /Applications/STM32CubeIDE.app/Contents/Eclipse/plugins/com.st.stm32cube.common.mx_6.14.1.202504091515
2025-06-26 13:48:17,001 [INFO] MainUpdater:2872 - connection check result : 10
2025-06-26 13:48:17,002 [INFO] MainUpdater:289 - Updater Check For Update Now.
2025-06-26 13:48:17,002 [INFO] MicroXplorer:498 - Change Database Version : DB.6.0.141
2025-06-26 13:48:17,007 [INFO] McuFinderGlobals:63 - Set McuFinder mode to 2 (CubeIDE integrated)
2025-06-26 13:48:17,009 [INFO] UserAuth:484 - Internet connection configuration mode: 1
2025-06-26 13:48:17,020 [INFO] JxBrowserEngine:152 - Initiate JxBrowser Engine with user profile folder
2025-06-26 13:48:17,251 [INFO] CheckServerUpdateThread:120 - End of CheckServer Thread
2025-06-26 13:48:18,501 [WARN] PackLoader:240 - Cannot read IP mode file for STMicroelectronics.FP-SNS-MOTENVWB1.1.4.0
2025-06-26 13:48:18,515 [WARN] PackLoader:240 - Cannot read IP mode file for STMicroelectronics.FP-ATR-ASTRA1.2.0.2
2025-06-26 13:48:18,525 [WARN] PackLoader:240 - Cannot read IP mode file for STMicroelectronics.FP-ATR-ASTRA1.2.0.1
2025-06-26 13:48:18,536 [WARN] PackLoader:240 - Cannot read IP mode file for STMicroelectronics.X-CUBE-SMBUS.2.1.0
2025-06-26 13:48:18,542 [WARN] PackLoader:240 - Cannot read IP mode file for STMicroelectronics.X-CUBE-WB05N.1.1.0
2025-06-26 13:48:18,548 [WARN] PackLoader:240 - Cannot read IP mode file for STMicroelectronics.X-CUBE-ST60.1.0.0
2025-06-26 13:48:18,603 [WARN] PackLoader:240 - Cannot read IP mode file for STMicroelectronics.X-CUBE-AZRTOS-F7.1.1.0
2025-06-26 13:48:18,633 [WARN] PackLoader:240 - Cannot read IP mode file for STMicroelectronics.FP-SNS-FLIGHT1.5.0.2
2025-06-26 13:48:18,701 [WARN] PackLoader:240 - Cannot read IP mode file for Infineon.AIROC-Wi-Fi-Bluetooth-STM32.1.7.0
2025-06-26 13:48:18,762 [WARN] PackLoader:240 - Cannot read IP mode file for STMicroelectronics.X-CUBE-DISPLAY.3.0.0
2025-06-26 13:48:18,809 [WARN] PackLoader:240 - Cannot read IP mode file for STMicroelectronics.X-CUBE-BLE1.7.0.0
2025-06-26 13:48:18,825 [WARN] PackLoader:240 - Cannot read IP mode file for STMicroelectronics.X-CUBE-NFC10.1.0.0
2025-06-26 13:48:18,844 [WARN] PackLoader:240 - Cannot read IP mode file for STMicroelectronics.X-CUBE-BLEMGR.4.0.0
2025-06-26 13:48:18,866 [WARN] PackLoader:240 - Cannot read IP mode file for emotas.I-CUBE-CANOPEN.1.3.0
2025-06-26 13:48:18,875 [WARN] PackLoader:240 - Cannot read IP mode file for STMicroelectronics.X-CUBE-AI.10.0.0
2025-06-26 13:48:18,881 [WARN] PackLoader:240 - Cannot read IP mode file for STMicroelectronics.FP-SNS-SMARTAG2.1.2.0
2025-06-26 13:48:18,887 [WARN] PackLoader:240 - Cannot read IP mode file for STMicroelectronics.FP-SNS-FLIGHT1.5.1.0
2025-06-26 13:48:18,985 [WARN] PackLoader:240 - Cannot read IP mode file for STMicroelectronics.X-CUBE-MEMS1.11.1.0
2025-06-26 13:48:19,074 [INFO] LogOutputStream:77 - [STDOUT_REDIRECT] 1 : Invalid condition id : UX_CORESTACK_Condition cause : null
2025-06-26 13:48:19,075 [INFO] LogOutputStream:77 - [STDOUT_REDIRECT] 1 : Invalid condition id : UX_CORESTACK_Condition cause : null
2025-06-26 13:48:19,075 [INFO] LogOutputStream:77 - [STDOUT_REDIRECT] 1 : Invalid condition id : UX_CORESTACK_Condition cause : null
2025-06-26 13:48:19,075 [INFO] LogOutputStream:77 - [STDOUT_REDIRECT] 1 : Invalid condition id : UX_CORESTACK_Condition cause : null
2025-06-26 13:48:19,075 [INFO] LogOutputStream:77 - [STDOUT_REDIRECT] 1 : Invalid condition id : UX_CORESTACK_Condition cause : null
2025-06-26 13:48:19,080 [WARN] PackLoader:240 - Cannot read IP mode file for STMicroelectronics.X-CUBE-AZRTOS-WL.2.0.0
2025-06-26 13:48:19,385 [WARN] PackLoader:240 - Cannot read IP mode file for STMicroelectronics.FP-SNS-MOTENV1.5.0.0
2025-06-26 13:48:19,437 [WARN] PackLoader:240 - Cannot read IP mode file for wolfSSL.I-CUBE-wolfMQTT.1.19.0
2025-06-26 13:48:19,475 [WARN] PackLoader:240 - Cannot read IP mode file for WES.I-CUBE-Cesium.1.3.0
2025-06-26 13:48:19,494 [WARN] PackLoader:240 - Cannot read IP mode file for STMicroelectronics.X-CUBE-BLE2.3.3.0
2025-06-26 13:48:19,512 [WARN] PackLoader:240 - Cannot read IP mode file for STMicroelectronics.X-CUBE-NFC9.1.0.0
2025-06-26 13:48:19,522 [WARN] PackLoader:240 - Cannot read IP mode file for STMicroelectronics.X-CUBE-BLE1.7.1.0
2025-06-26 13:48:19,526 [WARN] PackLoader:240 - Cannot read IP mode file for STMicroelectronics.X-CUBE-AI.10.1.0
2025-06-26 13:48:19,607 [WARN] PackLoader:240 - Cannot read IP mode file for STMicroelectronics.X-CUBE-MEMS1.11.2.0
2025-06-26 13:48:19,714 [WARN] PackLoader:240 - Cannot read IP mode file for STMicroelectronics.X-CUBE-AZRTOS-G0.1.1.0
2025-06-26 13:48:19,753 [WARN] PackLoader:240 - Cannot read IP mode file for STMicroelectronics.X-CUBE-SAFEA1.1.2.2
2025-06-26 13:48:19,773 [WARN] PackLoader:240 - Cannot read IP mode file for STMicroelectronics.X-CUBE-NFC4.3.0.0
2025-06-26 13:48:19,792 [WARN] PackLoader:240 - Cannot read IP mode file for EmbeddedOffice.I-CUBE-FS-RTOS.1.0.1
2025-06-26 13:48:19,803 [WARN] PackLoader:240 - Cannot read IP mode file for STMicroelectronics.X-CUBE-WB05N.2.0.0
2025-06-26 13:48:19,839 [WARN] PackLoader:240 - Cannot read IP mode file for STMicroelectronics.X-CUBE-TCPP.4.2.0
2025-06-26 13:48:19,849 [WARN] PackLoader:240 - Cannot read IP mode file for RealThread.X-CUBE-RT-Thread_Nano.4.1.1
2025-06-26 13:48:19,857 [WARN] PackLoader:240 - Cannot read IP mode file for STMicroelectronics.FP-ATR-SIGFOX1.3.2.0
2025-06-26 13:48:19,861 [WARN] ConditionMgr:438 - getConditionDescription Invalid condition id : Cortex-A Device cause : null
2025-06-26 13:48:19,932 [WARN] ConditionMgr:1044 - genDependencies : Invalid condition id : Cortex-A Device cause : null
2025-06-26 13:48:19,932 [WARN] ConditionMgr:1044 - genDependencies : Invalid condition id : Cortex-A Device cause : null
2025-06-26 13:48:19,933 [WARN] ConditionMgr:1044 - genDependencies : Invalid condition id : Cortex-A Device cause : null
2025-06-26 13:48:19,944 [WARN] PackLoader:240 - Cannot read IP mode file for STMicroelectronics.X-CUBE-EEPRMA1.5.1.0
2025-06-26 13:48:19,955 [WARN] PackLoader:240 - Cannot read IP mode file for wolfSSL.I-CUBE-wolfSSL.5.7.6
2025-06-26 13:48:19,963 [WARN] PackLoader:240 - Cannot read IP mode file for ITTIA_DB.I-CUBE-ITTIADB.8.9.0
2025-06-26 13:48:19,972 [WARN] PackLoader:240 - Cannot read IP mode file for STMicroelectronics.X-CUBE-ST67W61.1.0.0
2025-06-26 13:48:20,018 [WARN] PackLoader:240 - Cannot read IP mode file for SEGGER.I-CUBE-embOS.1.3.1
2025-06-26 13:48:20,053 [WARN] PackLoader:240 - Cannot read IP mode file for STMicroelectronics.X-CUBE-ALGOBUILD.1.4.0
2025-06-26 13:48:20,116 [WARN] PackLoader:240 - Cannot read IP mode file for STMicroelectronics.X-CUBE-MEMS1.11.3.0
2025-06-26 13:48:20,193 [WARN] PackLoader:240 - Cannot read IP mode file for STMicroelectronics.X-CUBE-PM33A1.1.0.0
2025-06-26 13:48:20,222 [WARN] PackLoader:240 - Cannot read IP mode file for STMicroelectronics.X-CUBE-AZRTOS-F4.1.1.0
2025-06-26 13:48:20,232 [WARN] PackLoader:240 - Cannot read IP mode file for Avnet-IotConnect.X-CUBE-IoTC-DA16k-PMOD.1.0.0
2025-06-26 13:48:20,237 [WARN] PackLoader:240 - Cannot read IP mode file for STMicroelectronics.X-CUBE-ISPU.2.1.0
2025-06-26 13:48:20,260 [WARN] PackLoader:240 - Cannot read IP mode file for STMicroelectronics.X-CUBE-AZRTOS-L5.2.0.0
2025-06-26 13:48:20,277 [WARN] PackLoader:240 - Cannot read IP mode file for STMicroelectronics.X-CUBE-NFC6.3.1.0
2025-06-26 13:48:20,288 [WARN] PackLoader:240 - Cannot read IP mode file for STMicroelectronics.X-CUBE-DPower.1.2.0
2025-06-26 13:48:20,295 [WARN] PackLoader:240 - Cannot read IP mode file for STMicroelectronics.X-CUBE-FREERTOS.1.3.1
2025-06-26 13:48:20,299 [WARN] PackLoader:240 - Cannot read IP mode file for STMicroelectronics.X-CUBE-FREERTOS.1.3.0
2025-06-26 13:48:20,303 [WARN] PackLoader:240 - Cannot read IP mode file for STMicroelectronics.X-CUBE-NFC7.1.0.1
2025-06-26 13:48:20,312 [WARN] PackLoader:240 - Cannot read IP mode file for STMicroelectronics.FP-SNS-STAIOTCFT.1.0.0
2025-06-26 13:48:20,317 [WARN] PackLoader:240 - Cannot read IP mode file for STMicroelectronics.X-CUBE-DPower.1.3.0
2025-06-26 13:48:20,334 [WARN] ConditionMgr:438 - getConditionDescription Invalid condition id : LAN8742 Phy interface Condition cause : null
2025-06-26 13:48:20,335 [WARN] PackLoader:240 - Cannot read IP mode file for STMicroelectronics.X-CUBE-AZRTOS-L4.2.0.0
2025-06-26 13:48:20,336 [WARN] ConditionMgr:1044 - genDependencies : Invalid condition id : LAN8742 Phy interface Condition cause : null
2025-06-26 13:48:20,337 [WARN] ConditionMgr:1044 - genDependencies : Invalid condition id : LAN8742 Phy interface Condition cause : null
2025-06-26 13:48:20,337 [WARN] ConditionMgr:1044 - genDependencies : Invalid condition id : LAN8742 Phy interface Condition cause : null
2025-06-26 13:48:20,343 [WARN] PackLoader:240 - Cannot read IP mode file for STMicroelectronics.X-CUBE-SFXS2LP1.4.0.0
2025-06-26 13:48:20,363 [WARN] PackLoader:240 - Cannot read IP mode file for STMicroelectronics.X-CUBE-AZRTOS-H7.3.3.0
2025-06-26 13:48:20,374 [WARN] ConditionMgr:438 - getConditionDescription Invalid condition id : UX DEVICE CLASS RTOS Condition cause : null
2025-06-26 13:48:20,374 [WARN] ConditionMgr:438 - getConditionDescription Invalid condition id : UX DEVICE CLASS RTOS Condition cause : null
2025-06-26 13:48:20,377 [WARN] PackLoader:240 - Cannot read IP mode file for STMicroelectronics.X-CUBE-AZRTOS-WB.2.0.0
2025-06-26 13:48:20,378 [WARN] ConditionMgr:1044 - genDependencies : Invalid condition id : UX DEVICE CLASS RTOS Condition cause : null
2025-06-26 13:48:20,378 [WARN] ConditionMgr:1044 - genDependencies : Invalid condition id : UX DEVICE CLASS RTOS Condition cause : null
2025-06-26 13:48:20,378 [WARN] ConditionMgr:1044 - genDependencies : Invalid condition id : UX DEVICE CLASS RTOS Condition cause : null
2025-06-26 13:48:20,379 [WARN] ConditionMgr:1044 - genDependencies : Invalid condition id : UX DEVICE CLASS RTOS Condition cause : null
2025-06-26 13:48:20,379 [WARN] ConditionMgr:1044 - genDependencies : Invalid condition id : UX DEVICE CLASS RTOS Condition cause : null
2025-06-26 13:48:20,384 [WARN] PackLoader:240 - Cannot read IP mode file for STMicroelectronics.X-CUBE-GNSS1.7.0.1
2025-06-26 13:48:20,389 [WARN] PackLoader:240 - Cannot read IP mode file for STMicroelectronics.X-CUBE-TOUCHGFX.4.25.0
2025-06-26 13:48:20,755 [WARN] PackLoader:240 - Cannot read IP mode file for STMicroelectronics.FP-SNS-STBOX1.2.0.0
2025-06-26 13:48:20,845 [WARN] PackLoader:240 - Cannot read IP mode file for STMicroelectronics.X-CUBE-SUBG2.5.0.0
2025-06-26 13:48:20,915 [WARN] PackLoader:240 - Cannot read IP mode file for STMicroelectronics.X-CUBE-AZRTOS-H7RS.1.1.0
2025-06-26 13:48:20,948 [WARN] PackLoader:240 - Cannot read IP mode file for Cesanta.I-CUBE-Mongoose.7.13.0
2025-06-26 13:48:20,972 [WARN] PackLoader:240 - Cannot read IP mode file for STMicroelectronics.X-CUBE-AZRTOS-G4.2.0.0
2025-06-26 13:48:20,994 [WARN] PackLoader:240 - Cannot read IP mode file for STMicroelectronics.X-CUBE-NFC7.2.0.0
2025-06-26 13:48:21,010 [WARN] PackLoader:240 - Cannot read IP mode file for STMicroelectronics.X-CUBE-IPS.3.1.0
2025-06-26 13:48:21,026 [WARN] PackLoader:240 - Cannot read IP mode file for STMicroelectronics.X-CUBE-ALS.1.0.2
2025-06-26 13:48:21,031 [WARN] PackLoader:240 - Cannot read IP mode file for STMicroelectronics.X-CUBE-TOUCHGFX.4.24.2
2025-06-26 13:48:21,033 [WARN] PackLoader:240 - Cannot read IP mode file for wolfSSL.I-CUBE-wolfTPM.3.4.0
2025-06-26 13:48:21,040 [WARN] PackLoader:240 - Cannot read IP mode file for portGmbH.I-Cube-SoM-uGOAL.1.1.0
2025-06-26 13:48:21,058 [WARN] PackLoader:240 - Cannot read IP mode file for STMicroelectronics.X-CUBE-AZRTOS-H7RS.1.0.0
2025-06-26 13:48:21,074 [WARN] PackLoader:240 - Cannot read IP mode file for STMicroelectronics.X-CUBE-TOF1.3.4.2
2025-06-26 13:48:21,091 [WARN] PackLoader:240 - Cannot read IP mode file for STMicroelectronics.X-CUBE-TOF1.3.4.3
2025-06-26 13:48:21,100 [WARN] PackLoader:240 - Cannot read IP mode file for wolfSSL.I-CUBE-wolfSSH.1.4.17
2025-06-26 13:48:21,117 [INFO] ThirdParty:978 - Integrity check success = true
2025-06-26 13:48:21,118 [INFO] IntegrityCheckThread:100 - exiting critical section [integrity check]
2025-06-26 13:48:21,118 [INFO] IntegrityCheckThread:103 - End integrity checks thread
2025-06-26 13:48:21,561 [INFO] WebApp:169 - Instantiating new browser for Auth
2025-06-26 13:48:22,723 [INFO] WebApp:463 - Apply proxy settings
2025-06-26 13:48:22,735 [INFO] WebApp:508 - Chromium authenticates against Manually configured proxy
2025-06-26 13:48:22,749 [INFO] WebApp:516 - Username used for proxy authentication: 
2025-06-26 13:48:22,787 [INFO] WebApp:894 - Register for checkConnection events
2025-06-26 13:48:22,788 [INFO] WebApp:463 - Apply proxy settings
2025-06-26 13:48:22,792 [INFO] WebApp:508 - Chromium authenticates against Manually configured proxy
2025-06-26 13:48:22,792 [INFO] WebApp:516 - Username used for proxy authentication: 
2025-06-26 13:48:22,917 [INFO] WebApp:225 - Starting web application
2025-06-26 13:48:22,917 [INFO] WebApp:593 - Web application path used /Applications/STM32CubeIDE.app/Contents/Eclipse/plugins/com.st.stm32cube.common.mx_6.14.1.202504091515/db/plugins/mcufinder/reactClient1/index.html
2025-06-26 13:48:23,369 [INFO] WebApp:191 - Connection restablished
2025-06-26 13:48:23,562 [INFO] UserAuth:484 - Internet connection configuration mode: 1
2025-06-26 15:10:57,216 [INFO] WebApp:194 - Connection lost
2025-06-26 15:10:58,074 [INFO] WebApp:191 - Connection restablished
2025-06-26 15:17:16,835 [INFO] WebApp:194 - Connection lost
2025-06-26 15:17:17,288 [INFO] WebApp:191 - Connection restablished
2025-06-26 15:26:12,871 [INFO] WebApp:194 - Connection lost
2025-06-26 15:26:13,297 [INFO] WebApp:191 - Connection restablished
2025-06-26 18:01:13,311 [ERROR] LogOutputStream:75 - [STDERR_REDIRECT] 
