2025-08-07 14:08:19,275 [INFO] Activator:176 - 


2025-08-07 14:08:19,279 [INFO] Activator:177 - !SESSION log4j initialized
2025-08-07 14:08:23,413 [INFO] LogOutputStream:77 - [STDOUT_REDIRECT] 
2025-08-07 14:08:23,773 [ERROR] LogOutputStream:75 - [STDERR_REDIRECT] 
2025-08-07 14:08:25,511 [INFO] LogOutputStream:77 - [STDOUT_REDIRECT] 
2025-08-07 14:08:26,776 [INFO] ApplicationProperties:184 - Using Application install path: /Applications/STM32CubeIDE.app/Contents/Eclipse/plugins/com.st.stm32cube.common.mx_6.14.1.202504091515
2025-08-07 14:08:26,788 [INFO] DbMcusXml:78 - Set database path to: /Applications/STM32CubeIDE.app/Contents/Eclipse/plugins/com.st.stm32cube.common.mx_6.14.1.202504091515//db//mcu/
2025-08-07 14:08:26,788 [INFO] ApiDb:274 - Set plugin database path to: /Applications/STM32CubeIDE.app/Contents/Eclipse/plugins/com.st.stm32cube.common.mx_6.14.1.202504091515//db//plugins/boardmanager/
2025-08-07 14:08:26,788 [WARN] ApiDb:259 - Overriding images path with different value:  => /Applications/STM32CubeIDE.app/Contents/Eclipse/plugins/com.st.stm32cube.common.mx_6.14.1.202504091515//db//plugins/mcufinder/images/
2025-08-07 14:08:26,794 [INFO] ApiDb:250 - Set database path to: /Users/mauricewashington/.stmcufinder/plugins/mcufinder//mcu/
2025-08-07 14:08:26,795 [INFO] DbMcusAds:125 - Set database path to: /Users/mauricewashington/.stmcufinder/plugins/mcufinder//mcu/
2025-08-07 14:08:26,796 [INFO] CrossReferenceDbSqlite:203 - Set database path to: /Users/mauricewashington/.stmcufinder/plugins/mcufinder//mcu/cs/
2025-08-07 14:08:26,899 [INFO] RulesReader:64 - Compatibility file has been processed (302 Rules)
2025-08-07 14:08:26,962 [INFO] DbMcusXml:78 - Set database path to: /Applications/STM32CubeIDE.app/Contents/Eclipse/plugins/com.st.stm32cube.common.mx_6.14.1.202504091515//db//mcu/
2025-08-07 14:08:26,963 [INFO] ApiDb:274 - Set plugin database path to: /Applications/STM32CubeIDE.app/Contents/Eclipse/plugins/com.st.stm32cube.common.mx_6.14.1.202504091515//db//plugins/boardmanager/
2025-08-07 14:08:26,963 [INFO] ApiDb:261 - Set plugin images path to: /Applications/STM32CubeIDE.app/Contents/Eclipse/plugins/com.st.stm32cube.common.mx_6.14.1.202504091515//db//plugins/mcufinder/images/
2025-08-07 14:08:26,963 [WARN] DbFile:41 - Overriding database path with different value: /Users/mauricewashington/.stmcufinder/plugins/mcufinder/ => /Users/mauricewashington/.stmcufinder/plugins/mcufinder
2025-08-07 14:08:26,963 [INFO] ApiDb:250 - Set database path to: /Users/mauricewashington/.stmcufinder/plugins/mcufinder//mcu/
2025-08-07 14:08:26,963 [WARN] DbFile:41 - Overriding database path with different value: /Users/mauricewashington/.stmcufinder/plugins/mcufinder/ => /Users/mauricewashington/.stmcufinder/plugins/mcufinder
2025-08-07 14:08:26,963 [INFO] DbMcusAds:125 - Set database path to: /Users/mauricewashington/.stmcufinder/plugins/mcufinder//mcu/
2025-08-07 14:08:26,963 [WARN] DbFile:41 - Overriding database path with different value: /Users/mauricewashington/.stmcufinder/plugins/mcufinder/ => /Users/mauricewashington/.stmcufinder/plugins/mcufinder
2025-08-07 14:08:26,963 [WARN] DbFile:41 - Overriding database path with different value: /Users/mauricewashington/.stmcufinder/plugins/mcufinder/ => /Users/mauricewashington/.stmcufinder/plugins/mcufinder
2025-08-07 14:08:26,964 [INFO] CrossReferenceDbSqlite:203 - Set database path to: /Users/mauricewashington/.stmcufinder/plugins/mcufinder//mcu/cs/
2025-08-07 14:08:27,017 [INFO] MainPanel:272 - HeapMemory: 268435456
2025-08-07 14:08:27,310 [INFO] DbMcusXml:78 - Set database path to: /Applications/STM32CubeIDE.app/Contents/Eclipse/plugins/com.st.stm32cube.common.mx_6.14.1.202504091515//db//mcu/
2025-08-07 14:08:27,310 [INFO] ApiDb:274 - Set plugin database path to: /Applications/STM32CubeIDE.app/Contents/Eclipse/plugins/com.st.stm32cube.common.mx_6.14.1.202504091515//db//plugins/boardmanager/
2025-08-07 14:08:27,310 [INFO] ApiDb:261 - Set plugin images path to: /Applications/STM32CubeIDE.app/Contents/Eclipse/plugins/com.st.stm32cube.common.mx_6.14.1.202504091515//db//plugins/mcufinder/images/
2025-08-07 14:08:27,310 [WARN] DbFile:41 - Overriding database path with different value: /Users/mauricewashington/.stmcufinder/plugins/mcufinder/ => /Users/mauricewashington/.stmcufinder/plugins/mcufinder
2025-08-07 14:08:27,310 [INFO] ApiDb:250 - Set database path to: /Users/mauricewashington/.stmcufinder/plugins/mcufinder//mcu/
2025-08-07 14:08:27,310 [WARN] DbFile:41 - Overriding database path with different value: /Users/mauricewashington/.stmcufinder/plugins/mcufinder/ => /Users/mauricewashington/.stmcufinder/plugins/mcufinder
2025-08-07 14:08:27,310 [INFO] DbMcusAds:125 - Set database path to: /Users/mauricewashington/.stmcufinder/plugins/mcufinder//mcu/
2025-08-07 14:08:27,310 [WARN] DbFile:41 - Overriding database path with different value: /Users/mauricewashington/.stmcufinder/plugins/mcufinder/ => /Users/mauricewashington/.stmcufinder/plugins/mcufinder
2025-08-07 14:08:27,310 [WARN] DbFile:41 - Overriding database path with different value: /Users/mauricewashington/.stmcufinder/plugins/mcufinder/ => /Users/mauricewashington/.stmcufinder/plugins/mcufinder
2025-08-07 14:08:27,311 [INFO] CrossReferenceDbSqlite:203 - Set database path to: /Users/mauricewashington/.stmcufinder/plugins/mcufinder//mcu/cs/
2025-08-07 14:08:27,323 [INFO] ApplicationProperties:184 - Using Application install path: /Applications/STM32CubeIDE.app/Contents/Eclipse/plugins/com.st.stm32cube.common.mx_6.14.1.202504091515
2025-08-07 14:08:27,324 [INFO] PluginManage:196 - Search for loadable plugins [exclusion list=, ]
2025-08-07 14:08:27,325 [INFO] PluginManage:310 - Check plugin analytics
2025-08-07 14:08:27,476 [INFO] AnalyticsPlugin:253 - Accepted Software Licenses: 
2025-08-07 14:08:27,476 [INFO] AnalyticsPlugin:255 - Accepted CMSIS Pack Licenses: 
2025-08-07 14:08:27,476 [INFO] AnalyticsPlugin:257 - Accepted Firmware Licenses: 
2025-08-07 14:08:27,485 [INFO] PluginManage:359 - Loaded plugin analytics (category:tool,tabindex:-1)
2025-08-07 14:08:27,487 [INFO] PluginManage:310 - Check plugin cadmodel
2025-08-07 14:08:27,497 [INFO] CADModel:105 - Init CAD model plugin
2025-08-07 14:08:27,498 [INFO] PluginManage:359 - Loaded plugin cadmodel (category:power,tabindex:5)
2025-08-07 14:08:27,498 [INFO] PluginManage:310 - Check plugin clock
2025-08-07 14:08:27,506 [INFO] PluginManage:359 - Loaded plugin clock (category:base,tabindex:2)
2025-08-07 14:08:27,506 [INFO] PluginManage:310 - Check plugin ddr
2025-08-07 14:08:27,508 [INFO] PluginManage:359 - Loaded plugin ddr (category:tool,tabindex:6)
2025-08-07 14:08:27,508 [INFO] PluginManage:310 - Check plugin filemanager
2025-08-07 14:08:27,620 [INFO] PluginManage:359 - Loaded plugin filemanager (category:base,tabindex:10)
2025-08-07 14:08:27,620 [INFO] PluginManage:310 - Check plugin ipmanager
2025-08-07 14:08:27,625 [INFO] PluginManage:359 - Loaded plugin ipmanager (category:base,tabindex:5)
2025-08-07 14:08:27,625 [INFO] PluginManage:310 - Check plugin lpbam
2025-08-07 14:08:27,632 [INFO] PluginManage:359 - Loaded plugin lpbam (category:base,tabindex:0)
2025-08-07 14:08:27,632 [INFO] PluginManage:310 - Check plugin memorymap
2025-08-07 14:08:27,640 [INFO] PluginManage:359 - Loaded plugin memorymap (category:base,tabindex:4)
2025-08-07 14:08:27,640 [INFO] PluginManage:310 - Check plugin pinoutandconfiguration
2025-08-07 14:08:27,644 [INFO] PluginManage:359 - Loaded plugin pinoutandconfiguration (category:base,tabindex:1)
2025-08-07 14:08:27,644 [INFO] PluginManage:310 - Check plugin pinoutconfig
2025-08-07 14:08:27,703 [WARN] SupportedApi:132 - Cannot load RTOS API schema: s4s-elt-must-match.1: The content of 'definitions' must match (annotation?, (simpleType | complexType)?, (unique | key | keyref)*)). A problem was found starting at: attribute.
2025-08-07 14:08:27,806 [INFO] PluginManage:359 - Loaded plugin pinoutconfig (category:base,tabindex:0)
2025-08-07 14:08:27,806 [INFO] PluginManage:310 - Check plugin power
2025-08-07 14:08:27,815 [INFO] PluginManage:359 - Loaded plugin power (category:power,tabindex:4)
2025-08-07 14:08:27,815 [INFO] PluginManage:310 - Check plugin projectmanager
2025-08-07 14:08:27,837 [INFO] PluginManage:359 - Loaded plugin projectmanager (category:projectmanager,tabindex:4)
2025-08-07 14:08:27,837 [INFO] PluginManage:310 - Check plugin rif
2025-08-07 14:08:27,841 [INFO] PluginManage:359 - Loaded plugin rif (category:base,tabindex:3)
2025-08-07 14:08:27,842 [INFO] PluginManage:310 - Check plugin thirdparty
2025-08-07 14:08:27,955 [INFO] PluginManage:359 - Loaded plugin thirdparty (category:base,tabindex:-1)
2025-08-07 14:08:27,955 [INFO] PluginManage:310 - Check plugin tools
2025-08-07 14:08:27,955 [WARN] IntegrityCheckThread:84 - waiting for thirdparty lock release [integrity check]
2025-08-07 14:08:27,958 [INFO] IntegrityCheckThread:86 - entering critical section [integrity check]
2025-08-07 14:08:27,958 [INFO] ThirdPartyUpdaterWithRetryManager:70 - Updater plugin not ready yet. [1/15]
2025-08-07 14:08:27,958 [INFO] PluginManage:359 - Loaded plugin tools (category:base,tabindex:7)
2025-08-07 14:08:27,958 [INFO] PluginManage:310 - Check plugin tutovideos
2025-08-07 14:08:28,077 [INFO] PluginManage:359 - Loaded plugin tutovideos (category:base,tabindex:-1)
2025-08-07 14:08:28,077 [INFO] PluginManage:310 - Check plugin updater
2025-08-07 14:08:28,101 [INFO] PluginManage:359 - Loaded plugin updater (category:base,tabindex:12)
2025-08-07 14:08:28,101 [INFO] PluginManage:310 - Check plugin userauth
2025-08-07 14:08:28,106 [INFO] UserAuth:118 - Init User Auth plugin
2025-08-07 14:08:28,107 [INFO] PluginManage:359 - Loaded plugin userauth (category:base,tabindex:14)
2025-08-07 14:08:28,109 [INFO] PluginManage:283 - PluginManage : Loaded plugins [18]
2025-08-07 14:08:28,284 [INFO] PinOutPanel:1589 - setPackage(No Configuration,No Configuration)
2025-08-07 14:08:28,338 [INFO] CADModel:165 - CPN selected for project level
2025-08-07 14:08:28,338 [INFO] CADModel:114 - Register for checkConnection events
2025-08-07 14:08:28,347 [INFO] IPUIPlugin:80 - create IPUIPlugin
2025-08-07 14:08:28,347 [INFO] PluginManager:220 - loadIPPluginJar : add mdma
2025-08-07 14:08:28,352 [INFO] IPUIPlugin:80 - create IPUIPlugin
2025-08-07 14:08:28,352 [INFO] PluginManager:220 - loadIPPluginJar : add freertos
2025-08-07 14:08:28,355 [INFO] IPUIPlugin:80 - create IPUIPlugin
2025-08-07 14:08:28,355 [INFO] PluginManager:220 - loadIPPluginJar : add gic
2025-08-07 14:08:28,363 [INFO] IPUIPlugin:80 - create IPUIPlugin
2025-08-07 14:08:28,363 [INFO] PluginManager:220 - loadIPPluginJar : add adc
2025-08-07 14:08:28,364 [INFO] IPUIPlugin:80 - create IPUIPlugin
2025-08-07 14:08:28,365 [INFO] PluginManager:220 - loadIPPluginJar : add gtzc
2025-08-07 14:08:28,365 [INFO] IPUIPlugin:80 - create IPUIPlugin
2025-08-07 14:08:28,365 [INFO] PluginManager:220 - loadIPPluginJar : add quadspi
2025-08-07 14:08:28,366 [INFO] IPUIPlugin:80 - create IPUIPlugin
2025-08-07 14:08:28,366 [INFO] PluginManager:220 - loadIPPluginJar : add aes
2025-08-07 14:08:28,367 [INFO] IPUIPlugin:80 - create IPUIPlugin
2025-08-07 14:08:28,367 [INFO] PluginManager:220 - loadIPPluginJar : add pdm2pcm
2025-08-07 14:08:28,368 [INFO] IPUIPlugin:80 - create IPUIPlugin
2025-08-07 14:08:28,368 [INFO] PluginManager:220 - loadIPPluginJar : add hash
2025-08-07 14:08:28,369 [INFO] IPUIPlugin:80 - create IPUIPlugin
2025-08-07 14:08:28,369 [INFO] PluginManager:220 - loadIPPluginJar : add tim
2025-08-07 14:08:28,369 [INFO] IPUIPlugin:80 - create IPUIPlugin
2025-08-07 14:08:28,369 [INFO] PluginManager:220 - loadIPPluginJar : add tsc
2025-08-07 14:08:28,371 [INFO] IPUIPlugin:80 - create IPUIPlugin
2025-08-07 14:08:28,372 [INFO] PluginManager:220 - loadIPPluginJar : add extmemmanager
2025-08-07 14:08:28,373 [INFO] IPUIPlugin:80 - create IPUIPlugin
2025-08-07 14:08:28,373 [INFO] PluginManager:220 - loadIPPluginJar : add ts
2025-08-07 14:08:28,374 [INFO] IPUIPlugin:80 - create IPUIPlugin
2025-08-07 14:08:28,374 [INFO] PluginManager:220 - loadIPPluginJar : add radio
2025-08-07 14:08:28,377 [INFO] IPUIPlugin:80 - create IPUIPlugin
2025-08-07 14:08:28,378 [INFO] PluginManager:220 - loadIPPluginJar : add can
2025-08-07 14:08:28,379 [INFO] IPUIPlugin:80 - create IPUIPlugin
2025-08-07 14:08:28,379 [INFO] PluginManager:220 - loadIPPluginJar : add dma3
2025-08-07 14:08:28,380 [INFO] IPUIPlugin:80 - create IPUIPlugin
2025-08-07 14:08:28,380 [INFO] PluginManager:220 - loadIPPluginJar : add dfsdm
2025-08-07 14:08:28,381 [INFO] IPUIPlugin:80 - create IPUIPlugin
2025-08-07 14:08:28,381 [INFO] PluginManager:220 - loadIPPluginJar : add spi
2025-08-07 14:08:28,381 [INFO] IPUIPlugin:80 - create IPUIPlugin
2025-08-07 14:08:28,382 [INFO] PluginManager:220 - loadIPPluginJar : add gfxmmu
2025-08-07 14:08:28,382 [INFO] IPUIPlugin:80 - create IPUIPlugin
2025-08-07 14:08:28,382 [INFO] PluginManager:220 - loadIPPluginJar : add genericplugin
2025-08-07 14:08:28,383 [INFO] IPUIPlugin:80 - create IPUIPlugin
2025-08-07 14:08:28,383 [INFO] PluginManager:220 - loadIPPluginJar : add cryp
2025-08-07 14:08:28,386 [INFO] IPUIPlugin:80 - create IPUIPlugin
2025-08-07 14:08:28,386 [INFO] PluginManager:220 - loadIPPluginJar : add gpio
2025-08-07 14:08:28,388 [INFO] IPUIPlugin:80 - create IPUIPlugin
2025-08-07 14:08:28,388 [INFO] PluginManager:220 - loadIPPluginJar : add ddr_ctrl_phy
2025-08-07 14:08:28,388 [INFO] IPUIPlugin:80 - create IPUIPlugin
2025-08-07 14:08:28,389 [INFO] PluginManager:220 - loadIPPluginJar : add comp
2025-08-07 14:08:28,390 [INFO] IPUIPlugin:80 - create IPUIPlugin
2025-08-07 14:08:28,391 [INFO] PluginManager:220 - loadIPPluginJar : add tracer_emb
2025-08-07 14:08:28,392 [INFO] IPUIPlugin:80 - create IPUIPlugin
2025-08-07 14:08:28,392 [INFO] PluginManager:220 - loadIPPluginJar : add openamp
2025-08-07 14:08:28,395 [INFO] IPUIPlugin:80 - create IPUIPlugin
2025-08-07 14:08:28,395 [INFO] PluginManager:220 - loadIPPluginJar : add stm32_wpan
2025-08-07 14:08:28,398 [INFO] IPUIPlugin:80 - create IPUIPlugin
2025-08-07 14:08:28,399 [INFO] PluginManager:220 - loadIPPluginJar : add plateformsettings
2025-08-07 14:08:28,401 [INFO] IPUIPlugin:80 - create IPUIPlugin
2025-08-07 14:08:28,401 [INFO] PluginManager:220 - loadIPPluginJar : add ipddr
2025-08-07 14:08:28,402 [INFO] IPUIPlugin:80 - create IPUIPlugin
2025-08-07 14:08:28,402 [INFO] PluginManager:220 - loadIPPluginJar : add usart
2025-08-07 14:08:28,403 [INFO] IPUIPlugin:80 - create IPUIPlugin
2025-08-07 14:08:28,403 [INFO] PluginManager:220 - loadIPPluginJar : add ltdc
2025-08-07 14:08:28,405 [INFO] IPUIPlugin:80 - create IPUIPlugin
2025-08-07 14:08:28,405 [INFO] PluginManager:220 - loadIPPluginJar : add nvic
2025-08-07 14:08:28,405 [INFO] IPUIPlugin:80 - create IPUIPlugin
2025-08-07 14:08:28,405 [INFO] PluginManager:220 - loadIPPluginJar : add fatfs
2025-08-07 14:08:28,409 [INFO] IPUIPlugin:80 - create IPUIPlugin
2025-08-07 14:08:28,409 [INFO] PluginManager:220 - loadIPPluginJar : add linkedlist
2025-08-07 14:08:28,412 [INFO] IPUIPlugin:80 - create IPUIPlugin
2025-08-07 14:08:28,412 [INFO] PluginManager:220 - loadIPPluginJar : add dma
2025-08-07 14:08:28,414 [INFO] IPUIPlugin:80 - create IPUIPlugin
2025-08-07 14:08:28,414 [INFO] PluginManager:220 - loadIPPluginJar : add fmc
2025-08-07 14:08:28,414 [INFO] IPUIPlugin:80 - create IPUIPlugin
2025-08-07 14:08:28,414 [INFO] PluginManager:220 - loadIPPluginJar : add i2s
2025-08-07 14:08:28,415 [INFO] IPUIPlugin:80 - create IPUIPlugin
2025-08-07 14:08:28,415 [INFO] PluginManager:220 - loadIPPluginJar : add ucpd
2025-08-07 14:08:28,416 [INFO] IPUIPlugin:80 - create IPUIPlugin
2025-08-07 14:08:28,416 [INFO] PluginManager:220 - loadIPPluginJar : add lorawan
2025-08-07 14:08:28,417 [INFO] IPUIPlugin:80 - create IPUIPlugin
2025-08-07 14:08:28,417 [INFO] PluginManager:220 - loadIPPluginJar : add opamp
2025-08-07 14:08:28,418 [INFO] IPUIPlugin:80 - create IPUIPlugin
2025-08-07 14:08:28,418 [INFO] PluginManager:220 - loadIPPluginJar : add i3c
2025-08-07 14:08:28,419 [INFO] IPUIPlugin:80 - create IPUIPlugin
2025-08-07 14:08:28,420 [INFO] PluginManager:220 - loadIPPluginJar : add touchsensing
2025-08-07 14:08:28,421 [INFO] IPUIPlugin:80 - create IPUIPlugin
2025-08-07 14:08:28,421 [INFO] PluginManager:220 - loadIPPluginJar : add i2c
2025-08-07 14:08:28,423 [INFO] IPUIPlugin:80 - create IPUIPlugin
2025-08-07 14:08:28,423 [INFO] PluginManager:220 - loadIPPluginJar : add resmgrutility
2025-08-07 14:08:28,424 [INFO] IPUIPlugin:80 - create IPUIPlugin
2025-08-07 14:08:28,424 [INFO] PluginManager:220 - loadIPPluginJar : add sai
2025-08-07 14:08:28,425 [INFO] IPUIPlugin:80 - create IPUIPlugin
2025-08-07 14:08:28,425 [INFO] PluginManager:220 - loadIPPluginJar : add usbx
2025-08-07 14:08:28,530 [FATAL] Updater:351 - Updater called before beeing initialized
2025-08-07 14:08:28,562 [INFO] RulesReader:64 - Compatibility file has been processed (302 Rules)
2025-08-07 14:08:28,571 [INFO] RulesReader:64 - Compatibility file has been processed (302 Rules)
2025-08-07 14:08:28,579 [INFO] CADModel:165 - CPN selected for project level
2025-08-07 14:08:28,579 [INFO] CADModel:114 - Register for checkConnection events
2025-08-07 14:08:28,579 [FATAL] Updater:351 - Updater called before beeing initialized
2025-08-07 14:08:28,579 [ERROR] CADModel:125 - Updater not yet initialized, retry later 
2025-08-07 14:08:28,758 [FATAL] Updater:351 - Updater called before beeing initialized
2025-08-07 14:08:28,759 [INFO] CADModel:165 - CPN selected for project level
2025-08-07 14:08:28,759 [INFO] CADModel:114 - Register for checkConnection events
2025-08-07 14:08:28,759 [FATAL] Updater:351 - Updater called before beeing initialized
2025-08-07 14:08:28,759 [ERROR] CADModel:125 - Updater not yet initialized, retry later 
2025-08-07 14:08:28,761 [FATAL] Updater:351 - Updater called before beeing initialized
2025-08-07 14:08:28,865 [FATAL] Updater:351 - Updater called before beeing initialized
2025-08-07 14:08:28,868 [INFO] DbMcusAds:53 - JSON generation date=Wed May 07 02:07:55 PDT 2025 (1746608875484)
2025-08-07 14:08:28,868 [FATAL] Updater:351 - Updater called before beeing initialized
2025-08-07 14:08:29,274 [WARN] DetailPanel:346 - Failed to get advertising image, set to default
2025-08-07 14:08:29,439 [FATAL] Updater:351 - Updater called before beeing initialized
2025-08-07 14:08:29,443 [FATAL] Updater:351 - Updater called before beeing initialized
2025-08-07 14:08:29,443 [FATAL] Updater:351 - Updater called before beeing initialized
2025-08-07 14:08:29,443 [WARN] DetailPanel:346 - Failed to get advertising image, set to default
2025-08-07 14:08:29,448 [FATAL] Updater:351 - Updater called before beeing initialized
2025-08-07 14:08:29,496 [ERROR] Updater:1198 - MainUpdater not yet initialized. External WinMGr cannot be set.
2025-08-07 14:08:29,526 [INFO] Updater:1134 - Updater Version found : 6.14.1
2025-08-07 14:08:29,538 [INFO] ApplicationProperties:184 - Using Application install path: /Applications/STM32CubeIDE.app/Contents/Eclipse/plugins/com.st.stm32cube.common.mx_6.14.1.202504091515
2025-08-07 14:08:29,897 [INFO] MainUpdater:2872 - connection check result : 10
2025-08-07 14:08:29,898 [INFO] MainUpdater:289 - Updater Check For Update Now.
2025-08-07 14:08:29,898 [INFO] MicroXplorer:498 - Change Database Version : DB.6.0.141
2025-08-07 14:08:29,902 [INFO] McuFinderGlobals:63 - Set McuFinder mode to 2 (CubeIDE integrated)
2025-08-07 14:08:29,903 [INFO] UserAuth:484 - Internet connection configuration mode: 1
2025-08-07 14:08:29,916 [INFO] JxBrowserEngine:152 - Initiate JxBrowser Engine with user profile folder
2025-08-07 14:08:30,113 [INFO] CheckServerUpdateThread:120 - End of CheckServer Thread
2025-08-07 14:08:31,095 [WARN] PackLoader:240 - Cannot read IP mode file for STMicroelectronics.FP-SNS-MOTENVWB1.1.4.0
2025-08-07 14:08:31,115 [WARN] PackLoader:240 - Cannot read IP mode file for STMicroelectronics.FP-ATR-ASTRA1.2.0.2
2025-08-07 14:08:31,126 [WARN] PackLoader:240 - Cannot read IP mode file for STMicroelectronics.FP-ATR-ASTRA1.2.0.1
2025-08-07 14:08:31,135 [WARN] PackLoader:240 - Cannot read IP mode file for STMicroelectronics.X-CUBE-SMBUS.2.1.0
2025-08-07 14:08:31,142 [WARN] PackLoader:240 - Cannot read IP mode file for STMicroelectronics.X-CUBE-WB05N.1.1.0
2025-08-07 14:08:31,146 [WARN] PackLoader:240 - Cannot read IP mode file for STMicroelectronics.X-CUBE-ST60.1.0.0
2025-08-07 14:08:31,176 [WARN] PackLoader:240 - Cannot read IP mode file for STMicroelectronics.X-CUBE-AZRTOS-F7.1.1.0
2025-08-07 14:08:31,191 [WARN] PackLoader:240 - Cannot read IP mode file for STMicroelectronics.FP-SNS-FLIGHT1.5.0.2
2025-08-07 14:08:31,230 [WARN] PackLoader:240 - Cannot read IP mode file for Infineon.AIROC-Wi-Fi-Bluetooth-STM32.1.7.0
2025-08-07 14:08:31,283 [WARN] PackLoader:240 - Cannot read IP mode file for STMicroelectronics.X-CUBE-AZRTOS-H7.3.4.0
2025-08-07 14:08:31,309 [WARN] PackLoader:240 - Cannot read IP mode file for STMicroelectronics.X-CUBE-DISPLAY.3.0.0
2025-08-07 14:08:31,326 [WARN] PackLoader:240 - Cannot read IP mode file for STMicroelectronics.X-CUBE-BLE1.7.0.0
2025-08-07 14:08:31,357 [WARN] PackLoader:240 - Cannot read IP mode file for STMicroelectronics.X-CUBE-NFC10.1.0.0
2025-08-07 14:08:31,382 [WARN] PackLoader:240 - Cannot read IP mode file for STMicroelectronics.X-CUBE-BLEMGR.4.0.0
2025-08-07 14:08:31,397 [WARN] PackLoader:240 - Cannot read IP mode file for emotas.I-CUBE-CANOPEN.1.3.0
2025-08-07 14:08:31,400 [WARN] PackLoader:240 - Cannot read IP mode file for STMicroelectronics.X-CUBE-AI.10.0.0
2025-08-07 14:08:31,410 [ERROR] Engine:466 - /Users/mauricewashington/.stm32cubemx/thirdparties/pdsc/STMicroelectronics.FP-SNS-STBOX1.2.1.0.pdsc: PDSC version is not supported
2025-08-07 14:08:31,414 [WARN] PackLoader:240 - Cannot read IP mode file for STMicroelectronics.FP-SNS-SMARTAG2.1.2.0
2025-08-07 14:08:31,418 [WARN] PackLoader:240 - Cannot read IP mode file for STMicroelectronics.FP-SNS-FLIGHT1.5.1.0
2025-08-07 14:08:31,495 [WARN] PackLoader:240 - Cannot read IP mode file for STMicroelectronics.X-CUBE-MEMS1.11.1.0
2025-08-07 14:08:31,594 [INFO] LogOutputStream:77 - [STDOUT_REDIRECT] 1 : Invalid condition id : UX_CORESTACK_Condition cause : null
2025-08-07 14:08:31,595 [INFO] LogOutputStream:77 - [STDOUT_REDIRECT] 1 : Invalid condition id : UX_CORESTACK_Condition cause : null
2025-08-07 14:08:31,596 [INFO] LogOutputStream:77 - [STDOUT_REDIRECT] 1 : Invalid condition id : UX_CORESTACK_Condition cause : null
2025-08-07 14:08:31,597 [INFO] LogOutputStream:77 - [STDOUT_REDIRECT] 1 : Invalid condition id : UX_CORESTACK_Condition cause : null
2025-08-07 14:08:31,597 [INFO] LogOutputStream:77 - [STDOUT_REDIRECT] 1 : Invalid condition id : UX_CORESTACK_Condition cause : null
2025-08-07 14:08:31,602 [WARN] PackLoader:240 - Cannot read IP mode file for STMicroelectronics.X-CUBE-AZRTOS-WL.2.0.0
2025-08-07 14:08:31,617 [WARN] PackLoader:240 - Cannot read IP mode file for STMicroelectronics.FP-SNS-MOTENV1.5.0.0
2025-08-07 14:08:31,622 [WARN] PackLoader:240 - Cannot read IP mode file for wolfSSL.I-CUBE-wolfMQTT.1.19.0
2025-08-07 14:08:31,629 [WARN] PackLoader:240 - Cannot read IP mode file for WES.I-CUBE-Cesium.1.3.0
2025-08-07 14:08:31,640 [WARN] PackLoader:240 - Cannot read IP mode file for STMicroelectronics.X-CUBE-BLE2.3.3.0
2025-08-07 14:08:31,652 [WARN] PackLoader:240 - Cannot read IP mode file for STMicroelectronics.X-CUBE-NFC9.1.0.0
2025-08-07 14:08:31,659 [WARN] PackLoader:240 - Cannot read IP mode file for STMicroelectronics.X-CUBE-BLE1.7.1.0
2025-08-07 14:08:31,664 [WARN] PackLoader:240 - Cannot read IP mode file for STMicroelectronics.X-CUBE-EEPRMA1.5.2.0
2025-08-07 14:08:31,690 [WARN] PackLoader:240 - Cannot read IP mode file for STMicroelectronics.X-CUBE-AI.10.1.0
2025-08-07 14:08:31,925 [WARN] PackLoader:240 - Cannot read IP mode file for STMicroelectronics.X-CUBE-MEMS1.11.2.0
2025-08-07 14:08:32,023 [WARN] PackLoader:240 - Cannot read IP mode file for STMicroelectronics.X-CUBE-AZRTOS-G0.1.1.0
2025-08-07 14:08:32,041 [WARN] PackLoader:240 - Cannot read IP mode file for STMicroelectronics.X-CUBE-SAFEA1.1.2.2
2025-08-07 14:08:32,046 [WARN] PackLoader:240 - Cannot read IP mode file for STMicroelectronics.X-CUBE-NFC4.3.0.0
2025-08-07 14:08:32,056 [WARN] PackLoader:240 - Cannot read IP mode file for EmbeddedOffice.I-CUBE-FS-RTOS.1.0.1
2025-08-07 14:08:32,066 [WARN] PackLoader:240 - Cannot read IP mode file for STMicroelectronics.X-CUBE-WB05N.2.0.0
2025-08-07 14:08:32,076 [WARN] PackLoader:240 - Cannot read IP mode file for STMicroelectronics.X-CUBE-TCPP.4.2.0
2025-08-07 14:08:32,079 [WARN] PackLoader:240 - Cannot read IP mode file for RealThread.X-CUBE-RT-Thread_Nano.4.1.1
2025-08-07 14:08:32,082 [WARN] PackLoader:240 - Cannot read IP mode file for STMicroelectronics.FP-ATR-SIGFOX1.3.2.0
2025-08-07 14:08:32,085 [WARN] ConditionMgr:438 - getConditionDescription Invalid condition id : Cortex-A Device cause : null
2025-08-07 14:08:32,143 [WARN] ConditionMgr:1044 - genDependencies : Invalid condition id : Cortex-A Device cause : null
2025-08-07 14:08:32,143 [WARN] ConditionMgr:1044 - genDependencies : Invalid condition id : Cortex-A Device cause : null
2025-08-07 14:08:32,144 [WARN] ConditionMgr:1044 - genDependencies : Invalid condition id : Cortex-A Device cause : null
2025-08-07 14:08:32,153 [WARN] PackLoader:240 - Cannot read IP mode file for STMicroelectronics.X-CUBE-EEPRMA1.5.1.0
2025-08-07 14:08:32,157 [WARN] PackLoader:240 - Cannot read IP mode file for wolfSSL.I-CUBE-wolfSSL.5.7.6
2025-08-07 14:08:32,179 [WARN] PackLoader:240 - Cannot read IP mode file for ITTIA_DB.I-CUBE-ITTIADB.8.9.0
2025-08-07 14:08:32,187 [WARN] PackLoader:240 - Cannot read IP mode file for STMicroelectronics.X-CUBE-ST67W61.1.0.0
2025-08-07 14:08:32,197 [WARN] PackLoader:240 - Cannot read IP mode file for STMicroelectronics.X-CUBE-AI.10.2.0
2025-08-07 14:08:32,247 [WARN] PackLoader:240 - Cannot read IP mode file for SEGGER.I-CUBE-embOS.1.3.1
2025-08-07 14:08:32,277 [WARN] PackLoader:240 - Cannot read IP mode file for STMicroelectronics.X-CUBE-ALGOBUILD.1.4.0
2025-08-07 14:08:32,327 [WARN] PackLoader:240 - Cannot read IP mode file for STMicroelectronics.X-CUBE-MEMS1.11.3.0
2025-08-07 14:08:32,406 [WARN] PackLoader:240 - Cannot read IP mode file for STMicroelectronics.X-CUBE-PM33A1.1.0.0
2025-08-07 14:08:32,427 [WARN] PackLoader:240 - Cannot read IP mode file for STMicroelectronics.X-CUBE-AZRTOS-F4.1.1.0
2025-08-07 14:08:32,437 [WARN] PackLoader:240 - Cannot read IP mode file for Avnet-IotConnect.X-CUBE-IoTC-DA16k-PMOD.1.0.0
2025-08-07 14:08:32,441 [WARN] PackLoader:240 - Cannot read IP mode file for STMicroelectronics.X-CUBE-ISPU.2.1.0
2025-08-07 14:08:32,446 [WARN] PackLoader:240 - Cannot read IP mode file for STMicroelectronics.X-CUBE-NFC12.1.0.0
2025-08-07 14:08:32,462 [WARN] PackLoader:240 - Cannot read IP mode file for STMicroelectronics.X-CUBE-AZRTOS-L5.2.0.0
2025-08-07 14:08:32,476 [WARN] PackLoader:240 - Cannot read IP mode file for STMicroelectronics.X-CUBE-NFC6.3.1.0
2025-08-07 14:08:32,484 [WARN] PackLoader:240 - Cannot read IP mode file for STMicroelectronics.X-CUBE-DPower.1.2.0
2025-08-07 14:08:32,491 [WARN] PackLoader:240 - Cannot read IP mode file for STMicroelectronics.X-CUBE-FREERTOS.1.3.1
2025-08-07 14:08:32,495 [WARN] PackLoader:240 - Cannot read IP mode file for STMicroelectronics.X-CUBE-FREERTOS.1.3.0
2025-08-07 14:08:32,500 [WARN] PackLoader:240 - Cannot read IP mode file for STMicroelectronics.X-CUBE-NFC7.1.0.1
2025-08-07 14:08:32,504 [WARN] PackLoader:240 - Cannot read IP mode file for STMicroelectronics.FP-SNS-STAIOTCFT.1.0.0
2025-08-07 14:08:32,508 [WARN] PackLoader:240 - Cannot read IP mode file for STMicroelectronics.X-CUBE-DPower.1.3.0
2025-08-07 14:08:32,523 [WARN] ConditionMgr:438 - getConditionDescription Invalid condition id : LAN8742 Phy interface Condition cause : null
2025-08-07 14:08:32,523 [WARN] PackLoader:240 - Cannot read IP mode file for STMicroelectronics.X-CUBE-AZRTOS-L4.2.0.0
2025-08-07 14:08:32,525 [WARN] ConditionMgr:1044 - genDependencies : Invalid condition id : LAN8742 Phy interface Condition cause : null
2025-08-07 14:08:32,525 [WARN] ConditionMgr:1044 - genDependencies : Invalid condition id : LAN8742 Phy interface Condition cause : null
2025-08-07 14:08:32,526 [WARN] ConditionMgr:1044 - genDependencies : Invalid condition id : LAN8742 Phy interface Condition cause : null
2025-08-07 14:08:32,531 [WARN] PackLoader:240 - Cannot read IP mode file for STMicroelectronics.X-CUBE-SFXS2LP1.4.0.0
2025-08-07 14:08:32,548 [WARN] PackLoader:240 - Cannot read IP mode file for STMicroelectronics.X-CUBE-AZRTOS-H7.3.3.0
2025-08-07 14:08:32,563 [WARN] PackLoader:240 - Cannot read IP mode file for STMicroelectronics.X-CUBE-BLEMGR.4.1.0
2025-08-07 14:08:32,574 [WARN] ConditionMgr:438 - getConditionDescription Invalid condition id : UX DEVICE CLASS RTOS Condition cause : null
2025-08-07 14:08:32,575 [WARN] ConditionMgr:438 - getConditionDescription Invalid condition id : UX DEVICE CLASS RTOS Condition cause : null
2025-08-07 14:08:32,577 [WARN] PackLoader:240 - Cannot read IP mode file for STMicroelectronics.X-CUBE-AZRTOS-WB.2.0.0
2025-08-07 14:08:32,579 [WARN] ConditionMgr:1044 - genDependencies : Invalid condition id : UX DEVICE CLASS RTOS Condition cause : null
2025-08-07 14:08:32,579 [WARN] ConditionMgr:1044 - genDependencies : Invalid condition id : UX DEVICE CLASS RTOS Condition cause : null
2025-08-07 14:08:32,581 [WARN] ConditionMgr:1044 - genDependencies : Invalid condition id : UX DEVICE CLASS RTOS Condition cause : null
2025-08-07 14:08:32,582 [WARN] ConditionMgr:1044 - genDependencies : Invalid condition id : UX DEVICE CLASS RTOS Condition cause : null
2025-08-07 14:08:32,582 [WARN] ConditionMgr:1044 - genDependencies : Invalid condition id : UX DEVICE CLASS RTOS Condition cause : null
2025-08-07 14:08:32,585 [WARN] PackLoader:240 - Cannot read IP mode file for STMicroelectronics.X-CUBE-GNSS1.7.0.1
2025-08-07 14:08:32,591 [WARN] PackLoader:240 - Cannot read IP mode file for STMicroelectronics.X-CUBE-TOUCHGFX.4.25.0
2025-08-07 14:08:32,597 [WARN] PackLoader:240 - Cannot read IP mode file for STMicroelectronics.FP-SNS-STBOX1.2.0.0
2025-08-07 14:08:32,616 [WARN] PackLoader:240 - Cannot read IP mode file for STMicroelectronics.X-CUBE-SUBG2.5.0.0
2025-08-07 14:08:32,699 [WARN] PackLoader:240 - Cannot read IP mode file for STMicroelectronics.X-CUBE-AZRTOS-H7RS.1.1.0
2025-08-07 14:08:32,804 [WARN] PackLoader:240 - Cannot read IP mode file for Cesanta.I-CUBE-Mongoose.7.13.0
2025-08-07 14:08:32,832 [WARN] PackLoader:240 - Cannot read IP mode file for STMicroelectronics.X-CUBE-AZRTOS-G4.2.0.0
2025-08-07 14:08:32,843 [WARN] PackLoader:240 - Cannot read IP mode file for STMicroelectronics.X-CUBE-NFC7.2.0.0
2025-08-07 14:08:32,852 [WARN] PackLoader:240 - Cannot read IP mode file for STMicroelectronics.X-CUBE-IPS.3.1.0
2025-08-07 14:08:32,857 [WARN] PackLoader:240 - Cannot read IP mode file for STMicroelectronics.X-CUBE-ALS.1.0.2
2025-08-07 14:08:32,859 [WARN] PackLoader:240 - Cannot read IP mode file for STMicroelectronics.X-CUBE-TOUCHGFX.4.24.2
2025-08-07 14:08:32,862 [WARN] PackLoader:240 - Cannot read IP mode file for wolfSSL.I-CUBE-wolfTPM.3.4.0
2025-08-07 14:08:32,866 [WARN] PackLoader:240 - Cannot read IP mode file for portGmbH.I-Cube-SoM-uGOAL.1.1.0
2025-08-07 14:08:32,879 [WARN] PackLoader:240 - Cannot read IP mode file for STMicroelectronics.X-CUBE-AZRTOS-H7RS.1.0.0
2025-08-07 14:08:32,890 [WARN] PackLoader:240 - Cannot read IP mode file for STMicroelectronics.X-CUBE-TOF1.3.4.2
2025-08-07 14:08:32,912 [WARN] PackLoader:240 - Cannot read IP mode file for STMicroelectronics.X-CUBE-TOF1.3.4.3
2025-08-07 14:08:32,918 [WARN] PackLoader:240 - Cannot read IP mode file for wolfSSL.I-CUBE-wolfSSH.1.4.17
2025-08-07 14:08:32,936 [INFO] ThirdParty:978 - Integrity check success = true
2025-08-07 14:08:32,936 [INFO] IntegrityCheckThread:100 - exiting critical section [integrity check]
2025-08-07 14:08:32,936 [INFO] IntegrityCheckThread:103 - End integrity checks thread
2025-08-07 14:08:34,605 [INFO] WebApp:169 - Instantiating new browser for Auth
2025-08-07 14:08:35,814 [INFO] WebApp:463 - Apply proxy settings
2025-08-07 14:08:35,829 [INFO] WebApp:508 - Chromium authenticates against Manually configured proxy
2025-08-07 14:08:35,840 [INFO] WebApp:516 - Username used for proxy authentication: 
2025-08-07 14:08:35,879 [INFO] WebApp:894 - Register for checkConnection events
2025-08-07 14:08:35,879 [INFO] WebApp:463 - Apply proxy settings
2025-08-07 14:08:35,883 [INFO] WebApp:508 - Chromium authenticates against Manually configured proxy
2025-08-07 14:08:35,884 [INFO] WebApp:516 - Username used for proxy authentication: 
2025-08-07 14:08:36,015 [INFO] WebApp:225 - Starting web application
2025-08-07 14:08:36,015 [INFO] WebApp:593 - Web application path used /Applications/STM32CubeIDE.app/Contents/Eclipse/plugins/com.st.stm32cube.common.mx_6.14.1.202504091515/db/plugins/mcufinder/reactClient1/index.html
2025-08-07 14:08:36,476 [INFO] WebApp:191 - Connection restablished
2025-08-07 14:08:36,639 [INFO] UserAuth:484 - Internet connection configuration mode: 1
2025-08-07 14:08:38,382 [INFO] WebApp:194 - Connection lost
2025-08-07 14:08:39,024 [INFO] WebApp:191 - Connection restablished
2025-08-07 14:27:36,912 [INFO] WebApp:194 - Connection lost
2025-08-07 14:27:37,589 [INFO] WebApp:191 - Connection restablished
2025-08-07 15:02:50,298 [INFO] WebApp:194 - Connection lost
2025-08-07 15:02:50,869 [INFO] WebApp:191 - Connection restablished
2025-08-07 16:29:08,839 [INFO] WebApp:194 - Connection lost
2025-08-07 16:29:09,453 [INFO] WebApp:191 - Connection restablished
2025-08-07 16:50:25,144 [INFO] WebApp:194 - Connection lost
2025-08-07 16:50:25,757 [INFO] WebApp:191 - Connection restablished
2025-08-07 16:55:38,910 [INFO] WebApp:194 - Connection lost
2025-08-07 16:55:39,388 [INFO] WebApp:191 - Connection restablished
2025-08-07 18:59:44,425 [INFO] LogOutputStream:77 - [STDOUT_REDIRECT] ***WARNING: Display must be created on main thread due to Cocoa restrictions. Use vmarg -XstartOnFirstThread
2025-08-07 18:59:44,640 [ERROR] LogOutputStream:75 - [STDERR_REDIRECT] 
