2025-06-23 10:10:41,353 [INFO] Activator:176 - 


2025-06-23 10:10:41,357 [INFO] Activator:177 - !SESSION log4j initialized
2025-06-23 10:10:45,306 [ERROR] LogOutputStream:75 - [STDERR_REDIRECT] 
2025-06-23 10:10:45,666 [INFO] LogOutputStream:77 - [STDOUT_REDIRECT] 
2025-06-23 10:10:47,185 [INFO] LogOutputStream:77 - [STDOUT_REDIRECT] 
2025-06-23 10:10:48,464 [INFO] ApplicationProperties:184 - Using Application install path: /Applications/STM32CubeIDE.app/Contents/Eclipse/plugins/com.st.stm32cube.common.mx_6.14.1.202504091515
2025-06-23 10:10:48,481 [INFO] DbMcusXml:78 - Set database path to: /Applications/STM32CubeIDE.app/Contents/Eclipse/plugins/com.st.stm32cube.common.mx_6.14.1.202504091515//db//mcu/
2025-06-23 10:10:48,481 [INFO] ApiDb:274 - Set plugin database path to: /Applications/STM32CubeIDE.app/Contents/Eclipse/plugins/com.st.stm32cube.common.mx_6.14.1.202504091515//db//plugins/boardmanager/
2025-06-23 10:10:48,482 [WARN] ApiDb:259 - Overriding images path with different value:  => /Applications/STM32CubeIDE.app/Contents/Eclipse/plugins/com.st.stm32cube.common.mx_6.14.1.202504091515//db//plugins/mcufinder/images/
2025-06-23 10:10:48,489 [INFO] ApiDb:250 - Set database path to: /Users/mauricewashington/.stmcufinder/plugins/mcufinder//mcu/
2025-06-23 10:10:48,490 [INFO] DbMcusAds:125 - Set database path to: /Users/mauricewashington/.stmcufinder/plugins/mcufinder//mcu/
2025-06-23 10:10:48,491 [INFO] CrossReferenceDbSqlite:203 - Set database path to: /Users/mauricewashington/.stmcufinder/plugins/mcufinder//mcu/cs/
2025-06-23 10:10:48,613 [INFO] RulesReader:64 - Compatibility file has been processed (302 Rules)
2025-06-23 10:10:48,694 [INFO] DbMcusXml:78 - Set database path to: /Applications/STM32CubeIDE.app/Contents/Eclipse/plugins/com.st.stm32cube.common.mx_6.14.1.202504091515//db//mcu/
2025-06-23 10:10:48,694 [INFO] ApiDb:274 - Set plugin database path to: /Applications/STM32CubeIDE.app/Contents/Eclipse/plugins/com.st.stm32cube.common.mx_6.14.1.202504091515//db//plugins/boardmanager/
2025-06-23 10:10:48,694 [INFO] ApiDb:261 - Set plugin images path to: /Applications/STM32CubeIDE.app/Contents/Eclipse/plugins/com.st.stm32cube.common.mx_6.14.1.202504091515//db//plugins/mcufinder/images/
2025-06-23 10:10:48,695 [WARN] DbFile:41 - Overriding database path with different value: /Users/mauricewashington/.stmcufinder/plugins/mcufinder/ => /Users/mauricewashington/.stmcufinder/plugins/mcufinder
2025-06-23 10:10:48,695 [INFO] ApiDb:250 - Set database path to: /Users/mauricewashington/.stmcufinder/plugins/mcufinder//mcu/
2025-06-23 10:10:48,695 [WARN] DbFile:41 - Overriding database path with different value: /Users/mauricewashington/.stmcufinder/plugins/mcufinder/ => /Users/mauricewashington/.stmcufinder/plugins/mcufinder
2025-06-23 10:10:48,696 [INFO] DbMcusAds:125 - Set database path to: /Users/mauricewashington/.stmcufinder/plugins/mcufinder//mcu/
2025-06-23 10:10:48,696 [WARN] DbFile:41 - Overriding database path with different value: /Users/mauricewashington/.stmcufinder/plugins/mcufinder/ => /Users/mauricewashington/.stmcufinder/plugins/mcufinder
2025-06-23 10:10:48,696 [WARN] DbFile:41 - Overriding database path with different value: /Users/mauricewashington/.stmcufinder/plugins/mcufinder/ => /Users/mauricewashington/.stmcufinder/plugins/mcufinder
2025-06-23 10:10:48,696 [INFO] CrossReferenceDbSqlite:203 - Set database path to: /Users/mauricewashington/.stmcufinder/plugins/mcufinder//mcu/cs/
2025-06-23 10:10:48,767 [INFO] MainPanel:272 - HeapMemory: 268435456
2025-06-23 10:10:49,008 [INFO] DbMcusXml:78 - Set database path to: /Applications/STM32CubeIDE.app/Contents/Eclipse/plugins/com.st.stm32cube.common.mx_6.14.1.202504091515//db//mcu/
2025-06-23 10:10:49,009 [INFO] ApiDb:274 - Set plugin database path to: /Applications/STM32CubeIDE.app/Contents/Eclipse/plugins/com.st.stm32cube.common.mx_6.14.1.202504091515//db//plugins/boardmanager/
2025-06-23 10:10:49,009 [INFO] ApiDb:261 - Set plugin images path to: /Applications/STM32CubeIDE.app/Contents/Eclipse/plugins/com.st.stm32cube.common.mx_6.14.1.202504091515//db//plugins/mcufinder/images/
2025-06-23 10:10:49,009 [WARN] DbFile:41 - Overriding database path with different value: /Users/mauricewashington/.stmcufinder/plugins/mcufinder/ => /Users/mauricewashington/.stmcufinder/plugins/mcufinder
2025-06-23 10:10:49,009 [INFO] ApiDb:250 - Set database path to: /Users/mauricewashington/.stmcufinder/plugins/mcufinder//mcu/
2025-06-23 10:10:49,009 [WARN] DbFile:41 - Overriding database path with different value: /Users/mauricewashington/.stmcufinder/plugins/mcufinder/ => /Users/mauricewashington/.stmcufinder/plugins/mcufinder
2025-06-23 10:10:49,009 [INFO] DbMcusAds:125 - Set database path to: /Users/mauricewashington/.stmcufinder/plugins/mcufinder//mcu/
2025-06-23 10:10:49,009 [WARN] DbFile:41 - Overriding database path with different value: /Users/mauricewashington/.stmcufinder/plugins/mcufinder/ => /Users/mauricewashington/.stmcufinder/plugins/mcufinder
2025-06-23 10:10:49,009 [WARN] DbFile:41 - Overriding database path with different value: /Users/mauricewashington/.stmcufinder/plugins/mcufinder/ => /Users/mauricewashington/.stmcufinder/plugins/mcufinder
2025-06-23 10:10:49,009 [INFO] CrossReferenceDbSqlite:203 - Set database path to: /Users/mauricewashington/.stmcufinder/plugins/mcufinder//mcu/cs/
2025-06-23 10:10:49,023 [INFO] ApplicationProperties:184 - Using Application install path: /Applications/STM32CubeIDE.app/Contents/Eclipse/plugins/com.st.stm32cube.common.mx_6.14.1.202504091515
2025-06-23 10:10:49,023 [INFO] PluginManage:196 - Search for loadable plugins [exclusion list=, ]
2025-06-23 10:10:49,024 [INFO] PluginManage:310 - Check plugin analytics
2025-06-23 10:10:49,154 [INFO] AnalyticsPlugin:253 - Accepted Software Licenses: 
2025-06-23 10:10:49,154 [INFO] AnalyticsPlugin:255 - Accepted CMSIS Pack Licenses: 
2025-06-23 10:10:49,154 [INFO] AnalyticsPlugin:257 - Accepted Firmware Licenses: 
2025-06-23 10:10:49,161 [INFO] PluginManage:359 - Loaded plugin analytics (category:tool,tabindex:-1)
2025-06-23 10:10:49,161 [INFO] PluginManage:310 - Check plugin cadmodel
2025-06-23 10:10:49,171 [INFO] CADModel:105 - Init CAD model plugin
2025-06-23 10:10:49,171 [INFO] PluginManage:359 - Loaded plugin cadmodel (category:power,tabindex:5)
2025-06-23 10:10:49,171 [INFO] PluginManage:310 - Check plugin clock
2025-06-23 10:10:49,177 [INFO] PluginManage:359 - Loaded plugin clock (category:base,tabindex:2)
2025-06-23 10:10:49,177 [INFO] PluginManage:310 - Check plugin ddr
2025-06-23 10:10:49,179 [INFO] PluginManage:359 - Loaded plugin ddr (category:tool,tabindex:6)
2025-06-23 10:10:49,179 [INFO] PluginManage:310 - Check plugin filemanager
2025-06-23 10:10:49,295 [INFO] PluginManage:359 - Loaded plugin filemanager (category:base,tabindex:10)
2025-06-23 10:10:49,295 [INFO] PluginManage:310 - Check plugin ipmanager
2025-06-23 10:10:49,301 [INFO] PluginManage:359 - Loaded plugin ipmanager (category:base,tabindex:5)
2025-06-23 10:10:49,301 [INFO] PluginManage:310 - Check plugin lpbam
2025-06-23 10:10:49,308 [INFO] PluginManage:359 - Loaded plugin lpbam (category:base,tabindex:0)
2025-06-23 10:10:49,309 [INFO] PluginManage:310 - Check plugin memorymap
2025-06-23 10:10:49,316 [INFO] PluginManage:359 - Loaded plugin memorymap (category:base,tabindex:4)
2025-06-23 10:10:49,317 [INFO] PluginManage:310 - Check plugin pinoutandconfiguration
2025-06-23 10:10:49,321 [INFO] PluginManage:359 - Loaded plugin pinoutandconfiguration (category:base,tabindex:1)
2025-06-23 10:10:49,321 [INFO] PluginManage:310 - Check plugin pinoutconfig
2025-06-23 10:10:49,378 [WARN] SupportedApi:132 - Cannot load RTOS API schema: s4s-elt-must-match.1: The content of 'definitions' must match (annotation?, (simpleType | complexType)?, (unique | key | keyref)*)). A problem was found starting at: attribute.
2025-06-23 10:10:49,482 [INFO] PluginManage:359 - Loaded plugin pinoutconfig (category:base,tabindex:0)
2025-06-23 10:10:49,482 [INFO] PluginManage:310 - Check plugin power
2025-06-23 10:10:49,492 [INFO] PluginManage:359 - Loaded plugin power (category:power,tabindex:4)
2025-06-23 10:10:49,493 [INFO] PluginManage:310 - Check plugin projectmanager
2025-06-23 10:10:49,515 [INFO] PluginManage:359 - Loaded plugin projectmanager (category:projectmanager,tabindex:4)
2025-06-23 10:10:49,515 [INFO] PluginManage:310 - Check plugin rif
2025-06-23 10:10:49,519 [INFO] PluginManage:359 - Loaded plugin rif (category:base,tabindex:3)
2025-06-23 10:10:49,519 [INFO] PluginManage:310 - Check plugin thirdparty
2025-06-23 10:10:49,638 [INFO] PluginManage:359 - Loaded plugin thirdparty (category:base,tabindex:-1)
2025-06-23 10:10:49,639 [INFO] PluginManage:310 - Check plugin tools
2025-06-23 10:10:49,638 [WARN] IntegrityCheckThread:84 - waiting for thirdparty lock release [integrity check]
2025-06-23 10:10:49,641 [INFO] IntegrityCheckThread:86 - entering critical section [integrity check]
2025-06-23 10:10:49,641 [INFO] ThirdPartyUpdaterWithRetryManager:70 - Updater plugin not ready yet. [1/15]
2025-06-23 10:10:49,641 [INFO] PluginManage:359 - Loaded plugin tools (category:base,tabindex:7)
2025-06-23 10:10:49,641 [INFO] PluginManage:310 - Check plugin tutovideos
2025-06-23 10:10:49,759 [INFO] PluginManage:359 - Loaded plugin tutovideos (category:base,tabindex:-1)
2025-06-23 10:10:49,759 [INFO] PluginManage:310 - Check plugin updater
2025-06-23 10:10:49,780 [INFO] PluginManage:359 - Loaded plugin updater (category:base,tabindex:12)
2025-06-23 10:10:49,780 [INFO] PluginManage:310 - Check plugin userauth
2025-06-23 10:10:49,784 [INFO] UserAuth:118 - Init User Auth plugin
2025-06-23 10:10:49,785 [INFO] PluginManage:359 - Loaded plugin userauth (category:base,tabindex:14)
2025-06-23 10:10:49,786 [INFO] PluginManage:283 - PluginManage : Loaded plugins [18]
2025-06-23 10:10:49,950 [INFO] PinOutPanel:1589 - setPackage(No Configuration,No Configuration)
2025-06-23 10:10:50,006 [INFO] CADModel:165 - CPN selected for project level
2025-06-23 10:10:50,006 [INFO] CADModel:114 - Register for checkConnection events
2025-06-23 10:10:50,015 [INFO] IPUIPlugin:80 - create IPUIPlugin
2025-06-23 10:10:50,015 [INFO] PluginManager:220 - loadIPPluginJar : add mdma
2025-06-23 10:10:50,020 [INFO] IPUIPlugin:80 - create IPUIPlugin
2025-06-23 10:10:50,021 [INFO] PluginManager:220 - loadIPPluginJar : add freertos
2025-06-23 10:10:50,023 [INFO] IPUIPlugin:80 - create IPUIPlugin
2025-06-23 10:10:50,023 [INFO] PluginManager:220 - loadIPPluginJar : add gic
2025-06-23 10:10:50,029 [INFO] IPUIPlugin:80 - create IPUIPlugin
2025-06-23 10:10:50,029 [INFO] PluginManager:220 - loadIPPluginJar : add adc
2025-06-23 10:10:50,030 [INFO] IPUIPlugin:80 - create IPUIPlugin
2025-06-23 10:10:50,030 [INFO] PluginManager:220 - loadIPPluginJar : add gtzc
2025-06-23 10:10:50,031 [INFO] IPUIPlugin:80 - create IPUIPlugin
2025-06-23 10:10:50,031 [INFO] PluginManager:220 - loadIPPluginJar : add quadspi
2025-06-23 10:10:50,032 [INFO] IPUIPlugin:80 - create IPUIPlugin
2025-06-23 10:10:50,032 [INFO] PluginManager:220 - loadIPPluginJar : add aes
2025-06-23 10:10:50,033 [INFO] IPUIPlugin:80 - create IPUIPlugin
2025-06-23 10:10:50,033 [INFO] PluginManager:220 - loadIPPluginJar : add pdm2pcm
2025-06-23 10:10:50,034 [INFO] IPUIPlugin:80 - create IPUIPlugin
2025-06-23 10:10:50,034 [INFO] PluginManager:220 - loadIPPluginJar : add hash
2025-06-23 10:10:50,035 [INFO] IPUIPlugin:80 - create IPUIPlugin
2025-06-23 10:10:50,035 [INFO] PluginManager:220 - loadIPPluginJar : add tim
2025-06-23 10:10:50,036 [INFO] IPUIPlugin:80 - create IPUIPlugin
2025-06-23 10:10:50,036 [INFO] PluginManager:220 - loadIPPluginJar : add tsc
2025-06-23 10:10:50,063 [INFO] IPUIPlugin:80 - create IPUIPlugin
2025-06-23 10:10:50,064 [INFO] PluginManager:220 - loadIPPluginJar : add extmemmanager
2025-06-23 10:10:50,065 [INFO] IPUIPlugin:80 - create IPUIPlugin
2025-06-23 10:10:50,065 [INFO] PluginManager:220 - loadIPPluginJar : add ts
2025-06-23 10:10:50,067 [INFO] IPUIPlugin:80 - create IPUIPlugin
2025-06-23 10:10:50,067 [INFO] PluginManager:220 - loadIPPluginJar : add radio
2025-06-23 10:10:50,069 [INFO] IPUIPlugin:80 - create IPUIPlugin
2025-06-23 10:10:50,069 [INFO] PluginManager:220 - loadIPPluginJar : add can
2025-06-23 10:10:50,070 [INFO] IPUIPlugin:80 - create IPUIPlugin
2025-06-23 10:10:50,070 [INFO] PluginManager:220 - loadIPPluginJar : add dma3
2025-06-23 10:10:50,070 [INFO] IPUIPlugin:80 - create IPUIPlugin
2025-06-23 10:10:50,070 [INFO] PluginManager:220 - loadIPPluginJar : add dfsdm
2025-06-23 10:10:50,071 [INFO] IPUIPlugin:80 - create IPUIPlugin
2025-06-23 10:10:50,071 [INFO] PluginManager:220 - loadIPPluginJar : add spi
2025-06-23 10:10:50,072 [INFO] IPUIPlugin:80 - create IPUIPlugin
2025-06-23 10:10:50,073 [INFO] PluginManager:220 - loadIPPluginJar : add gfxmmu
2025-06-23 10:10:50,073 [INFO] IPUIPlugin:80 - create IPUIPlugin
2025-06-23 10:10:50,073 [INFO] PluginManager:220 - loadIPPluginJar : add genericplugin
2025-06-23 10:10:50,074 [INFO] IPUIPlugin:80 - create IPUIPlugin
2025-06-23 10:10:50,074 [INFO] PluginManager:220 - loadIPPluginJar : add cryp
2025-06-23 10:10:50,077 [INFO] IPUIPlugin:80 - create IPUIPlugin
2025-06-23 10:10:50,077 [INFO] PluginManager:220 - loadIPPluginJar : add gpio
2025-06-23 10:10:50,079 [INFO] IPUIPlugin:80 - create IPUIPlugin
2025-06-23 10:10:50,079 [INFO] PluginManager:220 - loadIPPluginJar : add ddr_ctrl_phy
2025-06-23 10:10:50,080 [INFO] IPUIPlugin:80 - create IPUIPlugin
2025-06-23 10:10:50,081 [INFO] PluginManager:220 - loadIPPluginJar : add comp
2025-06-23 10:10:50,082 [INFO] IPUIPlugin:80 - create IPUIPlugin
2025-06-23 10:10:50,083 [INFO] PluginManager:220 - loadIPPluginJar : add tracer_emb
2025-06-23 10:10:50,084 [INFO] IPUIPlugin:80 - create IPUIPlugin
2025-06-23 10:10:50,084 [INFO] PluginManager:220 - loadIPPluginJar : add openamp
2025-06-23 10:10:50,087 [INFO] IPUIPlugin:80 - create IPUIPlugin
2025-06-23 10:10:50,087 [INFO] PluginManager:220 - loadIPPluginJar : add stm32_wpan
2025-06-23 10:10:50,090 [INFO] IPUIPlugin:80 - create IPUIPlugin
2025-06-23 10:10:50,092 [INFO] PluginManager:220 - loadIPPluginJar : add plateformsettings
2025-06-23 10:10:50,095 [INFO] IPUIPlugin:80 - create IPUIPlugin
2025-06-23 10:10:50,095 [INFO] PluginManager:220 - loadIPPluginJar : add ipddr
2025-06-23 10:10:50,096 [INFO] IPUIPlugin:80 - create IPUIPlugin
2025-06-23 10:10:50,096 [INFO] PluginManager:220 - loadIPPluginJar : add usart
2025-06-23 10:10:50,097 [INFO] IPUIPlugin:80 - create IPUIPlugin
2025-06-23 10:10:50,097 [INFO] PluginManager:220 - loadIPPluginJar : add ltdc
2025-06-23 10:10:50,098 [INFO] IPUIPlugin:80 - create IPUIPlugin
2025-06-23 10:10:50,099 [INFO] PluginManager:220 - loadIPPluginJar : add nvic
2025-06-23 10:10:50,099 [INFO] IPUIPlugin:80 - create IPUIPlugin
2025-06-23 10:10:50,099 [INFO] PluginManager:220 - loadIPPluginJar : add fatfs
2025-06-23 10:10:50,103 [INFO] IPUIPlugin:80 - create IPUIPlugin
2025-06-23 10:10:50,103 [INFO] PluginManager:220 - loadIPPluginJar : add linkedlist
2025-06-23 10:10:50,106 [INFO] IPUIPlugin:80 - create IPUIPlugin
2025-06-23 10:10:50,106 [INFO] PluginManager:220 - loadIPPluginJar : add dma
2025-06-23 10:10:50,107 [INFO] IPUIPlugin:80 - create IPUIPlugin
2025-06-23 10:10:50,107 [INFO] PluginManager:220 - loadIPPluginJar : add fmc
2025-06-23 10:10:50,108 [INFO] IPUIPlugin:80 - create IPUIPlugin
2025-06-23 10:10:50,108 [INFO] PluginManager:220 - loadIPPluginJar : add i2s
2025-06-23 10:10:50,109 [INFO] IPUIPlugin:80 - create IPUIPlugin
2025-06-23 10:10:50,109 [INFO] PluginManager:220 - loadIPPluginJar : add ucpd
2025-06-23 10:10:50,110 [INFO] IPUIPlugin:80 - create IPUIPlugin
2025-06-23 10:10:50,110 [INFO] PluginManager:220 - loadIPPluginJar : add lorawan
2025-06-23 10:10:50,111 [INFO] IPUIPlugin:80 - create IPUIPlugin
2025-06-23 10:10:50,111 [INFO] PluginManager:220 - loadIPPluginJar : add opamp
2025-06-23 10:10:50,112 [INFO] IPUIPlugin:80 - create IPUIPlugin
2025-06-23 10:10:50,112 [INFO] PluginManager:220 - loadIPPluginJar : add i3c
2025-06-23 10:10:50,113 [INFO] IPUIPlugin:80 - create IPUIPlugin
2025-06-23 10:10:50,114 [INFO] PluginManager:220 - loadIPPluginJar : add touchsensing
2025-06-23 10:10:50,115 [INFO] IPUIPlugin:80 - create IPUIPlugin
2025-06-23 10:10:50,115 [INFO] PluginManager:220 - loadIPPluginJar : add i2c
2025-06-23 10:10:50,116 [INFO] IPUIPlugin:80 - create IPUIPlugin
2025-06-23 10:10:50,117 [INFO] PluginManager:220 - loadIPPluginJar : add resmgrutility
2025-06-23 10:10:50,118 [INFO] IPUIPlugin:80 - create IPUIPlugin
2025-06-23 10:10:50,118 [INFO] PluginManager:220 - loadIPPluginJar : add sai
2025-06-23 10:10:50,119 [INFO] IPUIPlugin:80 - create IPUIPlugin
2025-06-23 10:10:50,119 [INFO] PluginManager:220 - loadIPPluginJar : add usbx
2025-06-23 10:10:50,225 [FATAL] Updater:351 - Updater called before beeing initialized
2025-06-23 10:10:50,263 [INFO] RulesReader:64 - Compatibility file has been processed (302 Rules)
2025-06-23 10:10:50,273 [INFO] RulesReader:64 - Compatibility file has been processed (302 Rules)
2025-06-23 10:10:50,284 [INFO] CADModel:165 - CPN selected for project level
2025-06-23 10:10:50,284 [INFO] CADModel:114 - Register for checkConnection events
2025-06-23 10:10:50,284 [FATAL] Updater:351 - Updater called before beeing initialized
2025-06-23 10:10:50,284 [ERROR] CADModel:125 - Updater not yet initialized, retry later 
2025-06-23 10:10:50,468 [FATAL] Updater:351 - Updater called before beeing initialized
2025-06-23 10:10:50,469 [INFO] CADModel:165 - CPN selected for project level
2025-06-23 10:10:50,469 [INFO] CADModel:114 - Register for checkConnection events
2025-06-23 10:10:50,469 [FATAL] Updater:351 - Updater called before beeing initialized
2025-06-23 10:10:50,469 [ERROR] CADModel:125 - Updater not yet initialized, retry later 
2025-06-23 10:10:50,471 [FATAL] Updater:351 - Updater called before beeing initialized
2025-06-23 10:10:50,592 [FATAL] Updater:351 - Updater called before beeing initialized
2025-06-23 10:10:50,595 [INFO] DbMcusAds:53 - JSON generation date=Wed May 07 02:07:55 PDT 2025 (1746608875484)
2025-06-23 10:10:50,595 [FATAL] Updater:351 - Updater called before beeing initialized
2025-06-23 10:10:50,642 [WARN] DetailPanel:346 - Failed to get advertising image, set to default
2025-06-23 10:10:50,796 [FATAL] Updater:351 - Updater called before beeing initialized
2025-06-23 10:10:50,800 [FATAL] Updater:351 - Updater called before beeing initialized
2025-06-23 10:10:50,801 [FATAL] Updater:351 - Updater called before beeing initialized
2025-06-23 10:10:50,801 [WARN] DetailPanel:346 - Failed to get advertising image, set to default
2025-06-23 10:10:50,804 [FATAL] Updater:351 - Updater called before beeing initialized
2025-06-23 10:10:50,851 [ERROR] Updater:1198 - MainUpdater not yet initialized. External WinMGr cannot be set.
2025-06-23 10:10:50,875 [INFO] Updater:1134 - Updater Version found : 6.14.1
2025-06-23 10:10:50,887 [INFO] ApplicationProperties:184 - Using Application install path: /Applications/STM32CubeIDE.app/Contents/Eclipse/plugins/com.st.stm32cube.common.mx_6.14.1.202504091515
2025-06-23 10:10:51,222 [INFO] MainUpdater:2872 - connection check result : 10
2025-06-23 10:10:51,223 [INFO] MainUpdater:3566 - Updater definition file requires update
2025-06-23 10:10:51,223 [INFO] MainUpdater:289 - Updater Check For Update Now.
2025-06-23 10:10:51,223 [INFO] MicroXplorer:498 - Change Database Version : DB.6.0.141
2025-06-23 10:10:51,229 [INFO] McuFinderGlobals:63 - Set McuFinder mode to 2 (CubeIDE integrated)
2025-06-23 10:10:51,230 [INFO] UserAuth:484 - Internet connection configuration mode: 1
2025-06-23 10:10:51,242 [INFO] JxBrowserEngine:152 - Initiate JxBrowser Engine with user profile folder
2025-06-23 10:10:51,332 [INFO] ServerAccessManage:473 - Download File updaters.zip
2025-06-23 10:10:51,447 [INFO] FileExtend:242 - Unzip File : updaters.zip
2025-06-23 10:10:51,447 [INFO] FileExtend:257 - Standard Zip Deflate
2025-06-23 10:10:51,611 [INFO] ServerAccessManage:473 - Download File PacksControlFlags.xml
2025-06-23 10:10:51,897 [INFO] ServerAccessManage:473 - Download File cubemx.pidx
2025-06-23 10:10:52,459 [INFO] ServerAccessManage:473 - Download File STMicroelectronics.FP-SNS-STAIOTCFT.pdsc
2025-06-23 10:10:52,647 [WARN] MainUpdater:1193 - Updater busy. Cannot search thirdparties
2025-06-23 10:10:52,647 [INFO] ThirdPartyUpdaterWithRetryManager:96 - Updater plugin is busy. [1/15]
2025-06-23 10:10:53,432 [WARN] PackLoader:240 - Cannot read IP mode file for STMicroelectronics.FP-SNS-STAIOTCFT.1.0.0
2025-06-23 10:10:53,448 [INFO] PopulateThirdPartyThread:66 - Ending populate Thread
2025-06-23 10:10:53,453 [INFO] ThirdParty:1030 - CMSIS Pack Vendor :STMicroelectronics FP-SNS-STAIOTCFT 1.0.0
2025-06-23 10:10:53,453 [INFO] LoadServerUpdatesThread:375 - End of LoadServerUpdate Thread
2025-06-23 10:10:53,575 [INFO] CheckServerUpdateThread:120 - End of CheckServer Thread
2025-06-23 10:10:55,749 [INFO] WebApp:169 - Instantiating new browser for Auth
2025-06-23 10:10:55,907 [WARN] PackLoader:240 - Cannot read IP mode file for STMicroelectronics.FP-SNS-MOTENVWB1.1.4.0
2025-06-23 10:10:55,913 [WARN] PackLoader:240 - Cannot read IP mode file for STMicroelectronics.FP-ATR-ASTRA1.2.0.2
2025-06-23 10:10:55,925 [WARN] PackLoader:240 - Cannot read IP mode file for STMicroelectronics.FP-ATR-ASTRA1.2.0.1
2025-06-23 10:10:55,932 [WARN] PackLoader:240 - Cannot read IP mode file for STMicroelectronics.X-CUBE-SMBUS.2.1.0
2025-06-23 10:10:55,938 [WARN] PackLoader:240 - Cannot read IP mode file for STMicroelectronics.X-CUBE-WB05N.1.1.0
2025-06-23 10:10:55,946 [WARN] PackLoader:240 - Cannot read IP mode file for STMicroelectronics.X-CUBE-ST60.1.0.0
2025-06-23 10:10:55,990 [WARN] PackLoader:240 - Cannot read IP mode file for STMicroelectronics.X-CUBE-AZRTOS-F7.1.1.0
2025-06-23 10:10:56,010 [WARN] PackLoader:240 - Cannot read IP mode file for STMicroelectronics.FP-SNS-FLIGHT1.5.0.2
2025-06-23 10:10:56,058 [WARN] PackLoader:240 - Cannot read IP mode file for Infineon.AIROC-Wi-Fi-Bluetooth-STM32.1.7.0
2025-06-23 10:10:56,114 [WARN] PackLoader:240 - Cannot read IP mode file for STMicroelectronics.X-CUBE-DISPLAY.3.0.0
2025-06-23 10:10:56,143 [WARN] PackLoader:240 - Cannot read IP mode file for STMicroelectronics.X-CUBE-BLE1.7.0.0
2025-06-23 10:10:56,163 [WARN] PackLoader:240 - Cannot read IP mode file for STMicroelectronics.X-CUBE-NFC10.1.0.0
2025-06-23 10:10:56,202 [WARN] PackLoader:240 - Cannot read IP mode file for STMicroelectronics.X-CUBE-BLEMGR.4.0.0
2025-06-23 10:10:56,226 [WARN] PackLoader:240 - Cannot read IP mode file for emotas.I-CUBE-CANOPEN.1.3.0
2025-06-23 10:10:56,232 [WARN] PackLoader:240 - Cannot read IP mode file for STMicroelectronics.X-CUBE-AI.10.0.0
2025-06-23 10:10:56,238 [WARN] PackLoader:240 - Cannot read IP mode file for STMicroelectronics.FP-SNS-SMARTAG2.1.2.0
2025-06-23 10:10:56,243 [WARN] PackLoader:240 - Cannot read IP mode file for STMicroelectronics.FP-SNS-FLIGHT1.5.1.0
2025-06-23 10:10:56,331 [WARN] PackLoader:240 - Cannot read IP mode file for STMicroelectronics.X-CUBE-MEMS1.11.1.0
2025-06-23 10:10:56,438 [INFO] LogOutputStream:77 - [STDOUT_REDIRECT] 1 : Invalid condition id : UX_CORESTACK_Condition cause : null
2025-06-23 10:10:56,440 [INFO] LogOutputStream:77 - [STDOUT_REDIRECT] 1 : Invalid condition id : UX_CORESTACK_Condition cause : null
2025-06-23 10:10:56,440 [INFO] LogOutputStream:77 - [STDOUT_REDIRECT] 1 : Invalid condition id : UX_CORESTACK_Condition cause : null
2025-06-23 10:10:56,440 [INFO] LogOutputStream:77 - [STDOUT_REDIRECT] 1 : Invalid condition id : UX_CORESTACK_Condition cause : null
2025-06-23 10:10:56,440 [INFO] LogOutputStream:77 - [STDOUT_REDIRECT] 1 : Invalid condition id : UX_CORESTACK_Condition cause : null
2025-06-23 10:10:56,446 [WARN] PackLoader:240 - Cannot read IP mode file for STMicroelectronics.X-CUBE-AZRTOS-WL.2.0.0
2025-06-23 10:10:56,468 [WARN] PackLoader:240 - Cannot read IP mode file for STMicroelectronics.FP-SNS-MOTENV1.5.0.0
2025-06-23 10:10:56,481 [WARN] PackLoader:240 - Cannot read IP mode file for wolfSSL.I-CUBE-wolfMQTT.1.19.0
2025-06-23 10:10:56,487 [WARN] PackLoader:240 - Cannot read IP mode file for WES.I-CUBE-Cesium.1.3.0
2025-06-23 10:10:56,493 [WARN] PackLoader:240 - Cannot read IP mode file for STMicroelectronics.X-CUBE-BLE2.3.3.0
2025-06-23 10:10:56,501 [WARN] PackLoader:240 - Cannot read IP mode file for STMicroelectronics.X-CUBE-NFC9.1.0.0
2025-06-23 10:10:56,506 [WARN] PackLoader:240 - Cannot read IP mode file for STMicroelectronics.X-CUBE-BLE1.7.1.0
2025-06-23 10:10:56,510 [WARN] PackLoader:240 - Cannot read IP mode file for STMicroelectronics.X-CUBE-AI.10.1.0
2025-06-23 10:10:56,563 [WARN] PackLoader:240 - Cannot read IP mode file for STMicroelectronics.X-CUBE-MEMS1.11.2.0
2025-06-23 10:10:56,680 [WARN] PackLoader:240 - Cannot read IP mode file for STMicroelectronics.X-CUBE-AZRTOS-G0.1.1.0
2025-06-23 10:10:56,697 [WARN] PackLoader:240 - Cannot read IP mode file for STMicroelectronics.X-CUBE-SAFEA1.1.2.2
2025-06-23 10:10:56,706 [WARN] PackLoader:240 - Cannot read IP mode file for STMicroelectronics.X-CUBE-NFC4.3.0.0
2025-06-23 10:10:56,730 [WARN] PackLoader:240 - Cannot read IP mode file for EmbeddedOffice.I-CUBE-FS-RTOS.1.0.1
2025-06-23 10:10:56,747 [WARN] PackLoader:240 - Cannot read IP mode file for STMicroelectronics.X-CUBE-WB05N.2.0.0
2025-06-23 10:10:56,762 [WARN] PackLoader:240 - Cannot read IP mode file for STMicroelectronics.X-CUBE-TCPP.4.2.0
2025-06-23 10:10:56,781 [WARN] PackLoader:240 - Cannot read IP mode file for RealThread.X-CUBE-RT-Thread_Nano.4.1.1
2025-06-23 10:10:56,791 [WARN] PackLoader:240 - Cannot read IP mode file for STMicroelectronics.FP-ATR-SIGFOX1.3.2.0
2025-06-23 10:10:56,799 [WARN] ConditionMgr:438 - getConditionDescription Invalid condition id : Cortex-A Device cause : null
2025-06-23 10:10:56,829 [WARN] ConditionMgr:1044 - genDependencies : Invalid condition id : Cortex-A Device cause : null
2025-06-23 10:10:56,833 [WARN] ConditionMgr:1044 - genDependencies : Invalid condition id : Cortex-A Device cause : null
2025-06-23 10:10:56,837 [WARN] ConditionMgr:1044 - genDependencies : Invalid condition id : Cortex-A Device cause : null
2025-06-23 10:10:56,858 [WARN] PackLoader:240 - Cannot read IP mode file for STMicroelectronics.X-CUBE-EEPRMA1.5.1.0
2025-06-23 10:10:56,872 [WARN] PackLoader:240 - Cannot read IP mode file for wolfSSL.I-CUBE-wolfSSL.5.7.6
2025-06-23 10:10:56,878 [WARN] PackLoader:240 - Cannot read IP mode file for ITTIA_DB.I-CUBE-ITTIADB.8.9.0
2025-06-23 10:10:56,889 [WARN] PackLoader:240 - Cannot read IP mode file for STMicroelectronics.X-CUBE-ST67W61.1.0.0
2025-06-23 10:10:56,937 [WARN] PackLoader:240 - Cannot read IP mode file for SEGGER.I-CUBE-embOS.1.3.1
2025-06-23 10:10:56,965 [WARN] PackLoader:240 - Cannot read IP mode file for STMicroelectronics.X-CUBE-ALGOBUILD.1.4.0
2025-06-23 10:10:57,000 [INFO] WebApp:463 - Apply proxy settings
2025-06-23 10:10:57,008 [INFO] WebApp:508 - Chromium authenticates against Manually configured proxy
2025-06-23 10:10:57,025 [WARN] PackLoader:240 - Cannot read IP mode file for STMicroelectronics.X-CUBE-MEMS1.11.3.0
2025-06-23 10:10:57,027 [INFO] WebApp:516 - Username used for proxy authentication: 
2025-06-23 10:10:57,065 [INFO] WebApp:894 - Register for checkConnection events
2025-06-23 10:10:57,065 [INFO] WebApp:463 - Apply proxy settings
2025-06-23 10:10:57,068 [INFO] WebApp:508 - Chromium authenticates against Manually configured proxy
2025-06-23 10:10:57,069 [INFO] WebApp:516 - Username used for proxy authentication: 
2025-06-23 10:10:57,084 [WARN] PackLoader:240 - Cannot read IP mode file for STMicroelectronics.X-CUBE-PM33A1.1.0.0
2025-06-23 10:10:57,115 [WARN] PackLoader:240 - Cannot read IP mode file for STMicroelectronics.X-CUBE-AZRTOS-F4.1.1.0
2025-06-23 10:10:57,129 [WARN] PackLoader:240 - Cannot read IP mode file for Avnet-IotConnect.X-CUBE-IoTC-DA16k-PMOD.1.0.0
2025-06-23 10:10:57,133 [WARN] PackLoader:240 - Cannot read IP mode file for STMicroelectronics.X-CUBE-ISPU.2.1.0
2025-06-23 10:10:57,168 [WARN] PackLoader:240 - Cannot read IP mode file for STMicroelectronics.X-CUBE-AZRTOS-L5.2.0.0
2025-06-23 10:10:57,184 [WARN] PackLoader:240 - Cannot read IP mode file for STMicroelectronics.X-CUBE-NFC6.3.1.0
2025-06-23 10:10:57,202 [WARN] PackLoader:240 - Cannot read IP mode file for STMicroelectronics.X-CUBE-DPower.1.2.0
2025-06-23 10:10:57,211 [WARN] PackLoader:240 - Cannot read IP mode file for STMicroelectronics.X-CUBE-FREERTOS.1.3.1
2025-06-23 10:10:57,218 [WARN] PackLoader:240 - Cannot read IP mode file for STMicroelectronics.X-CUBE-FREERTOS.1.3.0
2025-06-23 10:10:57,223 [WARN] PackLoader:240 - Cannot read IP mode file for STMicroelectronics.X-CUBE-NFC7.1.0.1
2025-06-23 10:10:57,228 [WARN] PackLoader:240 - Cannot read IP mode file for STMicroelectronics.FP-SNS-STAIOTCFT.1.0.0
2025-06-23 10:10:57,236 [WARN] PackLoader:240 - Cannot read IP mode file for STMicroelectronics.X-CUBE-DPower.1.3.0
2025-06-23 10:10:57,237 [INFO] WebApp:225 - Starting web application
2025-06-23 10:10:57,237 [INFO] WebApp:593 - Web application path used /Applications/STM32CubeIDE.app/Contents/Eclipse/plugins/com.st.stm32cube.common.mx_6.14.1.202504091515/db/plugins/mcufinder/reactClient1/index.html
2025-06-23 10:10:57,254 [WARN] ConditionMgr:438 - getConditionDescription Invalid condition id : LAN8742 Phy interface Condition cause : null
2025-06-23 10:10:57,255 [WARN] PackLoader:240 - Cannot read IP mode file for STMicroelectronics.X-CUBE-AZRTOS-L4.2.0.0
2025-06-23 10:10:57,257 [WARN] ConditionMgr:1044 - genDependencies : Invalid condition id : LAN8742 Phy interface Condition cause : null
2025-06-23 10:10:57,258 [WARN] ConditionMgr:1044 - genDependencies : Invalid condition id : LAN8742 Phy interface Condition cause : null
2025-06-23 10:10:57,259 [WARN] ConditionMgr:1044 - genDependencies : Invalid condition id : LAN8742 Phy interface Condition cause : null
2025-06-23 10:10:57,276 [WARN] PackLoader:240 - Cannot read IP mode file for STMicroelectronics.X-CUBE-SFXS2LP1.4.0.0
2025-06-23 10:10:57,433 [WARN] PackLoader:240 - Cannot read IP mode file for STMicroelectronics.X-CUBE-AZRTOS-H7.3.3.0
2025-06-23 10:10:57,716 [INFO] WebApp:191 - Connection restablished
2025-06-23 10:10:57,821 [WARN] ConditionMgr:438 - getConditionDescription Invalid condition id : UX DEVICE CLASS RTOS Condition cause : null
2025-06-23 10:10:57,822 [WARN] ConditionMgr:438 - getConditionDescription Invalid condition id : UX DEVICE CLASS RTOS Condition cause : null
2025-06-23 10:10:57,826 [WARN] PackLoader:240 - Cannot read IP mode file for STMicroelectronics.X-CUBE-AZRTOS-WB.2.0.0
2025-06-23 10:10:57,836 [WARN] ConditionMgr:1044 - genDependencies : Invalid condition id : UX DEVICE CLASS RTOS Condition cause : null
2025-06-23 10:10:57,836 [WARN] ConditionMgr:1044 - genDependencies : Invalid condition id : UX DEVICE CLASS RTOS Condition cause : null
2025-06-23 10:10:57,838 [WARN] ConditionMgr:1044 - genDependencies : Invalid condition id : UX DEVICE CLASS RTOS Condition cause : null
2025-06-23 10:10:57,838 [WARN] ConditionMgr:1044 - genDependencies : Invalid condition id : UX DEVICE CLASS RTOS Condition cause : null
2025-06-23 10:10:57,838 [WARN] ConditionMgr:1044 - genDependencies : Invalid condition id : UX DEVICE CLASS RTOS Condition cause : null
2025-06-23 10:10:57,897 [WARN] PackLoader:240 - Cannot read IP mode file for STMicroelectronics.X-CUBE-GNSS1.7.0.1
2025-06-23 10:10:57,927 [WARN] PackLoader:240 - Cannot read IP mode file for STMicroelectronics.X-CUBE-TOUCHGFX.4.25.0
2025-06-23 10:10:57,938 [WARN] PackLoader:240 - Cannot read IP mode file for STMicroelectronics.FP-SNS-STBOX1.2.0.0
2025-06-23 10:10:57,957 [WARN] PackLoader:240 - Cannot read IP mode file for STMicroelectronics.X-CUBE-SUBG2.5.0.0
2025-06-23 10:10:58,000 [WARN] PackLoader:240 - Cannot read IP mode file for STMicroelectronics.X-CUBE-AZRTOS-H7RS.1.1.0
2025-06-23 10:10:58,015 [WARN] PackLoader:240 - Cannot read IP mode file for Cesanta.I-CUBE-Mongoose.7.13.0
2025-06-23 10:10:58,030 [WARN] PackLoader:240 - Cannot read IP mode file for STMicroelectronics.X-CUBE-AZRTOS-G4.2.0.0
2025-06-23 10:10:58,042 [WARN] PackLoader:240 - Cannot read IP mode file for STMicroelectronics.X-CUBE-NFC7.2.0.0
2025-06-23 10:10:58,057 [WARN] PackLoader:240 - Cannot read IP mode file for STMicroelectronics.X-CUBE-IPS.3.1.0
2025-06-23 10:10:58,070 [WARN] PackLoader:240 - Cannot read IP mode file for STMicroelectronics.X-CUBE-ALS.1.0.2
2025-06-23 10:10:58,075 [WARN] PackLoader:240 - Cannot read IP mode file for STMicroelectronics.X-CUBE-TOUCHGFX.4.24.2
2025-06-23 10:10:58,080 [WARN] PackLoader:240 - Cannot read IP mode file for wolfSSL.I-CUBE-wolfTPM.3.4.0
2025-06-23 10:10:58,084 [WARN] PackLoader:240 - Cannot read IP mode file for portGmbH.I-Cube-SoM-uGOAL.1.1.0
2025-06-23 10:10:58,101 [WARN] PackLoader:240 - Cannot read IP mode file for STMicroelectronics.X-CUBE-AZRTOS-H7RS.1.0.0
2025-06-23 10:10:58,115 [WARN] PackLoader:240 - Cannot read IP mode file for STMicroelectronics.X-CUBE-TOF1.3.4.2
2025-06-23 10:10:58,130 [WARN] PackLoader:240 - Cannot read IP mode file for STMicroelectronics.X-CUBE-TOF1.3.4.3
2025-06-23 10:10:58,144 [WARN] PackLoader:240 - Cannot read IP mode file for wolfSSL.I-CUBE-wolfSSH.1.4.17
2025-06-23 10:10:58,157 [INFO] ThirdParty:978 - Integrity check success = true
2025-06-23 10:10:58,157 [INFO] IntegrityCheckThread:100 - exiting critical section [integrity check]
2025-06-23 10:10:58,157 [INFO] IntegrityCheckThread:103 - End integrity checks thread
2025-06-23 10:10:58,315 [INFO] UserAuth:484 - Internet connection configuration mode: 1
2025-06-23 18:49:56,146 [ERROR] LogOutputStream:75 - [STDERR_REDIRECT] 
