16:37:50 **** Incremental Build of configuration Debug for project stm32f4xx_drivers ****
make -j11 all 
arm-none-eabi-gcc "../Src/009spi_message_rcv_IT.c" -mcpu=cortex-m4 -std=gnu11 -g3 -DDEBUG -DSTM32 -DSTM32F407G_DISC1 -DSTM32F4 -DSTM32F407VGTx -c -I../Inc -I"/Users/mauricewashington/projects/udemy/Embedded-C/My_workspace/target/stm32f4xx_drivers/drivers/inc" -O0 -ffunction-sections -fdata-sections -Wall -fstack-usage -fcyclomatic-complexity -MMD -MP -MF"Src/009spi_message_rcv_IT.d" -MT"Src/009spi_message_rcv_IT.o" --specs=nano.specs -mfpu=fpv4-sp-d16 -mfloat-abi=hard -mthumb -o "Src/009spi_message_rcv_IT.o"
../Src/009spi_message_rcv_IT.c: In function 'main':
../Src/009spi_message_rcv_IT.c:166:62: warning: passing argument 2 of 'SPI_ReceiveDataIT' discards 'volatile' qualifier from pointer target type [-Wdiscarded-qualifiers]
  166 |                         while (SPI_ReceiveDataIT(&SPI2handle,&ReadByte,1) == SPI_BUSY_IN_RX);
      |                                                              ^~~~~~~~~
In file included from /Users/mauricewashington/projects/udemy/Embedded-C/My_workspace/target/stm32f4xx_drivers/drivers/inc/stm32f407xx.h:455,
                 from ../Src/009spi_message_rcv_IT.c:30:
/Users/mauricewashington/projects/udemy/Embedded-C/My_workspace/target/stm32f4xx_drivers/drivers/inc/stm32f407xx_spi_driver.h:139:62: note: expected 'uint8_t *' {aka 'unsigned char *'} but argument is of type 'volatile char *'
  139 | uint8_t SPI_ReceiveDataIT(SPI_Handle_t *pSPIHandle, uint8_t *pRxBuffer, uint32_t Len);
      |                                                     ~~~~~~~~~^~~~~~~~~
arm-none-eabi-gcc -o "stm32f4xx_drivers.elf" @"objects.list"   -mcpu=cortex-m4 -T"/Users/mauricewashington/projects/udemy/Embedded-C/My_workspace/target/stm32f4xx_drivers/STM32F407VGTX_FLASH.ld" --specs=nosys.specs -Wl,-Map="stm32f4xx_drivers.map" -Wl,--gc-sections -static --specs=nano.specs -mfpu=fpv4-sp-d16 -mfloat-abi=hard -mthumb -Wl,--start-group -lc -lm -Wl,--end-group
Finished building target: stm32f4xx_drivers.elf
 
arm-none-eabi-size  stm32f4xx_drivers.elf 
arm-none-eabi-objdump -h -S stm32f4xx_drivers.elf  > "stm32f4xx_drivers.list"
   text	   data	    bss	    dec	    hex	filename
   8784	     92	   2444	  11320	   2c38	stm32f4xx_drivers.elf
Finished building: default.size.stdout
 
Finished building: stm32f4xx_drivers.list
 

16:37:50 Build Finished. 0 errors, 1 warnings. (took 281ms)

